[2025-01-28T06:31:16.082+0000] {local_task_job_runner.py:123} INFO - ::group::Pre task execution logs
[2025-01-28T06:31:16.092+0000] {taskinstance.py:2613} INFO - Dependencies all met for dep_context=non-requeueable deps ti=<TaskInstance: weather_dag.extract_weather_data manual__2025-01-28T06:31:02.684757+00:00 [queued]>
[2025-01-28T06:31:16.098+0000] {taskinstance.py:2613} INFO - Dependencies all met for dep_context=requeueable deps ti=<TaskInstance: weather_dag.extract_weather_data manual__2025-01-28T06:31:02.684757+00:00 [queued]>
[2025-01-28T06:31:16.098+0000] {taskinstance.py:2866} INFO - Starting attempt 1 of 3
[2025-01-28T06:31:16.116+0000] {taskinstance.py:2889} INFO - Executing <Task(HttpOperator): extract_weather_data> on 2025-01-28 06:31:02.684757+00:00
[2025-01-28T06:31:16.119+0000] {standard_task_runner.py:72} INFO - Started process 5732 to run task
[2025-01-28T06:31:16.126+0000] {standard_task_runner.py:104} INFO - Running: ['airflow', 'tasks', 'run', 'weather_dag', 'extract_weather_data', 'manual__2025-01-28T06:31:02.684757+00:00', '--job-id', '26', '--raw', '--subdir', '/home/ubuntu/airflow/dags/weather_dag.py', '--cfg-path', '/tmp/tmpoa50ym44']
[2025-01-28T06:31:16.127+0000] {standard_task_runner.py:105} INFO - Job 26: Subtask extract_weather_data
[2025-01-28T06:31:16.161+0000] {task_command.py:467} INFO - Running <TaskInstance: weather_dag.extract_weather_data manual__2025-01-28T06:31:02.684757+00:00 [running]> on host ip-172-31-38-205.ap-southeast-2.compute.internal
[2025-01-28T06:31:16.379+0000] {taskinstance.py:3132} INFO - Exporting env vars: AIRFLOW_CTX_DAG_EMAIL='trinhminhquan2810@gmail.com' AIRFLOW_CTX_DAG_OWNER='airflow' AIRFLOW_CTX_DAG_ID='weather_dag' AIRFLOW_CTX_TASK_ID='extract_weather_data' AIRFLOW_CTX_EXECUTION_DATE='2025-01-28T06:31:02.684757+00:00' AIRFLOW_CTX_TRY_NUMBER='1' AIRFLOW_CTX_DAG_RUN_ID='manual__2025-01-28T06:31:02.684757+00:00'
[2025-01-28T06:31:16.380+0000] {logging_mixin.py:190} INFO - Task instance is in running state
[2025-01-28T06:31:16.380+0000] {logging_mixin.py:190} INFO -  Previous state of the Task instance: queued
[2025-01-28T06:31:16.381+0000] {logging_mixin.py:190} INFO - Current task name:extract_weather_data state:running start_date:2025-01-28 06:31:16.093132+00:00
[2025-01-28T06:31:16.381+0000] {logging_mixin.py:190} INFO - Dag name:weather_dag and current dag run status:running
[2025-01-28T06:31:16.381+0000] {taskinstance.py:731} INFO - ::endgroup::
[2025-01-28T06:31:16.382+0000] {http.py:175} INFO - Calling HTTP method
[2025-01-28T06:31:16.388+0000] {base.py:84} INFO - Retrieving connection 'weathermap_api'
[2025-01-28T06:31:16.390+0000] {base.py:84} INFO - Retrieving connection 'weathermap_api'
[2025-01-28T06:31:16.582+0000] {http.py:236} INFO - {"coord":{"lon":115.8333,"lat":-31.9333},"weather":[{"id":800,"main":"Clear","description":"clear sky","icon":"01d"}],"base":"stations","main":{"temp":308.92,"feels_like":307.07,"temp_min":308.71,"temp_max":311.4,"pressure":1014,"humidity":20,"sea_level":1014,"grnd_level":1011},"visibility":10000,"wind":{"speed":4.63,"deg":130},"clouds":{"all":0},"dt":1738045870,"sys":{"type":2,"id":63154,"country":"AU","sunrise":1738013871,"sunset":1738063264},"timezone":28800,"id":2063523,"name":"Perth","cod":200}
[2025-01-28T06:31:16.599+0000] {taskinstance.py:340} INFO - ::group::Post task execution logs
[2025-01-28T06:31:16.600+0000] {taskinstance.py:352} INFO - Marking task as SUCCESS. dag_id=weather_dag, task_id=extract_weather_data, run_id=manual__2025-01-28T06:31:02.684757+00:00, execution_date=20250128T063102, start_date=20250128T063116, end_date=20250128T063116
[2025-01-28T06:31:16.612+0000] {logging_mixin.py:190} INFO - Task instance in success state
[2025-01-28T06:31:16.612+0000] {logging_mixin.py:190} INFO -  Previous state of the Task instance: running
[2025-01-28T06:31:16.612+0000] {logging_mixin.py:190} INFO - Dag name:weather_dag queued_at:2025-01-28 06:31:02.698245+00:00
[2025-01-28T06:31:16.612+0000] {logging_mixin.py:190} INFO - Task hostname:ip-172-31-38-205.ap-southeast-2.compute.internal operator:HttpOperator
[2025-01-28T06:31:16.623+0000] {local_task_job_runner.py:266} INFO - Task exited with return code 0
[2025-01-28T06:31:16.637+0000] {taskinstance.py:3895} INFO - 1 downstream tasks scheduled from follow-on schedule check
[2025-01-28T06:31:16.645+0000] {local_task_job_runner.py:245} INFO - ::endgroup::
