[2025-01-28T06:33:24.192+0000] {local_task_job_runner.py:123} INFO - ::group::Pre task execution logs
[2025-01-28T06:33:24.200+0000] {taskinstance.py:2613} INFO - Dependencies all met for dep_context=non-requeueable deps ti=<TaskInstance: weather_dag.transform_load_weather_data manual__2025-01-28T06:31:02.684757+00:00 [queued]>
[2025-01-28T06:33:24.206+0000] {taskinstance.py:2613} INFO - Dependencies all met for dep_context=requeueable deps ti=<TaskInstance: weather_dag.transform_load_weather_data manual__2025-01-28T06:31:02.684757+00:00 [queued]>
[2025-01-28T06:33:24.206+0000] {taskinstance.py:2866} INFO - Starting attempt 2 of 3
[2025-01-28T06:33:24.224+0000] {taskinstance.py:2889} INFO - Executing <Task(PythonOperator): transform_load_weather_data> on 2025-01-28 06:31:02.684757+00:00
[2025-01-28T06:33:24.228+0000] {standard_task_runner.py:72} INFO - Started process 5869 to run task
[2025-01-28T06:33:24.233+0000] {standard_task_runner.py:104} INFO - Running: ['airflow', 'tasks', 'run', 'weather_dag', 'transform_load_weather_data', 'manual__2025-01-28T06:31:02.684757+00:00', '--job-id', '28', '--raw', '--subdir', '/home/ubuntu/airflow/dags/weather_dag.py', '--cfg-path', '/tmp/tmpxcccp7td']
[2025-01-28T06:33:24.235+0000] {standard_task_runner.py:105} INFO - Job 28: Subtask transform_load_weather_data
[2025-01-28T06:33:24.270+0000] {task_command.py:467} INFO - Running <TaskInstance: weather_dag.transform_load_weather_data manual__2025-01-28T06:31:02.684757+00:00 [running]> on host ip-172-31-38-205.ap-southeast-2.compute.internal
[2025-01-28T06:33:24.462+0000] {taskinstance.py:3132} INFO - Exporting env vars: AIRFLOW_CTX_DAG_EMAIL='trinhminhquan2810@gmail.com' AIRFLOW_CTX_DAG_OWNER='airflow' AIRFLOW_CTX_DAG_ID='weather_dag' AIRFLOW_CTX_TASK_ID='transform_load_weather_data' AIRFLOW_CTX_EXECUTION_DATE='2025-01-28T06:31:02.684757+00:00' AIRFLOW_CTX_TRY_NUMBER='2' AIRFLOW_CTX_DAG_RUN_ID='manual__2025-01-28T06:31:02.684757+00:00'
[2025-01-28T06:33:24.463+0000] {logging_mixin.py:190} INFO - Task instance is in running state
[2025-01-28T06:33:24.463+0000] {logging_mixin.py:190} INFO -  Previous state of the Task instance: queued
[2025-01-28T06:33:24.463+0000] {logging_mixin.py:190} INFO - Current task name:transform_load_weather_data state:running start_date:2025-01-28 06:33:24.202030+00:00
[2025-01-28T06:33:24.463+0000] {logging_mixin.py:190} INFO - Dag name:weather_dag and current dag run status:running
[2025-01-28T06:33:24.464+0000] {taskinstance.py:731} INFO - ::endgroup::
[2025-01-28T06:33:24.485+0000] {python.py:240} INFO - Done. Returned value was: None
[2025-01-28T06:33:24.489+0000] {taskinstance.py:340} INFO - ::group::Post task execution logs
[2025-01-28T06:33:24.489+0000] {taskinstance.py:352} INFO - Marking task as SUCCESS. dag_id=weather_dag, task_id=transform_load_weather_data, run_id=manual__2025-01-28T06:31:02.684757+00:00, execution_date=20250128T063102, start_date=20250128T063324, end_date=20250128T063324
[2025-01-28T06:33:24.501+0000] {logging_mixin.py:190} INFO - Task instance in success state
[2025-01-28T06:33:24.502+0000] {logging_mixin.py:190} INFO -  Previous state of the Task instance: running
[2025-01-28T06:33:24.502+0000] {logging_mixin.py:190} INFO - Dag name:weather_dag queued_at:2025-01-28 06:31:02.698245+00:00
[2025-01-28T06:33:24.502+0000] {logging_mixin.py:190} INFO - Task hostname:ip-172-31-38-205.ap-southeast-2.compute.internal operator:PythonOperator
[2025-01-28T06:33:24.530+0000] {local_task_job_runner.py:266} INFO - Task exited with return code 0
[2025-01-28T06:33:24.540+0000] {taskinstance.py:3895} INFO - 0 downstream tasks scheduled from follow-on schedule check
[2025-01-28T06:33:24.541+0000] {local_task_job_runner.py:245} INFO - ::endgroup::
