[2025-01-28T03:39:25.139+0000] {processor.py:186} INFO - Started process (PID=9627) to work on /home/ubuntu/airflow-venv/lib/python3.12/site-packages/airflow/example_dags/example_trigger_controller_dag.py
[2025-01-28T03:39:25.140+0000] {processor.py:914} INFO - Processing file /home/ubuntu/airflow-venv/lib/python3.12/site-packages/airflow/example_dags/example_trigger_controller_dag.py for tasks to queue
[2025-01-28T03:39:25.142+0000] {logging_mixin.py:190} INFO - [2025-01-28T03:39:25.141+0000] {dagbag.py:588} INFO - Filling up the DagBag from /home/ubuntu/airflow-venv/lib/python3.12/site-packages/airflow/example_dags/example_trigger_controller_dag.py
[2025-01-28T03:39:25.148+0000] {processor.py:925} INFO - DAG(s) 'example_trigger_controller_dag' retrieved from /home/ubuntu/airflow-venv/lib/python3.12/site-packages/airflow/example_dags/example_trigger_controller_dag.py
[2025-01-28T03:39:25.260+0000] {logging_mixin.py:190} INFO - [2025-01-28T03:39:25.260+0000] {override.py:1912} INFO - Created Permission View: can read on DAG:example_trigger_controller_dag
[2025-01-28T03:39:25.274+0000] {logging_mixin.py:190} INFO - [2025-01-28T03:39:25.274+0000] {override.py:1912} INFO - Created Permission View: can delete on DAG:example_trigger_controller_dag
[2025-01-28T03:39:25.284+0000] {logging_mixin.py:190} INFO - [2025-01-28T03:39:25.284+0000] {override.py:1912} INFO - Created Permission View: can edit on DAG:example_trigger_controller_dag
[2025-01-28T03:39:25.300+0000] {logging_mixin.py:190} INFO - [2025-01-28T03:39:25.300+0000] {override.py:1912} INFO - Created Permission View: menu access on DAG Run:example_trigger_controller_dag
[2025-01-28T03:39:25.312+0000] {logging_mixin.py:190} INFO - [2025-01-28T03:39:25.312+0000] {override.py:1912} INFO - Created Permission View: can read on DAG Run:example_trigger_controller_dag
[2025-01-28T03:39:25.323+0000] {logging_mixin.py:190} INFO - [2025-01-28T03:39:25.323+0000] {override.py:1912} INFO - Created Permission View: can delete on DAG Run:example_trigger_controller_dag
[2025-01-28T03:39:25.335+0000] {logging_mixin.py:190} INFO - [2025-01-28T03:39:25.334+0000] {override.py:1912} INFO - Created Permission View: can create on DAG Run:example_trigger_controller_dag
[2025-01-28T03:39:25.335+0000] {logging_mixin.py:190} INFO - [2025-01-28T03:39:25.335+0000] {dag.py:3239} INFO - Sync 1 DAGs
[2025-01-28T03:39:25.345+0000] {logging_mixin.py:190} INFO - [2025-01-28T03:39:25.345+0000] {dag.py:3262} INFO - Creating ORM DAG for example_trigger_controller_dag
[2025-01-28T03:39:25.351+0000] {logging_mixin.py:190} INFO - [2025-01-28T03:39:25.351+0000] {dag.py:4180} INFO - Setting next_dagrun for example_trigger_controller_dag to 2021-01-01 00:00:00+00:00, run_after=2021-01-01 00:00:00+00:00
[2025-01-28T03:39:25.374+0000] {processor.py:208} INFO - Processing /home/ubuntu/airflow-venv/lib/python3.12/site-packages/airflow/example_dags/example_trigger_controller_dag.py took 0.240 seconds
[2025-01-28T03:40:33.502+0000] {processor.py:186} INFO - Started process (PID=9688) to work on /home/ubuntu/airflow-venv/lib/python3.12/site-packages/airflow/example_dags/example_trigger_controller_dag.py
[2025-01-28T03:40:33.504+0000] {processor.py:914} INFO - Processing file /home/ubuntu/airflow-venv/lib/python3.12/site-packages/airflow/example_dags/example_trigger_controller_dag.py for tasks to queue
[2025-01-28T03:40:33.505+0000] {logging_mixin.py:190} INFO - [2025-01-28T03:40:33.505+0000] {dagbag.py:588} INFO - Filling up the DagBag from /home/ubuntu/airflow-venv/lib/python3.12/site-packages/airflow/example_dags/example_trigger_controller_dag.py
[2025-01-28T03:40:33.512+0000] {processor.py:925} INFO - DAG(s) 'example_trigger_controller_dag' retrieved from /home/ubuntu/airflow-venv/lib/python3.12/site-packages/airflow/example_dags/example_trigger_controller_dag.py
[2025-01-28T03:40:33.527+0000] {logging_mixin.py:190} INFO - [2025-01-28T03:40:33.527+0000] {dag.py:3239} INFO - Sync 1 DAGs
[2025-01-28T03:40:33.544+0000] {logging_mixin.py:190} INFO - [2025-01-28T03:40:33.544+0000] {dag.py:4180} INFO - Setting next_dagrun for example_trigger_controller_dag to 2021-01-01 00:00:00+00:00, run_after=2021-01-01 00:00:00+00:00
[2025-01-28T03:40:33.566+0000] {processor.py:208} INFO - Processing /home/ubuntu/airflow-venv/lib/python3.12/site-packages/airflow/example_dags/example_trigger_controller_dag.py took 0.069 seconds
[2025-01-28T03:41:28.754+0000] {processor.py:186} INFO - Started process (PID=9745) to work on /home/ubuntu/airflow-venv/lib/python3.12/site-packages/airflow/example_dags/example_trigger_controller_dag.py
[2025-01-28T03:41:28.756+0000] {processor.py:914} INFO - Processing file /home/ubuntu/airflow-venv/lib/python3.12/site-packages/airflow/example_dags/example_trigger_controller_dag.py for tasks to queue
[2025-01-28T03:41:28.757+0000] {logging_mixin.py:190} INFO - [2025-01-28T03:41:28.757+0000] {dagbag.py:588} INFO - Filling up the DagBag from /home/ubuntu/airflow-venv/lib/python3.12/site-packages/airflow/example_dags/example_trigger_controller_dag.py
[2025-01-28T03:41:28.764+0000] {processor.py:925} INFO - DAG(s) 'example_trigger_controller_dag' retrieved from /home/ubuntu/airflow-venv/lib/python3.12/site-packages/airflow/example_dags/example_trigger_controller_dag.py
[2025-01-28T03:41:28.779+0000] {logging_mixin.py:190} INFO - [2025-01-28T03:41:28.778+0000] {dag.py:3239} INFO - Sync 1 DAGs
[2025-01-28T03:41:28.797+0000] {logging_mixin.py:190} INFO - [2025-01-28T03:41:28.797+0000] {dag.py:4180} INFO - Setting next_dagrun for example_trigger_controller_dag to 2021-01-01 00:00:00+00:00, run_after=2021-01-01 00:00:00+00:00
[2025-01-28T03:41:28.820+0000] {processor.py:208} INFO - Processing /home/ubuntu/airflow-venv/lib/python3.12/site-packages/airflow/example_dags/example_trigger_controller_dag.py took 0.071 seconds
[2025-01-28T03:43:12.789+0000] {processor.py:186} INFO - Started process (PID=9789) to work on /home/ubuntu/airflow-venv/lib/python3.12/site-packages/airflow/example_dags/example_trigger_controller_dag.py
[2025-01-28T03:43:12.791+0000] {processor.py:914} INFO - Processing file /home/ubuntu/airflow-venv/lib/python3.12/site-packages/airflow/example_dags/example_trigger_controller_dag.py for tasks to queue
[2025-01-28T03:43:12.792+0000] {logging_mixin.py:190} INFO - [2025-01-28T03:43:12.792+0000] {dagbag.py:588} INFO - Filling up the DagBag from /home/ubuntu/airflow-venv/lib/python3.12/site-packages/airflow/example_dags/example_trigger_controller_dag.py
[2025-01-28T03:43:12.801+0000] {processor.py:925} INFO - DAG(s) 'example_trigger_controller_dag' retrieved from /home/ubuntu/airflow-venv/lib/python3.12/site-packages/airflow/example_dags/example_trigger_controller_dag.py
[2025-01-28T03:43:12.817+0000] {logging_mixin.py:190} INFO - [2025-01-28T03:43:12.817+0000] {dag.py:3239} INFO - Sync 1 DAGs
[2025-01-28T03:43:12.833+0000] {logging_mixin.py:190} INFO - [2025-01-28T03:43:12.833+0000] {dag.py:4180} INFO - Setting next_dagrun for example_trigger_controller_dag to 2021-01-01 00:00:00+00:00, run_after=2021-01-01 00:00:00+00:00
[2025-01-28T03:43:12.855+0000] {processor.py:208} INFO - Processing /home/ubuntu/airflow-venv/lib/python3.12/site-packages/airflow/example_dags/example_trigger_controller_dag.py took 0.070 seconds
[2025-01-28T03:44:07.357+0000] {processor.py:186} INFO - Started process (PID=9847) to work on /home/ubuntu/airflow-venv/lib/python3.12/site-packages/airflow/example_dags/example_trigger_controller_dag.py
[2025-01-28T03:44:07.358+0000] {processor.py:914} INFO - Processing file /home/ubuntu/airflow-venv/lib/python3.12/site-packages/airflow/example_dags/example_trigger_controller_dag.py for tasks to queue
[2025-01-28T03:44:07.360+0000] {logging_mixin.py:190} INFO - [2025-01-28T03:44:07.359+0000] {dagbag.py:588} INFO - Filling up the DagBag from /home/ubuntu/airflow-venv/lib/python3.12/site-packages/airflow/example_dags/example_trigger_controller_dag.py
[2025-01-28T03:44:07.367+0000] {processor.py:925} INFO - DAG(s) 'example_trigger_controller_dag' retrieved from /home/ubuntu/airflow-venv/lib/python3.12/site-packages/airflow/example_dags/example_trigger_controller_dag.py
[2025-01-28T03:44:07.381+0000] {logging_mixin.py:190} INFO - [2025-01-28T03:44:07.381+0000] {dag.py:3239} INFO - Sync 1 DAGs
[2025-01-28T03:44:07.399+0000] {logging_mixin.py:190} INFO - [2025-01-28T03:44:07.399+0000] {dag.py:4180} INFO - Setting next_dagrun for example_trigger_controller_dag to 2021-01-01 00:00:00+00:00, run_after=2021-01-01 00:00:00+00:00
[2025-01-28T03:44:07.421+0000] {processor.py:208} INFO - Processing /home/ubuntu/airflow-venv/lib/python3.12/site-packages/airflow/example_dags/example_trigger_controller_dag.py took 0.069 seconds
[2025-01-28T03:45:00.254+0000] {processor.py:186} INFO - Started process (PID=9902) to work on /home/ubuntu/airflow-venv/lib/python3.12/site-packages/airflow/example_dags/example_trigger_controller_dag.py
[2025-01-28T03:45:00.255+0000] {processor.py:914} INFO - Processing file /home/ubuntu/airflow-venv/lib/python3.12/site-packages/airflow/example_dags/example_trigger_controller_dag.py for tasks to queue
[2025-01-28T03:45:00.257+0000] {logging_mixin.py:190} INFO - [2025-01-28T03:45:00.257+0000] {dagbag.py:588} INFO - Filling up the DagBag from /home/ubuntu/airflow-venv/lib/python3.12/site-packages/airflow/example_dags/example_trigger_controller_dag.py
[2025-01-28T03:45:00.264+0000] {processor.py:925} INFO - DAG(s) 'example_trigger_controller_dag' retrieved from /home/ubuntu/airflow-venv/lib/python3.12/site-packages/airflow/example_dags/example_trigger_controller_dag.py
[2025-01-28T03:45:00.279+0000] {logging_mixin.py:190} INFO - [2025-01-28T03:45:00.279+0000] {dag.py:3239} INFO - Sync 1 DAGs
[2025-01-28T03:45:00.297+0000] {logging_mixin.py:190} INFO - [2025-01-28T03:45:00.296+0000] {dag.py:4180} INFO - Setting next_dagrun for example_trigger_controller_dag to 2021-01-01 00:00:00+00:00, run_after=2021-01-01 00:00:00+00:00
[2025-01-28T03:45:00.319+0000] {processor.py:208} INFO - Processing /home/ubuntu/airflow-venv/lib/python3.12/site-packages/airflow/example_dags/example_trigger_controller_dag.py took 0.070 seconds
[2025-01-28T03:45:50.766+0000] {processor.py:186} INFO - Started process (PID=9958) to work on /home/ubuntu/airflow-venv/lib/python3.12/site-packages/airflow/example_dags/example_trigger_controller_dag.py
[2025-01-28T03:45:50.768+0000] {processor.py:914} INFO - Processing file /home/ubuntu/airflow-venv/lib/python3.12/site-packages/airflow/example_dags/example_trigger_controller_dag.py for tasks to queue
[2025-01-28T03:45:50.770+0000] {logging_mixin.py:190} INFO - [2025-01-28T03:45:50.770+0000] {dagbag.py:588} INFO - Filling up the DagBag from /home/ubuntu/airflow-venv/lib/python3.12/site-packages/airflow/example_dags/example_trigger_controller_dag.py
[2025-01-28T03:45:50.777+0000] {processor.py:925} INFO - DAG(s) 'example_trigger_controller_dag' retrieved from /home/ubuntu/airflow-venv/lib/python3.12/site-packages/airflow/example_dags/example_trigger_controller_dag.py
[2025-01-28T03:45:50.791+0000] {logging_mixin.py:190} INFO - [2025-01-28T03:45:50.791+0000] {dag.py:3239} INFO - Sync 1 DAGs
[2025-01-28T03:45:50.808+0000] {logging_mixin.py:190} INFO - [2025-01-28T03:45:50.808+0000] {dag.py:4180} INFO - Setting next_dagrun for example_trigger_controller_dag to 2021-01-01 00:00:00+00:00, run_after=2021-01-01 00:00:00+00:00
[2025-01-28T03:45:50.832+0000] {processor.py:208} INFO - Processing /home/ubuntu/airflow-venv/lib/python3.12/site-packages/airflow/example_dags/example_trigger_controller_dag.py took 0.071 seconds
[2025-01-28T03:46:44.518+0000] {processor.py:186} INFO - Started process (PID=10012) to work on /home/ubuntu/airflow-venv/lib/python3.12/site-packages/airflow/example_dags/example_trigger_controller_dag.py
[2025-01-28T03:46:44.520+0000] {processor.py:914} INFO - Processing file /home/ubuntu/airflow-venv/lib/python3.12/site-packages/airflow/example_dags/example_trigger_controller_dag.py for tasks to queue
[2025-01-28T03:46:44.522+0000] {logging_mixin.py:190} INFO - [2025-01-28T03:46:44.521+0000] {dagbag.py:588} INFO - Filling up the DagBag from /home/ubuntu/airflow-venv/lib/python3.12/site-packages/airflow/example_dags/example_trigger_controller_dag.py
[2025-01-28T03:46:44.529+0000] {processor.py:925} INFO - DAG(s) 'example_trigger_controller_dag' retrieved from /home/ubuntu/airflow-venv/lib/python3.12/site-packages/airflow/example_dags/example_trigger_controller_dag.py
[2025-01-28T03:46:44.543+0000] {logging_mixin.py:190} INFO - [2025-01-28T03:46:44.543+0000] {dag.py:3239} INFO - Sync 1 DAGs
[2025-01-28T03:46:44.560+0000] {logging_mixin.py:190} INFO - [2025-01-28T03:46:44.560+0000] {dag.py:4180} INFO - Setting next_dagrun for example_trigger_controller_dag to 2021-01-01 00:00:00+00:00, run_after=2021-01-01 00:00:00+00:00
[2025-01-28T03:46:44.581+0000] {processor.py:208} INFO - Processing /home/ubuntu/airflow-venv/lib/python3.12/site-packages/airflow/example_dags/example_trigger_controller_dag.py took 0.068 seconds
[2025-01-28T03:47:37.054+0000] {processor.py:186} INFO - Started process (PID=10067) to work on /home/ubuntu/airflow-venv/lib/python3.12/site-packages/airflow/example_dags/example_trigger_controller_dag.py
[2025-01-28T03:47:37.056+0000] {processor.py:914} INFO - Processing file /home/ubuntu/airflow-venv/lib/python3.12/site-packages/airflow/example_dags/example_trigger_controller_dag.py for tasks to queue
[2025-01-28T03:47:37.058+0000] {logging_mixin.py:190} INFO - [2025-01-28T03:47:37.058+0000] {dagbag.py:588} INFO - Filling up the DagBag from /home/ubuntu/airflow-venv/lib/python3.12/site-packages/airflow/example_dags/example_trigger_controller_dag.py
[2025-01-28T03:47:37.065+0000] {processor.py:925} INFO - DAG(s) 'example_trigger_controller_dag' retrieved from /home/ubuntu/airflow-venv/lib/python3.12/site-packages/airflow/example_dags/example_trigger_controller_dag.py
[2025-01-28T03:47:37.079+0000] {logging_mixin.py:190} INFO - [2025-01-28T03:47:37.078+0000] {dag.py:3239} INFO - Sync 1 DAGs
[2025-01-28T03:47:37.096+0000] {logging_mixin.py:190} INFO - [2025-01-28T03:47:37.096+0000] {dag.py:4180} INFO - Setting next_dagrun for example_trigger_controller_dag to 2021-01-01 00:00:00+00:00, run_after=2021-01-01 00:00:00+00:00
[2025-01-28T03:47:37.118+0000] {processor.py:208} INFO - Processing /home/ubuntu/airflow-venv/lib/python3.12/site-packages/airflow/example_dags/example_trigger_controller_dag.py took 0.069 seconds
[2025-01-28T03:48:27.316+0000] {processor.py:186} INFO - Started process (PID=10119) to work on /home/ubuntu/airflow-venv/lib/python3.12/site-packages/airflow/example_dags/example_trigger_controller_dag.py
[2025-01-28T03:48:27.318+0000] {processor.py:914} INFO - Processing file /home/ubuntu/airflow-venv/lib/python3.12/site-packages/airflow/example_dags/example_trigger_controller_dag.py for tasks to queue
[2025-01-28T03:48:27.320+0000] {logging_mixin.py:190} INFO - [2025-01-28T03:48:27.320+0000] {dagbag.py:588} INFO - Filling up the DagBag from /home/ubuntu/airflow-venv/lib/python3.12/site-packages/airflow/example_dags/example_trigger_controller_dag.py
[2025-01-28T03:48:27.327+0000] {processor.py:925} INFO - DAG(s) 'example_trigger_controller_dag' retrieved from /home/ubuntu/airflow-venv/lib/python3.12/site-packages/airflow/example_dags/example_trigger_controller_dag.py
[2025-01-28T03:48:27.342+0000] {logging_mixin.py:190} INFO - [2025-01-28T03:48:27.342+0000] {dag.py:3239} INFO - Sync 1 DAGs
[2025-01-28T03:48:27.359+0000] {logging_mixin.py:190} INFO - [2025-01-28T03:48:27.359+0000] {dag.py:4180} INFO - Setting next_dagrun for example_trigger_controller_dag to 2021-01-01 00:00:00+00:00, run_after=2021-01-01 00:00:00+00:00
[2025-01-28T03:48:27.383+0000] {processor.py:208} INFO - Processing /home/ubuntu/airflow-venv/lib/python3.12/site-packages/airflow/example_dags/example_trigger_controller_dag.py took 0.072 seconds
[2025-01-28T03:49:14.040+0000] {processor.py:186} INFO - Started process (PID=10170) to work on /home/ubuntu/airflow-venv/lib/python3.12/site-packages/airflow/example_dags/example_trigger_controller_dag.py
[2025-01-28T03:49:14.042+0000] {processor.py:914} INFO - Processing file /home/ubuntu/airflow-venv/lib/python3.12/site-packages/airflow/example_dags/example_trigger_controller_dag.py for tasks to queue
[2025-01-28T03:49:14.044+0000] {logging_mixin.py:190} INFO - [2025-01-28T03:49:14.044+0000] {dagbag.py:588} INFO - Filling up the DagBag from /home/ubuntu/airflow-venv/lib/python3.12/site-packages/airflow/example_dags/example_trigger_controller_dag.py
[2025-01-28T03:49:14.050+0000] {processor.py:925} INFO - DAG(s) 'example_trigger_controller_dag' retrieved from /home/ubuntu/airflow-venv/lib/python3.12/site-packages/airflow/example_dags/example_trigger_controller_dag.py
[2025-01-28T03:49:14.066+0000] {logging_mixin.py:190} INFO - [2025-01-28T03:49:14.066+0000] {dag.py:3239} INFO - Sync 1 DAGs
[2025-01-28T03:49:14.083+0000] {logging_mixin.py:190} INFO - [2025-01-28T03:49:14.083+0000] {dag.py:4180} INFO - Setting next_dagrun for example_trigger_controller_dag to 2021-01-01 00:00:00+00:00, run_after=2021-01-01 00:00:00+00:00
[2025-01-28T03:49:14.106+0000] {processor.py:208} INFO - Processing /home/ubuntu/airflow-venv/lib/python3.12/site-packages/airflow/example_dags/example_trigger_controller_dag.py took 0.071 seconds
[2025-01-28T05:54:59.025+0000] {processor.py:186} INFO - Started process (PID=1888) to work on /home/ubuntu/.local/lib/python3.12/site-packages/airflow/example_dags/example_trigger_controller_dag.py
[2025-01-28T05:54:59.028+0000] {processor.py:914} INFO - Processing file /home/ubuntu/.local/lib/python3.12/site-packages/airflow/example_dags/example_trigger_controller_dag.py for tasks to queue
[2025-01-28T05:54:59.029+0000] {logging_mixin.py:190} INFO - [2025-01-28T05:54:59.029+0000] {dagbag.py:588} INFO - Filling up the DagBag from /home/ubuntu/.local/lib/python3.12/site-packages/airflow/example_dags/example_trigger_controller_dag.py
[2025-01-28T05:54:59.039+0000] {processor.py:925} INFO - DAG(s) 'example_trigger_controller_dag' retrieved from /home/ubuntu/.local/lib/python3.12/site-packages/airflow/example_dags/example_trigger_controller_dag.py
[2025-01-28T05:54:59.130+0000] {logging_mixin.py:190} INFO - [2025-01-28T05:54:59.130+0000] {dag.py:3239} INFO - Sync 1 DAGs
[2025-01-28T05:54:59.152+0000] {logging_mixin.py:190} INFO - [2025-01-28T05:54:59.152+0000] {dag.py:4180} INFO - Setting next_dagrun for example_trigger_controller_dag to 2021-01-01 00:00:00+00:00, run_after=2021-01-01 00:00:00+00:00
[2025-01-28T05:54:59.184+0000] {processor.py:208} INFO - Processing /home/ubuntu/.local/lib/python3.12/site-packages/airflow/example_dags/example_trigger_controller_dag.py took 0.165 seconds
[2025-01-28T05:55:58.999+0000] {processor.py:186} INFO - Started process (PID=1951) to work on /home/ubuntu/.local/lib/python3.12/site-packages/airflow/example_dags/example_trigger_controller_dag.py
[2025-01-28T05:55:59.001+0000] {processor.py:914} INFO - Processing file /home/ubuntu/.local/lib/python3.12/site-packages/airflow/example_dags/example_trigger_controller_dag.py for tasks to queue
[2025-01-28T05:55:59.004+0000] {logging_mixin.py:190} INFO - [2025-01-28T05:55:59.003+0000] {dagbag.py:588} INFO - Filling up the DagBag from /home/ubuntu/.local/lib/python3.12/site-packages/airflow/example_dags/example_trigger_controller_dag.py
[2025-01-28T05:55:59.011+0000] {processor.py:925} INFO - DAG(s) 'example_trigger_controller_dag' retrieved from /home/ubuntu/.local/lib/python3.12/site-packages/airflow/example_dags/example_trigger_controller_dag.py
[2025-01-28T05:55:59.026+0000] {logging_mixin.py:190} INFO - [2025-01-28T05:55:59.026+0000] {dag.py:3239} INFO - Sync 1 DAGs
[2025-01-28T05:55:59.043+0000] {logging_mixin.py:190} INFO - [2025-01-28T05:55:59.042+0000] {dag.py:4180} INFO - Setting next_dagrun for example_trigger_controller_dag to 2021-01-01 00:00:00+00:00, run_after=2021-01-01 00:00:00+00:00
[2025-01-28T05:55:59.066+0000] {processor.py:208} INFO - Processing /home/ubuntu/.local/lib/python3.12/site-packages/airflow/example_dags/example_trigger_controller_dag.py took 0.073 seconds
[2025-01-28T05:56:55.536+0000] {processor.py:186} INFO - Started process (PID=2027) to work on /home/ubuntu/.local/lib/python3.12/site-packages/airflow/example_dags/example_trigger_controller_dag.py
[2025-01-28T05:56:55.538+0000] {processor.py:914} INFO - Processing file /home/ubuntu/.local/lib/python3.12/site-packages/airflow/example_dags/example_trigger_controller_dag.py for tasks to queue
[2025-01-28T05:56:55.540+0000] {logging_mixin.py:190} INFO - [2025-01-28T05:56:55.540+0000] {dagbag.py:588} INFO - Filling up the DagBag from /home/ubuntu/.local/lib/python3.12/site-packages/airflow/example_dags/example_trigger_controller_dag.py
[2025-01-28T05:56:55.548+0000] {processor.py:925} INFO - DAG(s) 'example_trigger_controller_dag' retrieved from /home/ubuntu/.local/lib/python3.12/site-packages/airflow/example_dags/example_trigger_controller_dag.py
[2025-01-28T05:56:55.561+0000] {logging_mixin.py:190} INFO - [2025-01-28T05:56:55.561+0000] {dag.py:3239} INFO - Sync 1 DAGs
[2025-01-28T05:56:55.581+0000] {logging_mixin.py:190} INFO - [2025-01-28T05:56:55.581+0000] {dag.py:4180} INFO - Setting next_dagrun for example_trigger_controller_dag to 2021-01-01 00:00:00+00:00, run_after=2021-01-01 00:00:00+00:00
[2025-01-28T05:56:55.607+0000] {processor.py:208} INFO - Processing /home/ubuntu/.local/lib/python3.12/site-packages/airflow/example_dags/example_trigger_controller_dag.py took 0.075 seconds
[2025-01-28T05:57:50.965+0000] {processor.py:186} INFO - Started process (PID=2098) to work on /home/ubuntu/.local/lib/python3.12/site-packages/airflow/example_dags/example_trigger_controller_dag.py
[2025-01-28T05:57:50.967+0000] {processor.py:914} INFO - Processing file /home/ubuntu/.local/lib/python3.12/site-packages/airflow/example_dags/example_trigger_controller_dag.py for tasks to queue
[2025-01-28T05:57:50.968+0000] {logging_mixin.py:190} INFO - [2025-01-28T05:57:50.968+0000] {dagbag.py:588} INFO - Filling up the DagBag from /home/ubuntu/.local/lib/python3.12/site-packages/airflow/example_dags/example_trigger_controller_dag.py
[2025-01-28T05:57:50.976+0000] {processor.py:925} INFO - DAG(s) 'example_trigger_controller_dag' retrieved from /home/ubuntu/.local/lib/python3.12/site-packages/airflow/example_dags/example_trigger_controller_dag.py
[2025-01-28T05:57:50.990+0000] {logging_mixin.py:190} INFO - [2025-01-28T05:57:50.990+0000] {dag.py:3239} INFO - Sync 1 DAGs
[2025-01-28T05:57:51.014+0000] {logging_mixin.py:190} INFO - [2025-01-28T05:57:51.013+0000] {dag.py:4180} INFO - Setting next_dagrun for example_trigger_controller_dag to 2021-01-01 00:00:00+00:00, run_after=2021-01-01 00:00:00+00:00
[2025-01-28T05:57:51.037+0000] {processor.py:208} INFO - Processing /home/ubuntu/.local/lib/python3.12/site-packages/airflow/example_dags/example_trigger_controller_dag.py took 0.077 seconds
[2025-01-28T05:58:47.615+0000] {processor.py:186} INFO - Started process (PID=2155) to work on /home/ubuntu/.local/lib/python3.12/site-packages/airflow/example_dags/example_trigger_controller_dag.py
[2025-01-28T05:58:47.616+0000] {processor.py:914} INFO - Processing file /home/ubuntu/.local/lib/python3.12/site-packages/airflow/example_dags/example_trigger_controller_dag.py for tasks to queue
[2025-01-28T05:58:47.619+0000] {logging_mixin.py:190} INFO - [2025-01-28T05:58:47.618+0000] {dagbag.py:588} INFO - Filling up the DagBag from /home/ubuntu/.local/lib/python3.12/site-packages/airflow/example_dags/example_trigger_controller_dag.py
[2025-01-28T05:58:47.626+0000] {processor.py:925} INFO - DAG(s) 'example_trigger_controller_dag' retrieved from /home/ubuntu/.local/lib/python3.12/site-packages/airflow/example_dags/example_trigger_controller_dag.py
[2025-01-28T05:58:47.641+0000] {logging_mixin.py:190} INFO - [2025-01-28T05:58:47.640+0000] {dag.py:3239} INFO - Sync 1 DAGs
[2025-01-28T05:58:47.658+0000] {logging_mixin.py:190} INFO - [2025-01-28T05:58:47.658+0000] {dag.py:4180} INFO - Setting next_dagrun for example_trigger_controller_dag to 2021-01-01 00:00:00+00:00, run_after=2021-01-01 00:00:00+00:00
[2025-01-28T05:58:47.681+0000] {processor.py:208} INFO - Processing /home/ubuntu/.local/lib/python3.12/site-packages/airflow/example_dags/example_trigger_controller_dag.py took 0.071 seconds
[2025-01-28T05:59:42.522+0000] {processor.py:186} INFO - Started process (PID=2212) to work on /home/ubuntu/.local/lib/python3.12/site-packages/airflow/example_dags/example_trigger_controller_dag.py
[2025-01-28T05:59:42.524+0000] {processor.py:914} INFO - Processing file /home/ubuntu/.local/lib/python3.12/site-packages/airflow/example_dags/example_trigger_controller_dag.py for tasks to queue
[2025-01-28T05:59:42.527+0000] {logging_mixin.py:190} INFO - [2025-01-28T05:59:42.527+0000] {dagbag.py:588} INFO - Filling up the DagBag from /home/ubuntu/.local/lib/python3.12/site-packages/airflow/example_dags/example_trigger_controller_dag.py
[2025-01-28T05:59:42.533+0000] {processor.py:925} INFO - DAG(s) 'example_trigger_controller_dag' retrieved from /home/ubuntu/.local/lib/python3.12/site-packages/airflow/example_dags/example_trigger_controller_dag.py
[2025-01-28T05:59:42.548+0000] {logging_mixin.py:190} INFO - [2025-01-28T05:59:42.548+0000] {dag.py:3239} INFO - Sync 1 DAGs
[2025-01-28T05:59:42.566+0000] {logging_mixin.py:190} INFO - [2025-01-28T05:59:42.565+0000] {dag.py:4180} INFO - Setting next_dagrun for example_trigger_controller_dag to 2021-01-01 00:00:00+00:00, run_after=2021-01-01 00:00:00+00:00
[2025-01-28T05:59:42.587+0000] {processor.py:208} INFO - Processing /home/ubuntu/.local/lib/python3.12/site-packages/airflow/example_dags/example_trigger_controller_dag.py took 0.070 seconds
[2025-01-28T06:00:35.342+0000] {processor.py:186} INFO - Started process (PID=2269) to work on /home/ubuntu/.local/lib/python3.12/site-packages/airflow/example_dags/example_trigger_controller_dag.py
[2025-01-28T06:00:35.343+0000] {processor.py:914} INFO - Processing file /home/ubuntu/.local/lib/python3.12/site-packages/airflow/example_dags/example_trigger_controller_dag.py for tasks to queue
[2025-01-28T06:00:35.346+0000] {logging_mixin.py:190} INFO - [2025-01-28T06:00:35.345+0000] {dagbag.py:588} INFO - Filling up the DagBag from /home/ubuntu/.local/lib/python3.12/site-packages/airflow/example_dags/example_trigger_controller_dag.py
[2025-01-28T06:00:35.352+0000] {processor.py:925} INFO - DAG(s) 'example_trigger_controller_dag' retrieved from /home/ubuntu/.local/lib/python3.12/site-packages/airflow/example_dags/example_trigger_controller_dag.py
[2025-01-28T06:00:35.367+0000] {logging_mixin.py:190} INFO - [2025-01-28T06:00:35.367+0000] {dag.py:3239} INFO - Sync 1 DAGs
[2025-01-28T06:00:35.384+0000] {logging_mixin.py:190} INFO - [2025-01-28T06:00:35.383+0000] {dag.py:4180} INFO - Setting next_dagrun for example_trigger_controller_dag to 2021-01-01 00:00:00+00:00, run_after=2021-01-01 00:00:00+00:00
[2025-01-28T06:00:35.406+0000] {processor.py:208} INFO - Processing /home/ubuntu/.local/lib/python3.12/site-packages/airflow/example_dags/example_trigger_controller_dag.py took 0.068 seconds
[2025-01-28T06:01:24.488+0000] {processor.py:186} INFO - Started process (PID=2321) to work on /home/ubuntu/.local/lib/python3.12/site-packages/airflow/example_dags/example_trigger_controller_dag.py
[2025-01-28T06:01:24.490+0000] {processor.py:914} INFO - Processing file /home/ubuntu/.local/lib/python3.12/site-packages/airflow/example_dags/example_trigger_controller_dag.py for tasks to queue
[2025-01-28T06:01:24.491+0000] {logging_mixin.py:190} INFO - [2025-01-28T06:01:24.491+0000] {dagbag.py:588} INFO - Filling up the DagBag from /home/ubuntu/.local/lib/python3.12/site-packages/airflow/example_dags/example_trigger_controller_dag.py
[2025-01-28T06:01:24.498+0000] {processor.py:925} INFO - DAG(s) 'example_trigger_controller_dag' retrieved from /home/ubuntu/.local/lib/python3.12/site-packages/airflow/example_dags/example_trigger_controller_dag.py
[2025-01-28T06:01:24.512+0000] {logging_mixin.py:190} INFO - [2025-01-28T06:01:24.512+0000] {dag.py:3239} INFO - Sync 1 DAGs
[2025-01-28T06:01:24.530+0000] {logging_mixin.py:190} INFO - [2025-01-28T06:01:24.530+0000] {dag.py:4180} INFO - Setting next_dagrun for example_trigger_controller_dag to 2021-01-01 00:00:00+00:00, run_after=2021-01-01 00:00:00+00:00
[2025-01-28T06:01:24.552+0000] {processor.py:208} INFO - Processing /home/ubuntu/.local/lib/python3.12/site-packages/airflow/example_dags/example_trigger_controller_dag.py took 0.069 seconds
[2025-01-28T06:02:12.186+0000] {processor.py:186} INFO - Started process (PID=2377) to work on /home/ubuntu/.local/lib/python3.12/site-packages/airflow/example_dags/example_trigger_controller_dag.py
[2025-01-28T06:02:12.188+0000] {processor.py:914} INFO - Processing file /home/ubuntu/.local/lib/python3.12/site-packages/airflow/example_dags/example_trigger_controller_dag.py for tasks to queue
[2025-01-28T06:02:12.190+0000] {logging_mixin.py:190} INFO - [2025-01-28T06:02:12.190+0000] {dagbag.py:588} INFO - Filling up the DagBag from /home/ubuntu/.local/lib/python3.12/site-packages/airflow/example_dags/example_trigger_controller_dag.py
[2025-01-28T06:02:12.197+0000] {processor.py:925} INFO - DAG(s) 'example_trigger_controller_dag' retrieved from /home/ubuntu/.local/lib/python3.12/site-packages/airflow/example_dags/example_trigger_controller_dag.py
[2025-01-28T06:02:12.212+0000] {logging_mixin.py:190} INFO - [2025-01-28T06:02:12.212+0000] {dag.py:3239} INFO - Sync 1 DAGs
[2025-01-28T06:02:12.230+0000] {logging_mixin.py:190} INFO - [2025-01-28T06:02:12.229+0000] {dag.py:4180} INFO - Setting next_dagrun for example_trigger_controller_dag to 2021-01-01 00:00:00+00:00, run_after=2021-01-01 00:00:00+00:00
[2025-01-28T06:02:12.251+0000] {processor.py:208} INFO - Processing /home/ubuntu/.local/lib/python3.12/site-packages/airflow/example_dags/example_trigger_controller_dag.py took 0.070 seconds
[2025-01-28T06:03:03.526+0000] {processor.py:186} INFO - Started process (PID=2442) to work on /home/ubuntu/.local/lib/python3.12/site-packages/airflow/example_dags/example_trigger_controller_dag.py
[2025-01-28T06:03:03.527+0000] {processor.py:914} INFO - Processing file /home/ubuntu/.local/lib/python3.12/site-packages/airflow/example_dags/example_trigger_controller_dag.py for tasks to queue
[2025-01-28T06:03:03.529+0000] {logging_mixin.py:190} INFO - [2025-01-28T06:03:03.529+0000] {dagbag.py:588} INFO - Filling up the DagBag from /home/ubuntu/.local/lib/python3.12/site-packages/airflow/example_dags/example_trigger_controller_dag.py
[2025-01-28T06:03:03.536+0000] {processor.py:925} INFO - DAG(s) 'example_trigger_controller_dag' retrieved from /home/ubuntu/.local/lib/python3.12/site-packages/airflow/example_dags/example_trigger_controller_dag.py
[2025-01-28T06:03:03.552+0000] {logging_mixin.py:190} INFO - [2025-01-28T06:03:03.551+0000] {dag.py:3239} INFO - Sync 1 DAGs
[2025-01-28T06:03:03.569+0000] {logging_mixin.py:190} INFO - [2025-01-28T06:03:03.569+0000] {dag.py:4180} INFO - Setting next_dagrun for example_trigger_controller_dag to 2021-01-01 00:00:00+00:00, run_after=2021-01-01 00:00:00+00:00
[2025-01-28T06:03:03.590+0000] {processor.py:208} INFO - Processing /home/ubuntu/.local/lib/python3.12/site-packages/airflow/example_dags/example_trigger_controller_dag.py took 0.070 seconds
[2025-01-28T06:04:18.769+0000] {processor.py:186} INFO - Started process (PID=2523) to work on /home/ubuntu/.local/lib/python3.12/site-packages/airflow/example_dags/example_trigger_controller_dag.py
[2025-01-28T06:04:18.770+0000] {processor.py:914} INFO - Processing file /home/ubuntu/.local/lib/python3.12/site-packages/airflow/example_dags/example_trigger_controller_dag.py for tasks to queue
[2025-01-28T06:04:18.773+0000] {logging_mixin.py:190} INFO - [2025-01-28T06:04:18.772+0000] {dagbag.py:588} INFO - Filling up the DagBag from /home/ubuntu/.local/lib/python3.12/site-packages/airflow/example_dags/example_trigger_controller_dag.py
[2025-01-28T06:04:18.779+0000] {processor.py:925} INFO - DAG(s) 'example_trigger_controller_dag' retrieved from /home/ubuntu/.local/lib/python3.12/site-packages/airflow/example_dags/example_trigger_controller_dag.py
[2025-01-28T06:04:18.796+0000] {logging_mixin.py:190} INFO - [2025-01-28T06:04:18.796+0000] {dag.py:3239} INFO - Sync 1 DAGs
[2025-01-28T06:04:18.813+0000] {logging_mixin.py:190} INFO - [2025-01-28T06:04:18.812+0000] {dag.py:4180} INFO - Setting next_dagrun for example_trigger_controller_dag to 2021-01-01 00:00:00+00:00, run_after=2021-01-01 00:00:00+00:00
[2025-01-28T06:04:18.837+0000] {processor.py:208} INFO - Processing /home/ubuntu/.local/lib/python3.12/site-packages/airflow/example_dags/example_trigger_controller_dag.py took 0.074 seconds
[2025-01-28T06:05:00.638+0000] {processor.py:186} INFO - Started process (PID=2566) to work on /home/ubuntu/.local/lib/python3.12/site-packages/airflow/example_dags/example_trigger_controller_dag.py
[2025-01-28T06:05:00.639+0000] {processor.py:914} INFO - Processing file /home/ubuntu/.local/lib/python3.12/site-packages/airflow/example_dags/example_trigger_controller_dag.py for tasks to queue
[2025-01-28T06:05:00.641+0000] {logging_mixin.py:190} INFO - [2025-01-28T06:05:00.640+0000] {dagbag.py:588} INFO - Filling up the DagBag from /home/ubuntu/.local/lib/python3.12/site-packages/airflow/example_dags/example_trigger_controller_dag.py
[2025-01-28T06:05:00.648+0000] {processor.py:925} INFO - DAG(s) 'example_trigger_controller_dag' retrieved from /home/ubuntu/.local/lib/python3.12/site-packages/airflow/example_dags/example_trigger_controller_dag.py
[2025-01-28T06:05:00.662+0000] {logging_mixin.py:190} INFO - [2025-01-28T06:05:00.662+0000] {dag.py:3239} INFO - Sync 1 DAGs
[2025-01-28T06:05:00.680+0000] {logging_mixin.py:190} INFO - [2025-01-28T06:05:00.680+0000] {dag.py:4180} INFO - Setting next_dagrun for example_trigger_controller_dag to 2021-01-01 00:00:00+00:00, run_after=2021-01-01 00:00:00+00:00
[2025-01-28T06:05:00.703+0000] {processor.py:208} INFO - Processing /home/ubuntu/.local/lib/python3.12/site-packages/airflow/example_dags/example_trigger_controller_dag.py took 0.071 seconds
[2025-01-28T06:05:57.820+0000] {processor.py:186} INFO - Started process (PID=2628) to work on /home/ubuntu/.local/lib/python3.12/site-packages/airflow/example_dags/example_trigger_controller_dag.py
[2025-01-28T06:05:57.822+0000] {processor.py:914} INFO - Processing file /home/ubuntu/.local/lib/python3.12/site-packages/airflow/example_dags/example_trigger_controller_dag.py for tasks to queue
[2025-01-28T06:05:57.824+0000] {logging_mixin.py:190} INFO - [2025-01-28T06:05:57.824+0000] {dagbag.py:588} INFO - Filling up the DagBag from /home/ubuntu/.local/lib/python3.12/site-packages/airflow/example_dags/example_trigger_controller_dag.py
[2025-01-28T06:05:57.833+0000] {processor.py:925} INFO - DAG(s) 'example_trigger_controller_dag' retrieved from /home/ubuntu/.local/lib/python3.12/site-packages/airflow/example_dags/example_trigger_controller_dag.py
[2025-01-28T06:05:57.847+0000] {logging_mixin.py:190} INFO - [2025-01-28T06:05:57.847+0000] {dag.py:3239} INFO - Sync 1 DAGs
[2025-01-28T06:05:57.866+0000] {logging_mixin.py:190} INFO - [2025-01-28T06:05:57.866+0000] {dag.py:4180} INFO - Setting next_dagrun for example_trigger_controller_dag to 2021-01-01 00:00:00+00:00, run_after=2021-01-01 00:00:00+00:00
[2025-01-28T06:05:57.888+0000] {processor.py:208} INFO - Processing /home/ubuntu/.local/lib/python3.12/site-packages/airflow/example_dags/example_trigger_controller_dag.py took 0.072 seconds
[2025-01-28T06:06:33.859+0000] {processor.py:186} INFO - Started process (PID=2676) to work on /home/ubuntu/.local/lib/python3.12/site-packages/airflow/example_dags/example_trigger_controller_dag.py
[2025-01-28T06:06:33.861+0000] {processor.py:914} INFO - Processing file /home/ubuntu/.local/lib/python3.12/site-packages/airflow/example_dags/example_trigger_controller_dag.py for tasks to queue
[2025-01-28T06:06:33.863+0000] {logging_mixin.py:190} INFO - [2025-01-28T06:06:33.863+0000] {dagbag.py:588} INFO - Filling up the DagBag from /home/ubuntu/.local/lib/python3.12/site-packages/airflow/example_dags/example_trigger_controller_dag.py
[2025-01-28T06:06:33.870+0000] {processor.py:925} INFO - DAG(s) 'example_trigger_controller_dag' retrieved from /home/ubuntu/.local/lib/python3.12/site-packages/airflow/example_dags/example_trigger_controller_dag.py
[2025-01-28T06:06:33.884+0000] {logging_mixin.py:190} INFO - [2025-01-28T06:06:33.884+0000] {dag.py:3239} INFO - Sync 1 DAGs
[2025-01-28T06:06:33.902+0000] {logging_mixin.py:190} INFO - [2025-01-28T06:06:33.901+0000] {dag.py:4180} INFO - Setting next_dagrun for example_trigger_controller_dag to 2021-01-01 00:00:00+00:00, run_after=2021-01-01 00:00:00+00:00
[2025-01-28T06:06:33.924+0000] {processor.py:208} INFO - Processing /home/ubuntu/.local/lib/python3.12/site-packages/airflow/example_dags/example_trigger_controller_dag.py took 0.070 seconds
[2025-01-28T06:07:11.334+0000] {processor.py:186} INFO - Started process (PID=2718) to work on /home/ubuntu/.local/lib/python3.12/site-packages/airflow/example_dags/example_trigger_controller_dag.py
[2025-01-28T06:07:11.336+0000] {processor.py:914} INFO - Processing file /home/ubuntu/.local/lib/python3.12/site-packages/airflow/example_dags/example_trigger_controller_dag.py for tasks to queue
[2025-01-28T06:07:11.338+0000] {logging_mixin.py:190} INFO - [2025-01-28T06:07:11.338+0000] {dagbag.py:588} INFO - Filling up the DagBag from /home/ubuntu/.local/lib/python3.12/site-packages/airflow/example_dags/example_trigger_controller_dag.py
[2025-01-28T06:07:11.345+0000] {processor.py:925} INFO - DAG(s) 'example_trigger_controller_dag' retrieved from /home/ubuntu/.local/lib/python3.12/site-packages/airflow/example_dags/example_trigger_controller_dag.py
[2025-01-28T06:07:11.360+0000] {logging_mixin.py:190} INFO - [2025-01-28T06:07:11.360+0000] {dag.py:3239} INFO - Sync 1 DAGs
[2025-01-28T06:07:11.377+0000] {logging_mixin.py:190} INFO - [2025-01-28T06:07:11.377+0000] {dag.py:4180} INFO - Setting next_dagrun for example_trigger_controller_dag to 2021-01-01 00:00:00+00:00, run_after=2021-01-01 00:00:00+00:00
[2025-01-28T06:07:11.400+0000] {processor.py:208} INFO - Processing /home/ubuntu/.local/lib/python3.12/site-packages/airflow/example_dags/example_trigger_controller_dag.py took 0.071 seconds
[2025-01-28T06:08:09.278+0000] {processor.py:186} INFO - Started process (PID=2776) to work on /home/ubuntu/.local/lib/python3.12/site-packages/airflow/example_dags/example_trigger_controller_dag.py
[2025-01-28T06:08:09.279+0000] {processor.py:914} INFO - Processing file /home/ubuntu/.local/lib/python3.12/site-packages/airflow/example_dags/example_trigger_controller_dag.py for tasks to queue
[2025-01-28T06:08:09.282+0000] {logging_mixin.py:190} INFO - [2025-01-28T06:08:09.281+0000] {dagbag.py:588} INFO - Filling up the DagBag from /home/ubuntu/.local/lib/python3.12/site-packages/airflow/example_dags/example_trigger_controller_dag.py
[2025-01-28T06:08:09.289+0000] {processor.py:925} INFO - DAG(s) 'example_trigger_controller_dag' retrieved from /home/ubuntu/.local/lib/python3.12/site-packages/airflow/example_dags/example_trigger_controller_dag.py
[2025-01-28T06:08:09.304+0000] {logging_mixin.py:190} INFO - [2025-01-28T06:08:09.304+0000] {dag.py:3239} INFO - Sync 1 DAGs
[2025-01-28T06:08:09.322+0000] {logging_mixin.py:190} INFO - [2025-01-28T06:08:09.322+0000] {dag.py:4180} INFO - Setting next_dagrun for example_trigger_controller_dag to 2021-01-01 00:00:00+00:00, run_after=2021-01-01 00:00:00+00:00
[2025-01-28T06:08:09.345+0000] {processor.py:208} INFO - Processing /home/ubuntu/.local/lib/python3.12/site-packages/airflow/example_dags/example_trigger_controller_dag.py took 0.081 seconds
[2025-01-28T06:09:05.368+0000] {processor.py:186} INFO - Started process (PID=2835) to work on /home/ubuntu/.local/lib/python3.12/site-packages/airflow/example_dags/example_trigger_controller_dag.py
[2025-01-28T06:09:05.370+0000] {processor.py:914} INFO - Processing file /home/ubuntu/.local/lib/python3.12/site-packages/airflow/example_dags/example_trigger_controller_dag.py for tasks to queue
[2025-01-28T06:09:05.372+0000] {logging_mixin.py:190} INFO - [2025-01-28T06:09:05.372+0000] {dagbag.py:588} INFO - Filling up the DagBag from /home/ubuntu/.local/lib/python3.12/site-packages/airflow/example_dags/example_trigger_controller_dag.py
[2025-01-28T06:09:05.379+0000] {processor.py:925} INFO - DAG(s) 'example_trigger_controller_dag' retrieved from /home/ubuntu/.local/lib/python3.12/site-packages/airflow/example_dags/example_trigger_controller_dag.py
[2025-01-28T06:09:05.394+0000] {logging_mixin.py:190} INFO - [2025-01-28T06:09:05.393+0000] {dag.py:3239} INFO - Sync 1 DAGs
[2025-01-28T06:09:05.410+0000] {logging_mixin.py:190} INFO - [2025-01-28T06:09:05.409+0000] {dag.py:4180} INFO - Setting next_dagrun for example_trigger_controller_dag to 2021-01-01 00:00:00+00:00, run_after=2021-01-01 00:00:00+00:00
[2025-01-28T06:09:05.434+0000] {processor.py:208} INFO - Processing /home/ubuntu/.local/lib/python3.12/site-packages/airflow/example_dags/example_trigger_controller_dag.py took 0.071 seconds
[2025-01-28T06:09:58.246+0000] {processor.py:186} INFO - Started process (PID=2904) to work on /home/ubuntu/.local/lib/python3.12/site-packages/airflow/example_dags/example_trigger_controller_dag.py
[2025-01-28T06:09:58.248+0000] {processor.py:914} INFO - Processing file /home/ubuntu/.local/lib/python3.12/site-packages/airflow/example_dags/example_trigger_controller_dag.py for tasks to queue
[2025-01-28T06:09:58.250+0000] {logging_mixin.py:190} INFO - [2025-01-28T06:09:58.249+0000] {dagbag.py:588} INFO - Filling up the DagBag from /home/ubuntu/.local/lib/python3.12/site-packages/airflow/example_dags/example_trigger_controller_dag.py
[2025-01-28T06:09:58.257+0000] {processor.py:925} INFO - DAG(s) 'example_trigger_controller_dag' retrieved from /home/ubuntu/.local/lib/python3.12/site-packages/airflow/example_dags/example_trigger_controller_dag.py
[2025-01-28T06:09:58.272+0000] {logging_mixin.py:190} INFO - [2025-01-28T06:09:58.272+0000] {dag.py:3239} INFO - Sync 1 DAGs
[2025-01-28T06:09:58.288+0000] {logging_mixin.py:190} INFO - [2025-01-28T06:09:58.288+0000] {dag.py:4180} INFO - Setting next_dagrun for example_trigger_controller_dag to 2021-01-01 00:00:00+00:00, run_after=2021-01-01 00:00:00+00:00
[2025-01-28T06:09:58.310+0000] {processor.py:208} INFO - Processing /home/ubuntu/.local/lib/python3.12/site-packages/airflow/example_dags/example_trigger_controller_dag.py took 0.069 seconds
[2025-01-28T06:10:52.684+0000] {processor.py:186} INFO - Started process (PID=2969) to work on /home/ubuntu/.local/lib/python3.12/site-packages/airflow/example_dags/example_trigger_controller_dag.py
[2025-01-28T06:10:52.687+0000] {processor.py:914} INFO - Processing file /home/ubuntu/.local/lib/python3.12/site-packages/airflow/example_dags/example_trigger_controller_dag.py for tasks to queue
[2025-01-28T06:10:52.689+0000] {logging_mixin.py:190} INFO - [2025-01-28T06:10:52.688+0000] {dagbag.py:588} INFO - Filling up the DagBag from /home/ubuntu/.local/lib/python3.12/site-packages/airflow/example_dags/example_trigger_controller_dag.py
[2025-01-28T06:10:52.696+0000] {processor.py:925} INFO - DAG(s) 'example_trigger_controller_dag' retrieved from /home/ubuntu/.local/lib/python3.12/site-packages/airflow/example_dags/example_trigger_controller_dag.py
[2025-01-28T06:10:52.711+0000] {logging_mixin.py:190} INFO - [2025-01-28T06:10:52.711+0000] {dag.py:3239} INFO - Sync 1 DAGs
[2025-01-28T06:10:52.727+0000] {logging_mixin.py:190} INFO - [2025-01-28T06:10:52.727+0000] {dag.py:4180} INFO - Setting next_dagrun for example_trigger_controller_dag to 2021-01-01 00:00:00+00:00, run_after=2021-01-01 00:00:00+00:00
[2025-01-28T06:10:52.749+0000] {processor.py:208} INFO - Processing /home/ubuntu/.local/lib/python3.12/site-packages/airflow/example_dags/example_trigger_controller_dag.py took 0.069 seconds
[2025-01-28T06:11:45.293+0000] {processor.py:186} INFO - Started process (PID=3026) to work on /home/ubuntu/.local/lib/python3.12/site-packages/airflow/example_dags/example_trigger_controller_dag.py
[2025-01-28T06:11:45.295+0000] {processor.py:914} INFO - Processing file /home/ubuntu/.local/lib/python3.12/site-packages/airflow/example_dags/example_trigger_controller_dag.py for tasks to queue
[2025-01-28T06:11:45.297+0000] {logging_mixin.py:190} INFO - [2025-01-28T06:11:45.297+0000] {dagbag.py:588} INFO - Filling up the DagBag from /home/ubuntu/.local/lib/python3.12/site-packages/airflow/example_dags/example_trigger_controller_dag.py
[2025-01-28T06:11:45.305+0000] {processor.py:925} INFO - DAG(s) 'example_trigger_controller_dag' retrieved from /home/ubuntu/.local/lib/python3.12/site-packages/airflow/example_dags/example_trigger_controller_dag.py
[2025-01-28T06:11:45.320+0000] {logging_mixin.py:190} INFO - [2025-01-28T06:11:45.319+0000] {dag.py:3239} INFO - Sync 1 DAGs
[2025-01-28T06:11:45.343+0000] {logging_mixin.py:190} INFO - [2025-01-28T06:11:45.343+0000] {dag.py:4180} INFO - Setting next_dagrun for example_trigger_controller_dag to 2021-01-01 00:00:00+00:00, run_after=2021-01-01 00:00:00+00:00
[2025-01-28T06:11:45.366+0000] {processor.py:208} INFO - Processing /home/ubuntu/.local/lib/python3.12/site-packages/airflow/example_dags/example_trigger_controller_dag.py took 0.078 seconds
[2025-01-28T06:12:39.585+0000] {processor.py:186} INFO - Started process (PID=3080) to work on /home/ubuntu/.local/lib/python3.12/site-packages/airflow/example_dags/example_trigger_controller_dag.py
[2025-01-28T06:12:39.587+0000] {processor.py:914} INFO - Processing file /home/ubuntu/.local/lib/python3.12/site-packages/airflow/example_dags/example_trigger_controller_dag.py for tasks to queue
[2025-01-28T06:12:39.590+0000] {logging_mixin.py:190} INFO - [2025-01-28T06:12:39.589+0000] {dagbag.py:588} INFO - Filling up the DagBag from /home/ubuntu/.local/lib/python3.12/site-packages/airflow/example_dags/example_trigger_controller_dag.py
[2025-01-28T06:12:39.597+0000] {processor.py:925} INFO - DAG(s) 'example_trigger_controller_dag' retrieved from /home/ubuntu/.local/lib/python3.12/site-packages/airflow/example_dags/example_trigger_controller_dag.py
[2025-01-28T06:12:39.610+0000] {logging_mixin.py:190} INFO - [2025-01-28T06:12:39.610+0000] {dag.py:3239} INFO - Sync 1 DAGs
[2025-01-28T06:12:39.628+0000] {logging_mixin.py:190} INFO - [2025-01-28T06:12:39.628+0000] {dag.py:4180} INFO - Setting next_dagrun for example_trigger_controller_dag to 2021-01-01 00:00:00+00:00, run_after=2021-01-01 00:00:00+00:00
[2025-01-28T06:12:39.650+0000] {processor.py:208} INFO - Processing /home/ubuntu/.local/lib/python3.12/site-packages/airflow/example_dags/example_trigger_controller_dag.py took 0.068 seconds
[2025-01-28T06:13:34.603+0000] {processor.py:186} INFO - Started process (PID=3137) to work on /home/ubuntu/.local/lib/python3.12/site-packages/airflow/example_dags/example_trigger_controller_dag.py
[2025-01-28T06:13:34.605+0000] {processor.py:914} INFO - Processing file /home/ubuntu/.local/lib/python3.12/site-packages/airflow/example_dags/example_trigger_controller_dag.py for tasks to queue
[2025-01-28T06:13:34.607+0000] {logging_mixin.py:190} INFO - [2025-01-28T06:13:34.607+0000] {dagbag.py:588} INFO - Filling up the DagBag from /home/ubuntu/.local/lib/python3.12/site-packages/airflow/example_dags/example_trigger_controller_dag.py
[2025-01-28T06:13:34.614+0000] {processor.py:925} INFO - DAG(s) 'example_trigger_controller_dag' retrieved from /home/ubuntu/.local/lib/python3.12/site-packages/airflow/example_dags/example_trigger_controller_dag.py
[2025-01-28T06:13:34.630+0000] {logging_mixin.py:190} INFO - [2025-01-28T06:13:34.630+0000] {dag.py:3239} INFO - Sync 1 DAGs
[2025-01-28T06:13:34.648+0000] {logging_mixin.py:190} INFO - [2025-01-28T06:13:34.648+0000] {dag.py:4180} INFO - Setting next_dagrun for example_trigger_controller_dag to 2021-01-01 00:00:00+00:00, run_after=2021-01-01 00:00:00+00:00
[2025-01-28T06:13:34.669+0000] {processor.py:208} INFO - Processing /home/ubuntu/.local/lib/python3.12/site-packages/airflow/example_dags/example_trigger_controller_dag.py took 0.070 seconds
[2025-01-28T06:14:26.290+0000] {processor.py:186} INFO - Started process (PID=3192) to work on /home/ubuntu/.local/lib/python3.12/site-packages/airflow/example_dags/example_trigger_controller_dag.py
[2025-01-28T06:14:26.291+0000] {processor.py:914} INFO - Processing file /home/ubuntu/.local/lib/python3.12/site-packages/airflow/example_dags/example_trigger_controller_dag.py for tasks to queue
[2025-01-28T06:14:26.293+0000] {logging_mixin.py:190} INFO - [2025-01-28T06:14:26.293+0000] {dagbag.py:588} INFO - Filling up the DagBag from /home/ubuntu/.local/lib/python3.12/site-packages/airflow/example_dags/example_trigger_controller_dag.py
[2025-01-28T06:14:26.301+0000] {processor.py:925} INFO - DAG(s) 'example_trigger_controller_dag' retrieved from /home/ubuntu/.local/lib/python3.12/site-packages/airflow/example_dags/example_trigger_controller_dag.py
[2025-01-28T06:14:26.322+0000] {logging_mixin.py:190} INFO - [2025-01-28T06:14:26.321+0000] {dag.py:3239} INFO - Sync 1 DAGs
[2025-01-28T06:14:26.338+0000] {logging_mixin.py:190} INFO - [2025-01-28T06:14:26.338+0000] {dag.py:4180} INFO - Setting next_dagrun for example_trigger_controller_dag to 2021-01-01 00:00:00+00:00, run_after=2021-01-01 00:00:00+00:00
[2025-01-28T06:14:26.360+0000] {processor.py:208} INFO - Processing /home/ubuntu/.local/lib/python3.12/site-packages/airflow/example_dags/example_trigger_controller_dag.py took 0.074 seconds
[2025-01-28T06:15:20.374+0000] {processor.py:186} INFO - Started process (PID=3251) to work on /home/ubuntu/.local/lib/python3.12/site-packages/airflow/example_dags/example_trigger_controller_dag.py
[2025-01-28T06:15:20.377+0000] {processor.py:914} INFO - Processing file /home/ubuntu/.local/lib/python3.12/site-packages/airflow/example_dags/example_trigger_controller_dag.py for tasks to queue
[2025-01-28T06:15:20.379+0000] {logging_mixin.py:190} INFO - [2025-01-28T06:15:20.378+0000] {dagbag.py:588} INFO - Filling up the DagBag from /home/ubuntu/.local/lib/python3.12/site-packages/airflow/example_dags/example_trigger_controller_dag.py
[2025-01-28T06:15:20.386+0000] {processor.py:925} INFO - DAG(s) 'example_trigger_controller_dag' retrieved from /home/ubuntu/.local/lib/python3.12/site-packages/airflow/example_dags/example_trigger_controller_dag.py
[2025-01-28T06:15:20.401+0000] {logging_mixin.py:190} INFO - [2025-01-28T06:15:20.401+0000] {dag.py:3239} INFO - Sync 1 DAGs
[2025-01-28T06:15:20.418+0000] {logging_mixin.py:190} INFO - [2025-01-28T06:15:20.418+0000] {dag.py:4180} INFO - Setting next_dagrun for example_trigger_controller_dag to 2021-01-01 00:00:00+00:00, run_after=2021-01-01 00:00:00+00:00
[2025-01-28T06:15:20.439+0000] {processor.py:208} INFO - Processing /home/ubuntu/.local/lib/python3.12/site-packages/airflow/example_dags/example_trigger_controller_dag.py took 0.070 seconds
[2025-01-28T06:16:11.497+0000] {processor.py:186} INFO - Started process (PID=3305) to work on /home/ubuntu/.local/lib/python3.12/site-packages/airflow/example_dags/example_trigger_controller_dag.py
[2025-01-28T06:16:11.500+0000] {processor.py:914} INFO - Processing file /home/ubuntu/.local/lib/python3.12/site-packages/airflow/example_dags/example_trigger_controller_dag.py for tasks to queue
[2025-01-28T06:16:11.501+0000] {logging_mixin.py:190} INFO - [2025-01-28T06:16:11.501+0000] {dagbag.py:588} INFO - Filling up the DagBag from /home/ubuntu/.local/lib/python3.12/site-packages/airflow/example_dags/example_trigger_controller_dag.py
[2025-01-28T06:16:11.508+0000] {processor.py:925} INFO - DAG(s) 'example_trigger_controller_dag' retrieved from /home/ubuntu/.local/lib/python3.12/site-packages/airflow/example_dags/example_trigger_controller_dag.py
[2025-01-28T06:16:11.523+0000] {logging_mixin.py:190} INFO - [2025-01-28T06:16:11.523+0000] {dag.py:3239} INFO - Sync 1 DAGs
[2025-01-28T06:16:11.540+0000] {logging_mixin.py:190} INFO - [2025-01-28T06:16:11.540+0000] {dag.py:4180} INFO - Setting next_dagrun for example_trigger_controller_dag to 2021-01-01 00:00:00+00:00, run_after=2021-01-01 00:00:00+00:00
[2025-01-28T06:16:11.563+0000] {processor.py:208} INFO - Processing /home/ubuntu/.local/lib/python3.12/site-packages/airflow/example_dags/example_trigger_controller_dag.py took 0.071 seconds
[2025-01-28T06:17:05.819+0000] {processor.py:186} INFO - Started process (PID=3364) to work on /home/ubuntu/.local/lib/python3.12/site-packages/airflow/example_dags/example_trigger_controller_dag.py
[2025-01-28T06:17:05.821+0000] {processor.py:914} INFO - Processing file /home/ubuntu/.local/lib/python3.12/site-packages/airflow/example_dags/example_trigger_controller_dag.py for tasks to queue
[2025-01-28T06:17:05.823+0000] {logging_mixin.py:190} INFO - [2025-01-28T06:17:05.823+0000] {dagbag.py:588} INFO - Filling up the DagBag from /home/ubuntu/.local/lib/python3.12/site-packages/airflow/example_dags/example_trigger_controller_dag.py
[2025-01-28T06:17:05.830+0000] {processor.py:925} INFO - DAG(s) 'example_trigger_controller_dag' retrieved from /home/ubuntu/.local/lib/python3.12/site-packages/airflow/example_dags/example_trigger_controller_dag.py
[2025-01-28T06:17:05.844+0000] {logging_mixin.py:190} INFO - [2025-01-28T06:17:05.844+0000] {dag.py:3239} INFO - Sync 1 DAGs
[2025-01-28T06:17:05.861+0000] {logging_mixin.py:190} INFO - [2025-01-28T06:17:05.861+0000] {dag.py:4180} INFO - Setting next_dagrun for example_trigger_controller_dag to 2021-01-01 00:00:00+00:00, run_after=2021-01-01 00:00:00+00:00
[2025-01-28T06:17:05.884+0000] {processor.py:208} INFO - Processing /home/ubuntu/.local/lib/python3.12/site-packages/airflow/example_dags/example_trigger_controller_dag.py took 0.070 seconds
[2025-01-28T06:18:07.180+0000] {processor.py:186} INFO - Started process (PID=3444) to work on /home/ubuntu/.local/lib/python3.12/site-packages/airflow/example_dags/example_trigger_controller_dag.py
[2025-01-28T06:18:07.182+0000] {processor.py:914} INFO - Processing file /home/ubuntu/.local/lib/python3.12/site-packages/airflow/example_dags/example_trigger_controller_dag.py for tasks to queue
[2025-01-28T06:18:07.184+0000] {logging_mixin.py:190} INFO - [2025-01-28T06:18:07.184+0000] {dagbag.py:588} INFO - Filling up the DagBag from /home/ubuntu/.local/lib/python3.12/site-packages/airflow/example_dags/example_trigger_controller_dag.py
[2025-01-28T06:18:07.190+0000] {processor.py:925} INFO - DAG(s) 'example_trigger_controller_dag' retrieved from /home/ubuntu/.local/lib/python3.12/site-packages/airflow/example_dags/example_trigger_controller_dag.py
[2025-01-28T06:18:07.205+0000] {logging_mixin.py:190} INFO - [2025-01-28T06:18:07.205+0000] {dag.py:3239} INFO - Sync 1 DAGs
[2025-01-28T06:18:07.222+0000] {logging_mixin.py:190} INFO - [2025-01-28T06:18:07.222+0000] {dag.py:4180} INFO - Setting next_dagrun for example_trigger_controller_dag to 2021-01-01 00:00:00+00:00, run_after=2021-01-01 00:00:00+00:00
[2025-01-28T06:18:07.247+0000] {processor.py:208} INFO - Processing /home/ubuntu/.local/lib/python3.12/site-packages/airflow/example_dags/example_trigger_controller_dag.py took 0.075 seconds
[2025-01-28T06:19:01.823+0000] {processor.py:186} INFO - Started process (PID=3526) to work on /home/ubuntu/.local/lib/python3.12/site-packages/airflow/example_dags/example_trigger_controller_dag.py
[2025-01-28T06:19:01.825+0000] {processor.py:914} INFO - Processing file /home/ubuntu/.local/lib/python3.12/site-packages/airflow/example_dags/example_trigger_controller_dag.py for tasks to queue
[2025-01-28T06:19:01.828+0000] {logging_mixin.py:190} INFO - [2025-01-28T06:19:01.827+0000] {dagbag.py:588} INFO - Filling up the DagBag from /home/ubuntu/.local/lib/python3.12/site-packages/airflow/example_dags/example_trigger_controller_dag.py
[2025-01-28T06:19:01.835+0000] {processor.py:925} INFO - DAG(s) 'example_trigger_controller_dag' retrieved from /home/ubuntu/.local/lib/python3.12/site-packages/airflow/example_dags/example_trigger_controller_dag.py
[2025-01-28T06:19:01.850+0000] {logging_mixin.py:190} INFO - [2025-01-28T06:19:01.850+0000] {dag.py:3239} INFO - Sync 1 DAGs
[2025-01-28T06:19:01.867+0000] {logging_mixin.py:190} INFO - [2025-01-28T06:19:01.867+0000] {dag.py:4180} INFO - Setting next_dagrun for example_trigger_controller_dag to 2021-01-01 00:00:00+00:00, run_after=2021-01-01 00:00:00+00:00
[2025-01-28T06:19:01.892+0000] {processor.py:208} INFO - Processing /home/ubuntu/.local/lib/python3.12/site-packages/airflow/example_dags/example_trigger_controller_dag.py took 0.074 seconds
[2025-01-28T06:19:52.161+0000] {processor.py:186} INFO - Started process (PID=3579) to work on /home/ubuntu/.local/lib/python3.12/site-packages/airflow/example_dags/example_trigger_controller_dag.py
[2025-01-28T06:19:52.163+0000] {processor.py:914} INFO - Processing file /home/ubuntu/.local/lib/python3.12/site-packages/airflow/example_dags/example_trigger_controller_dag.py for tasks to queue
[2025-01-28T06:19:52.164+0000] {logging_mixin.py:190} INFO - [2025-01-28T06:19:52.164+0000] {dagbag.py:588} INFO - Filling up the DagBag from /home/ubuntu/.local/lib/python3.12/site-packages/airflow/example_dags/example_trigger_controller_dag.py
[2025-01-28T06:19:52.171+0000] {processor.py:925} INFO - DAG(s) 'example_trigger_controller_dag' retrieved from /home/ubuntu/.local/lib/python3.12/site-packages/airflow/example_dags/example_trigger_controller_dag.py
[2025-01-28T06:19:52.186+0000] {logging_mixin.py:190} INFO - [2025-01-28T06:19:52.186+0000] {dag.py:3239} INFO - Sync 1 DAGs
[2025-01-28T06:19:52.203+0000] {logging_mixin.py:190} INFO - [2025-01-28T06:19:52.203+0000] {dag.py:4180} INFO - Setting next_dagrun for example_trigger_controller_dag to 2021-01-01 00:00:00+00:00, run_after=2021-01-01 00:00:00+00:00
[2025-01-28T06:19:52.227+0000] {processor.py:208} INFO - Processing /home/ubuntu/.local/lib/python3.12/site-packages/airflow/example_dags/example_trigger_controller_dag.py took 0.071 seconds
[2025-01-28T06:20:52.088+0000] {processor.py:186} INFO - Started process (PID=3670) to work on /home/ubuntu/.local/lib/python3.12/site-packages/airflow/example_dags/example_trigger_controller_dag.py
[2025-01-28T06:20:52.090+0000] {processor.py:914} INFO - Processing file /home/ubuntu/.local/lib/python3.12/site-packages/airflow/example_dags/example_trigger_controller_dag.py for tasks to queue
[2025-01-28T06:20:52.092+0000] {logging_mixin.py:190} INFO - [2025-01-28T06:20:52.091+0000] {dagbag.py:588} INFO - Filling up the DagBag from /home/ubuntu/.local/lib/python3.12/site-packages/airflow/example_dags/example_trigger_controller_dag.py
[2025-01-28T06:20:52.098+0000] {processor.py:925} INFO - DAG(s) 'example_trigger_controller_dag' retrieved from /home/ubuntu/.local/lib/python3.12/site-packages/airflow/example_dags/example_trigger_controller_dag.py
[2025-01-28T06:20:52.115+0000] {logging_mixin.py:190} INFO - [2025-01-28T06:20:52.114+0000] {dag.py:3239} INFO - Sync 1 DAGs
[2025-01-28T06:20:52.132+0000] {logging_mixin.py:190} INFO - [2025-01-28T06:20:52.131+0000] {dag.py:4180} INFO - Setting next_dagrun for example_trigger_controller_dag to 2021-01-01 00:00:00+00:00, run_after=2021-01-01 00:00:00+00:00
[2025-01-28T06:20:52.155+0000] {processor.py:208} INFO - Processing /home/ubuntu/.local/lib/python3.12/site-packages/airflow/example_dags/example_trigger_controller_dag.py took 0.072 seconds
[2025-01-28T06:21:44.129+0000] {processor.py:186} INFO - Started process (PID=3839) to work on /home/ubuntu/.local/lib/python3.12/site-packages/airflow/example_dags/example_trigger_controller_dag.py
[2025-01-28T06:21:44.131+0000] {processor.py:914} INFO - Processing file /home/ubuntu/.local/lib/python3.12/site-packages/airflow/example_dags/example_trigger_controller_dag.py for tasks to queue
[2025-01-28T06:21:44.133+0000] {logging_mixin.py:190} INFO - [2025-01-28T06:21:44.133+0000] {dagbag.py:588} INFO - Filling up the DagBag from /home/ubuntu/.local/lib/python3.12/site-packages/airflow/example_dags/example_trigger_controller_dag.py
[2025-01-28T06:21:44.141+0000] {processor.py:925} INFO - DAG(s) 'example_trigger_controller_dag' retrieved from /home/ubuntu/.local/lib/python3.12/site-packages/airflow/example_dags/example_trigger_controller_dag.py
[2025-01-28T06:21:44.156+0000] {logging_mixin.py:190} INFO - [2025-01-28T06:21:44.156+0000] {dag.py:3239} INFO - Sync 1 DAGs
[2025-01-28T06:21:44.173+0000] {logging_mixin.py:190} INFO - [2025-01-28T06:21:44.173+0000] {dag.py:4180} INFO - Setting next_dagrun for example_trigger_controller_dag to 2021-01-01 00:00:00+00:00, run_after=2021-01-01 00:00:00+00:00
[2025-01-28T06:21:44.196+0000] {processor.py:208} INFO - Processing /home/ubuntu/.local/lib/python3.12/site-packages/airflow/example_dags/example_trigger_controller_dag.py took 0.072 seconds
[2025-01-28T06:22:44.711+0000] {processor.py:186} INFO - Started process (PID=3906) to work on /home/ubuntu/.local/lib/python3.12/site-packages/airflow/example_dags/example_trigger_controller_dag.py
[2025-01-28T06:22:44.714+0000] {processor.py:914} INFO - Processing file /home/ubuntu/.local/lib/python3.12/site-packages/airflow/example_dags/example_trigger_controller_dag.py for tasks to queue
[2025-01-28T06:22:44.717+0000] {logging_mixin.py:190} INFO - [2025-01-28T06:22:44.716+0000] {dagbag.py:588} INFO - Filling up the DagBag from /home/ubuntu/.local/lib/python3.12/site-packages/airflow/example_dags/example_trigger_controller_dag.py
[2025-01-28T06:22:44.723+0000] {processor.py:925} INFO - DAG(s) 'example_trigger_controller_dag' retrieved from /home/ubuntu/.local/lib/python3.12/site-packages/airflow/example_dags/example_trigger_controller_dag.py
[2025-01-28T06:22:44.739+0000] {logging_mixin.py:190} INFO - [2025-01-28T06:22:44.739+0000] {dag.py:3239} INFO - Sync 1 DAGs
[2025-01-28T06:22:44.756+0000] {logging_mixin.py:190} INFO - [2025-01-28T06:22:44.756+0000] {dag.py:4180} INFO - Setting next_dagrun for example_trigger_controller_dag to 2021-01-01 00:00:00+00:00, run_after=2021-01-01 00:00:00+00:00
[2025-01-28T06:22:44.778+0000] {processor.py:208} INFO - Processing /home/ubuntu/.local/lib/python3.12/site-packages/airflow/example_dags/example_trigger_controller_dag.py took 0.072 seconds
[2025-01-28T06:23:37.915+0000] {processor.py:186} INFO - Started process (PID=4405) to work on /home/ubuntu/.local/lib/python3.12/site-packages/airflow/example_dags/example_trigger_controller_dag.py
[2025-01-28T06:23:37.918+0000] {processor.py:914} INFO - Processing file /home/ubuntu/.local/lib/python3.12/site-packages/airflow/example_dags/example_trigger_controller_dag.py for tasks to queue
[2025-01-28T06:23:37.919+0000] {logging_mixin.py:190} INFO - [2025-01-28T06:23:37.919+0000] {dagbag.py:588} INFO - Filling up the DagBag from /home/ubuntu/.local/lib/python3.12/site-packages/airflow/example_dags/example_trigger_controller_dag.py
[2025-01-28T06:23:37.929+0000] {processor.py:925} INFO - DAG(s) 'example_trigger_controller_dag' retrieved from /home/ubuntu/.local/lib/python3.12/site-packages/airflow/example_dags/example_trigger_controller_dag.py
[2025-01-28T06:23:37.944+0000] {logging_mixin.py:190} INFO - [2025-01-28T06:23:37.944+0000] {dag.py:3239} INFO - Sync 1 DAGs
[2025-01-28T06:23:37.960+0000] {logging_mixin.py:190} INFO - [2025-01-28T06:23:37.960+0000] {dag.py:4180} INFO - Setting next_dagrun for example_trigger_controller_dag to 2021-01-01 00:00:00+00:00, run_after=2021-01-01 00:00:00+00:00
[2025-01-28T06:23:37.982+0000] {processor.py:208} INFO - Processing /home/ubuntu/.local/lib/python3.12/site-packages/airflow/example_dags/example_trigger_controller_dag.py took 0.072 seconds
[2025-01-28T06:24:33.196+0000] {processor.py:186} INFO - Started process (PID=4529) to work on /home/ubuntu/.local/lib/python3.12/site-packages/airflow/example_dags/example_trigger_controller_dag.py
[2025-01-28T06:24:33.198+0000] {processor.py:914} INFO - Processing file /home/ubuntu/.local/lib/python3.12/site-packages/airflow/example_dags/example_trigger_controller_dag.py for tasks to queue
[2025-01-28T06:24:33.200+0000] {logging_mixin.py:190} INFO - [2025-01-28T06:24:33.199+0000] {dagbag.py:588} INFO - Filling up the DagBag from /home/ubuntu/.local/lib/python3.12/site-packages/airflow/example_dags/example_trigger_controller_dag.py
[2025-01-28T06:24:33.207+0000] {processor.py:925} INFO - DAG(s) 'example_trigger_controller_dag' retrieved from /home/ubuntu/.local/lib/python3.12/site-packages/airflow/example_dags/example_trigger_controller_dag.py
[2025-01-28T06:24:33.228+0000] {logging_mixin.py:190} INFO - [2025-01-28T06:24:33.228+0000] {dag.py:3239} INFO - Sync 1 DAGs
[2025-01-28T06:24:33.246+0000] {logging_mixin.py:190} INFO - [2025-01-28T06:24:33.246+0000] {dag.py:4180} INFO - Setting next_dagrun for example_trigger_controller_dag to 2021-01-01 00:00:00+00:00, run_after=2021-01-01 00:00:00+00:00
[2025-01-28T06:24:33.265+0000] {processor.py:208} INFO - Processing /home/ubuntu/.local/lib/python3.12/site-packages/airflow/example_dags/example_trigger_controller_dag.py took 0.074 seconds
[2025-01-28T06:25:26.646+0000] {processor.py:186} INFO - Started process (PID=4956) to work on /home/ubuntu/.local/lib/python3.12/site-packages/airflow/example_dags/example_trigger_controller_dag.py
[2025-01-28T06:25:26.647+0000] {processor.py:914} INFO - Processing file /home/ubuntu/.local/lib/python3.12/site-packages/airflow/example_dags/example_trigger_controller_dag.py for tasks to queue
[2025-01-28T06:25:26.649+0000] {logging_mixin.py:190} INFO - [2025-01-28T06:25:26.649+0000] {dagbag.py:588} INFO - Filling up the DagBag from /home/ubuntu/.local/lib/python3.12/site-packages/airflow/example_dags/example_trigger_controller_dag.py
[2025-01-28T06:25:26.656+0000] {processor.py:925} INFO - DAG(s) 'example_trigger_controller_dag' retrieved from /home/ubuntu/.local/lib/python3.12/site-packages/airflow/example_dags/example_trigger_controller_dag.py
[2025-01-28T06:25:26.671+0000] {logging_mixin.py:190} INFO - [2025-01-28T06:25:26.671+0000] {dag.py:3239} INFO - Sync 1 DAGs
[2025-01-28T06:25:26.688+0000] {logging_mixin.py:190} INFO - [2025-01-28T06:25:26.688+0000] {dag.py:4180} INFO - Setting next_dagrun for example_trigger_controller_dag to 2021-01-01 00:00:00+00:00, run_after=2021-01-01 00:00:00+00:00
[2025-01-28T06:25:26.708+0000] {processor.py:208} INFO - Processing /home/ubuntu/.local/lib/python3.12/site-packages/airflow/example_dags/example_trigger_controller_dag.py took 0.066 seconds
[2025-01-28T06:26:21.293+0000] {processor.py:186} INFO - Started process (PID=5158) to work on /home/ubuntu/.local/lib/python3.12/site-packages/airflow/example_dags/example_trigger_controller_dag.py
[2025-01-28T06:26:21.295+0000] {processor.py:914} INFO - Processing file /home/ubuntu/.local/lib/python3.12/site-packages/airflow/example_dags/example_trigger_controller_dag.py for tasks to queue
[2025-01-28T06:26:21.297+0000] {logging_mixin.py:190} INFO - [2025-01-28T06:26:21.297+0000] {dagbag.py:588} INFO - Filling up the DagBag from /home/ubuntu/.local/lib/python3.12/site-packages/airflow/example_dags/example_trigger_controller_dag.py
[2025-01-28T06:26:21.303+0000] {processor.py:925} INFO - DAG(s) 'example_trigger_controller_dag' retrieved from /home/ubuntu/.local/lib/python3.12/site-packages/airflow/example_dags/example_trigger_controller_dag.py
[2025-01-28T06:26:21.319+0000] {logging_mixin.py:190} INFO - [2025-01-28T06:26:21.318+0000] {dag.py:3239} INFO - Sync 1 DAGs
[2025-01-28T06:26:21.336+0000] {logging_mixin.py:190} INFO - [2025-01-28T06:26:21.336+0000] {dag.py:4180} INFO - Setting next_dagrun for example_trigger_controller_dag to 2021-01-01 00:00:00+00:00, run_after=2021-01-01 00:00:00+00:00
[2025-01-28T06:26:21.356+0000] {processor.py:208} INFO - Processing /home/ubuntu/.local/lib/python3.12/site-packages/airflow/example_dags/example_trigger_controller_dag.py took 0.068 seconds
[2025-01-28T06:27:14.619+0000] {processor.py:186} INFO - Started process (PID=5214) to work on /home/ubuntu/.local/lib/python3.12/site-packages/airflow/example_dags/example_trigger_controller_dag.py
[2025-01-28T06:27:14.620+0000] {processor.py:914} INFO - Processing file /home/ubuntu/.local/lib/python3.12/site-packages/airflow/example_dags/example_trigger_controller_dag.py for tasks to queue
[2025-01-28T06:27:14.622+0000] {logging_mixin.py:190} INFO - [2025-01-28T06:27:14.622+0000] {dagbag.py:588} INFO - Filling up the DagBag from /home/ubuntu/.local/lib/python3.12/site-packages/airflow/example_dags/example_trigger_controller_dag.py
[2025-01-28T06:27:14.629+0000] {processor.py:925} INFO - DAG(s) 'example_trigger_controller_dag' retrieved from /home/ubuntu/.local/lib/python3.12/site-packages/airflow/example_dags/example_trigger_controller_dag.py
[2025-01-28T06:27:14.643+0000] {logging_mixin.py:190} INFO - [2025-01-28T06:27:14.643+0000] {dag.py:3239} INFO - Sync 1 DAGs
[2025-01-28T06:27:14.660+0000] {logging_mixin.py:190} INFO - [2025-01-28T06:27:14.660+0000] {dag.py:4180} INFO - Setting next_dagrun for example_trigger_controller_dag to 2021-01-01 00:00:00+00:00, run_after=2021-01-01 00:00:00+00:00
[2025-01-28T06:27:14.680+0000] {processor.py:208} INFO - Processing /home/ubuntu/.local/lib/python3.12/site-packages/airflow/example_dags/example_trigger_controller_dag.py took 0.066 seconds
[2025-01-28T06:28:06.329+0000] {processor.py:186} INFO - Started process (PID=5270) to work on /home/ubuntu/.local/lib/python3.12/site-packages/airflow/example_dags/example_trigger_controller_dag.py
[2025-01-28T06:28:06.330+0000] {processor.py:914} INFO - Processing file /home/ubuntu/.local/lib/python3.12/site-packages/airflow/example_dags/example_trigger_controller_dag.py for tasks to queue
[2025-01-28T06:28:06.333+0000] {logging_mixin.py:190} INFO - [2025-01-28T06:28:06.332+0000] {dagbag.py:588} INFO - Filling up the DagBag from /home/ubuntu/.local/lib/python3.12/site-packages/airflow/example_dags/example_trigger_controller_dag.py
[2025-01-28T06:28:06.340+0000] {processor.py:925} INFO - DAG(s) 'example_trigger_controller_dag' retrieved from /home/ubuntu/.local/lib/python3.12/site-packages/airflow/example_dags/example_trigger_controller_dag.py
[2025-01-28T06:28:06.354+0000] {logging_mixin.py:190} INFO - [2025-01-28T06:28:06.354+0000] {dag.py:3239} INFO - Sync 1 DAGs
[2025-01-28T06:28:06.371+0000] {logging_mixin.py:190} INFO - [2025-01-28T06:28:06.371+0000] {dag.py:4180} INFO - Setting next_dagrun for example_trigger_controller_dag to 2021-01-01 00:00:00+00:00, run_after=2021-01-01 00:00:00+00:00
[2025-01-28T06:28:06.390+0000] {processor.py:208} INFO - Processing /home/ubuntu/.local/lib/python3.12/site-packages/airflow/example_dags/example_trigger_controller_dag.py took 0.067 seconds
[2025-01-28T06:29:00.063+0000] {processor.py:186} INFO - Started process (PID=5543) to work on /home/ubuntu/.local/lib/python3.12/site-packages/airflow/example_dags/example_trigger_controller_dag.py
[2025-01-28T06:29:00.064+0000] {processor.py:914} INFO - Processing file /home/ubuntu/.local/lib/python3.12/site-packages/airflow/example_dags/example_trigger_controller_dag.py for tasks to queue
[2025-01-28T06:29:00.067+0000] {logging_mixin.py:190} INFO - [2025-01-28T06:29:00.066+0000] {dagbag.py:588} INFO - Filling up the DagBag from /home/ubuntu/.local/lib/python3.12/site-packages/airflow/example_dags/example_trigger_controller_dag.py
[2025-01-28T06:29:00.074+0000] {processor.py:925} INFO - DAG(s) 'example_trigger_controller_dag' retrieved from /home/ubuntu/.local/lib/python3.12/site-packages/airflow/example_dags/example_trigger_controller_dag.py
[2025-01-28T06:29:00.089+0000] {logging_mixin.py:190} INFO - [2025-01-28T06:29:00.089+0000] {dag.py:3239} INFO - Sync 1 DAGs
[2025-01-28T06:29:00.107+0000] {logging_mixin.py:190} INFO - [2025-01-28T06:29:00.107+0000] {dag.py:4180} INFO - Setting next_dagrun for example_trigger_controller_dag to 2021-01-01 00:00:00+00:00, run_after=2021-01-01 00:00:00+00:00
[2025-01-28T06:29:00.130+0000] {processor.py:208} INFO - Processing /home/ubuntu/.local/lib/python3.12/site-packages/airflow/example_dags/example_trigger_controller_dag.py took 0.073 seconds
[2025-01-28T06:29:55.810+0000] {processor.py:186} INFO - Started process (PID=5601) to work on /home/ubuntu/.local/lib/python3.12/site-packages/airflow/example_dags/example_trigger_controller_dag.py
[2025-01-28T06:29:55.811+0000] {processor.py:914} INFO - Processing file /home/ubuntu/.local/lib/python3.12/site-packages/airflow/example_dags/example_trigger_controller_dag.py for tasks to queue
[2025-01-28T06:29:55.814+0000] {logging_mixin.py:190} INFO - [2025-01-28T06:29:55.813+0000] {dagbag.py:588} INFO - Filling up the DagBag from /home/ubuntu/.local/lib/python3.12/site-packages/airflow/example_dags/example_trigger_controller_dag.py
[2025-01-28T06:29:55.821+0000] {processor.py:925} INFO - DAG(s) 'example_trigger_controller_dag' retrieved from /home/ubuntu/.local/lib/python3.12/site-packages/airflow/example_dags/example_trigger_controller_dag.py
[2025-01-28T06:29:55.835+0000] {logging_mixin.py:190} INFO - [2025-01-28T06:29:55.835+0000] {dag.py:3239} INFO - Sync 1 DAGs
[2025-01-28T06:29:55.852+0000] {logging_mixin.py:190} INFO - [2025-01-28T06:29:55.852+0000] {dag.py:4180} INFO - Setting next_dagrun for example_trigger_controller_dag to 2021-01-01 00:00:00+00:00, run_after=2021-01-01 00:00:00+00:00
[2025-01-28T06:29:55.874+0000] {processor.py:208} INFO - Processing /home/ubuntu/.local/lib/python3.12/site-packages/airflow/example_dags/example_trigger_controller_dag.py took 0.070 seconds
[2025-01-28T06:30:50.334+0000] {processor.py:186} INFO - Started process (PID=5709) to work on /home/ubuntu/.local/lib/python3.12/site-packages/airflow/example_dags/example_trigger_controller_dag.py
[2025-01-28T06:30:50.336+0000] {processor.py:914} INFO - Processing file /home/ubuntu/.local/lib/python3.12/site-packages/airflow/example_dags/example_trigger_controller_dag.py for tasks to queue
[2025-01-28T06:30:50.338+0000] {logging_mixin.py:190} INFO - [2025-01-28T06:30:50.338+0000] {dagbag.py:588} INFO - Filling up the DagBag from /home/ubuntu/.local/lib/python3.12/site-packages/airflow/example_dags/example_trigger_controller_dag.py
[2025-01-28T06:30:50.345+0000] {processor.py:925} INFO - DAG(s) 'example_trigger_controller_dag' retrieved from /home/ubuntu/.local/lib/python3.12/site-packages/airflow/example_dags/example_trigger_controller_dag.py
[2025-01-28T06:30:50.360+0000] {logging_mixin.py:190} INFO - [2025-01-28T06:30:50.360+0000] {dag.py:3239} INFO - Sync 1 DAGs
[2025-01-28T06:30:50.377+0000] {logging_mixin.py:190} INFO - [2025-01-28T06:30:50.377+0000] {dag.py:4180} INFO - Setting next_dagrun for example_trigger_controller_dag to 2021-01-01 00:00:00+00:00, run_after=2021-01-01 00:00:00+00:00
[2025-01-28T06:30:50.401+0000] {processor.py:208} INFO - Processing /home/ubuntu/.local/lib/python3.12/site-packages/airflow/example_dags/example_trigger_controller_dag.py took 0.072 seconds
[2025-01-28T06:31:33.644+0000] {processor.py:186} INFO - Started process (PID=5752) to work on /home/ubuntu/.local/lib/python3.12/site-packages/airflow/example_dags/example_trigger_controller_dag.py
[2025-01-28T06:31:33.646+0000] {processor.py:914} INFO - Processing file /home/ubuntu/.local/lib/python3.12/site-packages/airflow/example_dags/example_trigger_controller_dag.py for tasks to queue
[2025-01-28T06:31:33.648+0000] {logging_mixin.py:190} INFO - [2025-01-28T06:31:33.648+0000] {dagbag.py:588} INFO - Filling up the DagBag from /home/ubuntu/.local/lib/python3.12/site-packages/airflow/example_dags/example_trigger_controller_dag.py
[2025-01-28T06:31:33.655+0000] {processor.py:925} INFO - DAG(s) 'example_trigger_controller_dag' retrieved from /home/ubuntu/.local/lib/python3.12/site-packages/airflow/example_dags/example_trigger_controller_dag.py
[2025-01-28T06:31:33.671+0000] {logging_mixin.py:190} INFO - [2025-01-28T06:31:33.671+0000] {dag.py:3239} INFO - Sync 1 DAGs
[2025-01-28T06:31:33.688+0000] {logging_mixin.py:190} INFO - [2025-01-28T06:31:33.688+0000] {dag.py:4180} INFO - Setting next_dagrun for example_trigger_controller_dag to 2021-01-01 00:00:00+00:00, run_after=2021-01-01 00:00:00+00:00
[2025-01-28T06:31:33.711+0000] {processor.py:208} INFO - Processing /home/ubuntu/.local/lib/python3.12/site-packages/airflow/example_dags/example_trigger_controller_dag.py took 0.072 seconds
[2025-01-28T06:32:15.093+0000] {processor.py:186} INFO - Started process (PID=5796) to work on /home/ubuntu/.local/lib/python3.12/site-packages/airflow/example_dags/example_trigger_controller_dag.py
[2025-01-28T06:32:15.095+0000] {processor.py:914} INFO - Processing file /home/ubuntu/.local/lib/python3.12/site-packages/airflow/example_dags/example_trigger_controller_dag.py for tasks to queue
[2025-01-28T06:32:15.097+0000] {logging_mixin.py:190} INFO - [2025-01-28T06:32:15.097+0000] {dagbag.py:588} INFO - Filling up the DagBag from /home/ubuntu/.local/lib/python3.12/site-packages/airflow/example_dags/example_trigger_controller_dag.py
[2025-01-28T06:32:15.105+0000] {processor.py:925} INFO - DAG(s) 'example_trigger_controller_dag' retrieved from /home/ubuntu/.local/lib/python3.12/site-packages/airflow/example_dags/example_trigger_controller_dag.py
[2025-01-28T06:32:15.119+0000] {logging_mixin.py:190} INFO - [2025-01-28T06:32:15.119+0000] {dag.py:3239} INFO - Sync 1 DAGs
[2025-01-28T06:32:15.136+0000] {logging_mixin.py:190} INFO - [2025-01-28T06:32:15.136+0000] {dag.py:4180} INFO - Setting next_dagrun for example_trigger_controller_dag to 2021-01-01 00:00:00+00:00, run_after=2021-01-01 00:00:00+00:00
[2025-01-28T06:32:15.159+0000] {processor.py:208} INFO - Processing /home/ubuntu/.local/lib/python3.12/site-packages/airflow/example_dags/example_trigger_controller_dag.py took 0.070 seconds
[2025-01-28T06:33:10.632+0000] {processor.py:186} INFO - Started process (PID=5852) to work on /home/ubuntu/.local/lib/python3.12/site-packages/airflow/example_dags/example_trigger_controller_dag.py
[2025-01-28T06:33:10.634+0000] {processor.py:914} INFO - Processing file /home/ubuntu/.local/lib/python3.12/site-packages/airflow/example_dags/example_trigger_controller_dag.py for tasks to queue
[2025-01-28T06:33:10.636+0000] {logging_mixin.py:190} INFO - [2025-01-28T06:33:10.636+0000] {dagbag.py:588} INFO - Filling up the DagBag from /home/ubuntu/.local/lib/python3.12/site-packages/airflow/example_dags/example_trigger_controller_dag.py
[2025-01-28T06:33:10.644+0000] {processor.py:925} INFO - DAG(s) 'example_trigger_controller_dag' retrieved from /home/ubuntu/.local/lib/python3.12/site-packages/airflow/example_dags/example_trigger_controller_dag.py
[2025-01-28T06:33:10.657+0000] {logging_mixin.py:190} INFO - [2025-01-28T06:33:10.657+0000] {dag.py:3239} INFO - Sync 1 DAGs
[2025-01-28T06:33:10.675+0000] {logging_mixin.py:190} INFO - [2025-01-28T06:33:10.675+0000] {dag.py:4180} INFO - Setting next_dagrun for example_trigger_controller_dag to 2021-01-01 00:00:00+00:00, run_after=2021-01-01 00:00:00+00:00
[2025-01-28T06:33:10.699+0000] {processor.py:208} INFO - Processing /home/ubuntu/.local/lib/python3.12/site-packages/airflow/example_dags/example_trigger_controller_dag.py took 0.073 seconds
[2025-01-28T06:34:11.152+0000] {processor.py:186} INFO - Started process (PID=5918) to work on /home/ubuntu/.local/lib/python3.12/site-packages/airflow/example_dags/example_trigger_controller_dag.py
[2025-01-28T06:34:11.153+0000] {processor.py:914} INFO - Processing file /home/ubuntu/.local/lib/python3.12/site-packages/airflow/example_dags/example_trigger_controller_dag.py for tasks to queue
[2025-01-28T06:34:11.156+0000] {logging_mixin.py:190} INFO - [2025-01-28T06:34:11.155+0000] {dagbag.py:588} INFO - Filling up the DagBag from /home/ubuntu/.local/lib/python3.12/site-packages/airflow/example_dags/example_trigger_controller_dag.py
[2025-01-28T06:34:11.162+0000] {processor.py:925} INFO - DAG(s) 'example_trigger_controller_dag' retrieved from /home/ubuntu/.local/lib/python3.12/site-packages/airflow/example_dags/example_trigger_controller_dag.py
[2025-01-28T06:34:11.177+0000] {logging_mixin.py:190} INFO - [2025-01-28T06:34:11.177+0000] {dag.py:3239} INFO - Sync 1 DAGs
[2025-01-28T06:34:11.195+0000] {logging_mixin.py:190} INFO - [2025-01-28T06:34:11.194+0000] {dag.py:4180} INFO - Setting next_dagrun for example_trigger_controller_dag to 2021-01-01 00:00:00+00:00, run_after=2021-01-01 00:00:00+00:00
[2025-01-28T06:34:11.216+0000] {processor.py:208} INFO - Processing /home/ubuntu/.local/lib/python3.12/site-packages/airflow/example_dags/example_trigger_controller_dag.py took 0.070 seconds
[2025-01-28T06:35:07.375+0000] {processor.py:186} INFO - Started process (PID=5978) to work on /home/ubuntu/.local/lib/python3.12/site-packages/airflow/example_dags/example_trigger_controller_dag.py
[2025-01-28T06:35:07.377+0000] {processor.py:914} INFO - Processing file /home/ubuntu/.local/lib/python3.12/site-packages/airflow/example_dags/example_trigger_controller_dag.py for tasks to queue
[2025-01-28T06:35:07.379+0000] {logging_mixin.py:190} INFO - [2025-01-28T06:35:07.378+0000] {dagbag.py:588} INFO - Filling up the DagBag from /home/ubuntu/.local/lib/python3.12/site-packages/airflow/example_dags/example_trigger_controller_dag.py
[2025-01-28T06:35:07.386+0000] {processor.py:925} INFO - DAG(s) 'example_trigger_controller_dag' retrieved from /home/ubuntu/.local/lib/python3.12/site-packages/airflow/example_dags/example_trigger_controller_dag.py
[2025-01-28T06:35:07.402+0000] {logging_mixin.py:190} INFO - [2025-01-28T06:35:07.402+0000] {dag.py:3239} INFO - Sync 1 DAGs
[2025-01-28T06:35:07.420+0000] {logging_mixin.py:190} INFO - [2025-01-28T06:35:07.420+0000] {dag.py:4180} INFO - Setting next_dagrun for example_trigger_controller_dag to 2021-01-01 00:00:00+00:00, run_after=2021-01-01 00:00:00+00:00
[2025-01-28T06:35:07.442+0000] {processor.py:208} INFO - Processing /home/ubuntu/.local/lib/python3.12/site-packages/airflow/example_dags/example_trigger_controller_dag.py took 0.072 seconds
[2025-01-28T06:36:00.796+0000] {processor.py:186} INFO - Started process (PID=6034) to work on /home/ubuntu/.local/lib/python3.12/site-packages/airflow/example_dags/example_trigger_controller_dag.py
[2025-01-28T06:36:00.798+0000] {processor.py:914} INFO - Processing file /home/ubuntu/.local/lib/python3.12/site-packages/airflow/example_dags/example_trigger_controller_dag.py for tasks to queue
[2025-01-28T06:36:00.799+0000] {logging_mixin.py:190} INFO - [2025-01-28T06:36:00.799+0000] {dagbag.py:588} INFO - Filling up the DagBag from /home/ubuntu/.local/lib/python3.12/site-packages/airflow/example_dags/example_trigger_controller_dag.py
[2025-01-28T06:36:00.806+0000] {processor.py:925} INFO - DAG(s) 'example_trigger_controller_dag' retrieved from /home/ubuntu/.local/lib/python3.12/site-packages/airflow/example_dags/example_trigger_controller_dag.py
[2025-01-28T06:36:00.821+0000] {logging_mixin.py:190} INFO - [2025-01-28T06:36:00.821+0000] {dag.py:3239} INFO - Sync 1 DAGs
[2025-01-28T06:36:00.838+0000] {logging_mixin.py:190} INFO - [2025-01-28T06:36:00.838+0000] {dag.py:4180} INFO - Setting next_dagrun for example_trigger_controller_dag to 2021-01-01 00:00:00+00:00, run_after=2021-01-01 00:00:00+00:00
[2025-01-28T06:36:00.860+0000] {processor.py:208} INFO - Processing /home/ubuntu/.local/lib/python3.12/site-packages/airflow/example_dags/example_trigger_controller_dag.py took 0.069 seconds
[2025-01-28T06:36:51.651+0000] {processor.py:186} INFO - Started process (PID=6087) to work on /home/ubuntu/.local/lib/python3.12/site-packages/airflow/example_dags/example_trigger_controller_dag.py
[2025-01-28T06:36:51.654+0000] {processor.py:914} INFO - Processing file /home/ubuntu/.local/lib/python3.12/site-packages/airflow/example_dags/example_trigger_controller_dag.py for tasks to queue
[2025-01-28T06:36:51.656+0000] {logging_mixin.py:190} INFO - [2025-01-28T06:36:51.656+0000] {dagbag.py:588} INFO - Filling up the DagBag from /home/ubuntu/.local/lib/python3.12/site-packages/airflow/example_dags/example_trigger_controller_dag.py
[2025-01-28T06:36:51.663+0000] {processor.py:925} INFO - DAG(s) 'example_trigger_controller_dag' retrieved from /home/ubuntu/.local/lib/python3.12/site-packages/airflow/example_dags/example_trigger_controller_dag.py
[2025-01-28T06:36:51.679+0000] {logging_mixin.py:190} INFO - [2025-01-28T06:36:51.679+0000] {dag.py:3239} INFO - Sync 1 DAGs
[2025-01-28T06:36:51.696+0000] {logging_mixin.py:190} INFO - [2025-01-28T06:36:51.696+0000] {dag.py:4180} INFO - Setting next_dagrun for example_trigger_controller_dag to 2021-01-01 00:00:00+00:00, run_after=2021-01-01 00:00:00+00:00
[2025-01-28T06:36:51.718+0000] {processor.py:208} INFO - Processing /home/ubuntu/.local/lib/python3.12/site-packages/airflow/example_dags/example_trigger_controller_dag.py took 0.072 seconds
[2025-01-28T06:37:44.684+0000] {processor.py:186} INFO - Started process (PID=6142) to work on /home/ubuntu/.local/lib/python3.12/site-packages/airflow/example_dags/example_trigger_controller_dag.py
[2025-01-28T06:37:44.686+0000] {processor.py:914} INFO - Processing file /home/ubuntu/.local/lib/python3.12/site-packages/airflow/example_dags/example_trigger_controller_dag.py for tasks to queue
[2025-01-28T06:37:44.688+0000] {logging_mixin.py:190} INFO - [2025-01-28T06:37:44.688+0000] {dagbag.py:588} INFO - Filling up the DagBag from /home/ubuntu/.local/lib/python3.12/site-packages/airflow/example_dags/example_trigger_controller_dag.py
[2025-01-28T06:37:44.695+0000] {processor.py:925} INFO - DAG(s) 'example_trigger_controller_dag' retrieved from /home/ubuntu/.local/lib/python3.12/site-packages/airflow/example_dags/example_trigger_controller_dag.py
[2025-01-28T06:37:44.710+0000] {logging_mixin.py:190} INFO - [2025-01-28T06:37:44.710+0000] {dag.py:3239} INFO - Sync 1 DAGs
[2025-01-28T06:37:44.728+0000] {logging_mixin.py:190} INFO - [2025-01-28T06:37:44.728+0000] {dag.py:4180} INFO - Setting next_dagrun for example_trigger_controller_dag to 2021-01-01 00:00:00+00:00, run_after=2021-01-01 00:00:00+00:00
[2025-01-28T06:37:44.751+0000] {processor.py:208} INFO - Processing /home/ubuntu/.local/lib/python3.12/site-packages/airflow/example_dags/example_trigger_controller_dag.py took 0.072 seconds
[2025-01-28T06:38:38.712+0000] {processor.py:186} INFO - Started process (PID=6198) to work on /home/ubuntu/.local/lib/python3.12/site-packages/airflow/example_dags/example_trigger_controller_dag.py
[2025-01-28T06:38:38.714+0000] {processor.py:914} INFO - Processing file /home/ubuntu/.local/lib/python3.12/site-packages/airflow/example_dags/example_trigger_controller_dag.py for tasks to queue
[2025-01-28T06:38:38.716+0000] {logging_mixin.py:190} INFO - [2025-01-28T06:38:38.715+0000] {dagbag.py:588} INFO - Filling up the DagBag from /home/ubuntu/.local/lib/python3.12/site-packages/airflow/example_dags/example_trigger_controller_dag.py
[2025-01-28T06:38:38.723+0000] {processor.py:925} INFO - DAG(s) 'example_trigger_controller_dag' retrieved from /home/ubuntu/.local/lib/python3.12/site-packages/airflow/example_dags/example_trigger_controller_dag.py
[2025-01-28T06:38:38.738+0000] {logging_mixin.py:190} INFO - [2025-01-28T06:38:38.738+0000] {dag.py:3239} INFO - Sync 1 DAGs
[2025-01-28T06:38:38.755+0000] {logging_mixin.py:190} INFO - [2025-01-28T06:38:38.755+0000] {dag.py:4180} INFO - Setting next_dagrun for example_trigger_controller_dag to 2021-01-01 00:00:00+00:00, run_after=2021-01-01 00:00:00+00:00
[2025-01-28T06:38:38.777+0000] {processor.py:208} INFO - Processing /home/ubuntu/.local/lib/python3.12/site-packages/airflow/example_dags/example_trigger_controller_dag.py took 0.070 seconds
[2025-01-28T06:39:35.204+0000] {processor.py:186} INFO - Started process (PID=6255) to work on /home/ubuntu/.local/lib/python3.12/site-packages/airflow/example_dags/example_trigger_controller_dag.py
[2025-01-28T06:39:35.206+0000] {processor.py:914} INFO - Processing file /home/ubuntu/.local/lib/python3.12/site-packages/airflow/example_dags/example_trigger_controller_dag.py for tasks to queue
[2025-01-28T06:39:35.208+0000] {logging_mixin.py:190} INFO - [2025-01-28T06:39:35.208+0000] {dagbag.py:588} INFO - Filling up the DagBag from /home/ubuntu/.local/lib/python3.12/site-packages/airflow/example_dags/example_trigger_controller_dag.py
[2025-01-28T06:39:35.215+0000] {processor.py:925} INFO - DAG(s) 'example_trigger_controller_dag' retrieved from /home/ubuntu/.local/lib/python3.12/site-packages/airflow/example_dags/example_trigger_controller_dag.py
[2025-01-28T06:39:35.230+0000] {logging_mixin.py:190} INFO - [2025-01-28T06:39:35.230+0000] {dag.py:3239} INFO - Sync 1 DAGs
[2025-01-28T06:39:35.247+0000] {logging_mixin.py:190} INFO - [2025-01-28T06:39:35.246+0000] {dag.py:4180} INFO - Setting next_dagrun for example_trigger_controller_dag to 2021-01-01 00:00:00+00:00, run_after=2021-01-01 00:00:00+00:00
[2025-01-28T06:39:35.268+0000] {processor.py:208} INFO - Processing /home/ubuntu/.local/lib/python3.12/site-packages/airflow/example_dags/example_trigger_controller_dag.py took 0.070 seconds
[2025-01-28T06:40:31.162+0000] {processor.py:186} INFO - Started process (PID=6317) to work on /home/ubuntu/.local/lib/python3.12/site-packages/airflow/example_dags/example_trigger_controller_dag.py
[2025-01-28T06:40:31.164+0000] {processor.py:914} INFO - Processing file /home/ubuntu/.local/lib/python3.12/site-packages/airflow/example_dags/example_trigger_controller_dag.py for tasks to queue
[2025-01-28T06:40:31.165+0000] {logging_mixin.py:190} INFO - [2025-01-28T06:40:31.165+0000] {dagbag.py:588} INFO - Filling up the DagBag from /home/ubuntu/.local/lib/python3.12/site-packages/airflow/example_dags/example_trigger_controller_dag.py
[2025-01-28T06:40:31.173+0000] {processor.py:925} INFO - DAG(s) 'example_trigger_controller_dag' retrieved from /home/ubuntu/.local/lib/python3.12/site-packages/airflow/example_dags/example_trigger_controller_dag.py
[2025-01-28T06:40:31.188+0000] {logging_mixin.py:190} INFO - [2025-01-28T06:40:31.188+0000] {dag.py:3239} INFO - Sync 1 DAGs
[2025-01-28T06:40:31.205+0000] {logging_mixin.py:190} INFO - [2025-01-28T06:40:31.205+0000] {dag.py:4180} INFO - Setting next_dagrun for example_trigger_controller_dag to 2021-01-01 00:00:00+00:00, run_after=2021-01-01 00:00:00+00:00
[2025-01-28T06:40:31.226+0000] {processor.py:208} INFO - Processing /home/ubuntu/.local/lib/python3.12/site-packages/airflow/example_dags/example_trigger_controller_dag.py took 0.069 seconds
[2025-01-28T06:41:31.896+0000] {processor.py:186} INFO - Started process (PID=6494) to work on /home/ubuntu/.local/lib/python3.12/site-packages/airflow/example_dags/example_trigger_controller_dag.py
[2025-01-28T06:41:31.898+0000] {processor.py:914} INFO - Processing file /home/ubuntu/.local/lib/python3.12/site-packages/airflow/example_dags/example_trigger_controller_dag.py for tasks to queue
[2025-01-28T06:41:31.901+0000] {logging_mixin.py:190} INFO - [2025-01-28T06:41:31.901+0000] {dagbag.py:588} INFO - Filling up the DagBag from /home/ubuntu/.local/lib/python3.12/site-packages/airflow/example_dags/example_trigger_controller_dag.py
[2025-01-28T06:41:31.908+0000] {processor.py:925} INFO - DAG(s) 'example_trigger_controller_dag' retrieved from /home/ubuntu/.local/lib/python3.12/site-packages/airflow/example_dags/example_trigger_controller_dag.py
[2025-01-28T06:41:31.923+0000] {logging_mixin.py:190} INFO - [2025-01-28T06:41:31.923+0000] {dag.py:3239} INFO - Sync 1 DAGs
[2025-01-28T06:41:31.940+0000] {logging_mixin.py:190} INFO - [2025-01-28T06:41:31.940+0000] {dag.py:4180} INFO - Setting next_dagrun for example_trigger_controller_dag to 2021-01-01 00:00:00+00:00, run_after=2021-01-01 00:00:00+00:00
[2025-01-28T06:41:31.966+0000] {processor.py:208} INFO - Processing /home/ubuntu/.local/lib/python3.12/site-packages/airflow/example_dags/example_trigger_controller_dag.py took 0.075 seconds
[2025-01-28T06:42:31.762+0000] {processor.py:186} INFO - Started process (PID=6568) to work on /home/ubuntu/.local/lib/python3.12/site-packages/airflow/example_dags/example_trigger_controller_dag.py
[2025-01-28T06:42:31.765+0000] {processor.py:914} INFO - Processing file /home/ubuntu/.local/lib/python3.12/site-packages/airflow/example_dags/example_trigger_controller_dag.py for tasks to queue
[2025-01-28T06:42:31.766+0000] {logging_mixin.py:190} INFO - [2025-01-28T06:42:31.766+0000] {dagbag.py:588} INFO - Filling up the DagBag from /home/ubuntu/.local/lib/python3.12/site-packages/airflow/example_dags/example_trigger_controller_dag.py
[2025-01-28T06:42:31.774+0000] {processor.py:925} INFO - DAG(s) 'example_trigger_controller_dag' retrieved from /home/ubuntu/.local/lib/python3.12/site-packages/airflow/example_dags/example_trigger_controller_dag.py
[2025-01-28T06:42:31.788+0000] {logging_mixin.py:190} INFO - [2025-01-28T06:42:31.788+0000] {dag.py:3239} INFO - Sync 1 DAGs
[2025-01-28T06:42:31.805+0000] {logging_mixin.py:190} INFO - [2025-01-28T06:42:31.805+0000] {dag.py:4180} INFO - Setting next_dagrun for example_trigger_controller_dag to 2021-01-01 00:00:00+00:00, run_after=2021-01-01 00:00:00+00:00
[2025-01-28T06:42:31.828+0000] {processor.py:208} INFO - Processing /home/ubuntu/.local/lib/python3.12/site-packages/airflow/example_dags/example_trigger_controller_dag.py took 0.071 seconds
[2025-01-28T06:43:27.625+0000] {processor.py:186} INFO - Started process (PID=6624) to work on /home/ubuntu/.local/lib/python3.12/site-packages/airflow/example_dags/example_trigger_controller_dag.py
[2025-01-28T06:43:27.627+0000] {processor.py:914} INFO - Processing file /home/ubuntu/.local/lib/python3.12/site-packages/airflow/example_dags/example_trigger_controller_dag.py for tasks to queue
[2025-01-28T06:43:27.629+0000] {logging_mixin.py:190} INFO - [2025-01-28T06:43:27.629+0000] {dagbag.py:588} INFO - Filling up the DagBag from /home/ubuntu/.local/lib/python3.12/site-packages/airflow/example_dags/example_trigger_controller_dag.py
[2025-01-28T06:43:27.636+0000] {processor.py:925} INFO - DAG(s) 'example_trigger_controller_dag' retrieved from /home/ubuntu/.local/lib/python3.12/site-packages/airflow/example_dags/example_trigger_controller_dag.py
[2025-01-28T06:43:27.651+0000] {logging_mixin.py:190} INFO - [2025-01-28T06:43:27.651+0000] {dag.py:3239} INFO - Sync 1 DAGs
[2025-01-28T06:43:27.800+0000] {logging_mixin.py:190} INFO - [2025-01-28T06:43:27.800+0000] {dag.py:4180} INFO - Setting next_dagrun for example_trigger_controller_dag to 2021-01-01 00:00:00+00:00, run_after=2021-01-01 00:00:00+00:00
[2025-01-28T06:43:27.822+0000] {processor.py:208} INFO - Processing /home/ubuntu/.local/lib/python3.12/site-packages/airflow/example_dags/example_trigger_controller_dag.py took 0.202 seconds
[2025-01-28T06:44:36.678+0000] {processor.py:186} INFO - Started process (PID=6689) to work on /home/ubuntu/.local/lib/python3.12/site-packages/airflow/example_dags/example_trigger_controller_dag.py
[2025-01-28T06:44:36.679+0000] {processor.py:914} INFO - Processing file /home/ubuntu/.local/lib/python3.12/site-packages/airflow/example_dags/example_trigger_controller_dag.py for tasks to queue
[2025-01-28T06:44:36.682+0000] {logging_mixin.py:190} INFO - [2025-01-28T06:44:36.682+0000] {dagbag.py:588} INFO - Filling up the DagBag from /home/ubuntu/.local/lib/python3.12/site-packages/airflow/example_dags/example_trigger_controller_dag.py
[2025-01-28T06:44:36.689+0000] {processor.py:925} INFO - DAG(s) 'example_trigger_controller_dag' retrieved from /home/ubuntu/.local/lib/python3.12/site-packages/airflow/example_dags/example_trigger_controller_dag.py
[2025-01-28T06:44:36.704+0000] {logging_mixin.py:190} INFO - [2025-01-28T06:44:36.703+0000] {dag.py:3239} INFO - Sync 1 DAGs
[2025-01-28T06:44:36.721+0000] {logging_mixin.py:190} INFO - [2025-01-28T06:44:36.721+0000] {dag.py:4180} INFO - Setting next_dagrun for example_trigger_controller_dag to 2021-01-01 00:00:00+00:00, run_after=2021-01-01 00:00:00+00:00
[2025-01-28T06:44:36.887+0000] {processor.py:208} INFO - Processing /home/ubuntu/.local/lib/python3.12/site-packages/airflow/example_dags/example_trigger_controller_dag.py took 0.214 seconds
[2025-01-28T06:45:36.446+0000] {processor.py:186} INFO - Started process (PID=6763) to work on /home/ubuntu/.local/lib/python3.12/site-packages/airflow/example_dags/example_trigger_controller_dag.py
[2025-01-28T06:45:36.448+0000] {processor.py:914} INFO - Processing file /home/ubuntu/.local/lib/python3.12/site-packages/airflow/example_dags/example_trigger_controller_dag.py for tasks to queue
[2025-01-28T06:45:36.451+0000] {logging_mixin.py:190} INFO - [2025-01-28T06:45:36.450+0000] {dagbag.py:588} INFO - Filling up the DagBag from /home/ubuntu/.local/lib/python3.12/site-packages/airflow/example_dags/example_trigger_controller_dag.py
[2025-01-28T06:45:36.458+0000] {processor.py:925} INFO - DAG(s) 'example_trigger_controller_dag' retrieved from /home/ubuntu/.local/lib/python3.12/site-packages/airflow/example_dags/example_trigger_controller_dag.py
[2025-01-28T06:45:36.472+0000] {logging_mixin.py:190} INFO - [2025-01-28T06:45:36.472+0000] {dag.py:3239} INFO - Sync 1 DAGs
[2025-01-28T06:45:36.489+0000] {logging_mixin.py:190} INFO - [2025-01-28T06:45:36.489+0000] {dag.py:4180} INFO - Setting next_dagrun for example_trigger_controller_dag to 2021-01-01 00:00:00+00:00, run_after=2021-01-01 00:00:00+00:00
[2025-01-28T06:45:36.514+0000] {processor.py:208} INFO - Processing /home/ubuntu/.local/lib/python3.12/site-packages/airflow/example_dags/example_trigger_controller_dag.py took 0.073 seconds
[2025-01-28T06:46:29.214+0000] {processor.py:186} INFO - Started process (PID=6969) to work on /home/ubuntu/.local/lib/python3.12/site-packages/airflow/example_dags/example_trigger_controller_dag.py
[2025-01-28T06:46:29.216+0000] {processor.py:914} INFO - Processing file /home/ubuntu/.local/lib/python3.12/site-packages/airflow/example_dags/example_trigger_controller_dag.py for tasks to queue
[2025-01-28T06:46:29.218+0000] {logging_mixin.py:190} INFO - [2025-01-28T06:46:29.217+0000] {dagbag.py:588} INFO - Filling up the DagBag from /home/ubuntu/.local/lib/python3.12/site-packages/airflow/example_dags/example_trigger_controller_dag.py
[2025-01-28T06:46:29.224+0000] {processor.py:925} INFO - DAG(s) 'example_trigger_controller_dag' retrieved from /home/ubuntu/.local/lib/python3.12/site-packages/airflow/example_dags/example_trigger_controller_dag.py
[2025-01-28T06:46:29.238+0000] {logging_mixin.py:190} INFO - [2025-01-28T06:46:29.238+0000] {dag.py:3239} INFO - Sync 1 DAGs
[2025-01-28T06:46:29.255+0000] {logging_mixin.py:190} INFO - [2025-01-28T06:46:29.255+0000] {dag.py:4180} INFO - Setting next_dagrun for example_trigger_controller_dag to 2021-01-01 00:00:00+00:00, run_after=2021-01-01 00:00:00+00:00
[2025-01-28T06:46:29.278+0000] {processor.py:208} INFO - Processing /home/ubuntu/.local/lib/python3.12/site-packages/airflow/example_dags/example_trigger_controller_dag.py took 0.069 seconds
