[2025-01-28T03:40:15.881+0000] {processor.py:186} INFO - Started process (PID=9671) to work on /home/ubuntu/airflow-venv/lib/python3.12/site-packages/airflow/example_dags/example_bash_operator.py
[2025-01-28T03:40:15.882+0000] {processor.py:914} INFO - Processing file /home/ubuntu/airflow-venv/lib/python3.12/site-packages/airflow/example_dags/example_bash_operator.py for tasks to queue
[2025-01-28T03:40:15.884+0000] {logging_mixin.py:190} INFO - [2025-01-28T03:40:15.883+0000] {dagbag.py:588} INFO - Filling up the DagBag from /home/ubuntu/airflow-venv/lib/python3.12/site-packages/airflow/example_dags/example_bash_operator.py
[2025-01-28T03:40:15.897+0000] {processor.py:925} INFO - DAG(s) 'example_bash_operator' retrieved from /home/ubuntu/airflow-venv/lib/python3.12/site-packages/airflow/example_dags/example_bash_operator.py
[2025-01-28T03:40:16.009+0000] {logging_mixin.py:190} INFO - [2025-01-28T03:40:16.009+0000] {override.py:1912} INFO - Created Permission View: can read on DAG:example_bash_operator
[2025-01-28T03:40:16.028+0000] {logging_mixin.py:190} INFO - [2025-01-28T03:40:16.028+0000] {override.py:1912} INFO - Created Permission View: can delete on DAG:example_bash_operator
[2025-01-28T03:40:16.039+0000] {logging_mixin.py:190} INFO - [2025-01-28T03:40:16.039+0000] {override.py:1912} INFO - Created Permission View: can edit on DAG:example_bash_operator
[2025-01-28T03:40:16.057+0000] {logging_mixin.py:190} INFO - [2025-01-28T03:40:16.057+0000] {override.py:1912} INFO - Created Permission View: menu access on DAG Run:example_bash_operator
[2025-01-28T03:40:16.067+0000] {logging_mixin.py:190} INFO - [2025-01-28T03:40:16.067+0000] {override.py:1912} INFO - Created Permission View: can read on DAG Run:example_bash_operator
[2025-01-28T03:40:16.078+0000] {logging_mixin.py:190} INFO - [2025-01-28T03:40:16.077+0000] {override.py:1912} INFO - Created Permission View: can delete on DAG Run:example_bash_operator
[2025-01-28T03:40:16.089+0000] {logging_mixin.py:190} INFO - [2025-01-28T03:40:16.088+0000] {override.py:1912} INFO - Created Permission View: can create on DAG Run:example_bash_operator
[2025-01-28T03:40:16.089+0000] {logging_mixin.py:190} INFO - [2025-01-28T03:40:16.089+0000] {dag.py:3239} INFO - Sync 1 DAGs
[2025-01-28T03:40:16.100+0000] {logging_mixin.py:190} INFO - [2025-01-28T03:40:16.100+0000] {dag.py:3262} INFO - Creating ORM DAG for example_bash_operator
[2025-01-28T03:40:16.109+0000] {logging_mixin.py:190} INFO - [2025-01-28T03:40:16.108+0000] {dag.py:4180} INFO - Setting next_dagrun for example_bash_operator to 2025-01-27 00:00:00+00:00, run_after=2025-01-28 00:00:00+00:00
[2025-01-28T03:40:16.130+0000] {processor.py:208} INFO - Processing /home/ubuntu/airflow-venv/lib/python3.12/site-packages/airflow/example_dags/example_bash_operator.py took 0.254 seconds
[2025-01-28T03:41:15.508+0000] {processor.py:186} INFO - Started process (PID=9730) to work on /home/ubuntu/airflow-venv/lib/python3.12/site-packages/airflow/example_dags/example_bash_operator.py
[2025-01-28T03:41:15.510+0000] {processor.py:914} INFO - Processing file /home/ubuntu/airflow-venv/lib/python3.12/site-packages/airflow/example_dags/example_bash_operator.py for tasks to queue
[2025-01-28T03:41:15.512+0000] {logging_mixin.py:190} INFO - [2025-01-28T03:41:15.511+0000] {dagbag.py:588} INFO - Filling up the DagBag from /home/ubuntu/airflow-venv/lib/python3.12/site-packages/airflow/example_dags/example_bash_operator.py
[2025-01-28T03:41:15.525+0000] {processor.py:925} INFO - DAG(s) 'example_bash_operator' retrieved from /home/ubuntu/airflow-venv/lib/python3.12/site-packages/airflow/example_dags/example_bash_operator.py
[2025-01-28T03:41:15.544+0000] {logging_mixin.py:190} INFO - [2025-01-28T03:41:15.544+0000] {dag.py:3239} INFO - Sync 1 DAGs
[2025-01-28T03:41:15.562+0000] {logging_mixin.py:190} INFO - [2025-01-28T03:41:15.562+0000] {dag.py:4180} INFO - Setting next_dagrun for example_bash_operator to 2025-01-27 00:00:00+00:00, run_after=2025-01-28 00:00:00+00:00
[2025-01-28T03:41:15.587+0000] {processor.py:208} INFO - Processing /home/ubuntu/airflow-venv/lib/python3.12/site-packages/airflow/example_dags/example_bash_operator.py took 0.085 seconds
[2025-01-28T03:43:50.637+0000] {processor.py:186} INFO - Started process (PID=9829) to work on /home/ubuntu/airflow-venv/lib/python3.12/site-packages/airflow/example_dags/example_bash_operator.py
[2025-01-28T03:43:50.639+0000] {processor.py:914} INFO - Processing file /home/ubuntu/airflow-venv/lib/python3.12/site-packages/airflow/example_dags/example_bash_operator.py for tasks to queue
[2025-01-28T03:43:50.640+0000] {logging_mixin.py:190} INFO - [2025-01-28T03:43:50.640+0000] {dagbag.py:588} INFO - Filling up the DagBag from /home/ubuntu/airflow-venv/lib/python3.12/site-packages/airflow/example_dags/example_bash_operator.py
[2025-01-28T03:43:50.653+0000] {processor.py:925} INFO - DAG(s) 'example_bash_operator' retrieved from /home/ubuntu/airflow-venv/lib/python3.12/site-packages/airflow/example_dags/example_bash_operator.py
[2025-01-28T03:43:50.674+0000] {logging_mixin.py:190} INFO - [2025-01-28T03:43:50.674+0000] {dag.py:3239} INFO - Sync 1 DAGs
[2025-01-28T03:43:50.693+0000] {logging_mixin.py:190} INFO - [2025-01-28T03:43:50.693+0000] {dag.py:4180} INFO - Setting next_dagrun for example_bash_operator to 2025-01-27 00:00:00+00:00, run_after=2025-01-28 00:00:00+00:00
[2025-01-28T03:43:50.725+0000] {processor.py:208} INFO - Processing /home/ubuntu/airflow-venv/lib/python3.12/site-packages/airflow/example_dags/example_bash_operator.py took 0.093 seconds
[2025-01-28T03:44:46.529+0000] {processor.py:186} INFO - Started process (PID=9887) to work on /home/ubuntu/airflow-venv/lib/python3.12/site-packages/airflow/example_dags/example_bash_operator.py
[2025-01-28T03:44:46.531+0000] {processor.py:914} INFO - Processing file /home/ubuntu/airflow-venv/lib/python3.12/site-packages/airflow/example_dags/example_bash_operator.py for tasks to queue
[2025-01-28T03:44:46.532+0000] {logging_mixin.py:190} INFO - [2025-01-28T03:44:46.532+0000] {dagbag.py:588} INFO - Filling up the DagBag from /home/ubuntu/airflow-venv/lib/python3.12/site-packages/airflow/example_dags/example_bash_operator.py
[2025-01-28T03:44:46.546+0000] {processor.py:925} INFO - DAG(s) 'example_bash_operator' retrieved from /home/ubuntu/airflow-venv/lib/python3.12/site-packages/airflow/example_dags/example_bash_operator.py
[2025-01-28T03:44:46.566+0000] {logging_mixin.py:190} INFO - [2025-01-28T03:44:46.566+0000] {dag.py:3239} INFO - Sync 1 DAGs
[2025-01-28T03:44:46.586+0000] {logging_mixin.py:190} INFO - [2025-01-28T03:44:46.585+0000] {dag.py:4180} INFO - Setting next_dagrun for example_bash_operator to 2025-01-27 00:00:00+00:00, run_after=2025-01-28 00:00:00+00:00
[2025-01-28T03:44:46.607+0000] {processor.py:208} INFO - Processing /home/ubuntu/airflow-venv/lib/python3.12/site-packages/airflow/example_dags/example_bash_operator.py took 0.083 seconds
[2025-01-28T03:46:03.886+0000] {processor.py:186} INFO - Started process (PID=9972) to work on /home/ubuntu/airflow-venv/lib/python3.12/site-packages/airflow/example_dags/example_bash_operator.py
[2025-01-28T03:46:03.887+0000] {processor.py:914} INFO - Processing file /home/ubuntu/airflow-venv/lib/python3.12/site-packages/airflow/example_dags/example_bash_operator.py for tasks to queue
[2025-01-28T03:46:03.889+0000] {logging_mixin.py:190} INFO - [2025-01-28T03:46:03.889+0000] {dagbag.py:588} INFO - Filling up the DagBag from /home/ubuntu/airflow-venv/lib/python3.12/site-packages/airflow/example_dags/example_bash_operator.py
[2025-01-28T03:46:03.902+0000] {processor.py:925} INFO - DAG(s) 'example_bash_operator' retrieved from /home/ubuntu/airflow-venv/lib/python3.12/site-packages/airflow/example_dags/example_bash_operator.py
[2025-01-28T03:46:03.923+0000] {logging_mixin.py:190} INFO - [2025-01-28T03:46:03.923+0000] {dag.py:3239} INFO - Sync 1 DAGs
[2025-01-28T03:46:03.942+0000] {logging_mixin.py:190} INFO - [2025-01-28T03:46:03.942+0000] {dag.py:4180} INFO - Setting next_dagrun for example_bash_operator to 2025-01-27 00:00:00+00:00, run_after=2025-01-28 00:00:00+00:00
[2025-01-28T03:46:03.965+0000] {processor.py:208} INFO - Processing /home/ubuntu/airflow-venv/lib/python3.12/site-packages/airflow/example_dags/example_bash_operator.py took 0.086 seconds
[2025-01-28T03:47:01.642+0000] {processor.py:186} INFO - Started process (PID=10029) to work on /home/ubuntu/airflow-venv/lib/python3.12/site-packages/airflow/example_dags/example_bash_operator.py
[2025-01-28T03:47:01.643+0000] {processor.py:914} INFO - Processing file /home/ubuntu/airflow-venv/lib/python3.12/site-packages/airflow/example_dags/example_bash_operator.py for tasks to queue
[2025-01-28T03:47:01.646+0000] {logging_mixin.py:190} INFO - [2025-01-28T03:47:01.645+0000] {dagbag.py:588} INFO - Filling up the DagBag from /home/ubuntu/airflow-venv/lib/python3.12/site-packages/airflow/example_dags/example_bash_operator.py
[2025-01-28T03:47:01.659+0000] {processor.py:925} INFO - DAG(s) 'example_bash_operator' retrieved from /home/ubuntu/airflow-venv/lib/python3.12/site-packages/airflow/example_dags/example_bash_operator.py
[2025-01-28T03:47:01.680+0000] {logging_mixin.py:190} INFO - [2025-01-28T03:47:01.680+0000] {dag.py:3239} INFO - Sync 1 DAGs
[2025-01-28T03:47:01.699+0000] {logging_mixin.py:190} INFO - [2025-01-28T03:47:01.699+0000] {dag.py:4180} INFO - Setting next_dagrun for example_bash_operator to 2025-01-27 00:00:00+00:00, run_after=2025-01-28 00:00:00+00:00
[2025-01-28T03:47:01.728+0000] {processor.py:208} INFO - Processing /home/ubuntu/airflow-venv/lib/python3.12/site-packages/airflow/example_dags/example_bash_operator.py took 0.091 seconds
[2025-01-28T03:48:16.028+0000] {processor.py:186} INFO - Started process (PID=10108) to work on /home/ubuntu/airflow-venv/lib/python3.12/site-packages/airflow/example_dags/example_bash_operator.py
[2025-01-28T03:48:16.030+0000] {processor.py:914} INFO - Processing file /home/ubuntu/airflow-venv/lib/python3.12/site-packages/airflow/example_dags/example_bash_operator.py for tasks to queue
[2025-01-28T03:48:16.032+0000] {logging_mixin.py:190} INFO - [2025-01-28T03:48:16.031+0000] {dagbag.py:588} INFO - Filling up the DagBag from /home/ubuntu/airflow-venv/lib/python3.12/site-packages/airflow/example_dags/example_bash_operator.py
[2025-01-28T03:48:16.044+0000] {processor.py:925} INFO - DAG(s) 'example_bash_operator' retrieved from /home/ubuntu/airflow-venv/lib/python3.12/site-packages/airflow/example_dags/example_bash_operator.py
[2025-01-28T03:48:16.065+0000] {logging_mixin.py:190} INFO - [2025-01-28T03:48:16.065+0000] {dag.py:3239} INFO - Sync 1 DAGs
[2025-01-28T03:48:16.083+0000] {logging_mixin.py:190} INFO - [2025-01-28T03:48:16.083+0000] {dag.py:4180} INFO - Setting next_dagrun for example_bash_operator to 2025-01-27 00:00:00+00:00, run_after=2025-01-28 00:00:00+00:00
[2025-01-28T03:48:16.105+0000] {processor.py:208} INFO - Processing /home/ubuntu/airflow-venv/lib/python3.12/site-packages/airflow/example_dags/example_bash_operator.py took 0.082 seconds
[2025-01-28T03:49:29.485+0000] {processor.py:186} INFO - Started process (PID=10185) to work on /home/ubuntu/airflow-venv/lib/python3.12/site-packages/airflow/example_dags/example_bash_operator.py
[2025-01-28T03:49:29.486+0000] {processor.py:914} INFO - Processing file /home/ubuntu/airflow-venv/lib/python3.12/site-packages/airflow/example_dags/example_bash_operator.py for tasks to queue
[2025-01-28T03:49:29.489+0000] {logging_mixin.py:190} INFO - [2025-01-28T03:49:29.489+0000] {dagbag.py:588} INFO - Filling up the DagBag from /home/ubuntu/airflow-venv/lib/python3.12/site-packages/airflow/example_dags/example_bash_operator.py
[2025-01-28T03:49:29.503+0000] {processor.py:925} INFO - DAG(s) 'example_bash_operator' retrieved from /home/ubuntu/airflow-venv/lib/python3.12/site-packages/airflow/example_dags/example_bash_operator.py
[2025-01-28T03:49:29.523+0000] {logging_mixin.py:190} INFO - [2025-01-28T03:49:29.523+0000] {dag.py:3239} INFO - Sync 1 DAGs
[2025-01-28T03:49:29.541+0000] {logging_mixin.py:190} INFO - [2025-01-28T03:49:29.541+0000] {dag.py:4180} INFO - Setting next_dagrun for example_bash_operator to 2025-01-27 00:00:00+00:00, run_after=2025-01-28 00:00:00+00:00
[2025-01-28T03:49:29.563+0000] {processor.py:208} INFO - Processing /home/ubuntu/airflow-venv/lib/python3.12/site-packages/airflow/example_dags/example_bash_operator.py took 0.084 seconds
[2025-01-28T05:55:48.685+0000] {processor.py:186} INFO - Started process (PID=1940) to work on /home/ubuntu/.local/lib/python3.12/site-packages/airflow/example_dags/example_bash_operator.py
[2025-01-28T05:55:48.686+0000] {processor.py:914} INFO - Processing file /home/ubuntu/.local/lib/python3.12/site-packages/airflow/example_dags/example_bash_operator.py for tasks to queue
[2025-01-28T05:55:48.689+0000] {logging_mixin.py:190} INFO - [2025-01-28T05:55:48.688+0000] {dagbag.py:588} INFO - Filling up the DagBag from /home/ubuntu/.local/lib/python3.12/site-packages/airflow/example_dags/example_bash_operator.py
[2025-01-28T05:55:48.704+0000] {processor.py:925} INFO - DAG(s) 'example_bash_operator' retrieved from /home/ubuntu/.local/lib/python3.12/site-packages/airflow/example_dags/example_bash_operator.py
[2025-01-28T05:55:48.802+0000] {logging_mixin.py:190} INFO - [2025-01-28T05:55:48.802+0000] {dag.py:3239} INFO - Sync 1 DAGs
[2025-01-28T05:55:48.817+0000] {logging_mixin.py:190} INFO - [2025-01-28T05:55:48.817+0000] {dag.py:4180} INFO - Setting next_dagrun for example_bash_operator to 2025-01-27 00:00:00+00:00, run_after=2025-01-28 00:00:00+00:00
[2025-01-28T05:55:48.842+0000] {processor.py:208} INFO - Processing /home/ubuntu/.local/lib/python3.12/site-packages/airflow/example_dags/example_bash_operator.py took 0.162 seconds
[2025-01-28T05:56:46.260+0000] {processor.py:186} INFO - Started process (PID=2012) to work on /home/ubuntu/.local/lib/python3.12/site-packages/airflow/example_dags/example_bash_operator.py
[2025-01-28T05:56:46.262+0000] {processor.py:914} INFO - Processing file /home/ubuntu/.local/lib/python3.12/site-packages/airflow/example_dags/example_bash_operator.py for tasks to queue
[2025-01-28T05:56:46.265+0000] {logging_mixin.py:190} INFO - [2025-01-28T05:56:46.265+0000] {dagbag.py:588} INFO - Filling up the DagBag from /home/ubuntu/.local/lib/python3.12/site-packages/airflow/example_dags/example_bash_operator.py
[2025-01-28T05:56:46.278+0000] {processor.py:925} INFO - DAG(s) 'example_bash_operator' retrieved from /home/ubuntu/.local/lib/python3.12/site-packages/airflow/example_dags/example_bash_operator.py
[2025-01-28T05:56:46.299+0000] {logging_mixin.py:190} INFO - [2025-01-28T05:56:46.298+0000] {dag.py:3239} INFO - Sync 1 DAGs
[2025-01-28T05:56:46.317+0000] {logging_mixin.py:190} INFO - [2025-01-28T05:56:46.317+0000] {dag.py:4180} INFO - Setting next_dagrun for example_bash_operator to 2025-01-27 00:00:00+00:00, run_after=2025-01-28 00:00:00+00:00
[2025-01-28T05:56:46.340+0000] {processor.py:208} INFO - Processing /home/ubuntu/.local/lib/python3.12/site-packages/airflow/example_dags/example_bash_operator.py took 0.084 seconds
[2025-01-28T05:57:43.417+0000] {processor.py:186} INFO - Started process (PID=2090) to work on /home/ubuntu/.local/lib/python3.12/site-packages/airflow/example_dags/example_bash_operator.py
[2025-01-28T05:57:43.419+0000] {processor.py:914} INFO - Processing file /home/ubuntu/.local/lib/python3.12/site-packages/airflow/example_dags/example_bash_operator.py for tasks to queue
[2025-01-28T05:57:43.422+0000] {logging_mixin.py:190} INFO - [2025-01-28T05:57:43.421+0000] {dagbag.py:588} INFO - Filling up the DagBag from /home/ubuntu/.local/lib/python3.12/site-packages/airflow/example_dags/example_bash_operator.py
[2025-01-28T05:57:43.434+0000] {processor.py:925} INFO - DAG(s) 'example_bash_operator' retrieved from /home/ubuntu/.local/lib/python3.12/site-packages/airflow/example_dags/example_bash_operator.py
[2025-01-28T05:57:43.454+0000] {logging_mixin.py:190} INFO - [2025-01-28T05:57:43.454+0000] {dag.py:3239} INFO - Sync 1 DAGs
[2025-01-28T05:57:43.472+0000] {logging_mixin.py:190} INFO - [2025-01-28T05:57:43.472+0000] {dag.py:4180} INFO - Setting next_dagrun for example_bash_operator to 2025-01-27 00:00:00+00:00, run_after=2025-01-28 00:00:00+00:00
[2025-01-28T05:57:43.494+0000] {processor.py:208} INFO - Processing /home/ubuntu/.local/lib/python3.12/site-packages/airflow/example_dags/example_bash_operator.py took 0.082 seconds
[2025-01-28T05:59:06.503+0000] {processor.py:186} INFO - Started process (PID=2175) to work on /home/ubuntu/.local/lib/python3.12/site-packages/airflow/example_dags/example_bash_operator.py
[2025-01-28T05:59:06.505+0000] {processor.py:914} INFO - Processing file /home/ubuntu/.local/lib/python3.12/site-packages/airflow/example_dags/example_bash_operator.py for tasks to queue
[2025-01-28T05:59:06.507+0000] {logging_mixin.py:190} INFO - [2025-01-28T05:59:06.507+0000] {dagbag.py:588} INFO - Filling up the DagBag from /home/ubuntu/.local/lib/python3.12/site-packages/airflow/example_dags/example_bash_operator.py
[2025-01-28T05:59:06.520+0000] {processor.py:925} INFO - DAG(s) 'example_bash_operator' retrieved from /home/ubuntu/.local/lib/python3.12/site-packages/airflow/example_dags/example_bash_operator.py
[2025-01-28T05:59:06.541+0000] {logging_mixin.py:190} INFO - [2025-01-28T05:59:06.541+0000] {dag.py:3239} INFO - Sync 1 DAGs
[2025-01-28T05:59:06.560+0000] {logging_mixin.py:190} INFO - [2025-01-28T05:59:06.560+0000] {dag.py:4180} INFO - Setting next_dagrun for example_bash_operator to 2025-01-27 00:00:00+00:00, run_after=2025-01-28 00:00:00+00:00
[2025-01-28T05:59:06.583+0000] {processor.py:208} INFO - Processing /home/ubuntu/.local/lib/python3.12/site-packages/airflow/example_dags/example_bash_operator.py took 0.085 seconds
[2025-01-28T06:00:26.528+0000] {processor.py:186} INFO - Started process (PID=2260) to work on /home/ubuntu/.local/lib/python3.12/site-packages/airflow/example_dags/example_bash_operator.py
[2025-01-28T06:00:26.531+0000] {processor.py:914} INFO - Processing file /home/ubuntu/.local/lib/python3.12/site-packages/airflow/example_dags/example_bash_operator.py for tasks to queue
[2025-01-28T06:00:26.532+0000] {logging_mixin.py:190} INFO - [2025-01-28T06:00:26.532+0000] {dagbag.py:588} INFO - Filling up the DagBag from /home/ubuntu/.local/lib/python3.12/site-packages/airflow/example_dags/example_bash_operator.py
[2025-01-28T06:00:26.546+0000] {processor.py:925} INFO - DAG(s) 'example_bash_operator' retrieved from /home/ubuntu/.local/lib/python3.12/site-packages/airflow/example_dags/example_bash_operator.py
[2025-01-28T06:00:26.568+0000] {logging_mixin.py:190} INFO - [2025-01-28T06:00:26.567+0000] {dag.py:3239} INFO - Sync 1 DAGs
[2025-01-28T06:00:26.587+0000] {logging_mixin.py:190} INFO - [2025-01-28T06:00:26.587+0000] {dag.py:4180} INFO - Setting next_dagrun for example_bash_operator to 2025-01-27 00:00:00+00:00, run_after=2025-01-28 00:00:00+00:00
[2025-01-28T06:00:26.609+0000] {processor.py:208} INFO - Processing /home/ubuntu/.local/lib/python3.12/site-packages/airflow/example_dags/example_bash_operator.py took 0.087 seconds
[2025-01-28T06:01:38.804+0000] {processor.py:186} INFO - Started process (PID=2337) to work on /home/ubuntu/.local/lib/python3.12/site-packages/airflow/example_dags/example_bash_operator.py
[2025-01-28T06:01:38.806+0000] {processor.py:914} INFO - Processing file /home/ubuntu/.local/lib/python3.12/site-packages/airflow/example_dags/example_bash_operator.py for tasks to queue
[2025-01-28T06:01:38.808+0000] {logging_mixin.py:190} INFO - [2025-01-28T06:01:38.808+0000] {dagbag.py:588} INFO - Filling up the DagBag from /home/ubuntu/.local/lib/python3.12/site-packages/airflow/example_dags/example_bash_operator.py
[2025-01-28T06:01:38.822+0000] {processor.py:925} INFO - DAG(s) 'example_bash_operator' retrieved from /home/ubuntu/.local/lib/python3.12/site-packages/airflow/example_dags/example_bash_operator.py
[2025-01-28T06:01:38.842+0000] {logging_mixin.py:190} INFO - [2025-01-28T06:01:38.842+0000] {dag.py:3239} INFO - Sync 1 DAGs
[2025-01-28T06:01:38.862+0000] {logging_mixin.py:190} INFO - [2025-01-28T06:01:38.862+0000] {dag.py:4180} INFO - Setting next_dagrun for example_bash_operator to 2025-01-27 00:00:00+00:00, run_after=2025-01-28 00:00:00+00:00
[2025-01-28T06:01:38.884+0000] {processor.py:208} INFO - Processing /home/ubuntu/.local/lib/python3.12/site-packages/airflow/example_dags/example_bash_operator.py took 0.085 seconds
[2025-01-28T06:02:55.328+0000] {processor.py:186} INFO - Started process (PID=2434) to work on /home/ubuntu/.local/lib/python3.12/site-packages/airflow/example_dags/example_bash_operator.py
[2025-01-28T06:02:55.330+0000] {processor.py:914} INFO - Processing file /home/ubuntu/.local/lib/python3.12/site-packages/airflow/example_dags/example_bash_operator.py for tasks to queue
[2025-01-28T06:02:55.332+0000] {logging_mixin.py:190} INFO - [2025-01-28T06:02:55.332+0000] {dagbag.py:588} INFO - Filling up the DagBag from /home/ubuntu/.local/lib/python3.12/site-packages/airflow/example_dags/example_bash_operator.py
[2025-01-28T06:02:55.345+0000] {processor.py:925} INFO - DAG(s) 'example_bash_operator' retrieved from /home/ubuntu/.local/lib/python3.12/site-packages/airflow/example_dags/example_bash_operator.py
[2025-01-28T06:02:55.365+0000] {logging_mixin.py:190} INFO - [2025-01-28T06:02:55.365+0000] {dag.py:3239} INFO - Sync 1 DAGs
[2025-01-28T06:02:55.384+0000] {logging_mixin.py:190} INFO - [2025-01-28T06:02:55.384+0000] {dag.py:4180} INFO - Setting next_dagrun for example_bash_operator to 2025-01-27 00:00:00+00:00, run_after=2025-01-28 00:00:00+00:00
[2025-01-28T06:02:55.407+0000] {processor.py:208} INFO - Processing /home/ubuntu/.local/lib/python3.12/site-packages/airflow/example_dags/example_bash_operator.py took 0.084 seconds
[2025-01-28T06:04:50.620+0000] {processor.py:186} INFO - Started process (PID=2555) to work on /home/ubuntu/.local/lib/python3.12/site-packages/airflow/example_dags/example_bash_operator.py
[2025-01-28T06:04:50.622+0000] {processor.py:914} INFO - Processing file /home/ubuntu/.local/lib/python3.12/site-packages/airflow/example_dags/example_bash_operator.py for tasks to queue
[2025-01-28T06:04:50.624+0000] {logging_mixin.py:190} INFO - [2025-01-28T06:04:50.624+0000] {dagbag.py:588} INFO - Filling up the DagBag from /home/ubuntu/.local/lib/python3.12/site-packages/airflow/example_dags/example_bash_operator.py
[2025-01-28T06:04:50.637+0000] {processor.py:925} INFO - DAG(s) 'example_bash_operator' retrieved from /home/ubuntu/.local/lib/python3.12/site-packages/airflow/example_dags/example_bash_operator.py
[2025-01-28T06:04:50.658+0000] {logging_mixin.py:190} INFO - [2025-01-28T06:04:50.658+0000] {dag.py:3239} INFO - Sync 1 DAGs
[2025-01-28T06:04:50.676+0000] {logging_mixin.py:190} INFO - [2025-01-28T06:04:50.676+0000] {dag.py:4180} INFO - Setting next_dagrun for example_bash_operator to 2025-01-27 00:00:00+00:00, run_after=2025-01-28 00:00:00+00:00
[2025-01-28T06:04:50.704+0000] {processor.py:208} INFO - Processing /home/ubuntu/.local/lib/python3.12/site-packages/airflow/example_dags/example_bash_operator.py took 0.090 seconds
[2025-01-28T06:05:47.384+0000] {processor.py:186} INFO - Started process (PID=2616) to work on /home/ubuntu/.local/lib/python3.12/site-packages/airflow/example_dags/example_bash_operator.py
[2025-01-28T06:05:47.386+0000] {processor.py:914} INFO - Processing file /home/ubuntu/.local/lib/python3.12/site-packages/airflow/example_dags/example_bash_operator.py for tasks to queue
[2025-01-28T06:05:47.388+0000] {logging_mixin.py:190} INFO - [2025-01-28T06:05:47.387+0000] {dagbag.py:588} INFO - Filling up the DagBag from /home/ubuntu/.local/lib/python3.12/site-packages/airflow/example_dags/example_bash_operator.py
[2025-01-28T06:05:47.402+0000] {processor.py:925} INFO - DAG(s) 'example_bash_operator' retrieved from /home/ubuntu/.local/lib/python3.12/site-packages/airflow/example_dags/example_bash_operator.py
[2025-01-28T06:05:47.422+0000] {logging_mixin.py:190} INFO - [2025-01-28T06:05:47.422+0000] {dag.py:3239} INFO - Sync 1 DAGs
[2025-01-28T06:05:47.442+0000] {logging_mixin.py:190} INFO - [2025-01-28T06:05:47.442+0000] {dag.py:4180} INFO - Setting next_dagrun for example_bash_operator to 2025-01-27 00:00:00+00:00, run_after=2025-01-28 00:00:00+00:00
[2025-01-28T06:05:47.464+0000] {processor.py:208} INFO - Processing /home/ubuntu/.local/lib/python3.12/site-packages/airflow/example_dags/example_bash_operator.py took 0.086 seconds
[2025-01-28T06:07:03.344+0000] {processor.py:186} INFO - Started process (PID=2709) to work on /home/ubuntu/.local/lib/python3.12/site-packages/airflow/example_dags/example_bash_operator.py
[2025-01-28T06:07:03.346+0000] {processor.py:914} INFO - Processing file /home/ubuntu/.local/lib/python3.12/site-packages/airflow/example_dags/example_bash_operator.py for tasks to queue
[2025-01-28T06:07:03.348+0000] {logging_mixin.py:190} INFO - [2025-01-28T06:07:03.347+0000] {dagbag.py:588} INFO - Filling up the DagBag from /home/ubuntu/.local/lib/python3.12/site-packages/airflow/example_dags/example_bash_operator.py
[2025-01-28T06:07:03.362+0000] {processor.py:925} INFO - DAG(s) 'example_bash_operator' retrieved from /home/ubuntu/.local/lib/python3.12/site-packages/airflow/example_dags/example_bash_operator.py
[2025-01-28T06:07:03.384+0000] {logging_mixin.py:190} INFO - [2025-01-28T06:07:03.383+0000] {dag.py:3239} INFO - Sync 1 DAGs
[2025-01-28T06:07:03.403+0000] {logging_mixin.py:190} INFO - [2025-01-28T06:07:03.403+0000] {dag.py:4180} INFO - Setting next_dagrun for example_bash_operator to 2025-01-27 00:00:00+00:00, run_after=2025-01-28 00:00:00+00:00
[2025-01-28T06:07:03.429+0000] {processor.py:208} INFO - Processing /home/ubuntu/.local/lib/python3.12/site-packages/airflow/example_dags/example_bash_operator.py took 0.092 seconds
[2025-01-28T06:08:28.320+0000] {processor.py:186} INFO - Started process (PID=2796) to work on /home/ubuntu/.local/lib/python3.12/site-packages/airflow/example_dags/example_bash_operator.py
[2025-01-28T06:08:28.322+0000] {processor.py:914} INFO - Processing file /home/ubuntu/.local/lib/python3.12/site-packages/airflow/example_dags/example_bash_operator.py for tasks to queue
[2025-01-28T06:08:28.324+0000] {logging_mixin.py:190} INFO - [2025-01-28T06:08:28.324+0000] {dagbag.py:588} INFO - Filling up the DagBag from /home/ubuntu/.local/lib/python3.12/site-packages/airflow/example_dags/example_bash_operator.py
[2025-01-28T06:08:28.337+0000] {processor.py:925} INFO - DAG(s) 'example_bash_operator' retrieved from /home/ubuntu/.local/lib/python3.12/site-packages/airflow/example_dags/example_bash_operator.py
[2025-01-28T06:08:28.358+0000] {logging_mixin.py:190} INFO - [2025-01-28T06:08:28.358+0000] {dag.py:3239} INFO - Sync 1 DAGs
[2025-01-28T06:08:28.376+0000] {logging_mixin.py:190} INFO - [2025-01-28T06:08:28.376+0000] {dag.py:4180} INFO - Setting next_dagrun for example_bash_operator to 2025-01-27 00:00:00+00:00, run_after=2025-01-28 00:00:00+00:00
[2025-01-28T06:08:28.400+0000] {processor.py:208} INFO - Processing /home/ubuntu/.local/lib/python3.12/site-packages/airflow/example_dags/example_bash_operator.py took 0.085 seconds
[2025-01-28T06:09:25.069+0000] {processor.py:186} INFO - Started process (PID=2856) to work on /home/ubuntu/.local/lib/python3.12/site-packages/airflow/example_dags/example_bash_operator.py
[2025-01-28T06:09:25.070+0000] {processor.py:914} INFO - Processing file /home/ubuntu/.local/lib/python3.12/site-packages/airflow/example_dags/example_bash_operator.py for tasks to queue
[2025-01-28T06:09:25.072+0000] {logging_mixin.py:190} INFO - [2025-01-28T06:09:25.072+0000] {dagbag.py:588} INFO - Filling up the DagBag from /home/ubuntu/.local/lib/python3.12/site-packages/airflow/example_dags/example_bash_operator.py
[2025-01-28T06:09:25.085+0000] {processor.py:925} INFO - DAG(s) 'example_bash_operator' retrieved from /home/ubuntu/.local/lib/python3.12/site-packages/airflow/example_dags/example_bash_operator.py
[2025-01-28T06:09:25.105+0000] {logging_mixin.py:190} INFO - [2025-01-28T06:09:25.105+0000] {dag.py:3239} INFO - Sync 1 DAGs
[2025-01-28T06:09:25.124+0000] {logging_mixin.py:190} INFO - [2025-01-28T06:09:25.124+0000] {dag.py:4180} INFO - Setting next_dagrun for example_bash_operator to 2025-01-27 00:00:00+00:00, run_after=2025-01-28 00:00:00+00:00
[2025-01-28T06:09:25.147+0000] {processor.py:208} INFO - Processing /home/ubuntu/.local/lib/python3.12/site-packages/airflow/example_dags/example_bash_operator.py took 0.083 seconds
[2025-01-28T06:10:44.125+0000] {processor.py:186} INFO - Started process (PID=2960) to work on /home/ubuntu/.local/lib/python3.12/site-packages/airflow/example_dags/example_bash_operator.py
[2025-01-28T06:10:44.126+0000] {processor.py:914} INFO - Processing file /home/ubuntu/.local/lib/python3.12/site-packages/airflow/example_dags/example_bash_operator.py for tasks to queue
[2025-01-28T06:10:44.128+0000] {logging_mixin.py:190} INFO - [2025-01-28T06:10:44.128+0000] {dagbag.py:588} INFO - Filling up the DagBag from /home/ubuntu/.local/lib/python3.12/site-packages/airflow/example_dags/example_bash_operator.py
[2025-01-28T06:10:44.142+0000] {processor.py:925} INFO - DAG(s) 'example_bash_operator' retrieved from /home/ubuntu/.local/lib/python3.12/site-packages/airflow/example_dags/example_bash_operator.py
[2025-01-28T06:10:44.163+0000] {logging_mixin.py:190} INFO - [2025-01-28T06:10:44.163+0000] {dag.py:3239} INFO - Sync 1 DAGs
[2025-01-28T06:10:44.181+0000] {logging_mixin.py:190} INFO - [2025-01-28T06:10:44.181+0000] {dag.py:4180} INFO - Setting next_dagrun for example_bash_operator to 2025-01-27 00:00:00+00:00, run_after=2025-01-28 00:00:00+00:00
[2025-01-28T06:10:44.203+0000] {processor.py:208} INFO - Processing /home/ubuntu/.local/lib/python3.12/site-packages/airflow/example_dags/example_bash_operator.py took 0.084 seconds
[2025-01-28T06:12:03.022+0000] {processor.py:186} INFO - Started process (PID=3044) to work on /home/ubuntu/.local/lib/python3.12/site-packages/airflow/example_dags/example_bash_operator.py
[2025-01-28T06:12:03.023+0000] {processor.py:914} INFO - Processing file /home/ubuntu/.local/lib/python3.12/site-packages/airflow/example_dags/example_bash_operator.py for tasks to queue
[2025-01-28T06:12:03.026+0000] {logging_mixin.py:190} INFO - [2025-01-28T06:12:03.025+0000] {dagbag.py:588} INFO - Filling up the DagBag from /home/ubuntu/.local/lib/python3.12/site-packages/airflow/example_dags/example_bash_operator.py
[2025-01-28T06:12:03.039+0000] {processor.py:925} INFO - DAG(s) 'example_bash_operator' retrieved from /home/ubuntu/.local/lib/python3.12/site-packages/airflow/example_dags/example_bash_operator.py
[2025-01-28T06:12:03.060+0000] {logging_mixin.py:190} INFO - [2025-01-28T06:12:03.060+0000] {dag.py:3239} INFO - Sync 1 DAGs
[2025-01-28T06:12:03.079+0000] {logging_mixin.py:190} INFO - [2025-01-28T06:12:03.079+0000] {dag.py:4180} INFO - Setting next_dagrun for example_bash_operator to 2025-01-27 00:00:00+00:00, run_after=2025-01-28 00:00:00+00:00
[2025-01-28T06:12:03.101+0000] {processor.py:208} INFO - Processing /home/ubuntu/.local/lib/python3.12/site-packages/airflow/example_dags/example_bash_operator.py took 0.084 seconds
[2025-01-28T06:13:25.447+0000] {processor.py:186} INFO - Started process (PID=3128) to work on /home/ubuntu/.local/lib/python3.12/site-packages/airflow/example_dags/example_bash_operator.py
[2025-01-28T06:13:25.450+0000] {processor.py:914} INFO - Processing file /home/ubuntu/.local/lib/python3.12/site-packages/airflow/example_dags/example_bash_operator.py for tasks to queue
[2025-01-28T06:13:25.452+0000] {logging_mixin.py:190} INFO - [2025-01-28T06:13:25.452+0000] {dagbag.py:588} INFO - Filling up the DagBag from /home/ubuntu/.local/lib/python3.12/site-packages/airflow/example_dags/example_bash_operator.py
[2025-01-28T06:13:25.465+0000] {processor.py:925} INFO - DAG(s) 'example_bash_operator' retrieved from /home/ubuntu/.local/lib/python3.12/site-packages/airflow/example_dags/example_bash_operator.py
[2025-01-28T06:13:25.486+0000] {logging_mixin.py:190} INFO - [2025-01-28T06:13:25.486+0000] {dag.py:3239} INFO - Sync 1 DAGs
[2025-01-28T06:13:25.505+0000] {logging_mixin.py:190} INFO - [2025-01-28T06:13:25.505+0000] {dag.py:4180} INFO - Setting next_dagrun for example_bash_operator to 2025-01-27 00:00:00+00:00, run_after=2025-01-28 00:00:00+00:00
[2025-01-28T06:13:25.527+0000] {processor.py:208} INFO - Processing /home/ubuntu/.local/lib/python3.12/site-packages/airflow/example_dags/example_bash_operator.py took 0.084 seconds
[2025-01-28T06:14:44.427+0000] {processor.py:186} INFO - Started process (PID=3210) to work on /home/ubuntu/.local/lib/python3.12/site-packages/airflow/example_dags/example_bash_operator.py
[2025-01-28T06:14:44.429+0000] {processor.py:914} INFO - Processing file /home/ubuntu/.local/lib/python3.12/site-packages/airflow/example_dags/example_bash_operator.py for tasks to queue
[2025-01-28T06:14:44.432+0000] {logging_mixin.py:190} INFO - [2025-01-28T06:14:44.432+0000] {dagbag.py:588} INFO - Filling up the DagBag from /home/ubuntu/.local/lib/python3.12/site-packages/airflow/example_dags/example_bash_operator.py
[2025-01-28T06:14:44.445+0000] {processor.py:925} INFO - DAG(s) 'example_bash_operator' retrieved from /home/ubuntu/.local/lib/python3.12/site-packages/airflow/example_dags/example_bash_operator.py
[2025-01-28T06:14:44.466+0000] {logging_mixin.py:190} INFO - [2025-01-28T06:14:44.466+0000] {dag.py:3239} INFO - Sync 1 DAGs
[2025-01-28T06:14:44.484+0000] {logging_mixin.py:190} INFO - [2025-01-28T06:14:44.484+0000] {dag.py:4180} INFO - Setting next_dagrun for example_bash_operator to 2025-01-27 00:00:00+00:00, run_after=2025-01-28 00:00:00+00:00
[2025-01-28T06:14:44.507+0000] {processor.py:208} INFO - Processing /home/ubuntu/.local/lib/python3.12/site-packages/airflow/example_dags/example_bash_operator.py took 0.089 seconds
[2025-01-28T06:16:02.942+0000] {processor.py:186} INFO - Started process (PID=3296) to work on /home/ubuntu/.local/lib/python3.12/site-packages/airflow/example_dags/example_bash_operator.py
[2025-01-28T06:16:02.943+0000] {processor.py:914} INFO - Processing file /home/ubuntu/.local/lib/python3.12/site-packages/airflow/example_dags/example_bash_operator.py for tasks to queue
[2025-01-28T06:16:02.945+0000] {logging_mixin.py:190} INFO - [2025-01-28T06:16:02.945+0000] {dagbag.py:588} INFO - Filling up the DagBag from /home/ubuntu/.local/lib/python3.12/site-packages/airflow/example_dags/example_bash_operator.py
[2025-01-28T06:16:02.958+0000] {processor.py:925} INFO - DAG(s) 'example_bash_operator' retrieved from /home/ubuntu/.local/lib/python3.12/site-packages/airflow/example_dags/example_bash_operator.py
[2025-01-28T06:16:02.980+0000] {logging_mixin.py:190} INFO - [2025-01-28T06:16:02.979+0000] {dag.py:3239} INFO - Sync 1 DAGs
[2025-01-28T06:16:02.998+0000] {logging_mixin.py:190} INFO - [2025-01-28T06:16:02.998+0000] {dag.py:4180} INFO - Setting next_dagrun for example_bash_operator to 2025-01-27 00:00:00+00:00, run_after=2025-01-28 00:00:00+00:00
[2025-01-28T06:16:03.020+0000] {processor.py:208} INFO - Processing /home/ubuntu/.local/lib/python3.12/site-packages/airflow/example_dags/example_bash_operator.py took 0.083 seconds
[2025-01-28T06:17:23.985+0000] {processor.py:186} INFO - Started process (PID=3383) to work on /home/ubuntu/.local/lib/python3.12/site-packages/airflow/example_dags/example_bash_operator.py
[2025-01-28T06:17:23.986+0000] {processor.py:914} INFO - Processing file /home/ubuntu/.local/lib/python3.12/site-packages/airflow/example_dags/example_bash_operator.py for tasks to queue
[2025-01-28T06:17:23.988+0000] {logging_mixin.py:190} INFO - [2025-01-28T06:17:23.988+0000] {dagbag.py:588} INFO - Filling up the DagBag from /home/ubuntu/.local/lib/python3.12/site-packages/airflow/example_dags/example_bash_operator.py
[2025-01-28T06:17:24.002+0000] {processor.py:925} INFO - DAG(s) 'example_bash_operator' retrieved from /home/ubuntu/.local/lib/python3.12/site-packages/airflow/example_dags/example_bash_operator.py
[2025-01-28T06:17:24.022+0000] {logging_mixin.py:190} INFO - [2025-01-28T06:17:24.021+0000] {dag.py:3239} INFO - Sync 1 DAGs
[2025-01-28T06:17:24.041+0000] {logging_mixin.py:190} INFO - [2025-01-28T06:17:24.041+0000] {dag.py:4180} INFO - Setting next_dagrun for example_bash_operator to 2025-01-27 00:00:00+00:00, run_after=2025-01-28 00:00:00+00:00
[2025-01-28T06:17:24.064+0000] {processor.py:208} INFO - Processing /home/ubuntu/.local/lib/python3.12/site-packages/airflow/example_dags/example_bash_operator.py took 0.085 seconds
[2025-01-28T06:18:31.487+0000] {processor.py:186} INFO - Started process (PID=3494) to work on /home/ubuntu/.local/lib/python3.12/site-packages/airflow/example_dags/example_bash_operator.py
[2025-01-28T06:18:31.489+0000] {processor.py:914} INFO - Processing file /home/ubuntu/.local/lib/python3.12/site-packages/airflow/example_dags/example_bash_operator.py for tasks to queue
[2025-01-28T06:18:31.491+0000] {logging_mixin.py:190} INFO - [2025-01-28T06:18:31.491+0000] {dagbag.py:588} INFO - Filling up the DagBag from /home/ubuntu/.local/lib/python3.12/site-packages/airflow/example_dags/example_bash_operator.py
[2025-01-28T06:18:31.504+0000] {processor.py:925} INFO - DAG(s) 'example_bash_operator' retrieved from /home/ubuntu/.local/lib/python3.12/site-packages/airflow/example_dags/example_bash_operator.py
[2025-01-28T06:18:31.524+0000] {logging_mixin.py:190} INFO - [2025-01-28T06:18:31.524+0000] {dag.py:3239} INFO - Sync 1 DAGs
[2025-01-28T06:18:31.545+0000] {logging_mixin.py:190} INFO - [2025-01-28T06:18:31.544+0000] {dag.py:4180} INFO - Setting next_dagrun for example_bash_operator to 2025-01-27 00:00:00+00:00, run_after=2025-01-28 00:00:00+00:00
[2025-01-28T06:18:31.565+0000] {processor.py:208} INFO - Processing /home/ubuntu/.local/lib/python3.12/site-packages/airflow/example_dags/example_bash_operator.py took 0.083 seconds
[2025-01-28T06:19:46.572+0000] {processor.py:186} INFO - Started process (PID=3573) to work on /home/ubuntu/.local/lib/python3.12/site-packages/airflow/example_dags/example_bash_operator.py
[2025-01-28T06:19:46.573+0000] {processor.py:914} INFO - Processing file /home/ubuntu/.local/lib/python3.12/site-packages/airflow/example_dags/example_bash_operator.py for tasks to queue
[2025-01-28T06:19:46.576+0000] {logging_mixin.py:190} INFO - [2025-01-28T06:19:46.575+0000] {dagbag.py:588} INFO - Filling up the DagBag from /home/ubuntu/.local/lib/python3.12/site-packages/airflow/example_dags/example_bash_operator.py
[2025-01-28T06:19:46.588+0000] {processor.py:925} INFO - DAG(s) 'example_bash_operator' retrieved from /home/ubuntu/.local/lib/python3.12/site-packages/airflow/example_dags/example_bash_operator.py
[2025-01-28T06:19:46.609+0000] {logging_mixin.py:190} INFO - [2025-01-28T06:19:46.609+0000] {dag.py:3239} INFO - Sync 1 DAGs
[2025-01-28T06:19:46.628+0000] {logging_mixin.py:190} INFO - [2025-01-28T06:19:46.628+0000] {dag.py:4180} INFO - Setting next_dagrun for example_bash_operator to 2025-01-27 00:00:00+00:00, run_after=2025-01-28 00:00:00+00:00
[2025-01-28T06:19:46.650+0000] {processor.py:208} INFO - Processing /home/ubuntu/.local/lib/python3.12/site-packages/airflow/example_dags/example_bash_operator.py took 0.084 seconds
[2025-01-28T06:20:45.174+0000] {processor.py:186} INFO - Started process (PID=3639) to work on /home/ubuntu/.local/lib/python3.12/site-packages/airflow/example_dags/example_bash_operator.py
[2025-01-28T06:20:45.176+0000] {processor.py:914} INFO - Processing file /home/ubuntu/.local/lib/python3.12/site-packages/airflow/example_dags/example_bash_operator.py for tasks to queue
[2025-01-28T06:20:45.178+0000] {logging_mixin.py:190} INFO - [2025-01-28T06:20:45.178+0000] {dagbag.py:588} INFO - Filling up the DagBag from /home/ubuntu/.local/lib/python3.12/site-packages/airflow/example_dags/example_bash_operator.py
[2025-01-28T06:20:45.191+0000] {processor.py:925} INFO - DAG(s) 'example_bash_operator' retrieved from /home/ubuntu/.local/lib/python3.12/site-packages/airflow/example_dags/example_bash_operator.py
[2025-01-28T06:20:45.214+0000] {logging_mixin.py:190} INFO - [2025-01-28T06:20:45.213+0000] {dag.py:3239} INFO - Sync 1 DAGs
[2025-01-28T06:20:45.231+0000] {logging_mixin.py:190} INFO - [2025-01-28T06:20:45.231+0000] {dag.py:4180} INFO - Setting next_dagrun for example_bash_operator to 2025-01-27 00:00:00+00:00, run_after=2025-01-28 00:00:00+00:00
[2025-01-28T06:20:45.255+0000] {processor.py:208} INFO - Processing /home/ubuntu/.local/lib/python3.12/site-packages/airflow/example_dags/example_bash_operator.py took 0.086 seconds
[2025-01-28T06:22:07.948+0000] {processor.py:186} INFO - Started process (PID=3866) to work on /home/ubuntu/.local/lib/python3.12/site-packages/airflow/example_dags/example_bash_operator.py
[2025-01-28T06:22:07.951+0000] {processor.py:914} INFO - Processing file /home/ubuntu/.local/lib/python3.12/site-packages/airflow/example_dags/example_bash_operator.py for tasks to queue
[2025-01-28T06:22:07.953+0000] {logging_mixin.py:190} INFO - [2025-01-28T06:22:07.953+0000] {dagbag.py:588} INFO - Filling up the DagBag from /home/ubuntu/.local/lib/python3.12/site-packages/airflow/example_dags/example_bash_operator.py
[2025-01-28T06:22:07.966+0000] {processor.py:925} INFO - DAG(s) 'example_bash_operator' retrieved from /home/ubuntu/.local/lib/python3.12/site-packages/airflow/example_dags/example_bash_operator.py
[2025-01-28T06:22:07.989+0000] {logging_mixin.py:190} INFO - [2025-01-28T06:22:07.989+0000] {dag.py:3239} INFO - Sync 1 DAGs
[2025-01-28T06:22:08.008+0000] {logging_mixin.py:190} INFO - [2025-01-28T06:22:08.008+0000] {dag.py:4180} INFO - Setting next_dagrun for example_bash_operator to 2025-01-27 00:00:00+00:00, run_after=2025-01-28 00:00:00+00:00
[2025-01-28T06:22:08.034+0000] {processor.py:208} INFO - Processing /home/ubuntu/.local/lib/python3.12/site-packages/airflow/example_dags/example_bash_operator.py took 0.090 seconds
[2025-01-28T06:23:04.290+0000] {processor.py:186} INFO - Started process (PID=4247) to work on /home/ubuntu/.local/lib/python3.12/site-packages/airflow/example_dags/example_bash_operator.py
[2025-01-28T06:23:04.294+0000] {processor.py:914} INFO - Processing file /home/ubuntu/.local/lib/python3.12/site-packages/airflow/example_dags/example_bash_operator.py for tasks to queue
[2025-01-28T06:23:04.297+0000] {logging_mixin.py:190} INFO - [2025-01-28T06:23:04.297+0000] {dagbag.py:588} INFO - Filling up the DagBag from /home/ubuntu/.local/lib/python3.12/site-packages/airflow/example_dags/example_bash_operator.py
[2025-01-28T06:23:04.321+0000] {processor.py:925} INFO - DAG(s) 'example_bash_operator' retrieved from /home/ubuntu/.local/lib/python3.12/site-packages/airflow/example_dags/example_bash_operator.py
[2025-01-28T06:23:04.363+0000] {logging_mixin.py:190} INFO - [2025-01-28T06:23:04.362+0000] {dag.py:3239} INFO - Sync 1 DAGs
[2025-01-28T06:23:04.393+0000] {logging_mixin.py:190} INFO - [2025-01-28T06:23:04.393+0000] {dag.py:4180} INFO - Setting next_dagrun for example_bash_operator to 2025-01-27 00:00:00+00:00, run_after=2025-01-28 00:00:00+00:00
[2025-01-28T06:23:04.424+0000] {processor.py:208} INFO - Processing /home/ubuntu/.local/lib/python3.12/site-packages/airflow/example_dags/example_bash_operator.py took 0.142 seconds
[2025-01-28T06:24:25.832+0000] {processor.py:186} INFO - Started process (PID=4522) to work on /home/ubuntu/.local/lib/python3.12/site-packages/airflow/example_dags/example_bash_operator.py
[2025-01-28T06:24:25.834+0000] {processor.py:914} INFO - Processing file /home/ubuntu/.local/lib/python3.12/site-packages/airflow/example_dags/example_bash_operator.py for tasks to queue
[2025-01-28T06:24:25.836+0000] {logging_mixin.py:190} INFO - [2025-01-28T06:24:25.836+0000] {dagbag.py:588} INFO - Filling up the DagBag from /home/ubuntu/.local/lib/python3.12/site-packages/airflow/example_dags/example_bash_operator.py
[2025-01-28T06:24:25.849+0000] {processor.py:925} INFO - DAG(s) 'example_bash_operator' retrieved from /home/ubuntu/.local/lib/python3.12/site-packages/airflow/example_dags/example_bash_operator.py
[2025-01-28T06:24:25.870+0000] {logging_mixin.py:190} INFO - [2025-01-28T06:24:25.870+0000] {dag.py:3239} INFO - Sync 1 DAGs
[2025-01-28T06:24:25.889+0000] {logging_mixin.py:190} INFO - [2025-01-28T06:24:25.889+0000] {dag.py:4180} INFO - Setting next_dagrun for example_bash_operator to 2025-01-27 00:00:00+00:00, run_after=2025-01-28 00:00:00+00:00
[2025-01-28T06:24:25.907+0000] {processor.py:208} INFO - Processing /home/ubuntu/.local/lib/python3.12/site-packages/airflow/example_dags/example_bash_operator.py took 0.080 seconds
[2025-01-28T06:25:47.198+0000] {processor.py:186} INFO - Started process (PID=5029) to work on /home/ubuntu/.local/lib/python3.12/site-packages/airflow/example_dags/example_bash_operator.py
[2025-01-28T06:25:47.200+0000] {processor.py:914} INFO - Processing file /home/ubuntu/.local/lib/python3.12/site-packages/airflow/example_dags/example_bash_operator.py for tasks to queue
[2025-01-28T06:25:47.202+0000] {logging_mixin.py:190} INFO - [2025-01-28T06:25:47.201+0000] {dagbag.py:588} INFO - Filling up the DagBag from /home/ubuntu/.local/lib/python3.12/site-packages/airflow/example_dags/example_bash_operator.py
[2025-01-28T06:25:47.215+0000] {processor.py:925} INFO - DAG(s) 'example_bash_operator' retrieved from /home/ubuntu/.local/lib/python3.12/site-packages/airflow/example_dags/example_bash_operator.py
[2025-01-28T06:25:47.236+0000] {logging_mixin.py:190} INFO - [2025-01-28T06:25:47.236+0000] {dag.py:3239} INFO - Sync 1 DAGs
[2025-01-28T06:25:47.254+0000] {logging_mixin.py:190} INFO - [2025-01-28T06:25:47.254+0000] {dag.py:4180} INFO - Setting next_dagrun for example_bash_operator to 2025-01-27 00:00:00+00:00, run_after=2025-01-28 00:00:00+00:00
[2025-01-28T06:25:47.273+0000] {processor.py:208} INFO - Processing /home/ubuntu/.local/lib/python3.12/site-packages/airflow/example_dags/example_bash_operator.py took 0.081 seconds
[2025-01-28T06:26:42.713+0000] {processor.py:186} INFO - Started process (PID=5180) to work on /home/ubuntu/.local/lib/python3.12/site-packages/airflow/example_dags/example_bash_operator.py
[2025-01-28T06:26:42.715+0000] {processor.py:914} INFO - Processing file /home/ubuntu/.local/lib/python3.12/site-packages/airflow/example_dags/example_bash_operator.py for tasks to queue
[2025-01-28T06:26:42.718+0000] {logging_mixin.py:190} INFO - [2025-01-28T06:26:42.717+0000] {dagbag.py:588} INFO - Filling up the DagBag from /home/ubuntu/.local/lib/python3.12/site-packages/airflow/example_dags/example_bash_operator.py
[2025-01-28T06:26:42.731+0000] {processor.py:925} INFO - DAG(s) 'example_bash_operator' retrieved from /home/ubuntu/.local/lib/python3.12/site-packages/airflow/example_dags/example_bash_operator.py
[2025-01-28T06:26:42.752+0000] {logging_mixin.py:190} INFO - [2025-01-28T06:26:42.751+0000] {dag.py:3239} INFO - Sync 1 DAGs
[2025-01-28T06:26:42.771+0000] {logging_mixin.py:190} INFO - [2025-01-28T06:26:42.771+0000] {dag.py:4180} INFO - Setting next_dagrun for example_bash_operator to 2025-01-27 00:00:00+00:00, run_after=2025-01-28 00:00:00+00:00
[2025-01-28T06:26:42.790+0000] {processor.py:208} INFO - Processing /home/ubuntu/.local/lib/python3.12/site-packages/airflow/example_dags/example_bash_operator.py took 0.082 seconds
[2025-01-28T06:28:00.942+0000] {processor.py:186} INFO - Started process (PID=5264) to work on /home/ubuntu/.local/lib/python3.12/site-packages/airflow/example_dags/example_bash_operator.py
[2025-01-28T06:28:00.944+0000] {processor.py:914} INFO - Processing file /home/ubuntu/.local/lib/python3.12/site-packages/airflow/example_dags/example_bash_operator.py for tasks to queue
[2025-01-28T06:28:00.946+0000] {logging_mixin.py:190} INFO - [2025-01-28T06:28:00.946+0000] {dagbag.py:588} INFO - Filling up the DagBag from /home/ubuntu/.local/lib/python3.12/site-packages/airflow/example_dags/example_bash_operator.py
[2025-01-28T06:28:00.959+0000] {processor.py:925} INFO - DAG(s) 'example_bash_operator' retrieved from /home/ubuntu/.local/lib/python3.12/site-packages/airflow/example_dags/example_bash_operator.py
[2025-01-28T06:28:00.979+0000] {logging_mixin.py:190} INFO - [2025-01-28T06:28:00.978+0000] {dag.py:3239} INFO - Sync 1 DAGs
[2025-01-28T06:28:00.998+0000] {logging_mixin.py:190} INFO - [2025-01-28T06:28:00.997+0000] {dag.py:4180} INFO - Setting next_dagrun for example_bash_operator to 2025-01-27 00:00:00+00:00, run_after=2025-01-28 00:00:00+00:00
[2025-01-28T06:28:01.017+0000] {processor.py:208} INFO - Processing /home/ubuntu/.local/lib/python3.12/site-packages/airflow/example_dags/example_bash_operator.py took 0.080 seconds
[2025-01-28T06:29:21.423+0000] {processor.py:186} INFO - Started process (PID=5564) to work on /home/ubuntu/.local/lib/python3.12/site-packages/airflow/example_dags/example_bash_operator.py
[2025-01-28T06:29:21.425+0000] {processor.py:914} INFO - Processing file /home/ubuntu/.local/lib/python3.12/site-packages/airflow/example_dags/example_bash_operator.py for tasks to queue
[2025-01-28T06:29:21.427+0000] {logging_mixin.py:190} INFO - [2025-01-28T06:29:21.427+0000] {dagbag.py:588} INFO - Filling up the DagBag from /home/ubuntu/.local/lib/python3.12/site-packages/airflow/example_dags/example_bash_operator.py
[2025-01-28T06:29:21.441+0000] {processor.py:925} INFO - DAG(s) 'example_bash_operator' retrieved from /home/ubuntu/.local/lib/python3.12/site-packages/airflow/example_dags/example_bash_operator.py
[2025-01-28T06:29:21.462+0000] {logging_mixin.py:190} INFO - [2025-01-28T06:29:21.462+0000] {dag.py:3239} INFO - Sync 1 DAGs
[2025-01-28T06:29:21.480+0000] {logging_mixin.py:190} INFO - [2025-01-28T06:29:21.480+0000] {dag.py:4180} INFO - Setting next_dagrun for example_bash_operator to 2025-01-27 00:00:00+00:00, run_after=2025-01-28 00:00:00+00:00
[2025-01-28T06:29:21.503+0000] {processor.py:208} INFO - Processing /home/ubuntu/.local/lib/python3.12/site-packages/airflow/example_dags/example_bash_operator.py took 0.085 seconds
[2025-01-28T06:30:18.307+0000] {processor.py:186} INFO - Started process (PID=5624) to work on /home/ubuntu/.local/lib/python3.12/site-packages/airflow/example_dags/example_bash_operator.py
[2025-01-28T06:30:18.309+0000] {processor.py:914} INFO - Processing file /home/ubuntu/.local/lib/python3.12/site-packages/airflow/example_dags/example_bash_operator.py for tasks to queue
[2025-01-28T06:30:18.311+0000] {logging_mixin.py:190} INFO - [2025-01-28T06:30:18.311+0000] {dagbag.py:588} INFO - Filling up the DagBag from /home/ubuntu/.local/lib/python3.12/site-packages/airflow/example_dags/example_bash_operator.py
[2025-01-28T06:30:18.325+0000] {processor.py:925} INFO - DAG(s) 'example_bash_operator' retrieved from /home/ubuntu/.local/lib/python3.12/site-packages/airflow/example_dags/example_bash_operator.py
[2025-01-28T06:30:18.345+0000] {logging_mixin.py:190} INFO - [2025-01-28T06:30:18.345+0000] {dag.py:3239} INFO - Sync 1 DAGs
[2025-01-28T06:30:18.364+0000] {logging_mixin.py:190} INFO - [2025-01-28T06:30:18.363+0000] {dag.py:4180} INFO - Setting next_dagrun for example_bash_operator to 2025-01-27 00:00:00+00:00, run_after=2025-01-28 00:00:00+00:00
[2025-01-28T06:30:18.389+0000] {processor.py:208} INFO - Processing /home/ubuntu/.local/lib/python3.12/site-packages/airflow/example_dags/example_bash_operator.py took 0.087 seconds
[2025-01-28T06:32:07.071+0000] {processor.py:186} INFO - Started process (PID=5787) to work on /home/ubuntu/.local/lib/python3.12/site-packages/airflow/example_dags/example_bash_operator.py
[2025-01-28T06:32:07.074+0000] {processor.py:914} INFO - Processing file /home/ubuntu/.local/lib/python3.12/site-packages/airflow/example_dags/example_bash_operator.py for tasks to queue
[2025-01-28T06:32:07.076+0000] {logging_mixin.py:190} INFO - [2025-01-28T06:32:07.076+0000] {dagbag.py:588} INFO - Filling up the DagBag from /home/ubuntu/.local/lib/python3.12/site-packages/airflow/example_dags/example_bash_operator.py
[2025-01-28T06:32:07.089+0000] {processor.py:925} INFO - DAG(s) 'example_bash_operator' retrieved from /home/ubuntu/.local/lib/python3.12/site-packages/airflow/example_dags/example_bash_operator.py
[2025-01-28T06:32:07.112+0000] {logging_mixin.py:190} INFO - [2025-01-28T06:32:07.111+0000] {dag.py:3239} INFO - Sync 1 DAGs
[2025-01-28T06:32:07.132+0000] {logging_mixin.py:190} INFO - [2025-01-28T06:32:07.132+0000] {dag.py:4180} INFO - Setting next_dagrun for example_bash_operator to 2025-01-27 00:00:00+00:00, run_after=2025-01-28 00:00:00+00:00
[2025-01-28T06:32:07.154+0000] {processor.py:208} INFO - Processing /home/ubuntu/.local/lib/python3.12/site-packages/airflow/example_dags/example_bash_operator.py took 0.089 seconds
[2025-01-28T06:33:32.482+0000] {processor.py:186} INFO - Started process (PID=5878) to work on /home/ubuntu/.local/lib/python3.12/site-packages/airflow/example_dags/example_bash_operator.py
[2025-01-28T06:33:32.484+0000] {processor.py:914} INFO - Processing file /home/ubuntu/.local/lib/python3.12/site-packages/airflow/example_dags/example_bash_operator.py for tasks to queue
[2025-01-28T06:33:32.486+0000] {logging_mixin.py:190} INFO - [2025-01-28T06:33:32.486+0000] {dagbag.py:588} INFO - Filling up the DagBag from /home/ubuntu/.local/lib/python3.12/site-packages/airflow/example_dags/example_bash_operator.py
[2025-01-28T06:33:32.500+0000] {processor.py:925} INFO - DAG(s) 'example_bash_operator' retrieved from /home/ubuntu/.local/lib/python3.12/site-packages/airflow/example_dags/example_bash_operator.py
[2025-01-28T06:33:32.522+0000] {logging_mixin.py:190} INFO - [2025-01-28T06:33:32.522+0000] {dag.py:3239} INFO - Sync 1 DAGs
[2025-01-28T06:33:32.542+0000] {logging_mixin.py:190} INFO - [2025-01-28T06:33:32.542+0000] {dag.py:4180} INFO - Setting next_dagrun for example_bash_operator to 2025-01-27 00:00:00+00:00, run_after=2025-01-28 00:00:00+00:00
[2025-01-28T06:33:32.565+0000] {processor.py:208} INFO - Processing /home/ubuntu/.local/lib/python3.12/site-packages/airflow/example_dags/example_bash_operator.py took 0.088 seconds
[2025-01-28T06:34:29.840+0000] {processor.py:186} INFO - Started process (PID=5937) to work on /home/ubuntu/.local/lib/python3.12/site-packages/airflow/example_dags/example_bash_operator.py
[2025-01-28T06:34:29.841+0000] {processor.py:914} INFO - Processing file /home/ubuntu/.local/lib/python3.12/site-packages/airflow/example_dags/example_bash_operator.py for tasks to queue
[2025-01-28T06:34:29.844+0000] {logging_mixin.py:190} INFO - [2025-01-28T06:34:29.843+0000] {dagbag.py:588} INFO - Filling up the DagBag from /home/ubuntu/.local/lib/python3.12/site-packages/airflow/example_dags/example_bash_operator.py
[2025-01-28T06:34:29.856+0000] {processor.py:925} INFO - DAG(s) 'example_bash_operator' retrieved from /home/ubuntu/.local/lib/python3.12/site-packages/airflow/example_dags/example_bash_operator.py
[2025-01-28T06:34:29.878+0000] {logging_mixin.py:190} INFO - [2025-01-28T06:34:29.877+0000] {dag.py:3239} INFO - Sync 1 DAGs
[2025-01-28T06:34:29.896+0000] {logging_mixin.py:190} INFO - [2025-01-28T06:34:29.896+0000] {dag.py:4180} INFO - Setting next_dagrun for example_bash_operator to 2025-01-27 00:00:00+00:00, run_after=2025-01-28 00:00:00+00:00
[2025-01-28T06:34:29.918+0000] {processor.py:208} INFO - Processing /home/ubuntu/.local/lib/python3.12/site-packages/airflow/example_dags/example_bash_operator.py took 0.083 seconds
[2025-01-28T06:35:27.026+0000] {processor.py:186} INFO - Started process (PID=5998) to work on /home/ubuntu/.local/lib/python3.12/site-packages/airflow/example_dags/example_bash_operator.py
[2025-01-28T06:35:27.028+0000] {processor.py:914} INFO - Processing file /home/ubuntu/.local/lib/python3.12/site-packages/airflow/example_dags/example_bash_operator.py for tasks to queue
[2025-01-28T06:35:27.030+0000] {logging_mixin.py:190} INFO - [2025-01-28T06:35:27.030+0000] {dagbag.py:588} INFO - Filling up the DagBag from /home/ubuntu/.local/lib/python3.12/site-packages/airflow/example_dags/example_bash_operator.py
[2025-01-28T06:35:27.043+0000] {processor.py:925} INFO - DAG(s) 'example_bash_operator' retrieved from /home/ubuntu/.local/lib/python3.12/site-packages/airflow/example_dags/example_bash_operator.py
[2025-01-28T06:35:27.063+0000] {logging_mixin.py:190} INFO - [2025-01-28T06:35:27.063+0000] {dag.py:3239} INFO - Sync 1 DAGs
[2025-01-28T06:35:27.082+0000] {logging_mixin.py:190} INFO - [2025-01-28T06:35:27.082+0000] {dag.py:4180} INFO - Setting next_dagrun for example_bash_operator to 2025-01-27 00:00:00+00:00, run_after=2025-01-28 00:00:00+00:00
[2025-01-28T06:35:27.104+0000] {processor.py:208} INFO - Processing /home/ubuntu/.local/lib/python3.12/site-packages/airflow/example_dags/example_bash_operator.py took 0.082 seconds
[2025-01-28T06:36:43.789+0000] {processor.py:186} INFO - Started process (PID=6078) to work on /home/ubuntu/.local/lib/python3.12/site-packages/airflow/example_dags/example_bash_operator.py
[2025-01-28T06:36:43.791+0000] {processor.py:914} INFO - Processing file /home/ubuntu/.local/lib/python3.12/site-packages/airflow/example_dags/example_bash_operator.py for tasks to queue
[2025-01-28T06:36:43.793+0000] {logging_mixin.py:190} INFO - [2025-01-28T06:36:43.793+0000] {dagbag.py:588} INFO - Filling up the DagBag from /home/ubuntu/.local/lib/python3.12/site-packages/airflow/example_dags/example_bash_operator.py
[2025-01-28T06:36:43.806+0000] {processor.py:925} INFO - DAG(s) 'example_bash_operator' retrieved from /home/ubuntu/.local/lib/python3.12/site-packages/airflow/example_dags/example_bash_operator.py
[2025-01-28T06:36:43.827+0000] {logging_mixin.py:190} INFO - [2025-01-28T06:36:43.827+0000] {dag.py:3239} INFO - Sync 1 DAGs
[2025-01-28T06:36:43.846+0000] {logging_mixin.py:190} INFO - [2025-01-28T06:36:43.846+0000] {dag.py:4180} INFO - Setting next_dagrun for example_bash_operator to 2025-01-27 00:00:00+00:00, run_after=2025-01-28 00:00:00+00:00
[2025-01-28T06:36:43.868+0000] {processor.py:208} INFO - Processing /home/ubuntu/.local/lib/python3.12/site-packages/airflow/example_dags/example_bash_operator.py took 0.085 seconds
[2025-01-28T06:38:02.667+0000] {processor.py:186} INFO - Started process (PID=6161) to work on /home/ubuntu/.local/lib/python3.12/site-packages/airflow/example_dags/example_bash_operator.py
[2025-01-28T06:38:02.668+0000] {processor.py:914} INFO - Processing file /home/ubuntu/.local/lib/python3.12/site-packages/airflow/example_dags/example_bash_operator.py for tasks to queue
[2025-01-28T06:38:02.670+0000] {logging_mixin.py:190} INFO - [2025-01-28T06:38:02.670+0000] {dagbag.py:588} INFO - Filling up the DagBag from /home/ubuntu/.local/lib/python3.12/site-packages/airflow/example_dags/example_bash_operator.py
[2025-01-28T06:38:02.683+0000] {processor.py:925} INFO - DAG(s) 'example_bash_operator' retrieved from /home/ubuntu/.local/lib/python3.12/site-packages/airflow/example_dags/example_bash_operator.py
[2025-01-28T06:38:02.704+0000] {logging_mixin.py:190} INFO - [2025-01-28T06:38:02.704+0000] {dag.py:3239} INFO - Sync 1 DAGs
[2025-01-28T06:38:02.723+0000] {logging_mixin.py:190} INFO - [2025-01-28T06:38:02.723+0000] {dag.py:4180} INFO - Setting next_dagrun for example_bash_operator to 2025-01-27 00:00:00+00:00, run_after=2025-01-28 00:00:00+00:00
[2025-01-28T06:38:02.746+0000] {processor.py:208} INFO - Processing /home/ubuntu/.local/lib/python3.12/site-packages/airflow/example_dags/example_bash_operator.py took 0.085 seconds
[2025-01-28T06:38:59.349+0000] {processor.py:186} INFO - Started process (PID=6220) to work on /home/ubuntu/.local/lib/python3.12/site-packages/airflow/example_dags/example_bash_operator.py
[2025-01-28T06:38:59.351+0000] {processor.py:914} INFO - Processing file /home/ubuntu/.local/lib/python3.12/site-packages/airflow/example_dags/example_bash_operator.py for tasks to queue
[2025-01-28T06:38:59.354+0000] {logging_mixin.py:190} INFO - [2025-01-28T06:38:59.354+0000] {dagbag.py:588} INFO - Filling up the DagBag from /home/ubuntu/.local/lib/python3.12/site-packages/airflow/example_dags/example_bash_operator.py
[2025-01-28T06:38:59.367+0000] {processor.py:925} INFO - DAG(s) 'example_bash_operator' retrieved from /home/ubuntu/.local/lib/python3.12/site-packages/airflow/example_dags/example_bash_operator.py
[2025-01-28T06:38:59.386+0000] {logging_mixin.py:190} INFO - [2025-01-28T06:38:59.386+0000] {dag.py:3239} INFO - Sync 1 DAGs
[2025-01-28T06:38:59.404+0000] {logging_mixin.py:190} INFO - [2025-01-28T06:38:59.404+0000] {dag.py:4180} INFO - Setting next_dagrun for example_bash_operator to 2025-01-27 00:00:00+00:00, run_after=2025-01-28 00:00:00+00:00
[2025-01-28T06:38:59.428+0000] {processor.py:208} INFO - Processing /home/ubuntu/.local/lib/python3.12/site-packages/airflow/example_dags/example_bash_operator.py took 0.084 seconds
[2025-01-28T06:39:57.472+0000] {processor.py:186} INFO - Started process (PID=6277) to work on /home/ubuntu/.local/lib/python3.12/site-packages/airflow/example_dags/example_bash_operator.py
[2025-01-28T06:39:57.474+0000] {processor.py:914} INFO - Processing file /home/ubuntu/.local/lib/python3.12/site-packages/airflow/example_dags/example_bash_operator.py for tasks to queue
[2025-01-28T06:39:57.476+0000] {logging_mixin.py:190} INFO - [2025-01-28T06:39:57.475+0000] {dagbag.py:588} INFO - Filling up the DagBag from /home/ubuntu/.local/lib/python3.12/site-packages/airflow/example_dags/example_bash_operator.py
[2025-01-28T06:39:57.488+0000] {processor.py:925} INFO - DAG(s) 'example_bash_operator' retrieved from /home/ubuntu/.local/lib/python3.12/site-packages/airflow/example_dags/example_bash_operator.py
[2025-01-28T06:39:57.509+0000] {logging_mixin.py:190} INFO - [2025-01-28T06:39:57.509+0000] {dag.py:3239} INFO - Sync 1 DAGs
[2025-01-28T06:39:57.529+0000] {logging_mixin.py:190} INFO - [2025-01-28T06:39:57.529+0000] {dag.py:4180} INFO - Setting next_dagrun for example_bash_operator to 2025-01-27 00:00:00+00:00, run_after=2025-01-28 00:00:00+00:00
[2025-01-28T06:39:57.551+0000] {processor.py:208} INFO - Processing /home/ubuntu/.local/lib/python3.12/site-packages/airflow/example_dags/example_bash_operator.py took 0.085 seconds
[2025-01-28T06:41:23.315+0000] {processor.py:186} INFO - Started process (PID=6485) to work on /home/ubuntu/.local/lib/python3.12/site-packages/airflow/example_dags/example_bash_operator.py
[2025-01-28T06:41:23.317+0000] {processor.py:914} INFO - Processing file /home/ubuntu/.local/lib/python3.12/site-packages/airflow/example_dags/example_bash_operator.py for tasks to queue
[2025-01-28T06:41:23.319+0000] {logging_mixin.py:190} INFO - [2025-01-28T06:41:23.319+0000] {dagbag.py:588} INFO - Filling up the DagBag from /home/ubuntu/.local/lib/python3.12/site-packages/airflow/example_dags/example_bash_operator.py
[2025-01-28T06:41:23.333+0000] {processor.py:925} INFO - DAG(s) 'example_bash_operator' retrieved from /home/ubuntu/.local/lib/python3.12/site-packages/airflow/example_dags/example_bash_operator.py
[2025-01-28T06:41:23.352+0000] {logging_mixin.py:190} INFO - [2025-01-28T06:41:23.352+0000] {dag.py:3239} INFO - Sync 1 DAGs
[2025-01-28T06:41:23.372+0000] {logging_mixin.py:190} INFO - [2025-01-28T06:41:23.372+0000] {dag.py:4180} INFO - Setting next_dagrun for example_bash_operator to 2025-01-27 00:00:00+00:00, run_after=2025-01-28 00:00:00+00:00
[2025-01-28T06:41:23.394+0000] {processor.py:208} INFO - Processing /home/ubuntu/.local/lib/python3.12/site-packages/airflow/example_dags/example_bash_operator.py took 0.085 seconds
[2025-01-28T06:42:26.612+0000] {processor.py:186} INFO - Started process (PID=6562) to work on /home/ubuntu/.local/lib/python3.12/site-packages/airflow/example_dags/example_bash_operator.py
[2025-01-28T06:42:26.614+0000] {processor.py:914} INFO - Processing file /home/ubuntu/.local/lib/python3.12/site-packages/airflow/example_dags/example_bash_operator.py for tasks to queue
[2025-01-28T06:42:26.615+0000] {logging_mixin.py:190} INFO - [2025-01-28T06:42:26.615+0000] {dagbag.py:588} INFO - Filling up the DagBag from /home/ubuntu/.local/lib/python3.12/site-packages/airflow/example_dags/example_bash_operator.py
[2025-01-28T06:42:26.639+0000] {processor.py:925} INFO - DAG(s) 'example_bash_operator' retrieved from /home/ubuntu/.local/lib/python3.12/site-packages/airflow/example_dags/example_bash_operator.py
[2025-01-28T06:42:26.660+0000] {logging_mixin.py:190} INFO - [2025-01-28T06:42:26.660+0000] {dag.py:3239} INFO - Sync 1 DAGs
[2025-01-28T06:42:26.678+0000] {logging_mixin.py:190} INFO - [2025-01-28T06:42:26.678+0000] {dag.py:4180} INFO - Setting next_dagrun for example_bash_operator to 2025-01-27 00:00:00+00:00, run_after=2025-01-28 00:00:00+00:00
[2025-01-28T06:42:26.701+0000] {processor.py:208} INFO - Processing /home/ubuntu/.local/lib/python3.12/site-packages/airflow/example_dags/example_bash_operator.py took 0.095 seconds
[2025-01-28T06:43:54.929+0000] {processor.py:186} INFO - Started process (PID=6648) to work on /home/ubuntu/.local/lib/python3.12/site-packages/airflow/example_dags/example_bash_operator.py
[2025-01-28T06:43:54.931+0000] {processor.py:914} INFO - Processing file /home/ubuntu/.local/lib/python3.12/site-packages/airflow/example_dags/example_bash_operator.py for tasks to queue
[2025-01-28T06:43:54.933+0000] {logging_mixin.py:190} INFO - [2025-01-28T06:43:54.933+0000] {dagbag.py:588} INFO - Filling up the DagBag from /home/ubuntu/.local/lib/python3.12/site-packages/airflow/example_dags/example_bash_operator.py
[2025-01-28T06:43:54.947+0000] {processor.py:925} INFO - DAG(s) 'example_bash_operator' retrieved from /home/ubuntu/.local/lib/python3.12/site-packages/airflow/example_dags/example_bash_operator.py
[2025-01-28T06:43:54.968+0000] {logging_mixin.py:190} INFO - [2025-01-28T06:43:54.968+0000] {dag.py:3239} INFO - Sync 1 DAGs
[2025-01-28T06:43:54.986+0000] {logging_mixin.py:190} INFO - [2025-01-28T06:43:54.985+0000] {dag.py:4180} INFO - Setting next_dagrun for example_bash_operator to 2025-01-27 00:00:00+00:00, run_after=2025-01-28 00:00:00+00:00
[2025-01-28T06:43:55.007+0000] {processor.py:208} INFO - Processing /home/ubuntu/.local/lib/python3.12/site-packages/airflow/example_dags/example_bash_operator.py took 0.083 seconds
[2025-01-28T06:45:02.998+0000] {processor.py:186} INFO - Started process (PID=6715) to work on /home/ubuntu/.local/lib/python3.12/site-packages/airflow/example_dags/example_bash_operator.py
[2025-01-28T06:45:02.999+0000] {processor.py:914} INFO - Processing file /home/ubuntu/.local/lib/python3.12/site-packages/airflow/example_dags/example_bash_operator.py for tasks to queue
[2025-01-28T06:45:03.001+0000] {logging_mixin.py:190} INFO - [2025-01-28T06:45:03.001+0000] {dagbag.py:588} INFO - Filling up the DagBag from /home/ubuntu/.local/lib/python3.12/site-packages/airflow/example_dags/example_bash_operator.py
[2025-01-28T06:45:03.170+0000] {processor.py:925} INFO - DAG(s) 'example_bash_operator' retrieved from /home/ubuntu/.local/lib/python3.12/site-packages/airflow/example_dags/example_bash_operator.py
[2025-01-28T06:45:03.188+0000] {logging_mixin.py:190} INFO - [2025-01-28T06:45:03.188+0000] {dag.py:3239} INFO - Sync 1 DAGs
[2025-01-28T06:45:03.205+0000] {logging_mixin.py:190} INFO - [2025-01-28T06:45:03.205+0000] {dag.py:4180} INFO - Setting next_dagrun for example_bash_operator to 2025-01-27 00:00:00+00:00, run_after=2025-01-28 00:00:00+00:00
[2025-01-28T06:45:03.225+0000] {processor.py:208} INFO - Processing /home/ubuntu/.local/lib/python3.12/site-packages/airflow/example_dags/example_bash_operator.py took 0.233 seconds
[2025-01-28T06:45:59.472+0000] {processor.py:186} INFO - Started process (PID=6889) to work on /home/ubuntu/.local/lib/python3.12/site-packages/airflow/example_dags/example_bash_operator.py
[2025-01-28T06:45:59.474+0000] {processor.py:914} INFO - Processing file /home/ubuntu/.local/lib/python3.12/site-packages/airflow/example_dags/example_bash_operator.py for tasks to queue
[2025-01-28T06:45:59.478+0000] {logging_mixin.py:190} INFO - [2025-01-28T06:45:59.477+0000] {dagbag.py:588} INFO - Filling up the DagBag from /home/ubuntu/.local/lib/python3.12/site-packages/airflow/example_dags/example_bash_operator.py
[2025-01-28T06:45:59.508+0000] {processor.py:925} INFO - DAG(s) 'example_bash_operator' retrieved from /home/ubuntu/.local/lib/python3.12/site-packages/airflow/example_dags/example_bash_operator.py
[2025-01-28T06:45:59.567+0000] {logging_mixin.py:190} INFO - [2025-01-28T06:45:59.567+0000] {dag.py:3239} INFO - Sync 1 DAGs
[2025-01-28T06:45:59.593+0000] {logging_mixin.py:190} INFO - [2025-01-28T06:45:59.593+0000] {dag.py:4180} INFO - Setting next_dagrun for example_bash_operator to 2025-01-27 00:00:00+00:00, run_after=2025-01-28 00:00:00+00:00
[2025-01-28T06:45:59.622+0000] {processor.py:208} INFO - Processing /home/ubuntu/.local/lib/python3.12/site-packages/airflow/example_dags/example_bash_operator.py took 0.160 seconds
