[2025-01-28T03:40:19.192+0000] {processor.py:186} INFO - Started process (PID=9675) to work on /home/ubuntu/airflow-venv/lib/python3.12/site-packages/airflow/example_dags/example_complex.py
[2025-01-28T03:40:19.193+0000] {processor.py:914} INFO - Processing file /home/ubuntu/airflow-venv/lib/python3.12/site-packages/airflow/example_dags/example_complex.py for tasks to queue
[2025-01-28T03:40:19.195+0000] {logging_mixin.py:190} INFO - [2025-01-28T03:40:19.194+0000] {dagbag.py:588} INFO - Filling up the DagBag from /home/ubuntu/airflow-venv/lib/python3.12/site-packages/airflow/example_dags/example_complex.py
[2025-01-28T03:40:19.206+0000] {processor.py:925} INFO - DAG(s) 'example_complex' retrieved from /home/ubuntu/airflow-venv/lib/python3.12/site-packages/airflow/example_dags/example_complex.py
[2025-01-28T03:40:19.316+0000] {logging_mixin.py:190} INFO - [2025-01-28T03:40:19.315+0000] {override.py:1912} INFO - Created Permission View: can read on DAG:example_complex
[2025-01-28T03:40:19.328+0000] {logging_mixin.py:190} INFO - [2025-01-28T03:40:19.328+0000] {override.py:1912} INFO - Created Permission View: can delete on DAG:example_complex
[2025-01-28T03:40:19.339+0000] {logging_mixin.py:190} INFO - [2025-01-28T03:40:19.339+0000] {override.py:1912} INFO - Created Permission View: can edit on DAG:example_complex
[2025-01-28T03:40:19.358+0000] {logging_mixin.py:190} INFO - [2025-01-28T03:40:19.357+0000] {override.py:1912} INFO - Created Permission View: menu access on DAG Run:example_complex
[2025-01-28T03:40:19.367+0000] {logging_mixin.py:190} INFO - [2025-01-28T03:40:19.367+0000] {override.py:1912} INFO - Created Permission View: can read on DAG Run:example_complex
[2025-01-28T03:40:19.378+0000] {logging_mixin.py:190} INFO - [2025-01-28T03:40:19.378+0000] {override.py:1912} INFO - Created Permission View: can delete on DAG Run:example_complex
[2025-01-28T03:40:19.391+0000] {logging_mixin.py:190} INFO - [2025-01-28T03:40:19.390+0000] {override.py:1912} INFO - Created Permission View: can create on DAG Run:example_complex
[2025-01-28T03:40:19.391+0000] {logging_mixin.py:190} INFO - [2025-01-28T03:40:19.391+0000] {dag.py:3239} INFO - Sync 1 DAGs
[2025-01-28T03:40:19.401+0000] {logging_mixin.py:190} INFO - [2025-01-28T03:40:19.400+0000] {dag.py:3262} INFO - Creating ORM DAG for example_complex
[2025-01-28T03:40:19.401+0000] {logging_mixin.py:190} INFO - [2025-01-28T03:40:19.401+0000] {dag.py:4180} INFO - Setting next_dagrun for example_complex to None, run_after=None
[2025-01-28T03:40:19.424+0000] {processor.py:208} INFO - Processing /home/ubuntu/airflow-venv/lib/python3.12/site-packages/airflow/example_dags/example_complex.py took 0.237 seconds
[2025-01-28T03:41:18.618+0000] {processor.py:186} INFO - Started process (PID=9734) to work on /home/ubuntu/airflow-venv/lib/python3.12/site-packages/airflow/example_dags/example_complex.py
[2025-01-28T03:41:18.619+0000] {processor.py:914} INFO - Processing file /home/ubuntu/airflow-venv/lib/python3.12/site-packages/airflow/example_dags/example_complex.py for tasks to queue
[2025-01-28T03:41:18.621+0000] {logging_mixin.py:190} INFO - [2025-01-28T03:41:18.621+0000] {dagbag.py:588} INFO - Filling up the DagBag from /home/ubuntu/airflow-venv/lib/python3.12/site-packages/airflow/example_dags/example_complex.py
[2025-01-28T03:41:18.632+0000] {processor.py:925} INFO - DAG(s) 'example_complex' retrieved from /home/ubuntu/airflow-venv/lib/python3.12/site-packages/airflow/example_dags/example_complex.py
[2025-01-28T03:41:18.656+0000] {logging_mixin.py:190} INFO - [2025-01-28T03:41:18.656+0000] {dag.py:3239} INFO - Sync 1 DAGs
[2025-01-28T03:41:18.668+0000] {logging_mixin.py:190} INFO - [2025-01-28T03:41:18.668+0000] {dag.py:4180} INFO - Setting next_dagrun for example_complex to None, run_after=None
[2025-01-28T03:41:18.691+0000] {processor.py:208} INFO - Processing /home/ubuntu/airflow-venv/lib/python3.12/site-packages/airflow/example_dags/example_complex.py took 0.078 seconds
[2025-01-28T03:43:54.660+0000] {processor.py:186} INFO - Started process (PID=9834) to work on /home/ubuntu/airflow-venv/lib/python3.12/site-packages/airflow/example_dags/example_complex.py
[2025-01-28T03:43:54.663+0000] {processor.py:914} INFO - Processing file /home/ubuntu/airflow-venv/lib/python3.12/site-packages/airflow/example_dags/example_complex.py for tasks to queue
[2025-01-28T03:43:54.667+0000] {logging_mixin.py:190} INFO - [2025-01-28T03:43:54.666+0000] {dagbag.py:588} INFO - Filling up the DagBag from /home/ubuntu/airflow-venv/lib/python3.12/site-packages/airflow/example_dags/example_complex.py
[2025-01-28T03:43:54.695+0000] {processor.py:925} INFO - DAG(s) 'example_complex' retrieved from /home/ubuntu/airflow-venv/lib/python3.12/site-packages/airflow/example_dags/example_complex.py
[2025-01-28T03:43:54.756+0000] {logging_mixin.py:190} INFO - [2025-01-28T03:43:54.756+0000] {dag.py:3239} INFO - Sync 1 DAGs
[2025-01-28T03:43:54.789+0000] {logging_mixin.py:190} INFO - [2025-01-28T03:43:54.789+0000] {dag.py:4180} INFO - Setting next_dagrun for example_complex to None, run_after=None
[2025-01-28T03:43:54.829+0000] {processor.py:208} INFO - Processing /home/ubuntu/airflow-venv/lib/python3.12/site-packages/airflow/example_dags/example_complex.py took 0.184 seconds
[2025-01-28T03:44:50.196+0000] {processor.py:186} INFO - Started process (PID=9891) to work on /home/ubuntu/airflow-venv/lib/python3.12/site-packages/airflow/example_dags/example_complex.py
[2025-01-28T03:44:50.199+0000] {processor.py:914} INFO - Processing file /home/ubuntu/airflow-venv/lib/python3.12/site-packages/airflow/example_dags/example_complex.py for tasks to queue
[2025-01-28T03:44:50.201+0000] {logging_mixin.py:190} INFO - [2025-01-28T03:44:50.200+0000] {dagbag.py:588} INFO - Filling up the DagBag from /home/ubuntu/airflow-venv/lib/python3.12/site-packages/airflow/example_dags/example_complex.py
[2025-01-28T03:44:50.212+0000] {processor.py:925} INFO - DAG(s) 'example_complex' retrieved from /home/ubuntu/airflow-venv/lib/python3.12/site-packages/airflow/example_dags/example_complex.py
[2025-01-28T03:44:50.236+0000] {logging_mixin.py:190} INFO - [2025-01-28T03:44:50.235+0000] {dag.py:3239} INFO - Sync 1 DAGs
[2025-01-28T03:44:50.248+0000] {logging_mixin.py:190} INFO - [2025-01-28T03:44:50.247+0000] {dag.py:4180} INFO - Setting next_dagrun for example_complex to None, run_after=None
[2025-01-28T03:44:50.270+0000] {processor.py:208} INFO - Processing /home/ubuntu/airflow-venv/lib/python3.12/site-packages/airflow/example_dags/example_complex.py took 0.078 seconds
[2025-01-28T03:46:08.033+0000] {processor.py:186} INFO - Started process (PID=9976) to work on /home/ubuntu/airflow-venv/lib/python3.12/site-packages/airflow/example_dags/example_complex.py
[2025-01-28T03:46:08.035+0000] {processor.py:914} INFO - Processing file /home/ubuntu/airflow-venv/lib/python3.12/site-packages/airflow/example_dags/example_complex.py for tasks to queue
[2025-01-28T03:46:08.037+0000] {logging_mixin.py:190} INFO - [2025-01-28T03:46:08.037+0000] {dagbag.py:588} INFO - Filling up the DagBag from /home/ubuntu/airflow-venv/lib/python3.12/site-packages/airflow/example_dags/example_complex.py
[2025-01-28T03:46:08.048+0000] {processor.py:925} INFO - DAG(s) 'example_complex' retrieved from /home/ubuntu/airflow-venv/lib/python3.12/site-packages/airflow/example_dags/example_complex.py
[2025-01-28T03:46:08.072+0000] {logging_mixin.py:190} INFO - [2025-01-28T03:46:08.072+0000] {dag.py:3239} INFO - Sync 1 DAGs
[2025-01-28T03:46:08.084+0000] {logging_mixin.py:190} INFO - [2025-01-28T03:46:08.084+0000] {dag.py:4180} INFO - Setting next_dagrun for example_complex to None, run_after=None
[2025-01-28T03:46:08.107+0000] {processor.py:208} INFO - Processing /home/ubuntu/airflow-venv/lib/python3.12/site-packages/airflow/example_dags/example_complex.py took 0.079 seconds
[2025-01-28T03:47:26.245+0000] {processor.py:186} INFO - Started process (PID=10056) to work on /home/ubuntu/airflow-venv/lib/python3.12/site-packages/airflow/example_dags/example_complex.py
[2025-01-28T03:47:26.247+0000] {processor.py:914} INFO - Processing file /home/ubuntu/airflow-venv/lib/python3.12/site-packages/airflow/example_dags/example_complex.py for tasks to queue
[2025-01-28T03:47:26.249+0000] {logging_mixin.py:190} INFO - [2025-01-28T03:47:26.249+0000] {dagbag.py:588} INFO - Filling up the DagBag from /home/ubuntu/airflow-venv/lib/python3.12/site-packages/airflow/example_dags/example_complex.py
[2025-01-28T03:47:26.270+0000] {processor.py:925} INFO - DAG(s) 'example_complex' retrieved from /home/ubuntu/airflow-venv/lib/python3.12/site-packages/airflow/example_dags/example_complex.py
[2025-01-28T03:47:26.295+0000] {logging_mixin.py:190} INFO - [2025-01-28T03:47:26.295+0000] {dag.py:3239} INFO - Sync 1 DAGs
[2025-01-28T03:47:26.306+0000] {logging_mixin.py:190} INFO - [2025-01-28T03:47:26.306+0000] {dag.py:4180} INFO - Setting next_dagrun for example_complex to None, run_after=None
[2025-01-28T03:47:26.328+0000] {processor.py:208} INFO - Processing /home/ubuntu/airflow-venv/lib/python3.12/site-packages/airflow/example_dags/example_complex.py took 0.089 seconds
[2025-01-28T03:48:39.250+0000] {processor.py:186} INFO - Started process (PID=10133) to work on /home/ubuntu/airflow-venv/lib/python3.12/site-packages/airflow/example_dags/example_complex.py
[2025-01-28T03:48:39.252+0000] {processor.py:914} INFO - Processing file /home/ubuntu/airflow-venv/lib/python3.12/site-packages/airflow/example_dags/example_complex.py for tasks to queue
[2025-01-28T03:48:39.254+0000] {logging_mixin.py:190} INFO - [2025-01-28T03:48:39.254+0000] {dagbag.py:588} INFO - Filling up the DagBag from /home/ubuntu/airflow-venv/lib/python3.12/site-packages/airflow/example_dags/example_complex.py
[2025-01-28T03:48:39.265+0000] {processor.py:925} INFO - DAG(s) 'example_complex' retrieved from /home/ubuntu/airflow-venv/lib/python3.12/site-packages/airflow/example_dags/example_complex.py
[2025-01-28T03:48:39.295+0000] {logging_mixin.py:190} INFO - [2025-01-28T03:48:39.294+0000] {dag.py:3239} INFO - Sync 1 DAGs
[2025-01-28T03:48:39.307+0000] {logging_mixin.py:190} INFO - [2025-01-28T03:48:39.306+0000] {dag.py:4180} INFO - Setting next_dagrun for example_complex to None, run_after=None
[2025-01-28T03:48:39.329+0000] {processor.py:208} INFO - Processing /home/ubuntu/airflow-venv/lib/python3.12/site-packages/airflow/example_dags/example_complex.py took 0.084 seconds
[2025-01-28T03:49:54.066+0000] {processor.py:186} INFO - Started process (PID=10210) to work on /home/ubuntu/airflow-venv/lib/python3.12/site-packages/airflow/example_dags/example_complex.py
[2025-01-28T03:49:54.068+0000] {processor.py:914} INFO - Processing file /home/ubuntu/airflow-venv/lib/python3.12/site-packages/airflow/example_dags/example_complex.py for tasks to queue
[2025-01-28T03:49:54.070+0000] {logging_mixin.py:190} INFO - [2025-01-28T03:49:54.069+0000] {dagbag.py:588} INFO - Filling up the DagBag from /home/ubuntu/airflow-venv/lib/python3.12/site-packages/airflow/example_dags/example_complex.py
[2025-01-28T03:49:54.081+0000] {processor.py:925} INFO - DAG(s) 'example_complex' retrieved from /home/ubuntu/airflow-venv/lib/python3.12/site-packages/airflow/example_dags/example_complex.py
[2025-01-28T03:49:54.105+0000] {logging_mixin.py:190} INFO - [2025-01-28T03:49:54.105+0000] {dag.py:3239} INFO - Sync 1 DAGs
[2025-01-28T03:49:54.122+0000] {logging_mixin.py:190} INFO - [2025-01-28T03:49:54.122+0000] {dag.py:4180} INFO - Setting next_dagrun for example_complex to None, run_after=None
[2025-01-28T03:49:54.147+0000] {processor.py:208} INFO - Processing /home/ubuntu/airflow-venv/lib/python3.12/site-packages/airflow/example_dags/example_complex.py took 0.086 seconds
[2025-01-28T05:55:45.912+0000] {processor.py:186} INFO - Started process (PID=1937) to work on /home/ubuntu/.local/lib/python3.12/site-packages/airflow/example_dags/example_complex.py
[2025-01-28T05:55:45.914+0000] {processor.py:914} INFO - Processing file /home/ubuntu/.local/lib/python3.12/site-packages/airflow/example_dags/example_complex.py for tasks to queue
[2025-01-28T05:55:45.916+0000] {logging_mixin.py:190} INFO - [2025-01-28T05:55:45.916+0000] {dagbag.py:588} INFO - Filling up the DagBag from /home/ubuntu/.local/lib/python3.12/site-packages/airflow/example_dags/example_complex.py
[2025-01-28T05:55:45.928+0000] {processor.py:925} INFO - DAG(s) 'example_complex' retrieved from /home/ubuntu/.local/lib/python3.12/site-packages/airflow/example_dags/example_complex.py
[2025-01-28T05:55:46.032+0000] {logging_mixin.py:190} INFO - [2025-01-28T05:55:46.032+0000] {dag.py:3239} INFO - Sync 1 DAGs
[2025-01-28T05:55:46.042+0000] {logging_mixin.py:190} INFO - [2025-01-28T05:55:46.041+0000] {dag.py:4180} INFO - Setting next_dagrun for example_complex to None, run_after=None
[2025-01-28T05:55:46.069+0000] {processor.py:208} INFO - Processing /home/ubuntu/.local/lib/python3.12/site-packages/airflow/example_dags/example_complex.py took 0.163 seconds
[2025-01-28T05:56:43.721+0000] {processor.py:186} INFO - Started process (PID=2009) to work on /home/ubuntu/.local/lib/python3.12/site-packages/airflow/example_dags/example_complex.py
[2025-01-28T05:56:43.722+0000] {processor.py:914} INFO - Processing file /home/ubuntu/.local/lib/python3.12/site-packages/airflow/example_dags/example_complex.py for tasks to queue
[2025-01-28T05:56:43.724+0000] {logging_mixin.py:190} INFO - [2025-01-28T05:56:43.724+0000] {dagbag.py:588} INFO - Filling up the DagBag from /home/ubuntu/.local/lib/python3.12/site-packages/airflow/example_dags/example_complex.py
[2025-01-28T05:56:43.736+0000] {processor.py:925} INFO - DAG(s) 'example_complex' retrieved from /home/ubuntu/.local/lib/python3.12/site-packages/airflow/example_dags/example_complex.py
[2025-01-28T05:56:43.762+0000] {logging_mixin.py:190} INFO - [2025-01-28T05:56:43.762+0000] {dag.py:3239} INFO - Sync 1 DAGs
[2025-01-28T05:56:43.773+0000] {logging_mixin.py:190} INFO - [2025-01-28T05:56:43.773+0000] {dag.py:4180} INFO - Setting next_dagrun for example_complex to None, run_after=None
[2025-01-28T05:56:43.795+0000] {processor.py:208} INFO - Processing /home/ubuntu/.local/lib/python3.12/site-packages/airflow/example_dags/example_complex.py took 0.080 seconds
[2025-01-28T05:57:40.707+0000] {processor.py:186} INFO - Started process (PID=2087) to work on /home/ubuntu/.local/lib/python3.12/site-packages/airflow/example_dags/example_complex.py
[2025-01-28T05:57:40.711+0000] {processor.py:914} INFO - Processing file /home/ubuntu/.local/lib/python3.12/site-packages/airflow/example_dags/example_complex.py for tasks to queue
[2025-01-28T05:57:40.712+0000] {logging_mixin.py:190} INFO - [2025-01-28T05:57:40.712+0000] {dagbag.py:588} INFO - Filling up the DagBag from /home/ubuntu/.local/lib/python3.12/site-packages/airflow/example_dags/example_complex.py
[2025-01-28T05:57:40.724+0000] {processor.py:925} INFO - DAG(s) 'example_complex' retrieved from /home/ubuntu/.local/lib/python3.12/site-packages/airflow/example_dags/example_complex.py
[2025-01-28T05:57:40.747+0000] {logging_mixin.py:190} INFO - [2025-01-28T05:57:40.747+0000] {dag.py:3239} INFO - Sync 1 DAGs
[2025-01-28T05:57:40.759+0000] {logging_mixin.py:190} INFO - [2025-01-28T05:57:40.759+0000] {dag.py:4180} INFO - Setting next_dagrun for example_complex to None, run_after=None
[2025-01-28T05:57:40.783+0000] {processor.py:208} INFO - Processing /home/ubuntu/.local/lib/python3.12/site-packages/airflow/example_dags/example_complex.py took 0.080 seconds
[2025-01-28T05:58:37.921+0000] {processor.py:186} INFO - Started process (PID=2145) to work on /home/ubuntu/.local/lib/python3.12/site-packages/airflow/example_dags/example_complex.py
[2025-01-28T05:58:37.923+0000] {processor.py:914} INFO - Processing file /home/ubuntu/.local/lib/python3.12/site-packages/airflow/example_dags/example_complex.py for tasks to queue
[2025-01-28T05:58:37.926+0000] {logging_mixin.py:190} INFO - [2025-01-28T05:58:37.925+0000] {dagbag.py:588} INFO - Filling up the DagBag from /home/ubuntu/.local/lib/python3.12/site-packages/airflow/example_dags/example_complex.py
[2025-01-28T05:58:37.937+0000] {processor.py:925} INFO - DAG(s) 'example_complex' retrieved from /home/ubuntu/.local/lib/python3.12/site-packages/airflow/example_dags/example_complex.py
[2025-01-28T05:58:37.961+0000] {logging_mixin.py:190} INFO - [2025-01-28T05:58:37.961+0000] {dag.py:3239} INFO - Sync 1 DAGs
[2025-01-28T05:58:37.972+0000] {logging_mixin.py:190} INFO - [2025-01-28T05:58:37.971+0000] {dag.py:4180} INFO - Setting next_dagrun for example_complex to None, run_after=None
[2025-01-28T05:58:37.995+0000] {processor.py:208} INFO - Processing /home/ubuntu/.local/lib/python3.12/site-packages/airflow/example_dags/example_complex.py took 0.078 seconds
[2025-01-28T05:59:33.469+0000] {processor.py:186} INFO - Started process (PID=2202) to work on /home/ubuntu/.local/lib/python3.12/site-packages/airflow/example_dags/example_complex.py
[2025-01-28T05:59:33.470+0000] {processor.py:914} INFO - Processing file /home/ubuntu/.local/lib/python3.12/site-packages/airflow/example_dags/example_complex.py for tasks to queue
[2025-01-28T05:59:33.472+0000] {logging_mixin.py:190} INFO - [2025-01-28T05:59:33.472+0000] {dagbag.py:588} INFO - Filling up the DagBag from /home/ubuntu/.local/lib/python3.12/site-packages/airflow/example_dags/example_complex.py
[2025-01-28T05:59:33.484+0000] {processor.py:925} INFO - DAG(s) 'example_complex' retrieved from /home/ubuntu/.local/lib/python3.12/site-packages/airflow/example_dags/example_complex.py
[2025-01-28T05:59:33.509+0000] {logging_mixin.py:190} INFO - [2025-01-28T05:59:33.509+0000] {dag.py:3239} INFO - Sync 1 DAGs
[2025-01-28T05:59:33.520+0000] {logging_mixin.py:190} INFO - [2025-01-28T05:59:33.520+0000] {dag.py:4180} INFO - Setting next_dagrun for example_complex to None, run_after=None
[2025-01-28T05:59:33.554+0000] {processor.py:208} INFO - Processing /home/ubuntu/.local/lib/python3.12/site-packages/airflow/example_dags/example_complex.py took 0.090 seconds
[2025-01-28T06:00:51.229+0000] {processor.py:186} INFO - Started process (PID=2286) to work on /home/ubuntu/.local/lib/python3.12/site-packages/airflow/example_dags/example_complex.py
[2025-01-28T06:00:51.231+0000] {processor.py:914} INFO - Processing file /home/ubuntu/.local/lib/python3.12/site-packages/airflow/example_dags/example_complex.py for tasks to queue
[2025-01-28T06:00:51.233+0000] {logging_mixin.py:190} INFO - [2025-01-28T06:00:51.233+0000] {dagbag.py:588} INFO - Filling up the DagBag from /home/ubuntu/.local/lib/python3.12/site-packages/airflow/example_dags/example_complex.py
[2025-01-28T06:00:51.244+0000] {processor.py:925} INFO - DAG(s) 'example_complex' retrieved from /home/ubuntu/.local/lib/python3.12/site-packages/airflow/example_dags/example_complex.py
[2025-01-28T06:00:51.268+0000] {logging_mixin.py:190} INFO - [2025-01-28T06:00:51.268+0000] {dag.py:3239} INFO - Sync 1 DAGs
[2025-01-28T06:00:51.279+0000] {logging_mixin.py:190} INFO - [2025-01-28T06:00:51.279+0000] {dag.py:4180} INFO - Setting next_dagrun for example_complex to None, run_after=None
[2025-01-28T06:00:51.304+0000] {processor.py:208} INFO - Processing /home/ubuntu/.local/lib/python3.12/site-packages/airflow/example_dags/example_complex.py took 0.080 seconds
[2025-01-28T06:02:02.916+0000] {processor.py:186} INFO - Started process (PID=2367) to work on /home/ubuntu/.local/lib/python3.12/site-packages/airflow/example_dags/example_complex.py
[2025-01-28T06:02:02.918+0000] {processor.py:914} INFO - Processing file /home/ubuntu/.local/lib/python3.12/site-packages/airflow/example_dags/example_complex.py for tasks to queue
[2025-01-28T06:02:02.920+0000] {logging_mixin.py:190} INFO - [2025-01-28T06:02:02.920+0000] {dagbag.py:588} INFO - Filling up the DagBag from /home/ubuntu/.local/lib/python3.12/site-packages/airflow/example_dags/example_complex.py
[2025-01-28T06:02:02.932+0000] {processor.py:925} INFO - DAG(s) 'example_complex' retrieved from /home/ubuntu/.local/lib/python3.12/site-packages/airflow/example_dags/example_complex.py
[2025-01-28T06:02:02.957+0000] {logging_mixin.py:190} INFO - [2025-01-28T06:02:02.957+0000] {dag.py:3239} INFO - Sync 1 DAGs
[2025-01-28T06:02:02.968+0000] {logging_mixin.py:190} INFO - [2025-01-28T06:02:02.968+0000] {dag.py:4180} INFO - Setting next_dagrun for example_complex to None, run_after=None
[2025-01-28T06:02:02.990+0000] {processor.py:208} INFO - Processing /home/ubuntu/.local/lib/python3.12/site-packages/airflow/example_dags/example_complex.py took 0.078 seconds
[2025-01-28T06:03:21.957+0000] {processor.py:186} INFO - Started process (PID=2460) to work on /home/ubuntu/.local/lib/python3.12/site-packages/airflow/example_dags/example_complex.py
[2025-01-28T06:03:21.959+0000] {processor.py:914} INFO - Processing file /home/ubuntu/.local/lib/python3.12/site-packages/airflow/example_dags/example_complex.py for tasks to queue
[2025-01-28T06:03:21.961+0000] {logging_mixin.py:190} INFO - [2025-01-28T06:03:21.960+0000] {dagbag.py:588} INFO - Filling up the DagBag from /home/ubuntu/.local/lib/python3.12/site-packages/airflow/example_dags/example_complex.py
[2025-01-28T06:03:21.972+0000] {processor.py:925} INFO - DAG(s) 'example_complex' retrieved from /home/ubuntu/.local/lib/python3.12/site-packages/airflow/example_dags/example_complex.py
[2025-01-28T06:03:21.997+0000] {logging_mixin.py:190} INFO - [2025-01-28T06:03:21.997+0000] {dag.py:3239} INFO - Sync 1 DAGs
[2025-01-28T06:03:22.008+0000] {logging_mixin.py:190} INFO - [2025-01-28T06:03:22.008+0000] {dag.py:4180} INFO - Setting next_dagrun for example_complex to None, run_after=None
[2025-01-28T06:03:22.037+0000] {processor.py:208} INFO - Processing /home/ubuntu/.local/lib/python3.12/site-packages/airflow/example_dags/example_complex.py took 0.086 seconds
[2025-01-28T06:04:49.863+0000] {processor.py:186} INFO - Started process (PID=2554) to work on /home/ubuntu/.local/lib/python3.12/site-packages/airflow/example_dags/example_complex.py
[2025-01-28T06:04:49.865+0000] {processor.py:914} INFO - Processing file /home/ubuntu/.local/lib/python3.12/site-packages/airflow/example_dags/example_complex.py for tasks to queue
[2025-01-28T06:04:49.867+0000] {logging_mixin.py:190} INFO - [2025-01-28T06:04:49.867+0000] {dagbag.py:588} INFO - Filling up the DagBag from /home/ubuntu/.local/lib/python3.12/site-packages/airflow/example_dags/example_complex.py
[2025-01-28T06:04:49.879+0000] {processor.py:925} INFO - DAG(s) 'example_complex' retrieved from /home/ubuntu/.local/lib/python3.12/site-packages/airflow/example_dags/example_complex.py
[2025-01-28T06:04:49.904+0000] {logging_mixin.py:190} INFO - [2025-01-28T06:04:49.904+0000] {dag.py:3239} INFO - Sync 1 DAGs
[2025-01-28T06:04:49.915+0000] {logging_mixin.py:190} INFO - [2025-01-28T06:04:49.915+0000] {dag.py:4180} INFO - Setting next_dagrun for example_complex to None, run_after=None
[2025-01-28T06:04:49.937+0000] {processor.py:208} INFO - Processing /home/ubuntu/.local/lib/python3.12/site-packages/airflow/example_dags/example_complex.py took 0.079 seconds
[2025-01-28T06:05:46.221+0000] {processor.py:186} INFO - Started process (PID=2615) to work on /home/ubuntu/.local/lib/python3.12/site-packages/airflow/example_dags/example_complex.py
[2025-01-28T06:05:46.224+0000] {processor.py:914} INFO - Processing file /home/ubuntu/.local/lib/python3.12/site-packages/airflow/example_dags/example_complex.py for tasks to queue
[2025-01-28T06:05:46.225+0000] {logging_mixin.py:190} INFO - [2025-01-28T06:05:46.225+0000] {dagbag.py:588} INFO - Filling up the DagBag from /home/ubuntu/.local/lib/python3.12/site-packages/airflow/example_dags/example_complex.py
[2025-01-28T06:05:46.236+0000] {processor.py:925} INFO - DAG(s) 'example_complex' retrieved from /home/ubuntu/.local/lib/python3.12/site-packages/airflow/example_dags/example_complex.py
[2025-01-28T06:05:46.260+0000] {logging_mixin.py:190} INFO - [2025-01-28T06:05:46.260+0000] {dag.py:3239} INFO - Sync 1 DAGs
[2025-01-28T06:05:46.271+0000] {logging_mixin.py:190} INFO - [2025-01-28T06:05:46.271+0000] {dag.py:4180} INFO - Setting next_dagrun for example_complex to None, run_after=None
[2025-01-28T06:05:46.293+0000] {processor.py:208} INFO - Processing /home/ubuntu/.local/lib/python3.12/site-packages/airflow/example_dags/example_complex.py took 0.077 seconds
[2025-01-28T06:07:00.055+0000] {processor.py:186} INFO - Started process (PID=2706) to work on /home/ubuntu/.local/lib/python3.12/site-packages/airflow/example_dags/example_complex.py
[2025-01-28T06:07:00.057+0000] {processor.py:914} INFO - Processing file /home/ubuntu/.local/lib/python3.12/site-packages/airflow/example_dags/example_complex.py for tasks to queue
[2025-01-28T06:07:00.059+0000] {logging_mixin.py:190} INFO - [2025-01-28T06:07:00.059+0000] {dagbag.py:588} INFO - Filling up the DagBag from /home/ubuntu/.local/lib/python3.12/site-packages/airflow/example_dags/example_complex.py
[2025-01-28T06:07:00.071+0000] {processor.py:925} INFO - DAG(s) 'example_complex' retrieved from /home/ubuntu/.local/lib/python3.12/site-packages/airflow/example_dags/example_complex.py
[2025-01-28T06:07:00.095+0000] {logging_mixin.py:190} INFO - [2025-01-28T06:07:00.095+0000] {dag.py:3239} INFO - Sync 1 DAGs
[2025-01-28T06:07:00.107+0000] {logging_mixin.py:190} INFO - [2025-01-28T06:07:00.107+0000] {dag.py:4180} INFO - Setting next_dagrun for example_complex to None, run_after=None
[2025-01-28T06:07:00.132+0000] {processor.py:208} INFO - Processing /home/ubuntu/.local/lib/python3.12/site-packages/airflow/example_dags/example_complex.py took 0.083 seconds
[2025-01-28T06:07:59.115+0000] {processor.py:186} INFO - Started process (PID=2766) to work on /home/ubuntu/.local/lib/python3.12/site-packages/airflow/example_dags/example_complex.py
[2025-01-28T06:07:59.118+0000] {processor.py:914} INFO - Processing file /home/ubuntu/.local/lib/python3.12/site-packages/airflow/example_dags/example_complex.py for tasks to queue
[2025-01-28T06:07:59.121+0000] {logging_mixin.py:190} INFO - [2025-01-28T06:07:59.121+0000] {dagbag.py:588} INFO - Filling up the DagBag from /home/ubuntu/.local/lib/python3.12/site-packages/airflow/example_dags/example_complex.py
[2025-01-28T06:07:59.144+0000] {processor.py:925} INFO - DAG(s) 'example_complex' retrieved from /home/ubuntu/.local/lib/python3.12/site-packages/airflow/example_dags/example_complex.py
[2025-01-28T06:07:59.171+0000] {logging_mixin.py:190} INFO - [2025-01-28T06:07:59.171+0000] {dag.py:3239} INFO - Sync 1 DAGs
[2025-01-28T06:07:59.183+0000] {logging_mixin.py:190} INFO - [2025-01-28T06:07:59.183+0000] {dag.py:4180} INFO - Setting next_dagrun for example_complex to None, run_after=None
[2025-01-28T06:07:59.209+0000] {processor.py:208} INFO - Processing /home/ubuntu/.local/lib/python3.12/site-packages/airflow/example_dags/example_complex.py took 0.098 seconds
[2025-01-28T06:08:55.607+0000] {processor.py:186} INFO - Started process (PID=2824) to work on /home/ubuntu/.local/lib/python3.12/site-packages/airflow/example_dags/example_complex.py
[2025-01-28T06:08:55.608+0000] {processor.py:914} INFO - Processing file /home/ubuntu/.local/lib/python3.12/site-packages/airflow/example_dags/example_complex.py for tasks to queue
[2025-01-28T06:08:55.610+0000] {logging_mixin.py:190} INFO - [2025-01-28T06:08:55.610+0000] {dagbag.py:588} INFO - Filling up the DagBag from /home/ubuntu/.local/lib/python3.12/site-packages/airflow/example_dags/example_complex.py
[2025-01-28T06:08:55.622+0000] {processor.py:925} INFO - DAG(s) 'example_complex' retrieved from /home/ubuntu/.local/lib/python3.12/site-packages/airflow/example_dags/example_complex.py
[2025-01-28T06:08:55.646+0000] {logging_mixin.py:190} INFO - [2025-01-28T06:08:55.646+0000] {dag.py:3239} INFO - Sync 1 DAGs
[2025-01-28T06:08:55.657+0000] {logging_mixin.py:190} INFO - [2025-01-28T06:08:55.657+0000] {dag.py:4180} INFO - Setting next_dagrun for example_complex to None, run_after=None
[2025-01-28T06:08:55.681+0000] {processor.py:208} INFO - Processing /home/ubuntu/.local/lib/python3.12/site-packages/airflow/example_dags/example_complex.py took 0.079 seconds
[2025-01-28T06:09:50.434+0000] {processor.py:186} INFO - Started process (PID=2895) to work on /home/ubuntu/.local/lib/python3.12/site-packages/airflow/example_dags/example_complex.py
[2025-01-28T06:09:50.436+0000] {processor.py:914} INFO - Processing file /home/ubuntu/.local/lib/python3.12/site-packages/airflow/example_dags/example_complex.py for tasks to queue
[2025-01-28T06:09:50.439+0000] {logging_mixin.py:190} INFO - [2025-01-28T06:09:50.439+0000] {dagbag.py:588} INFO - Filling up the DagBag from /home/ubuntu/.local/lib/python3.12/site-packages/airflow/example_dags/example_complex.py
[2025-01-28T06:09:50.450+0000] {processor.py:925} INFO - DAG(s) 'example_complex' retrieved from /home/ubuntu/.local/lib/python3.12/site-packages/airflow/example_dags/example_complex.py
[2025-01-28T06:09:50.489+0000] {logging_mixin.py:190} INFO - [2025-01-28T06:09:50.489+0000] {dag.py:3239} INFO - Sync 1 DAGs
[2025-01-28T06:09:50.500+0000] {logging_mixin.py:190} INFO - [2025-01-28T06:09:50.500+0000] {dag.py:4180} INFO - Setting next_dagrun for example_complex to None, run_after=None
[2025-01-28T06:09:50.523+0000] {processor.py:208} INFO - Processing /home/ubuntu/.local/lib/python3.12/site-packages/airflow/example_dags/example_complex.py took 0.094 seconds
[2025-01-28T06:11:09.242+0000] {processor.py:186} INFO - Started process (PID=2987) to work on /home/ubuntu/.local/lib/python3.12/site-packages/airflow/example_dags/example_complex.py
[2025-01-28T06:11:09.244+0000] {processor.py:914} INFO - Processing file /home/ubuntu/.local/lib/python3.12/site-packages/airflow/example_dags/example_complex.py for tasks to queue
[2025-01-28T06:11:09.247+0000] {logging_mixin.py:190} INFO - [2025-01-28T06:11:09.246+0000] {dagbag.py:588} INFO - Filling up the DagBag from /home/ubuntu/.local/lib/python3.12/site-packages/airflow/example_dags/example_complex.py
[2025-01-28T06:11:09.258+0000] {processor.py:925} INFO - DAG(s) 'example_complex' retrieved from /home/ubuntu/.local/lib/python3.12/site-packages/airflow/example_dags/example_complex.py
[2025-01-28T06:11:09.283+0000] {logging_mixin.py:190} INFO - [2025-01-28T06:11:09.282+0000] {dag.py:3239} INFO - Sync 1 DAGs
[2025-01-28T06:11:09.294+0000] {logging_mixin.py:190} INFO - [2025-01-28T06:11:09.293+0000] {dag.py:4180} INFO - Setting next_dagrun for example_complex to None, run_after=None
[2025-01-28T06:11:09.316+0000] {processor.py:208} INFO - Processing /home/ubuntu/.local/lib/python3.12/site-packages/airflow/example_dags/example_complex.py took 0.079 seconds
[2025-01-28T06:12:28.760+0000] {processor.py:186} INFO - Started process (PID=3069) to work on /home/ubuntu/.local/lib/python3.12/site-packages/airflow/example_dags/example_complex.py
[2025-01-28T06:12:28.761+0000] {processor.py:914} INFO - Processing file /home/ubuntu/.local/lib/python3.12/site-packages/airflow/example_dags/example_complex.py for tasks to queue
[2025-01-28T06:12:28.763+0000] {logging_mixin.py:190} INFO - [2025-01-28T06:12:28.762+0000] {dagbag.py:588} INFO - Filling up the DagBag from /home/ubuntu/.local/lib/python3.12/site-packages/airflow/example_dags/example_complex.py
[2025-01-28T06:12:28.774+0000] {processor.py:925} INFO - DAG(s) 'example_complex' retrieved from /home/ubuntu/.local/lib/python3.12/site-packages/airflow/example_dags/example_complex.py
[2025-01-28T06:12:28.799+0000] {logging_mixin.py:190} INFO - [2025-01-28T06:12:28.799+0000] {dag.py:3239} INFO - Sync 1 DAGs
[2025-01-28T06:12:28.810+0000] {logging_mixin.py:190} INFO - [2025-01-28T06:12:28.810+0000] {dag.py:4180} INFO - Setting next_dagrun for example_complex to None, run_after=None
[2025-01-28T06:12:28.832+0000] {processor.py:208} INFO - Processing /home/ubuntu/.local/lib/python3.12/site-packages/airflow/example_dags/example_complex.py took 0.078 seconds
[2025-01-28T06:13:22.729+0000] {processor.py:186} INFO - Started process (PID=3125) to work on /home/ubuntu/.local/lib/python3.12/site-packages/airflow/example_dags/example_complex.py
[2025-01-28T06:13:22.731+0000] {processor.py:914} INFO - Processing file /home/ubuntu/.local/lib/python3.12/site-packages/airflow/example_dags/example_complex.py for tasks to queue
[2025-01-28T06:13:22.733+0000] {logging_mixin.py:190} INFO - [2025-01-28T06:13:22.733+0000] {dagbag.py:588} INFO - Filling up the DagBag from /home/ubuntu/.local/lib/python3.12/site-packages/airflow/example_dags/example_complex.py
[2025-01-28T06:13:22.744+0000] {processor.py:925} INFO - DAG(s) 'example_complex' retrieved from /home/ubuntu/.local/lib/python3.12/site-packages/airflow/example_dags/example_complex.py
[2025-01-28T06:13:22.770+0000] {logging_mixin.py:190} INFO - [2025-01-28T06:13:22.770+0000] {dag.py:3239} INFO - Sync 1 DAGs
[2025-01-28T06:13:22.781+0000] {logging_mixin.py:190} INFO - [2025-01-28T06:13:22.781+0000] {dag.py:4180} INFO - Setting next_dagrun for example_complex to None, run_after=None
[2025-01-28T06:13:22.803+0000] {processor.py:208} INFO - Processing /home/ubuntu/.local/lib/python3.12/site-packages/airflow/example_dags/example_complex.py took 0.079 seconds
[2025-01-28T06:14:18.431+0000] {processor.py:186} INFO - Started process (PID=3183) to work on /home/ubuntu/.local/lib/python3.12/site-packages/airflow/example_dags/example_complex.py
[2025-01-28T06:14:18.433+0000] {processor.py:914} INFO - Processing file /home/ubuntu/.local/lib/python3.12/site-packages/airflow/example_dags/example_complex.py for tasks to queue
[2025-01-28T06:14:18.435+0000] {logging_mixin.py:190} INFO - [2025-01-28T06:14:18.435+0000] {dagbag.py:588} INFO - Filling up the DagBag from /home/ubuntu/.local/lib/python3.12/site-packages/airflow/example_dags/example_complex.py
[2025-01-28T06:14:18.447+0000] {processor.py:925} INFO - DAG(s) 'example_complex' retrieved from /home/ubuntu/.local/lib/python3.12/site-packages/airflow/example_dags/example_complex.py
[2025-01-28T06:14:18.471+0000] {logging_mixin.py:190} INFO - [2025-01-28T06:14:18.471+0000] {dag.py:3239} INFO - Sync 1 DAGs
[2025-01-28T06:14:18.483+0000] {logging_mixin.py:190} INFO - [2025-01-28T06:14:18.482+0000] {dag.py:4180} INFO - Setting next_dagrun for example_complex to None, run_after=None
[2025-01-28T06:14:18.507+0000] {processor.py:208} INFO - Processing /home/ubuntu/.local/lib/python3.12/site-packages/airflow/example_dags/example_complex.py took 0.081 seconds
[2025-01-28T06:15:36.041+0000] {processor.py:186} INFO - Started process (PID=3268) to work on /home/ubuntu/.local/lib/python3.12/site-packages/airflow/example_dags/example_complex.py
[2025-01-28T06:15:36.043+0000] {processor.py:914} INFO - Processing file /home/ubuntu/.local/lib/python3.12/site-packages/airflow/example_dags/example_complex.py for tasks to queue
[2025-01-28T06:15:36.045+0000] {logging_mixin.py:190} INFO - [2025-01-28T06:15:36.045+0000] {dagbag.py:588} INFO - Filling up the DagBag from /home/ubuntu/.local/lib/python3.12/site-packages/airflow/example_dags/example_complex.py
[2025-01-28T06:15:36.057+0000] {processor.py:925} INFO - DAG(s) 'example_complex' retrieved from /home/ubuntu/.local/lib/python3.12/site-packages/airflow/example_dags/example_complex.py
[2025-01-28T06:15:36.081+0000] {logging_mixin.py:190} INFO - [2025-01-28T06:15:36.081+0000] {dag.py:3239} INFO - Sync 1 DAGs
[2025-01-28T06:15:36.092+0000] {logging_mixin.py:190} INFO - [2025-01-28T06:15:36.092+0000] {dag.py:4180} INFO - Setting next_dagrun for example_complex to None, run_after=None
[2025-01-28T06:15:36.115+0000] {processor.py:208} INFO - Processing /home/ubuntu/.local/lib/python3.12/site-packages/airflow/example_dags/example_complex.py took 0.079 seconds
[2025-01-28T06:16:55.522+0000] {processor.py:186} INFO - Started process (PID=3351) to work on /home/ubuntu/.local/lib/python3.12/site-packages/airflow/example_dags/example_complex.py
[2025-01-28T06:16:55.524+0000] {processor.py:914} INFO - Processing file /home/ubuntu/.local/lib/python3.12/site-packages/airflow/example_dags/example_complex.py for tasks to queue
[2025-01-28T06:16:55.526+0000] {logging_mixin.py:190} INFO - [2025-01-28T06:16:55.526+0000] {dagbag.py:588} INFO - Filling up the DagBag from /home/ubuntu/.local/lib/python3.12/site-packages/airflow/example_dags/example_complex.py
[2025-01-28T06:16:55.537+0000] {processor.py:925} INFO - DAG(s) 'example_complex' retrieved from /home/ubuntu/.local/lib/python3.12/site-packages/airflow/example_dags/example_complex.py
[2025-01-28T06:16:55.576+0000] {logging_mixin.py:190} INFO - [2025-01-28T06:16:55.575+0000] {dag.py:3239} INFO - Sync 1 DAGs
[2025-01-28T06:16:55.590+0000] {logging_mixin.py:190} INFO - [2025-01-28T06:16:55.590+0000] {dag.py:4180} INFO - Setting next_dagrun for example_complex to None, run_after=None
[2025-01-28T06:16:55.613+0000] {processor.py:208} INFO - Processing /home/ubuntu/.local/lib/python3.12/site-packages/airflow/example_dags/example_complex.py took 0.098 seconds
[2025-01-28T06:17:58.188+0000] {processor.py:186} INFO - Started process (PID=3423) to work on /home/ubuntu/.local/lib/python3.12/site-packages/airflow/example_dags/example_complex.py
[2025-01-28T06:17:58.195+0000] {processor.py:914} INFO - Processing file /home/ubuntu/.local/lib/python3.12/site-packages/airflow/example_dags/example_complex.py for tasks to queue
[2025-01-28T06:17:58.198+0000] {logging_mixin.py:190} INFO - [2025-01-28T06:17:58.198+0000] {dagbag.py:588} INFO - Filling up the DagBag from /home/ubuntu/.local/lib/python3.12/site-packages/airflow/example_dags/example_complex.py
[2025-01-28T06:17:58.214+0000] {processor.py:925} INFO - DAG(s) 'example_complex' retrieved from /home/ubuntu/.local/lib/python3.12/site-packages/airflow/example_dags/example_complex.py
[2025-01-28T06:17:58.269+0000] {logging_mixin.py:190} INFO - [2025-01-28T06:17:58.269+0000] {dag.py:3239} INFO - Sync 1 DAGs
[2025-01-28T06:17:58.287+0000] {logging_mixin.py:190} INFO - [2025-01-28T06:17:58.287+0000] {dag.py:4180} INFO - Setting next_dagrun for example_complex to None, run_after=None
[2025-01-28T06:17:58.339+0000] {processor.py:208} INFO - Processing /home/ubuntu/.local/lib/python3.12/site-packages/airflow/example_dags/example_complex.py took 0.163 seconds
[2025-01-28T06:18:57.471+0000] {processor.py:186} INFO - Started process (PID=3521) to work on /home/ubuntu/.local/lib/python3.12/site-packages/airflow/example_dags/example_complex.py
[2025-01-28T06:18:57.473+0000] {processor.py:914} INFO - Processing file /home/ubuntu/.local/lib/python3.12/site-packages/airflow/example_dags/example_complex.py for tasks to queue
[2025-01-28T06:18:57.475+0000] {logging_mixin.py:190} INFO - [2025-01-28T06:18:57.475+0000] {dagbag.py:588} INFO - Filling up the DagBag from /home/ubuntu/.local/lib/python3.12/site-packages/airflow/example_dags/example_complex.py
[2025-01-28T06:18:57.486+0000] {processor.py:925} INFO - DAG(s) 'example_complex' retrieved from /home/ubuntu/.local/lib/python3.12/site-packages/airflow/example_dags/example_complex.py
[2025-01-28T06:18:57.512+0000] {logging_mixin.py:190} INFO - [2025-01-28T06:18:57.512+0000] {dag.py:3239} INFO - Sync 1 DAGs
[2025-01-28T06:18:57.524+0000] {logging_mixin.py:190} INFO - [2025-01-28T06:18:57.523+0000] {dag.py:4180} INFO - Setting next_dagrun for example_complex to None, run_after=None
[2025-01-28T06:18:57.546+0000] {processor.py:208} INFO - Processing /home/ubuntu/.local/lib/python3.12/site-packages/airflow/example_dags/example_complex.py took 0.080 seconds
[2025-01-28T06:20:17.655+0000] {processor.py:186} INFO - Started process (PID=3607) to work on /home/ubuntu/.local/lib/python3.12/site-packages/airflow/example_dags/example_complex.py
[2025-01-28T06:20:17.656+0000] {processor.py:914} INFO - Processing file /home/ubuntu/.local/lib/python3.12/site-packages/airflow/example_dags/example_complex.py for tasks to queue
[2025-01-28T06:20:17.660+0000] {logging_mixin.py:190} INFO - [2025-01-28T06:20:17.659+0000] {dagbag.py:588} INFO - Filling up the DagBag from /home/ubuntu/.local/lib/python3.12/site-packages/airflow/example_dags/example_complex.py
[2025-01-28T06:20:17.671+0000] {processor.py:925} INFO - DAG(s) 'example_complex' retrieved from /home/ubuntu/.local/lib/python3.12/site-packages/airflow/example_dags/example_complex.py
[2025-01-28T06:20:17.695+0000] {logging_mixin.py:190} INFO - [2025-01-28T06:20:17.694+0000] {dag.py:3239} INFO - Sync 1 DAGs
[2025-01-28T06:20:17.706+0000] {logging_mixin.py:190} INFO - [2025-01-28T06:20:17.706+0000] {dag.py:4180} INFO - Setting next_dagrun for example_complex to None, run_after=None
[2025-01-28T06:20:17.729+0000] {processor.py:208} INFO - Processing /home/ubuntu/.local/lib/python3.12/site-packages/airflow/example_dags/example_complex.py took 0.079 seconds
[2025-01-28T06:21:13.938+0000] {processor.py:186} INFO - Started process (PID=3766) to work on /home/ubuntu/.local/lib/python3.12/site-packages/airflow/example_dags/example_complex.py
[2025-01-28T06:21:13.940+0000] {processor.py:914} INFO - Processing file /home/ubuntu/.local/lib/python3.12/site-packages/airflow/example_dags/example_complex.py for tasks to queue
[2025-01-28T06:21:13.942+0000] {logging_mixin.py:190} INFO - [2025-01-28T06:21:13.942+0000] {dagbag.py:588} INFO - Filling up the DagBag from /home/ubuntu/.local/lib/python3.12/site-packages/airflow/example_dags/example_complex.py
[2025-01-28T06:21:13.953+0000] {processor.py:925} INFO - DAG(s) 'example_complex' retrieved from /home/ubuntu/.local/lib/python3.12/site-packages/airflow/example_dags/example_complex.py
[2025-01-28T06:21:13.978+0000] {logging_mixin.py:190} INFO - [2025-01-28T06:21:13.977+0000] {dag.py:3239} INFO - Sync 1 DAGs
[2025-01-28T06:21:14.001+0000] {logging_mixin.py:190} INFO - [2025-01-28T06:21:14.000+0000] {dag.py:4180} INFO - Setting next_dagrun for example_complex to None, run_after=None
[2025-01-28T06:21:14.031+0000] {processor.py:208} INFO - Processing /home/ubuntu/.local/lib/python3.12/site-packages/airflow/example_dags/example_complex.py took 0.098 seconds
[2025-01-28T06:22:36.139+0000] {processor.py:186} INFO - Started process (PID=3897) to work on /home/ubuntu/.local/lib/python3.12/site-packages/airflow/example_dags/example_complex.py
[2025-01-28T06:22:36.141+0000] {processor.py:914} INFO - Processing file /home/ubuntu/.local/lib/python3.12/site-packages/airflow/example_dags/example_complex.py for tasks to queue
[2025-01-28T06:22:36.143+0000] {logging_mixin.py:190} INFO - [2025-01-28T06:22:36.143+0000] {dagbag.py:588} INFO - Filling up the DagBag from /home/ubuntu/.local/lib/python3.12/site-packages/airflow/example_dags/example_complex.py
[2025-01-28T06:22:36.155+0000] {processor.py:925} INFO - DAG(s) 'example_complex' retrieved from /home/ubuntu/.local/lib/python3.12/site-packages/airflow/example_dags/example_complex.py
[2025-01-28T06:22:36.179+0000] {logging_mixin.py:190} INFO - [2025-01-28T06:22:36.179+0000] {dag.py:3239} INFO - Sync 1 DAGs
[2025-01-28T06:22:36.190+0000] {logging_mixin.py:190} INFO - [2025-01-28T06:22:36.190+0000] {dag.py:4180} INFO - Setting next_dagrun for example_complex to None, run_after=None
[2025-01-28T06:22:36.213+0000] {processor.py:208} INFO - Processing /home/ubuntu/.local/lib/python3.12/site-packages/airflow/example_dags/example_complex.py took 0.080 seconds
[2025-01-28T06:23:32.971+0000] {processor.py:186} INFO - Started process (PID=4385) to work on /home/ubuntu/.local/lib/python3.12/site-packages/airflow/example_dags/example_complex.py
[2025-01-28T06:23:32.972+0000] {processor.py:914} INFO - Processing file /home/ubuntu/.local/lib/python3.12/site-packages/airflow/example_dags/example_complex.py for tasks to queue
[2025-01-28T06:23:32.975+0000] {logging_mixin.py:190} INFO - [2025-01-28T06:23:32.974+0000] {dagbag.py:588} INFO - Filling up the DagBag from /home/ubuntu/.local/lib/python3.12/site-packages/airflow/example_dags/example_complex.py
[2025-01-28T06:23:32.986+0000] {processor.py:925} INFO - DAG(s) 'example_complex' retrieved from /home/ubuntu/.local/lib/python3.12/site-packages/airflow/example_dags/example_complex.py
[2025-01-28T06:23:33.012+0000] {logging_mixin.py:190} INFO - [2025-01-28T06:23:33.011+0000] {dag.py:3239} INFO - Sync 1 DAGs
[2025-01-28T06:23:33.024+0000] {logging_mixin.py:190} INFO - [2025-01-28T06:23:33.024+0000] {dag.py:4180} INFO - Setting next_dagrun for example_complex to None, run_after=None
[2025-01-28T06:23:33.043+0000] {processor.py:208} INFO - Processing /home/ubuntu/.local/lib/python3.12/site-packages/airflow/example_dags/example_complex.py took 0.076 seconds
[2025-01-28T06:24:53.813+0000] {processor.py:186} INFO - Started process (PID=4885) to work on /home/ubuntu/.local/lib/python3.12/site-packages/airflow/example_dags/example_complex.py
[2025-01-28T06:24:53.815+0000] {processor.py:914} INFO - Processing file /home/ubuntu/.local/lib/python3.12/site-packages/airflow/example_dags/example_complex.py for tasks to queue
[2025-01-28T06:24:53.817+0000] {logging_mixin.py:190} INFO - [2025-01-28T06:24:53.817+0000] {dagbag.py:588} INFO - Filling up the DagBag from /home/ubuntu/.local/lib/python3.12/site-packages/airflow/example_dags/example_complex.py
[2025-01-28T06:24:53.829+0000] {processor.py:925} INFO - DAG(s) 'example_complex' retrieved from /home/ubuntu/.local/lib/python3.12/site-packages/airflow/example_dags/example_complex.py
[2025-01-28T06:24:53.854+0000] {logging_mixin.py:190} INFO - [2025-01-28T06:24:53.854+0000] {dag.py:3239} INFO - Sync 1 DAGs
[2025-01-28T06:24:53.865+0000] {logging_mixin.py:190} INFO - [2025-01-28T06:24:53.865+0000] {dag.py:4180} INFO - Setting next_dagrun for example_complex to None, run_after=None
[2025-01-28T06:24:53.883+0000] {processor.py:208} INFO - Processing /home/ubuntu/.local/lib/python3.12/site-packages/airflow/example_dags/example_complex.py took 0.075 seconds
[2025-01-28T06:26:15.390+0000] {processor.py:186} INFO - Started process (PID=5140) to work on /home/ubuntu/.local/lib/python3.12/site-packages/airflow/example_dags/example_complex.py
[2025-01-28T06:26:15.391+0000] {processor.py:914} INFO - Processing file /home/ubuntu/.local/lib/python3.12/site-packages/airflow/example_dags/example_complex.py for tasks to queue
[2025-01-28T06:26:15.393+0000] {logging_mixin.py:190} INFO - [2025-01-28T06:26:15.393+0000] {dagbag.py:588} INFO - Filling up the DagBag from /home/ubuntu/.local/lib/python3.12/site-packages/airflow/example_dags/example_complex.py
[2025-01-28T06:26:15.405+0000] {processor.py:925} INFO - DAG(s) 'example_complex' retrieved from /home/ubuntu/.local/lib/python3.12/site-packages/airflow/example_dags/example_complex.py
[2025-01-28T06:26:15.430+0000] {logging_mixin.py:190} INFO - [2025-01-28T06:26:15.429+0000] {dag.py:3239} INFO - Sync 1 DAGs
[2025-01-28T06:26:15.441+0000] {logging_mixin.py:190} INFO - [2025-01-28T06:26:15.441+0000] {dag.py:4180} INFO - Setting next_dagrun for example_complex to None, run_after=None
[2025-01-28T06:26:15.461+0000] {processor.py:208} INFO - Processing /home/ubuntu/.local/lib/python3.12/site-packages/airflow/example_dags/example_complex.py took 0.077 seconds
[2025-01-28T06:27:34.634+0000] {processor.py:186} INFO - Started process (PID=5235) to work on /home/ubuntu/.local/lib/python3.12/site-packages/airflow/example_dags/example_complex.py
[2025-01-28T06:27:34.636+0000] {processor.py:914} INFO - Processing file /home/ubuntu/.local/lib/python3.12/site-packages/airflow/example_dags/example_complex.py for tasks to queue
[2025-01-28T06:27:34.639+0000] {logging_mixin.py:190} INFO - [2025-01-28T06:27:34.638+0000] {dagbag.py:588} INFO - Filling up the DagBag from /home/ubuntu/.local/lib/python3.12/site-packages/airflow/example_dags/example_complex.py
[2025-01-28T06:27:34.650+0000] {processor.py:925} INFO - DAG(s) 'example_complex' retrieved from /home/ubuntu/.local/lib/python3.12/site-packages/airflow/example_dags/example_complex.py
[2025-01-28T06:27:34.674+0000] {logging_mixin.py:190} INFO - [2025-01-28T06:27:34.674+0000] {dag.py:3239} INFO - Sync 1 DAGs
[2025-01-28T06:27:34.686+0000] {logging_mixin.py:190} INFO - [2025-01-28T06:27:34.686+0000] {dag.py:4180} INFO - Setting next_dagrun for example_complex to None, run_after=None
[2025-01-28T06:27:34.706+0000] {processor.py:208} INFO - Processing /home/ubuntu/.local/lib/python3.12/site-packages/airflow/example_dags/example_complex.py took 0.077 seconds
[2025-01-28T06:28:52.954+0000] {processor.py:186} INFO - Started process (PID=5524) to work on /home/ubuntu/.local/lib/python3.12/site-packages/airflow/example_dags/example_complex.py
[2025-01-28T06:28:52.957+0000] {processor.py:914} INFO - Processing file /home/ubuntu/.local/lib/python3.12/site-packages/airflow/example_dags/example_complex.py for tasks to queue
[2025-01-28T06:28:52.959+0000] {logging_mixin.py:190} INFO - [2025-01-28T06:28:52.958+0000] {dagbag.py:588} INFO - Filling up the DagBag from /home/ubuntu/.local/lib/python3.12/site-packages/airflow/example_dags/example_complex.py
[2025-01-28T06:28:52.970+0000] {processor.py:925} INFO - DAG(s) 'example_complex' retrieved from /home/ubuntu/.local/lib/python3.12/site-packages/airflow/example_dags/example_complex.py
[2025-01-28T06:28:52.993+0000] {logging_mixin.py:190} INFO - [2025-01-28T06:28:52.993+0000] {dag.py:3239} INFO - Sync 1 DAGs
[2025-01-28T06:28:53.005+0000] {logging_mixin.py:190} INFO - [2025-01-28T06:28:53.005+0000] {dag.py:4180} INFO - Setting next_dagrun for example_complex to None, run_after=None
[2025-01-28T06:28:53.028+0000] {processor.py:208} INFO - Processing /home/ubuntu/.local/lib/python3.12/site-packages/airflow/example_dags/example_complex.py took 0.079 seconds
[2025-01-28T06:29:50.292+0000] {processor.py:186} INFO - Started process (PID=5594) to work on /home/ubuntu/.local/lib/python3.12/site-packages/airflow/example_dags/example_complex.py
[2025-01-28T06:29:50.294+0000] {processor.py:914} INFO - Processing file /home/ubuntu/.local/lib/python3.12/site-packages/airflow/example_dags/example_complex.py for tasks to queue
[2025-01-28T06:29:50.296+0000] {logging_mixin.py:190} INFO - [2025-01-28T06:29:50.296+0000] {dagbag.py:588} INFO - Filling up the DagBag from /home/ubuntu/.local/lib/python3.12/site-packages/airflow/example_dags/example_complex.py
[2025-01-28T06:29:50.308+0000] {processor.py:925} INFO - DAG(s) 'example_complex' retrieved from /home/ubuntu/.local/lib/python3.12/site-packages/airflow/example_dags/example_complex.py
[2025-01-28T06:29:50.332+0000] {logging_mixin.py:190} INFO - [2025-01-28T06:29:50.332+0000] {dag.py:3239} INFO - Sync 1 DAGs
[2025-01-28T06:29:50.343+0000] {logging_mixin.py:190} INFO - [2025-01-28T06:29:50.343+0000] {dag.py:4180} INFO - Setting next_dagrun for example_complex to None, run_after=None
[2025-01-28T06:29:50.364+0000] {processor.py:208} INFO - Processing /home/ubuntu/.local/lib/python3.12/site-packages/airflow/example_dags/example_complex.py took 0.077 seconds
[2025-01-28T06:31:24.642+0000] {processor.py:186} INFO - Started process (PID=5742) to work on /home/ubuntu/.local/lib/python3.12/site-packages/airflow/example_dags/example_complex.py
[2025-01-28T06:31:24.644+0000] {processor.py:914} INFO - Processing file /home/ubuntu/.local/lib/python3.12/site-packages/airflow/example_dags/example_complex.py for tasks to queue
[2025-01-28T06:31:24.646+0000] {logging_mixin.py:190} INFO - [2025-01-28T06:31:24.645+0000] {dagbag.py:588} INFO - Filling up the DagBag from /home/ubuntu/.local/lib/python3.12/site-packages/airflow/example_dags/example_complex.py
[2025-01-28T06:31:24.657+0000] {processor.py:925} INFO - DAG(s) 'example_complex' retrieved from /home/ubuntu/.local/lib/python3.12/site-packages/airflow/example_dags/example_complex.py
[2025-01-28T06:31:24.684+0000] {logging_mixin.py:190} INFO - [2025-01-28T06:31:24.684+0000] {dag.py:3239} INFO - Sync 1 DAGs
[2025-01-28T06:31:24.695+0000] {logging_mixin.py:190} INFO - [2025-01-28T06:31:24.695+0000] {dag.py:4180} INFO - Setting next_dagrun for example_complex to None, run_after=None
[2025-01-28T06:31:24.718+0000] {processor.py:208} INFO - Processing /home/ubuntu/.local/lib/python3.12/site-packages/airflow/example_dags/example_complex.py took 0.082 seconds
[2025-01-28T06:32:33.946+0000] {processor.py:186} INFO - Started process (PID=5814) to work on /home/ubuntu/.local/lib/python3.12/site-packages/airflow/example_dags/example_complex.py
[2025-01-28T06:32:33.947+0000] {processor.py:914} INFO - Processing file /home/ubuntu/.local/lib/python3.12/site-packages/airflow/example_dags/example_complex.py for tasks to queue
[2025-01-28T06:32:33.950+0000] {logging_mixin.py:190} INFO - [2025-01-28T06:32:33.949+0000] {dagbag.py:588} INFO - Filling up the DagBag from /home/ubuntu/.local/lib/python3.12/site-packages/airflow/example_dags/example_complex.py
[2025-01-28T06:32:33.961+0000] {processor.py:925} INFO - DAG(s) 'example_complex' retrieved from /home/ubuntu/.local/lib/python3.12/site-packages/airflow/example_dags/example_complex.py
[2025-01-28T06:32:33.986+0000] {logging_mixin.py:190} INFO - [2025-01-28T06:32:33.986+0000] {dag.py:3239} INFO - Sync 1 DAGs
[2025-01-28T06:32:33.997+0000] {logging_mixin.py:190} INFO - [2025-01-28T06:32:33.997+0000] {dag.py:4180} INFO - Setting next_dagrun for example_complex to None, run_after=None
[2025-01-28T06:32:34.020+0000] {processor.py:208} INFO - Processing /home/ubuntu/.local/lib/python3.12/site-packages/airflow/example_dags/example_complex.py took 0.079 seconds
[2025-01-28T06:33:31.345+0000] {processor.py:186} INFO - Started process (PID=5877) to work on /home/ubuntu/.local/lib/python3.12/site-packages/airflow/example_dags/example_complex.py
[2025-01-28T06:33:31.347+0000] {processor.py:914} INFO - Processing file /home/ubuntu/.local/lib/python3.12/site-packages/airflow/example_dags/example_complex.py for tasks to queue
[2025-01-28T06:33:31.349+0000] {logging_mixin.py:190} INFO - [2025-01-28T06:33:31.349+0000] {dagbag.py:588} INFO - Filling up the DagBag from /home/ubuntu/.local/lib/python3.12/site-packages/airflow/example_dags/example_complex.py
[2025-01-28T06:33:31.360+0000] {processor.py:925} INFO - DAG(s) 'example_complex' retrieved from /home/ubuntu/.local/lib/python3.12/site-packages/airflow/example_dags/example_complex.py
[2025-01-28T06:33:31.386+0000] {logging_mixin.py:190} INFO - [2025-01-28T06:33:31.386+0000] {dag.py:3239} INFO - Sync 1 DAGs
[2025-01-28T06:33:31.397+0000] {logging_mixin.py:190} INFO - [2025-01-28T06:33:31.397+0000] {dag.py:4180} INFO - Setting next_dagrun for example_complex to None, run_after=None
[2025-01-28T06:33:31.420+0000] {processor.py:208} INFO - Processing /home/ubuntu/.local/lib/python3.12/site-packages/airflow/example_dags/example_complex.py took 0.079 seconds
[2025-01-28T06:34:28.974+0000] {processor.py:186} INFO - Started process (PID=5936) to work on /home/ubuntu/.local/lib/python3.12/site-packages/airflow/example_dags/example_complex.py
[2025-01-28T06:34:28.977+0000] {processor.py:914} INFO - Processing file /home/ubuntu/.local/lib/python3.12/site-packages/airflow/example_dags/example_complex.py for tasks to queue
[2025-01-28T06:34:28.978+0000] {logging_mixin.py:190} INFO - [2025-01-28T06:34:28.978+0000] {dagbag.py:588} INFO - Filling up the DagBag from /home/ubuntu/.local/lib/python3.12/site-packages/airflow/example_dags/example_complex.py
[2025-01-28T06:34:28.990+0000] {processor.py:925} INFO - DAG(s) 'example_complex' retrieved from /home/ubuntu/.local/lib/python3.12/site-packages/airflow/example_dags/example_complex.py
[2025-01-28T06:34:29.014+0000] {logging_mixin.py:190} INFO - [2025-01-28T06:34:29.014+0000] {dag.py:3239} INFO - Sync 1 DAGs
[2025-01-28T06:34:29.027+0000] {logging_mixin.py:190} INFO - [2025-01-28T06:34:29.026+0000] {dag.py:4180} INFO - Setting next_dagrun for example_complex to None, run_after=None
[2025-01-28T06:34:29.048+0000] {processor.py:208} INFO - Processing /home/ubuntu/.local/lib/python3.12/site-packages/airflow/example_dags/example_complex.py took 0.079 seconds
[2025-01-28T06:35:24.750+0000] {processor.py:186} INFO - Started process (PID=5996) to work on /home/ubuntu/.local/lib/python3.12/site-packages/airflow/example_dags/example_complex.py
[2025-01-28T06:35:24.752+0000] {processor.py:914} INFO - Processing file /home/ubuntu/.local/lib/python3.12/site-packages/airflow/example_dags/example_complex.py for tasks to queue
[2025-01-28T06:35:24.754+0000] {logging_mixin.py:190} INFO - [2025-01-28T06:35:24.754+0000] {dagbag.py:588} INFO - Filling up the DagBag from /home/ubuntu/.local/lib/python3.12/site-packages/airflow/example_dags/example_complex.py
[2025-01-28T06:35:24.765+0000] {processor.py:925} INFO - DAG(s) 'example_complex' retrieved from /home/ubuntu/.local/lib/python3.12/site-packages/airflow/example_dags/example_complex.py
[2025-01-28T06:35:24.790+0000] {logging_mixin.py:190} INFO - [2025-01-28T06:35:24.789+0000] {dag.py:3239} INFO - Sync 1 DAGs
[2025-01-28T06:35:24.801+0000] {logging_mixin.py:190} INFO - [2025-01-28T06:35:24.801+0000] {dag.py:4180} INFO - Setting next_dagrun for example_complex to None, run_after=None
[2025-01-28T06:35:24.824+0000] {processor.py:208} INFO - Processing /home/ubuntu/.local/lib/python3.12/site-packages/airflow/example_dags/example_complex.py took 0.078 seconds
[2025-01-28T06:36:41.512+0000] {processor.py:186} INFO - Started process (PID=6076) to work on /home/ubuntu/.local/lib/python3.12/site-packages/airflow/example_dags/example_complex.py
[2025-01-28T06:36:41.514+0000] {processor.py:914} INFO - Processing file /home/ubuntu/.local/lib/python3.12/site-packages/airflow/example_dags/example_complex.py for tasks to queue
[2025-01-28T06:36:41.516+0000] {logging_mixin.py:190} INFO - [2025-01-28T06:36:41.516+0000] {dagbag.py:588} INFO - Filling up the DagBag from /home/ubuntu/.local/lib/python3.12/site-packages/airflow/example_dags/example_complex.py
[2025-01-28T06:36:41.528+0000] {processor.py:925} INFO - DAG(s) 'example_complex' retrieved from /home/ubuntu/.local/lib/python3.12/site-packages/airflow/example_dags/example_complex.py
[2025-01-28T06:36:41.552+0000] {logging_mixin.py:190} INFO - [2025-01-28T06:36:41.551+0000] {dag.py:3239} INFO - Sync 1 DAGs
[2025-01-28T06:36:41.562+0000] {logging_mixin.py:190} INFO - [2025-01-28T06:36:41.562+0000] {dag.py:4180} INFO - Setting next_dagrun for example_complex to None, run_after=None
[2025-01-28T06:36:41.585+0000] {processor.py:208} INFO - Processing /home/ubuntu/.local/lib/python3.12/site-packages/airflow/example_dags/example_complex.py took 0.078 seconds
[2025-01-28T06:37:37.064+0000] {processor.py:186} INFO - Started process (PID=6133) to work on /home/ubuntu/.local/lib/python3.12/site-packages/airflow/example_dags/example_complex.py
[2025-01-28T06:37:37.066+0000] {processor.py:914} INFO - Processing file /home/ubuntu/.local/lib/python3.12/site-packages/airflow/example_dags/example_complex.py for tasks to queue
[2025-01-28T06:37:37.068+0000] {logging_mixin.py:190} INFO - [2025-01-28T06:37:37.067+0000] {dagbag.py:588} INFO - Filling up the DagBag from /home/ubuntu/.local/lib/python3.12/site-packages/airflow/example_dags/example_complex.py
[2025-01-28T06:37:37.079+0000] {processor.py:925} INFO - DAG(s) 'example_complex' retrieved from /home/ubuntu/.local/lib/python3.12/site-packages/airflow/example_dags/example_complex.py
[2025-01-28T06:37:37.104+0000] {logging_mixin.py:190} INFO - [2025-01-28T06:37:37.103+0000] {dag.py:3239} INFO - Sync 1 DAGs
[2025-01-28T06:37:37.115+0000] {logging_mixin.py:190} INFO - [2025-01-28T06:37:37.115+0000] {dag.py:4180} INFO - Setting next_dagrun for example_complex to None, run_after=None
[2025-01-28T06:37:37.138+0000] {processor.py:208} INFO - Processing /home/ubuntu/.local/lib/python3.12/site-packages/airflow/example_dags/example_complex.py took 0.079 seconds
[2025-01-28T06:38:56.489+0000] {processor.py:186} INFO - Started process (PID=6217) to work on /home/ubuntu/.local/lib/python3.12/site-packages/airflow/example_dags/example_complex.py
[2025-01-28T06:38:56.491+0000] {processor.py:914} INFO - Processing file /home/ubuntu/.local/lib/python3.12/site-packages/airflow/example_dags/example_complex.py for tasks to queue
[2025-01-28T06:38:56.493+0000] {logging_mixin.py:190} INFO - [2025-01-28T06:38:56.493+0000] {dagbag.py:588} INFO - Filling up the DagBag from /home/ubuntu/.local/lib/python3.12/site-packages/airflow/example_dags/example_complex.py
[2025-01-28T06:38:56.504+0000] {processor.py:925} INFO - DAG(s) 'example_complex' retrieved from /home/ubuntu/.local/lib/python3.12/site-packages/airflow/example_dags/example_complex.py
[2025-01-28T06:38:56.528+0000] {logging_mixin.py:190} INFO - [2025-01-28T06:38:56.528+0000] {dag.py:3239} INFO - Sync 1 DAGs
[2025-01-28T06:38:56.540+0000] {logging_mixin.py:190} INFO - [2025-01-28T06:38:56.539+0000] {dag.py:4180} INFO - Setting next_dagrun for example_complex to None, run_after=None
[2025-01-28T06:38:56.562+0000] {processor.py:208} INFO - Processing /home/ubuntu/.local/lib/python3.12/site-packages/airflow/example_dags/example_complex.py took 0.079 seconds
[2025-01-28T06:39:54.188+0000] {processor.py:186} INFO - Started process (PID=6274) to work on /home/ubuntu/.local/lib/python3.12/site-packages/airflow/example_dags/example_complex.py
[2025-01-28T06:39:54.190+0000] {processor.py:914} INFO - Processing file /home/ubuntu/.local/lib/python3.12/site-packages/airflow/example_dags/example_complex.py for tasks to queue
[2025-01-28T06:39:54.192+0000] {logging_mixin.py:190} INFO - [2025-01-28T06:39:54.191+0000] {dagbag.py:588} INFO - Filling up the DagBag from /home/ubuntu/.local/lib/python3.12/site-packages/airflow/example_dags/example_complex.py
[2025-01-28T06:39:54.204+0000] {processor.py:925} INFO - DAG(s) 'example_complex' retrieved from /home/ubuntu/.local/lib/python3.12/site-packages/airflow/example_dags/example_complex.py
[2025-01-28T06:39:54.228+0000] {logging_mixin.py:190} INFO - [2025-01-28T06:39:54.228+0000] {dag.py:3239} INFO - Sync 1 DAGs
[2025-01-28T06:39:54.240+0000] {logging_mixin.py:190} INFO - [2025-01-28T06:39:54.240+0000] {dag.py:4180} INFO - Setting next_dagrun for example_complex to None, run_after=None
[2025-01-28T06:39:54.396+0000] {processor.py:208} INFO - Processing /home/ubuntu/.local/lib/python3.12/site-packages/airflow/example_dags/example_complex.py took 0.213 seconds
[2025-01-28T06:40:50.799+0000] {processor.py:186} INFO - Started process (PID=6337) to work on /home/ubuntu/.local/lib/python3.12/site-packages/airflow/example_dags/example_complex.py
[2025-01-28T06:40:50.800+0000] {processor.py:914} INFO - Processing file /home/ubuntu/.local/lib/python3.12/site-packages/airflow/example_dags/example_complex.py for tasks to queue
[2025-01-28T06:40:50.803+0000] {logging_mixin.py:190} INFO - [2025-01-28T06:40:50.802+0000] {dagbag.py:588} INFO - Filling up the DagBag from /home/ubuntu/.local/lib/python3.12/site-packages/airflow/example_dags/example_complex.py
[2025-01-28T06:40:50.814+0000] {processor.py:925} INFO - DAG(s) 'example_complex' retrieved from /home/ubuntu/.local/lib/python3.12/site-packages/airflow/example_dags/example_complex.py
[2025-01-28T06:40:50.839+0000] {logging_mixin.py:190} INFO - [2025-01-28T06:40:50.838+0000] {dag.py:3239} INFO - Sync 1 DAGs
[2025-01-28T06:40:50.849+0000] {logging_mixin.py:190} INFO - [2025-01-28T06:40:50.849+0000] {dag.py:4180} INFO - Setting next_dagrun for example_complex to None, run_after=None
[2025-01-28T06:40:50.874+0000] {processor.py:208} INFO - Processing /home/ubuntu/.local/lib/python3.12/site-packages/airflow/example_dags/example_complex.py took 0.080 seconds
[2025-01-28T06:41:54.286+0000] {processor.py:186} INFO - Started process (PID=6531) to work on /home/ubuntu/.local/lib/python3.12/site-packages/airflow/example_dags/example_complex.py
[2025-01-28T06:41:54.287+0000] {processor.py:914} INFO - Processing file /home/ubuntu/.local/lib/python3.12/site-packages/airflow/example_dags/example_complex.py for tasks to queue
[2025-01-28T06:41:54.290+0000] {logging_mixin.py:190} INFO - [2025-01-28T06:41:54.290+0000] {dagbag.py:588} INFO - Filling up the DagBag from /home/ubuntu/.local/lib/python3.12/site-packages/airflow/example_dags/example_complex.py
[2025-01-28T06:41:54.301+0000] {processor.py:925} INFO - DAG(s) 'example_complex' retrieved from /home/ubuntu/.local/lib/python3.12/site-packages/airflow/example_dags/example_complex.py
[2025-01-28T06:41:54.326+0000] {logging_mixin.py:190} INFO - [2025-01-28T06:41:54.325+0000] {dag.py:3239} INFO - Sync 1 DAGs
[2025-01-28T06:41:54.336+0000] {logging_mixin.py:190} INFO - [2025-01-28T06:41:54.336+0000] {dag.py:4180} INFO - Setting next_dagrun for example_complex to None, run_after=None
[2025-01-28T06:41:54.358+0000] {processor.py:208} INFO - Processing /home/ubuntu/.local/lib/python3.12/site-packages/airflow/example_dags/example_complex.py took 0.078 seconds
[2025-01-28T06:42:52.410+0000] {processor.py:186} INFO - Started process (PID=6589) to work on /home/ubuntu/.local/lib/python3.12/site-packages/airflow/example_dags/example_complex.py
[2025-01-28T06:42:52.411+0000] {processor.py:914} INFO - Processing file /home/ubuntu/.local/lib/python3.12/site-packages/airflow/example_dags/example_complex.py for tasks to queue
[2025-01-28T06:42:52.414+0000] {logging_mixin.py:190} INFO - [2025-01-28T06:42:52.414+0000] {dagbag.py:588} INFO - Filling up the DagBag from /home/ubuntu/.local/lib/python3.12/site-packages/airflow/example_dags/example_complex.py
[2025-01-28T06:42:52.425+0000] {processor.py:925} INFO - DAG(s) 'example_complex' retrieved from /home/ubuntu/.local/lib/python3.12/site-packages/airflow/example_dags/example_complex.py
[2025-01-28T06:42:52.450+0000] {logging_mixin.py:190} INFO - [2025-01-28T06:42:52.449+0000] {dag.py:3239} INFO - Sync 1 DAGs
[2025-01-28T06:42:52.461+0000] {logging_mixin.py:190} INFO - [2025-01-28T06:42:52.460+0000] {dag.py:4180} INFO - Setting next_dagrun for example_complex to None, run_after=None
[2025-01-28T06:42:52.483+0000] {processor.py:208} INFO - Processing /home/ubuntu/.local/lib/python3.12/site-packages/airflow/example_dags/example_complex.py took 0.078 seconds
[2025-01-28T06:43:52.655+0000] {processor.py:186} INFO - Started process (PID=6646) to work on /home/ubuntu/.local/lib/python3.12/site-packages/airflow/example_dags/example_complex.py
[2025-01-28T06:43:52.658+0000] {processor.py:914} INFO - Processing file /home/ubuntu/.local/lib/python3.12/site-packages/airflow/example_dags/example_complex.py for tasks to queue
[2025-01-28T06:43:52.660+0000] {logging_mixin.py:190} INFO - [2025-01-28T06:43:52.659+0000] {dagbag.py:588} INFO - Filling up the DagBag from /home/ubuntu/.local/lib/python3.12/site-packages/airflow/example_dags/example_complex.py
[2025-01-28T06:43:52.671+0000] {processor.py:925} INFO - DAG(s) 'example_complex' retrieved from /home/ubuntu/.local/lib/python3.12/site-packages/airflow/example_dags/example_complex.py
[2025-01-28T06:43:52.696+0000] {logging_mixin.py:190} INFO - [2025-01-28T06:43:52.695+0000] {dag.py:3239} INFO - Sync 1 DAGs
[2025-01-28T06:43:52.708+0000] {logging_mixin.py:190} INFO - [2025-01-28T06:43:52.708+0000] {dag.py:4180} INFO - Setting next_dagrun for example_complex to None, run_after=None
[2025-01-28T06:43:52.729+0000] {processor.py:208} INFO - Processing /home/ubuntu/.local/lib/python3.12/site-packages/airflow/example_dags/example_complex.py took 0.079 seconds
[2025-01-28T06:45:01.004+0000] {processor.py:186} INFO - Started process (PID=6710) to work on /home/ubuntu/.local/lib/python3.12/site-packages/airflow/example_dags/example_complex.py
[2025-01-28T06:45:01.006+0000] {processor.py:914} INFO - Processing file /home/ubuntu/.local/lib/python3.12/site-packages/airflow/example_dags/example_complex.py for tasks to queue
[2025-01-28T06:45:01.008+0000] {logging_mixin.py:190} INFO - [2025-01-28T06:45:01.008+0000] {dagbag.py:588} INFO - Filling up the DagBag from /home/ubuntu/.local/lib/python3.12/site-packages/airflow/example_dags/example_complex.py
[2025-01-28T06:45:01.163+0000] {processor.py:925} INFO - DAG(s) 'example_complex' retrieved from /home/ubuntu/.local/lib/python3.12/site-packages/airflow/example_dags/example_complex.py
[2025-01-28T06:45:01.183+0000] {logging_mixin.py:190} INFO - [2025-01-28T06:45:01.183+0000] {dag.py:3239} INFO - Sync 1 DAGs
[2025-01-28T06:45:01.193+0000] {logging_mixin.py:190} INFO - [2025-01-28T06:45:01.193+0000] {dag.py:4180} INFO - Setting next_dagrun for example_complex to None, run_after=None
[2025-01-28T06:45:01.214+0000] {processor.py:208} INFO - Processing /home/ubuntu/.local/lib/python3.12/site-packages/airflow/example_dags/example_complex.py took 0.215 seconds
[2025-01-28T06:45:57.053+0000] {processor.py:186} INFO - Started process (PID=6875) to work on /home/ubuntu/.local/lib/python3.12/site-packages/airflow/example_dags/example_complex.py
[2025-01-28T06:45:57.055+0000] {processor.py:914} INFO - Processing file /home/ubuntu/.local/lib/python3.12/site-packages/airflow/example_dags/example_complex.py for tasks to queue
[2025-01-28T06:45:57.057+0000] {logging_mixin.py:190} INFO - [2025-01-28T06:45:57.056+0000] {dagbag.py:588} INFO - Filling up the DagBag from /home/ubuntu/.local/lib/python3.12/site-packages/airflow/example_dags/example_complex.py
[2025-01-28T06:45:57.068+0000] {processor.py:925} INFO - DAG(s) 'example_complex' retrieved from /home/ubuntu/.local/lib/python3.12/site-packages/airflow/example_dags/example_complex.py
[2025-01-28T06:45:57.092+0000] {logging_mixin.py:190} INFO - [2025-01-28T06:45:57.092+0000] {dag.py:3239} INFO - Sync 1 DAGs
[2025-01-28T06:45:57.104+0000] {logging_mixin.py:190} INFO - [2025-01-28T06:45:57.104+0000] {dag.py:4180} INFO - Setting next_dagrun for example_complex to None, run_after=None
[2025-01-28T06:45:57.128+0000] {processor.py:208} INFO - Processing /home/ubuntu/.local/lib/python3.12/site-packages/airflow/example_dags/example_complex.py took 0.080 seconds
[2025-01-28T06:46:49.980+0000] {processor.py:186} INFO - Started process (PID=7044) to work on /home/ubuntu/.local/lib/python3.12/site-packages/airflow/example_dags/example_complex.py
[2025-01-28T06:46:49.982+0000] {processor.py:914} INFO - Processing file /home/ubuntu/.local/lib/python3.12/site-packages/airflow/example_dags/example_complex.py for tasks to queue
[2025-01-28T06:46:49.985+0000] {logging_mixin.py:190} INFO - [2025-01-28T06:46:49.984+0000] {dagbag.py:588} INFO - Filling up the DagBag from /home/ubuntu/.local/lib/python3.12/site-packages/airflow/example_dags/example_complex.py
[2025-01-28T06:46:49.996+0000] {processor.py:925} INFO - DAG(s) 'example_complex' retrieved from /home/ubuntu/.local/lib/python3.12/site-packages/airflow/example_dags/example_complex.py
[2025-01-28T06:46:50.020+0000] {logging_mixin.py:190} INFO - [2025-01-28T06:46:50.020+0000] {dag.py:3239} INFO - Sync 1 DAGs
[2025-01-28T06:46:50.033+0000] {logging_mixin.py:190} INFO - [2025-01-28T06:46:50.032+0000] {dag.py:4180} INFO - Setting next_dagrun for example_complex to None, run_after=None
[2025-01-28T06:46:50.057+0000] {processor.py:208} INFO - Processing /home/ubuntu/.local/lib/python3.12/site-packages/airflow/example_dags/example_complex.py took 0.082 seconds
