[2025-01-28T03:40:18.813+0000] {processor.py:186} INFO - Started process (PID=9674) to work on /home/ubuntu/airflow-venv/lib/python3.12/site-packages/airflow/example_dags/example_bash_decorator.py
[2025-01-28T03:40:18.813+0000] {processor.py:914} INFO - Processing file /home/ubuntu/airflow-venv/lib/python3.12/site-packages/airflow/example_dags/example_bash_decorator.py for tasks to queue
[2025-01-28T03:40:18.815+0000] {logging_mixin.py:190} INFO - [2025-01-28T03:40:18.815+0000] {dagbag.py:588} INFO - Filling up the DagBag from /home/ubuntu/airflow-venv/lib/python3.12/site-packages/airflow/example_dags/example_bash_decorator.py
[2025-01-28T03:40:18.830+0000] {processor.py:925} INFO - DAG(s) 'example_bash_decorator' retrieved from /home/ubuntu/airflow-venv/lib/python3.12/site-packages/airflow/example_dags/example_bash_decorator.py
[2025-01-28T03:40:18.931+0000] {logging_mixin.py:190} INFO - [2025-01-28T03:40:18.931+0000] {override.py:1912} INFO - Created Permission View: can read on DAG:example_bash_decorator
[2025-01-28T03:40:18.946+0000] {logging_mixin.py:190} INFO - [2025-01-28T03:40:18.945+0000] {override.py:1912} INFO - Created Permission View: can delete on DAG:example_bash_decorator
[2025-01-28T03:40:18.956+0000] {logging_mixin.py:190} INFO - [2025-01-28T03:40:18.956+0000] {override.py:1912} INFO - Created Permission View: can edit on DAG:example_bash_decorator
[2025-01-28T03:40:18.973+0000] {logging_mixin.py:190} INFO - [2025-01-28T03:40:18.973+0000] {override.py:1912} INFO - Created Permission View: menu access on DAG Run:example_bash_decorator
[2025-01-28T03:40:18.984+0000] {logging_mixin.py:190} INFO - [2025-01-28T03:40:18.984+0000] {override.py:1912} INFO - Created Permission View: can read on DAG Run:example_bash_decorator
[2025-01-28T03:40:18.996+0000] {logging_mixin.py:190} INFO - [2025-01-28T03:40:18.996+0000] {override.py:1912} INFO - Created Permission View: can delete on DAG Run:example_bash_decorator
[2025-01-28T03:40:19.006+0000] {logging_mixin.py:190} INFO - [2025-01-28T03:40:19.006+0000] {override.py:1912} INFO - Created Permission View: can create on DAG Run:example_bash_decorator
[2025-01-28T03:40:19.008+0000] {logging_mixin.py:190} INFO - [2025-01-28T03:40:19.007+0000] {dag.py:3239} INFO - Sync 1 DAGs
[2025-01-28T03:40:19.017+0000] {logging_mixin.py:190} INFO - [2025-01-28T03:40:19.016+0000] {dag.py:3262} INFO - Creating ORM DAG for example_bash_decorator
[2025-01-28T03:40:19.017+0000] {logging_mixin.py:190} INFO - [2025-01-28T03:40:19.017+0000] {dag.py:4180} INFO - Setting next_dagrun for example_bash_decorator to None, run_after=None
[2025-01-28T03:40:19.040+0000] {processor.py:208} INFO - Processing /home/ubuntu/airflow-venv/lib/python3.12/site-packages/airflow/example_dags/example_bash_decorator.py took 0.232 seconds
[2025-01-28T03:41:17.475+0000] {processor.py:186} INFO - Started process (PID=9733) to work on /home/ubuntu/airflow-venv/lib/python3.12/site-packages/airflow/example_dags/example_bash_decorator.py
[2025-01-28T03:41:17.477+0000] {processor.py:914} INFO - Processing file /home/ubuntu/airflow-venv/lib/python3.12/site-packages/airflow/example_dags/example_bash_decorator.py for tasks to queue
[2025-01-28T03:41:17.479+0000] {logging_mixin.py:190} INFO - [2025-01-28T03:41:17.478+0000] {dagbag.py:588} INFO - Filling up the DagBag from /home/ubuntu/airflow-venv/lib/python3.12/site-packages/airflow/example_dags/example_bash_decorator.py
[2025-01-28T03:41:17.492+0000] {processor.py:925} INFO - DAG(s) 'example_bash_decorator' retrieved from /home/ubuntu/airflow-venv/lib/python3.12/site-packages/airflow/example_dags/example_bash_decorator.py
[2025-01-28T03:41:17.511+0000] {logging_mixin.py:190} INFO - [2025-01-28T03:41:17.511+0000] {dag.py:3239} INFO - Sync 1 DAGs
[2025-01-28T03:41:17.522+0000] {logging_mixin.py:190} INFO - [2025-01-28T03:41:17.522+0000] {dag.py:4180} INFO - Setting next_dagrun for example_bash_decorator to None, run_after=None
[2025-01-28T03:41:17.545+0000] {processor.py:208} INFO - Processing /home/ubuntu/airflow-venv/lib/python3.12/site-packages/airflow/example_dags/example_bash_decorator.py took 0.075 seconds
[2025-01-28T03:43:53.903+0000] {processor.py:186} INFO - Started process (PID=9832) to work on /home/ubuntu/airflow-venv/lib/python3.12/site-packages/airflow/example_dags/example_bash_decorator.py
[2025-01-28T03:43:53.905+0000] {processor.py:914} INFO - Processing file /home/ubuntu/airflow-venv/lib/python3.12/site-packages/airflow/example_dags/example_bash_decorator.py for tasks to queue
[2025-01-28T03:43:53.907+0000] {logging_mixin.py:190} INFO - [2025-01-28T03:43:53.907+0000] {dagbag.py:588} INFO - Filling up the DagBag from /home/ubuntu/airflow-venv/lib/python3.12/site-packages/airflow/example_dags/example_bash_decorator.py
[2025-01-28T03:43:53.922+0000] {processor.py:925} INFO - DAG(s) 'example_bash_decorator' retrieved from /home/ubuntu/airflow-venv/lib/python3.12/site-packages/airflow/example_dags/example_bash_decorator.py
[2025-01-28T03:43:54.015+0000] {logging_mixin.py:190} INFO - [2025-01-28T03:43:54.014+0000] {dag.py:3239} INFO - Sync 1 DAGs
[2025-01-28T03:43:54.024+0000] {logging_mixin.py:190} INFO - [2025-01-28T03:43:54.024+0000] {dag.py:4180} INFO - Setting next_dagrun for example_bash_decorator to None, run_after=None
[2025-01-28T03:43:54.046+0000] {processor.py:208} INFO - Processing /home/ubuntu/airflow-venv/lib/python3.12/site-packages/airflow/example_dags/example_bash_decorator.py took 0.148 seconds
[2025-01-28T03:44:49.056+0000] {processor.py:186} INFO - Started process (PID=9890) to work on /home/ubuntu/airflow-venv/lib/python3.12/site-packages/airflow/example_dags/example_bash_decorator.py
[2025-01-28T03:44:49.058+0000] {processor.py:914} INFO - Processing file /home/ubuntu/airflow-venv/lib/python3.12/site-packages/airflow/example_dags/example_bash_decorator.py for tasks to queue
[2025-01-28T03:44:49.059+0000] {logging_mixin.py:190} INFO - [2025-01-28T03:44:49.059+0000] {dagbag.py:588} INFO - Filling up the DagBag from /home/ubuntu/airflow-venv/lib/python3.12/site-packages/airflow/example_dags/example_bash_decorator.py
[2025-01-28T03:44:49.074+0000] {processor.py:925} INFO - DAG(s) 'example_bash_decorator' retrieved from /home/ubuntu/airflow-venv/lib/python3.12/site-packages/airflow/example_dags/example_bash_decorator.py
[2025-01-28T03:44:49.092+0000] {logging_mixin.py:190} INFO - [2025-01-28T03:44:49.091+0000] {dag.py:3239} INFO - Sync 1 DAGs
[2025-01-28T03:44:49.104+0000] {logging_mixin.py:190} INFO - [2025-01-28T03:44:49.104+0000] {dag.py:4180} INFO - Setting next_dagrun for example_bash_decorator to None, run_after=None
[2025-01-28T03:44:49.126+0000] {processor.py:208} INFO - Processing /home/ubuntu/airflow-venv/lib/python3.12/site-packages/airflow/example_dags/example_bash_decorator.py took 0.075 seconds
[2025-01-28T03:46:06.897+0000] {processor.py:186} INFO - Started process (PID=9975) to work on /home/ubuntu/airflow-venv/lib/python3.12/site-packages/airflow/example_dags/example_bash_decorator.py
[2025-01-28T03:46:06.898+0000] {processor.py:914} INFO - Processing file /home/ubuntu/airflow-venv/lib/python3.12/site-packages/airflow/example_dags/example_bash_decorator.py for tasks to queue
[2025-01-28T03:46:06.901+0000] {logging_mixin.py:190} INFO - [2025-01-28T03:46:06.900+0000] {dagbag.py:588} INFO - Filling up the DagBag from /home/ubuntu/airflow-venv/lib/python3.12/site-packages/airflow/example_dags/example_bash_decorator.py
[2025-01-28T03:46:06.914+0000] {processor.py:925} INFO - DAG(s) 'example_bash_decorator' retrieved from /home/ubuntu/airflow-venv/lib/python3.12/site-packages/airflow/example_dags/example_bash_decorator.py
[2025-01-28T03:46:06.932+0000] {logging_mixin.py:190} INFO - [2025-01-28T03:46:06.932+0000] {dag.py:3239} INFO - Sync 1 DAGs
[2025-01-28T03:46:06.943+0000] {logging_mixin.py:190} INFO - [2025-01-28T03:46:06.943+0000] {dag.py:4180} INFO - Setting next_dagrun for example_bash_decorator to None, run_after=None
[2025-01-28T03:46:06.968+0000] {processor.py:208} INFO - Processing /home/ubuntu/airflow-venv/lib/python3.12/site-packages/airflow/example_dags/example_bash_decorator.py took 0.077 seconds
[2025-01-28T03:47:25.655+0000] {processor.py:186} INFO - Started process (PID=10055) to work on /home/ubuntu/airflow-venv/lib/python3.12/site-packages/airflow/example_dags/example_bash_decorator.py
[2025-01-28T03:47:25.657+0000] {processor.py:914} INFO - Processing file /home/ubuntu/airflow-venv/lib/python3.12/site-packages/airflow/example_dags/example_bash_decorator.py for tasks to queue
[2025-01-28T03:47:25.659+0000] {logging_mixin.py:190} INFO - [2025-01-28T03:47:25.659+0000] {dagbag.py:588} INFO - Filling up the DagBag from /home/ubuntu/airflow-venv/lib/python3.12/site-packages/airflow/example_dags/example_bash_decorator.py
[2025-01-28T03:47:25.674+0000] {processor.py:925} INFO - DAG(s) 'example_bash_decorator' retrieved from /home/ubuntu/airflow-venv/lib/python3.12/site-packages/airflow/example_dags/example_bash_decorator.py
[2025-01-28T03:47:25.691+0000] {logging_mixin.py:190} INFO - [2025-01-28T03:47:25.691+0000] {dag.py:3239} INFO - Sync 1 DAGs
[2025-01-28T03:47:25.702+0000] {logging_mixin.py:190} INFO - [2025-01-28T03:47:25.702+0000] {dag.py:4180} INFO - Setting next_dagrun for example_bash_decorator to None, run_after=None
[2025-01-28T03:47:25.725+0000] {processor.py:208} INFO - Processing /home/ubuntu/airflow-venv/lib/python3.12/site-packages/airflow/example_dags/example_bash_decorator.py took 0.075 seconds
[2025-01-28T03:48:38.101+0000] {processor.py:186} INFO - Started process (PID=10132) to work on /home/ubuntu/airflow-venv/lib/python3.12/site-packages/airflow/example_dags/example_bash_decorator.py
[2025-01-28T03:48:38.103+0000] {processor.py:914} INFO - Processing file /home/ubuntu/airflow-venv/lib/python3.12/site-packages/airflow/example_dags/example_bash_decorator.py for tasks to queue
[2025-01-28T03:48:38.105+0000] {logging_mixin.py:190} INFO - [2025-01-28T03:48:38.105+0000] {dagbag.py:588} INFO - Filling up the DagBag from /home/ubuntu/airflow-venv/lib/python3.12/site-packages/airflow/example_dags/example_bash_decorator.py
[2025-01-28T03:48:38.119+0000] {processor.py:925} INFO - DAG(s) 'example_bash_decorator' retrieved from /home/ubuntu/airflow-venv/lib/python3.12/site-packages/airflow/example_dags/example_bash_decorator.py
[2025-01-28T03:48:38.136+0000] {logging_mixin.py:190} INFO - [2025-01-28T03:48:38.136+0000] {dag.py:3239} INFO - Sync 1 DAGs
[2025-01-28T03:48:38.147+0000] {logging_mixin.py:190} INFO - [2025-01-28T03:48:38.147+0000] {dag.py:4180} INFO - Setting next_dagrun for example_bash_decorator to None, run_after=None
[2025-01-28T03:48:38.170+0000] {processor.py:208} INFO - Processing /home/ubuntu/airflow-venv/lib/python3.12/site-packages/airflow/example_dags/example_bash_decorator.py took 0.073 seconds
[2025-01-28T03:49:52.928+0000] {processor.py:186} INFO - Started process (PID=10209) to work on /home/ubuntu/airflow-venv/lib/python3.12/site-packages/airflow/example_dags/example_bash_decorator.py
[2025-01-28T03:49:52.929+0000] {processor.py:914} INFO - Processing file /home/ubuntu/airflow-venv/lib/python3.12/site-packages/airflow/example_dags/example_bash_decorator.py for tasks to queue
[2025-01-28T03:49:52.931+0000] {logging_mixin.py:190} INFO - [2025-01-28T03:49:52.931+0000] {dagbag.py:588} INFO - Filling up the DagBag from /home/ubuntu/airflow-venv/lib/python3.12/site-packages/airflow/example_dags/example_bash_decorator.py
[2025-01-28T03:49:52.945+0000] {processor.py:925} INFO - DAG(s) 'example_bash_decorator' retrieved from /home/ubuntu/airflow-venv/lib/python3.12/site-packages/airflow/example_dags/example_bash_decorator.py
[2025-01-28T03:49:52.962+0000] {logging_mixin.py:190} INFO - [2025-01-28T03:49:52.962+0000] {dag.py:3239} INFO - Sync 1 DAGs
[2025-01-28T03:49:52.973+0000] {logging_mixin.py:190} INFO - [2025-01-28T03:49:52.973+0000] {dag.py:4180} INFO - Setting next_dagrun for example_bash_decorator to None, run_after=None
[2025-01-28T03:49:52.995+0000] {processor.py:208} INFO - Processing /home/ubuntu/airflow-venv/lib/python3.12/site-packages/airflow/example_dags/example_bash_decorator.py took 0.072 seconds
[2025-01-28T05:55:49.923+0000] {processor.py:186} INFO - Started process (PID=1941) to work on /home/ubuntu/.local/lib/python3.12/site-packages/airflow/example_dags/example_bash_decorator.py
[2025-01-28T05:55:49.925+0000] {processor.py:914} INFO - Processing file /home/ubuntu/.local/lib/python3.12/site-packages/airflow/example_dags/example_bash_decorator.py for tasks to queue
[2025-01-28T05:55:49.927+0000] {logging_mixin.py:190} INFO - [2025-01-28T05:55:49.927+0000] {dagbag.py:588} INFO - Filling up the DagBag from /home/ubuntu/.local/lib/python3.12/site-packages/airflow/example_dags/example_bash_decorator.py
[2025-01-28T05:55:49.942+0000] {processor.py:925} INFO - DAG(s) 'example_bash_decorator' retrieved from /home/ubuntu/.local/lib/python3.12/site-packages/airflow/example_dags/example_bash_decorator.py
[2025-01-28T05:55:50.038+0000] {logging_mixin.py:190} INFO - [2025-01-28T05:55:50.038+0000] {dag.py:3239} INFO - Sync 1 DAGs
[2025-01-28T05:55:50.048+0000] {logging_mixin.py:190} INFO - [2025-01-28T05:55:50.048+0000] {dag.py:4180} INFO - Setting next_dagrun for example_bash_decorator to None, run_after=None
[2025-01-28T05:55:50.075+0000] {processor.py:208} INFO - Processing /home/ubuntu/.local/lib/python3.12/site-packages/airflow/example_dags/example_bash_decorator.py took 0.157 seconds
[2025-01-28T05:56:47.396+0000] {processor.py:186} INFO - Started process (PID=2013) to work on /home/ubuntu/.local/lib/python3.12/site-packages/airflow/example_dags/example_bash_decorator.py
[2025-01-28T05:56:47.398+0000] {processor.py:914} INFO - Processing file /home/ubuntu/.local/lib/python3.12/site-packages/airflow/example_dags/example_bash_decorator.py for tasks to queue
[2025-01-28T05:56:47.400+0000] {logging_mixin.py:190} INFO - [2025-01-28T05:56:47.400+0000] {dagbag.py:588} INFO - Filling up the DagBag from /home/ubuntu/.local/lib/python3.12/site-packages/airflow/example_dags/example_bash_decorator.py
[2025-01-28T05:56:47.414+0000] {processor.py:925} INFO - DAG(s) 'example_bash_decorator' retrieved from /home/ubuntu/.local/lib/python3.12/site-packages/airflow/example_dags/example_bash_decorator.py
[2025-01-28T05:56:47.431+0000] {logging_mixin.py:190} INFO - [2025-01-28T05:56:47.431+0000] {dag.py:3239} INFO - Sync 1 DAGs
[2025-01-28T05:56:47.443+0000] {logging_mixin.py:190} INFO - [2025-01-28T05:56:47.443+0000] {dag.py:4180} INFO - Setting next_dagrun for example_bash_decorator to None, run_after=None
[2025-01-28T05:56:47.465+0000] {processor.py:208} INFO - Processing /home/ubuntu/.local/lib/python3.12/site-packages/airflow/example_dags/example_bash_decorator.py took 0.073 seconds
[2025-01-28T05:58:09.917+0000] {processor.py:186} INFO - Started process (PID=2117) to work on /home/ubuntu/.local/lib/python3.12/site-packages/airflow/example_dags/example_bash_decorator.py
[2025-01-28T05:58:09.918+0000] {processor.py:914} INFO - Processing file /home/ubuntu/.local/lib/python3.12/site-packages/airflow/example_dags/example_bash_decorator.py for tasks to queue
[2025-01-28T05:58:09.920+0000] {logging_mixin.py:190} INFO - [2025-01-28T05:58:09.920+0000] {dagbag.py:588} INFO - Filling up the DagBag from /home/ubuntu/.local/lib/python3.12/site-packages/airflow/example_dags/example_bash_decorator.py
[2025-01-28T05:58:09.934+0000] {processor.py:925} INFO - DAG(s) 'example_bash_decorator' retrieved from /home/ubuntu/.local/lib/python3.12/site-packages/airflow/example_dags/example_bash_decorator.py
[2025-01-28T05:58:09.952+0000] {logging_mixin.py:190} INFO - [2025-01-28T05:58:09.952+0000] {dag.py:3239} INFO - Sync 1 DAGs
[2025-01-28T05:58:09.964+0000] {logging_mixin.py:190} INFO - [2025-01-28T05:58:09.964+0000] {dag.py:4180} INFO - Setting next_dagrun for example_bash_decorator to None, run_after=None
[2025-01-28T05:58:09.986+0000] {processor.py:208} INFO - Processing /home/ubuntu/.local/lib/python3.12/site-packages/airflow/example_dags/example_bash_decorator.py took 0.075 seconds
[2025-01-28T05:59:07.639+0000] {processor.py:186} INFO - Started process (PID=2176) to work on /home/ubuntu/.local/lib/python3.12/site-packages/airflow/example_dags/example_bash_decorator.py
[2025-01-28T05:59:07.641+0000] {processor.py:914} INFO - Processing file /home/ubuntu/.local/lib/python3.12/site-packages/airflow/example_dags/example_bash_decorator.py for tasks to queue
[2025-01-28T05:59:07.643+0000] {logging_mixin.py:190} INFO - [2025-01-28T05:59:07.642+0000] {dagbag.py:588} INFO - Filling up the DagBag from /home/ubuntu/.local/lib/python3.12/site-packages/airflow/example_dags/example_bash_decorator.py
[2025-01-28T05:59:07.657+0000] {processor.py:925} INFO - DAG(s) 'example_bash_decorator' retrieved from /home/ubuntu/.local/lib/python3.12/site-packages/airflow/example_dags/example_bash_decorator.py
[2025-01-28T05:59:07.675+0000] {logging_mixin.py:190} INFO - [2025-01-28T05:59:07.674+0000] {dag.py:3239} INFO - Sync 1 DAGs
[2025-01-28T05:59:07.686+0000] {logging_mixin.py:190} INFO - [2025-01-28T05:59:07.686+0000] {dag.py:4180} INFO - Setting next_dagrun for example_bash_decorator to None, run_after=None
[2025-01-28T05:59:07.708+0000] {processor.py:208} INFO - Processing /home/ubuntu/.local/lib/python3.12/site-packages/airflow/example_dags/example_bash_decorator.py took 0.074 seconds
[2025-01-28T06:00:27.666+0000] {processor.py:186} INFO - Started process (PID=2261) to work on /home/ubuntu/.local/lib/python3.12/site-packages/airflow/example_dags/example_bash_decorator.py
[2025-01-28T06:00:27.668+0000] {processor.py:914} INFO - Processing file /home/ubuntu/.local/lib/python3.12/site-packages/airflow/example_dags/example_bash_decorator.py for tasks to queue
[2025-01-28T06:00:27.670+0000] {logging_mixin.py:190} INFO - [2025-01-28T06:00:27.670+0000] {dagbag.py:588} INFO - Filling up the DagBag from /home/ubuntu/.local/lib/python3.12/site-packages/airflow/example_dags/example_bash_decorator.py
[2025-01-28T06:00:27.685+0000] {processor.py:925} INFO - DAG(s) 'example_bash_decorator' retrieved from /home/ubuntu/.local/lib/python3.12/site-packages/airflow/example_dags/example_bash_decorator.py
[2025-01-28T06:00:27.702+0000] {logging_mixin.py:190} INFO - [2025-01-28T06:00:27.702+0000] {dag.py:3239} INFO - Sync 1 DAGs
[2025-01-28T06:00:27.714+0000] {logging_mixin.py:190} INFO - [2025-01-28T06:00:27.714+0000] {dag.py:4180} INFO - Setting next_dagrun for example_bash_decorator to None, run_after=None
[2025-01-28T06:00:27.738+0000] {processor.py:208} INFO - Processing /home/ubuntu/.local/lib/python3.12/site-packages/airflow/example_dags/example_bash_decorator.py took 0.077 seconds
[2025-01-28T06:01:39.630+0000] {processor.py:186} INFO - Started process (PID=2338) to work on /home/ubuntu/.local/lib/python3.12/site-packages/airflow/example_dags/example_bash_decorator.py
[2025-01-28T06:01:39.631+0000] {processor.py:914} INFO - Processing file /home/ubuntu/.local/lib/python3.12/site-packages/airflow/example_dags/example_bash_decorator.py for tasks to queue
[2025-01-28T06:01:39.633+0000] {logging_mixin.py:190} INFO - [2025-01-28T06:01:39.633+0000] {dagbag.py:588} INFO - Filling up the DagBag from /home/ubuntu/.local/lib/python3.12/site-packages/airflow/example_dags/example_bash_decorator.py
[2025-01-28T06:01:39.648+0000] {processor.py:925} INFO - DAG(s) 'example_bash_decorator' retrieved from /home/ubuntu/.local/lib/python3.12/site-packages/airflow/example_dags/example_bash_decorator.py
[2025-01-28T06:01:39.666+0000] {logging_mixin.py:190} INFO - [2025-01-28T06:01:39.665+0000] {dag.py:3239} INFO - Sync 1 DAGs
[2025-01-28T06:01:39.676+0000] {logging_mixin.py:190} INFO - [2025-01-28T06:01:39.676+0000] {dag.py:4180} INFO - Setting next_dagrun for example_bash_decorator to None, run_after=None
[2025-01-28T06:01:39.698+0000] {processor.py:208} INFO - Processing /home/ubuntu/.local/lib/python3.12/site-packages/airflow/example_dags/example_bash_decorator.py took 0.074 seconds
[2025-01-28T06:02:56.471+0000] {processor.py:186} INFO - Started process (PID=2435) to work on /home/ubuntu/.local/lib/python3.12/site-packages/airflow/example_dags/example_bash_decorator.py
[2025-01-28T06:02:56.473+0000] {processor.py:914} INFO - Processing file /home/ubuntu/.local/lib/python3.12/site-packages/airflow/example_dags/example_bash_decorator.py for tasks to queue
[2025-01-28T06:02:56.475+0000] {logging_mixin.py:190} INFO - [2025-01-28T06:02:56.475+0000] {dagbag.py:588} INFO - Filling up the DagBag from /home/ubuntu/.local/lib/python3.12/site-packages/airflow/example_dags/example_bash_decorator.py
[2025-01-28T06:02:56.490+0000] {processor.py:925} INFO - DAG(s) 'example_bash_decorator' retrieved from /home/ubuntu/.local/lib/python3.12/site-packages/airflow/example_dags/example_bash_decorator.py
[2025-01-28T06:02:56.507+0000] {logging_mixin.py:190} INFO - [2025-01-28T06:02:56.507+0000] {dag.py:3239} INFO - Sync 1 DAGs
[2025-01-28T06:02:56.518+0000] {logging_mixin.py:190} INFO - [2025-01-28T06:02:56.517+0000] {dag.py:4180} INFO - Setting next_dagrun for example_bash_decorator to None, run_after=None
[2025-01-28T06:02:56.541+0000] {processor.py:208} INFO - Processing /home/ubuntu/.local/lib/python3.12/site-packages/airflow/example_dags/example_bash_decorator.py took 0.074 seconds
[2025-01-28T06:04:51.141+0000] {processor.py:186} INFO - Started process (PID=2556) to work on /home/ubuntu/.local/lib/python3.12/site-packages/airflow/example_dags/example_bash_decorator.py
[2025-01-28T06:04:51.143+0000] {processor.py:914} INFO - Processing file /home/ubuntu/.local/lib/python3.12/site-packages/airflow/example_dags/example_bash_decorator.py for tasks to queue
[2025-01-28T06:04:51.145+0000] {logging_mixin.py:190} INFO - [2025-01-28T06:04:51.145+0000] {dagbag.py:588} INFO - Filling up the DagBag from /home/ubuntu/.local/lib/python3.12/site-packages/airflow/example_dags/example_bash_decorator.py
[2025-01-28T06:04:51.159+0000] {processor.py:925} INFO - DAG(s) 'example_bash_decorator' retrieved from /home/ubuntu/.local/lib/python3.12/site-packages/airflow/example_dags/example_bash_decorator.py
[2025-01-28T06:04:51.177+0000] {logging_mixin.py:190} INFO - [2025-01-28T06:04:51.177+0000] {dag.py:3239} INFO - Sync 1 DAGs
[2025-01-28T06:04:51.189+0000] {logging_mixin.py:190} INFO - [2025-01-28T06:04:51.189+0000] {dag.py:4180} INFO - Setting next_dagrun for example_bash_decorator to None, run_after=None
[2025-01-28T06:04:51.212+0000] {processor.py:208} INFO - Processing /home/ubuntu/.local/lib/python3.12/site-packages/airflow/example_dags/example_bash_decorator.py took 0.077 seconds
[2025-01-28T06:06:24.901+0000] {processor.py:186} INFO - Started process (PID=2666) to work on /home/ubuntu/.local/lib/python3.12/site-packages/airflow/example_dags/example_bash_decorator.py
[2025-01-28T06:06:24.903+0000] {processor.py:914} INFO - Processing file /home/ubuntu/.local/lib/python3.12/site-packages/airflow/example_dags/example_bash_decorator.py for tasks to queue
[2025-01-28T06:06:24.905+0000] {logging_mixin.py:190} INFO - [2025-01-28T06:06:24.905+0000] {dagbag.py:588} INFO - Filling up the DagBag from /home/ubuntu/.local/lib/python3.12/site-packages/airflow/example_dags/example_bash_decorator.py
[2025-01-28T06:06:24.920+0000] {processor.py:925} INFO - DAG(s) 'example_bash_decorator' retrieved from /home/ubuntu/.local/lib/python3.12/site-packages/airflow/example_dags/example_bash_decorator.py
[2025-01-28T06:06:24.939+0000] {logging_mixin.py:190} INFO - [2025-01-28T06:06:24.939+0000] {dag.py:3239} INFO - Sync 1 DAGs
[2025-01-28T06:06:24.950+0000] {logging_mixin.py:190} INFO - [2025-01-28T06:06:24.950+0000] {dag.py:4180} INFO - Setting next_dagrun for example_bash_decorator to None, run_after=None
[2025-01-28T06:06:24.972+0000] {processor.py:208} INFO - Processing /home/ubuntu/.local/lib/python3.12/site-packages/airflow/example_dags/example_bash_decorator.py took 0.076 seconds
[2025-01-28T06:07:30.408+0000] {processor.py:186} INFO - Started process (PID=2737) to work on /home/ubuntu/.local/lib/python3.12/site-packages/airflow/example_dags/example_bash_decorator.py
[2025-01-28T06:07:30.410+0000] {processor.py:914} INFO - Processing file /home/ubuntu/.local/lib/python3.12/site-packages/airflow/example_dags/example_bash_decorator.py for tasks to queue
[2025-01-28T06:07:30.412+0000] {logging_mixin.py:190} INFO - [2025-01-28T06:07:30.411+0000] {dagbag.py:588} INFO - Filling up the DagBag from /home/ubuntu/.local/lib/python3.12/site-packages/airflow/example_dags/example_bash_decorator.py
[2025-01-28T06:07:30.426+0000] {processor.py:925} INFO - DAG(s) 'example_bash_decorator' retrieved from /home/ubuntu/.local/lib/python3.12/site-packages/airflow/example_dags/example_bash_decorator.py
[2025-01-28T06:07:30.444+0000] {logging_mixin.py:190} INFO - [2025-01-28T06:07:30.444+0000] {dag.py:3239} INFO - Sync 1 DAGs
[2025-01-28T06:07:30.455+0000] {logging_mixin.py:190} INFO - [2025-01-28T06:07:30.455+0000] {dag.py:4180} INFO - Setting next_dagrun for example_bash_decorator to None, run_after=None
[2025-01-28T06:07:30.478+0000] {processor.py:208} INFO - Processing /home/ubuntu/.local/lib/python3.12/site-packages/airflow/example_dags/example_bash_decorator.py took 0.075 seconds
[2025-01-28T06:08:28.706+0000] {processor.py:186} INFO - Started process (PID=2797) to work on /home/ubuntu/.local/lib/python3.12/site-packages/airflow/example_dags/example_bash_decorator.py
[2025-01-28T06:08:28.708+0000] {processor.py:914} INFO - Processing file /home/ubuntu/.local/lib/python3.12/site-packages/airflow/example_dags/example_bash_decorator.py for tasks to queue
[2025-01-28T06:08:28.710+0000] {logging_mixin.py:190} INFO - [2025-01-28T06:08:28.710+0000] {dagbag.py:588} INFO - Filling up the DagBag from /home/ubuntu/.local/lib/python3.12/site-packages/airflow/example_dags/example_bash_decorator.py
[2025-01-28T06:08:28.724+0000] {processor.py:925} INFO - DAG(s) 'example_bash_decorator' retrieved from /home/ubuntu/.local/lib/python3.12/site-packages/airflow/example_dags/example_bash_decorator.py
[2025-01-28T06:08:28.742+0000] {logging_mixin.py:190} INFO - [2025-01-28T06:08:28.742+0000] {dag.py:3239} INFO - Sync 1 DAGs
[2025-01-28T06:08:28.753+0000] {logging_mixin.py:190} INFO - [2025-01-28T06:08:28.753+0000] {dag.py:4180} INFO - Setting next_dagrun for example_bash_decorator to None, run_after=None
[2025-01-28T06:08:28.774+0000] {processor.py:208} INFO - Processing /home/ubuntu/.local/lib/python3.12/site-packages/airflow/example_dags/example_bash_decorator.py took 0.073 seconds
[2025-01-28T06:09:25.274+0000] {processor.py:186} INFO - Started process (PID=2857) to work on /home/ubuntu/.local/lib/python3.12/site-packages/airflow/example_dags/example_bash_decorator.py
[2025-01-28T06:09:25.276+0000] {processor.py:914} INFO - Processing file /home/ubuntu/.local/lib/python3.12/site-packages/airflow/example_dags/example_bash_decorator.py for tasks to queue
[2025-01-28T06:09:25.277+0000] {logging_mixin.py:190} INFO - [2025-01-28T06:09:25.277+0000] {dagbag.py:588} INFO - Filling up the DagBag from /home/ubuntu/.local/lib/python3.12/site-packages/airflow/example_dags/example_bash_decorator.py
[2025-01-28T06:09:25.292+0000] {processor.py:925} INFO - DAG(s) 'example_bash_decorator' retrieved from /home/ubuntu/.local/lib/python3.12/site-packages/airflow/example_dags/example_bash_decorator.py
[2025-01-28T06:09:25.310+0000] {logging_mixin.py:190} INFO - [2025-01-28T06:09:25.310+0000] {dag.py:3239} INFO - Sync 1 DAGs
[2025-01-28T06:09:25.321+0000] {logging_mixin.py:190} INFO - [2025-01-28T06:09:25.321+0000] {dag.py:4180} INFO - Setting next_dagrun for example_bash_decorator to None, run_after=None
[2025-01-28T06:09:25.344+0000] {processor.py:208} INFO - Processing /home/ubuntu/.local/lib/python3.12/site-packages/airflow/example_dags/example_bash_decorator.py took 0.076 seconds
[2025-01-28T06:10:45.263+0000] {processor.py:186} INFO - Started process (PID=2961) to work on /home/ubuntu/.local/lib/python3.12/site-packages/airflow/example_dags/example_bash_decorator.py
[2025-01-28T06:10:45.265+0000] {processor.py:914} INFO - Processing file /home/ubuntu/.local/lib/python3.12/site-packages/airflow/example_dags/example_bash_decorator.py for tasks to queue
[2025-01-28T06:10:45.266+0000] {logging_mixin.py:190} INFO - [2025-01-28T06:10:45.266+0000] {dagbag.py:588} INFO - Filling up the DagBag from /home/ubuntu/.local/lib/python3.12/site-packages/airflow/example_dags/example_bash_decorator.py
[2025-01-28T06:10:45.281+0000] {processor.py:925} INFO - DAG(s) 'example_bash_decorator' retrieved from /home/ubuntu/.local/lib/python3.12/site-packages/airflow/example_dags/example_bash_decorator.py
[2025-01-28T06:10:45.299+0000] {logging_mixin.py:190} INFO - [2025-01-28T06:10:45.298+0000] {dag.py:3239} INFO - Sync 1 DAGs
[2025-01-28T06:10:45.310+0000] {logging_mixin.py:190} INFO - [2025-01-28T06:10:45.310+0000] {dag.py:4180} INFO - Setting next_dagrun for example_bash_decorator to None, run_after=None
[2025-01-28T06:10:45.332+0000] {processor.py:208} INFO - Processing /home/ubuntu/.local/lib/python3.12/site-packages/airflow/example_dags/example_bash_decorator.py took 0.075 seconds
[2025-01-28T06:12:04.113+0000] {processor.py:186} INFO - Started process (PID=3045) to work on /home/ubuntu/.local/lib/python3.12/site-packages/airflow/example_dags/example_bash_decorator.py
[2025-01-28T06:12:04.114+0000] {processor.py:914} INFO - Processing file /home/ubuntu/.local/lib/python3.12/site-packages/airflow/example_dags/example_bash_decorator.py for tasks to queue
[2025-01-28T06:12:04.117+0000] {logging_mixin.py:190} INFO - [2025-01-28T06:12:04.116+0000] {dagbag.py:588} INFO - Filling up the DagBag from /home/ubuntu/.local/lib/python3.12/site-packages/airflow/example_dags/example_bash_decorator.py
[2025-01-28T06:12:04.130+0000] {processor.py:925} INFO - DAG(s) 'example_bash_decorator' retrieved from /home/ubuntu/.local/lib/python3.12/site-packages/airflow/example_dags/example_bash_decorator.py
[2025-01-28T06:12:04.149+0000] {logging_mixin.py:190} INFO - [2025-01-28T06:12:04.148+0000] {dag.py:3239} INFO - Sync 1 DAGs
[2025-01-28T06:12:04.160+0000] {logging_mixin.py:190} INFO - [2025-01-28T06:12:04.160+0000] {dag.py:4180} INFO - Setting next_dagrun for example_bash_decorator to None, run_after=None
[2025-01-28T06:12:04.182+0000] {processor.py:208} INFO - Processing /home/ubuntu/.local/lib/python3.12/site-packages/airflow/example_dags/example_bash_decorator.py took 0.075 seconds
[2025-01-28T06:13:26.588+0000] {processor.py:186} INFO - Started process (PID=3129) to work on /home/ubuntu/.local/lib/python3.12/site-packages/airflow/example_dags/example_bash_decorator.py
[2025-01-28T06:13:26.590+0000] {processor.py:914} INFO - Processing file /home/ubuntu/.local/lib/python3.12/site-packages/airflow/example_dags/example_bash_decorator.py for tasks to queue
[2025-01-28T06:13:26.592+0000] {logging_mixin.py:190} INFO - [2025-01-28T06:13:26.591+0000] {dagbag.py:588} INFO - Filling up the DagBag from /home/ubuntu/.local/lib/python3.12/site-packages/airflow/example_dags/example_bash_decorator.py
[2025-01-28T06:13:26.606+0000] {processor.py:925} INFO - DAG(s) 'example_bash_decorator' retrieved from /home/ubuntu/.local/lib/python3.12/site-packages/airflow/example_dags/example_bash_decorator.py
[2025-01-28T06:13:26.624+0000] {logging_mixin.py:190} INFO - [2025-01-28T06:13:26.624+0000] {dag.py:3239} INFO - Sync 1 DAGs
[2025-01-28T06:13:26.635+0000] {logging_mixin.py:190} INFO - [2025-01-28T06:13:26.635+0000] {dag.py:4180} INFO - Setting next_dagrun for example_bash_decorator to None, run_after=None
[2025-01-28T06:13:26.656+0000] {processor.py:208} INFO - Processing /home/ubuntu/.local/lib/python3.12/site-packages/airflow/example_dags/example_bash_decorator.py took 0.073 seconds
[2025-01-28T06:14:45.571+0000] {processor.py:186} INFO - Started process (PID=3211) to work on /home/ubuntu/.local/lib/python3.12/site-packages/airflow/example_dags/example_bash_decorator.py
[2025-01-28T06:14:45.573+0000] {processor.py:914} INFO - Processing file /home/ubuntu/.local/lib/python3.12/site-packages/airflow/example_dags/example_bash_decorator.py for tasks to queue
[2025-01-28T06:14:45.575+0000] {logging_mixin.py:190} INFO - [2025-01-28T06:14:45.575+0000] {dagbag.py:588} INFO - Filling up the DagBag from /home/ubuntu/.local/lib/python3.12/site-packages/airflow/example_dags/example_bash_decorator.py
[2025-01-28T06:14:45.589+0000] {processor.py:925} INFO - DAG(s) 'example_bash_decorator' retrieved from /home/ubuntu/.local/lib/python3.12/site-packages/airflow/example_dags/example_bash_decorator.py
[2025-01-28T06:14:45.607+0000] {logging_mixin.py:190} INFO - [2025-01-28T06:14:45.607+0000] {dag.py:3239} INFO - Sync 1 DAGs
[2025-01-28T06:14:45.618+0000] {logging_mixin.py:190} INFO - [2025-01-28T06:14:45.618+0000] {dag.py:4180} INFO - Setting next_dagrun for example_bash_decorator to None, run_after=None
[2025-01-28T06:14:45.642+0000] {processor.py:208} INFO - Processing /home/ubuntu/.local/lib/python3.12/site-packages/airflow/example_dags/example_bash_decorator.py took 0.077 seconds
[2025-01-28T06:16:04.078+0000] {processor.py:186} INFO - Started process (PID=3297) to work on /home/ubuntu/.local/lib/python3.12/site-packages/airflow/example_dags/example_bash_decorator.py
[2025-01-28T06:16:04.080+0000] {processor.py:914} INFO - Processing file /home/ubuntu/.local/lib/python3.12/site-packages/airflow/example_dags/example_bash_decorator.py for tasks to queue
[2025-01-28T06:16:04.082+0000] {logging_mixin.py:190} INFO - [2025-01-28T06:16:04.081+0000] {dagbag.py:588} INFO - Filling up the DagBag from /home/ubuntu/.local/lib/python3.12/site-packages/airflow/example_dags/example_bash_decorator.py
[2025-01-28T06:16:04.097+0000] {processor.py:925} INFO - DAG(s) 'example_bash_decorator' retrieved from /home/ubuntu/.local/lib/python3.12/site-packages/airflow/example_dags/example_bash_decorator.py
[2025-01-28T06:16:04.113+0000] {logging_mixin.py:190} INFO - [2025-01-28T06:16:04.113+0000] {dag.py:3239} INFO - Sync 1 DAGs
[2025-01-28T06:16:04.125+0000] {logging_mixin.py:190} INFO - [2025-01-28T06:16:04.125+0000] {dag.py:4180} INFO - Setting next_dagrun for example_bash_decorator to None, run_after=None
[2025-01-28T06:16:04.147+0000] {processor.py:208} INFO - Processing /home/ubuntu/.local/lib/python3.12/site-packages/airflow/example_dags/example_bash_decorator.py took 0.074 seconds
[2025-01-28T06:17:24.663+0000] {processor.py:186} INFO - Started process (PID=3384) to work on /home/ubuntu/.local/lib/python3.12/site-packages/airflow/example_dags/example_bash_decorator.py
[2025-01-28T06:17:24.665+0000] {processor.py:914} INFO - Processing file /home/ubuntu/.local/lib/python3.12/site-packages/airflow/example_dags/example_bash_decorator.py for tasks to queue
[2025-01-28T06:17:24.667+0000] {logging_mixin.py:190} INFO - [2025-01-28T06:17:24.666+0000] {dagbag.py:588} INFO - Filling up the DagBag from /home/ubuntu/.local/lib/python3.12/site-packages/airflow/example_dags/example_bash_decorator.py
[2025-01-28T06:17:24.680+0000] {processor.py:925} INFO - DAG(s) 'example_bash_decorator' retrieved from /home/ubuntu/.local/lib/python3.12/site-packages/airflow/example_dags/example_bash_decorator.py
[2025-01-28T06:17:24.698+0000] {logging_mixin.py:190} INFO - [2025-01-28T06:17:24.698+0000] {dag.py:3239} INFO - Sync 1 DAGs
[2025-01-28T06:17:24.709+0000] {logging_mixin.py:190} INFO - [2025-01-28T06:17:24.709+0000] {dag.py:4180} INFO - Setting next_dagrun for example_bash_decorator to None, run_after=None
[2025-01-28T06:17:24.733+0000] {processor.py:208} INFO - Processing /home/ubuntu/.local/lib/python3.12/site-packages/airflow/example_dags/example_bash_decorator.py took 0.075 seconds
[2025-01-28T06:18:32.641+0000] {processor.py:186} INFO - Started process (PID=3495) to work on /home/ubuntu/.local/lib/python3.12/site-packages/airflow/example_dags/example_bash_decorator.py
[2025-01-28T06:18:32.643+0000] {processor.py:914} INFO - Processing file /home/ubuntu/.local/lib/python3.12/site-packages/airflow/example_dags/example_bash_decorator.py for tasks to queue
[2025-01-28T06:18:32.645+0000] {logging_mixin.py:190} INFO - [2025-01-28T06:18:32.644+0000] {dagbag.py:588} INFO - Filling up the DagBag from /home/ubuntu/.local/lib/python3.12/site-packages/airflow/example_dags/example_bash_decorator.py
[2025-01-28T06:18:32.659+0000] {processor.py:925} INFO - DAG(s) 'example_bash_decorator' retrieved from /home/ubuntu/.local/lib/python3.12/site-packages/airflow/example_dags/example_bash_decorator.py
[2025-01-28T06:18:32.676+0000] {logging_mixin.py:190} INFO - [2025-01-28T06:18:32.676+0000] {dag.py:3239} INFO - Sync 1 DAGs
[2025-01-28T06:18:32.687+0000] {logging_mixin.py:190} INFO - [2025-01-28T06:18:32.686+0000] {dag.py:4180} INFO - Setting next_dagrun for example_bash_decorator to None, run_after=None
[2025-01-28T06:18:32.709+0000] {processor.py:208} INFO - Processing /home/ubuntu/.local/lib/python3.12/site-packages/airflow/example_dags/example_bash_decorator.py took 0.074 seconds
[2025-01-28T06:19:47.722+0000] {processor.py:186} INFO - Started process (PID=3574) to work on /home/ubuntu/.local/lib/python3.12/site-packages/airflow/example_dags/example_bash_decorator.py
[2025-01-28T06:19:47.724+0000] {processor.py:914} INFO - Processing file /home/ubuntu/.local/lib/python3.12/site-packages/airflow/example_dags/example_bash_decorator.py for tasks to queue
[2025-01-28T06:19:47.726+0000] {logging_mixin.py:190} INFO - [2025-01-28T06:19:47.725+0000] {dagbag.py:588} INFO - Filling up the DagBag from /home/ubuntu/.local/lib/python3.12/site-packages/airflow/example_dags/example_bash_decorator.py
[2025-01-28T06:19:47.741+0000] {processor.py:925} INFO - DAG(s) 'example_bash_decorator' retrieved from /home/ubuntu/.local/lib/python3.12/site-packages/airflow/example_dags/example_bash_decorator.py
[2025-01-28T06:19:47.758+0000] {logging_mixin.py:190} INFO - [2025-01-28T06:19:47.758+0000] {dag.py:3239} INFO - Sync 1 DAGs
[2025-01-28T06:19:47.770+0000] {logging_mixin.py:190} INFO - [2025-01-28T06:19:47.770+0000] {dag.py:4180} INFO - Setting next_dagrun for example_bash_decorator to None, run_after=None
[2025-01-28T06:19:47.792+0000] {processor.py:208} INFO - Processing /home/ubuntu/.local/lib/python3.12/site-packages/airflow/example_dags/example_bash_decorator.py took 0.075 seconds
[2025-01-28T06:20:46.326+0000] {processor.py:186} INFO - Started process (PID=3640) to work on /home/ubuntu/.local/lib/python3.12/site-packages/airflow/example_dags/example_bash_decorator.py
[2025-01-28T06:20:46.329+0000] {processor.py:914} INFO - Processing file /home/ubuntu/.local/lib/python3.12/site-packages/airflow/example_dags/example_bash_decorator.py for tasks to queue
[2025-01-28T06:20:46.332+0000] {logging_mixin.py:190} INFO - [2025-01-28T06:20:46.331+0000] {dagbag.py:588} INFO - Filling up the DagBag from /home/ubuntu/.local/lib/python3.12/site-packages/airflow/example_dags/example_bash_decorator.py
[2025-01-28T06:20:46.347+0000] {processor.py:925} INFO - DAG(s) 'example_bash_decorator' retrieved from /home/ubuntu/.local/lib/python3.12/site-packages/airflow/example_dags/example_bash_decorator.py
[2025-01-28T06:20:46.368+0000] {logging_mixin.py:190} INFO - [2025-01-28T06:20:46.368+0000] {dag.py:3239} INFO - Sync 1 DAGs
[2025-01-28T06:20:46.378+0000] {logging_mixin.py:190} INFO - [2025-01-28T06:20:46.378+0000] {dag.py:4180} INFO - Setting next_dagrun for example_bash_decorator to None, run_after=None
[2025-01-28T06:20:46.406+0000] {processor.py:208} INFO - Processing /home/ubuntu/.local/lib/python3.12/site-packages/airflow/example_dags/example_bash_decorator.py took 0.085 seconds
[2025-01-28T06:22:09.085+0000] {processor.py:186} INFO - Started process (PID=3867) to work on /home/ubuntu/.local/lib/python3.12/site-packages/airflow/example_dags/example_bash_decorator.py
[2025-01-28T06:22:09.088+0000] {processor.py:914} INFO - Processing file /home/ubuntu/.local/lib/python3.12/site-packages/airflow/example_dags/example_bash_decorator.py for tasks to queue
[2025-01-28T06:22:09.090+0000] {logging_mixin.py:190} INFO - [2025-01-28T06:22:09.090+0000] {dagbag.py:588} INFO - Filling up the DagBag from /home/ubuntu/.local/lib/python3.12/site-packages/airflow/example_dags/example_bash_decorator.py
[2025-01-28T06:22:09.104+0000] {processor.py:925} INFO - DAG(s) 'example_bash_decorator' retrieved from /home/ubuntu/.local/lib/python3.12/site-packages/airflow/example_dags/example_bash_decorator.py
[2025-01-28T06:22:09.125+0000] {logging_mixin.py:190} INFO - [2025-01-28T06:22:09.125+0000] {dag.py:3239} INFO - Sync 1 DAGs
[2025-01-28T06:22:09.136+0000] {logging_mixin.py:190} INFO - [2025-01-28T06:22:09.136+0000] {dag.py:4180} INFO - Setting next_dagrun for example_bash_decorator to None, run_after=None
[2025-01-28T06:22:09.160+0000] {processor.py:208} INFO - Processing /home/ubuntu/.local/lib/python3.12/site-packages/airflow/example_dags/example_bash_decorator.py took 0.079 seconds
[2025-01-28T06:23:05.526+0000] {processor.py:186} INFO - Started process (PID=4259) to work on /home/ubuntu/.local/lib/python3.12/site-packages/airflow/example_dags/example_bash_decorator.py
[2025-01-28T06:23:05.528+0000] {processor.py:914} INFO - Processing file /home/ubuntu/.local/lib/python3.12/site-packages/airflow/example_dags/example_bash_decorator.py for tasks to queue
[2025-01-28T06:23:05.530+0000] {logging_mixin.py:190} INFO - [2025-01-28T06:23:05.530+0000] {dagbag.py:588} INFO - Filling up the DagBag from /home/ubuntu/.local/lib/python3.12/site-packages/airflow/example_dags/example_bash_decorator.py
[2025-01-28T06:23:05.546+0000] {processor.py:925} INFO - DAG(s) 'example_bash_decorator' retrieved from /home/ubuntu/.local/lib/python3.12/site-packages/airflow/example_dags/example_bash_decorator.py
[2025-01-28T06:23:05.565+0000] {logging_mixin.py:190} INFO - [2025-01-28T06:23:05.565+0000] {dag.py:3239} INFO - Sync 1 DAGs
[2025-01-28T06:23:05.575+0000] {logging_mixin.py:190} INFO - [2025-01-28T06:23:05.575+0000] {dag.py:4180} INFO - Setting next_dagrun for example_bash_decorator to None, run_after=None
[2025-01-28T06:23:05.595+0000] {processor.py:208} INFO - Processing /home/ubuntu/.local/lib/python3.12/site-packages/airflow/example_dags/example_bash_decorator.py took 0.076 seconds
[2025-01-28T06:24:26.981+0000] {processor.py:186} INFO - Started process (PID=4523) to work on /home/ubuntu/.local/lib/python3.12/site-packages/airflow/example_dags/example_bash_decorator.py
[2025-01-28T06:24:26.983+0000] {processor.py:914} INFO - Processing file /home/ubuntu/.local/lib/python3.12/site-packages/airflow/example_dags/example_bash_decorator.py for tasks to queue
[2025-01-28T06:24:26.984+0000] {logging_mixin.py:190} INFO - [2025-01-28T06:24:26.984+0000] {dagbag.py:588} INFO - Filling up the DagBag from /home/ubuntu/.local/lib/python3.12/site-packages/airflow/example_dags/example_bash_decorator.py
[2025-01-28T06:24:26.999+0000] {processor.py:925} INFO - DAG(s) 'example_bash_decorator' retrieved from /home/ubuntu/.local/lib/python3.12/site-packages/airflow/example_dags/example_bash_decorator.py
[2025-01-28T06:24:27.017+0000] {logging_mixin.py:190} INFO - [2025-01-28T06:24:27.017+0000] {dag.py:3239} INFO - Sync 1 DAGs
[2025-01-28T06:24:27.029+0000] {logging_mixin.py:190} INFO - [2025-01-28T06:24:27.028+0000] {dag.py:4180} INFO - Setting next_dagrun for example_bash_decorator to None, run_after=None
[2025-01-28T06:24:27.048+0000] {processor.py:208} INFO - Processing /home/ubuntu/.local/lib/python3.12/site-packages/airflow/example_dags/example_bash_decorator.py took 0.072 seconds
[2025-01-28T06:25:48.343+0000] {processor.py:186} INFO - Started process (PID=5030) to work on /home/ubuntu/.local/lib/python3.12/site-packages/airflow/example_dags/example_bash_decorator.py
[2025-01-28T06:25:48.344+0000] {processor.py:914} INFO - Processing file /home/ubuntu/.local/lib/python3.12/site-packages/airflow/example_dags/example_bash_decorator.py for tasks to queue
[2025-01-28T06:25:48.347+0000] {logging_mixin.py:190} INFO - [2025-01-28T06:25:48.346+0000] {dagbag.py:588} INFO - Filling up the DagBag from /home/ubuntu/.local/lib/python3.12/site-packages/airflow/example_dags/example_bash_decorator.py
[2025-01-28T06:25:48.361+0000] {processor.py:925} INFO - DAG(s) 'example_bash_decorator' retrieved from /home/ubuntu/.local/lib/python3.12/site-packages/airflow/example_dags/example_bash_decorator.py
[2025-01-28T06:25:48.379+0000] {logging_mixin.py:190} INFO - [2025-01-28T06:25:48.379+0000] {dag.py:3239} INFO - Sync 1 DAGs
[2025-01-28T06:25:48.390+0000] {logging_mixin.py:190} INFO - [2025-01-28T06:25:48.390+0000] {dag.py:4180} INFO - Setting next_dagrun for example_bash_decorator to None, run_after=None
[2025-01-28T06:25:48.413+0000] {processor.py:208} INFO - Processing /home/ubuntu/.local/lib/python3.12/site-packages/airflow/example_dags/example_bash_decorator.py took 0.075 seconds
[2025-01-28T06:27:09.473+0000] {processor.py:186} INFO - Started process (PID=5208) to work on /home/ubuntu/.local/lib/python3.12/site-packages/airflow/example_dags/example_bash_decorator.py
[2025-01-28T06:27:09.475+0000] {processor.py:914} INFO - Processing file /home/ubuntu/.local/lib/python3.12/site-packages/airflow/example_dags/example_bash_decorator.py for tasks to queue
[2025-01-28T06:27:09.477+0000] {logging_mixin.py:190} INFO - [2025-01-28T06:27:09.477+0000] {dagbag.py:588} INFO - Filling up the DagBag from /home/ubuntu/.local/lib/python3.12/site-packages/airflow/example_dags/example_bash_decorator.py
[2025-01-28T06:27:09.491+0000] {processor.py:925} INFO - DAG(s) 'example_bash_decorator' retrieved from /home/ubuntu/.local/lib/python3.12/site-packages/airflow/example_dags/example_bash_decorator.py
[2025-01-28T06:27:09.509+0000] {logging_mixin.py:190} INFO - [2025-01-28T06:27:09.509+0000] {dag.py:3239} INFO - Sync 1 DAGs
[2025-01-28T06:27:09.520+0000] {logging_mixin.py:190} INFO - [2025-01-28T06:27:09.520+0000] {dag.py:4180} INFO - Setting next_dagrun for example_bash_decorator to None, run_after=None
[2025-01-28T06:27:09.540+0000] {processor.py:208} INFO - Processing /home/ubuntu/.local/lib/python3.12/site-packages/airflow/example_dags/example_bash_decorator.py took 0.072 seconds
[2025-01-28T06:28:27.976+0000] {processor.py:186} INFO - Started process (PID=5381) to work on /home/ubuntu/.local/lib/python3.12/site-packages/airflow/example_dags/example_bash_decorator.py
[2025-01-28T06:28:27.977+0000] {processor.py:914} INFO - Processing file /home/ubuntu/.local/lib/python3.12/site-packages/airflow/example_dags/example_bash_decorator.py for tasks to queue
[2025-01-28T06:28:27.983+0000] {logging_mixin.py:190} INFO - [2025-01-28T06:28:27.983+0000] {dagbag.py:588} INFO - Filling up the DagBag from /home/ubuntu/.local/lib/python3.12/site-packages/airflow/example_dags/example_bash_decorator.py
[2025-01-28T06:28:28.012+0000] {processor.py:925} INFO - DAG(s) 'example_bash_decorator' retrieved from /home/ubuntu/.local/lib/python3.12/site-packages/airflow/example_dags/example_bash_decorator.py
[2025-01-28T06:28:28.046+0000] {logging_mixin.py:190} INFO - [2025-01-28T06:28:28.044+0000] {dag.py:3239} INFO - Sync 1 DAGs
[2025-01-28T06:28:28.064+0000] {logging_mixin.py:190} INFO - [2025-01-28T06:28:28.064+0000] {dag.py:4180} INFO - Setting next_dagrun for example_bash_decorator to None, run_after=None
[2025-01-28T06:28:28.099+0000] {processor.py:208} INFO - Processing /home/ubuntu/.local/lib/python3.12/site-packages/airflow/example_dags/example_bash_decorator.py took 0.133 seconds
[2025-01-28T06:29:51.302+0000] {processor.py:186} INFO - Started process (PID=5595) to work on /home/ubuntu/.local/lib/python3.12/site-packages/airflow/example_dags/example_bash_decorator.py
[2025-01-28T06:29:51.303+0000] {processor.py:914} INFO - Processing file /home/ubuntu/.local/lib/python3.12/site-packages/airflow/example_dags/example_bash_decorator.py for tasks to queue
[2025-01-28T06:29:51.306+0000] {logging_mixin.py:190} INFO - [2025-01-28T06:29:51.305+0000] {dagbag.py:588} INFO - Filling up the DagBag from /home/ubuntu/.local/lib/python3.12/site-packages/airflow/example_dags/example_bash_decorator.py
[2025-01-28T06:29:51.319+0000] {processor.py:925} INFO - DAG(s) 'example_bash_decorator' retrieved from /home/ubuntu/.local/lib/python3.12/site-packages/airflow/example_dags/example_bash_decorator.py
[2025-01-28T06:29:51.337+0000] {logging_mixin.py:190} INFO - [2025-01-28T06:29:51.336+0000] {dag.py:3239} INFO - Sync 1 DAGs
[2025-01-28T06:29:51.349+0000] {logging_mixin.py:190} INFO - [2025-01-28T06:29:51.349+0000] {dag.py:4180} INFO - Setting next_dagrun for example_bash_decorator to None, run_after=None
[2025-01-28T06:29:51.370+0000] {processor.py:208} INFO - Processing /home/ubuntu/.local/lib/python3.12/site-packages/airflow/example_dags/example_bash_decorator.py took 0.074 seconds
[2025-01-28T06:31:25.792+0000] {processor.py:186} INFO - Started process (PID=5743) to work on /home/ubuntu/.local/lib/python3.12/site-packages/airflow/example_dags/example_bash_decorator.py
[2025-01-28T06:31:25.795+0000] {processor.py:914} INFO - Processing file /home/ubuntu/.local/lib/python3.12/site-packages/airflow/example_dags/example_bash_decorator.py for tasks to queue
[2025-01-28T06:31:25.797+0000] {logging_mixin.py:190} INFO - [2025-01-28T06:31:25.797+0000] {dagbag.py:588} INFO - Filling up the DagBag from /home/ubuntu/.local/lib/python3.12/site-packages/airflow/example_dags/example_bash_decorator.py
[2025-01-28T06:31:25.812+0000] {processor.py:925} INFO - DAG(s) 'example_bash_decorator' retrieved from /home/ubuntu/.local/lib/python3.12/site-packages/airflow/example_dags/example_bash_decorator.py
[2025-01-28T06:31:25.832+0000] {logging_mixin.py:190} INFO - [2025-01-28T06:31:25.832+0000] {dag.py:3239} INFO - Sync 1 DAGs
[2025-01-28T06:31:25.844+0000] {logging_mixin.py:190} INFO - [2025-01-28T06:31:25.844+0000] {dag.py:4180} INFO - Setting next_dagrun for example_bash_decorator to None, run_after=None
[2025-01-28T06:31:25.868+0000] {processor.py:208} INFO - Processing /home/ubuntu/.local/lib/python3.12/site-packages/airflow/example_dags/example_bash_decorator.py took 0.082 seconds
[2025-01-28T06:32:34.393+0000] {processor.py:186} INFO - Started process (PID=5815) to work on /home/ubuntu/.local/lib/python3.12/site-packages/airflow/example_dags/example_bash_decorator.py
[2025-01-28T06:32:34.395+0000] {processor.py:914} INFO - Processing file /home/ubuntu/.local/lib/python3.12/site-packages/airflow/example_dags/example_bash_decorator.py for tasks to queue
[2025-01-28T06:32:34.397+0000] {logging_mixin.py:190} INFO - [2025-01-28T06:32:34.397+0000] {dagbag.py:588} INFO - Filling up the DagBag from /home/ubuntu/.local/lib/python3.12/site-packages/airflow/example_dags/example_bash_decorator.py
[2025-01-28T06:32:34.412+0000] {processor.py:925} INFO - DAG(s) 'example_bash_decorator' retrieved from /home/ubuntu/.local/lib/python3.12/site-packages/airflow/example_dags/example_bash_decorator.py
[2025-01-28T06:32:34.429+0000] {logging_mixin.py:190} INFO - [2025-01-28T06:32:34.429+0000] {dag.py:3239} INFO - Sync 1 DAGs
[2025-01-28T06:32:34.441+0000] {logging_mixin.py:190} INFO - [2025-01-28T06:32:34.440+0000] {dag.py:4180} INFO - Setting next_dagrun for example_bash_decorator to None, run_after=None
[2025-01-28T06:32:34.464+0000] {processor.py:208} INFO - Processing /home/ubuntu/.local/lib/python3.12/site-packages/airflow/example_dags/example_bash_decorator.py took 0.076 seconds
[2025-01-28T06:33:33.620+0000] {processor.py:186} INFO - Started process (PID=5879) to work on /home/ubuntu/.local/lib/python3.12/site-packages/airflow/example_dags/example_bash_decorator.py
[2025-01-28T06:33:33.622+0000] {processor.py:914} INFO - Processing file /home/ubuntu/.local/lib/python3.12/site-packages/airflow/example_dags/example_bash_decorator.py for tasks to queue
[2025-01-28T06:33:33.625+0000] {logging_mixin.py:190} INFO - [2025-01-28T06:33:33.624+0000] {dagbag.py:588} INFO - Filling up the DagBag from /home/ubuntu/.local/lib/python3.12/site-packages/airflow/example_dags/example_bash_decorator.py
[2025-01-28T06:33:33.638+0000] {processor.py:925} INFO - DAG(s) 'example_bash_decorator' retrieved from /home/ubuntu/.local/lib/python3.12/site-packages/airflow/example_dags/example_bash_decorator.py
[2025-01-28T06:33:33.657+0000] {logging_mixin.py:190} INFO - [2025-01-28T06:33:33.657+0000] {dag.py:3239} INFO - Sync 1 DAGs
[2025-01-28T06:33:33.669+0000] {logging_mixin.py:190} INFO - [2025-01-28T06:33:33.668+0000] {dag.py:4180} INFO - Setting next_dagrun for example_bash_decorator to None, run_after=None
[2025-01-28T06:33:33.689+0000] {processor.py:208} INFO - Processing /home/ubuntu/.local/lib/python3.12/site-packages/airflow/example_dags/example_bash_decorator.py took 0.074 seconds
[2025-01-28T06:34:30.980+0000] {processor.py:186} INFO - Started process (PID=5938) to work on /home/ubuntu/.local/lib/python3.12/site-packages/airflow/example_dags/example_bash_decorator.py
[2025-01-28T06:34:30.982+0000] {processor.py:914} INFO - Processing file /home/ubuntu/.local/lib/python3.12/site-packages/airflow/example_dags/example_bash_decorator.py for tasks to queue
[2025-01-28T06:34:30.984+0000] {logging_mixin.py:190} INFO - [2025-01-28T06:34:30.984+0000] {dagbag.py:588} INFO - Filling up the DagBag from /home/ubuntu/.local/lib/python3.12/site-packages/airflow/example_dags/example_bash_decorator.py
[2025-01-28T06:34:30.998+0000] {processor.py:925} INFO - DAG(s) 'example_bash_decorator' retrieved from /home/ubuntu/.local/lib/python3.12/site-packages/airflow/example_dags/example_bash_decorator.py
[2025-01-28T06:34:31.016+0000] {logging_mixin.py:190} INFO - [2025-01-28T06:34:31.016+0000] {dag.py:3239} INFO - Sync 1 DAGs
[2025-01-28T06:34:31.028+0000] {logging_mixin.py:190} INFO - [2025-01-28T06:34:31.027+0000] {dag.py:4180} INFO - Setting next_dagrun for example_bash_decorator to None, run_after=None
[2025-01-28T06:34:31.050+0000] {processor.py:208} INFO - Processing /home/ubuntu/.local/lib/python3.12/site-packages/airflow/example_dags/example_bash_decorator.py took 0.076 seconds
[2025-01-28T06:35:28.163+0000] {processor.py:186} INFO - Started process (PID=5999) to work on /home/ubuntu/.local/lib/python3.12/site-packages/airflow/example_dags/example_bash_decorator.py
[2025-01-28T06:35:28.165+0000] {processor.py:914} INFO - Processing file /home/ubuntu/.local/lib/python3.12/site-packages/airflow/example_dags/example_bash_decorator.py for tasks to queue
[2025-01-28T06:35:28.167+0000] {logging_mixin.py:190} INFO - [2025-01-28T06:35:28.167+0000] {dagbag.py:588} INFO - Filling up the DagBag from /home/ubuntu/.local/lib/python3.12/site-packages/airflow/example_dags/example_bash_decorator.py
[2025-01-28T06:35:28.181+0000] {processor.py:925} INFO - DAG(s) 'example_bash_decorator' retrieved from /home/ubuntu/.local/lib/python3.12/site-packages/airflow/example_dags/example_bash_decorator.py
[2025-01-28T06:35:28.199+0000] {logging_mixin.py:190} INFO - [2025-01-28T06:35:28.199+0000] {dag.py:3239} INFO - Sync 1 DAGs
[2025-01-28T06:35:28.211+0000] {logging_mixin.py:190} INFO - [2025-01-28T06:35:28.211+0000] {dag.py:4180} INFO - Setting next_dagrun for example_bash_decorator to None, run_after=None
[2025-01-28T06:35:28.234+0000] {processor.py:208} INFO - Processing /home/ubuntu/.local/lib/python3.12/site-packages/airflow/example_dags/example_bash_decorator.py took 0.076 seconds
[2025-01-28T06:36:44.005+0000] {processor.py:186} INFO - Started process (PID=6079) to work on /home/ubuntu/.local/lib/python3.12/site-packages/airflow/example_dags/example_bash_decorator.py
[2025-01-28T06:36:44.007+0000] {processor.py:914} INFO - Processing file /home/ubuntu/.local/lib/python3.12/site-packages/airflow/example_dags/example_bash_decorator.py for tasks to queue
[2025-01-28T06:36:44.009+0000] {logging_mixin.py:190} INFO - [2025-01-28T06:36:44.009+0000] {dagbag.py:588} INFO - Filling up the DagBag from /home/ubuntu/.local/lib/python3.12/site-packages/airflow/example_dags/example_bash_decorator.py
[2025-01-28T06:36:44.023+0000] {processor.py:925} INFO - DAG(s) 'example_bash_decorator' retrieved from /home/ubuntu/.local/lib/python3.12/site-packages/airflow/example_dags/example_bash_decorator.py
[2025-01-28T06:36:44.041+0000] {logging_mixin.py:190} INFO - [2025-01-28T06:36:44.041+0000] {dag.py:3239} INFO - Sync 1 DAGs
[2025-01-28T06:36:44.052+0000] {logging_mixin.py:190} INFO - [2025-01-28T06:36:44.051+0000] {dag.py:4180} INFO - Setting next_dagrun for example_bash_decorator to None, run_after=None
[2025-01-28T06:36:44.075+0000] {processor.py:208} INFO - Processing /home/ubuntu/.local/lib/python3.12/site-packages/airflow/example_dags/example_bash_decorator.py took 0.076 seconds
[2025-01-28T06:38:03.817+0000] {processor.py:186} INFO - Started process (PID=6162) to work on /home/ubuntu/.local/lib/python3.12/site-packages/airflow/example_dags/example_bash_decorator.py
[2025-01-28T06:38:03.820+0000] {processor.py:914} INFO - Processing file /home/ubuntu/.local/lib/python3.12/site-packages/airflow/example_dags/example_bash_decorator.py for tasks to queue
[2025-01-28T06:38:03.822+0000] {logging_mixin.py:190} INFO - [2025-01-28T06:38:03.822+0000] {dagbag.py:588} INFO - Filling up the DagBag from /home/ubuntu/.local/lib/python3.12/site-packages/airflow/example_dags/example_bash_decorator.py
[2025-01-28T06:38:03.836+0000] {processor.py:925} INFO - DAG(s) 'example_bash_decorator' retrieved from /home/ubuntu/.local/lib/python3.12/site-packages/airflow/example_dags/example_bash_decorator.py
[2025-01-28T06:38:03.853+0000] {logging_mixin.py:190} INFO - [2025-01-28T06:38:03.853+0000] {dag.py:3239} INFO - Sync 1 DAGs
[2025-01-28T06:38:03.864+0000] {logging_mixin.py:190} INFO - [2025-01-28T06:38:03.864+0000] {dag.py:4180} INFO - Setting next_dagrun for example_bash_decorator to None, run_after=None
[2025-01-28T06:38:03.886+0000] {processor.py:208} INFO - Processing /home/ubuntu/.local/lib/python3.12/site-packages/airflow/example_dags/example_bash_decorator.py took 0.074 seconds
[2025-01-28T06:39:27.555+0000] {processor.py:186} INFO - Started process (PID=6247) to work on /home/ubuntu/.local/lib/python3.12/site-packages/airflow/example_dags/example_bash_decorator.py
[2025-01-28T06:39:27.557+0000] {processor.py:914} INFO - Processing file /home/ubuntu/.local/lib/python3.12/site-packages/airflow/example_dags/example_bash_decorator.py for tasks to queue
[2025-01-28T06:39:27.559+0000] {logging_mixin.py:190} INFO - [2025-01-28T06:39:27.559+0000] {dagbag.py:588} INFO - Filling up the DagBag from /home/ubuntu/.local/lib/python3.12/site-packages/airflow/example_dags/example_bash_decorator.py
[2025-01-28T06:39:27.573+0000] {processor.py:925} INFO - DAG(s) 'example_bash_decorator' retrieved from /home/ubuntu/.local/lib/python3.12/site-packages/airflow/example_dags/example_bash_decorator.py
[2025-01-28T06:39:27.591+0000] {logging_mixin.py:190} INFO - [2025-01-28T06:39:27.591+0000] {dag.py:3239} INFO - Sync 1 DAGs
[2025-01-28T06:39:27.602+0000] {logging_mixin.py:190} INFO - [2025-01-28T06:39:27.602+0000] {dag.py:4180} INFO - Setting next_dagrun for example_bash_decorator to None, run_after=None
[2025-01-28T06:39:27.624+0000] {processor.py:208} INFO - Processing /home/ubuntu/.local/lib/python3.12/site-packages/airflow/example_dags/example_bash_decorator.py took 0.074 seconds
[2025-01-28T06:40:24.643+0000] {processor.py:186} INFO - Started process (PID=6309) to work on /home/ubuntu/.local/lib/python3.12/site-packages/airflow/example_dags/example_bash_decorator.py
[2025-01-28T06:40:24.645+0000] {processor.py:914} INFO - Processing file /home/ubuntu/.local/lib/python3.12/site-packages/airflow/example_dags/example_bash_decorator.py for tasks to queue
[2025-01-28T06:40:24.648+0000] {logging_mixin.py:190} INFO - [2025-01-28T06:40:24.647+0000] {dagbag.py:588} INFO - Filling up the DagBag from /home/ubuntu/.local/lib/python3.12/site-packages/airflow/example_dags/example_bash_decorator.py
[2025-01-28T06:40:24.662+0000] {processor.py:925} INFO - DAG(s) 'example_bash_decorator' retrieved from /home/ubuntu/.local/lib/python3.12/site-packages/airflow/example_dags/example_bash_decorator.py
[2025-01-28T06:40:24.680+0000] {logging_mixin.py:190} INFO - [2025-01-28T06:40:24.680+0000] {dag.py:3239} INFO - Sync 1 DAGs
[2025-01-28T06:40:24.691+0000] {logging_mixin.py:190} INFO - [2025-01-28T06:40:24.691+0000] {dag.py:4180} INFO - Setting next_dagrun for example_bash_decorator to None, run_after=None
[2025-01-28T06:40:24.713+0000] {processor.py:208} INFO - Processing /home/ubuntu/.local/lib/python3.12/site-packages/airflow/example_dags/example_bash_decorator.py took 0.075 seconds
[2025-01-28T06:41:55.812+0000] {processor.py:186} INFO - Started process (PID=6533) to work on /home/ubuntu/.local/lib/python3.12/site-packages/airflow/example_dags/example_bash_decorator.py
[2025-01-28T06:41:55.813+0000] {processor.py:914} INFO - Processing file /home/ubuntu/.local/lib/python3.12/site-packages/airflow/example_dags/example_bash_decorator.py for tasks to queue
[2025-01-28T06:41:55.815+0000] {logging_mixin.py:190} INFO - [2025-01-28T06:41:55.814+0000] {dagbag.py:588} INFO - Filling up the DagBag from /home/ubuntu/.local/lib/python3.12/site-packages/airflow/example_dags/example_bash_decorator.py
[2025-01-28T06:41:55.830+0000] {processor.py:925} INFO - DAG(s) 'example_bash_decorator' retrieved from /home/ubuntu/.local/lib/python3.12/site-packages/airflow/example_dags/example_bash_decorator.py
[2025-01-28T06:41:55.848+0000] {logging_mixin.py:190} INFO - [2025-01-28T06:41:55.847+0000] {dag.py:3239} INFO - Sync 1 DAGs
[2025-01-28T06:41:55.858+0000] {logging_mixin.py:190} INFO - [2025-01-28T06:41:55.858+0000] {dag.py:4180} INFO - Setting next_dagrun for example_bash_decorator to None, run_after=None
[2025-01-28T06:41:55.881+0000] {processor.py:208} INFO - Processing /home/ubuntu/.local/lib/python3.12/site-packages/airflow/example_dags/example_bash_decorator.py took 0.075 seconds
[2025-01-28T06:42:53.807+0000] {processor.py:186} INFO - Started process (PID=6591) to work on /home/ubuntu/.local/lib/python3.12/site-packages/airflow/example_dags/example_bash_decorator.py
[2025-01-28T06:42:53.809+0000] {processor.py:914} INFO - Processing file /home/ubuntu/.local/lib/python3.12/site-packages/airflow/example_dags/example_bash_decorator.py for tasks to queue
[2025-01-28T06:42:53.812+0000] {logging_mixin.py:190} INFO - [2025-01-28T06:42:53.811+0000] {dagbag.py:588} INFO - Filling up the DagBag from /home/ubuntu/.local/lib/python3.12/site-packages/airflow/example_dags/example_bash_decorator.py
[2025-01-28T06:42:53.827+0000] {processor.py:925} INFO - DAG(s) 'example_bash_decorator' retrieved from /home/ubuntu/.local/lib/python3.12/site-packages/airflow/example_dags/example_bash_decorator.py
[2025-01-28T06:42:53.845+0000] {logging_mixin.py:190} INFO - [2025-01-28T06:42:53.845+0000] {dag.py:3239} INFO - Sync 1 DAGs
[2025-01-28T06:42:53.856+0000] {logging_mixin.py:190} INFO - [2025-01-28T06:42:53.856+0000] {dag.py:4180} INFO - Setting next_dagrun for example_bash_decorator to None, run_after=None
[2025-01-28T06:42:53.878+0000] {processor.py:208} INFO - Processing /home/ubuntu/.local/lib/python3.12/site-packages/airflow/example_dags/example_bash_decorator.py took 0.076 seconds
[2025-01-28T06:44:28.636+0000] {processor.py:186} INFO - Started process (PID=6682) to work on /home/ubuntu/.local/lib/python3.12/site-packages/airflow/example_dags/example_bash_decorator.py
[2025-01-28T06:44:28.639+0000] {processor.py:914} INFO - Processing file /home/ubuntu/.local/lib/python3.12/site-packages/airflow/example_dags/example_bash_decorator.py for tasks to queue
[2025-01-28T06:44:28.641+0000] {logging_mixin.py:190} INFO - [2025-01-28T06:44:28.641+0000] {dagbag.py:588} INFO - Filling up the DagBag from /home/ubuntu/.local/lib/python3.12/site-packages/airflow/example_dags/example_bash_decorator.py
[2025-01-28T06:44:28.655+0000] {processor.py:925} INFO - DAG(s) 'example_bash_decorator' retrieved from /home/ubuntu/.local/lib/python3.12/site-packages/airflow/example_dags/example_bash_decorator.py
[2025-01-28T06:44:28.674+0000] {logging_mixin.py:190} INFO - [2025-01-28T06:44:28.674+0000] {dag.py:3239} INFO - Sync 1 DAGs
[2025-01-28T06:44:28.684+0000] {logging_mixin.py:190} INFO - [2025-01-28T06:44:28.684+0000] {dag.py:4180} INFO - Setting next_dagrun for example_bash_decorator to None, run_after=None
[2025-01-28T06:44:28.843+0000] {processor.py:208} INFO - Processing /home/ubuntu/.local/lib/python3.12/site-packages/airflow/example_dags/example_bash_decorator.py took 0.211 seconds
[2025-01-28T06:45:33.799+0000] {processor.py:186} INFO - Started process (PID=6748) to work on /home/ubuntu/.local/lib/python3.12/site-packages/airflow/example_dags/example_bash_decorator.py
[2025-01-28T06:45:33.800+0000] {processor.py:914} INFO - Processing file /home/ubuntu/.local/lib/python3.12/site-packages/airflow/example_dags/example_bash_decorator.py for tasks to queue
[2025-01-28T06:45:33.802+0000] {logging_mixin.py:190} INFO - [2025-01-28T06:45:33.802+0000] {dagbag.py:588} INFO - Filling up the DagBag from /home/ubuntu/.local/lib/python3.12/site-packages/airflow/example_dags/example_bash_decorator.py
[2025-01-28T06:45:33.816+0000] {processor.py:925} INFO - DAG(s) 'example_bash_decorator' retrieved from /home/ubuntu/.local/lib/python3.12/site-packages/airflow/example_dags/example_bash_decorator.py
[2025-01-28T06:45:33.833+0000] {logging_mixin.py:190} INFO - [2025-01-28T06:45:33.833+0000] {dag.py:3239} INFO - Sync 1 DAGs
[2025-01-28T06:45:33.845+0000] {logging_mixin.py:190} INFO - [2025-01-28T06:45:33.845+0000] {dag.py:4180} INFO - Setting next_dagrun for example_bash_decorator to None, run_after=None
[2025-01-28T06:45:33.867+0000] {processor.py:208} INFO - Processing /home/ubuntu/.local/lib/python3.12/site-packages/airflow/example_dags/example_bash_decorator.py took 0.074 seconds
[2025-01-28T06:46:51.476+0000] {processor.py:186} INFO - Started process (PID=7046) to work on /home/ubuntu/.local/lib/python3.12/site-packages/airflow/example_dags/example_bash_decorator.py
[2025-01-28T06:46:51.478+0000] {processor.py:914} INFO - Processing file /home/ubuntu/.local/lib/python3.12/site-packages/airflow/example_dags/example_bash_decorator.py for tasks to queue
[2025-01-28T06:46:51.480+0000] {logging_mixin.py:190} INFO - [2025-01-28T06:46:51.480+0000] {dagbag.py:588} INFO - Filling up the DagBag from /home/ubuntu/.local/lib/python3.12/site-packages/airflow/example_dags/example_bash_decorator.py
[2025-01-28T06:46:51.495+0000] {processor.py:925} INFO - DAG(s) 'example_bash_decorator' retrieved from /home/ubuntu/.local/lib/python3.12/site-packages/airflow/example_dags/example_bash_decorator.py
[2025-01-28T06:46:51.513+0000] {logging_mixin.py:190} INFO - [2025-01-28T06:46:51.513+0000] {dag.py:3239} INFO - Sync 1 DAGs
[2025-01-28T06:46:51.524+0000] {logging_mixin.py:190} INFO - [2025-01-28T06:46:51.523+0000] {dag.py:4180} INFO - Setting next_dagrun for example_bash_decorator to None, run_after=None
[2025-01-28T06:46:51.545+0000] {processor.py:208} INFO - Processing /home/ubuntu/.local/lib/python3.12/site-packages/airflow/example_dags/example_bash_decorator.py took 0.075 seconds
