[2025-01-28T03:39:50.339+0000] {processor.py:186} INFO - Started process (PID=9647) to work on /home/ubuntu/airflow-venv/lib/python3.12/site-packages/airflow/example_dags/example_latest_only_with_trigger.py
[2025-01-28T03:39:50.339+0000] {processor.py:914} INFO - Processing file /home/ubuntu/airflow-venv/lib/python3.12/site-packages/airflow/example_dags/example_latest_only_with_trigger.py for tasks to queue
[2025-01-28T03:39:50.342+0000] {logging_mixin.py:190} INFO - [2025-01-28T03:39:50.342+0000] {dagbag.py:588} INFO - Filling up the DagBag from /home/ubuntu/airflow-venv/lib/python3.12/site-packages/airflow/example_dags/example_latest_only_with_trigger.py
[2025-01-28T03:39:50.349+0000] {processor.py:925} INFO - DAG(s) 'latest_only_with_trigger' retrieved from /home/ubuntu/airflow-venv/lib/python3.12/site-packages/airflow/example_dags/example_latest_only_with_trigger.py
[2025-01-28T03:39:50.465+0000] {logging_mixin.py:190} INFO - [2025-01-28T03:39:50.464+0000] {override.py:1912} INFO - Created Permission View: can read on DAG:latest_only_with_trigger
[2025-01-28T03:39:50.480+0000] {logging_mixin.py:190} INFO - [2025-01-28T03:39:50.479+0000] {override.py:1912} INFO - Created Permission View: can delete on DAG:latest_only_with_trigger
[2025-01-28T03:39:50.491+0000] {logging_mixin.py:190} INFO - [2025-01-28T03:39:50.491+0000] {override.py:1912} INFO - Created Permission View: can edit on DAG:latest_only_with_trigger
[2025-01-28T03:39:50.509+0000] {logging_mixin.py:190} INFO - [2025-01-28T03:39:50.509+0000] {override.py:1912} INFO - Created Permission View: menu access on DAG Run:latest_only_with_trigger
[2025-01-28T03:39:50.520+0000] {logging_mixin.py:190} INFO - [2025-01-28T03:39:50.520+0000] {override.py:1912} INFO - Created Permission View: can read on DAG Run:latest_only_with_trigger
[2025-01-28T03:39:50.531+0000] {logging_mixin.py:190} INFO - [2025-01-28T03:39:50.531+0000] {override.py:1912} INFO - Created Permission View: can delete on DAG Run:latest_only_with_trigger
[2025-01-28T03:39:50.542+0000] {logging_mixin.py:190} INFO - [2025-01-28T03:39:50.542+0000] {override.py:1912} INFO - Created Permission View: can create on DAG Run:latest_only_with_trigger
[2025-01-28T03:39:50.542+0000] {logging_mixin.py:190} INFO - [2025-01-28T03:39:50.542+0000] {dag.py:3239} INFO - Sync 1 DAGs
[2025-01-28T03:39:50.554+0000] {logging_mixin.py:190} INFO - [2025-01-28T03:39:50.553+0000] {dag.py:3262} INFO - Creating ORM DAG for latest_only_with_trigger
[2025-01-28T03:39:50.561+0000] {logging_mixin.py:190} INFO - [2025-01-28T03:39:50.561+0000] {dag.py:4180} INFO - Setting next_dagrun for latest_only_with_trigger to 2025-01-27 20:00:00+00:00, run_after=2025-01-28 00:00:00+00:00
[2025-01-28T03:39:50.584+0000] {processor.py:208} INFO - Processing /home/ubuntu/airflow-venv/lib/python3.12/site-packages/airflow/example_dags/example_latest_only_with_trigger.py took 0.250 seconds
[2025-01-28T03:40:53.720+0000] {processor.py:186} INFO - Started process (PID=9708) to work on /home/ubuntu/airflow-venv/lib/python3.12/site-packages/airflow/example_dags/example_latest_only_with_trigger.py
[2025-01-28T03:40:53.721+0000] {processor.py:914} INFO - Processing file /home/ubuntu/airflow-venv/lib/python3.12/site-packages/airflow/example_dags/example_latest_only_with_trigger.py for tasks to queue
[2025-01-28T03:40:53.723+0000] {logging_mixin.py:190} INFO - [2025-01-28T03:40:53.723+0000] {dagbag.py:588} INFO - Filling up the DagBag from /home/ubuntu/airflow-venv/lib/python3.12/site-packages/airflow/example_dags/example_latest_only_with_trigger.py
[2025-01-28T03:40:53.731+0000] {processor.py:925} INFO - DAG(s) 'latest_only_with_trigger' retrieved from /home/ubuntu/airflow-venv/lib/python3.12/site-packages/airflow/example_dags/example_latest_only_with_trigger.py
[2025-01-28T03:40:53.746+0000] {logging_mixin.py:190} INFO - [2025-01-28T03:40:53.746+0000] {dag.py:3239} INFO - Sync 1 DAGs
[2025-01-28T03:40:53.769+0000] {logging_mixin.py:190} INFO - [2025-01-28T03:40:53.769+0000] {dag.py:4180} INFO - Setting next_dagrun for latest_only_with_trigger to 2025-01-27 20:00:00+00:00, run_after=2025-01-28 00:00:00+00:00
[2025-01-28T03:40:53.792+0000] {processor.py:208} INFO - Processing /home/ubuntu/airflow-venv/lib/python3.12/site-packages/airflow/example_dags/example_latest_only_with_trigger.py took 0.078 seconds
[2025-01-28T03:43:31.073+0000] {processor.py:186} INFO - Started process (PID=9809) to work on /home/ubuntu/airflow-venv/lib/python3.12/site-packages/airflow/example_dags/example_latest_only_with_trigger.py
[2025-01-28T03:43:31.074+0000] {processor.py:914} INFO - Processing file /home/ubuntu/airflow-venv/lib/python3.12/site-packages/airflow/example_dags/example_latest_only_with_trigger.py for tasks to queue
[2025-01-28T03:43:31.076+0000] {logging_mixin.py:190} INFO - [2025-01-28T03:43:31.075+0000] {dagbag.py:588} INFO - Filling up the DagBag from /home/ubuntu/airflow-venv/lib/python3.12/site-packages/airflow/example_dags/example_latest_only_with_trigger.py
[2025-01-28T03:43:31.084+0000] {processor.py:925} INFO - DAG(s) 'latest_only_with_trigger' retrieved from /home/ubuntu/airflow-venv/lib/python3.12/site-packages/airflow/example_dags/example_latest_only_with_trigger.py
[2025-01-28T03:43:31.101+0000] {logging_mixin.py:190} INFO - [2025-01-28T03:43:31.101+0000] {dag.py:3239} INFO - Sync 1 DAGs
[2025-01-28T03:43:31.119+0000] {logging_mixin.py:190} INFO - [2025-01-28T03:43:31.118+0000] {dag.py:4180} INFO - Setting next_dagrun for latest_only_with_trigger to 2025-01-27 20:00:00+00:00, run_after=2025-01-28 00:00:00+00:00
[2025-01-28T03:43:31.140+0000] {processor.py:208} INFO - Processing /home/ubuntu/airflow-venv/lib/python3.12/site-packages/airflow/example_dags/example_latest_only_with_trigger.py took 0.073 seconds
[2025-01-28T03:44:26.874+0000] {processor.py:186} INFO - Started process (PID=9867) to work on /home/ubuntu/airflow-venv/lib/python3.12/site-packages/airflow/example_dags/example_latest_only_with_trigger.py
[2025-01-28T03:44:26.877+0000] {processor.py:914} INFO - Processing file /home/ubuntu/airflow-venv/lib/python3.12/site-packages/airflow/example_dags/example_latest_only_with_trigger.py for tasks to queue
[2025-01-28T03:44:26.878+0000] {logging_mixin.py:190} INFO - [2025-01-28T03:44:26.878+0000] {dagbag.py:588} INFO - Filling up the DagBag from /home/ubuntu/airflow-venv/lib/python3.12/site-packages/airflow/example_dags/example_latest_only_with_trigger.py
[2025-01-28T03:44:26.886+0000] {processor.py:925} INFO - DAG(s) 'latest_only_with_trigger' retrieved from /home/ubuntu/airflow-venv/lib/python3.12/site-packages/airflow/example_dags/example_latest_only_with_trigger.py
[2025-01-28T03:44:26.901+0000] {logging_mixin.py:190} INFO - [2025-01-28T03:44:26.901+0000] {dag.py:3239} INFO - Sync 1 DAGs
[2025-01-28T03:44:26.918+0000] {logging_mixin.py:190} INFO - [2025-01-28T03:44:26.918+0000] {dag.py:4180} INFO - Setting next_dagrun for latest_only_with_trigger to 2025-01-27 20:00:00+00:00, run_after=2025-01-28 00:00:00+00:00
[2025-01-28T03:44:26.942+0000] {processor.py:208} INFO - Processing /home/ubuntu/airflow-venv/lib/python3.12/site-packages/airflow/example_dags/example_latest_only_with_trigger.py took 0.073 seconds
[2025-01-28T03:45:22.545+0000] {processor.py:186} INFO - Started process (PID=9929) to work on /home/ubuntu/airflow-venv/lib/python3.12/site-packages/airflow/example_dags/example_latest_only_with_trigger.py
[2025-01-28T03:45:22.547+0000] {processor.py:914} INFO - Processing file /home/ubuntu/airflow-venv/lib/python3.12/site-packages/airflow/example_dags/example_latest_only_with_trigger.py for tasks to queue
[2025-01-28T03:45:22.549+0000] {logging_mixin.py:190} INFO - [2025-01-28T03:45:22.549+0000] {dagbag.py:588} INFO - Filling up the DagBag from /home/ubuntu/airflow-venv/lib/python3.12/site-packages/airflow/example_dags/example_latest_only_with_trigger.py
[2025-01-28T03:45:22.556+0000] {processor.py:925} INFO - DAG(s) 'latest_only_with_trigger' retrieved from /home/ubuntu/airflow-venv/lib/python3.12/site-packages/airflow/example_dags/example_latest_only_with_trigger.py
[2025-01-28T03:45:22.571+0000] {logging_mixin.py:190} INFO - [2025-01-28T03:45:22.571+0000] {dag.py:3239} INFO - Sync 1 DAGs
[2025-01-28T03:45:22.589+0000] {logging_mixin.py:190} INFO - [2025-01-28T03:45:22.589+0000] {dag.py:4180} INFO - Setting next_dagrun for latest_only_with_trigger to 2025-01-27 20:00:00+00:00, run_after=2025-01-28 00:00:00+00:00
[2025-01-28T03:45:22.611+0000] {processor.py:208} INFO - Processing /home/ubuntu/airflow-venv/lib/python3.12/site-packages/airflow/example_dags/example_latest_only_with_trigger.py took 0.072 seconds
[2025-01-28T03:46:15.331+0000] {processor.py:186} INFO - Started process (PID=9983) to work on /home/ubuntu/airflow-venv/lib/python3.12/site-packages/airflow/example_dags/example_latest_only_with_trigger.py
[2025-01-28T03:46:15.332+0000] {processor.py:914} INFO - Processing file /home/ubuntu/airflow-venv/lib/python3.12/site-packages/airflow/example_dags/example_latest_only_with_trigger.py for tasks to queue
[2025-01-28T03:46:15.334+0000] {logging_mixin.py:190} INFO - [2025-01-28T03:46:15.333+0000] {dagbag.py:588} INFO - Filling up the DagBag from /home/ubuntu/airflow-venv/lib/python3.12/site-packages/airflow/example_dags/example_latest_only_with_trigger.py
[2025-01-28T03:46:15.342+0000] {processor.py:925} INFO - DAG(s) 'latest_only_with_trigger' retrieved from /home/ubuntu/airflow-venv/lib/python3.12/site-packages/airflow/example_dags/example_latest_only_with_trigger.py
[2025-01-28T03:46:15.357+0000] {logging_mixin.py:190} INFO - [2025-01-28T03:46:15.357+0000] {dag.py:3239} INFO - Sync 1 DAGs
[2025-01-28T03:46:15.376+0000] {logging_mixin.py:190} INFO - [2025-01-28T03:46:15.376+0000] {dag.py:4180} INFO - Setting next_dagrun for latest_only_with_trigger to 2025-01-27 20:00:00+00:00, run_after=2025-01-28 00:00:00+00:00
[2025-01-28T03:46:15.398+0000] {processor.py:208} INFO - Processing /home/ubuntu/airflow-venv/lib/python3.12/site-packages/airflow/example_dags/example_latest_only_with_trigger.py took 0.073 seconds
[2025-01-28T03:47:07.675+0000] {processor.py:186} INFO - Started process (PID=10037) to work on /home/ubuntu/airflow-venv/lib/python3.12/site-packages/airflow/example_dags/example_latest_only_with_trigger.py
[2025-01-28T03:47:07.676+0000] {processor.py:914} INFO - Processing file /home/ubuntu/airflow-venv/lib/python3.12/site-packages/airflow/example_dags/example_latest_only_with_trigger.py for tasks to queue
[2025-01-28T03:47:07.678+0000] {logging_mixin.py:190} INFO - [2025-01-28T03:47:07.678+0000] {dagbag.py:588} INFO - Filling up the DagBag from /home/ubuntu/airflow-venv/lib/python3.12/site-packages/airflow/example_dags/example_latest_only_with_trigger.py
[2025-01-28T03:47:07.685+0000] {processor.py:925} INFO - DAG(s) 'latest_only_with_trigger' retrieved from /home/ubuntu/airflow-venv/lib/python3.12/site-packages/airflow/example_dags/example_latest_only_with_trigger.py
[2025-01-28T03:47:07.701+0000] {logging_mixin.py:190} INFO - [2025-01-28T03:47:07.700+0000] {dag.py:3239} INFO - Sync 1 DAGs
[2025-01-28T03:47:07.718+0000] {logging_mixin.py:190} INFO - [2025-01-28T03:47:07.718+0000] {dag.py:4180} INFO - Setting next_dagrun for latest_only_with_trigger to 2025-01-27 20:00:00+00:00, run_after=2025-01-28 00:00:00+00:00
[2025-01-28T03:47:07.738+0000] {processor.py:208} INFO - Processing /home/ubuntu/airflow-venv/lib/python3.12/site-packages/airflow/example_dags/example_latest_only_with_trigger.py took 0.069 seconds
[2025-01-28T03:47:58.476+0000] {processor.py:186} INFO - Started process (PID=10089) to work on /home/ubuntu/airflow-venv/lib/python3.12/site-packages/airflow/example_dags/example_latest_only_with_trigger.py
[2025-01-28T03:47:58.478+0000] {processor.py:914} INFO - Processing file /home/ubuntu/airflow-venv/lib/python3.12/site-packages/airflow/example_dags/example_latest_only_with_trigger.py for tasks to queue
[2025-01-28T03:47:58.479+0000] {logging_mixin.py:190} INFO - [2025-01-28T03:47:58.479+0000] {dagbag.py:588} INFO - Filling up the DagBag from /home/ubuntu/airflow-venv/lib/python3.12/site-packages/airflow/example_dags/example_latest_only_with_trigger.py
[2025-01-28T03:47:58.487+0000] {processor.py:925} INFO - DAG(s) 'latest_only_with_trigger' retrieved from /home/ubuntu/airflow-venv/lib/python3.12/site-packages/airflow/example_dags/example_latest_only_with_trigger.py
[2025-01-28T03:47:58.502+0000] {logging_mixin.py:190} INFO - [2025-01-28T03:47:58.502+0000] {dag.py:3239} INFO - Sync 1 DAGs
[2025-01-28T03:47:58.520+0000] {logging_mixin.py:190} INFO - [2025-01-28T03:47:58.519+0000] {dag.py:4180} INFO - Setting next_dagrun for latest_only_with_trigger to 2025-01-27 20:00:00+00:00, run_after=2025-01-28 00:00:00+00:00
[2025-01-28T03:47:58.541+0000] {processor.py:208} INFO - Processing /home/ubuntu/airflow-venv/lib/python3.12/site-packages/airflow/example_dags/example_latest_only_with_trigger.py took 0.071 seconds
[2025-01-28T03:48:50.692+0000] {processor.py:186} INFO - Started process (PID=10144) to work on /home/ubuntu/airflow-venv/lib/python3.12/site-packages/airflow/example_dags/example_latest_only_with_trigger.py
[2025-01-28T03:48:50.694+0000] {processor.py:914} INFO - Processing file /home/ubuntu/airflow-venv/lib/python3.12/site-packages/airflow/example_dags/example_latest_only_with_trigger.py for tasks to queue
[2025-01-28T03:48:50.696+0000] {logging_mixin.py:190} INFO - [2025-01-28T03:48:50.696+0000] {dagbag.py:588} INFO - Filling up the DagBag from /home/ubuntu/airflow-venv/lib/python3.12/site-packages/airflow/example_dags/example_latest_only_with_trigger.py
[2025-01-28T03:48:50.704+0000] {processor.py:925} INFO - DAG(s) 'latest_only_with_trigger' retrieved from /home/ubuntu/airflow-venv/lib/python3.12/site-packages/airflow/example_dags/example_latest_only_with_trigger.py
[2025-01-28T03:48:50.719+0000] {logging_mixin.py:190} INFO - [2025-01-28T03:48:50.719+0000] {dag.py:3239} INFO - Sync 1 DAGs
[2025-01-28T03:48:50.737+0000] {logging_mixin.py:190} INFO - [2025-01-28T03:48:50.736+0000] {dag.py:4180} INFO - Setting next_dagrun for latest_only_with_trigger to 2025-01-27 20:00:00+00:00, run_after=2025-01-28 00:00:00+00:00
[2025-01-28T03:48:50.758+0000] {processor.py:208} INFO - Processing /home/ubuntu/airflow-venv/lib/python3.12/site-packages/airflow/example_dags/example_latest_only_with_trigger.py took 0.071 seconds
[2025-01-28T03:49:40.812+0000] {processor.py:186} INFO - Started process (PID=10196) to work on /home/ubuntu/airflow-venv/lib/python3.12/site-packages/airflow/example_dags/example_latest_only_with_trigger.py
[2025-01-28T03:49:40.813+0000] {processor.py:914} INFO - Processing file /home/ubuntu/airflow-venv/lib/python3.12/site-packages/airflow/example_dags/example_latest_only_with_trigger.py for tasks to queue
[2025-01-28T03:49:40.815+0000] {logging_mixin.py:190} INFO - [2025-01-28T03:49:40.815+0000] {dagbag.py:588} INFO - Filling up the DagBag from /home/ubuntu/airflow-venv/lib/python3.12/site-packages/airflow/example_dags/example_latest_only_with_trigger.py
[2025-01-28T03:49:40.822+0000] {processor.py:925} INFO - DAG(s) 'latest_only_with_trigger' retrieved from /home/ubuntu/airflow-venv/lib/python3.12/site-packages/airflow/example_dags/example_latest_only_with_trigger.py
[2025-01-28T03:49:40.838+0000] {logging_mixin.py:190} INFO - [2025-01-28T03:49:40.837+0000] {dag.py:3239} INFO - Sync 1 DAGs
[2025-01-28T03:49:40.855+0000] {logging_mixin.py:190} INFO - [2025-01-28T03:49:40.855+0000] {dag.py:4180} INFO - Setting next_dagrun for latest_only_with_trigger to 2025-01-27 20:00:00+00:00, run_after=2025-01-28 00:00:00+00:00
[2025-01-28T03:49:40.877+0000] {processor.py:208} INFO - Processing /home/ubuntu/airflow-venv/lib/python3.12/site-packages/airflow/example_dags/example_latest_only_with_trigger.py took 0.071 seconds
[2025-01-28T05:55:26.037+0000] {processor.py:186} INFO - Started process (PID=1917) to work on /home/ubuntu/.local/lib/python3.12/site-packages/airflow/example_dags/example_latest_only_with_trigger.py
[2025-01-28T05:55:26.038+0000] {processor.py:914} INFO - Processing file /home/ubuntu/.local/lib/python3.12/site-packages/airflow/example_dags/example_latest_only_with_trigger.py for tasks to queue
[2025-01-28T05:55:26.041+0000] {logging_mixin.py:190} INFO - [2025-01-28T05:55:26.041+0000] {dagbag.py:588} INFO - Filling up the DagBag from /home/ubuntu/.local/lib/python3.12/site-packages/airflow/example_dags/example_latest_only_with_trigger.py
[2025-01-28T05:55:26.049+0000] {processor.py:925} INFO - DAG(s) 'latest_only_with_trigger' retrieved from /home/ubuntu/.local/lib/python3.12/site-packages/airflow/example_dags/example_latest_only_with_trigger.py
[2025-01-28T05:55:26.149+0000] {logging_mixin.py:190} INFO - [2025-01-28T05:55:26.148+0000] {dag.py:3239} INFO - Sync 1 DAGs
[2025-01-28T05:55:26.168+0000] {logging_mixin.py:190} INFO - [2025-01-28T05:55:26.167+0000] {dag.py:4180} INFO - Setting next_dagrun for latest_only_with_trigger to 2025-01-28 00:00:00+00:00, run_after=2025-01-28 04:00:00+00:00
[2025-01-28T05:55:26.192+0000] {processor.py:208} INFO - Processing /home/ubuntu/.local/lib/python3.12/site-packages/airflow/example_dags/example_latest_only_with_trigger.py took 0.160 seconds
[2025-01-28T05:56:24.582+0000] {processor.py:186} INFO - Started process (PID=1976) to work on /home/ubuntu/.local/lib/python3.12/site-packages/airflow/example_dags/example_latest_only_with_trigger.py
[2025-01-28T05:56:24.583+0000] {processor.py:914} INFO - Processing file /home/ubuntu/.local/lib/python3.12/site-packages/airflow/example_dags/example_latest_only_with_trigger.py for tasks to queue
[2025-01-28T05:56:24.586+0000] {logging_mixin.py:190} INFO - [2025-01-28T05:56:24.585+0000] {dagbag.py:588} INFO - Filling up the DagBag from /home/ubuntu/.local/lib/python3.12/site-packages/airflow/example_dags/example_latest_only_with_trigger.py
[2025-01-28T05:56:24.593+0000] {processor.py:925} INFO - DAG(s) 'latest_only_with_trigger' retrieved from /home/ubuntu/.local/lib/python3.12/site-packages/airflow/example_dags/example_latest_only_with_trigger.py
[2025-01-28T05:56:24.609+0000] {logging_mixin.py:190} INFO - [2025-01-28T05:56:24.608+0000] {dag.py:3239} INFO - Sync 1 DAGs
[2025-01-28T05:56:24.627+0000] {logging_mixin.py:190} INFO - [2025-01-28T05:56:24.627+0000] {dag.py:4180} INFO - Setting next_dagrun for latest_only_with_trigger to 2025-01-28 00:00:00+00:00, run_after=2025-01-28 04:00:00+00:00
[2025-01-28T05:56:24.650+0000] {processor.py:208} INFO - Processing /home/ubuntu/.local/lib/python3.12/site-packages/airflow/example_dags/example_latest_only_with_trigger.py took 0.073 seconds
[2025-01-28T05:57:21.279+0000] {processor.py:186} INFO - Started process (PID=2068) to work on /home/ubuntu/.local/lib/python3.12/site-packages/airflow/example_dags/example_latest_only_with_trigger.py
[2025-01-28T05:57:21.281+0000] {processor.py:914} INFO - Processing file /home/ubuntu/.local/lib/python3.12/site-packages/airflow/example_dags/example_latest_only_with_trigger.py for tasks to queue
[2025-01-28T05:57:21.283+0000] {logging_mixin.py:190} INFO - [2025-01-28T05:57:21.283+0000] {dagbag.py:588} INFO - Filling up the DagBag from /home/ubuntu/.local/lib/python3.12/site-packages/airflow/example_dags/example_latest_only_with_trigger.py
[2025-01-28T05:57:21.291+0000] {processor.py:925} INFO - DAG(s) 'latest_only_with_trigger' retrieved from /home/ubuntu/.local/lib/python3.12/site-packages/airflow/example_dags/example_latest_only_with_trigger.py
[2025-01-28T05:57:21.306+0000] {logging_mixin.py:190} INFO - [2025-01-28T05:57:21.305+0000] {dag.py:3239} INFO - Sync 1 DAGs
[2025-01-28T05:57:21.324+0000] {logging_mixin.py:190} INFO - [2025-01-28T05:57:21.324+0000] {dag.py:4180} INFO - Setting next_dagrun for latest_only_with_trigger to 2025-01-28 00:00:00+00:00, run_after=2025-01-28 04:00:00+00:00
[2025-01-28T05:57:21.347+0000] {processor.py:208} INFO - Processing /home/ubuntu/.local/lib/python3.12/site-packages/airflow/example_dags/example_latest_only_with_trigger.py took 0.073 seconds
[2025-01-28T05:58:19.109+0000] {processor.py:186} INFO - Started process (PID=2126) to work on /home/ubuntu/.local/lib/python3.12/site-packages/airflow/example_dags/example_latest_only_with_trigger.py
[2025-01-28T05:58:19.111+0000] {processor.py:914} INFO - Processing file /home/ubuntu/.local/lib/python3.12/site-packages/airflow/example_dags/example_latest_only_with_trigger.py for tasks to queue
[2025-01-28T05:58:19.113+0000] {logging_mixin.py:190} INFO - [2025-01-28T05:58:19.113+0000] {dagbag.py:588} INFO - Filling up the DagBag from /home/ubuntu/.local/lib/python3.12/site-packages/airflow/example_dags/example_latest_only_with_trigger.py
[2025-01-28T05:58:19.121+0000] {processor.py:925} INFO - DAG(s) 'latest_only_with_trigger' retrieved from /home/ubuntu/.local/lib/python3.12/site-packages/airflow/example_dags/example_latest_only_with_trigger.py
[2025-01-28T05:58:19.137+0000] {logging_mixin.py:190} INFO - [2025-01-28T05:58:19.137+0000] {dag.py:3239} INFO - Sync 1 DAGs
[2025-01-28T05:58:19.156+0000] {logging_mixin.py:190} INFO - [2025-01-28T05:58:19.156+0000] {dag.py:4180} INFO - Setting next_dagrun for latest_only_with_trigger to 2025-01-28 00:00:00+00:00, run_after=2025-01-28 04:00:00+00:00
[2025-01-28T05:58:19.185+0000] {processor.py:208} INFO - Processing /home/ubuntu/.local/lib/python3.12/site-packages/airflow/example_dags/example_latest_only_with_trigger.py took 0.081 seconds
[2025-01-28T05:59:14.360+0000] {processor.py:186} INFO - Started process (PID=2183) to work on /home/ubuntu/.local/lib/python3.12/site-packages/airflow/example_dags/example_latest_only_with_trigger.py
[2025-01-28T05:59:14.363+0000] {processor.py:914} INFO - Processing file /home/ubuntu/.local/lib/python3.12/site-packages/airflow/example_dags/example_latest_only_with_trigger.py for tasks to queue
[2025-01-28T05:59:14.365+0000] {logging_mixin.py:190} INFO - [2025-01-28T05:59:14.364+0000] {dagbag.py:588} INFO - Filling up the DagBag from /home/ubuntu/.local/lib/python3.12/site-packages/airflow/example_dags/example_latest_only_with_trigger.py
[2025-01-28T05:59:14.372+0000] {processor.py:925} INFO - DAG(s) 'latest_only_with_trigger' retrieved from /home/ubuntu/.local/lib/python3.12/site-packages/airflow/example_dags/example_latest_only_with_trigger.py
[2025-01-28T05:59:14.388+0000] {logging_mixin.py:190} INFO - [2025-01-28T05:59:14.388+0000] {dag.py:3239} INFO - Sync 1 DAGs
[2025-01-28T05:59:14.407+0000] {logging_mixin.py:190} INFO - [2025-01-28T05:59:14.407+0000] {dag.py:4180} INFO - Setting next_dagrun for latest_only_with_trigger to 2025-01-28 00:00:00+00:00, run_after=2025-01-28 04:00:00+00:00
[2025-01-28T05:59:14.429+0000] {processor.py:208} INFO - Processing /home/ubuntu/.local/lib/python3.12/site-packages/airflow/example_dags/example_latest_only_with_trigger.py took 0.073 seconds
[2025-01-28T06:00:08.477+0000] {processor.py:186} INFO - Started process (PID=2239) to work on /home/ubuntu/.local/lib/python3.12/site-packages/airflow/example_dags/example_latest_only_with_trigger.py
[2025-01-28T06:00:08.479+0000] {processor.py:914} INFO - Processing file /home/ubuntu/.local/lib/python3.12/site-packages/airflow/example_dags/example_latest_only_with_trigger.py for tasks to queue
[2025-01-28T06:00:08.481+0000] {logging_mixin.py:190} INFO - [2025-01-28T06:00:08.481+0000] {dagbag.py:588} INFO - Filling up the DagBag from /home/ubuntu/.local/lib/python3.12/site-packages/airflow/example_dags/example_latest_only_with_trigger.py
[2025-01-28T06:00:08.488+0000] {processor.py:925} INFO - DAG(s) 'latest_only_with_trigger' retrieved from /home/ubuntu/.local/lib/python3.12/site-packages/airflow/example_dags/example_latest_only_with_trigger.py
[2025-01-28T06:00:08.504+0000] {logging_mixin.py:190} INFO - [2025-01-28T06:00:08.504+0000] {dag.py:3239} INFO - Sync 1 DAGs
[2025-01-28T06:00:08.522+0000] {logging_mixin.py:190} INFO - [2025-01-28T06:00:08.521+0000] {dag.py:4180} INFO - Setting next_dagrun for latest_only_with_trigger to 2025-01-28 00:00:00+00:00, run_after=2025-01-28 04:00:00+00:00
[2025-01-28T06:00:08.545+0000] {processor.py:208} INFO - Processing /home/ubuntu/.local/lib/python3.12/site-packages/airflow/example_dags/example_latest_only_with_trigger.py took 0.073 seconds
[2025-01-28T06:01:00.938+0000] {processor.py:186} INFO - Started process (PID=2297) to work on /home/ubuntu/.local/lib/python3.12/site-packages/airflow/example_dags/example_latest_only_with_trigger.py
[2025-01-28T06:01:00.940+0000] {processor.py:914} INFO - Processing file /home/ubuntu/.local/lib/python3.12/site-packages/airflow/example_dags/example_latest_only_with_trigger.py for tasks to queue
[2025-01-28T06:01:00.942+0000] {logging_mixin.py:190} INFO - [2025-01-28T06:01:00.942+0000] {dagbag.py:588} INFO - Filling up the DagBag from /home/ubuntu/.local/lib/python3.12/site-packages/airflow/example_dags/example_latest_only_with_trigger.py
[2025-01-28T06:01:00.950+0000] {processor.py:925} INFO - DAG(s) 'latest_only_with_trigger' retrieved from /home/ubuntu/.local/lib/python3.12/site-packages/airflow/example_dags/example_latest_only_with_trigger.py
[2025-01-28T06:01:00.964+0000] {logging_mixin.py:190} INFO - [2025-01-28T06:01:00.964+0000] {dag.py:3239} INFO - Sync 1 DAGs
[2025-01-28T06:01:00.982+0000] {logging_mixin.py:190} INFO - [2025-01-28T06:01:00.982+0000] {dag.py:4180} INFO - Setting next_dagrun for latest_only_with_trigger to 2025-01-28 00:00:00+00:00, run_after=2025-01-28 04:00:00+00:00
[2025-01-28T06:01:01.005+0000] {processor.py:208} INFO - Processing /home/ubuntu/.local/lib/python3.12/site-packages/airflow/example_dags/example_latest_only_with_trigger.py took 0.071 seconds
[2025-01-28T06:01:52.709+0000] {processor.py:186} INFO - Started process (PID=2356) to work on /home/ubuntu/.local/lib/python3.12/site-packages/airflow/example_dags/example_latest_only_with_trigger.py
[2025-01-28T06:01:52.711+0000] {processor.py:914} INFO - Processing file /home/ubuntu/.local/lib/python3.12/site-packages/airflow/example_dags/example_latest_only_with_trigger.py for tasks to queue
[2025-01-28T06:01:52.713+0000] {logging_mixin.py:190} INFO - [2025-01-28T06:01:52.713+0000] {dagbag.py:588} INFO - Filling up the DagBag from /home/ubuntu/.local/lib/python3.12/site-packages/airflow/example_dags/example_latest_only_with_trigger.py
[2025-01-28T06:01:52.720+0000] {processor.py:925} INFO - DAG(s) 'latest_only_with_trigger' retrieved from /home/ubuntu/.local/lib/python3.12/site-packages/airflow/example_dags/example_latest_only_with_trigger.py
[2025-01-28T06:01:52.736+0000] {logging_mixin.py:190} INFO - [2025-01-28T06:01:52.735+0000] {dag.py:3239} INFO - Sync 1 DAGs
[2025-01-28T06:01:52.753+0000] {logging_mixin.py:190} INFO - [2025-01-28T06:01:52.753+0000] {dag.py:4180} INFO - Setting next_dagrun for latest_only_with_trigger to 2025-01-28 00:00:00+00:00, run_after=2025-01-28 04:00:00+00:00
[2025-01-28T06:01:52.776+0000] {processor.py:208} INFO - Processing /home/ubuntu/.local/lib/python3.12/site-packages/airflow/example_dags/example_latest_only_with_trigger.py took 0.072 seconds
[2025-01-28T06:02:44.556+0000] {processor.py:186} INFO - Started process (PID=2421) to work on /home/ubuntu/.local/lib/python3.12/site-packages/airflow/example_dags/example_latest_only_with_trigger.py
[2025-01-28T06:02:44.557+0000] {processor.py:914} INFO - Processing file /home/ubuntu/.local/lib/python3.12/site-packages/airflow/example_dags/example_latest_only_with_trigger.py for tasks to queue
[2025-01-28T06:02:44.560+0000] {logging_mixin.py:190} INFO - [2025-01-28T06:02:44.559+0000] {dagbag.py:588} INFO - Filling up the DagBag from /home/ubuntu/.local/lib/python3.12/site-packages/airflow/example_dags/example_latest_only_with_trigger.py
[2025-01-28T06:02:44.567+0000] {processor.py:925} INFO - DAG(s) 'latest_only_with_trigger' retrieved from /home/ubuntu/.local/lib/python3.12/site-packages/airflow/example_dags/example_latest_only_with_trigger.py
[2025-01-28T06:02:44.583+0000] {logging_mixin.py:190} INFO - [2025-01-28T06:02:44.583+0000] {dag.py:3239} INFO - Sync 1 DAGs
[2025-01-28T06:02:44.601+0000] {logging_mixin.py:190} INFO - [2025-01-28T06:02:44.600+0000] {dag.py:4180} INFO - Setting next_dagrun for latest_only_with_trigger to 2025-01-28 00:00:00+00:00, run_after=2025-01-28 04:00:00+00:00
[2025-01-28T06:02:44.626+0000] {processor.py:208} INFO - Processing /home/ubuntu/.local/lib/python3.12/site-packages/airflow/example_dags/example_latest_only_with_trigger.py took 0.075 seconds
[2025-01-28T06:03:54.803+0000] {processor.py:186} INFO - Started process (PID=2497) to work on /home/ubuntu/.local/lib/python3.12/site-packages/airflow/example_dags/example_latest_only_with_trigger.py
[2025-01-28T06:03:54.807+0000] {processor.py:914} INFO - Processing file /home/ubuntu/.local/lib/python3.12/site-packages/airflow/example_dags/example_latest_only_with_trigger.py for tasks to queue
[2025-01-28T06:03:54.808+0000] {logging_mixin.py:190} INFO - [2025-01-28T06:03:54.808+0000] {dagbag.py:588} INFO - Filling up the DagBag from /home/ubuntu/.local/lib/python3.12/site-packages/airflow/example_dags/example_latest_only_with_trigger.py
[2025-01-28T06:03:54.816+0000] {processor.py:925} INFO - DAG(s) 'latest_only_with_trigger' retrieved from /home/ubuntu/.local/lib/python3.12/site-packages/airflow/example_dags/example_latest_only_with_trigger.py
[2025-01-28T06:03:54.833+0000] {logging_mixin.py:190} INFO - [2025-01-28T06:03:54.833+0000] {dag.py:3239} INFO - Sync 1 DAGs
[2025-01-28T06:03:54.854+0000] {logging_mixin.py:190} INFO - [2025-01-28T06:03:54.853+0000] {dag.py:4180} INFO - Setting next_dagrun for latest_only_with_trigger to 2025-01-28 00:00:00+00:00, run_after=2025-01-28 04:00:00+00:00
[2025-01-28T06:03:54.890+0000] {processor.py:208} INFO - Processing /home/ubuntu/.local/lib/python3.12/site-packages/airflow/example_dags/example_latest_only_with_trigger.py took 0.091 seconds
[2025-01-28T06:05:06.738+0000] {processor.py:186} INFO - Started process (PID=2575) to work on /home/ubuntu/.local/lib/python3.12/site-packages/airflow/example_dags/example_latest_only_with_trigger.py
[2025-01-28T06:05:06.739+0000] {processor.py:914} INFO - Processing file /home/ubuntu/.local/lib/python3.12/site-packages/airflow/example_dags/example_latest_only_with_trigger.py for tasks to queue
[2025-01-28T06:05:06.742+0000] {logging_mixin.py:190} INFO - [2025-01-28T06:05:06.741+0000] {dagbag.py:588} INFO - Filling up the DagBag from /home/ubuntu/.local/lib/python3.12/site-packages/airflow/example_dags/example_latest_only_with_trigger.py
[2025-01-28T06:05:06.749+0000] {processor.py:925} INFO - DAG(s) 'latest_only_with_trigger' retrieved from /home/ubuntu/.local/lib/python3.12/site-packages/airflow/example_dags/example_latest_only_with_trigger.py
[2025-01-28T06:05:06.765+0000] {logging_mixin.py:190} INFO - [2025-01-28T06:05:06.765+0000] {dag.py:3239} INFO - Sync 1 DAGs
[2025-01-28T06:05:06.784+0000] {logging_mixin.py:190} INFO - [2025-01-28T06:05:06.784+0000] {dag.py:4180} INFO - Setting next_dagrun for latest_only_with_trigger to 2025-01-28 00:00:00+00:00, run_after=2025-01-28 04:00:00+00:00
[2025-01-28T06:05:06.816+0000] {processor.py:208} INFO - Processing /home/ubuntu/.local/lib/python3.12/site-packages/airflow/example_dags/example_latest_only_with_trigger.py took 0.083 seconds
[2025-01-28T06:06:13.032+0000] {processor.py:186} INFO - Started process (PID=2650) to work on /home/ubuntu/.local/lib/python3.12/site-packages/airflow/example_dags/example_latest_only_with_trigger.py
[2025-01-28T06:06:13.035+0000] {processor.py:914} INFO - Processing file /home/ubuntu/.local/lib/python3.12/site-packages/airflow/example_dags/example_latest_only_with_trigger.py for tasks to queue
[2025-01-28T06:06:13.037+0000] {logging_mixin.py:190} INFO - [2025-01-28T06:06:13.037+0000] {dagbag.py:588} INFO - Filling up the DagBag from /home/ubuntu/.local/lib/python3.12/site-packages/airflow/example_dags/example_latest_only_with_trigger.py
[2025-01-28T06:06:13.045+0000] {processor.py:925} INFO - DAG(s) 'latest_only_with_trigger' retrieved from /home/ubuntu/.local/lib/python3.12/site-packages/airflow/example_dags/example_latest_only_with_trigger.py
[2025-01-28T06:06:13.061+0000] {logging_mixin.py:190} INFO - [2025-01-28T06:06:13.061+0000] {dag.py:3239} INFO - Sync 1 DAGs
[2025-01-28T06:06:13.079+0000] {logging_mixin.py:190} INFO - [2025-01-28T06:06:13.079+0000] {dag.py:4180} INFO - Setting next_dagrun for latest_only_with_trigger to 2025-01-28 00:00:00+00:00, run_after=2025-01-28 04:00:00+00:00
[2025-01-28T06:06:13.101+0000] {processor.py:208} INFO - Processing /home/ubuntu/.local/lib/python3.12/site-packages/airflow/example_dags/example_latest_only_with_trigger.py took 0.073 seconds
[2025-01-28T06:07:17.644+0000] {processor.py:186} INFO - Started process (PID=2724) to work on /home/ubuntu/.local/lib/python3.12/site-packages/airflow/example_dags/example_latest_only_with_trigger.py
[2025-01-28T06:07:17.645+0000] {processor.py:914} INFO - Processing file /home/ubuntu/.local/lib/python3.12/site-packages/airflow/example_dags/example_latest_only_with_trigger.py for tasks to queue
[2025-01-28T06:07:17.647+0000] {logging_mixin.py:190} INFO - [2025-01-28T06:07:17.647+0000] {dagbag.py:588} INFO - Filling up the DagBag from /home/ubuntu/.local/lib/python3.12/site-packages/airflow/example_dags/example_latest_only_with_trigger.py
[2025-01-28T06:07:17.654+0000] {processor.py:925} INFO - DAG(s) 'latest_only_with_trigger' retrieved from /home/ubuntu/.local/lib/python3.12/site-packages/airflow/example_dags/example_latest_only_with_trigger.py
[2025-01-28T06:07:17.676+0000] {logging_mixin.py:190} INFO - [2025-01-28T06:07:17.676+0000] {dag.py:3239} INFO - Sync 1 DAGs
[2025-01-28T06:07:17.693+0000] {logging_mixin.py:190} INFO - [2025-01-28T06:07:17.693+0000] {dag.py:4180} INFO - Setting next_dagrun for latest_only_with_trigger to 2025-01-28 00:00:00+00:00, run_after=2025-01-28 04:00:00+00:00
[2025-01-28T06:07:17.715+0000] {processor.py:208} INFO - Processing /home/ubuntu/.local/lib/python3.12/site-packages/airflow/example_dags/example_latest_only_with_trigger.py took 0.078 seconds
[2025-01-28T06:08:15.531+0000] {processor.py:186} INFO - Started process (PID=2783) to work on /home/ubuntu/.local/lib/python3.12/site-packages/airflow/example_dags/example_latest_only_with_trigger.py
[2025-01-28T06:08:15.533+0000] {processor.py:914} INFO - Processing file /home/ubuntu/.local/lib/python3.12/site-packages/airflow/example_dags/example_latest_only_with_trigger.py for tasks to queue
[2025-01-28T06:08:15.535+0000] {logging_mixin.py:190} INFO - [2025-01-28T06:08:15.535+0000] {dagbag.py:588} INFO - Filling up the DagBag from /home/ubuntu/.local/lib/python3.12/site-packages/airflow/example_dags/example_latest_only_with_trigger.py
[2025-01-28T06:08:15.543+0000] {processor.py:925} INFO - DAG(s) 'latest_only_with_trigger' retrieved from /home/ubuntu/.local/lib/python3.12/site-packages/airflow/example_dags/example_latest_only_with_trigger.py
[2025-01-28T06:08:15.559+0000] {logging_mixin.py:190} INFO - [2025-01-28T06:08:15.558+0000] {dag.py:3239} INFO - Sync 1 DAGs
[2025-01-28T06:08:15.577+0000] {logging_mixin.py:190} INFO - [2025-01-28T06:08:15.577+0000] {dag.py:4180} INFO - Setting next_dagrun for latest_only_with_trigger to 2025-01-28 00:00:00+00:00, run_after=2025-01-28 04:00:00+00:00
[2025-01-28T06:08:15.600+0000] {processor.py:208} INFO - Processing /home/ubuntu/.local/lib/python3.12/site-packages/airflow/example_dags/example_latest_only_with_trigger.py took 0.074 seconds
[2025-01-28T06:09:11.550+0000] {processor.py:186} INFO - Started process (PID=2841) to work on /home/ubuntu/.local/lib/python3.12/site-packages/airflow/example_dags/example_latest_only_with_trigger.py
[2025-01-28T06:09:11.552+0000] {processor.py:914} INFO - Processing file /home/ubuntu/.local/lib/python3.12/site-packages/airflow/example_dags/example_latest_only_with_trigger.py for tasks to queue
[2025-01-28T06:09:11.555+0000] {logging_mixin.py:190} INFO - [2025-01-28T06:09:11.554+0000] {dagbag.py:588} INFO - Filling up the DagBag from /home/ubuntu/.local/lib/python3.12/site-packages/airflow/example_dags/example_latest_only_with_trigger.py
[2025-01-28T06:09:11.562+0000] {processor.py:925} INFO - DAG(s) 'latest_only_with_trigger' retrieved from /home/ubuntu/.local/lib/python3.12/site-packages/airflow/example_dags/example_latest_only_with_trigger.py
[2025-01-28T06:09:11.577+0000] {logging_mixin.py:190} INFO - [2025-01-28T06:09:11.577+0000] {dag.py:3239} INFO - Sync 1 DAGs
[2025-01-28T06:09:11.595+0000] {logging_mixin.py:190} INFO - [2025-01-28T06:09:11.595+0000] {dag.py:4180} INFO - Setting next_dagrun for latest_only_with_trigger to 2025-01-28 00:00:00+00:00, run_after=2025-01-28 04:00:00+00:00
[2025-01-28T06:09:11.620+0000] {processor.py:208} INFO - Processing /home/ubuntu/.local/lib/python3.12/site-packages/airflow/example_dags/example_latest_only_with_trigger.py took 0.073 seconds
[2025-01-28T06:10:04.607+0000] {processor.py:186} INFO - Started process (PID=2911) to work on /home/ubuntu/.local/lib/python3.12/site-packages/airflow/example_dags/example_latest_only_with_trigger.py
[2025-01-28T06:10:04.610+0000] {processor.py:914} INFO - Processing file /home/ubuntu/.local/lib/python3.12/site-packages/airflow/example_dags/example_latest_only_with_trigger.py for tasks to queue
[2025-01-28T06:10:04.612+0000] {logging_mixin.py:190} INFO - [2025-01-28T06:10:04.612+0000] {dagbag.py:588} INFO - Filling up the DagBag from /home/ubuntu/.local/lib/python3.12/site-packages/airflow/example_dags/example_latest_only_with_trigger.py
[2025-01-28T06:10:04.619+0000] {processor.py:925} INFO - DAG(s) 'latest_only_with_trigger' retrieved from /home/ubuntu/.local/lib/python3.12/site-packages/airflow/example_dags/example_latest_only_with_trigger.py
[2025-01-28T06:10:04.637+0000] {logging_mixin.py:190} INFO - [2025-01-28T06:10:04.637+0000] {dag.py:3239} INFO - Sync 1 DAGs
[2025-01-28T06:10:04.655+0000] {logging_mixin.py:190} INFO - [2025-01-28T06:10:04.654+0000] {dag.py:4180} INFO - Setting next_dagrun for latest_only_with_trigger to 2025-01-28 00:00:00+00:00, run_after=2025-01-28 04:00:00+00:00
[2025-01-28T06:10:04.686+0000] {processor.py:208} INFO - Processing /home/ubuntu/.local/lib/python3.12/site-packages/airflow/example_dags/example_latest_only_with_trigger.py took 0.084 seconds
[2025-01-28T06:10:57.832+0000] {processor.py:186} INFO - Started process (PID=2975) to work on /home/ubuntu/.local/lib/python3.12/site-packages/airflow/example_dags/example_latest_only_with_trigger.py
[2025-01-28T06:10:57.834+0000] {processor.py:914} INFO - Processing file /home/ubuntu/.local/lib/python3.12/site-packages/airflow/example_dags/example_latest_only_with_trigger.py for tasks to queue
[2025-01-28T06:10:57.836+0000] {logging_mixin.py:190} INFO - [2025-01-28T06:10:57.835+0000] {dagbag.py:588} INFO - Filling up the DagBag from /home/ubuntu/.local/lib/python3.12/site-packages/airflow/example_dags/example_latest_only_with_trigger.py
[2025-01-28T06:10:57.844+0000] {processor.py:925} INFO - DAG(s) 'latest_only_with_trigger' retrieved from /home/ubuntu/.local/lib/python3.12/site-packages/airflow/example_dags/example_latest_only_with_trigger.py
[2025-01-28T06:10:57.858+0000] {logging_mixin.py:190} INFO - [2025-01-28T06:10:57.857+0000] {dag.py:3239} INFO - Sync 1 DAGs
[2025-01-28T06:10:57.875+0000] {logging_mixin.py:190} INFO - [2025-01-28T06:10:57.875+0000] {dag.py:4180} INFO - Setting next_dagrun for latest_only_with_trigger to 2025-01-28 00:00:00+00:00, run_after=2025-01-28 04:00:00+00:00
[2025-01-28T06:10:57.899+0000] {processor.py:208} INFO - Processing /home/ubuntu/.local/lib/python3.12/site-packages/airflow/example_dags/example_latest_only_with_trigger.py took 0.073 seconds
[2025-01-28T06:11:51.586+0000] {processor.py:186} INFO - Started process (PID=3032) to work on /home/ubuntu/.local/lib/python3.12/site-packages/airflow/example_dags/example_latest_only_with_trigger.py
[2025-01-28T06:11:51.588+0000] {processor.py:914} INFO - Processing file /home/ubuntu/.local/lib/python3.12/site-packages/airflow/example_dags/example_latest_only_with_trigger.py for tasks to queue
[2025-01-28T06:11:51.590+0000] {logging_mixin.py:190} INFO - [2025-01-28T06:11:51.590+0000] {dagbag.py:588} INFO - Filling up the DagBag from /home/ubuntu/.local/lib/python3.12/site-packages/airflow/example_dags/example_latest_only_with_trigger.py
[2025-01-28T06:11:51.598+0000] {processor.py:925} INFO - DAG(s) 'latest_only_with_trigger' retrieved from /home/ubuntu/.local/lib/python3.12/site-packages/airflow/example_dags/example_latest_only_with_trigger.py
[2025-01-28T06:11:51.613+0000] {logging_mixin.py:190} INFO - [2025-01-28T06:11:51.613+0000] {dag.py:3239} INFO - Sync 1 DAGs
[2025-01-28T06:11:51.632+0000] {logging_mixin.py:190} INFO - [2025-01-28T06:11:51.631+0000] {dag.py:4180} INFO - Setting next_dagrun for latest_only_with_trigger to 2025-01-28 00:00:00+00:00, run_after=2025-01-28 04:00:00+00:00
[2025-01-28T06:11:51.654+0000] {processor.py:208} INFO - Processing /home/ubuntu/.local/lib/python3.12/site-packages/airflow/example_dags/example_latest_only_with_trigger.py took 0.073 seconds
[2025-01-28T06:12:45.873+0000] {processor.py:186} INFO - Started process (PID=3086) to work on /home/ubuntu/.local/lib/python3.12/site-packages/airflow/example_dags/example_latest_only_with_trigger.py
[2025-01-28T06:12:45.874+0000] {processor.py:914} INFO - Processing file /home/ubuntu/.local/lib/python3.12/site-packages/airflow/example_dags/example_latest_only_with_trigger.py for tasks to queue
[2025-01-28T06:12:45.877+0000] {logging_mixin.py:190} INFO - [2025-01-28T06:12:45.876+0000] {dagbag.py:588} INFO - Filling up the DagBag from /home/ubuntu/.local/lib/python3.12/site-packages/airflow/example_dags/example_latest_only_with_trigger.py
[2025-01-28T06:12:45.884+0000] {processor.py:925} INFO - DAG(s) 'latest_only_with_trigger' retrieved from /home/ubuntu/.local/lib/python3.12/site-packages/airflow/example_dags/example_latest_only_with_trigger.py
[2025-01-28T06:12:45.899+0000] {logging_mixin.py:190} INFO - [2025-01-28T06:12:45.899+0000] {dag.py:3239} INFO - Sync 1 DAGs
[2025-01-28T06:12:45.916+0000] {logging_mixin.py:190} INFO - [2025-01-28T06:12:45.916+0000] {dag.py:4180} INFO - Setting next_dagrun for latest_only_with_trigger to 2025-01-28 00:00:00+00:00, run_after=2025-01-28 04:00:00+00:00
[2025-01-28T06:12:45.939+0000] {processor.py:208} INFO - Processing /home/ubuntu/.local/lib/python3.12/site-packages/airflow/example_dags/example_latest_only_with_trigger.py took 0.072 seconds
[2025-01-28T06:13:40.149+0000] {processor.py:186} INFO - Started process (PID=3143) to work on /home/ubuntu/.local/lib/python3.12/site-packages/airflow/example_dags/example_latest_only_with_trigger.py
[2025-01-28T06:13:40.150+0000] {processor.py:914} INFO - Processing file /home/ubuntu/.local/lib/python3.12/site-packages/airflow/example_dags/example_latest_only_with_trigger.py for tasks to queue
[2025-01-28T06:13:40.153+0000] {logging_mixin.py:190} INFO - [2025-01-28T06:13:40.153+0000] {dagbag.py:588} INFO - Filling up the DagBag from /home/ubuntu/.local/lib/python3.12/site-packages/airflow/example_dags/example_latest_only_with_trigger.py
[2025-01-28T06:13:40.160+0000] {processor.py:925} INFO - DAG(s) 'latest_only_with_trigger' retrieved from /home/ubuntu/.local/lib/python3.12/site-packages/airflow/example_dags/example_latest_only_with_trigger.py
[2025-01-28T06:13:40.176+0000] {logging_mixin.py:190} INFO - [2025-01-28T06:13:40.176+0000] {dag.py:3239} INFO - Sync 1 DAGs
[2025-01-28T06:13:40.193+0000] {logging_mixin.py:190} INFO - [2025-01-28T06:13:40.193+0000] {dag.py:4180} INFO - Setting next_dagrun for latest_only_with_trigger to 2025-01-28 00:00:00+00:00, run_after=2025-01-28 04:00:00+00:00
[2025-01-28T06:13:40.216+0000] {processor.py:208} INFO - Processing /home/ubuntu/.local/lib/python3.12/site-packages/airflow/example_dags/example_latest_only_with_trigger.py took 0.073 seconds
[2025-01-28T06:14:32.388+0000] {processor.py:186} INFO - Started process (PID=3198) to work on /home/ubuntu/.local/lib/python3.12/site-packages/airflow/example_dags/example_latest_only_with_trigger.py
[2025-01-28T06:14:32.389+0000] {processor.py:914} INFO - Processing file /home/ubuntu/.local/lib/python3.12/site-packages/airflow/example_dags/example_latest_only_with_trigger.py for tasks to queue
[2025-01-28T06:14:32.392+0000] {logging_mixin.py:190} INFO - [2025-01-28T06:14:32.391+0000] {dagbag.py:588} INFO - Filling up the DagBag from /home/ubuntu/.local/lib/python3.12/site-packages/airflow/example_dags/example_latest_only_with_trigger.py
[2025-01-28T06:14:32.400+0000] {processor.py:925} INFO - DAG(s) 'latest_only_with_trigger' retrieved from /home/ubuntu/.local/lib/python3.12/site-packages/airflow/example_dags/example_latest_only_with_trigger.py
[2025-01-28T06:14:32.416+0000] {logging_mixin.py:190} INFO - [2025-01-28T06:14:32.415+0000] {dag.py:3239} INFO - Sync 1 DAGs
[2025-01-28T06:14:32.434+0000] {logging_mixin.py:190} INFO - [2025-01-28T06:14:32.434+0000] {dag.py:4180} INFO - Setting next_dagrun for latest_only_with_trigger to 2025-01-28 00:00:00+00:00, run_after=2025-01-28 04:00:00+00:00
[2025-01-28T06:14:32.456+0000] {processor.py:208} INFO - Processing /home/ubuntu/.local/lib/python3.12/site-packages/airflow/example_dags/example_latest_only_with_trigger.py took 0.074 seconds
[2025-01-28T06:15:25.738+0000] {processor.py:186} INFO - Started process (PID=3257) to work on /home/ubuntu/.local/lib/python3.12/site-packages/airflow/example_dags/example_latest_only_with_trigger.py
[2025-01-28T06:15:25.740+0000] {processor.py:914} INFO - Processing file /home/ubuntu/.local/lib/python3.12/site-packages/airflow/example_dags/example_latest_only_with_trigger.py for tasks to queue
[2025-01-28T06:15:25.742+0000] {logging_mixin.py:190} INFO - [2025-01-28T06:15:25.742+0000] {dagbag.py:588} INFO - Filling up the DagBag from /home/ubuntu/.local/lib/python3.12/site-packages/airflow/example_dags/example_latest_only_with_trigger.py
[2025-01-28T06:15:25.750+0000] {processor.py:925} INFO - DAG(s) 'latest_only_with_trigger' retrieved from /home/ubuntu/.local/lib/python3.12/site-packages/airflow/example_dags/example_latest_only_with_trigger.py
[2025-01-28T06:15:25.766+0000] {logging_mixin.py:190} INFO - [2025-01-28T06:15:25.766+0000] {dag.py:3239} INFO - Sync 1 DAGs
[2025-01-28T06:15:25.783+0000] {logging_mixin.py:190} INFO - [2025-01-28T06:15:25.783+0000] {dag.py:4180} INFO - Setting next_dagrun for latest_only_with_trigger to 2025-01-28 00:00:00+00:00, run_after=2025-01-28 04:00:00+00:00
[2025-01-28T06:15:25.816+0000] {processor.py:208} INFO - Processing /home/ubuntu/.local/lib/python3.12/site-packages/airflow/example_dags/example_latest_only_with_trigger.py took 0.084 seconds
[2025-01-28T06:16:17.243+0000] {processor.py:186} INFO - Started process (PID=3311) to work on /home/ubuntu/.local/lib/python3.12/site-packages/airflow/example_dags/example_latest_only_with_trigger.py
[2025-01-28T06:16:17.245+0000] {processor.py:914} INFO - Processing file /home/ubuntu/.local/lib/python3.12/site-packages/airflow/example_dags/example_latest_only_with_trigger.py for tasks to queue
[2025-01-28T06:16:17.247+0000] {logging_mixin.py:190} INFO - [2025-01-28T06:16:17.247+0000] {dagbag.py:588} INFO - Filling up the DagBag from /home/ubuntu/.local/lib/python3.12/site-packages/airflow/example_dags/example_latest_only_with_trigger.py
[2025-01-28T06:16:17.255+0000] {processor.py:925} INFO - DAG(s) 'latest_only_with_trigger' retrieved from /home/ubuntu/.local/lib/python3.12/site-packages/airflow/example_dags/example_latest_only_with_trigger.py
[2025-01-28T06:16:17.270+0000] {logging_mixin.py:190} INFO - [2025-01-28T06:16:17.270+0000] {dag.py:3239} INFO - Sync 1 DAGs
[2025-01-28T06:16:17.288+0000] {logging_mixin.py:190} INFO - [2025-01-28T06:16:17.287+0000] {dag.py:4180} INFO - Setting next_dagrun for latest_only_with_trigger to 2025-01-28 00:00:00+00:00, run_after=2025-01-28 04:00:00+00:00
[2025-01-28T06:16:17.310+0000] {processor.py:208} INFO - Processing /home/ubuntu/.local/lib/python3.12/site-packages/airflow/example_dags/example_latest_only_with_trigger.py took 0.073 seconds
[2025-01-28T06:17:11.801+0000] {processor.py:186} INFO - Started process (PID=3370) to work on /home/ubuntu/.local/lib/python3.12/site-packages/airflow/example_dags/example_latest_only_with_trigger.py
[2025-01-28T06:17:11.803+0000] {processor.py:914} INFO - Processing file /home/ubuntu/.local/lib/python3.12/site-packages/airflow/example_dags/example_latest_only_with_trigger.py for tasks to queue
[2025-01-28T06:17:11.805+0000] {logging_mixin.py:190} INFO - [2025-01-28T06:17:11.805+0000] {dagbag.py:588} INFO - Filling up the DagBag from /home/ubuntu/.local/lib/python3.12/site-packages/airflow/example_dags/example_latest_only_with_trigger.py
[2025-01-28T06:17:11.812+0000] {processor.py:925} INFO - DAG(s) 'latest_only_with_trigger' retrieved from /home/ubuntu/.local/lib/python3.12/site-packages/airflow/example_dags/example_latest_only_with_trigger.py
[2025-01-28T06:17:11.829+0000] {logging_mixin.py:190} INFO - [2025-01-28T06:17:11.829+0000] {dag.py:3239} INFO - Sync 1 DAGs
[2025-01-28T06:17:11.846+0000] {logging_mixin.py:190} INFO - [2025-01-28T06:17:11.846+0000] {dag.py:4180} INFO - Setting next_dagrun for latest_only_with_trigger to 2025-01-28 00:00:00+00:00, run_after=2025-01-28 04:00:00+00:00
[2025-01-28T06:17:11.867+0000] {processor.py:208} INFO - Processing /home/ubuntu/.local/lib/python3.12/site-packages/airflow/example_dags/example_latest_only_with_trigger.py took 0.072 seconds
[2025-01-28T06:18:18.660+0000] {processor.py:186} INFO - Started process (PID=3480) to work on /home/ubuntu/.local/lib/python3.12/site-packages/airflow/example_dags/example_latest_only_with_trigger.py
[2025-01-28T06:18:18.662+0000] {processor.py:914} INFO - Processing file /home/ubuntu/.local/lib/python3.12/site-packages/airflow/example_dags/example_latest_only_with_trigger.py for tasks to queue
[2025-01-28T06:18:18.664+0000] {logging_mixin.py:190} INFO - [2025-01-28T06:18:18.664+0000] {dagbag.py:588} INFO - Filling up the DagBag from /home/ubuntu/.local/lib/python3.12/site-packages/airflow/example_dags/example_latest_only_with_trigger.py
[2025-01-28T06:18:18.672+0000] {processor.py:925} INFO - DAG(s) 'latest_only_with_trigger' retrieved from /home/ubuntu/.local/lib/python3.12/site-packages/airflow/example_dags/example_latest_only_with_trigger.py
[2025-01-28T06:18:18.687+0000] {logging_mixin.py:190} INFO - [2025-01-28T06:18:18.687+0000] {dag.py:3239} INFO - Sync 1 DAGs
[2025-01-28T06:18:18.705+0000] {logging_mixin.py:190} INFO - [2025-01-28T06:18:18.705+0000] {dag.py:4180} INFO - Setting next_dagrun for latest_only_with_trigger to 2025-01-28 00:00:00+00:00, run_after=2025-01-28 04:00:00+00:00
[2025-01-28T06:18:18.725+0000] {processor.py:208} INFO - Processing /home/ubuntu/.local/lib/python3.12/site-packages/airflow/example_dags/example_latest_only_with_trigger.py took 0.071 seconds
[2025-01-28T06:19:12.644+0000] {processor.py:186} INFO - Started process (PID=3538) to work on /home/ubuntu/.local/lib/python3.12/site-packages/airflow/example_dags/example_latest_only_with_trigger.py
[2025-01-28T06:19:12.646+0000] {processor.py:914} INFO - Processing file /home/ubuntu/.local/lib/python3.12/site-packages/airflow/example_dags/example_latest_only_with_trigger.py for tasks to queue
[2025-01-28T06:19:12.648+0000] {logging_mixin.py:190} INFO - [2025-01-28T06:19:12.647+0000] {dagbag.py:588} INFO - Filling up the DagBag from /home/ubuntu/.local/lib/python3.12/site-packages/airflow/example_dags/example_latest_only_with_trigger.py
[2025-01-28T06:19:12.655+0000] {processor.py:925} INFO - DAG(s) 'latest_only_with_trigger' retrieved from /home/ubuntu/.local/lib/python3.12/site-packages/airflow/example_dags/example_latest_only_with_trigger.py
[2025-01-28T06:19:12.671+0000] {logging_mixin.py:190} INFO - [2025-01-28T06:19:12.671+0000] {dag.py:3239} INFO - Sync 1 DAGs
[2025-01-28T06:19:12.688+0000] {logging_mixin.py:190} INFO - [2025-01-28T06:19:12.688+0000] {dag.py:4180} INFO - Setting next_dagrun for latest_only_with_trigger to 2025-01-28 00:00:00+00:00, run_after=2025-01-28 04:00:00+00:00
[2025-01-28T06:19:12.710+0000] {processor.py:208} INFO - Processing /home/ubuntu/.local/lib/python3.12/site-packages/airflow/example_dags/example_latest_only_with_trigger.py took 0.071 seconds
[2025-01-28T06:20:06.058+0000] {processor.py:186} INFO - Started process (PID=3595) to work on /home/ubuntu/.local/lib/python3.12/site-packages/airflow/example_dags/example_latest_only_with_trigger.py
[2025-01-28T06:20:06.061+0000] {processor.py:914} INFO - Processing file /home/ubuntu/.local/lib/python3.12/site-packages/airflow/example_dags/example_latest_only_with_trigger.py for tasks to queue
[2025-01-28T06:20:06.063+0000] {logging_mixin.py:190} INFO - [2025-01-28T06:20:06.062+0000] {dagbag.py:588} INFO - Filling up the DagBag from /home/ubuntu/.local/lib/python3.12/site-packages/airflow/example_dags/example_latest_only_with_trigger.py
[2025-01-28T06:20:06.071+0000] {processor.py:925} INFO - DAG(s) 'latest_only_with_trigger' retrieved from /home/ubuntu/.local/lib/python3.12/site-packages/airflow/example_dags/example_latest_only_with_trigger.py
[2025-01-28T06:20:06.087+0000] {logging_mixin.py:190} INFO - [2025-01-28T06:20:06.087+0000] {dag.py:3239} INFO - Sync 1 DAGs
[2025-01-28T06:20:06.106+0000] {logging_mixin.py:190} INFO - [2025-01-28T06:20:06.106+0000] {dag.py:4180} INFO - Setting next_dagrun for latest_only_with_trigger to 2025-01-28 00:00:00+00:00, run_after=2025-01-28 04:00:00+00:00
[2025-01-28T06:20:06.129+0000] {processor.py:208} INFO - Processing /home/ubuntu/.local/lib/python3.12/site-packages/airflow/example_dags/example_latest_only_with_trigger.py took 0.077 seconds
[2025-01-28T06:21:02.632+0000] {processor.py:186} INFO - Started process (PID=3737) to work on /home/ubuntu/.local/lib/python3.12/site-packages/airflow/example_dags/example_latest_only_with_trigger.py
[2025-01-28T06:21:02.634+0000] {processor.py:914} INFO - Processing file /home/ubuntu/.local/lib/python3.12/site-packages/airflow/example_dags/example_latest_only_with_trigger.py for tasks to queue
[2025-01-28T06:21:02.635+0000] {logging_mixin.py:190} INFO - [2025-01-28T06:21:02.635+0000] {dagbag.py:588} INFO - Filling up the DagBag from /home/ubuntu/.local/lib/python3.12/site-packages/airflow/example_dags/example_latest_only_with_trigger.py
[2025-01-28T06:21:02.644+0000] {processor.py:925} INFO - DAG(s) 'latest_only_with_trigger' retrieved from /home/ubuntu/.local/lib/python3.12/site-packages/airflow/example_dags/example_latest_only_with_trigger.py
[2025-01-28T06:21:02.659+0000] {logging_mixin.py:190} INFO - [2025-01-28T06:21:02.658+0000] {dag.py:3239} INFO - Sync 1 DAGs
[2025-01-28T06:21:02.678+0000] {logging_mixin.py:190} INFO - [2025-01-28T06:21:02.678+0000] {dag.py:4180} INFO - Setting next_dagrun for latest_only_with_trigger to 2025-01-28 00:00:00+00:00, run_after=2025-01-28 04:00:00+00:00
[2025-01-28T06:21:02.701+0000] {processor.py:208} INFO - Processing /home/ubuntu/.local/lib/python3.12/site-packages/airflow/example_dags/example_latest_only_with_trigger.py took 0.075 seconds
[2025-01-28T06:21:54.652+0000] {processor.py:186} INFO - Started process (PID=3852) to work on /home/ubuntu/.local/lib/python3.12/site-packages/airflow/example_dags/example_latest_only_with_trigger.py
[2025-01-28T06:21:54.654+0000] {processor.py:914} INFO - Processing file /home/ubuntu/.local/lib/python3.12/site-packages/airflow/example_dags/example_latest_only_with_trigger.py for tasks to queue
[2025-01-28T06:21:54.657+0000] {logging_mixin.py:190} INFO - [2025-01-28T06:21:54.655+0000] {dagbag.py:588} INFO - Filling up the DagBag from /home/ubuntu/.local/lib/python3.12/site-packages/airflow/example_dags/example_latest_only_with_trigger.py
[2025-01-28T06:21:54.664+0000] {processor.py:925} INFO - DAG(s) 'latest_only_with_trigger' retrieved from /home/ubuntu/.local/lib/python3.12/site-packages/airflow/example_dags/example_latest_only_with_trigger.py
[2025-01-28T06:21:54.680+0000] {logging_mixin.py:190} INFO - [2025-01-28T06:21:54.680+0000] {dag.py:3239} INFO - Sync 1 DAGs
[2025-01-28T06:21:54.698+0000] {logging_mixin.py:190} INFO - [2025-01-28T06:21:54.698+0000] {dag.py:4180} INFO - Setting next_dagrun for latest_only_with_trigger to 2025-01-28 00:00:00+00:00, run_after=2025-01-28 04:00:00+00:00
[2025-01-28T06:21:54.721+0000] {processor.py:208} INFO - Processing /home/ubuntu/.local/lib/python3.12/site-packages/airflow/example_dags/example_latest_only_with_trigger.py took 0.074 seconds
[2025-01-28T06:22:55.949+0000] {processor.py:186} INFO - Started process (PID=3918) to work on /home/ubuntu/.local/lib/python3.12/site-packages/airflow/example_dags/example_latest_only_with_trigger.py
[2025-01-28T06:22:55.952+0000] {processor.py:914} INFO - Processing file /home/ubuntu/.local/lib/python3.12/site-packages/airflow/example_dags/example_latest_only_with_trigger.py for tasks to queue
[2025-01-28T06:22:55.954+0000] {logging_mixin.py:190} INFO - [2025-01-28T06:22:55.954+0000] {dagbag.py:588} INFO - Filling up the DagBag from /home/ubuntu/.local/lib/python3.12/site-packages/airflow/example_dags/example_latest_only_with_trigger.py
[2025-01-28T06:22:55.963+0000] {processor.py:925} INFO - DAG(s) 'latest_only_with_trigger' retrieved from /home/ubuntu/.local/lib/python3.12/site-packages/airflow/example_dags/example_latest_only_with_trigger.py
[2025-01-28T06:22:55.978+0000] {logging_mixin.py:190} INFO - [2025-01-28T06:22:55.978+0000] {dag.py:3239} INFO - Sync 1 DAGs
[2025-01-28T06:22:55.995+0000] {logging_mixin.py:190} INFO - [2025-01-28T06:22:55.995+0000] {dag.py:4180} INFO - Setting next_dagrun for latest_only_with_trigger to 2025-01-28 00:00:00+00:00, run_after=2025-01-28 04:00:00+00:00
[2025-01-28T06:22:56.018+0000] {processor.py:208} INFO - Processing /home/ubuntu/.local/lib/python3.12/site-packages/airflow/example_dags/example_latest_only_with_trigger.py took 0.073 seconds
[2025-01-28T06:23:49.718+0000] {processor.py:186} INFO - Started process (PID=4443) to work on /home/ubuntu/.local/lib/python3.12/site-packages/airflow/example_dags/example_latest_only_with_trigger.py
[2025-01-28T06:23:49.720+0000] {processor.py:914} INFO - Processing file /home/ubuntu/.local/lib/python3.12/site-packages/airflow/example_dags/example_latest_only_with_trigger.py for tasks to queue
[2025-01-28T06:23:49.726+0000] {logging_mixin.py:190} INFO - [2025-01-28T06:23:49.725+0000] {dagbag.py:588} INFO - Filling up the DagBag from /home/ubuntu/.local/lib/python3.12/site-packages/airflow/example_dags/example_latest_only_with_trigger.py
[2025-01-28T06:23:49.741+0000] {processor.py:925} INFO - DAG(s) 'latest_only_with_trigger' retrieved from /home/ubuntu/.local/lib/python3.12/site-packages/airflow/example_dags/example_latest_only_with_trigger.py
[2025-01-28T06:23:49.772+0000] {logging_mixin.py:190} INFO - [2025-01-28T06:23:49.772+0000] {dag.py:3239} INFO - Sync 1 DAGs
[2025-01-28T06:23:49.810+0000] {logging_mixin.py:190} INFO - [2025-01-28T06:23:49.810+0000] {dag.py:4180} INFO - Setting next_dagrun for latest_only_with_trigger to 2025-01-28 00:00:00+00:00, run_after=2025-01-28 04:00:00+00:00
[2025-01-28T06:23:49.863+0000] {processor.py:208} INFO - Processing /home/ubuntu/.local/lib/python3.12/site-packages/airflow/example_dags/example_latest_only_with_trigger.py took 0.154 seconds
[2025-01-28T06:24:44.646+0000] {processor.py:186} INFO - Started process (PID=4759) to work on /home/ubuntu/.local/lib/python3.12/site-packages/airflow/example_dags/example_latest_only_with_trigger.py
[2025-01-28T06:24:44.648+0000] {processor.py:914} INFO - Processing file /home/ubuntu/.local/lib/python3.12/site-packages/airflow/example_dags/example_latest_only_with_trigger.py for tasks to queue
[2025-01-28T06:24:44.651+0000] {logging_mixin.py:190} INFO - [2025-01-28T06:24:44.651+0000] {dagbag.py:588} INFO - Filling up the DagBag from /home/ubuntu/.local/lib/python3.12/site-packages/airflow/example_dags/example_latest_only_with_trigger.py
[2025-01-28T06:24:44.666+0000] {processor.py:925} INFO - DAG(s) 'latest_only_with_trigger' retrieved from /home/ubuntu/.local/lib/python3.12/site-packages/airflow/example_dags/example_latest_only_with_trigger.py
[2025-01-28T06:24:44.692+0000] {logging_mixin.py:190} INFO - [2025-01-28T06:24:44.692+0000] {dag.py:3239} INFO - Sync 1 DAGs
[2025-01-28T06:24:44.733+0000] {logging_mixin.py:190} INFO - [2025-01-28T06:24:44.733+0000] {dag.py:4180} INFO - Setting next_dagrun for latest_only_with_trigger to 2025-01-28 00:00:00+00:00, run_after=2025-01-28 04:00:00+00:00
[2025-01-28T06:24:44.766+0000] {processor.py:208} INFO - Processing /home/ubuntu/.local/lib/python3.12/site-packages/airflow/example_dags/example_latest_only_with_trigger.py took 0.130 seconds
[2025-01-28T06:25:38.479+0000] {processor.py:186} INFO - Started process (PID=5019) to work on /home/ubuntu/.local/lib/python3.12/site-packages/airflow/example_dags/example_latest_only_with_trigger.py
[2025-01-28T06:25:38.480+0000] {processor.py:914} INFO - Processing file /home/ubuntu/.local/lib/python3.12/site-packages/airflow/example_dags/example_latest_only_with_trigger.py for tasks to queue
[2025-01-28T06:25:38.482+0000] {logging_mixin.py:190} INFO - [2025-01-28T06:25:38.482+0000] {dagbag.py:588} INFO - Filling up the DagBag from /home/ubuntu/.local/lib/python3.12/site-packages/airflow/example_dags/example_latest_only_with_trigger.py
[2025-01-28T06:25:38.490+0000] {processor.py:925} INFO - DAG(s) 'latest_only_with_trigger' retrieved from /home/ubuntu/.local/lib/python3.12/site-packages/airflow/example_dags/example_latest_only_with_trigger.py
[2025-01-28T06:25:38.505+0000] {logging_mixin.py:190} INFO - [2025-01-28T06:25:38.505+0000] {dag.py:3239} INFO - Sync 1 DAGs
[2025-01-28T06:25:38.524+0000] {logging_mixin.py:190} INFO - [2025-01-28T06:25:38.524+0000] {dag.py:4180} INFO - Setting next_dagrun for latest_only_with_trigger to 2025-01-28 00:00:00+00:00, run_after=2025-01-28 04:00:00+00:00
[2025-01-28T06:25:38.544+0000] {processor.py:208} INFO - Processing /home/ubuntu/.local/lib/python3.12/site-packages/airflow/example_dags/example_latest_only_with_trigger.py took 0.071 seconds
[2025-01-28T06:26:32.568+0000] {processor.py:186} INFO - Started process (PID=5170) to work on /home/ubuntu/.local/lib/python3.12/site-packages/airflow/example_dags/example_latest_only_with_trigger.py
[2025-01-28T06:26:32.571+0000] {processor.py:914} INFO - Processing file /home/ubuntu/.local/lib/python3.12/site-packages/airflow/example_dags/example_latest_only_with_trigger.py for tasks to queue
[2025-01-28T06:26:32.573+0000] {logging_mixin.py:190} INFO - [2025-01-28T06:26:32.572+0000] {dagbag.py:588} INFO - Filling up the DagBag from /home/ubuntu/.local/lib/python3.12/site-packages/airflow/example_dags/example_latest_only_with_trigger.py
[2025-01-28T06:26:32.581+0000] {processor.py:925} INFO - DAG(s) 'latest_only_with_trigger' retrieved from /home/ubuntu/.local/lib/python3.12/site-packages/airflow/example_dags/example_latest_only_with_trigger.py
[2025-01-28T06:26:32.596+0000] {logging_mixin.py:190} INFO - [2025-01-28T06:26:32.596+0000] {dag.py:3239} INFO - Sync 1 DAGs
[2025-01-28T06:26:32.615+0000] {logging_mixin.py:190} INFO - [2025-01-28T06:26:32.614+0000] {dag.py:4180} INFO - Setting next_dagrun for latest_only_with_trigger to 2025-01-28 00:00:00+00:00, run_after=2025-01-28 04:00:00+00:00
[2025-01-28T06:26:32.636+0000] {processor.py:208} INFO - Processing /home/ubuntu/.local/lib/python3.12/site-packages/airflow/example_dags/example_latest_only_with_trigger.py took 0.072 seconds
[2025-01-28T06:27:26.062+0000] {processor.py:186} INFO - Started process (PID=5226) to work on /home/ubuntu/.local/lib/python3.12/site-packages/airflow/example_dags/example_latest_only_with_trigger.py
[2025-01-28T06:27:26.063+0000] {processor.py:914} INFO - Processing file /home/ubuntu/.local/lib/python3.12/site-packages/airflow/example_dags/example_latest_only_with_trigger.py for tasks to queue
[2025-01-28T06:27:26.065+0000] {logging_mixin.py:190} INFO - [2025-01-28T06:27:26.065+0000] {dagbag.py:588} INFO - Filling up the DagBag from /home/ubuntu/.local/lib/python3.12/site-packages/airflow/example_dags/example_latest_only_with_trigger.py
[2025-01-28T06:27:26.073+0000] {processor.py:925} INFO - DAG(s) 'latest_only_with_trigger' retrieved from /home/ubuntu/.local/lib/python3.12/site-packages/airflow/example_dags/example_latest_only_with_trigger.py
[2025-01-28T06:27:26.088+0000] {logging_mixin.py:190} INFO - [2025-01-28T06:27:26.088+0000] {dag.py:3239} INFO - Sync 1 DAGs
[2025-01-28T06:27:26.105+0000] {logging_mixin.py:190} INFO - [2025-01-28T06:27:26.105+0000] {dag.py:4180} INFO - Setting next_dagrun for latest_only_with_trigger to 2025-01-28 00:00:00+00:00, run_after=2025-01-28 04:00:00+00:00
[2025-01-28T06:27:26.130+0000] {processor.py:208} INFO - Processing /home/ubuntu/.local/lib/python3.12/site-packages/airflow/example_dags/example_latest_only_with_trigger.py took 0.075 seconds
[2025-01-28T06:28:17.529+0000] {processor.py:186} INFO - Started process (PID=5330) to work on /home/ubuntu/.local/lib/python3.12/site-packages/airflow/example_dags/example_latest_only_with_trigger.py
[2025-01-28T06:28:17.531+0000] {processor.py:914} INFO - Processing file /home/ubuntu/.local/lib/python3.12/site-packages/airflow/example_dags/example_latest_only_with_trigger.py for tasks to queue
[2025-01-28T06:28:17.533+0000] {logging_mixin.py:190} INFO - [2025-01-28T06:28:17.532+0000] {dagbag.py:588} INFO - Filling up the DagBag from /home/ubuntu/.local/lib/python3.12/site-packages/airflow/example_dags/example_latest_only_with_trigger.py
[2025-01-28T06:28:17.541+0000] {processor.py:925} INFO - DAG(s) 'latest_only_with_trigger' retrieved from /home/ubuntu/.local/lib/python3.12/site-packages/airflow/example_dags/example_latest_only_with_trigger.py
[2025-01-28T06:28:17.556+0000] {logging_mixin.py:190} INFO - [2025-01-28T06:28:17.556+0000] {dag.py:3239} INFO - Sync 1 DAGs
[2025-01-28T06:28:17.574+0000] {logging_mixin.py:190} INFO - [2025-01-28T06:28:17.574+0000] {dag.py:4180} INFO - Setting next_dagrun for latest_only_with_trigger to 2025-01-28 00:00:00+00:00, run_after=2025-01-28 04:00:00+00:00
[2025-01-28T06:28:17.598+0000] {processor.py:208} INFO - Processing /home/ubuntu/.local/lib/python3.12/site-packages/airflow/example_dags/example_latest_only_with_trigger.py took 0.074 seconds
[2025-01-28T06:29:12.423+0000] {processor.py:186} INFO - Started process (PID=5555) to work on /home/ubuntu/.local/lib/python3.12/site-packages/airflow/example_dags/example_latest_only_with_trigger.py
[2025-01-28T06:29:12.426+0000] {processor.py:914} INFO - Processing file /home/ubuntu/.local/lib/python3.12/site-packages/airflow/example_dags/example_latest_only_with_trigger.py for tasks to queue
[2025-01-28T06:29:12.428+0000] {logging_mixin.py:190} INFO - [2025-01-28T06:29:12.428+0000] {dagbag.py:588} INFO - Filling up the DagBag from /home/ubuntu/.local/lib/python3.12/site-packages/airflow/example_dags/example_latest_only_with_trigger.py
[2025-01-28T06:29:12.436+0000] {processor.py:925} INFO - DAG(s) 'latest_only_with_trigger' retrieved from /home/ubuntu/.local/lib/python3.12/site-packages/airflow/example_dags/example_latest_only_with_trigger.py
[2025-01-28T06:29:12.451+0000] {logging_mixin.py:190} INFO - [2025-01-28T06:29:12.451+0000] {dag.py:3239} INFO - Sync 1 DAGs
[2025-01-28T06:29:12.470+0000] {logging_mixin.py:190} INFO - [2025-01-28T06:29:12.469+0000] {dag.py:4180} INFO - Setting next_dagrun for latest_only_with_trigger to 2025-01-28 00:00:00+00:00, run_after=2025-01-28 04:00:00+00:00
[2025-01-28T06:29:12.491+0000] {processor.py:208} INFO - Processing /home/ubuntu/.local/lib/python3.12/site-packages/airflow/example_dags/example_latest_only_with_trigger.py took 0.073 seconds
[2025-01-28T06:30:07.633+0000] {processor.py:186} INFO - Started process (PID=5613) to work on /home/ubuntu/.local/lib/python3.12/site-packages/airflow/example_dags/example_latest_only_with_trigger.py
[2025-01-28T06:30:07.635+0000] {processor.py:914} INFO - Processing file /home/ubuntu/.local/lib/python3.12/site-packages/airflow/example_dags/example_latest_only_with_trigger.py for tasks to queue
[2025-01-28T06:30:07.638+0000] {logging_mixin.py:190} INFO - [2025-01-28T06:30:07.638+0000] {dagbag.py:588} INFO - Filling up the DagBag from /home/ubuntu/.local/lib/python3.12/site-packages/airflow/example_dags/example_latest_only_with_trigger.py
[2025-01-28T06:30:07.646+0000] {processor.py:925} INFO - DAG(s) 'latest_only_with_trigger' retrieved from /home/ubuntu/.local/lib/python3.12/site-packages/airflow/example_dags/example_latest_only_with_trigger.py
[2025-01-28T06:30:07.661+0000] {logging_mixin.py:190} INFO - [2025-01-28T06:30:07.661+0000] {dag.py:3239} INFO - Sync 1 DAGs
[2025-01-28T06:30:07.679+0000] {logging_mixin.py:190} INFO - [2025-01-28T06:30:07.679+0000] {dag.py:4180} INFO - Setting next_dagrun for latest_only_with_trigger to 2025-01-28 00:00:00+00:00, run_after=2025-01-28 04:00:00+00:00
[2025-01-28T06:30:07.704+0000] {processor.py:208} INFO - Processing /home/ubuntu/.local/lib/python3.12/site-packages/airflow/example_dags/example_latest_only_with_trigger.py took 0.076 seconds
[2025-01-28T06:31:01.223+0000] {processor.py:186} INFO - Started process (PID=5721) to work on /home/ubuntu/.local/lib/python3.12/site-packages/airflow/example_dags/example_latest_only_with_trigger.py
[2025-01-28T06:31:01.225+0000] {processor.py:914} INFO - Processing file /home/ubuntu/.local/lib/python3.12/site-packages/airflow/example_dags/example_latest_only_with_trigger.py for tasks to queue
[2025-01-28T06:31:01.228+0000] {logging_mixin.py:190} INFO - [2025-01-28T06:31:01.227+0000] {dagbag.py:588} INFO - Filling up the DagBag from /home/ubuntu/.local/lib/python3.12/site-packages/airflow/example_dags/example_latest_only_with_trigger.py
[2025-01-28T06:31:01.236+0000] {processor.py:925} INFO - DAG(s) 'latest_only_with_trigger' retrieved from /home/ubuntu/.local/lib/python3.12/site-packages/airflow/example_dags/example_latest_only_with_trigger.py
[2025-01-28T06:31:01.251+0000] {logging_mixin.py:190} INFO - [2025-01-28T06:31:01.250+0000] {dag.py:3239} INFO - Sync 1 DAGs
[2025-01-28T06:31:01.270+0000] {logging_mixin.py:190} INFO - [2025-01-28T06:31:01.269+0000] {dag.py:4180} INFO - Setting next_dagrun for latest_only_with_trigger to 2025-01-28 00:00:00+00:00, run_after=2025-01-28 04:00:00+00:00
[2025-01-28T06:31:01.293+0000] {processor.py:208} INFO - Processing /home/ubuntu/.local/lib/python3.12/site-packages/airflow/example_dags/example_latest_only_with_trigger.py took 0.075 seconds
[2025-01-28T06:32:24.138+0000] {processor.py:186} INFO - Started process (PID=5805) to work on /home/ubuntu/.local/lib/python3.12/site-packages/airflow/example_dags/example_latest_only_with_trigger.py
[2025-01-28T06:32:24.139+0000] {processor.py:914} INFO - Processing file /home/ubuntu/.local/lib/python3.12/site-packages/airflow/example_dags/example_latest_only_with_trigger.py for tasks to queue
[2025-01-28T06:32:24.142+0000] {logging_mixin.py:190} INFO - [2025-01-28T06:32:24.142+0000] {dagbag.py:588} INFO - Filling up the DagBag from /home/ubuntu/.local/lib/python3.12/site-packages/airflow/example_dags/example_latest_only_with_trigger.py
[2025-01-28T06:32:24.150+0000] {processor.py:925} INFO - DAG(s) 'latest_only_with_trigger' retrieved from /home/ubuntu/.local/lib/python3.12/site-packages/airflow/example_dags/example_latest_only_with_trigger.py
[2025-01-28T06:32:24.167+0000] {logging_mixin.py:190} INFO - [2025-01-28T06:32:24.167+0000] {dag.py:3239} INFO - Sync 1 DAGs
[2025-01-28T06:32:24.185+0000] {logging_mixin.py:190} INFO - [2025-01-28T06:32:24.185+0000] {dag.py:4180} INFO - Setting next_dagrun for latest_only_with_trigger to 2025-01-28 00:00:00+00:00, run_after=2025-01-28 04:00:00+00:00
[2025-01-28T06:32:24.208+0000] {processor.py:208} INFO - Processing /home/ubuntu/.local/lib/python3.12/site-packages/airflow/example_dags/example_latest_only_with_trigger.py took 0.076 seconds
[2025-01-28T06:33:18.853+0000] {processor.py:186} INFO - Started process (PID=5864) to work on /home/ubuntu/.local/lib/python3.12/site-packages/airflow/example_dags/example_latest_only_with_trigger.py
[2025-01-28T06:33:18.855+0000] {processor.py:914} INFO - Processing file /home/ubuntu/.local/lib/python3.12/site-packages/airflow/example_dags/example_latest_only_with_trigger.py for tasks to queue
[2025-01-28T06:33:18.857+0000] {logging_mixin.py:190} INFO - [2025-01-28T06:33:18.857+0000] {dagbag.py:588} INFO - Filling up the DagBag from /home/ubuntu/.local/lib/python3.12/site-packages/airflow/example_dags/example_latest_only_with_trigger.py
[2025-01-28T06:33:18.865+0000] {processor.py:925} INFO - DAG(s) 'latest_only_with_trigger' retrieved from /home/ubuntu/.local/lib/python3.12/site-packages/airflow/example_dags/example_latest_only_with_trigger.py
[2025-01-28T06:33:18.880+0000] {logging_mixin.py:190} INFO - [2025-01-28T06:33:18.880+0000] {dag.py:3239} INFO - Sync 1 DAGs
[2025-01-28T06:33:18.897+0000] {logging_mixin.py:190} INFO - [2025-01-28T06:33:18.897+0000] {dag.py:4180} INFO - Setting next_dagrun for latest_only_with_trigger to 2025-01-28 00:00:00+00:00, run_after=2025-01-28 04:00:00+00:00
[2025-01-28T06:33:18.921+0000] {processor.py:208} INFO - Processing /home/ubuntu/.local/lib/python3.12/site-packages/airflow/example_dags/example_latest_only_with_trigger.py took 0.073 seconds
[2025-01-28T06:34:19.701+0000] {processor.py:186} INFO - Started process (PID=5927) to work on /home/ubuntu/.local/lib/python3.12/site-packages/airflow/example_dags/example_latest_only_with_trigger.py
[2025-01-28T06:34:19.702+0000] {processor.py:914} INFO - Processing file /home/ubuntu/.local/lib/python3.12/site-packages/airflow/example_dags/example_latest_only_with_trigger.py for tasks to queue
[2025-01-28T06:34:19.704+0000] {logging_mixin.py:190} INFO - [2025-01-28T06:34:19.704+0000] {dagbag.py:588} INFO - Filling up the DagBag from /home/ubuntu/.local/lib/python3.12/site-packages/airflow/example_dags/example_latest_only_with_trigger.py
[2025-01-28T06:34:19.712+0000] {processor.py:925} INFO - DAG(s) 'latest_only_with_trigger' retrieved from /home/ubuntu/.local/lib/python3.12/site-packages/airflow/example_dags/example_latest_only_with_trigger.py
[2025-01-28T06:34:19.729+0000] {logging_mixin.py:190} INFO - [2025-01-28T06:34:19.729+0000] {dag.py:3239} INFO - Sync 1 DAGs
[2025-01-28T06:34:19.746+0000] {logging_mixin.py:190} INFO - [2025-01-28T06:34:19.746+0000] {dag.py:4180} INFO - Setting next_dagrun for latest_only_with_trigger to 2025-01-28 00:00:00+00:00, run_after=2025-01-28 04:00:00+00:00
[2025-01-28T06:34:19.770+0000] {processor.py:208} INFO - Processing /home/ubuntu/.local/lib/python3.12/site-packages/airflow/example_dags/example_latest_only_with_trigger.py took 0.075 seconds
[2025-01-28T06:35:15.534+0000] {processor.py:186} INFO - Started process (PID=5987) to work on /home/ubuntu/.local/lib/python3.12/site-packages/airflow/example_dags/example_latest_only_with_trigger.py
[2025-01-28T06:35:15.535+0000] {processor.py:914} INFO - Processing file /home/ubuntu/.local/lib/python3.12/site-packages/airflow/example_dags/example_latest_only_with_trigger.py for tasks to queue
[2025-01-28T06:35:15.538+0000] {logging_mixin.py:190} INFO - [2025-01-28T06:35:15.537+0000] {dagbag.py:588} INFO - Filling up the DagBag from /home/ubuntu/.local/lib/python3.12/site-packages/airflow/example_dags/example_latest_only_with_trigger.py
[2025-01-28T06:35:15.545+0000] {processor.py:925} INFO - DAG(s) 'latest_only_with_trigger' retrieved from /home/ubuntu/.local/lib/python3.12/site-packages/airflow/example_dags/example_latest_only_with_trigger.py
[2025-01-28T06:35:15.561+0000] {logging_mixin.py:190} INFO - [2025-01-28T06:35:15.561+0000] {dag.py:3239} INFO - Sync 1 DAGs
[2025-01-28T06:35:15.579+0000] {logging_mixin.py:190} INFO - [2025-01-28T06:35:15.579+0000] {dag.py:4180} INFO - Setting next_dagrun for latest_only_with_trigger to 2025-01-28 00:00:00+00:00, run_after=2025-01-28 04:00:00+00:00
[2025-01-28T06:35:15.600+0000] {processor.py:208} INFO - Processing /home/ubuntu/.local/lib/python3.12/site-packages/airflow/example_dags/example_latest_only_with_trigger.py took 0.072 seconds
[2025-01-28T06:36:09.354+0000] {processor.py:186} INFO - Started process (PID=6043) to work on /home/ubuntu/.local/lib/python3.12/site-packages/airflow/example_dags/example_latest_only_with_trigger.py
[2025-01-28T06:36:09.355+0000] {processor.py:914} INFO - Processing file /home/ubuntu/.local/lib/python3.12/site-packages/airflow/example_dags/example_latest_only_with_trigger.py for tasks to queue
[2025-01-28T06:36:09.357+0000] {logging_mixin.py:190} INFO - [2025-01-28T06:36:09.357+0000] {dagbag.py:588} INFO - Filling up the DagBag from /home/ubuntu/.local/lib/python3.12/site-packages/airflow/example_dags/example_latest_only_with_trigger.py
[2025-01-28T06:36:09.365+0000] {processor.py:925} INFO - DAG(s) 'latest_only_with_trigger' retrieved from /home/ubuntu/.local/lib/python3.12/site-packages/airflow/example_dags/example_latest_only_with_trigger.py
[2025-01-28T06:36:09.381+0000] {logging_mixin.py:190} INFO - [2025-01-28T06:36:09.380+0000] {dag.py:3239} INFO - Sync 1 DAGs
[2025-01-28T06:36:09.398+0000] {logging_mixin.py:190} INFO - [2025-01-28T06:36:09.398+0000] {dag.py:4180} INFO - Setting next_dagrun for latest_only_with_trigger to 2025-01-28 00:00:00+00:00, run_after=2025-01-28 04:00:00+00:00
[2025-01-28T06:36:09.421+0000] {processor.py:208} INFO - Processing /home/ubuntu/.local/lib/python3.12/site-packages/airflow/example_dags/example_latest_only_with_trigger.py took 0.072 seconds
[2025-01-28T06:37:00.285+0000] {processor.py:186} INFO - Started process (PID=6096) to work on /home/ubuntu/.local/lib/python3.12/site-packages/airflow/example_dags/example_latest_only_with_trigger.py
[2025-01-28T06:37:00.287+0000] {processor.py:914} INFO - Processing file /home/ubuntu/.local/lib/python3.12/site-packages/airflow/example_dags/example_latest_only_with_trigger.py for tasks to queue
[2025-01-28T06:37:00.290+0000] {logging_mixin.py:190} INFO - [2025-01-28T06:37:00.289+0000] {dagbag.py:588} INFO - Filling up the DagBag from /home/ubuntu/.local/lib/python3.12/site-packages/airflow/example_dags/example_latest_only_with_trigger.py
[2025-01-28T06:37:00.297+0000] {processor.py:925} INFO - DAG(s) 'latest_only_with_trigger' retrieved from /home/ubuntu/.local/lib/python3.12/site-packages/airflow/example_dags/example_latest_only_with_trigger.py
[2025-01-28T06:37:00.313+0000] {logging_mixin.py:190} INFO - [2025-01-28T06:37:00.312+0000] {dag.py:3239} INFO - Sync 1 DAGs
[2025-01-28T06:37:00.330+0000] {logging_mixin.py:190} INFO - [2025-01-28T06:37:00.330+0000] {dag.py:4180} INFO - Setting next_dagrun for latest_only_with_trigger to 2025-01-28 00:00:00+00:00, run_after=2025-01-28 04:00:00+00:00
[2025-01-28T06:37:00.353+0000] {processor.py:208} INFO - Processing /home/ubuntu/.local/lib/python3.12/site-packages/airflow/example_dags/example_latest_only_with_trigger.py took 0.073 seconds
[2025-01-28T06:37:53.518+0000] {processor.py:186} INFO - Started process (PID=6151) to work on /home/ubuntu/.local/lib/python3.12/site-packages/airflow/example_dags/example_latest_only_with_trigger.py
[2025-01-28T06:37:53.520+0000] {processor.py:914} INFO - Processing file /home/ubuntu/.local/lib/python3.12/site-packages/airflow/example_dags/example_latest_only_with_trigger.py for tasks to queue
[2025-01-28T06:37:53.522+0000] {logging_mixin.py:190} INFO - [2025-01-28T06:37:53.521+0000] {dagbag.py:588} INFO - Filling up the DagBag from /home/ubuntu/.local/lib/python3.12/site-packages/airflow/example_dags/example_latest_only_with_trigger.py
[2025-01-28T06:37:53.530+0000] {processor.py:925} INFO - DAG(s) 'latest_only_with_trigger' retrieved from /home/ubuntu/.local/lib/python3.12/site-packages/airflow/example_dags/example_latest_only_with_trigger.py
[2025-01-28T06:37:53.545+0000] {logging_mixin.py:190} INFO - [2025-01-28T06:37:53.544+0000] {dag.py:3239} INFO - Sync 1 DAGs
[2025-01-28T06:37:53.562+0000] {logging_mixin.py:190} INFO - [2025-01-28T06:37:53.562+0000] {dag.py:4180} INFO - Setting next_dagrun for latest_only_with_trigger to 2025-01-28 00:00:00+00:00, run_after=2025-01-28 04:00:00+00:00
[2025-01-28T06:37:53.585+0000] {processor.py:208} INFO - Processing /home/ubuntu/.local/lib/python3.12/site-packages/airflow/example_dags/example_latest_only_with_trigger.py took 0.071 seconds
[2025-01-28T06:38:47.506+0000] {processor.py:186} INFO - Started process (PID=6208) to work on /home/ubuntu/.local/lib/python3.12/site-packages/airflow/example_dags/example_latest_only_with_trigger.py
[2025-01-28T06:38:47.508+0000] {processor.py:914} INFO - Processing file /home/ubuntu/.local/lib/python3.12/site-packages/airflow/example_dags/example_latest_only_with_trigger.py for tasks to queue
[2025-01-28T06:38:47.511+0000] {logging_mixin.py:190} INFO - [2025-01-28T06:38:47.511+0000] {dagbag.py:588} INFO - Filling up the DagBag from /home/ubuntu/.local/lib/python3.12/site-packages/airflow/example_dags/example_latest_only_with_trigger.py
[2025-01-28T06:38:47.518+0000] {processor.py:925} INFO - DAG(s) 'latest_only_with_trigger' retrieved from /home/ubuntu/.local/lib/python3.12/site-packages/airflow/example_dags/example_latest_only_with_trigger.py
[2025-01-28T06:38:47.534+0000] {logging_mixin.py:190} INFO - [2025-01-28T06:38:47.533+0000] {dag.py:3239} INFO - Sync 1 DAGs
[2025-01-28T06:38:47.551+0000] {logging_mixin.py:190} INFO - [2025-01-28T06:38:47.551+0000] {dag.py:4180} INFO - Setting next_dagrun for latest_only_with_trigger to 2025-01-28 00:00:00+00:00, run_after=2025-01-28 04:00:00+00:00
[2025-01-28T06:38:47.710+0000] {processor.py:208} INFO - Processing /home/ubuntu/.local/lib/python3.12/site-packages/airflow/example_dags/example_latest_only_with_trigger.py took 0.209 seconds
[2025-01-28T06:39:44.139+0000] {processor.py:186} INFO - Started process (PID=6264) to work on /home/ubuntu/.local/lib/python3.12/site-packages/airflow/example_dags/example_latest_only_with_trigger.py
[2025-01-28T06:39:44.140+0000] {processor.py:914} INFO - Processing file /home/ubuntu/.local/lib/python3.12/site-packages/airflow/example_dags/example_latest_only_with_trigger.py for tasks to queue
[2025-01-28T06:39:44.143+0000] {logging_mixin.py:190} INFO - [2025-01-28T06:39:44.143+0000] {dagbag.py:588} INFO - Filling up the DagBag from /home/ubuntu/.local/lib/python3.12/site-packages/airflow/example_dags/example_latest_only_with_trigger.py
[2025-01-28T06:39:44.151+0000] {processor.py:925} INFO - DAG(s) 'latest_only_with_trigger' retrieved from /home/ubuntu/.local/lib/python3.12/site-packages/airflow/example_dags/example_latest_only_with_trigger.py
[2025-01-28T06:39:44.165+0000] {logging_mixin.py:190} INFO - [2025-01-28T06:39:44.165+0000] {dag.py:3239} INFO - Sync 1 DAGs
[2025-01-28T06:39:44.182+0000] {logging_mixin.py:190} INFO - [2025-01-28T06:39:44.182+0000] {dag.py:4180} INFO - Setting next_dagrun for latest_only_with_trigger to 2025-01-28 00:00:00+00:00, run_after=2025-01-28 04:00:00+00:00
[2025-01-28T06:39:44.204+0000] {processor.py:208} INFO - Processing /home/ubuntu/.local/lib/python3.12/site-packages/airflow/example_dags/example_latest_only_with_trigger.py took 0.070 seconds
[2025-01-28T06:40:40.093+0000] {processor.py:186} INFO - Started process (PID=6326) to work on /home/ubuntu/.local/lib/python3.12/site-packages/airflow/example_dags/example_latest_only_with_trigger.py
[2025-01-28T06:40:40.095+0000] {processor.py:914} INFO - Processing file /home/ubuntu/.local/lib/python3.12/site-packages/airflow/example_dags/example_latest_only_with_trigger.py for tasks to queue
[2025-01-28T06:40:40.097+0000] {logging_mixin.py:190} INFO - [2025-01-28T06:40:40.097+0000] {dagbag.py:588} INFO - Filling up the DagBag from /home/ubuntu/.local/lib/python3.12/site-packages/airflow/example_dags/example_latest_only_with_trigger.py
[2025-01-28T06:40:40.106+0000] {processor.py:925} INFO - DAG(s) 'latest_only_with_trigger' retrieved from /home/ubuntu/.local/lib/python3.12/site-packages/airflow/example_dags/example_latest_only_with_trigger.py
[2025-01-28T06:40:40.120+0000] {logging_mixin.py:190} INFO - [2025-01-28T06:40:40.120+0000] {dag.py:3239} INFO - Sync 1 DAGs
[2025-01-28T06:40:40.138+0000] {logging_mixin.py:190} INFO - [2025-01-28T06:40:40.137+0000] {dag.py:4180} INFO - Setting next_dagrun for latest_only_with_trigger to 2025-01-28 00:00:00+00:00, run_after=2025-01-28 04:00:00+00:00
[2025-01-28T06:40:40.160+0000] {processor.py:208} INFO - Processing /home/ubuntu/.local/lib/python3.12/site-packages/airflow/example_dags/example_latest_only_with_trigger.py took 0.072 seconds
[2025-01-28T06:41:42.648+0000] {processor.py:186} INFO - Started process (PID=6504) to work on /home/ubuntu/.local/lib/python3.12/site-packages/airflow/example_dags/example_latest_only_with_trigger.py
[2025-01-28T06:41:42.650+0000] {processor.py:914} INFO - Processing file /home/ubuntu/.local/lib/python3.12/site-packages/airflow/example_dags/example_latest_only_with_trigger.py for tasks to queue
[2025-01-28T06:41:42.652+0000] {logging_mixin.py:190} INFO - [2025-01-28T06:41:42.652+0000] {dagbag.py:588} INFO - Filling up the DagBag from /home/ubuntu/.local/lib/python3.12/site-packages/airflow/example_dags/example_latest_only_with_trigger.py
[2025-01-28T06:41:42.660+0000] {processor.py:925} INFO - DAG(s) 'latest_only_with_trigger' retrieved from /home/ubuntu/.local/lib/python3.12/site-packages/airflow/example_dags/example_latest_only_with_trigger.py
[2025-01-28T06:41:42.675+0000] {logging_mixin.py:190} INFO - [2025-01-28T06:41:42.675+0000] {dag.py:3239} INFO - Sync 1 DAGs
[2025-01-28T06:41:42.692+0000] {logging_mixin.py:190} INFO - [2025-01-28T06:41:42.692+0000] {dag.py:4180} INFO - Setting next_dagrun for latest_only_with_trigger to 2025-01-28 00:00:00+00:00, run_after=2025-01-28 04:00:00+00:00
[2025-01-28T06:41:42.715+0000] {processor.py:208} INFO - Processing /home/ubuntu/.local/lib/python3.12/site-packages/airflow/example_dags/example_latest_only_with_trigger.py took 0.072 seconds
[2025-01-28T06:42:40.928+0000] {processor.py:186} INFO - Started process (PID=6578) to work on /home/ubuntu/.local/lib/python3.12/site-packages/airflow/example_dags/example_latest_only_with_trigger.py
[2025-01-28T06:42:40.929+0000] {processor.py:914} INFO - Processing file /home/ubuntu/.local/lib/python3.12/site-packages/airflow/example_dags/example_latest_only_with_trigger.py for tasks to queue
[2025-01-28T06:42:40.931+0000] {logging_mixin.py:190} INFO - [2025-01-28T06:42:40.931+0000] {dagbag.py:588} INFO - Filling up the DagBag from /home/ubuntu/.local/lib/python3.12/site-packages/airflow/example_dags/example_latest_only_with_trigger.py
[2025-01-28T06:42:40.940+0000] {processor.py:925} INFO - DAG(s) 'latest_only_with_trigger' retrieved from /home/ubuntu/.local/lib/python3.12/site-packages/airflow/example_dags/example_latest_only_with_trigger.py
[2025-01-28T06:42:40.955+0000] {logging_mixin.py:190} INFO - [2025-01-28T06:42:40.955+0000] {dag.py:3239} INFO - Sync 1 DAGs
[2025-01-28T06:42:40.973+0000] {logging_mixin.py:190} INFO - [2025-01-28T06:42:40.973+0000] {dag.py:4180} INFO - Setting next_dagrun for latest_only_with_trigger to 2025-01-28 00:00:00+00:00, run_after=2025-01-28 04:00:00+00:00
[2025-01-28T06:42:40.995+0000] {processor.py:208} INFO - Processing /home/ubuntu/.local/lib/python3.12/site-packages/airflow/example_dags/example_latest_only_with_trigger.py took 0.072 seconds
[2025-01-28T06:43:39.665+0000] {processor.py:186} INFO - Started process (PID=6634) to work on /home/ubuntu/.local/lib/python3.12/site-packages/airflow/example_dags/example_latest_only_with_trigger.py
[2025-01-28T06:43:39.666+0000] {processor.py:914} INFO - Processing file /home/ubuntu/.local/lib/python3.12/site-packages/airflow/example_dags/example_latest_only_with_trigger.py for tasks to queue
[2025-01-28T06:43:39.669+0000] {logging_mixin.py:190} INFO - [2025-01-28T06:43:39.668+0000] {dagbag.py:588} INFO - Filling up the DagBag from /home/ubuntu/.local/lib/python3.12/site-packages/airflow/example_dags/example_latest_only_with_trigger.py
[2025-01-28T06:43:39.676+0000] {processor.py:925} INFO - DAG(s) 'latest_only_with_trigger' retrieved from /home/ubuntu/.local/lib/python3.12/site-packages/airflow/example_dags/example_latest_only_with_trigger.py
[2025-01-28T06:43:39.692+0000] {logging_mixin.py:190} INFO - [2025-01-28T06:43:39.691+0000] {dag.py:3239} INFO - Sync 1 DAGs
[2025-01-28T06:43:39.840+0000] {logging_mixin.py:190} INFO - [2025-01-28T06:43:39.840+0000] {dag.py:4180} INFO - Setting next_dagrun for latest_only_with_trigger to 2025-01-28 00:00:00+00:00, run_after=2025-01-28 04:00:00+00:00
[2025-01-28T06:43:39.860+0000] {processor.py:208} INFO - Processing /home/ubuntu/.local/lib/python3.12/site-packages/airflow/example_dags/example_latest_only_with_trigger.py took 0.202 seconds
[2025-01-28T06:44:48.453+0000] {processor.py:186} INFO - Started process (PID=6699) to work on /home/ubuntu/.local/lib/python3.12/site-packages/airflow/example_dags/example_latest_only_with_trigger.py
[2025-01-28T06:44:48.454+0000] {processor.py:914} INFO - Processing file /home/ubuntu/.local/lib/python3.12/site-packages/airflow/example_dags/example_latest_only_with_trigger.py for tasks to queue
[2025-01-28T06:44:48.457+0000] {logging_mixin.py:190} INFO - [2025-01-28T06:44:48.457+0000] {dagbag.py:588} INFO - Filling up the DagBag from /home/ubuntu/.local/lib/python3.12/site-packages/airflow/example_dags/example_latest_only_with_trigger.py
[2025-01-28T06:44:48.465+0000] {processor.py:925} INFO - DAG(s) 'latest_only_with_trigger' retrieved from /home/ubuntu/.local/lib/python3.12/site-packages/airflow/example_dags/example_latest_only_with_trigger.py
[2025-01-28T06:44:48.480+0000] {logging_mixin.py:190} INFO - [2025-01-28T06:44:48.480+0000] {dag.py:3239} INFO - Sync 1 DAGs
[2025-01-28T06:44:48.630+0000] {logging_mixin.py:190} INFO - [2025-01-28T06:44:48.630+0000] {dag.py:4180} INFO - Setting next_dagrun for latest_only_with_trigger to 2025-01-28 00:00:00+00:00, run_after=2025-01-28 04:00:00+00:00
[2025-01-28T06:44:48.657+0000] {processor.py:208} INFO - Processing /home/ubuntu/.local/lib/python3.12/site-packages/airflow/example_dags/example_latest_only_with_trigger.py took 0.209 seconds
[2025-01-28T06:45:46.747+0000] {processor.py:186} INFO - Started process (PID=6838) to work on /home/ubuntu/.local/lib/python3.12/site-packages/airflow/example_dags/example_latest_only_with_trigger.py
[2025-01-28T06:45:46.748+0000] {processor.py:914} INFO - Processing file /home/ubuntu/.local/lib/python3.12/site-packages/airflow/example_dags/example_latest_only_with_trigger.py for tasks to queue
[2025-01-28T06:45:46.751+0000] {logging_mixin.py:190} INFO - [2025-01-28T06:45:46.750+0000] {dagbag.py:588} INFO - Filling up the DagBag from /home/ubuntu/.local/lib/python3.12/site-packages/airflow/example_dags/example_latest_only_with_trigger.py
[2025-01-28T06:45:46.758+0000] {processor.py:925} INFO - DAG(s) 'latest_only_with_trigger' retrieved from /home/ubuntu/.local/lib/python3.12/site-packages/airflow/example_dags/example_latest_only_with_trigger.py
[2025-01-28T06:45:46.774+0000] {logging_mixin.py:190} INFO - [2025-01-28T06:45:46.774+0000] {dag.py:3239} INFO - Sync 1 DAGs
[2025-01-28T06:45:46.793+0000] {logging_mixin.py:190} INFO - [2025-01-28T06:45:46.793+0000] {dag.py:4180} INFO - Setting next_dagrun for latest_only_with_trigger to 2025-01-28 00:00:00+00:00, run_after=2025-01-28 04:00:00+00:00
[2025-01-28T06:45:46.816+0000] {processor.py:208} INFO - Processing /home/ubuntu/.local/lib/python3.12/site-packages/airflow/example_dags/example_latest_only_with_trigger.py took 0.075 seconds
[2025-01-28T06:46:37.324+0000] {processor.py:186} INFO - Started process (PID=6979) to work on /home/ubuntu/.local/lib/python3.12/site-packages/airflow/example_dags/example_latest_only_with_trigger.py
[2025-01-28T06:46:37.326+0000] {processor.py:914} INFO - Processing file /home/ubuntu/.local/lib/python3.12/site-packages/airflow/example_dags/example_latest_only_with_trigger.py for tasks to queue
[2025-01-28T06:46:37.329+0000] {logging_mixin.py:190} INFO - [2025-01-28T06:46:37.329+0000] {dagbag.py:588} INFO - Filling up the DagBag from /home/ubuntu/.local/lib/python3.12/site-packages/airflow/example_dags/example_latest_only_with_trigger.py
[2025-01-28T06:46:37.336+0000] {processor.py:925} INFO - DAG(s) 'latest_only_with_trigger' retrieved from /home/ubuntu/.local/lib/python3.12/site-packages/airflow/example_dags/example_latest_only_with_trigger.py
[2025-01-28T06:46:37.353+0000] {logging_mixin.py:190} INFO - [2025-01-28T06:46:37.353+0000] {dag.py:3239} INFO - Sync 1 DAGs
[2025-01-28T06:46:37.370+0000] {logging_mixin.py:190} INFO - [2025-01-28T06:46:37.370+0000] {dag.py:4180} INFO - Setting next_dagrun for latest_only_with_trigger to 2025-01-28 00:00:00+00:00, run_after=2025-01-28 04:00:00+00:00
[2025-01-28T06:46:37.392+0000] {processor.py:208} INFO - Processing /home/ubuntu/.local/lib/python3.12/site-packages/airflow/example_dags/example_latest_only_with_trigger.py took 0.073 seconds
