[2025-01-28T03:40:04.692+0000] {processor.py:186} INFO - Started process (PID=9658) to work on /home/ubuntu/airflow-venv/lib/python3.12/site-packages/airflow/example_dags/example_dynamic_task_mapping.py
[2025-01-28T03:40:04.692+0000] {processor.py:914} INFO - Processing file /home/ubuntu/airflow-venv/lib/python3.12/site-packages/airflow/example_dags/example_dynamic_task_mapping.py for tasks to queue
[2025-01-28T03:40:04.694+0000] {logging_mixin.py:190} INFO - [2025-01-28T03:40:04.694+0000] {dagbag.py:588} INFO - Filling up the DagBag from /home/ubuntu/airflow-venv/lib/python3.12/site-packages/airflow/example_dags/example_dynamic_task_mapping.py
[2025-01-28T03:40:04.703+0000] {processor.py:925} INFO - DAG(s) 'example_dynamic_task_mapping' retrieved from /home/ubuntu/airflow-venv/lib/python3.12/site-packages/airflow/example_dags/example_dynamic_task_mapping.py
[2025-01-28T03:40:04.822+0000] {logging_mixin.py:190} INFO - [2025-01-28T03:40:04.821+0000] {override.py:1912} INFO - Created Permission View: can read on DAG:example_dynamic_task_mapping
[2025-01-28T03:40:04.835+0000] {logging_mixin.py:190} INFO - [2025-01-28T03:40:04.834+0000] {override.py:1912} INFO - Created Permission View: can delete on DAG:example_dynamic_task_mapping
[2025-01-28T03:40:04.845+0000] {logging_mixin.py:190} INFO - [2025-01-28T03:40:04.845+0000] {override.py:1912} INFO - Created Permission View: can edit on DAG:example_dynamic_task_mapping
[2025-01-28T03:40:04.863+0000] {logging_mixin.py:190} INFO - [2025-01-28T03:40:04.862+0000] {override.py:1912} INFO - Created Permission View: menu access on DAG Run:example_dynamic_task_mapping
[2025-01-28T03:40:04.873+0000] {logging_mixin.py:190} INFO - [2025-01-28T03:40:04.873+0000] {override.py:1912} INFO - Created Permission View: can read on DAG Run:example_dynamic_task_mapping
[2025-01-28T03:40:04.884+0000] {logging_mixin.py:190} INFO - [2025-01-28T03:40:04.883+0000] {override.py:1912} INFO - Created Permission View: can delete on DAG Run:example_dynamic_task_mapping
[2025-01-28T03:40:04.896+0000] {logging_mixin.py:190} INFO - [2025-01-28T03:40:04.895+0000] {override.py:1912} INFO - Created Permission View: can create on DAG Run:example_dynamic_task_mapping
[2025-01-28T03:40:04.896+0000] {logging_mixin.py:190} INFO - [2025-01-28T03:40:04.896+0000] {dag.py:3239} INFO - Sync 1 DAGs
[2025-01-28T03:40:04.908+0000] {logging_mixin.py:190} INFO - [2025-01-28T03:40:04.908+0000] {dag.py:3262} INFO - Creating ORM DAG for example_dynamic_task_mapping
[2025-01-28T03:40:04.908+0000] {logging_mixin.py:190} INFO - [2025-01-28T03:40:04.908+0000] {dag.py:4180} INFO - Setting next_dagrun for example_dynamic_task_mapping to None, run_after=None
[2025-01-28T03:40:04.930+0000] {processor.py:208} INFO - Processing /home/ubuntu/airflow-venv/lib/python3.12/site-packages/airflow/example_dags/example_dynamic_task_mapping.py took 0.244 seconds
[2025-01-28T03:41:06.992+0000] {processor.py:186} INFO - Started process (PID=9721) to work on /home/ubuntu/airflow-venv/lib/python3.12/site-packages/airflow/example_dags/example_dynamic_task_mapping.py
[2025-01-28T03:41:07.059+0000] {processor.py:914} INFO - Processing file /home/ubuntu/airflow-venv/lib/python3.12/site-packages/airflow/example_dags/example_dynamic_task_mapping.py for tasks to queue
[2025-01-28T03:41:07.062+0000] {logging_mixin.py:190} INFO - [2025-01-28T03:41:07.062+0000] {dagbag.py:588} INFO - Filling up the DagBag from /home/ubuntu/airflow-venv/lib/python3.12/site-packages/airflow/example_dags/example_dynamic_task_mapping.py
[2025-01-28T03:41:07.071+0000] {processor.py:925} INFO - DAG(s) 'example_dynamic_task_mapping' retrieved from /home/ubuntu/airflow-venv/lib/python3.12/site-packages/airflow/example_dags/example_dynamic_task_mapping.py
[2025-01-28T03:41:07.085+0000] {logging_mixin.py:190} INFO - [2025-01-28T03:41:07.084+0000] {dag.py:3239} INFO - Sync 1 DAGs
[2025-01-28T03:41:07.095+0000] {logging_mixin.py:190} INFO - [2025-01-28T03:41:07.095+0000] {dag.py:4180} INFO - Setting next_dagrun for example_dynamic_task_mapping to None, run_after=None
[2025-01-28T03:41:07.117+0000] {processor.py:208} INFO - Processing /home/ubuntu/airflow-venv/lib/python3.12/site-packages/airflow/example_dags/example_dynamic_task_mapping.py took 0.131 seconds
[2025-01-28T03:43:41.472+0000] {processor.py:186} INFO - Started process (PID=9820) to work on /home/ubuntu/airflow-venv/lib/python3.12/site-packages/airflow/example_dags/example_dynamic_task_mapping.py
[2025-01-28T03:43:41.473+0000] {processor.py:914} INFO - Processing file /home/ubuntu/airflow-venv/lib/python3.12/site-packages/airflow/example_dags/example_dynamic_task_mapping.py for tasks to queue
[2025-01-28T03:43:41.476+0000] {logging_mixin.py:190} INFO - [2025-01-28T03:43:41.474+0000] {dagbag.py:588} INFO - Filling up the DagBag from /home/ubuntu/airflow-venv/lib/python3.12/site-packages/airflow/example_dags/example_dynamic_task_mapping.py
[2025-01-28T03:43:41.484+0000] {processor.py:925} INFO - DAG(s) 'example_dynamic_task_mapping' retrieved from /home/ubuntu/airflow-venv/lib/python3.12/site-packages/airflow/example_dags/example_dynamic_task_mapping.py
[2025-01-28T03:43:41.501+0000] {logging_mixin.py:190} INFO - [2025-01-28T03:43:41.501+0000] {dag.py:3239} INFO - Sync 1 DAGs
[2025-01-28T03:43:41.512+0000] {logging_mixin.py:190} INFO - [2025-01-28T03:43:41.512+0000] {dag.py:4180} INFO - Setting next_dagrun for example_dynamic_task_mapping to None, run_after=None
[2025-01-28T03:43:41.534+0000] {processor.py:208} INFO - Processing /home/ubuntu/airflow-venv/lib/python3.12/site-packages/airflow/example_dags/example_dynamic_task_mapping.py took 0.068 seconds
[2025-01-28T03:44:37.287+0000] {processor.py:186} INFO - Started process (PID=9878) to work on /home/ubuntu/airflow-venv/lib/python3.12/site-packages/airflow/example_dags/example_dynamic_task_mapping.py
[2025-01-28T03:44:37.289+0000] {processor.py:914} INFO - Processing file /home/ubuntu/airflow-venv/lib/python3.12/site-packages/airflow/example_dags/example_dynamic_task_mapping.py for tasks to queue
[2025-01-28T03:44:37.292+0000] {logging_mixin.py:190} INFO - [2025-01-28T03:44:37.292+0000] {dagbag.py:588} INFO - Filling up the DagBag from /home/ubuntu/airflow-venv/lib/python3.12/site-packages/airflow/example_dags/example_dynamic_task_mapping.py
[2025-01-28T03:44:37.300+0000] {processor.py:925} INFO - DAG(s) 'example_dynamic_task_mapping' retrieved from /home/ubuntu/airflow-venv/lib/python3.12/site-packages/airflow/example_dags/example_dynamic_task_mapping.py
[2025-01-28T03:44:37.314+0000] {logging_mixin.py:190} INFO - [2025-01-28T03:44:37.314+0000] {dag.py:3239} INFO - Sync 1 DAGs
[2025-01-28T03:44:37.326+0000] {logging_mixin.py:190} INFO - [2025-01-28T03:44:37.326+0000] {dag.py:4180} INFO - Setting next_dagrun for example_dynamic_task_mapping to None, run_after=None
[2025-01-28T03:44:37.349+0000] {processor.py:208} INFO - Processing /home/ubuntu/airflow-venv/lib/python3.12/site-packages/airflow/example_dags/example_dynamic_task_mapping.py took 0.073 seconds
[2025-01-28T03:45:34.038+0000] {processor.py:186} INFO - Started process (PID=9940) to work on /home/ubuntu/airflow-venv/lib/python3.12/site-packages/airflow/example_dags/example_dynamic_task_mapping.py
[2025-01-28T03:45:34.039+0000] {processor.py:914} INFO - Processing file /home/ubuntu/airflow-venv/lib/python3.12/site-packages/airflow/example_dags/example_dynamic_task_mapping.py for tasks to queue
[2025-01-28T03:45:34.042+0000] {logging_mixin.py:190} INFO - [2025-01-28T03:45:34.041+0000] {dagbag.py:588} INFO - Filling up the DagBag from /home/ubuntu/airflow-venv/lib/python3.12/site-packages/airflow/example_dags/example_dynamic_task_mapping.py
[2025-01-28T03:45:34.050+0000] {processor.py:925} INFO - DAG(s) 'example_dynamic_task_mapping' retrieved from /home/ubuntu/airflow-venv/lib/python3.12/site-packages/airflow/example_dags/example_dynamic_task_mapping.py
[2025-01-28T03:45:34.064+0000] {logging_mixin.py:190} INFO - [2025-01-28T03:45:34.064+0000] {dag.py:3239} INFO - Sync 1 DAGs
[2025-01-28T03:45:34.076+0000] {logging_mixin.py:190} INFO - [2025-01-28T03:45:34.076+0000] {dag.py:4180} INFO - Setting next_dagrun for example_dynamic_task_mapping to None, run_after=None
[2025-01-28T03:45:34.097+0000] {processor.py:208} INFO - Processing /home/ubuntu/airflow-venv/lib/python3.12/site-packages/airflow/example_dags/example_dynamic_task_mapping.py took 0.064 seconds
[2025-01-28T03:46:26.035+0000] {processor.py:186} INFO - Started process (PID=9994) to work on /home/ubuntu/airflow-venv/lib/python3.12/site-packages/airflow/example_dags/example_dynamic_task_mapping.py
[2025-01-28T03:46:26.088+0000] {processor.py:914} INFO - Processing file /home/ubuntu/airflow-venv/lib/python3.12/site-packages/airflow/example_dags/example_dynamic_task_mapping.py for tasks to queue
[2025-01-28T03:46:26.090+0000] {logging_mixin.py:190} INFO - [2025-01-28T03:46:26.090+0000] {dagbag.py:588} INFO - Filling up the DagBag from /home/ubuntu/airflow-venv/lib/python3.12/site-packages/airflow/example_dags/example_dynamic_task_mapping.py
[2025-01-28T03:46:26.099+0000] {processor.py:925} INFO - DAG(s) 'example_dynamic_task_mapping' retrieved from /home/ubuntu/airflow-venv/lib/python3.12/site-packages/airflow/example_dags/example_dynamic_task_mapping.py
[2025-01-28T03:46:26.115+0000] {logging_mixin.py:190} INFO - [2025-01-28T03:46:26.114+0000] {dag.py:3239} INFO - Sync 1 DAGs
[2025-01-28T03:46:26.126+0000] {logging_mixin.py:190} INFO - [2025-01-28T03:46:26.126+0000] {dag.py:4180} INFO - Setting next_dagrun for example_dynamic_task_mapping to None, run_after=None
[2025-01-28T03:46:26.148+0000] {processor.py:208} INFO - Processing /home/ubuntu/airflow-venv/lib/python3.12/site-packages/airflow/example_dags/example_dynamic_task_mapping.py took 0.118 seconds
[2025-01-28T03:47:19.154+0000] {processor.py:186} INFO - Started process (PID=10048) to work on /home/ubuntu/airflow-venv/lib/python3.12/site-packages/airflow/example_dags/example_dynamic_task_mapping.py
[2025-01-28T03:47:19.155+0000] {processor.py:914} INFO - Processing file /home/ubuntu/airflow-venv/lib/python3.12/site-packages/airflow/example_dags/example_dynamic_task_mapping.py for tasks to queue
[2025-01-28T03:47:19.157+0000] {logging_mixin.py:190} INFO - [2025-01-28T03:47:19.156+0000] {dagbag.py:588} INFO - Filling up the DagBag from /home/ubuntu/airflow-venv/lib/python3.12/site-packages/airflow/example_dags/example_dynamic_task_mapping.py
[2025-01-28T03:47:19.174+0000] {processor.py:925} INFO - DAG(s) 'example_dynamic_task_mapping' retrieved from /home/ubuntu/airflow-venv/lib/python3.12/site-packages/airflow/example_dags/example_dynamic_task_mapping.py
[2025-01-28T03:47:19.201+0000] {logging_mixin.py:190} INFO - [2025-01-28T03:47:19.201+0000] {dag.py:3239} INFO - Sync 1 DAGs
[2025-01-28T03:47:19.212+0000] {logging_mixin.py:190} INFO - [2025-01-28T03:47:19.212+0000] {dag.py:4180} INFO - Setting next_dagrun for example_dynamic_task_mapping to None, run_after=None
[2025-01-28T03:47:19.235+0000] {processor.py:208} INFO - Processing /home/ubuntu/airflow-venv/lib/python3.12/site-packages/airflow/example_dags/example_dynamic_task_mapping.py took 0.087 seconds
[2025-01-28T03:48:07.353+0000] {processor.py:186} INFO - Started process (PID=10100) to work on /home/ubuntu/airflow-venv/lib/python3.12/site-packages/airflow/example_dags/example_dynamic_task_mapping.py
[2025-01-28T03:48:07.355+0000] {processor.py:914} INFO - Processing file /home/ubuntu/airflow-venv/lib/python3.12/site-packages/airflow/example_dags/example_dynamic_task_mapping.py for tasks to queue
[2025-01-28T03:48:07.356+0000] {logging_mixin.py:190} INFO - [2025-01-28T03:48:07.356+0000] {dagbag.py:588} INFO - Filling up the DagBag from /home/ubuntu/airflow-venv/lib/python3.12/site-packages/airflow/example_dags/example_dynamic_task_mapping.py
[2025-01-28T03:48:07.365+0000] {processor.py:925} INFO - DAG(s) 'example_dynamic_task_mapping' retrieved from /home/ubuntu/airflow-venv/lib/python3.12/site-packages/airflow/example_dags/example_dynamic_task_mapping.py
[2025-01-28T03:48:07.380+0000] {logging_mixin.py:190} INFO - [2025-01-28T03:48:07.380+0000] {dag.py:3239} INFO - Sync 1 DAGs
[2025-01-28T03:48:07.391+0000] {logging_mixin.py:190} INFO - [2025-01-28T03:48:07.391+0000] {dag.py:4180} INFO - Setting next_dagrun for example_dynamic_task_mapping to None, run_after=None
[2025-01-28T03:48:07.413+0000] {processor.py:208} INFO - Processing /home/ubuntu/airflow-venv/lib/python3.12/site-packages/airflow/example_dags/example_dynamic_task_mapping.py took 0.065 seconds
[2025-01-28T03:49:02.183+0000] {processor.py:186} INFO - Started process (PID=10155) to work on /home/ubuntu/airflow-venv/lib/python3.12/site-packages/airflow/example_dags/example_dynamic_task_mapping.py
[2025-01-28T03:49:02.184+0000] {processor.py:914} INFO - Processing file /home/ubuntu/airflow-venv/lib/python3.12/site-packages/airflow/example_dags/example_dynamic_task_mapping.py for tasks to queue
[2025-01-28T03:49:02.186+0000] {logging_mixin.py:190} INFO - [2025-01-28T03:49:02.186+0000] {dagbag.py:588} INFO - Filling up the DagBag from /home/ubuntu/airflow-venv/lib/python3.12/site-packages/airflow/example_dags/example_dynamic_task_mapping.py
[2025-01-28T03:49:02.195+0000] {processor.py:925} INFO - DAG(s) 'example_dynamic_task_mapping' retrieved from /home/ubuntu/airflow-venv/lib/python3.12/site-packages/airflow/example_dags/example_dynamic_task_mapping.py
[2025-01-28T03:49:02.210+0000] {logging_mixin.py:190} INFO - [2025-01-28T03:49:02.210+0000] {dag.py:3239} INFO - Sync 1 DAGs
[2025-01-28T03:49:02.222+0000] {logging_mixin.py:190} INFO - [2025-01-28T03:49:02.222+0000] {dag.py:4180} INFO - Setting next_dagrun for example_dynamic_task_mapping to None, run_after=None
[2025-01-28T03:49:02.243+0000] {processor.py:208} INFO - Processing /home/ubuntu/airflow-venv/lib/python3.12/site-packages/airflow/example_dags/example_dynamic_task_mapping.py took 0.065 seconds
[2025-01-28T05:55:36.050+0000] {processor.py:186} INFO - Started process (PID=1927) to work on /home/ubuntu/.local/lib/python3.12/site-packages/airflow/example_dags/example_dynamic_task_mapping.py
[2025-01-28T05:55:36.052+0000] {processor.py:914} INFO - Processing file /home/ubuntu/.local/lib/python3.12/site-packages/airflow/example_dags/example_dynamic_task_mapping.py for tasks to queue
[2025-01-28T05:55:36.054+0000] {logging_mixin.py:190} INFO - [2025-01-28T05:55:36.054+0000] {dagbag.py:588} INFO - Filling up the DagBag from /home/ubuntu/.local/lib/python3.12/site-packages/airflow/example_dags/example_dynamic_task_mapping.py
[2025-01-28T05:55:36.063+0000] {processor.py:925} INFO - DAG(s) 'example_dynamic_task_mapping' retrieved from /home/ubuntu/.local/lib/python3.12/site-packages/airflow/example_dags/example_dynamic_task_mapping.py
[2025-01-28T05:55:36.158+0000] {logging_mixin.py:190} INFO - [2025-01-28T05:55:36.158+0000] {dag.py:3239} INFO - Sync 1 DAGs
[2025-01-28T05:55:36.169+0000] {logging_mixin.py:190} INFO - [2025-01-28T05:55:36.169+0000] {dag.py:4180} INFO - Setting next_dagrun for example_dynamic_task_mapping to None, run_after=None
[2025-01-28T05:55:36.196+0000] {processor.py:208} INFO - Processing /home/ubuntu/.local/lib/python3.12/site-packages/airflow/example_dags/example_dynamic_task_mapping.py took 0.151 seconds
[2025-01-28T05:56:34.823+0000] {processor.py:186} INFO - Started process (PID=1998) to work on /home/ubuntu/.local/lib/python3.12/site-packages/airflow/example_dags/example_dynamic_task_mapping.py
[2025-01-28T05:56:34.824+0000] {processor.py:914} INFO - Processing file /home/ubuntu/.local/lib/python3.12/site-packages/airflow/example_dags/example_dynamic_task_mapping.py for tasks to queue
[2025-01-28T05:56:34.827+0000] {logging_mixin.py:190} INFO - [2025-01-28T05:56:34.827+0000] {dagbag.py:588} INFO - Filling up the DagBag from /home/ubuntu/.local/lib/python3.12/site-packages/airflow/example_dags/example_dynamic_task_mapping.py
[2025-01-28T05:56:34.834+0000] {processor.py:925} INFO - DAG(s) 'example_dynamic_task_mapping' retrieved from /home/ubuntu/.local/lib/python3.12/site-packages/airflow/example_dags/example_dynamic_task_mapping.py
[2025-01-28T05:56:34.850+0000] {logging_mixin.py:190} INFO - [2025-01-28T05:56:34.849+0000] {dag.py:3239} INFO - Sync 1 DAGs
[2025-01-28T05:56:34.861+0000] {logging_mixin.py:190} INFO - [2025-01-28T05:56:34.861+0000] {dag.py:4180} INFO - Setting next_dagrun for example_dynamic_task_mapping to None, run_after=None
[2025-01-28T05:56:34.884+0000] {processor.py:208} INFO - Processing /home/ubuntu/.local/lib/python3.12/site-packages/airflow/example_dags/example_dynamic_task_mapping.py took 0.066 seconds
[2025-01-28T05:57:31.675+0000] {processor.py:186} INFO - Started process (PID=2078) to work on /home/ubuntu/.local/lib/python3.12/site-packages/airflow/example_dags/example_dynamic_task_mapping.py
[2025-01-28T05:57:31.676+0000] {processor.py:914} INFO - Processing file /home/ubuntu/.local/lib/python3.12/site-packages/airflow/example_dags/example_dynamic_task_mapping.py for tasks to queue
[2025-01-28T05:57:31.679+0000] {logging_mixin.py:190} INFO - [2025-01-28T05:57:31.679+0000] {dagbag.py:588} INFO - Filling up the DagBag from /home/ubuntu/.local/lib/python3.12/site-packages/airflow/example_dags/example_dynamic_task_mapping.py
[2025-01-28T05:57:31.687+0000] {processor.py:925} INFO - DAG(s) 'example_dynamic_task_mapping' retrieved from /home/ubuntu/.local/lib/python3.12/site-packages/airflow/example_dags/example_dynamic_task_mapping.py
[2025-01-28T05:57:31.702+0000] {logging_mixin.py:190} INFO - [2025-01-28T05:57:31.701+0000] {dag.py:3239} INFO - Sync 1 DAGs
[2025-01-28T05:57:31.712+0000] {logging_mixin.py:190} INFO - [2025-01-28T05:57:31.712+0000] {dag.py:4180} INFO - Setting next_dagrun for example_dynamic_task_mapping to None, run_after=None
[2025-01-28T05:57:31.735+0000] {processor.py:208} INFO - Processing /home/ubuntu/.local/lib/python3.12/site-packages/airflow/example_dags/example_dynamic_task_mapping.py took 0.065 seconds
[2025-01-28T05:58:29.514+0000] {processor.py:186} INFO - Started process (PID=2136) to work on /home/ubuntu/.local/lib/python3.12/site-packages/airflow/example_dags/example_dynamic_task_mapping.py
[2025-01-28T05:58:29.515+0000] {processor.py:914} INFO - Processing file /home/ubuntu/.local/lib/python3.12/site-packages/airflow/example_dags/example_dynamic_task_mapping.py for tasks to queue
[2025-01-28T05:58:29.517+0000] {logging_mixin.py:190} INFO - [2025-01-28T05:58:29.517+0000] {dagbag.py:588} INFO - Filling up the DagBag from /home/ubuntu/.local/lib/python3.12/site-packages/airflow/example_dags/example_dynamic_task_mapping.py
[2025-01-28T05:58:29.526+0000] {processor.py:925} INFO - DAG(s) 'example_dynamic_task_mapping' retrieved from /home/ubuntu/.local/lib/python3.12/site-packages/airflow/example_dags/example_dynamic_task_mapping.py
[2025-01-28T05:58:29.540+0000] {logging_mixin.py:190} INFO - [2025-01-28T05:58:29.540+0000] {dag.py:3239} INFO - Sync 1 DAGs
[2025-01-28T05:58:29.552+0000] {logging_mixin.py:190} INFO - [2025-01-28T05:58:29.551+0000] {dag.py:4180} INFO - Setting next_dagrun for example_dynamic_task_mapping to None, run_after=None
[2025-01-28T05:58:29.574+0000] {processor.py:208} INFO - Processing /home/ubuntu/.local/lib/python3.12/site-packages/airflow/example_dags/example_dynamic_task_mapping.py took 0.065 seconds
[2025-01-28T05:59:23.656+0000] {processor.py:186} INFO - Started process (PID=2193) to work on /home/ubuntu/.local/lib/python3.12/site-packages/airflow/example_dags/example_dynamic_task_mapping.py
[2025-01-28T05:59:23.658+0000] {processor.py:914} INFO - Processing file /home/ubuntu/.local/lib/python3.12/site-packages/airflow/example_dags/example_dynamic_task_mapping.py for tasks to queue
[2025-01-28T05:59:23.660+0000] {logging_mixin.py:190} INFO - [2025-01-28T05:59:23.659+0000] {dagbag.py:588} INFO - Filling up the DagBag from /home/ubuntu/.local/lib/python3.12/site-packages/airflow/example_dags/example_dynamic_task_mapping.py
[2025-01-28T05:59:23.669+0000] {processor.py:925} INFO - DAG(s) 'example_dynamic_task_mapping' retrieved from /home/ubuntu/.local/lib/python3.12/site-packages/airflow/example_dags/example_dynamic_task_mapping.py
[2025-01-28T05:59:23.684+0000] {logging_mixin.py:190} INFO - [2025-01-28T05:59:23.684+0000] {dag.py:3239} INFO - Sync 1 DAGs
[2025-01-28T05:59:23.696+0000] {logging_mixin.py:190} INFO - [2025-01-28T05:59:23.695+0000] {dag.py:4180} INFO - Setting next_dagrun for example_dynamic_task_mapping to None, run_after=None
[2025-01-28T05:59:23.718+0000] {processor.py:208} INFO - Processing /home/ubuntu/.local/lib/python3.12/site-packages/airflow/example_dags/example_dynamic_task_mapping.py took 0.068 seconds
[2025-01-28T06:00:18.604+0000] {processor.py:186} INFO - Started process (PID=2249) to work on /home/ubuntu/.local/lib/python3.12/site-packages/airflow/example_dags/example_dynamic_task_mapping.py
[2025-01-28T06:00:18.607+0000] {processor.py:914} INFO - Processing file /home/ubuntu/.local/lib/python3.12/site-packages/airflow/example_dags/example_dynamic_task_mapping.py for tasks to queue
[2025-01-28T06:00:18.608+0000] {logging_mixin.py:190} INFO - [2025-01-28T06:00:18.608+0000] {dagbag.py:588} INFO - Filling up the DagBag from /home/ubuntu/.local/lib/python3.12/site-packages/airflow/example_dags/example_dynamic_task_mapping.py
[2025-01-28T06:00:18.617+0000] {processor.py:925} INFO - DAG(s) 'example_dynamic_task_mapping' retrieved from /home/ubuntu/.local/lib/python3.12/site-packages/airflow/example_dags/example_dynamic_task_mapping.py
[2025-01-28T06:00:18.631+0000] {logging_mixin.py:190} INFO - [2025-01-28T06:00:18.631+0000] {dag.py:3239} INFO - Sync 1 DAGs
[2025-01-28T06:00:18.642+0000] {logging_mixin.py:190} INFO - [2025-01-28T06:00:18.641+0000] {dag.py:4180} INFO - Setting next_dagrun for example_dynamic_task_mapping to None, run_after=None
[2025-01-28T06:00:18.665+0000] {processor.py:208} INFO - Processing /home/ubuntu/.local/lib/python3.12/site-packages/airflow/example_dags/example_dynamic_task_mapping.py took 0.065 seconds
[2025-01-28T06:01:10.628+0000] {processor.py:186} INFO - Started process (PID=2307) to work on /home/ubuntu/.local/lib/python3.12/site-packages/airflow/example_dags/example_dynamic_task_mapping.py
[2025-01-28T06:01:10.630+0000] {processor.py:914} INFO - Processing file /home/ubuntu/.local/lib/python3.12/site-packages/airflow/example_dags/example_dynamic_task_mapping.py for tasks to queue
[2025-01-28T06:01:10.632+0000] {logging_mixin.py:190} INFO - [2025-01-28T06:01:10.632+0000] {dagbag.py:588} INFO - Filling up the DagBag from /home/ubuntu/.local/lib/python3.12/site-packages/airflow/example_dags/example_dynamic_task_mapping.py
[2025-01-28T06:01:10.641+0000] {processor.py:925} INFO - DAG(s) 'example_dynamic_task_mapping' retrieved from /home/ubuntu/.local/lib/python3.12/site-packages/airflow/example_dags/example_dynamic_task_mapping.py
[2025-01-28T06:01:10.656+0000] {logging_mixin.py:190} INFO - [2025-01-28T06:01:10.656+0000] {dag.py:3239} INFO - Sync 1 DAGs
[2025-01-28T06:01:10.667+0000] {logging_mixin.py:190} INFO - [2025-01-28T06:01:10.667+0000] {dag.py:4180} INFO - Setting next_dagrun for example_dynamic_task_mapping to None, run_after=None
[2025-01-28T06:01:10.691+0000] {processor.py:208} INFO - Processing /home/ubuntu/.local/lib/python3.12/site-packages/airflow/example_dags/example_dynamic_task_mapping.py took 0.068 seconds
[2025-01-28T06:02:01.778+0000] {processor.py:186} INFO - Started process (PID=2366) to work on /home/ubuntu/.local/lib/python3.12/site-packages/airflow/example_dags/example_dynamic_task_mapping.py
[2025-01-28T06:02:01.780+0000] {processor.py:914} INFO - Processing file /home/ubuntu/.local/lib/python3.12/site-packages/airflow/example_dags/example_dynamic_task_mapping.py for tasks to queue
[2025-01-28T06:02:01.782+0000] {logging_mixin.py:190} INFO - [2025-01-28T06:02:01.782+0000] {dagbag.py:588} INFO - Filling up the DagBag from /home/ubuntu/.local/lib/python3.12/site-packages/airflow/example_dags/example_dynamic_task_mapping.py
[2025-01-28T06:02:01.791+0000] {processor.py:925} INFO - DAG(s) 'example_dynamic_task_mapping' retrieved from /home/ubuntu/.local/lib/python3.12/site-packages/airflow/example_dags/example_dynamic_task_mapping.py
[2025-01-28T06:02:01.807+0000] {logging_mixin.py:190} INFO - [2025-01-28T06:02:01.806+0000] {dag.py:3239} INFO - Sync 1 DAGs
[2025-01-28T06:02:01.819+0000] {logging_mixin.py:190} INFO - [2025-01-28T06:02:01.818+0000] {dag.py:4180} INFO - Setting next_dagrun for example_dynamic_task_mapping to None, run_after=None
[2025-01-28T06:02:01.842+0000] {processor.py:208} INFO - Processing /home/ubuntu/.local/lib/python3.12/site-packages/airflow/example_dags/example_dynamic_task_mapping.py took 0.069 seconds
[2025-01-28T06:03:16.804+0000] {processor.py:186} INFO - Started process (PID=2455) to work on /home/ubuntu/.local/lib/python3.12/site-packages/airflow/example_dags/example_dynamic_task_mapping.py
[2025-01-28T06:03:16.806+0000] {processor.py:914} INFO - Processing file /home/ubuntu/.local/lib/python3.12/site-packages/airflow/example_dags/example_dynamic_task_mapping.py for tasks to queue
[2025-01-28T06:03:16.808+0000] {logging_mixin.py:190} INFO - [2025-01-28T06:03:16.808+0000] {dagbag.py:588} INFO - Filling up the DagBag from /home/ubuntu/.local/lib/python3.12/site-packages/airflow/example_dags/example_dynamic_task_mapping.py
[2025-01-28T06:03:16.817+0000] {processor.py:925} INFO - DAG(s) 'example_dynamic_task_mapping' retrieved from /home/ubuntu/.local/lib/python3.12/site-packages/airflow/example_dags/example_dynamic_task_mapping.py
[2025-01-28T06:03:16.831+0000] {logging_mixin.py:190} INFO - [2025-01-28T06:03:16.831+0000] {dag.py:3239} INFO - Sync 1 DAGs
[2025-01-28T06:03:16.843+0000] {logging_mixin.py:190} INFO - [2025-01-28T06:03:16.843+0000] {dag.py:4180} INFO - Setting next_dagrun for example_dynamic_task_mapping to None, run_after=None
[2025-01-28T06:03:16.865+0000] {processor.py:208} INFO - Processing /home/ubuntu/.local/lib/python3.12/site-packages/airflow/example_dags/example_dynamic_task_mapping.py took 0.066 seconds
[2025-01-28T06:04:44.327+0000] {processor.py:186} INFO - Started process (PID=2549) to work on /home/ubuntu/.local/lib/python3.12/site-packages/airflow/example_dags/example_dynamic_task_mapping.py
[2025-01-28T06:04:44.329+0000] {processor.py:914} INFO - Processing file /home/ubuntu/.local/lib/python3.12/site-packages/airflow/example_dags/example_dynamic_task_mapping.py for tasks to queue
[2025-01-28T06:04:44.332+0000] {logging_mixin.py:190} INFO - [2025-01-28T06:04:44.332+0000] {dagbag.py:588} INFO - Filling up the DagBag from /home/ubuntu/.local/lib/python3.12/site-packages/airflow/example_dags/example_dynamic_task_mapping.py
[2025-01-28T06:04:44.340+0000] {processor.py:925} INFO - DAG(s) 'example_dynamic_task_mapping' retrieved from /home/ubuntu/.local/lib/python3.12/site-packages/airflow/example_dags/example_dynamic_task_mapping.py
[2025-01-28T06:04:44.355+0000] {logging_mixin.py:190} INFO - [2025-01-28T06:04:44.354+0000] {dag.py:3239} INFO - Sync 1 DAGs
[2025-01-28T06:04:44.366+0000] {logging_mixin.py:190} INFO - [2025-01-28T06:04:44.366+0000] {dag.py:4180} INFO - Setting next_dagrun for example_dynamic_task_mapping to None, run_after=None
[2025-01-28T06:04:44.388+0000] {processor.py:208} INFO - Processing /home/ubuntu/.local/lib/python3.12/site-packages/airflow/example_dags/example_dynamic_task_mapping.py took 0.066 seconds
[2025-01-28T06:05:41.702+0000] {processor.py:186} INFO - Started process (PID=2610) to work on /home/ubuntu/.local/lib/python3.12/site-packages/airflow/example_dags/example_dynamic_task_mapping.py
[2025-01-28T06:05:41.703+0000] {processor.py:914} INFO - Processing file /home/ubuntu/.local/lib/python3.12/site-packages/airflow/example_dags/example_dynamic_task_mapping.py for tasks to queue
[2025-01-28T06:05:41.706+0000] {logging_mixin.py:190} INFO - [2025-01-28T06:05:41.705+0000] {dagbag.py:588} INFO - Filling up the DagBag from /home/ubuntu/.local/lib/python3.12/site-packages/airflow/example_dags/example_dynamic_task_mapping.py
[2025-01-28T06:05:41.714+0000] {processor.py:925} INFO - DAG(s) 'example_dynamic_task_mapping' retrieved from /home/ubuntu/.local/lib/python3.12/site-packages/airflow/example_dags/example_dynamic_task_mapping.py
[2025-01-28T06:05:41.729+0000] {logging_mixin.py:190} INFO - [2025-01-28T06:05:41.728+0000] {dag.py:3239} INFO - Sync 1 DAGs
[2025-01-28T06:05:41.741+0000] {logging_mixin.py:190} INFO - [2025-01-28T06:05:41.741+0000] {dag.py:4180} INFO - Setting next_dagrun for example_dynamic_task_mapping to None, run_after=None
[2025-01-28T06:05:41.764+0000] {processor.py:208} INFO - Processing /home/ubuntu/.local/lib/python3.12/site-packages/airflow/example_dags/example_dynamic_task_mapping.py took 0.067 seconds
[2025-01-28T06:06:54.812+0000] {processor.py:186} INFO - Started process (PID=2701) to work on /home/ubuntu/.local/lib/python3.12/site-packages/airflow/example_dags/example_dynamic_task_mapping.py
[2025-01-28T06:06:54.814+0000] {processor.py:914} INFO - Processing file /home/ubuntu/.local/lib/python3.12/site-packages/airflow/example_dags/example_dynamic_task_mapping.py for tasks to queue
[2025-01-28T06:06:54.817+0000] {logging_mixin.py:190} INFO - [2025-01-28T06:06:54.816+0000] {dagbag.py:588} INFO - Filling up the DagBag from /home/ubuntu/.local/lib/python3.12/site-packages/airflow/example_dags/example_dynamic_task_mapping.py
[2025-01-28T06:06:54.825+0000] {processor.py:925} INFO - DAG(s) 'example_dynamic_task_mapping' retrieved from /home/ubuntu/.local/lib/python3.12/site-packages/airflow/example_dags/example_dynamic_task_mapping.py
[2025-01-28T06:06:54.839+0000] {logging_mixin.py:190} INFO - [2025-01-28T06:06:54.839+0000] {dag.py:3239} INFO - Sync 1 DAGs
[2025-01-28T06:06:54.850+0000] {logging_mixin.py:190} INFO - [2025-01-28T06:06:54.850+0000] {dag.py:4180} INFO - Setting next_dagrun for example_dynamic_task_mapping to None, run_after=None
[2025-01-28T06:06:54.872+0000] {processor.py:208} INFO - Processing /home/ubuntu/.local/lib/python3.12/site-packages/airflow/example_dags/example_dynamic_task_mapping.py took 0.065 seconds
[2025-01-28T06:07:53.972+0000] {processor.py:186} INFO - Started process (PID=2761) to work on /home/ubuntu/.local/lib/python3.12/site-packages/airflow/example_dags/example_dynamic_task_mapping.py
[2025-01-28T06:07:53.974+0000] {processor.py:914} INFO - Processing file /home/ubuntu/.local/lib/python3.12/site-packages/airflow/example_dags/example_dynamic_task_mapping.py for tasks to queue
[2025-01-28T06:07:53.975+0000] {logging_mixin.py:190} INFO - [2025-01-28T06:07:53.975+0000] {dagbag.py:588} INFO - Filling up the DagBag from /home/ubuntu/.local/lib/python3.12/site-packages/airflow/example_dags/example_dynamic_task_mapping.py
[2025-01-28T06:07:53.985+0000] {processor.py:925} INFO - DAG(s) 'example_dynamic_task_mapping' retrieved from /home/ubuntu/.local/lib/python3.12/site-packages/airflow/example_dags/example_dynamic_task_mapping.py
[2025-01-28T06:07:53.998+0000] {logging_mixin.py:190} INFO - [2025-01-28T06:07:53.998+0000] {dag.py:3239} INFO - Sync 1 DAGs
[2025-01-28T06:07:54.010+0000] {logging_mixin.py:190} INFO - [2025-01-28T06:07:54.010+0000] {dag.py:4180} INFO - Setting next_dagrun for example_dynamic_task_mapping to None, run_after=None
[2025-01-28T06:07:54.031+0000] {processor.py:208} INFO - Processing /home/ubuntu/.local/lib/python3.12/site-packages/airflow/example_dags/example_dynamic_task_mapping.py took 0.065 seconds
[2025-01-28T06:08:51.277+0000] {processor.py:186} INFO - Started process (PID=2819) to work on /home/ubuntu/.local/lib/python3.12/site-packages/airflow/example_dags/example_dynamic_task_mapping.py
[2025-01-28T06:08:51.278+0000] {processor.py:914} INFO - Processing file /home/ubuntu/.local/lib/python3.12/site-packages/airflow/example_dags/example_dynamic_task_mapping.py for tasks to queue
[2025-01-28T06:08:51.280+0000] {logging_mixin.py:190} INFO - [2025-01-28T06:08:51.280+0000] {dagbag.py:588} INFO - Filling up the DagBag from /home/ubuntu/.local/lib/python3.12/site-packages/airflow/example_dags/example_dynamic_task_mapping.py
[2025-01-28T06:08:51.288+0000] {processor.py:925} INFO - DAG(s) 'example_dynamic_task_mapping' retrieved from /home/ubuntu/.local/lib/python3.12/site-packages/airflow/example_dags/example_dynamic_task_mapping.py
[2025-01-28T06:08:51.303+0000] {logging_mixin.py:190} INFO - [2025-01-28T06:08:51.303+0000] {dag.py:3239} INFO - Sync 1 DAGs
[2025-01-28T06:08:51.314+0000] {logging_mixin.py:190} INFO - [2025-01-28T06:08:51.314+0000] {dag.py:4180} INFO - Setting next_dagrun for example_dynamic_task_mapping to None, run_after=None
[2025-01-28T06:08:51.336+0000] {processor.py:208} INFO - Processing /home/ubuntu/.local/lib/python3.12/site-packages/airflow/example_dags/example_dynamic_task_mapping.py took 0.065 seconds
[2025-01-28T06:09:45.545+0000] {processor.py:186} INFO - Started process (PID=2890) to work on /home/ubuntu/.local/lib/python3.12/site-packages/airflow/example_dags/example_dynamic_task_mapping.py
[2025-01-28T06:09:45.547+0000] {processor.py:914} INFO - Processing file /home/ubuntu/.local/lib/python3.12/site-packages/airflow/example_dags/example_dynamic_task_mapping.py for tasks to queue
[2025-01-28T06:09:45.549+0000] {logging_mixin.py:190} INFO - [2025-01-28T06:09:45.549+0000] {dagbag.py:588} INFO - Filling up the DagBag from /home/ubuntu/.local/lib/python3.12/site-packages/airflow/example_dags/example_dynamic_task_mapping.py
[2025-01-28T06:09:45.558+0000] {processor.py:925} INFO - DAG(s) 'example_dynamic_task_mapping' retrieved from /home/ubuntu/.local/lib/python3.12/site-packages/airflow/example_dags/example_dynamic_task_mapping.py
[2025-01-28T06:09:45.573+0000] {logging_mixin.py:190} INFO - [2025-01-28T06:09:45.573+0000] {dag.py:3239} INFO - Sync 1 DAGs
[2025-01-28T06:09:45.585+0000] {logging_mixin.py:190} INFO - [2025-01-28T06:09:45.585+0000] {dag.py:4180} INFO - Setting next_dagrun for example_dynamic_task_mapping to None, run_after=None
[2025-01-28T06:09:45.613+0000] {processor.py:208} INFO - Processing /home/ubuntu/.local/lib/python3.12/site-packages/airflow/example_dags/example_dynamic_task_mapping.py took 0.072 seconds
[2025-01-28T06:10:38.526+0000] {processor.py:186} INFO - Started process (PID=2949) to work on /home/ubuntu/.local/lib/python3.12/site-packages/airflow/example_dags/example_dynamic_task_mapping.py
[2025-01-28T06:10:38.528+0000] {processor.py:914} INFO - Processing file /home/ubuntu/.local/lib/python3.12/site-packages/airflow/example_dags/example_dynamic_task_mapping.py for tasks to queue
[2025-01-28T06:10:38.530+0000] {logging_mixin.py:190} INFO - [2025-01-28T06:10:38.529+0000] {dagbag.py:588} INFO - Filling up the DagBag from /home/ubuntu/.local/lib/python3.12/site-packages/airflow/example_dags/example_dynamic_task_mapping.py
[2025-01-28T06:10:38.539+0000] {processor.py:925} INFO - DAG(s) 'example_dynamic_task_mapping' retrieved from /home/ubuntu/.local/lib/python3.12/site-packages/airflow/example_dags/example_dynamic_task_mapping.py
[2025-01-28T06:10:38.553+0000] {logging_mixin.py:190} INFO - [2025-01-28T06:10:38.553+0000] {dag.py:3239} INFO - Sync 1 DAGs
[2025-01-28T06:10:38.568+0000] {logging_mixin.py:190} INFO - [2025-01-28T06:10:38.567+0000] {dag.py:4180} INFO - Setting next_dagrun for example_dynamic_task_mapping to None, run_after=None
[2025-01-28T06:10:38.591+0000] {processor.py:208} INFO - Processing /home/ubuntu/.local/lib/python3.12/site-packages/airflow/example_dags/example_dynamic_task_mapping.py took 0.070 seconds
[2025-01-28T06:11:33.364+0000] {processor.py:186} INFO - Started process (PID=3011) to work on /home/ubuntu/.local/lib/python3.12/site-packages/airflow/example_dags/example_dynamic_task_mapping.py
[2025-01-28T06:11:33.365+0000] {processor.py:914} INFO - Processing file /home/ubuntu/.local/lib/python3.12/site-packages/airflow/example_dags/example_dynamic_task_mapping.py for tasks to queue
[2025-01-28T06:11:33.367+0000] {logging_mixin.py:190} INFO - [2025-01-28T06:11:33.367+0000] {dagbag.py:588} INFO - Filling up the DagBag from /home/ubuntu/.local/lib/python3.12/site-packages/airflow/example_dags/example_dynamic_task_mapping.py
[2025-01-28T06:11:33.375+0000] {processor.py:925} INFO - DAG(s) 'example_dynamic_task_mapping' retrieved from /home/ubuntu/.local/lib/python3.12/site-packages/airflow/example_dags/example_dynamic_task_mapping.py
[2025-01-28T06:11:33.390+0000] {logging_mixin.py:190} INFO - [2025-01-28T06:11:33.390+0000] {dag.py:3239} INFO - Sync 1 DAGs
[2025-01-28T06:11:33.401+0000] {logging_mixin.py:190} INFO - [2025-01-28T06:11:33.401+0000] {dag.py:4180} INFO - Setting next_dagrun for example_dynamic_task_mapping to None, run_after=None
[2025-01-28T06:11:33.424+0000] {processor.py:208} INFO - Processing /home/ubuntu/.local/lib/python3.12/site-packages/airflow/example_dags/example_dynamic_task_mapping.py took 0.065 seconds
[2025-01-28T06:12:25.337+0000] {processor.py:186} INFO - Started process (PID=3066) to work on /home/ubuntu/.local/lib/python3.12/site-packages/airflow/example_dags/example_dynamic_task_mapping.py
[2025-01-28T06:12:25.339+0000] {processor.py:914} INFO - Processing file /home/ubuntu/.local/lib/python3.12/site-packages/airflow/example_dags/example_dynamic_task_mapping.py for tasks to queue
[2025-01-28T06:12:25.342+0000] {logging_mixin.py:190} INFO - [2025-01-28T06:12:25.341+0000] {dagbag.py:588} INFO - Filling up the DagBag from /home/ubuntu/.local/lib/python3.12/site-packages/airflow/example_dags/example_dynamic_task_mapping.py
[2025-01-28T06:12:25.351+0000] {processor.py:925} INFO - DAG(s) 'example_dynamic_task_mapping' retrieved from /home/ubuntu/.local/lib/python3.12/site-packages/airflow/example_dags/example_dynamic_task_mapping.py
[2025-01-28T06:12:25.364+0000] {logging_mixin.py:190} INFO - [2025-01-28T06:12:25.364+0000] {dag.py:3239} INFO - Sync 1 DAGs
[2025-01-28T06:12:25.375+0000] {logging_mixin.py:190} INFO - [2025-01-28T06:12:25.375+0000] {dag.py:4180} INFO - Setting next_dagrun for example_dynamic_task_mapping to None, run_after=None
[2025-01-28T06:12:25.398+0000] {processor.py:208} INFO - Processing /home/ubuntu/.local/lib/python3.12/site-packages/airflow/example_dags/example_dynamic_task_mapping.py took 0.066 seconds
[2025-01-28T06:13:20.394+0000] {processor.py:186} INFO - Started process (PID=3122) to work on /home/ubuntu/.local/lib/python3.12/site-packages/airflow/example_dags/example_dynamic_task_mapping.py
[2025-01-28T06:13:20.396+0000] {processor.py:914} INFO - Processing file /home/ubuntu/.local/lib/python3.12/site-packages/airflow/example_dags/example_dynamic_task_mapping.py for tasks to queue
[2025-01-28T06:13:20.399+0000] {logging_mixin.py:190} INFO - [2025-01-28T06:13:20.398+0000] {dagbag.py:588} INFO - Filling up the DagBag from /home/ubuntu/.local/lib/python3.12/site-packages/airflow/example_dags/example_dynamic_task_mapping.py
[2025-01-28T06:13:20.407+0000] {processor.py:925} INFO - DAG(s) 'example_dynamic_task_mapping' retrieved from /home/ubuntu/.local/lib/python3.12/site-packages/airflow/example_dags/example_dynamic_task_mapping.py
[2025-01-28T06:13:20.422+0000] {logging_mixin.py:190} INFO - [2025-01-28T06:13:20.422+0000] {dag.py:3239} INFO - Sync 1 DAGs
[2025-01-28T06:13:20.433+0000] {logging_mixin.py:190} INFO - [2025-01-28T06:13:20.433+0000] {dag.py:4180} INFO - Setting next_dagrun for example_dynamic_task_mapping to None, run_after=None
[2025-01-28T06:13:20.455+0000] {processor.py:208} INFO - Processing /home/ubuntu/.local/lib/python3.12/site-packages/airflow/example_dags/example_dynamic_task_mapping.py took 0.066 seconds
[2025-01-28T06:14:13.033+0000] {processor.py:186} INFO - Started process (PID=3177) to work on /home/ubuntu/.local/lib/python3.12/site-packages/airflow/example_dags/example_dynamic_task_mapping.py
[2025-01-28T06:14:13.035+0000] {processor.py:914} INFO - Processing file /home/ubuntu/.local/lib/python3.12/site-packages/airflow/example_dags/example_dynamic_task_mapping.py for tasks to queue
[2025-01-28T06:14:13.037+0000] {logging_mixin.py:190} INFO - [2025-01-28T06:14:13.037+0000] {dagbag.py:588} INFO - Filling up the DagBag from /home/ubuntu/.local/lib/python3.12/site-packages/airflow/example_dags/example_dynamic_task_mapping.py
[2025-01-28T06:14:13.046+0000] {processor.py:925} INFO - DAG(s) 'example_dynamic_task_mapping' retrieved from /home/ubuntu/.local/lib/python3.12/site-packages/airflow/example_dags/example_dynamic_task_mapping.py
[2025-01-28T06:14:13.060+0000] {logging_mixin.py:190} INFO - [2025-01-28T06:14:13.059+0000] {dag.py:3239} INFO - Sync 1 DAGs
[2025-01-28T06:14:13.072+0000] {logging_mixin.py:190} INFO - [2025-01-28T06:14:13.072+0000] {dag.py:4180} INFO - Setting next_dagrun for example_dynamic_task_mapping to None, run_after=None
[2025-01-28T06:14:13.093+0000] {processor.py:208} INFO - Processing /home/ubuntu/.local/lib/python3.12/site-packages/airflow/example_dags/example_dynamic_task_mapping.py took 0.065 seconds
[2025-01-28T06:15:06.192+0000] {processor.py:186} INFO - Started process (PID=3235) to work on /home/ubuntu/.local/lib/python3.12/site-packages/airflow/example_dags/example_dynamic_task_mapping.py
[2025-01-28T06:15:06.194+0000] {processor.py:914} INFO - Processing file /home/ubuntu/.local/lib/python3.12/site-packages/airflow/example_dags/example_dynamic_task_mapping.py for tasks to queue
[2025-01-28T06:15:06.196+0000] {logging_mixin.py:190} INFO - [2025-01-28T06:15:06.195+0000] {dagbag.py:588} INFO - Filling up the DagBag from /home/ubuntu/.local/lib/python3.12/site-packages/airflow/example_dags/example_dynamic_task_mapping.py
[2025-01-28T06:15:06.205+0000] {processor.py:925} INFO - DAG(s) 'example_dynamic_task_mapping' retrieved from /home/ubuntu/.local/lib/python3.12/site-packages/airflow/example_dags/example_dynamic_task_mapping.py
[2025-01-28T06:15:06.220+0000] {logging_mixin.py:190} INFO - [2025-01-28T06:15:06.220+0000] {dag.py:3239} INFO - Sync 1 DAGs
[2025-01-28T06:15:06.231+0000] {logging_mixin.py:190} INFO - [2025-01-28T06:15:06.231+0000] {dag.py:4180} INFO - Setting next_dagrun for example_dynamic_task_mapping to None, run_after=None
[2025-01-28T06:15:06.256+0000] {processor.py:208} INFO - Processing /home/ubuntu/.local/lib/python3.12/site-packages/airflow/example_dags/example_dynamic_task_mapping.py took 0.070 seconds
[2025-01-28T06:15:58.708+0000] {processor.py:186} INFO - Started process (PID=3291) to work on /home/ubuntu/.local/lib/python3.12/site-packages/airflow/example_dags/example_dynamic_task_mapping.py
[2025-01-28T06:15:58.710+0000] {processor.py:914} INFO - Processing file /home/ubuntu/.local/lib/python3.12/site-packages/airflow/example_dags/example_dynamic_task_mapping.py for tasks to queue
[2025-01-28T06:15:58.712+0000] {logging_mixin.py:190} INFO - [2025-01-28T06:15:58.712+0000] {dagbag.py:588} INFO - Filling up the DagBag from /home/ubuntu/.local/lib/python3.12/site-packages/airflow/example_dags/example_dynamic_task_mapping.py
[2025-01-28T06:15:58.721+0000] {processor.py:925} INFO - DAG(s) 'example_dynamic_task_mapping' retrieved from /home/ubuntu/.local/lib/python3.12/site-packages/airflow/example_dags/example_dynamic_task_mapping.py
[2025-01-28T06:15:58.735+0000] {logging_mixin.py:190} INFO - [2025-01-28T06:15:58.735+0000] {dag.py:3239} INFO - Sync 1 DAGs
[2025-01-28T06:15:58.746+0000] {logging_mixin.py:190} INFO - [2025-01-28T06:15:58.746+0000] {dag.py:4180} INFO - Setting next_dagrun for example_dynamic_task_mapping to None, run_after=None
[2025-01-28T06:15:58.769+0000] {processor.py:208} INFO - Processing /home/ubuntu/.local/lib/python3.12/site-packages/airflow/example_dags/example_dynamic_task_mapping.py took 0.067 seconds
[2025-01-28T06:16:50.776+0000] {processor.py:186} INFO - Started process (PID=3346) to work on /home/ubuntu/.local/lib/python3.12/site-packages/airflow/example_dags/example_dynamic_task_mapping.py
[2025-01-28T06:16:50.777+0000] {processor.py:914} INFO - Processing file /home/ubuntu/.local/lib/python3.12/site-packages/airflow/example_dags/example_dynamic_task_mapping.py for tasks to queue
[2025-01-28T06:16:50.780+0000] {logging_mixin.py:190} INFO - [2025-01-28T06:16:50.779+0000] {dagbag.py:588} INFO - Filling up the DagBag from /home/ubuntu/.local/lib/python3.12/site-packages/airflow/example_dags/example_dynamic_task_mapping.py
[2025-01-28T06:16:50.789+0000] {processor.py:925} INFO - DAG(s) 'example_dynamic_task_mapping' retrieved from /home/ubuntu/.local/lib/python3.12/site-packages/airflow/example_dags/example_dynamic_task_mapping.py
[2025-01-28T06:16:50.809+0000] {logging_mixin.py:190} INFO - [2025-01-28T06:16:50.809+0000] {dag.py:3239} INFO - Sync 1 DAGs
[2025-01-28T06:16:50.820+0000] {logging_mixin.py:190} INFO - [2025-01-28T06:16:50.820+0000] {dag.py:4180} INFO - Setting next_dagrun for example_dynamic_task_mapping to None, run_after=None
[2025-01-28T06:16:50.842+0000] {processor.py:208} INFO - Processing /home/ubuntu/.local/lib/python3.12/site-packages/airflow/example_dags/example_dynamic_task_mapping.py took 0.072 seconds
[2025-01-28T06:17:45.621+0000] {processor.py:186} INFO - Started process (PID=3405) to work on /home/ubuntu/.local/lib/python3.12/site-packages/airflow/example_dags/example_dynamic_task_mapping.py
[2025-01-28T06:17:45.623+0000] {processor.py:914} INFO - Processing file /home/ubuntu/.local/lib/python3.12/site-packages/airflow/example_dags/example_dynamic_task_mapping.py for tasks to queue
[2025-01-28T06:17:45.625+0000] {logging_mixin.py:190} INFO - [2025-01-28T06:17:45.625+0000] {dagbag.py:588} INFO - Filling up the DagBag from /home/ubuntu/.local/lib/python3.12/site-packages/airflow/example_dags/example_dynamic_task_mapping.py
[2025-01-28T06:17:45.633+0000] {processor.py:925} INFO - DAG(s) 'example_dynamic_task_mapping' retrieved from /home/ubuntu/.local/lib/python3.12/site-packages/airflow/example_dags/example_dynamic_task_mapping.py
[2025-01-28T06:17:45.648+0000] {logging_mixin.py:190} INFO - [2025-01-28T06:17:45.648+0000] {dag.py:3239} INFO - Sync 1 DAGs
[2025-01-28T06:17:45.660+0000] {logging_mixin.py:190} INFO - [2025-01-28T06:17:45.660+0000] {dag.py:4180} INFO - Setting next_dagrun for example_dynamic_task_mapping to None, run_after=None
[2025-01-28T06:17:45.682+0000] {processor.py:208} INFO - Processing /home/ubuntu/.local/lib/python3.12/site-packages/airflow/example_dags/example_dynamic_task_mapping.py took 0.066 seconds
[2025-01-28T06:18:52.230+0000] {processor.py:186} INFO - Started process (PID=3515) to work on /home/ubuntu/.local/lib/python3.12/site-packages/airflow/example_dags/example_dynamic_task_mapping.py
[2025-01-28T06:18:52.231+0000] {processor.py:914} INFO - Processing file /home/ubuntu/.local/lib/python3.12/site-packages/airflow/example_dags/example_dynamic_task_mapping.py for tasks to queue
[2025-01-28T06:18:52.234+0000] {logging_mixin.py:190} INFO - [2025-01-28T06:18:52.233+0000] {dagbag.py:588} INFO - Filling up the DagBag from /home/ubuntu/.local/lib/python3.12/site-packages/airflow/example_dags/example_dynamic_task_mapping.py
[2025-01-28T06:18:52.242+0000] {processor.py:925} INFO - DAG(s) 'example_dynamic_task_mapping' retrieved from /home/ubuntu/.local/lib/python3.12/site-packages/airflow/example_dags/example_dynamic_task_mapping.py
[2025-01-28T06:18:52.256+0000] {logging_mixin.py:190} INFO - [2025-01-28T06:18:52.256+0000] {dag.py:3239} INFO - Sync 1 DAGs
[2025-01-28T06:18:52.268+0000] {logging_mixin.py:190} INFO - [2025-01-28T06:18:52.268+0000] {dag.py:4180} INFO - Setting next_dagrun for example_dynamic_task_mapping to None, run_after=None
[2025-01-28T06:18:52.290+0000] {processor.py:208} INFO - Processing /home/ubuntu/.local/lib/python3.12/site-packages/airflow/example_dags/example_dynamic_task_mapping.py took 0.066 seconds
[2025-01-28T06:19:41.413+0000] {processor.py:186} INFO - Started process (PID=3567) to work on /home/ubuntu/.local/lib/python3.12/site-packages/airflow/example_dags/example_dynamic_task_mapping.py
[2025-01-28T06:19:41.415+0000] {processor.py:914} INFO - Processing file /home/ubuntu/.local/lib/python3.12/site-packages/airflow/example_dags/example_dynamic_task_mapping.py for tasks to queue
[2025-01-28T06:19:41.417+0000] {logging_mixin.py:190} INFO - [2025-01-28T06:19:41.417+0000] {dagbag.py:588} INFO - Filling up the DagBag from /home/ubuntu/.local/lib/python3.12/site-packages/airflow/example_dags/example_dynamic_task_mapping.py
[2025-01-28T06:19:41.425+0000] {processor.py:925} INFO - DAG(s) 'example_dynamic_task_mapping' retrieved from /home/ubuntu/.local/lib/python3.12/site-packages/airflow/example_dags/example_dynamic_task_mapping.py
[2025-01-28T06:19:41.439+0000] {logging_mixin.py:190} INFO - [2025-01-28T06:19:41.439+0000] {dag.py:3239} INFO - Sync 1 DAGs
[2025-01-28T06:19:41.450+0000] {logging_mixin.py:190} INFO - [2025-01-28T06:19:41.450+0000] {dag.py:4180} INFO - Setting next_dagrun for example_dynamic_task_mapping to None, run_after=None
[2025-01-28T06:19:41.474+0000] {processor.py:208} INFO - Processing /home/ubuntu/.local/lib/python3.12/site-packages/airflow/example_dags/example_dynamic_task_mapping.py took 0.066 seconds
[2025-01-28T06:20:38.313+0000] {processor.py:186} INFO - Started process (PID=3632) to work on /home/ubuntu/.local/lib/python3.12/site-packages/airflow/example_dags/example_dynamic_task_mapping.py
[2025-01-28T06:20:38.314+0000] {processor.py:914} INFO - Processing file /home/ubuntu/.local/lib/python3.12/site-packages/airflow/example_dags/example_dynamic_task_mapping.py for tasks to queue
[2025-01-28T06:20:38.317+0000] {logging_mixin.py:190} INFO - [2025-01-28T06:20:38.316+0000] {dagbag.py:588} INFO - Filling up the DagBag from /home/ubuntu/.local/lib/python3.12/site-packages/airflow/example_dags/example_dynamic_task_mapping.py
[2025-01-28T06:20:38.327+0000] {processor.py:925} INFO - DAG(s) 'example_dynamic_task_mapping' retrieved from /home/ubuntu/.local/lib/python3.12/site-packages/airflow/example_dags/example_dynamic_task_mapping.py
[2025-01-28T06:20:38.342+0000] {logging_mixin.py:190} INFO - [2025-01-28T06:20:38.342+0000] {dag.py:3239} INFO - Sync 1 DAGs
[2025-01-28T06:20:38.353+0000] {logging_mixin.py:190} INFO - [2025-01-28T06:20:38.352+0000] {dag.py:4180} INFO - Setting next_dagrun for example_dynamic_task_mapping to None, run_after=None
[2025-01-28T06:20:38.375+0000] {processor.py:208} INFO - Processing /home/ubuntu/.local/lib/python3.12/site-packages/airflow/example_dags/example_dynamic_task_mapping.py took 0.067 seconds
[2025-01-28T06:21:33.038+0000] {processor.py:186} INFO - Started process (PID=3828) to work on /home/ubuntu/.local/lib/python3.12/site-packages/airflow/example_dags/example_dynamic_task_mapping.py
[2025-01-28T06:21:33.040+0000] {processor.py:914} INFO - Processing file /home/ubuntu/.local/lib/python3.12/site-packages/airflow/example_dags/example_dynamic_task_mapping.py for tasks to queue
[2025-01-28T06:21:33.042+0000] {logging_mixin.py:190} INFO - [2025-01-28T06:21:33.042+0000] {dagbag.py:588} INFO - Filling up the DagBag from /home/ubuntu/.local/lib/python3.12/site-packages/airflow/example_dags/example_dynamic_task_mapping.py
[2025-01-28T06:21:33.051+0000] {processor.py:925} INFO - DAG(s) 'example_dynamic_task_mapping' retrieved from /home/ubuntu/.local/lib/python3.12/site-packages/airflow/example_dags/example_dynamic_task_mapping.py
[2025-01-28T06:21:33.065+0000] {logging_mixin.py:190} INFO - [2025-01-28T06:21:33.065+0000] {dag.py:3239} INFO - Sync 1 DAGs
[2025-01-28T06:21:33.076+0000] {logging_mixin.py:190} INFO - [2025-01-28T06:21:33.075+0000] {dag.py:4180} INFO - Setting next_dagrun for example_dynamic_task_mapping to None, run_after=None
[2025-01-28T06:21:33.098+0000] {processor.py:208} INFO - Processing /home/ubuntu/.local/lib/python3.12/site-packages/airflow/example_dags/example_dynamic_task_mapping.py took 0.065 seconds
[2025-01-28T06:22:28.227+0000] {processor.py:186} INFO - Started process (PID=3888) to work on /home/ubuntu/.local/lib/python3.12/site-packages/airflow/example_dags/example_dynamic_task_mapping.py
[2025-01-28T06:22:28.229+0000] {processor.py:914} INFO - Processing file /home/ubuntu/.local/lib/python3.12/site-packages/airflow/example_dags/example_dynamic_task_mapping.py for tasks to queue
[2025-01-28T06:22:28.231+0000] {logging_mixin.py:190} INFO - [2025-01-28T06:22:28.230+0000] {dagbag.py:588} INFO - Filling up the DagBag from /home/ubuntu/.local/lib/python3.12/site-packages/airflow/example_dags/example_dynamic_task_mapping.py
[2025-01-28T06:22:28.240+0000] {processor.py:925} INFO - DAG(s) 'example_dynamic_task_mapping' retrieved from /home/ubuntu/.local/lib/python3.12/site-packages/airflow/example_dags/example_dynamic_task_mapping.py
[2025-01-28T06:22:28.254+0000] {logging_mixin.py:190} INFO - [2025-01-28T06:22:28.254+0000] {dag.py:3239} INFO - Sync 1 DAGs
[2025-01-28T06:22:28.266+0000] {logging_mixin.py:190} INFO - [2025-01-28T06:22:28.266+0000] {dag.py:4180} INFO - Setting next_dagrun for example_dynamic_task_mapping to None, run_after=None
[2025-01-28T06:22:28.287+0000] {processor.py:208} INFO - Processing /home/ubuntu/.local/lib/python3.12/site-packages/airflow/example_dags/example_dynamic_task_mapping.py took 0.066 seconds
[2025-01-28T06:23:23.721+0000] {processor.py:186} INFO - Started process (PID=4361) to work on /home/ubuntu/.local/lib/python3.12/site-packages/airflow/example_dags/example_dynamic_task_mapping.py
[2025-01-28T06:23:23.723+0000] {processor.py:914} INFO - Processing file /home/ubuntu/.local/lib/python3.12/site-packages/airflow/example_dags/example_dynamic_task_mapping.py for tasks to queue
[2025-01-28T06:23:23.725+0000] {logging_mixin.py:190} INFO - [2025-01-28T06:23:23.725+0000] {dagbag.py:588} INFO - Filling up the DagBag from /home/ubuntu/.local/lib/python3.12/site-packages/airflow/example_dags/example_dynamic_task_mapping.py
[2025-01-28T06:23:23.734+0000] {processor.py:925} INFO - DAG(s) 'example_dynamic_task_mapping' retrieved from /home/ubuntu/.local/lib/python3.12/site-packages/airflow/example_dags/example_dynamic_task_mapping.py
[2025-01-28T06:23:23.755+0000] {logging_mixin.py:190} INFO - [2025-01-28T06:23:23.754+0000] {dag.py:3239} INFO - Sync 1 DAGs
[2025-01-28T06:23:23.769+0000] {logging_mixin.py:190} INFO - [2025-01-28T06:23:23.768+0000] {dag.py:4180} INFO - Setting next_dagrun for example_dynamic_task_mapping to None, run_after=None
[2025-01-28T06:23:23.788+0000] {processor.py:208} INFO - Processing /home/ubuntu/.local/lib/python3.12/site-packages/airflow/example_dags/example_dynamic_task_mapping.py took 0.072 seconds
[2025-01-28T06:24:18.496+0000] {processor.py:186} INFO - Started process (PID=4515) to work on /home/ubuntu/.local/lib/python3.12/site-packages/airflow/example_dags/example_dynamic_task_mapping.py
[2025-01-28T06:24:18.498+0000] {processor.py:914} INFO - Processing file /home/ubuntu/.local/lib/python3.12/site-packages/airflow/example_dags/example_dynamic_task_mapping.py for tasks to queue
[2025-01-28T06:24:18.500+0000] {logging_mixin.py:190} INFO - [2025-01-28T06:24:18.499+0000] {dagbag.py:588} INFO - Filling up the DagBag from /home/ubuntu/.local/lib/python3.12/site-packages/airflow/example_dags/example_dynamic_task_mapping.py
[2025-01-28T06:24:18.508+0000] {processor.py:925} INFO - DAG(s) 'example_dynamic_task_mapping' retrieved from /home/ubuntu/.local/lib/python3.12/site-packages/airflow/example_dags/example_dynamic_task_mapping.py
[2025-01-28T06:24:18.523+0000] {logging_mixin.py:190} INFO - [2025-01-28T06:24:18.523+0000] {dag.py:3239} INFO - Sync 1 DAGs
[2025-01-28T06:24:18.535+0000] {logging_mixin.py:190} INFO - [2025-01-28T06:24:18.534+0000] {dag.py:4180} INFO - Setting next_dagrun for example_dynamic_task_mapping to None, run_after=None
[2025-01-28T06:24:18.555+0000] {processor.py:208} INFO - Processing /home/ubuntu/.local/lib/python3.12/site-packages/airflow/example_dags/example_dynamic_task_mapping.py took 0.064 seconds
[2025-01-28T06:25:13.610+0000] {processor.py:186} INFO - Started process (PID=4943) to work on /home/ubuntu/.local/lib/python3.12/site-packages/airflow/example_dags/example_dynamic_task_mapping.py
[2025-01-28T06:25:13.612+0000] {processor.py:914} INFO - Processing file /home/ubuntu/.local/lib/python3.12/site-packages/airflow/example_dags/example_dynamic_task_mapping.py for tasks to queue
[2025-01-28T06:25:13.614+0000] {logging_mixin.py:190} INFO - [2025-01-28T06:25:13.613+0000] {dagbag.py:588} INFO - Filling up the DagBag from /home/ubuntu/.local/lib/python3.12/site-packages/airflow/example_dags/example_dynamic_task_mapping.py
[2025-01-28T06:25:13.622+0000] {processor.py:925} INFO - DAG(s) 'example_dynamic_task_mapping' retrieved from /home/ubuntu/.local/lib/python3.12/site-packages/airflow/example_dags/example_dynamic_task_mapping.py
[2025-01-28T06:25:13.637+0000] {logging_mixin.py:190} INFO - [2025-01-28T06:25:13.637+0000] {dag.py:3239} INFO - Sync 1 DAGs
[2025-01-28T06:25:13.649+0000] {logging_mixin.py:190} INFO - [2025-01-28T06:25:13.649+0000] {dag.py:4180} INFO - Setting next_dagrun for example_dynamic_task_mapping to None, run_after=None
[2025-01-28T06:25:13.667+0000] {processor.py:208} INFO - Processing /home/ubuntu/.local/lib/python3.12/site-packages/airflow/example_dags/example_dynamic_task_mapping.py took 0.062 seconds
[2025-01-28T06:26:07.203+0000] {processor.py:186} INFO - Started process (PID=5105) to work on /home/ubuntu/.local/lib/python3.12/site-packages/airflow/example_dags/example_dynamic_task_mapping.py
[2025-01-28T06:26:07.205+0000] {processor.py:914} INFO - Processing file /home/ubuntu/.local/lib/python3.12/site-packages/airflow/example_dags/example_dynamic_task_mapping.py for tasks to queue
[2025-01-28T06:26:07.207+0000] {logging_mixin.py:190} INFO - [2025-01-28T06:26:07.207+0000] {dagbag.py:588} INFO - Filling up the DagBag from /home/ubuntu/.local/lib/python3.12/site-packages/airflow/example_dags/example_dynamic_task_mapping.py
[2025-01-28T06:26:07.217+0000] {processor.py:925} INFO - DAG(s) 'example_dynamic_task_mapping' retrieved from /home/ubuntu/.local/lib/python3.12/site-packages/airflow/example_dags/example_dynamic_task_mapping.py
[2025-01-28T06:26:07.231+0000] {logging_mixin.py:190} INFO - [2025-01-28T06:26:07.230+0000] {dag.py:3239} INFO - Sync 1 DAGs
[2025-01-28T06:26:07.242+0000] {logging_mixin.py:190} INFO - [2025-01-28T06:26:07.242+0000] {dag.py:4180} INFO - Setting next_dagrun for example_dynamic_task_mapping to None, run_after=None
[2025-01-28T06:26:07.261+0000] {processor.py:208} INFO - Processing /home/ubuntu/.local/lib/python3.12/site-packages/airflow/example_dags/example_dynamic_task_mapping.py took 0.068 seconds
[2025-01-28T06:27:01.954+0000] {processor.py:186} INFO - Started process (PID=5200) to work on /home/ubuntu/.local/lib/python3.12/site-packages/airflow/example_dags/example_dynamic_task_mapping.py
[2025-01-28T06:27:01.956+0000] {processor.py:914} INFO - Processing file /home/ubuntu/.local/lib/python3.12/site-packages/airflow/example_dags/example_dynamic_task_mapping.py for tasks to queue
[2025-01-28T06:27:01.958+0000] {logging_mixin.py:190} INFO - [2025-01-28T06:27:01.958+0000] {dagbag.py:588} INFO - Filling up the DagBag from /home/ubuntu/.local/lib/python3.12/site-packages/airflow/example_dags/example_dynamic_task_mapping.py
[2025-01-28T06:27:01.966+0000] {processor.py:925} INFO - DAG(s) 'example_dynamic_task_mapping' retrieved from /home/ubuntu/.local/lib/python3.12/site-packages/airflow/example_dags/example_dynamic_task_mapping.py
[2025-01-28T06:27:01.982+0000] {logging_mixin.py:190} INFO - [2025-01-28T06:27:01.982+0000] {dag.py:3239} INFO - Sync 1 DAGs
[2025-01-28T06:27:01.993+0000] {logging_mixin.py:190} INFO - [2025-01-28T06:27:01.993+0000] {dag.py:4180} INFO - Setting next_dagrun for example_dynamic_task_mapping to None, run_after=None
[2025-01-28T06:27:02.012+0000] {processor.py:208} INFO - Processing /home/ubuntu/.local/lib/python3.12/site-packages/airflow/example_dags/example_dynamic_task_mapping.py took 0.063 seconds
[2025-01-28T06:27:53.748+0000] {processor.py:186} INFO - Started process (PID=5255) to work on /home/ubuntu/.local/lib/python3.12/site-packages/airflow/example_dags/example_dynamic_task_mapping.py
[2025-01-28T06:27:53.749+0000] {processor.py:914} INFO - Processing file /home/ubuntu/.local/lib/python3.12/site-packages/airflow/example_dags/example_dynamic_task_mapping.py for tasks to queue
[2025-01-28T06:27:53.752+0000] {logging_mixin.py:190} INFO - [2025-01-28T06:27:53.752+0000] {dagbag.py:588} INFO - Filling up the DagBag from /home/ubuntu/.local/lib/python3.12/site-packages/airflow/example_dags/example_dynamic_task_mapping.py
[2025-01-28T06:27:53.760+0000] {processor.py:925} INFO - DAG(s) 'example_dynamic_task_mapping' retrieved from /home/ubuntu/.local/lib/python3.12/site-packages/airflow/example_dags/example_dynamic_task_mapping.py
[2025-01-28T06:27:53.775+0000] {logging_mixin.py:190} INFO - [2025-01-28T06:27:53.775+0000] {dag.py:3239} INFO - Sync 1 DAGs
[2025-01-28T06:27:53.786+0000] {logging_mixin.py:190} INFO - [2025-01-28T06:27:53.786+0000] {dag.py:4180} INFO - Setting next_dagrun for example_dynamic_task_mapping to None, run_after=None
[2025-01-28T06:27:53.805+0000] {processor.py:208} INFO - Processing /home/ubuntu/.local/lib/python3.12/site-packages/airflow/example_dags/example_dynamic_task_mapping.py took 0.062 seconds
[2025-01-28T06:28:47.005+0000] {processor.py:186} INFO - Started process (PID=5469) to work on /home/ubuntu/.local/lib/python3.12/site-packages/airflow/example_dags/example_dynamic_task_mapping.py
[2025-01-28T06:28:47.007+0000] {processor.py:914} INFO - Processing file /home/ubuntu/.local/lib/python3.12/site-packages/airflow/example_dags/example_dynamic_task_mapping.py for tasks to queue
[2025-01-28T06:28:47.011+0000] {logging_mixin.py:190} INFO - [2025-01-28T06:28:47.011+0000] {dagbag.py:588} INFO - Filling up the DagBag from /home/ubuntu/.local/lib/python3.12/site-packages/airflow/example_dags/example_dynamic_task_mapping.py
[2025-01-28T06:28:47.027+0000] {processor.py:925} INFO - DAG(s) 'example_dynamic_task_mapping' retrieved from /home/ubuntu/.local/lib/python3.12/site-packages/airflow/example_dags/example_dynamic_task_mapping.py
[2025-01-28T06:28:47.059+0000] {logging_mixin.py:190} INFO - [2025-01-28T06:28:47.059+0000] {dag.py:3239} INFO - Sync 1 DAGs
[2025-01-28T06:28:47.077+0000] {logging_mixin.py:190} INFO - [2025-01-28T06:28:47.077+0000] {dag.py:4180} INFO - Setting next_dagrun for example_dynamic_task_mapping to None, run_after=None
[2025-01-28T06:28:47.100+0000] {processor.py:208} INFO - Processing /home/ubuntu/.local/lib/python3.12/site-packages/airflow/example_dags/example_dynamic_task_mapping.py took 0.104 seconds
[2025-01-28T06:29:41.704+0000] {processor.py:186} INFO - Started process (PID=5584) to work on /home/ubuntu/.local/lib/python3.12/site-packages/airflow/example_dags/example_dynamic_task_mapping.py
[2025-01-28T06:29:41.706+0000] {processor.py:914} INFO - Processing file /home/ubuntu/.local/lib/python3.12/site-packages/airflow/example_dags/example_dynamic_task_mapping.py for tasks to queue
[2025-01-28T06:29:41.709+0000] {logging_mixin.py:190} INFO - [2025-01-28T06:29:41.708+0000] {dagbag.py:588} INFO - Filling up the DagBag from /home/ubuntu/.local/lib/python3.12/site-packages/airflow/example_dags/example_dynamic_task_mapping.py
[2025-01-28T06:29:41.716+0000] {processor.py:925} INFO - DAG(s) 'example_dynamic_task_mapping' retrieved from /home/ubuntu/.local/lib/python3.12/site-packages/airflow/example_dags/example_dynamic_task_mapping.py
[2025-01-28T06:29:41.731+0000] {logging_mixin.py:190} INFO - [2025-01-28T06:29:41.731+0000] {dag.py:3239} INFO - Sync 1 DAGs
[2025-01-28T06:29:41.743+0000] {logging_mixin.py:190} INFO - [2025-01-28T06:29:41.743+0000] {dag.py:4180} INFO - Setting next_dagrun for example_dynamic_task_mapping to None, run_after=None
[2025-01-28T06:29:41.764+0000] {processor.py:208} INFO - Processing /home/ubuntu/.local/lib/python3.12/site-packages/airflow/example_dags/example_dynamic_task_mapping.py took 0.065 seconds
[2025-01-28T06:30:37.872+0000] {processor.py:186} INFO - Started process (PID=5658) to work on /home/ubuntu/.local/lib/python3.12/site-packages/airflow/example_dags/example_dynamic_task_mapping.py
[2025-01-28T06:30:37.873+0000] {processor.py:914} INFO - Processing file /home/ubuntu/.local/lib/python3.12/site-packages/airflow/example_dags/example_dynamic_task_mapping.py for tasks to queue
[2025-01-28T06:30:37.876+0000] {logging_mixin.py:190} INFO - [2025-01-28T06:30:37.876+0000] {dagbag.py:588} INFO - Filling up the DagBag from /home/ubuntu/.local/lib/python3.12/site-packages/airflow/example_dags/example_dynamic_task_mapping.py
[2025-01-28T06:30:37.884+0000] {processor.py:925} INFO - DAG(s) 'example_dynamic_task_mapping' retrieved from /home/ubuntu/.local/lib/python3.12/site-packages/airflow/example_dags/example_dynamic_task_mapping.py
[2025-01-28T06:30:37.901+0000] {logging_mixin.py:190} INFO - [2025-01-28T06:30:37.900+0000] {dag.py:3239} INFO - Sync 1 DAGs
[2025-01-28T06:30:37.912+0000] {logging_mixin.py:190} INFO - [2025-01-28T06:30:37.911+0000] {dag.py:4180} INFO - Setting next_dagrun for example_dynamic_task_mapping to None, run_after=None
[2025-01-28T06:30:37.935+0000] {processor.py:208} INFO - Processing /home/ubuntu/.local/lib/python3.12/site-packages/airflow/example_dags/example_dynamic_task_mapping.py took 0.068 seconds
[2025-01-28T06:31:57.352+0000] {processor.py:186} INFO - Started process (PID=5777) to work on /home/ubuntu/.local/lib/python3.12/site-packages/airflow/example_dags/example_dynamic_task_mapping.py
[2025-01-28T06:31:57.354+0000] {processor.py:914} INFO - Processing file /home/ubuntu/.local/lib/python3.12/site-packages/airflow/example_dags/example_dynamic_task_mapping.py for tasks to queue
[2025-01-28T06:31:57.356+0000] {logging_mixin.py:190} INFO - [2025-01-28T06:31:57.355+0000] {dagbag.py:588} INFO - Filling up the DagBag from /home/ubuntu/.local/lib/python3.12/site-packages/airflow/example_dags/example_dynamic_task_mapping.py
[2025-01-28T06:31:57.365+0000] {processor.py:925} INFO - DAG(s) 'example_dynamic_task_mapping' retrieved from /home/ubuntu/.local/lib/python3.12/site-packages/airflow/example_dags/example_dynamic_task_mapping.py
[2025-01-28T06:31:57.379+0000] {logging_mixin.py:190} INFO - [2025-01-28T06:31:57.379+0000] {dag.py:3239} INFO - Sync 1 DAGs
[2025-01-28T06:31:57.390+0000] {logging_mixin.py:190} INFO - [2025-01-28T06:31:57.390+0000] {dag.py:4180} INFO - Setting next_dagrun for example_dynamic_task_mapping to None, run_after=None
[2025-01-28T06:31:57.412+0000] {processor.py:208} INFO - Processing /home/ubuntu/.local/lib/python3.12/site-packages/airflow/example_dags/example_dynamic_task_mapping.py took 0.066 seconds
[2025-01-28T06:32:55.139+0000] {processor.py:186} INFO - Started process (PID=5836) to work on /home/ubuntu/.local/lib/python3.12/site-packages/airflow/example_dags/example_dynamic_task_mapping.py
[2025-01-28T06:32:55.141+0000] {processor.py:914} INFO - Processing file /home/ubuntu/.local/lib/python3.12/site-packages/airflow/example_dags/example_dynamic_task_mapping.py for tasks to queue
[2025-01-28T06:32:55.143+0000] {logging_mixin.py:190} INFO - [2025-01-28T06:32:55.143+0000] {dagbag.py:588} INFO - Filling up the DagBag from /home/ubuntu/.local/lib/python3.12/site-packages/airflow/example_dags/example_dynamic_task_mapping.py
[2025-01-28T06:32:55.152+0000] {processor.py:925} INFO - DAG(s) 'example_dynamic_task_mapping' retrieved from /home/ubuntu/.local/lib/python3.12/site-packages/airflow/example_dags/example_dynamic_task_mapping.py
[2025-01-28T06:32:55.167+0000] {logging_mixin.py:190} INFO - [2025-01-28T06:32:55.167+0000] {dag.py:3239} INFO - Sync 1 DAGs
[2025-01-28T06:32:55.178+0000] {logging_mixin.py:190} INFO - [2025-01-28T06:32:55.178+0000] {dag.py:4180} INFO - Setting next_dagrun for example_dynamic_task_mapping to None, run_after=None
[2025-01-28T06:32:55.201+0000] {processor.py:208} INFO - Processing /home/ubuntu/.local/lib/python3.12/site-packages/airflow/example_dags/example_dynamic_task_mapping.py took 0.067 seconds
[2025-01-28T06:33:55.346+0000] {processor.py:186} INFO - Started process (PID=5901) to work on /home/ubuntu/.local/lib/python3.12/site-packages/airflow/example_dags/example_dynamic_task_mapping.py
[2025-01-28T06:33:55.348+0000] {processor.py:914} INFO - Processing file /home/ubuntu/.local/lib/python3.12/site-packages/airflow/example_dags/example_dynamic_task_mapping.py for tasks to queue
[2025-01-28T06:33:55.350+0000] {logging_mixin.py:190} INFO - [2025-01-28T06:33:55.350+0000] {dagbag.py:588} INFO - Filling up the DagBag from /home/ubuntu/.local/lib/python3.12/site-packages/airflow/example_dags/example_dynamic_task_mapping.py
[2025-01-28T06:33:55.358+0000] {processor.py:925} INFO - DAG(s) 'example_dynamic_task_mapping' retrieved from /home/ubuntu/.local/lib/python3.12/site-packages/airflow/example_dags/example_dynamic_task_mapping.py
[2025-01-28T06:33:55.373+0000] {logging_mixin.py:190} INFO - [2025-01-28T06:33:55.373+0000] {dag.py:3239} INFO - Sync 1 DAGs
[2025-01-28T06:33:55.384+0000] {logging_mixin.py:190} INFO - [2025-01-28T06:33:55.383+0000] {dag.py:4180} INFO - Setting next_dagrun for example_dynamic_task_mapping to None, run_after=None
[2025-01-28T06:33:55.406+0000] {processor.py:208} INFO - Processing /home/ubuntu/.local/lib/python3.12/site-packages/airflow/example_dags/example_dynamic_task_mapping.py took 0.065 seconds
[2025-01-28T06:34:52.505+0000] {processor.py:186} INFO - Started process (PID=5960) to work on /home/ubuntu/.local/lib/python3.12/site-packages/airflow/example_dags/example_dynamic_task_mapping.py
[2025-01-28T06:34:52.507+0000] {processor.py:914} INFO - Processing file /home/ubuntu/.local/lib/python3.12/site-packages/airflow/example_dags/example_dynamic_task_mapping.py for tasks to queue
[2025-01-28T06:34:52.510+0000] {logging_mixin.py:190} INFO - [2025-01-28T06:34:52.509+0000] {dagbag.py:588} INFO - Filling up the DagBag from /home/ubuntu/.local/lib/python3.12/site-packages/airflow/example_dags/example_dynamic_task_mapping.py
[2025-01-28T06:34:52.518+0000] {processor.py:925} INFO - DAG(s) 'example_dynamic_task_mapping' retrieved from /home/ubuntu/.local/lib/python3.12/site-packages/airflow/example_dags/example_dynamic_task_mapping.py
[2025-01-28T06:34:52.532+0000] {logging_mixin.py:190} INFO - [2025-01-28T06:34:52.532+0000] {dag.py:3239} INFO - Sync 1 DAGs
[2025-01-28T06:34:52.544+0000] {logging_mixin.py:190} INFO - [2025-01-28T06:34:52.544+0000] {dag.py:4180} INFO - Setting next_dagrun for example_dynamic_task_mapping to None, run_after=None
[2025-01-28T06:34:52.565+0000] {processor.py:208} INFO - Processing /home/ubuntu/.local/lib/python3.12/site-packages/airflow/example_dags/example_dynamic_task_mapping.py took 0.065 seconds
[2025-01-28T06:35:47.720+0000] {processor.py:186} INFO - Started process (PID=6020) to work on /home/ubuntu/.local/lib/python3.12/site-packages/airflow/example_dags/example_dynamic_task_mapping.py
[2025-01-28T06:35:47.721+0000] {processor.py:914} INFO - Processing file /home/ubuntu/.local/lib/python3.12/site-packages/airflow/example_dags/example_dynamic_task_mapping.py for tasks to queue
[2025-01-28T06:35:47.723+0000] {logging_mixin.py:190} INFO - [2025-01-28T06:35:47.723+0000] {dagbag.py:588} INFO - Filling up the DagBag from /home/ubuntu/.local/lib/python3.12/site-packages/airflow/example_dags/example_dynamic_task_mapping.py
[2025-01-28T06:35:47.732+0000] {processor.py:925} INFO - DAG(s) 'example_dynamic_task_mapping' retrieved from /home/ubuntu/.local/lib/python3.12/site-packages/airflow/example_dags/example_dynamic_task_mapping.py
[2025-01-28T06:35:47.747+0000] {logging_mixin.py:190} INFO - [2025-01-28T06:35:47.747+0000] {dag.py:3239} INFO - Sync 1 DAGs
[2025-01-28T06:35:47.758+0000] {logging_mixin.py:190} INFO - [2025-01-28T06:35:47.758+0000] {dag.py:4180} INFO - Setting next_dagrun for example_dynamic_task_mapping to None, run_after=None
[2025-01-28T06:35:47.781+0000] {processor.py:208} INFO - Processing /home/ubuntu/.local/lib/python3.12/site-packages/airflow/example_dags/example_dynamic_task_mapping.py took 0.066 seconds
[2025-01-28T06:36:39.080+0000] {processor.py:186} INFO - Started process (PID=6073) to work on /home/ubuntu/.local/lib/python3.12/site-packages/airflow/example_dags/example_dynamic_task_mapping.py
[2025-01-28T06:36:39.082+0000] {processor.py:914} INFO - Processing file /home/ubuntu/.local/lib/python3.12/site-packages/airflow/example_dags/example_dynamic_task_mapping.py for tasks to queue
[2025-01-28T06:36:39.085+0000] {logging_mixin.py:190} INFO - [2025-01-28T06:36:39.083+0000] {dagbag.py:588} INFO - Filling up the DagBag from /home/ubuntu/.local/lib/python3.12/site-packages/airflow/example_dags/example_dynamic_task_mapping.py
[2025-01-28T06:36:39.093+0000] {processor.py:925} INFO - DAG(s) 'example_dynamic_task_mapping' retrieved from /home/ubuntu/.local/lib/python3.12/site-packages/airflow/example_dags/example_dynamic_task_mapping.py
[2025-01-28T06:36:39.107+0000] {logging_mixin.py:190} INFO - [2025-01-28T06:36:39.107+0000] {dag.py:3239} INFO - Sync 1 DAGs
[2025-01-28T06:36:39.119+0000] {logging_mixin.py:190} INFO - [2025-01-28T06:36:39.119+0000] {dag.py:4180} INFO - Setting next_dagrun for example_dynamic_task_mapping to None, run_after=None
[2025-01-28T06:36:39.141+0000] {processor.py:208} INFO - Processing /home/ubuntu/.local/lib/python3.12/site-packages/airflow/example_dags/example_dynamic_task_mapping.py took 0.067 seconds
[2025-01-28T06:37:31.922+0000] {processor.py:186} INFO - Started process (PID=6128) to work on /home/ubuntu/.local/lib/python3.12/site-packages/airflow/example_dags/example_dynamic_task_mapping.py
[2025-01-28T06:37:31.925+0000] {processor.py:914} INFO - Processing file /home/ubuntu/.local/lib/python3.12/site-packages/airflow/example_dags/example_dynamic_task_mapping.py for tasks to queue
[2025-01-28T06:37:31.927+0000] {logging_mixin.py:190} INFO - [2025-01-28T06:37:31.926+0000] {dagbag.py:588} INFO - Filling up the DagBag from /home/ubuntu/.local/lib/python3.12/site-packages/airflow/example_dags/example_dynamic_task_mapping.py
[2025-01-28T06:37:31.936+0000] {processor.py:925} INFO - DAG(s) 'example_dynamic_task_mapping' retrieved from /home/ubuntu/.local/lib/python3.12/site-packages/airflow/example_dags/example_dynamic_task_mapping.py
[2025-01-28T06:37:31.950+0000] {logging_mixin.py:190} INFO - [2025-01-28T06:37:31.950+0000] {dag.py:3239} INFO - Sync 1 DAGs
[2025-01-28T06:37:31.961+0000] {logging_mixin.py:190} INFO - [2025-01-28T06:37:31.961+0000] {dag.py:4180} INFO - Setting next_dagrun for example_dynamic_task_mapping to None, run_after=None
[2025-01-28T06:37:31.986+0000] {processor.py:208} INFO - Processing /home/ubuntu/.local/lib/python3.12/site-packages/airflow/example_dags/example_dynamic_task_mapping.py took 0.068 seconds
[2025-01-28T06:38:25.755+0000] {processor.py:186} INFO - Started process (PID=6184) to work on /home/ubuntu/.local/lib/python3.12/site-packages/airflow/example_dags/example_dynamic_task_mapping.py
[2025-01-28T06:38:25.756+0000] {processor.py:914} INFO - Processing file /home/ubuntu/.local/lib/python3.12/site-packages/airflow/example_dags/example_dynamic_task_mapping.py for tasks to queue
[2025-01-28T06:38:25.758+0000] {logging_mixin.py:190} INFO - [2025-01-28T06:38:25.758+0000] {dagbag.py:588} INFO - Filling up the DagBag from /home/ubuntu/.local/lib/python3.12/site-packages/airflow/example_dags/example_dynamic_task_mapping.py
[2025-01-28T06:38:25.767+0000] {processor.py:925} INFO - DAG(s) 'example_dynamic_task_mapping' retrieved from /home/ubuntu/.local/lib/python3.12/site-packages/airflow/example_dags/example_dynamic_task_mapping.py
[2025-01-28T06:38:25.782+0000] {logging_mixin.py:190} INFO - [2025-01-28T06:38:25.782+0000] {dag.py:3239} INFO - Sync 1 DAGs
[2025-01-28T06:38:25.794+0000] {logging_mixin.py:190} INFO - [2025-01-28T06:38:25.794+0000] {dag.py:4180} INFO - Setting next_dagrun for example_dynamic_task_mapping to None, run_after=None
[2025-01-28T06:38:25.817+0000] {processor.py:208} INFO - Processing /home/ubuntu/.local/lib/python3.12/site-packages/airflow/example_dags/example_dynamic_task_mapping.py took 0.067 seconds
[2025-01-28T06:39:21.291+0000] {processor.py:186} INFO - Started process (PID=6241) to work on /home/ubuntu/.local/lib/python3.12/site-packages/airflow/example_dags/example_dynamic_task_mapping.py
[2025-01-28T06:39:21.293+0000] {processor.py:914} INFO - Processing file /home/ubuntu/.local/lib/python3.12/site-packages/airflow/example_dags/example_dynamic_task_mapping.py for tasks to queue
[2025-01-28T06:39:21.295+0000] {logging_mixin.py:190} INFO - [2025-01-28T06:39:21.294+0000] {dagbag.py:588} INFO - Filling up the DagBag from /home/ubuntu/.local/lib/python3.12/site-packages/airflow/example_dags/example_dynamic_task_mapping.py
[2025-01-28T06:39:21.304+0000] {processor.py:925} INFO - DAG(s) 'example_dynamic_task_mapping' retrieved from /home/ubuntu/.local/lib/python3.12/site-packages/airflow/example_dags/example_dynamic_task_mapping.py
[2025-01-28T06:39:21.318+0000] {logging_mixin.py:190} INFO - [2025-01-28T06:39:21.318+0000] {dag.py:3239} INFO - Sync 1 DAGs
[2025-01-28T06:39:21.330+0000] {logging_mixin.py:190} INFO - [2025-01-28T06:39:21.329+0000] {dag.py:4180} INFO - Setting next_dagrun for example_dynamic_task_mapping to None, run_after=None
[2025-01-28T06:39:21.352+0000] {processor.py:208} INFO - Processing /home/ubuntu/.local/lib/python3.12/site-packages/airflow/example_dags/example_dynamic_task_mapping.py took 0.065 seconds
[2025-01-28T06:40:18.156+0000] {processor.py:186} INFO - Started process (PID=6300) to work on /home/ubuntu/.local/lib/python3.12/site-packages/airflow/example_dags/example_dynamic_task_mapping.py
[2025-01-28T06:40:18.157+0000] {processor.py:914} INFO - Processing file /home/ubuntu/.local/lib/python3.12/site-packages/airflow/example_dags/example_dynamic_task_mapping.py for tasks to queue
[2025-01-28T06:40:18.159+0000] {logging_mixin.py:190} INFO - [2025-01-28T06:40:18.159+0000] {dagbag.py:588} INFO - Filling up the DagBag from /home/ubuntu/.local/lib/python3.12/site-packages/airflow/example_dags/example_dynamic_task_mapping.py
[2025-01-28T06:40:18.168+0000] {processor.py:925} INFO - DAG(s) 'example_dynamic_task_mapping' retrieved from /home/ubuntu/.local/lib/python3.12/site-packages/airflow/example_dags/example_dynamic_task_mapping.py
[2025-01-28T06:40:18.182+0000] {logging_mixin.py:190} INFO - [2025-01-28T06:40:18.182+0000] {dag.py:3239} INFO - Sync 1 DAGs
[2025-01-28T06:40:18.193+0000] {logging_mixin.py:190} INFO - [2025-01-28T06:40:18.193+0000] {dag.py:4180} INFO - Setting next_dagrun for example_dynamic_task_mapping to None, run_after=None
[2025-01-28T06:40:18.216+0000] {processor.py:208} INFO - Processing /home/ubuntu/.local/lib/python3.12/site-packages/airflow/example_dags/example_dynamic_task_mapping.py took 0.065 seconds
[2025-01-28T06:41:16.756+0000] {processor.py:186} INFO - Started process (PID=6359) to work on /home/ubuntu/.local/lib/python3.12/site-packages/airflow/example_dags/example_dynamic_task_mapping.py
[2025-01-28T06:41:16.757+0000] {processor.py:914} INFO - Processing file /home/ubuntu/.local/lib/python3.12/site-packages/airflow/example_dags/example_dynamic_task_mapping.py for tasks to queue
[2025-01-28T06:41:16.759+0000] {logging_mixin.py:190} INFO - [2025-01-28T06:41:16.759+0000] {dagbag.py:588} INFO - Filling up the DagBag from /home/ubuntu/.local/lib/python3.12/site-packages/airflow/example_dags/example_dynamic_task_mapping.py
[2025-01-28T06:41:16.768+0000] {processor.py:925} INFO - DAG(s) 'example_dynamic_task_mapping' retrieved from /home/ubuntu/.local/lib/python3.12/site-packages/airflow/example_dags/example_dynamic_task_mapping.py
[2025-01-28T06:41:16.783+0000] {logging_mixin.py:190} INFO - [2025-01-28T06:41:16.783+0000] {dag.py:3239} INFO - Sync 1 DAGs
[2025-01-28T06:41:16.794+0000] {logging_mixin.py:190} INFO - [2025-01-28T06:41:16.794+0000] {dag.py:4180} INFO - Setting next_dagrun for example_dynamic_task_mapping to None, run_after=None
[2025-01-28T06:41:16.817+0000] {processor.py:208} INFO - Processing /home/ubuntu/.local/lib/python3.12/site-packages/airflow/example_dags/example_dynamic_task_mapping.py took 0.066 seconds
[2025-01-28T06:42:19.933+0000] {processor.py:186} INFO - Started process (PID=6556) to work on /home/ubuntu/.local/lib/python3.12/site-packages/airflow/example_dags/example_dynamic_task_mapping.py
[2025-01-28T06:42:19.934+0000] {processor.py:914} INFO - Processing file /home/ubuntu/.local/lib/python3.12/site-packages/airflow/example_dags/example_dynamic_task_mapping.py for tasks to queue
[2025-01-28T06:42:19.936+0000] {logging_mixin.py:190} INFO - [2025-01-28T06:42:19.935+0000] {dagbag.py:588} INFO - Filling up the DagBag from /home/ubuntu/.local/lib/python3.12/site-packages/airflow/example_dags/example_dynamic_task_mapping.py
[2025-01-28T06:42:19.945+0000] {processor.py:925} INFO - DAG(s) 'example_dynamic_task_mapping' retrieved from /home/ubuntu/.local/lib/python3.12/site-packages/airflow/example_dags/example_dynamic_task_mapping.py
[2025-01-28T06:42:19.959+0000] {logging_mixin.py:190} INFO - [2025-01-28T06:42:19.958+0000] {dag.py:3239} INFO - Sync 1 DAGs
[2025-01-28T06:42:20.118+0000] {logging_mixin.py:190} INFO - [2025-01-28T06:42:20.117+0000] {dag.py:4180} INFO - Setting next_dagrun for example_dynamic_task_mapping to None, run_after=None
[2025-01-28T06:42:20.139+0000] {processor.py:208} INFO - Processing /home/ubuntu/.local/lib/python3.12/site-packages/airflow/example_dags/example_dynamic_task_mapping.py took 0.211 seconds
[2025-01-28T06:43:17.331+0000] {processor.py:186} INFO - Started process (PID=6614) to work on /home/ubuntu/.local/lib/python3.12/site-packages/airflow/example_dags/example_dynamic_task_mapping.py
[2025-01-28T06:43:17.334+0000] {processor.py:914} INFO - Processing file /home/ubuntu/.local/lib/python3.12/site-packages/airflow/example_dags/example_dynamic_task_mapping.py for tasks to queue
[2025-01-28T06:43:17.335+0000] {logging_mixin.py:190} INFO - [2025-01-28T06:43:17.335+0000] {dagbag.py:588} INFO - Filling up the DagBag from /home/ubuntu/.local/lib/python3.12/site-packages/airflow/example_dags/example_dynamic_task_mapping.py
[2025-01-28T06:43:17.345+0000] {processor.py:925} INFO - DAG(s) 'example_dynamic_task_mapping' retrieved from /home/ubuntu/.local/lib/python3.12/site-packages/airflow/example_dags/example_dynamic_task_mapping.py
[2025-01-28T06:43:17.359+0000] {logging_mixin.py:190} INFO - [2025-01-28T06:43:17.359+0000] {dag.py:3239} INFO - Sync 1 DAGs
[2025-01-28T06:43:17.371+0000] {logging_mixin.py:190} INFO - [2025-01-28T06:43:17.371+0000] {dag.py:4180} INFO - Setting next_dagrun for example_dynamic_task_mapping to None, run_after=None
[2025-01-28T06:43:17.539+0000] {processor.py:208} INFO - Processing /home/ubuntu/.local/lib/python3.12/site-packages/airflow/example_dags/example_dynamic_task_mapping.py took 0.213 seconds
[2025-01-28T06:44:22.122+0000] {processor.py:186} INFO - Started process (PID=6676) to work on /home/ubuntu/.local/lib/python3.12/site-packages/airflow/example_dags/example_dynamic_task_mapping.py
[2025-01-28T06:44:22.124+0000] {processor.py:914} INFO - Processing file /home/ubuntu/.local/lib/python3.12/site-packages/airflow/example_dags/example_dynamic_task_mapping.py for tasks to queue
[2025-01-28T06:44:22.126+0000] {logging_mixin.py:190} INFO - [2025-01-28T06:44:22.126+0000] {dagbag.py:588} INFO - Filling up the DagBag from /home/ubuntu/.local/lib/python3.12/site-packages/airflow/example_dags/example_dynamic_task_mapping.py
[2025-01-28T06:44:22.135+0000] {processor.py:925} INFO - DAG(s) 'example_dynamic_task_mapping' retrieved from /home/ubuntu/.local/lib/python3.12/site-packages/airflow/example_dags/example_dynamic_task_mapping.py
[2025-01-28T06:44:22.150+0000] {logging_mixin.py:190} INFO - [2025-01-28T06:44:22.150+0000] {dag.py:3239} INFO - Sync 1 DAGs
[2025-01-28T06:44:22.163+0000] {logging_mixin.py:190} INFO - [2025-01-28T06:44:22.163+0000] {dag.py:4180} INFO - Setting next_dagrun for example_dynamic_task_mapping to None, run_after=None
[2025-01-28T06:44:22.214+0000] {processor.py:208} INFO - Processing /home/ubuntu/.local/lib/python3.12/site-packages/airflow/example_dags/example_dynamic_task_mapping.py took 0.097 seconds
[2025-01-28T06:45:28.514+0000] {processor.py:186} INFO - Started process (PID=6742) to work on /home/ubuntu/.local/lib/python3.12/site-packages/airflow/example_dags/example_dynamic_task_mapping.py
[2025-01-28T06:45:28.515+0000] {processor.py:914} INFO - Processing file /home/ubuntu/.local/lib/python3.12/site-packages/airflow/example_dags/example_dynamic_task_mapping.py for tasks to queue
[2025-01-28T06:45:28.518+0000] {logging_mixin.py:190} INFO - [2025-01-28T06:45:28.517+0000] {dagbag.py:588} INFO - Filling up the DagBag from /home/ubuntu/.local/lib/python3.12/site-packages/airflow/example_dags/example_dynamic_task_mapping.py
[2025-01-28T06:45:28.526+0000] {processor.py:925} INFO - DAG(s) 'example_dynamic_task_mapping' retrieved from /home/ubuntu/.local/lib/python3.12/site-packages/airflow/example_dags/example_dynamic_task_mapping.py
[2025-01-28T06:45:28.541+0000] {logging_mixin.py:190} INFO - [2025-01-28T06:45:28.541+0000] {dag.py:3239} INFO - Sync 1 DAGs
[2025-01-28T06:45:28.552+0000] {logging_mixin.py:190} INFO - [2025-01-28T06:45:28.551+0000] {dag.py:4180} INFO - Setting next_dagrun for example_dynamic_task_mapping to None, run_after=None
[2025-01-28T06:45:28.574+0000] {processor.py:208} INFO - Processing /home/ubuntu/.local/lib/python3.12/site-packages/airflow/example_dags/example_dynamic_task_mapping.py took 0.065 seconds
[2025-01-28T06:46:23.500+0000] {processor.py:186} INFO - Started process (PID=6964) to work on /home/ubuntu/.local/lib/python3.12/site-packages/airflow/example_dags/example_dynamic_task_mapping.py
[2025-01-28T06:46:23.501+0000] {processor.py:914} INFO - Processing file /home/ubuntu/.local/lib/python3.12/site-packages/airflow/example_dags/example_dynamic_task_mapping.py for tasks to queue
[2025-01-28T06:46:23.503+0000] {logging_mixin.py:190} INFO - [2025-01-28T06:46:23.503+0000] {dagbag.py:588} INFO - Filling up the DagBag from /home/ubuntu/.local/lib/python3.12/site-packages/airflow/example_dags/example_dynamic_task_mapping.py
[2025-01-28T06:46:23.512+0000] {processor.py:925} INFO - DAG(s) 'example_dynamic_task_mapping' retrieved from /home/ubuntu/.local/lib/python3.12/site-packages/airflow/example_dags/example_dynamic_task_mapping.py
[2025-01-28T06:46:23.527+0000] {logging_mixin.py:190} INFO - [2025-01-28T06:46:23.527+0000] {dag.py:3239} INFO - Sync 1 DAGs
[2025-01-28T06:46:23.538+0000] {logging_mixin.py:190} INFO - [2025-01-28T06:46:23.538+0000] {dag.py:4180} INFO - Setting next_dagrun for example_dynamic_task_mapping to None, run_after=None
[2025-01-28T06:46:23.561+0000] {processor.py:208} INFO - Processing /home/ubuntu/.local/lib/python3.12/site-packages/airflow/example_dags/example_dynamic_task_mapping.py took 0.067 seconds
