[2025-01-28T03:39:47.863+0000] {processor.py:186} INFO - Started process (PID=9645) to work on /home/ubuntu/airflow-venv/lib/python3.12/site-packages/airflow/example_dags/example_params_ui_tutorial.py
[2025-01-28T03:39:47.864+0000] {processor.py:914} INFO - Processing file /home/ubuntu/airflow-venv/lib/python3.12/site-packages/airflow/example_dags/example_params_ui_tutorial.py for tasks to queue
[2025-01-28T03:39:47.865+0000] {logging_mixin.py:190} INFO - [2025-01-28T03:39:47.865+0000] {dagbag.py:588} INFO - Filling up the DagBag from /home/ubuntu/airflow-venv/lib/python3.12/site-packages/airflow/example_dags/example_params_ui_tutorial.py
[2025-01-28T03:39:47.875+0000] {processor.py:925} INFO - DAG(s) 'example_params_ui_tutorial' retrieved from /home/ubuntu/airflow-venv/lib/python3.12/site-packages/airflow/example_dags/example_params_ui_tutorial.py
[2025-01-28T03:39:47.997+0000] {logging_mixin.py:190} INFO - [2025-01-28T03:39:47.996+0000] {override.py:1912} INFO - Created Permission View: can read on DAG:example_params_ui_tutorial
[2025-01-28T03:39:48.011+0000] {logging_mixin.py:190} INFO - [2025-01-28T03:39:48.011+0000] {override.py:1912} INFO - Created Permission View: can delete on DAG:example_params_ui_tutorial
[2025-01-28T03:39:48.022+0000] {logging_mixin.py:190} INFO - [2025-01-28T03:39:48.022+0000] {override.py:1912} INFO - Created Permission View: can edit on DAG:example_params_ui_tutorial
[2025-01-28T03:39:48.040+0000] {logging_mixin.py:190} INFO - [2025-01-28T03:39:48.040+0000] {override.py:1912} INFO - Created Permission View: menu access on DAG Run:example_params_ui_tutorial
[2025-01-28T03:39:48.051+0000] {logging_mixin.py:190} INFO - [2025-01-28T03:39:48.051+0000] {override.py:1912} INFO - Created Permission View: can read on DAG Run:example_params_ui_tutorial
[2025-01-28T03:39:48.063+0000] {logging_mixin.py:190} INFO - [2025-01-28T03:39:48.063+0000] {override.py:1912} INFO - Created Permission View: can delete on DAG Run:example_params_ui_tutorial
[2025-01-28T03:39:48.074+0000] {logging_mixin.py:190} INFO - [2025-01-28T03:39:48.074+0000] {override.py:1912} INFO - Created Permission View: can create on DAG Run:example_params_ui_tutorial
[2025-01-28T03:39:48.074+0000] {logging_mixin.py:190} INFO - [2025-01-28T03:39:48.074+0000] {dag.py:3239} INFO - Sync 1 DAGs
[2025-01-28T03:39:48.084+0000] {logging_mixin.py:190} INFO - [2025-01-28T03:39:48.084+0000] {dag.py:3262} INFO - Creating ORM DAG for example_params_ui_tutorial
[2025-01-28T03:39:48.085+0000] {logging_mixin.py:190} INFO - [2025-01-28T03:39:48.084+0000] {dag.py:4180} INFO - Setting next_dagrun for example_params_ui_tutorial to None, run_after=None
[2025-01-28T03:39:48.106+0000] {processor.py:208} INFO - Processing /home/ubuntu/airflow-venv/lib/python3.12/site-packages/airflow/example_dags/example_params_ui_tutorial.py took 0.248 seconds
[2025-01-28T03:40:51.447+0000] {processor.py:186} INFO - Started process (PID=9706) to work on /home/ubuntu/airflow-venv/lib/python3.12/site-packages/airflow/example_dags/example_params_ui_tutorial.py
[2025-01-28T03:40:51.450+0000] {processor.py:914} INFO - Processing file /home/ubuntu/airflow-venv/lib/python3.12/site-packages/airflow/example_dags/example_params_ui_tutorial.py for tasks to queue
[2025-01-28T03:40:51.451+0000] {logging_mixin.py:190} INFO - [2025-01-28T03:40:51.451+0000] {dagbag.py:588} INFO - Filling up the DagBag from /home/ubuntu/airflow-venv/lib/python3.12/site-packages/airflow/example_dags/example_params_ui_tutorial.py
[2025-01-28T03:40:51.460+0000] {processor.py:925} INFO - DAG(s) 'example_params_ui_tutorial' retrieved from /home/ubuntu/airflow-venv/lib/python3.12/site-packages/airflow/example_dags/example_params_ui_tutorial.py
[2025-01-28T03:40:51.496+0000] {logging_mixin.py:190} INFO - [2025-01-28T03:40:51.496+0000] {dag.py:3239} INFO - Sync 1 DAGs
[2025-01-28T03:40:51.507+0000] {logging_mixin.py:190} INFO - [2025-01-28T03:40:51.507+0000] {dag.py:4180} INFO - Setting next_dagrun for example_params_ui_tutorial to None, run_after=None
[2025-01-28T03:40:51.531+0000] {processor.py:208} INFO - Processing /home/ubuntu/airflow-venv/lib/python3.12/site-packages/airflow/example_dags/example_params_ui_tutorial.py took 0.088 seconds
[2025-01-28T03:43:28.784+0000] {processor.py:186} INFO - Started process (PID=9807) to work on /home/ubuntu/airflow-venv/lib/python3.12/site-packages/airflow/example_dags/example_params_ui_tutorial.py
[2025-01-28T03:43:28.786+0000] {processor.py:914} INFO - Processing file /home/ubuntu/airflow-venv/lib/python3.12/site-packages/airflow/example_dags/example_params_ui_tutorial.py for tasks to queue
[2025-01-28T03:43:28.788+0000] {logging_mixin.py:190} INFO - [2025-01-28T03:43:28.788+0000] {dagbag.py:588} INFO - Filling up the DagBag from /home/ubuntu/airflow-venv/lib/python3.12/site-packages/airflow/example_dags/example_params_ui_tutorial.py
[2025-01-28T03:43:28.796+0000] {processor.py:925} INFO - DAG(s) 'example_params_ui_tutorial' retrieved from /home/ubuntu/airflow-venv/lib/python3.12/site-packages/airflow/example_dags/example_params_ui_tutorial.py
[2025-01-28T03:43:28.834+0000] {logging_mixin.py:190} INFO - [2025-01-28T03:43:28.834+0000] {dag.py:3239} INFO - Sync 1 DAGs
[2025-01-28T03:43:28.846+0000] {logging_mixin.py:190} INFO - [2025-01-28T03:43:28.846+0000] {dag.py:4180} INFO - Setting next_dagrun for example_params_ui_tutorial to None, run_after=None
[2025-01-28T03:43:28.868+0000] {processor.py:208} INFO - Processing /home/ubuntu/airflow-venv/lib/python3.12/site-packages/airflow/example_dags/example_params_ui_tutorial.py took 0.089 seconds
[2025-01-28T03:44:25.564+0000] {processor.py:186} INFO - Started process (PID=9865) to work on /home/ubuntu/airflow-venv/lib/python3.12/site-packages/airflow/example_dags/example_params_ui_tutorial.py
[2025-01-28T03:44:25.566+0000] {processor.py:914} INFO - Processing file /home/ubuntu/airflow-venv/lib/python3.12/site-packages/airflow/example_dags/example_params_ui_tutorial.py for tasks to queue
[2025-01-28T03:44:25.568+0000] {logging_mixin.py:190} INFO - [2025-01-28T03:44:25.568+0000] {dagbag.py:588} INFO - Filling up the DagBag from /home/ubuntu/airflow-venv/lib/python3.12/site-packages/airflow/example_dags/example_params_ui_tutorial.py
[2025-01-28T03:44:25.577+0000] {processor.py:925} INFO - DAG(s) 'example_params_ui_tutorial' retrieved from /home/ubuntu/airflow-venv/lib/python3.12/site-packages/airflow/example_dags/example_params_ui_tutorial.py
[2025-01-28T03:44:25.612+0000] {logging_mixin.py:190} INFO - [2025-01-28T03:44:25.612+0000] {dag.py:3239} INFO - Sync 1 DAGs
[2025-01-28T03:44:25.624+0000] {logging_mixin.py:190} INFO - [2025-01-28T03:44:25.624+0000] {dag.py:4180} INFO - Setting next_dagrun for example_params_ui_tutorial to None, run_after=None
[2025-01-28T03:44:25.647+0000] {processor.py:208} INFO - Processing /home/ubuntu/airflow-venv/lib/python3.12/site-packages/airflow/example_dags/example_params_ui_tutorial.py took 0.088 seconds
[2025-01-28T03:45:20.482+0000] {processor.py:186} INFO - Started process (PID=9927) to work on /home/ubuntu/airflow-venv/lib/python3.12/site-packages/airflow/example_dags/example_params_ui_tutorial.py
[2025-01-28T03:45:20.483+0000] {processor.py:914} INFO - Processing file /home/ubuntu/airflow-venv/lib/python3.12/site-packages/airflow/example_dags/example_params_ui_tutorial.py for tasks to queue
[2025-01-28T03:45:20.485+0000] {logging_mixin.py:190} INFO - [2025-01-28T03:45:20.484+0000] {dagbag.py:588} INFO - Filling up the DagBag from /home/ubuntu/airflow-venv/lib/python3.12/site-packages/airflow/example_dags/example_params_ui_tutorial.py
[2025-01-28T03:45:20.493+0000] {processor.py:925} INFO - DAG(s) 'example_params_ui_tutorial' retrieved from /home/ubuntu/airflow-venv/lib/python3.12/site-packages/airflow/example_dags/example_params_ui_tutorial.py
[2025-01-28T03:45:20.529+0000] {logging_mixin.py:190} INFO - [2025-01-28T03:45:20.529+0000] {dag.py:3239} INFO - Sync 1 DAGs
[2025-01-28T03:45:20.541+0000] {logging_mixin.py:190} INFO - [2025-01-28T03:45:20.540+0000] {dag.py:4180} INFO - Setting next_dagrun for example_params_ui_tutorial to None, run_after=None
[2025-01-28T03:45:20.562+0000] {processor.py:208} INFO - Processing /home/ubuntu/airflow-venv/lib/python3.12/site-packages/airflow/example_dags/example_params_ui_tutorial.py took 0.086 seconds
[2025-01-28T03:46:13.601+0000] {processor.py:186} INFO - Started process (PID=9981) to work on /home/ubuntu/airflow-venv/lib/python3.12/site-packages/airflow/example_dags/example_params_ui_tutorial.py
[2025-01-28T03:46:13.602+0000] {processor.py:914} INFO - Processing file /home/ubuntu/airflow-venv/lib/python3.12/site-packages/airflow/example_dags/example_params_ui_tutorial.py for tasks to queue
[2025-01-28T03:46:13.604+0000] {logging_mixin.py:190} INFO - [2025-01-28T03:46:13.603+0000] {dagbag.py:588} INFO - Filling up the DagBag from /home/ubuntu/airflow-venv/lib/python3.12/site-packages/airflow/example_dags/example_params_ui_tutorial.py
[2025-01-28T03:46:13.613+0000] {processor.py:925} INFO - DAG(s) 'example_params_ui_tutorial' retrieved from /home/ubuntu/airflow-venv/lib/python3.12/site-packages/airflow/example_dags/example_params_ui_tutorial.py
[2025-01-28T03:46:13.649+0000] {logging_mixin.py:190} INFO - [2025-01-28T03:46:13.649+0000] {dag.py:3239} INFO - Sync 1 DAGs
[2025-01-28T03:46:13.661+0000] {logging_mixin.py:190} INFO - [2025-01-28T03:46:13.661+0000] {dag.py:4180} INFO - Setting next_dagrun for example_params_ui_tutorial to None, run_after=None
[2025-01-28T03:46:13.684+0000] {processor.py:208} INFO - Processing /home/ubuntu/airflow-venv/lib/python3.12/site-packages/airflow/example_dags/example_params_ui_tutorial.py took 0.089 seconds
[2025-01-28T03:47:05.644+0000] {processor.py:186} INFO - Started process (PID=10035) to work on /home/ubuntu/airflow-venv/lib/python3.12/site-packages/airflow/example_dags/example_params_ui_tutorial.py
[2025-01-28T03:47:05.645+0000] {processor.py:914} INFO - Processing file /home/ubuntu/airflow-venv/lib/python3.12/site-packages/airflow/example_dags/example_params_ui_tutorial.py for tasks to queue
[2025-01-28T03:47:05.647+0000] {logging_mixin.py:190} INFO - [2025-01-28T03:47:05.647+0000] {dagbag.py:588} INFO - Filling up the DagBag from /home/ubuntu/airflow-venv/lib/python3.12/site-packages/airflow/example_dags/example_params_ui_tutorial.py
[2025-01-28T03:47:05.655+0000] {processor.py:925} INFO - DAG(s) 'example_params_ui_tutorial' retrieved from /home/ubuntu/airflow-venv/lib/python3.12/site-packages/airflow/example_dags/example_params_ui_tutorial.py
[2025-01-28T03:47:05.692+0000] {logging_mixin.py:190} INFO - [2025-01-28T03:47:05.691+0000] {dag.py:3239} INFO - Sync 1 DAGs
[2025-01-28T03:47:05.703+0000] {logging_mixin.py:190} INFO - [2025-01-28T03:47:05.703+0000] {dag.py:4180} INFO - Setting next_dagrun for example_params_ui_tutorial to None, run_after=None
[2025-01-28T03:47:05.724+0000] {processor.py:208} INFO - Processing /home/ubuntu/airflow-venv/lib/python3.12/site-packages/airflow/example_dags/example_params_ui_tutorial.py took 0.086 seconds
[2025-01-28T03:47:57.056+0000] {processor.py:186} INFO - Started process (PID=10087) to work on /home/ubuntu/airflow-venv/lib/python3.12/site-packages/airflow/example_dags/example_params_ui_tutorial.py
[2025-01-28T03:47:57.058+0000] {processor.py:914} INFO - Processing file /home/ubuntu/airflow-venv/lib/python3.12/site-packages/airflow/example_dags/example_params_ui_tutorial.py for tasks to queue
[2025-01-28T03:47:57.059+0000] {logging_mixin.py:190} INFO - [2025-01-28T03:47:57.059+0000] {dagbag.py:588} INFO - Filling up the DagBag from /home/ubuntu/airflow-venv/lib/python3.12/site-packages/airflow/example_dags/example_params_ui_tutorial.py
[2025-01-28T03:47:57.068+0000] {processor.py:925} INFO - DAG(s) 'example_params_ui_tutorial' retrieved from /home/ubuntu/airflow-venv/lib/python3.12/site-packages/airflow/example_dags/example_params_ui_tutorial.py
[2025-01-28T03:47:57.104+0000] {logging_mixin.py:190} INFO - [2025-01-28T03:47:57.104+0000] {dag.py:3239} INFO - Sync 1 DAGs
[2025-01-28T03:47:57.115+0000] {logging_mixin.py:190} INFO - [2025-01-28T03:47:57.115+0000] {dag.py:4180} INFO - Setting next_dagrun for example_params_ui_tutorial to None, run_after=None
[2025-01-28T03:47:57.137+0000] {processor.py:208} INFO - Processing /home/ubuntu/airflow-venv/lib/python3.12/site-packages/airflow/example_dags/example_params_ui_tutorial.py took 0.086 seconds
[2025-01-28T03:48:48.406+0000] {processor.py:186} INFO - Started process (PID=10142) to work on /home/ubuntu/airflow-venv/lib/python3.12/site-packages/airflow/example_dags/example_params_ui_tutorial.py
[2025-01-28T03:48:48.408+0000] {processor.py:914} INFO - Processing file /home/ubuntu/airflow-venv/lib/python3.12/site-packages/airflow/example_dags/example_params_ui_tutorial.py for tasks to queue
[2025-01-28T03:48:48.409+0000] {logging_mixin.py:190} INFO - [2025-01-28T03:48:48.409+0000] {dagbag.py:588} INFO - Filling up the DagBag from /home/ubuntu/airflow-venv/lib/python3.12/site-packages/airflow/example_dags/example_params_ui_tutorial.py
[2025-01-28T03:48:48.418+0000] {processor.py:925} INFO - DAG(s) 'example_params_ui_tutorial' retrieved from /home/ubuntu/airflow-venv/lib/python3.12/site-packages/airflow/example_dags/example_params_ui_tutorial.py
[2025-01-28T03:48:48.454+0000] {logging_mixin.py:190} INFO - [2025-01-28T03:48:48.454+0000] {dag.py:3239} INFO - Sync 1 DAGs
[2025-01-28T03:48:48.466+0000] {logging_mixin.py:190} INFO - [2025-01-28T03:48:48.466+0000] {dag.py:4180} INFO - Setting next_dagrun for example_params_ui_tutorial to None, run_after=None
[2025-01-28T03:48:48.488+0000] {processor.py:208} INFO - Processing /home/ubuntu/airflow-venv/lib/python3.12/site-packages/airflow/example_dags/example_params_ui_tutorial.py took 0.087 seconds
[2025-01-28T03:49:38.518+0000] {processor.py:186} INFO - Started process (PID=10194) to work on /home/ubuntu/airflow-venv/lib/python3.12/site-packages/airflow/example_dags/example_params_ui_tutorial.py
[2025-01-28T03:49:38.519+0000] {processor.py:914} INFO - Processing file /home/ubuntu/airflow-venv/lib/python3.12/site-packages/airflow/example_dags/example_params_ui_tutorial.py for tasks to queue
[2025-01-28T03:49:38.521+0000] {logging_mixin.py:190} INFO - [2025-01-28T03:49:38.520+0000] {dagbag.py:588} INFO - Filling up the DagBag from /home/ubuntu/airflow-venv/lib/python3.12/site-packages/airflow/example_dags/example_params_ui_tutorial.py
[2025-01-28T03:49:38.529+0000] {processor.py:925} INFO - DAG(s) 'example_params_ui_tutorial' retrieved from /home/ubuntu/airflow-venv/lib/python3.12/site-packages/airflow/example_dags/example_params_ui_tutorial.py
[2025-01-28T03:49:38.566+0000] {logging_mixin.py:190} INFO - [2025-01-28T03:49:38.566+0000] {dag.py:3239} INFO - Sync 1 DAGs
[2025-01-28T03:49:38.577+0000] {logging_mixin.py:190} INFO - [2025-01-28T03:49:38.577+0000] {dag.py:4180} INFO - Setting next_dagrun for example_params_ui_tutorial to None, run_after=None
[2025-01-28T03:49:38.599+0000] {processor.py:208} INFO - Processing /home/ubuntu/airflow-venv/lib/python3.12/site-packages/airflow/example_dags/example_params_ui_tutorial.py took 0.087 seconds
[2025-01-28T05:55:23.657+0000] {processor.py:186} INFO - Started process (PID=1915) to work on /home/ubuntu/.local/lib/python3.12/site-packages/airflow/example_dags/example_params_ui_tutorial.py
[2025-01-28T05:55:23.659+0000] {processor.py:914} INFO - Processing file /home/ubuntu/.local/lib/python3.12/site-packages/airflow/example_dags/example_params_ui_tutorial.py for tasks to queue
[2025-01-28T05:55:23.661+0000] {logging_mixin.py:190} INFO - [2025-01-28T05:55:23.661+0000] {dagbag.py:588} INFO - Filling up the DagBag from /home/ubuntu/.local/lib/python3.12/site-packages/airflow/example_dags/example_params_ui_tutorial.py
[2025-01-28T05:55:23.670+0000] {processor.py:925} INFO - DAG(s) 'example_params_ui_tutorial' retrieved from /home/ubuntu/.local/lib/python3.12/site-packages/airflow/example_dags/example_params_ui_tutorial.py
[2025-01-28T05:55:23.787+0000] {logging_mixin.py:190} INFO - [2025-01-28T05:55:23.786+0000] {dag.py:3239} INFO - Sync 1 DAGs
[2025-01-28T05:55:23.800+0000] {logging_mixin.py:190} INFO - [2025-01-28T05:55:23.800+0000] {dag.py:4180} INFO - Setting next_dagrun for example_params_ui_tutorial to None, run_after=None
[2025-01-28T05:55:23.829+0000] {processor.py:208} INFO - Processing /home/ubuntu/.local/lib/python3.12/site-packages/airflow/example_dags/example_params_ui_tutorial.py took 0.177 seconds
[2025-01-28T05:56:22.194+0000] {processor.py:186} INFO - Started process (PID=1974) to work on /home/ubuntu/.local/lib/python3.12/site-packages/airflow/example_dags/example_params_ui_tutorial.py
[2025-01-28T05:56:22.196+0000] {processor.py:914} INFO - Processing file /home/ubuntu/.local/lib/python3.12/site-packages/airflow/example_dags/example_params_ui_tutorial.py for tasks to queue
[2025-01-28T05:56:22.199+0000] {logging_mixin.py:190} INFO - [2025-01-28T05:56:22.198+0000] {dagbag.py:588} INFO - Filling up the DagBag from /home/ubuntu/.local/lib/python3.12/site-packages/airflow/example_dags/example_params_ui_tutorial.py
[2025-01-28T05:56:22.207+0000] {processor.py:925} INFO - DAG(s) 'example_params_ui_tutorial' retrieved from /home/ubuntu/.local/lib/python3.12/site-packages/airflow/example_dags/example_params_ui_tutorial.py
[2025-01-28T05:56:22.243+0000] {logging_mixin.py:190} INFO - [2025-01-28T05:56:22.243+0000] {dag.py:3239} INFO - Sync 1 DAGs
[2025-01-28T05:56:22.264+0000] {logging_mixin.py:190} INFO - [2025-01-28T05:56:22.264+0000] {dag.py:4180} INFO - Setting next_dagrun for example_params_ui_tutorial to None, run_after=None
[2025-01-28T05:56:22.291+0000] {processor.py:208} INFO - Processing /home/ubuntu/.local/lib/python3.12/site-packages/airflow/example_dags/example_params_ui_tutorial.py took 0.102 seconds
[2025-01-28T05:57:19.543+0000] {processor.py:186} INFO - Started process (PID=2066) to work on /home/ubuntu/.local/lib/python3.12/site-packages/airflow/example_dags/example_params_ui_tutorial.py
[2025-01-28T05:57:19.544+0000] {processor.py:914} INFO - Processing file /home/ubuntu/.local/lib/python3.12/site-packages/airflow/example_dags/example_params_ui_tutorial.py for tasks to queue
[2025-01-28T05:57:19.546+0000] {logging_mixin.py:190} INFO - [2025-01-28T05:57:19.546+0000] {dagbag.py:588} INFO - Filling up the DagBag from /home/ubuntu/.local/lib/python3.12/site-packages/airflow/example_dags/example_params_ui_tutorial.py
[2025-01-28T05:57:19.555+0000] {processor.py:925} INFO - DAG(s) 'example_params_ui_tutorial' retrieved from /home/ubuntu/.local/lib/python3.12/site-packages/airflow/example_dags/example_params_ui_tutorial.py
[2025-01-28T05:57:19.591+0000] {logging_mixin.py:190} INFO - [2025-01-28T05:57:19.590+0000] {dag.py:3239} INFO - Sync 1 DAGs
[2025-01-28T05:57:19.603+0000] {logging_mixin.py:190} INFO - [2025-01-28T05:57:19.602+0000] {dag.py:4180} INFO - Setting next_dagrun for example_params_ui_tutorial to None, run_after=None
[2025-01-28T05:57:19.625+0000] {processor.py:208} INFO - Processing /home/ubuntu/.local/lib/python3.12/site-packages/airflow/example_dags/example_params_ui_tutorial.py took 0.087 seconds
[2025-01-28T05:58:16.822+0000] {processor.py:186} INFO - Started process (PID=2124) to work on /home/ubuntu/.local/lib/python3.12/site-packages/airflow/example_dags/example_params_ui_tutorial.py
[2025-01-28T05:58:16.823+0000] {processor.py:914} INFO - Processing file /home/ubuntu/.local/lib/python3.12/site-packages/airflow/example_dags/example_params_ui_tutorial.py for tasks to queue
[2025-01-28T05:58:16.826+0000] {logging_mixin.py:190} INFO - [2025-01-28T05:58:16.825+0000] {dagbag.py:588} INFO - Filling up the DagBag from /home/ubuntu/.local/lib/python3.12/site-packages/airflow/example_dags/example_params_ui_tutorial.py
[2025-01-28T05:58:16.835+0000] {processor.py:925} INFO - DAG(s) 'example_params_ui_tutorial' retrieved from /home/ubuntu/.local/lib/python3.12/site-packages/airflow/example_dags/example_params_ui_tutorial.py
[2025-01-28T05:58:16.871+0000] {logging_mixin.py:190} INFO - [2025-01-28T05:58:16.870+0000] {dag.py:3239} INFO - Sync 1 DAGs
[2025-01-28T05:58:16.882+0000] {logging_mixin.py:190} INFO - [2025-01-28T05:58:16.882+0000] {dag.py:4180} INFO - Setting next_dagrun for example_params_ui_tutorial to None, run_after=None
[2025-01-28T05:58:16.905+0000] {processor.py:208} INFO - Processing /home/ubuntu/.local/lib/python3.12/site-packages/airflow/example_dags/example_params_ui_tutorial.py took 0.088 seconds
[2025-01-28T05:59:12.775+0000] {processor.py:186} INFO - Started process (PID=2181) to work on /home/ubuntu/.local/lib/python3.12/site-packages/airflow/example_dags/example_params_ui_tutorial.py
[2025-01-28T05:59:12.776+0000] {processor.py:914} INFO - Processing file /home/ubuntu/.local/lib/python3.12/site-packages/airflow/example_dags/example_params_ui_tutorial.py for tasks to queue
[2025-01-28T05:59:12.778+0000] {logging_mixin.py:190} INFO - [2025-01-28T05:59:12.777+0000] {dagbag.py:588} INFO - Filling up the DagBag from /home/ubuntu/.local/lib/python3.12/site-packages/airflow/example_dags/example_params_ui_tutorial.py
[2025-01-28T05:59:12.786+0000] {processor.py:925} INFO - DAG(s) 'example_params_ui_tutorial' retrieved from /home/ubuntu/.local/lib/python3.12/site-packages/airflow/example_dags/example_params_ui_tutorial.py
[2025-01-28T05:59:12.821+0000] {logging_mixin.py:190} INFO - [2025-01-28T05:59:12.821+0000] {dag.py:3239} INFO - Sync 1 DAGs
[2025-01-28T05:59:12.832+0000] {logging_mixin.py:190} INFO - [2025-01-28T05:59:12.832+0000] {dag.py:4180} INFO - Setting next_dagrun for example_params_ui_tutorial to None, run_after=None
[2025-01-28T05:59:12.855+0000] {processor.py:208} INFO - Processing /home/ubuntu/.local/lib/python3.12/site-packages/airflow/example_dags/example_params_ui_tutorial.py took 0.086 seconds
[2025-01-28T06:00:06.200+0000] {processor.py:186} INFO - Started process (PID=2237) to work on /home/ubuntu/.local/lib/python3.12/site-packages/airflow/example_dags/example_params_ui_tutorial.py
[2025-01-28T06:00:06.202+0000] {processor.py:914} INFO - Processing file /home/ubuntu/.local/lib/python3.12/site-packages/airflow/example_dags/example_params_ui_tutorial.py for tasks to queue
[2025-01-28T06:00:06.204+0000] {logging_mixin.py:190} INFO - [2025-01-28T06:00:06.203+0000] {dagbag.py:588} INFO - Filling up the DagBag from /home/ubuntu/.local/lib/python3.12/site-packages/airflow/example_dags/example_params_ui_tutorial.py
[2025-01-28T06:00:06.212+0000] {processor.py:925} INFO - DAG(s) 'example_params_ui_tutorial' retrieved from /home/ubuntu/.local/lib/python3.12/site-packages/airflow/example_dags/example_params_ui_tutorial.py
[2025-01-28T06:00:06.253+0000] {logging_mixin.py:190} INFO - [2025-01-28T06:00:06.252+0000] {dag.py:3239} INFO - Sync 1 DAGs
[2025-01-28T06:00:06.264+0000] {logging_mixin.py:190} INFO - [2025-01-28T06:00:06.264+0000] {dag.py:4180} INFO - Setting next_dagrun for example_params_ui_tutorial to None, run_after=None
[2025-01-28T06:00:06.287+0000] {processor.py:208} INFO - Processing /home/ubuntu/.local/lib/python3.12/site-packages/airflow/example_dags/example_params_ui_tutorial.py took 0.093 seconds
[2025-01-28T06:00:58.667+0000] {processor.py:186} INFO - Started process (PID=2295) to work on /home/ubuntu/.local/lib/python3.12/site-packages/airflow/example_dags/example_params_ui_tutorial.py
[2025-01-28T06:00:58.669+0000] {processor.py:914} INFO - Processing file /home/ubuntu/.local/lib/python3.12/site-packages/airflow/example_dags/example_params_ui_tutorial.py for tasks to queue
[2025-01-28T06:00:58.671+0000] {logging_mixin.py:190} INFO - [2025-01-28T06:00:58.670+0000] {dagbag.py:588} INFO - Filling up the DagBag from /home/ubuntu/.local/lib/python3.12/site-packages/airflow/example_dags/example_params_ui_tutorial.py
[2025-01-28T06:00:58.680+0000] {processor.py:925} INFO - DAG(s) 'example_params_ui_tutorial' retrieved from /home/ubuntu/.local/lib/python3.12/site-packages/airflow/example_dags/example_params_ui_tutorial.py
[2025-01-28T06:00:58.717+0000] {logging_mixin.py:190} INFO - [2025-01-28T06:00:58.716+0000] {dag.py:3239} INFO - Sync 1 DAGs
[2025-01-28T06:00:58.727+0000] {logging_mixin.py:190} INFO - [2025-01-28T06:00:58.727+0000] {dag.py:4180} INFO - Setting next_dagrun for example_params_ui_tutorial to None, run_after=None
[2025-01-28T06:00:58.751+0000] {processor.py:208} INFO - Processing /home/ubuntu/.local/lib/python3.12/site-packages/airflow/example_dags/example_params_ui_tutorial.py took 0.090 seconds
[2025-01-28T06:01:51.395+0000] {processor.py:186} INFO - Started process (PID=2354) to work on /home/ubuntu/.local/lib/python3.12/site-packages/airflow/example_dags/example_params_ui_tutorial.py
[2025-01-28T06:01:51.397+0000] {processor.py:914} INFO - Processing file /home/ubuntu/.local/lib/python3.12/site-packages/airflow/example_dags/example_params_ui_tutorial.py for tasks to queue
[2025-01-28T06:01:51.399+0000] {logging_mixin.py:190} INFO - [2025-01-28T06:01:51.399+0000] {dagbag.py:588} INFO - Filling up the DagBag from /home/ubuntu/.local/lib/python3.12/site-packages/airflow/example_dags/example_params_ui_tutorial.py
[2025-01-28T06:01:51.407+0000] {processor.py:925} INFO - DAG(s) 'example_params_ui_tutorial' retrieved from /home/ubuntu/.local/lib/python3.12/site-packages/airflow/example_dags/example_params_ui_tutorial.py
[2025-01-28T06:01:51.443+0000] {logging_mixin.py:190} INFO - [2025-01-28T06:01:51.443+0000] {dag.py:3239} INFO - Sync 1 DAGs
[2025-01-28T06:01:51.455+0000] {logging_mixin.py:190} INFO - [2025-01-28T06:01:51.455+0000] {dag.py:4180} INFO - Setting next_dagrun for example_params_ui_tutorial to None, run_after=None
[2025-01-28T06:01:51.476+0000] {processor.py:208} INFO - Processing /home/ubuntu/.local/lib/python3.12/site-packages/airflow/example_dags/example_params_ui_tutorial.py took 0.085 seconds
[2025-01-28T06:02:42.468+0000] {processor.py:186} INFO - Started process (PID=2419) to work on /home/ubuntu/.local/lib/python3.12/site-packages/airflow/example_dags/example_params_ui_tutorial.py
[2025-01-28T06:02:42.469+0000] {processor.py:914} INFO - Processing file /home/ubuntu/.local/lib/python3.12/site-packages/airflow/example_dags/example_params_ui_tutorial.py for tasks to queue
[2025-01-28T06:02:42.471+0000] {logging_mixin.py:190} INFO - [2025-01-28T06:02:42.471+0000] {dagbag.py:588} INFO - Filling up the DagBag from /home/ubuntu/.local/lib/python3.12/site-packages/airflow/example_dags/example_params_ui_tutorial.py
[2025-01-28T06:02:42.480+0000] {processor.py:925} INFO - DAG(s) 'example_params_ui_tutorial' retrieved from /home/ubuntu/.local/lib/python3.12/site-packages/airflow/example_dags/example_params_ui_tutorial.py
[2025-01-28T06:02:42.516+0000] {logging_mixin.py:190} INFO - [2025-01-28T06:02:42.516+0000] {dag.py:3239} INFO - Sync 1 DAGs
[2025-01-28T06:02:42.527+0000] {logging_mixin.py:190} INFO - [2025-01-28T06:02:42.527+0000] {dag.py:4180} INFO - Setting next_dagrun for example_params_ui_tutorial to None, run_after=None
[2025-01-28T06:02:42.549+0000] {processor.py:208} INFO - Processing /home/ubuntu/.local/lib/python3.12/site-packages/airflow/example_dags/example_params_ui_tutorial.py took 0.086 seconds
[2025-01-28T06:03:40.712+0000] {processor.py:186} INFO - Started process (PID=2479) to work on /home/ubuntu/.local/lib/python3.12/site-packages/airflow/example_dags/example_params_ui_tutorial.py
[2025-01-28T06:03:40.715+0000] {processor.py:914} INFO - Processing file /home/ubuntu/.local/lib/python3.12/site-packages/airflow/example_dags/example_params_ui_tutorial.py for tasks to queue
[2025-01-28T06:03:40.717+0000] {logging_mixin.py:190} INFO - [2025-01-28T06:03:40.717+0000] {dagbag.py:588} INFO - Filling up the DagBag from /home/ubuntu/.local/lib/python3.12/site-packages/airflow/example_dags/example_params_ui_tutorial.py
[2025-01-28T06:03:40.729+0000] {processor.py:925} INFO - DAG(s) 'example_params_ui_tutorial' retrieved from /home/ubuntu/.local/lib/python3.12/site-packages/airflow/example_dags/example_params_ui_tutorial.py
[2025-01-28T06:03:40.767+0000] {logging_mixin.py:190} INFO - [2025-01-28T06:03:40.767+0000] {dag.py:3239} INFO - Sync 1 DAGs
[2025-01-28T06:03:40.781+0000] {logging_mixin.py:190} INFO - [2025-01-28T06:03:40.781+0000] {dag.py:4180} INFO - Setting next_dagrun for example_params_ui_tutorial to None, run_after=None
[2025-01-28T06:03:40.808+0000] {processor.py:208} INFO - Processing /home/ubuntu/.local/lib/python3.12/site-packages/airflow/example_dags/example_params_ui_tutorial.py took 0.101 seconds
[2025-01-28T06:04:42.388+0000] {processor.py:186} INFO - Started process (PID=2547) to work on /home/ubuntu/.local/lib/python3.12/site-packages/airflow/example_dags/example_params_ui_tutorial.py
[2025-01-28T06:04:42.390+0000] {processor.py:914} INFO - Processing file /home/ubuntu/.local/lib/python3.12/site-packages/airflow/example_dags/example_params_ui_tutorial.py for tasks to queue
[2025-01-28T06:04:42.393+0000] {logging_mixin.py:190} INFO - [2025-01-28T06:04:42.392+0000] {dagbag.py:588} INFO - Filling up the DagBag from /home/ubuntu/.local/lib/python3.12/site-packages/airflow/example_dags/example_params_ui_tutorial.py
[2025-01-28T06:04:42.401+0000] {processor.py:925} INFO - DAG(s) 'example_params_ui_tutorial' retrieved from /home/ubuntu/.local/lib/python3.12/site-packages/airflow/example_dags/example_params_ui_tutorial.py
[2025-01-28T06:04:42.437+0000] {logging_mixin.py:190} INFO - [2025-01-28T06:04:42.437+0000] {dag.py:3239} INFO - Sync 1 DAGs
[2025-01-28T06:04:42.449+0000] {logging_mixin.py:190} INFO - [2025-01-28T06:04:42.449+0000] {dag.py:4180} INFO - Setting next_dagrun for example_params_ui_tutorial to None, run_after=None
[2025-01-28T06:04:42.473+0000] {processor.py:208} INFO - Processing /home/ubuntu/.local/lib/python3.12/site-packages/airflow/example_dags/example_params_ui_tutorial.py took 0.091 seconds
[2025-01-28T06:05:39.194+0000] {processor.py:186} INFO - Started process (PID=2608) to work on /home/ubuntu/.local/lib/python3.12/site-packages/airflow/example_dags/example_params_ui_tutorial.py
[2025-01-28T06:05:39.197+0000] {processor.py:914} INFO - Processing file /home/ubuntu/.local/lib/python3.12/site-packages/airflow/example_dags/example_params_ui_tutorial.py for tasks to queue
[2025-01-28T06:05:39.199+0000] {logging_mixin.py:190} INFO - [2025-01-28T06:05:39.198+0000] {dagbag.py:588} INFO - Filling up the DagBag from /home/ubuntu/.local/lib/python3.12/site-packages/airflow/example_dags/example_params_ui_tutorial.py
[2025-01-28T06:05:39.208+0000] {processor.py:925} INFO - DAG(s) 'example_params_ui_tutorial' retrieved from /home/ubuntu/.local/lib/python3.12/site-packages/airflow/example_dags/example_params_ui_tutorial.py
[2025-01-28T06:05:39.245+0000] {logging_mixin.py:190} INFO - [2025-01-28T06:05:39.245+0000] {dag.py:3239} INFO - Sync 1 DAGs
[2025-01-28T06:05:39.260+0000] {logging_mixin.py:190} INFO - [2025-01-28T06:05:39.259+0000] {dag.py:4180} INFO - Setting next_dagrun for example_params_ui_tutorial to None, run_after=None
[2025-01-28T06:05:39.289+0000] {processor.py:208} INFO - Processing /home/ubuntu/.local/lib/python3.12/site-packages/airflow/example_dags/example_params_ui_tutorial.py took 0.100 seconds
[2025-01-28T06:06:52.436+0000] {processor.py:186} INFO - Started process (PID=2699) to work on /home/ubuntu/.local/lib/python3.12/site-packages/airflow/example_dags/example_params_ui_tutorial.py
[2025-01-28T06:06:52.438+0000] {processor.py:914} INFO - Processing file /home/ubuntu/.local/lib/python3.12/site-packages/airflow/example_dags/example_params_ui_tutorial.py for tasks to queue
[2025-01-28T06:06:52.440+0000] {logging_mixin.py:190} INFO - [2025-01-28T06:06:52.440+0000] {dagbag.py:588} INFO - Filling up the DagBag from /home/ubuntu/.local/lib/python3.12/site-packages/airflow/example_dags/example_params_ui_tutorial.py
[2025-01-28T06:06:52.449+0000] {processor.py:925} INFO - DAG(s) 'example_params_ui_tutorial' retrieved from /home/ubuntu/.local/lib/python3.12/site-packages/airflow/example_dags/example_params_ui_tutorial.py
[2025-01-28T06:06:52.484+0000] {logging_mixin.py:190} INFO - [2025-01-28T06:06:52.483+0000] {dag.py:3239} INFO - Sync 1 DAGs
[2025-01-28T06:06:52.496+0000] {logging_mixin.py:190} INFO - [2025-01-28T06:06:52.496+0000] {dag.py:4180} INFO - Setting next_dagrun for example_params_ui_tutorial to None, run_after=None
[2025-01-28T06:06:52.524+0000] {processor.py:208} INFO - Processing /home/ubuntu/.local/lib/python3.12/site-packages/airflow/example_dags/example_params_ui_tutorial.py took 0.093 seconds
[2025-01-28T06:07:51.825+0000] {processor.py:186} INFO - Started process (PID=2759) to work on /home/ubuntu/.local/lib/python3.12/site-packages/airflow/example_dags/example_params_ui_tutorial.py
[2025-01-28T06:07:51.826+0000] {processor.py:914} INFO - Processing file /home/ubuntu/.local/lib/python3.12/site-packages/airflow/example_dags/example_params_ui_tutorial.py for tasks to queue
[2025-01-28T06:07:51.828+0000] {logging_mixin.py:190} INFO - [2025-01-28T06:07:51.828+0000] {dagbag.py:588} INFO - Filling up the DagBag from /home/ubuntu/.local/lib/python3.12/site-packages/airflow/example_dags/example_params_ui_tutorial.py
[2025-01-28T06:07:51.837+0000] {processor.py:925} INFO - DAG(s) 'example_params_ui_tutorial' retrieved from /home/ubuntu/.local/lib/python3.12/site-packages/airflow/example_dags/example_params_ui_tutorial.py
[2025-01-28T06:07:51.873+0000] {logging_mixin.py:190} INFO - [2025-01-28T06:07:51.872+0000] {dag.py:3239} INFO - Sync 1 DAGs
[2025-01-28T06:07:51.885+0000] {logging_mixin.py:190} INFO - [2025-01-28T06:07:51.885+0000] {dag.py:4180} INFO - Setting next_dagrun for example_params_ui_tutorial to None, run_after=None
[2025-01-28T06:07:51.913+0000] {processor.py:208} INFO - Processing /home/ubuntu/.local/lib/python3.12/site-packages/airflow/example_dags/example_params_ui_tutorial.py took 0.092 seconds
[2025-01-28T06:08:49.302+0000] {processor.py:186} INFO - Started process (PID=2817) to work on /home/ubuntu/.local/lib/python3.12/site-packages/airflow/example_dags/example_params_ui_tutorial.py
[2025-01-28T06:08:49.303+0000] {processor.py:914} INFO - Processing file /home/ubuntu/.local/lib/python3.12/site-packages/airflow/example_dags/example_params_ui_tutorial.py for tasks to queue
[2025-01-28T06:08:49.306+0000] {logging_mixin.py:190} INFO - [2025-01-28T06:08:49.306+0000] {dagbag.py:588} INFO - Filling up the DagBag from /home/ubuntu/.local/lib/python3.12/site-packages/airflow/example_dags/example_params_ui_tutorial.py
[2025-01-28T06:08:49.315+0000] {processor.py:925} INFO - DAG(s) 'example_params_ui_tutorial' retrieved from /home/ubuntu/.local/lib/python3.12/site-packages/airflow/example_dags/example_params_ui_tutorial.py
[2025-01-28T06:08:49.351+0000] {logging_mixin.py:190} INFO - [2025-01-28T06:08:49.351+0000] {dag.py:3239} INFO - Sync 1 DAGs
[2025-01-28T06:08:49.363+0000] {logging_mixin.py:190} INFO - [2025-01-28T06:08:49.363+0000] {dag.py:4180} INFO - Setting next_dagrun for example_params_ui_tutorial to None, run_after=None
[2025-01-28T06:08:49.385+0000] {processor.py:208} INFO - Processing /home/ubuntu/.local/lib/python3.12/site-packages/airflow/example_dags/example_params_ui_tutorial.py took 0.089 seconds
[2025-01-28T06:09:43.169+0000] {processor.py:186} INFO - Started process (PID=2888) to work on /home/ubuntu/.local/lib/python3.12/site-packages/airflow/example_dags/example_params_ui_tutorial.py
[2025-01-28T06:09:43.171+0000] {processor.py:914} INFO - Processing file /home/ubuntu/.local/lib/python3.12/site-packages/airflow/example_dags/example_params_ui_tutorial.py for tasks to queue
[2025-01-28T06:09:43.173+0000] {logging_mixin.py:190} INFO - [2025-01-28T06:09:43.172+0000] {dagbag.py:588} INFO - Filling up the DagBag from /home/ubuntu/.local/lib/python3.12/site-packages/airflow/example_dags/example_params_ui_tutorial.py
[2025-01-28T06:09:43.182+0000] {processor.py:925} INFO - DAG(s) 'example_params_ui_tutorial' retrieved from /home/ubuntu/.local/lib/python3.12/site-packages/airflow/example_dags/example_params_ui_tutorial.py
[2025-01-28T06:09:43.218+0000] {logging_mixin.py:190} INFO - [2025-01-28T06:09:43.218+0000] {dag.py:3239} INFO - Sync 1 DAGs
[2025-01-28T06:09:43.230+0000] {logging_mixin.py:190} INFO - [2025-01-28T06:09:43.230+0000] {dag.py:4180} INFO - Setting next_dagrun for example_params_ui_tutorial to None, run_after=None
[2025-01-28T06:09:43.253+0000] {processor.py:208} INFO - Processing /home/ubuntu/.local/lib/python3.12/site-packages/airflow/example_dags/example_params_ui_tutorial.py took 0.090 seconds
[2025-01-28T06:10:36.031+0000] {processor.py:186} INFO - Started process (PID=2945) to work on /home/ubuntu/.local/lib/python3.12/site-packages/airflow/example_dags/example_params_ui_tutorial.py
[2025-01-28T06:10:36.032+0000] {processor.py:914} INFO - Processing file /home/ubuntu/.local/lib/python3.12/site-packages/airflow/example_dags/example_params_ui_tutorial.py for tasks to queue
[2025-01-28T06:10:36.034+0000] {logging_mixin.py:190} INFO - [2025-01-28T06:10:36.034+0000] {dagbag.py:588} INFO - Filling up the DagBag from /home/ubuntu/.local/lib/python3.12/site-packages/airflow/example_dags/example_params_ui_tutorial.py
[2025-01-28T06:10:36.043+0000] {processor.py:925} INFO - DAG(s) 'example_params_ui_tutorial' retrieved from /home/ubuntu/.local/lib/python3.12/site-packages/airflow/example_dags/example_params_ui_tutorial.py
[2025-01-28T06:10:36.079+0000] {logging_mixin.py:190} INFO - [2025-01-28T06:10:36.079+0000] {dag.py:3239} INFO - Sync 1 DAGs
[2025-01-28T06:10:36.089+0000] {logging_mixin.py:190} INFO - [2025-01-28T06:10:36.089+0000] {dag.py:4180} INFO - Setting next_dagrun for example_params_ui_tutorial to None, run_after=None
[2025-01-28T06:10:36.123+0000] {processor.py:208} INFO - Processing /home/ubuntu/.local/lib/python3.12/site-packages/airflow/example_dags/example_params_ui_tutorial.py took 0.098 seconds
[2025-01-28T06:11:30.987+0000] {processor.py:186} INFO - Started process (PID=3009) to work on /home/ubuntu/.local/lib/python3.12/site-packages/airflow/example_dags/example_params_ui_tutorial.py
[2025-01-28T06:11:30.989+0000] {processor.py:914} INFO - Processing file /home/ubuntu/.local/lib/python3.12/site-packages/airflow/example_dags/example_params_ui_tutorial.py for tasks to queue
[2025-01-28T06:11:30.991+0000] {logging_mixin.py:190} INFO - [2025-01-28T06:11:30.991+0000] {dagbag.py:588} INFO - Filling up the DagBag from /home/ubuntu/.local/lib/python3.12/site-packages/airflow/example_dags/example_params_ui_tutorial.py
[2025-01-28T06:11:31.000+0000] {processor.py:925} INFO - DAG(s) 'example_params_ui_tutorial' retrieved from /home/ubuntu/.local/lib/python3.12/site-packages/airflow/example_dags/example_params_ui_tutorial.py
[2025-01-28T06:11:31.036+0000] {logging_mixin.py:190} INFO - [2025-01-28T06:11:31.036+0000] {dag.py:3239} INFO - Sync 1 DAGs
[2025-01-28T06:11:31.048+0000] {logging_mixin.py:190} INFO - [2025-01-28T06:11:31.048+0000] {dag.py:4180} INFO - Setting next_dagrun for example_params_ui_tutorial to None, run_after=None
[2025-01-28T06:11:31.069+0000] {processor.py:208} INFO - Processing /home/ubuntu/.local/lib/python3.12/site-packages/airflow/example_dags/example_params_ui_tutorial.py took 0.087 seconds
[2025-01-28T06:12:23.309+0000] {processor.py:186} INFO - Started process (PID=3064) to work on /home/ubuntu/.local/lib/python3.12/site-packages/airflow/example_dags/example_params_ui_tutorial.py
[2025-01-28T06:12:23.311+0000] {processor.py:914} INFO - Processing file /home/ubuntu/.local/lib/python3.12/site-packages/airflow/example_dags/example_params_ui_tutorial.py for tasks to queue
[2025-01-28T06:12:23.313+0000] {logging_mixin.py:190} INFO - [2025-01-28T06:12:23.313+0000] {dagbag.py:588} INFO - Filling up the DagBag from /home/ubuntu/.local/lib/python3.12/site-packages/airflow/example_dags/example_params_ui_tutorial.py
[2025-01-28T06:12:23.322+0000] {processor.py:925} INFO - DAG(s) 'example_params_ui_tutorial' retrieved from /home/ubuntu/.local/lib/python3.12/site-packages/airflow/example_dags/example_params_ui_tutorial.py
[2025-01-28T06:12:23.359+0000] {logging_mixin.py:190} INFO - [2025-01-28T06:12:23.359+0000] {dag.py:3239} INFO - Sync 1 DAGs
[2025-01-28T06:12:23.370+0000] {logging_mixin.py:190} INFO - [2025-01-28T06:12:23.370+0000] {dag.py:4180} INFO - Setting next_dagrun for example_params_ui_tutorial to None, run_after=None
[2025-01-28T06:12:23.393+0000] {processor.py:208} INFO - Processing /home/ubuntu/.local/lib/python3.12/site-packages/airflow/example_dags/example_params_ui_tutorial.py took 0.089 seconds
[2025-01-28T06:13:18.020+0000] {processor.py:186} INFO - Started process (PID=3120) to work on /home/ubuntu/.local/lib/python3.12/site-packages/airflow/example_dags/example_params_ui_tutorial.py
[2025-01-28T06:13:18.021+0000] {processor.py:914} INFO - Processing file /home/ubuntu/.local/lib/python3.12/site-packages/airflow/example_dags/example_params_ui_tutorial.py for tasks to queue
[2025-01-28T06:13:18.023+0000] {logging_mixin.py:190} INFO - [2025-01-28T06:13:18.023+0000] {dagbag.py:588} INFO - Filling up the DagBag from /home/ubuntu/.local/lib/python3.12/site-packages/airflow/example_dags/example_params_ui_tutorial.py
[2025-01-28T06:13:18.032+0000] {processor.py:925} INFO - DAG(s) 'example_params_ui_tutorial' retrieved from /home/ubuntu/.local/lib/python3.12/site-packages/airflow/example_dags/example_params_ui_tutorial.py
[2025-01-28T06:13:18.069+0000] {logging_mixin.py:190} INFO - [2025-01-28T06:13:18.068+0000] {dag.py:3239} INFO - Sync 1 DAGs
[2025-01-28T06:13:18.080+0000] {logging_mixin.py:190} INFO - [2025-01-28T06:13:18.080+0000] {dag.py:4180} INFO - Setting next_dagrun for example_params_ui_tutorial to None, run_after=None
[2025-01-28T06:13:18.104+0000] {processor.py:208} INFO - Processing /home/ubuntu/.local/lib/python3.12/site-packages/airflow/example_dags/example_params_ui_tutorial.py took 0.090 seconds
[2025-01-28T06:14:10.658+0000] {processor.py:186} INFO - Started process (PID=3175) to work on /home/ubuntu/.local/lib/python3.12/site-packages/airflow/example_dags/example_params_ui_tutorial.py
[2025-01-28T06:14:10.660+0000] {processor.py:914} INFO - Processing file /home/ubuntu/.local/lib/python3.12/site-packages/airflow/example_dags/example_params_ui_tutorial.py for tasks to queue
[2025-01-28T06:14:10.662+0000] {logging_mixin.py:190} INFO - [2025-01-28T06:14:10.662+0000] {dagbag.py:588} INFO - Filling up the DagBag from /home/ubuntu/.local/lib/python3.12/site-packages/airflow/example_dags/example_params_ui_tutorial.py
[2025-01-28T06:14:10.671+0000] {processor.py:925} INFO - DAG(s) 'example_params_ui_tutorial' retrieved from /home/ubuntu/.local/lib/python3.12/site-packages/airflow/example_dags/example_params_ui_tutorial.py
[2025-01-28T06:14:10.708+0000] {logging_mixin.py:190} INFO - [2025-01-28T06:14:10.708+0000] {dag.py:3239} INFO - Sync 1 DAGs
[2025-01-28T06:14:10.720+0000] {logging_mixin.py:190} INFO - [2025-01-28T06:14:10.720+0000] {dag.py:4180} INFO - Setting next_dagrun for example_params_ui_tutorial to None, run_after=None
[2025-01-28T06:14:10.742+0000] {processor.py:208} INFO - Processing /home/ubuntu/.local/lib/python3.12/site-packages/airflow/example_dags/example_params_ui_tutorial.py took 0.089 seconds
[2025-01-28T06:15:04.358+0000] {processor.py:186} INFO - Started process (PID=3233) to work on /home/ubuntu/.local/lib/python3.12/site-packages/airflow/example_dags/example_params_ui_tutorial.py
[2025-01-28T06:15:04.360+0000] {processor.py:914} INFO - Processing file /home/ubuntu/.local/lib/python3.12/site-packages/airflow/example_dags/example_params_ui_tutorial.py for tasks to queue
[2025-01-28T06:15:04.363+0000] {logging_mixin.py:190} INFO - [2025-01-28T06:15:04.362+0000] {dagbag.py:588} INFO - Filling up the DagBag from /home/ubuntu/.local/lib/python3.12/site-packages/airflow/example_dags/example_params_ui_tutorial.py
[2025-01-28T06:15:04.372+0000] {processor.py:925} INFO - DAG(s) 'example_params_ui_tutorial' retrieved from /home/ubuntu/.local/lib/python3.12/site-packages/airflow/example_dags/example_params_ui_tutorial.py
[2025-01-28T06:15:04.410+0000] {logging_mixin.py:190} INFO - [2025-01-28T06:15:04.410+0000] {dag.py:3239} INFO - Sync 1 DAGs
[2025-01-28T06:15:04.422+0000] {logging_mixin.py:190} INFO - [2025-01-28T06:15:04.421+0000] {dag.py:4180} INFO - Setting next_dagrun for example_params_ui_tutorial to None, run_after=None
[2025-01-28T06:15:04.445+0000] {processor.py:208} INFO - Processing /home/ubuntu/.local/lib/python3.12/site-packages/airflow/example_dags/example_params_ui_tutorial.py took 0.092 seconds
[2025-01-28T06:15:56.641+0000] {processor.py:186} INFO - Started process (PID=3289) to work on /home/ubuntu/.local/lib/python3.12/site-packages/airflow/example_dags/example_params_ui_tutorial.py
[2025-01-28T06:15:56.642+0000] {processor.py:914} INFO - Processing file /home/ubuntu/.local/lib/python3.12/site-packages/airflow/example_dags/example_params_ui_tutorial.py for tasks to queue
[2025-01-28T06:15:56.644+0000] {logging_mixin.py:190} INFO - [2025-01-28T06:15:56.644+0000] {dagbag.py:588} INFO - Filling up the DagBag from /home/ubuntu/.local/lib/python3.12/site-packages/airflow/example_dags/example_params_ui_tutorial.py
[2025-01-28T06:15:56.653+0000] {processor.py:925} INFO - DAG(s) 'example_params_ui_tutorial' retrieved from /home/ubuntu/.local/lib/python3.12/site-packages/airflow/example_dags/example_params_ui_tutorial.py
[2025-01-28T06:15:56.689+0000] {logging_mixin.py:190} INFO - [2025-01-28T06:15:56.689+0000] {dag.py:3239} INFO - Sync 1 DAGs
[2025-01-28T06:15:56.702+0000] {logging_mixin.py:190} INFO - [2025-01-28T06:15:56.702+0000] {dag.py:4180} INFO - Setting next_dagrun for example_params_ui_tutorial to None, run_after=None
[2025-01-28T06:15:56.725+0000] {processor.py:208} INFO - Processing /home/ubuntu/.local/lib/python3.12/site-packages/airflow/example_dags/example_params_ui_tutorial.py took 0.089 seconds
[2025-01-28T06:16:48.366+0000] {processor.py:186} INFO - Started process (PID=3344) to work on /home/ubuntu/.local/lib/python3.12/site-packages/airflow/example_dags/example_params_ui_tutorial.py
[2025-01-28T06:16:48.368+0000] {processor.py:914} INFO - Processing file /home/ubuntu/.local/lib/python3.12/site-packages/airflow/example_dags/example_params_ui_tutorial.py for tasks to queue
[2025-01-28T06:16:48.369+0000] {logging_mixin.py:190} INFO - [2025-01-28T06:16:48.369+0000] {dagbag.py:588} INFO - Filling up the DagBag from /home/ubuntu/.local/lib/python3.12/site-packages/airflow/example_dags/example_params_ui_tutorial.py
[2025-01-28T06:16:48.379+0000] {processor.py:925} INFO - DAG(s) 'example_params_ui_tutorial' retrieved from /home/ubuntu/.local/lib/python3.12/site-packages/airflow/example_dags/example_params_ui_tutorial.py
[2025-01-28T06:16:48.414+0000] {logging_mixin.py:190} INFO - [2025-01-28T06:16:48.414+0000] {dag.py:3239} INFO - Sync 1 DAGs
[2025-01-28T06:16:48.426+0000] {logging_mixin.py:190} INFO - [2025-01-28T06:16:48.425+0000] {dag.py:4180} INFO - Setting next_dagrun for example_params_ui_tutorial to None, run_after=None
[2025-01-28T06:16:48.449+0000] {processor.py:208} INFO - Processing /home/ubuntu/.local/lib/python3.12/site-packages/airflow/example_dags/example_params_ui_tutorial.py took 0.088 seconds
[2025-01-28T06:17:43.224+0000] {processor.py:186} INFO - Started process (PID=3403) to work on /home/ubuntu/.local/lib/python3.12/site-packages/airflow/example_dags/example_params_ui_tutorial.py
[2025-01-28T06:17:43.225+0000] {processor.py:914} INFO - Processing file /home/ubuntu/.local/lib/python3.12/site-packages/airflow/example_dags/example_params_ui_tutorial.py for tasks to queue
[2025-01-28T06:17:43.228+0000] {logging_mixin.py:190} INFO - [2025-01-28T06:17:43.227+0000] {dagbag.py:588} INFO - Filling up the DagBag from /home/ubuntu/.local/lib/python3.12/site-packages/airflow/example_dags/example_params_ui_tutorial.py
[2025-01-28T06:17:43.236+0000] {processor.py:925} INFO - DAG(s) 'example_params_ui_tutorial' retrieved from /home/ubuntu/.local/lib/python3.12/site-packages/airflow/example_dags/example_params_ui_tutorial.py
[2025-01-28T06:17:43.272+0000] {logging_mixin.py:190} INFO - [2025-01-28T06:17:43.271+0000] {dag.py:3239} INFO - Sync 1 DAGs
[2025-01-28T06:17:43.283+0000] {logging_mixin.py:190} INFO - [2025-01-28T06:17:43.283+0000] {dag.py:4180} INFO - Setting next_dagrun for example_params_ui_tutorial to None, run_after=None
[2025-01-28T06:17:43.306+0000] {processor.py:208} INFO - Processing /home/ubuntu/.local/lib/python3.12/site-packages/airflow/example_dags/example_params_ui_tutorial.py took 0.088 seconds
[2025-01-28T06:18:50.900+0000] {processor.py:186} INFO - Started process (PID=3513) to work on /home/ubuntu/.local/lib/python3.12/site-packages/airflow/example_dags/example_params_ui_tutorial.py
[2025-01-28T06:18:50.902+0000] {processor.py:914} INFO - Processing file /home/ubuntu/.local/lib/python3.12/site-packages/airflow/example_dags/example_params_ui_tutorial.py for tasks to queue
[2025-01-28T06:18:50.903+0000] {logging_mixin.py:190} INFO - [2025-01-28T06:18:50.903+0000] {dagbag.py:588} INFO - Filling up the DagBag from /home/ubuntu/.local/lib/python3.12/site-packages/airflow/example_dags/example_params_ui_tutorial.py
[2025-01-28T06:18:50.911+0000] {processor.py:925} INFO - DAG(s) 'example_params_ui_tutorial' retrieved from /home/ubuntu/.local/lib/python3.12/site-packages/airflow/example_dags/example_params_ui_tutorial.py
[2025-01-28T06:18:50.955+0000] {logging_mixin.py:190} INFO - [2025-01-28T06:18:50.955+0000] {dag.py:3239} INFO - Sync 1 DAGs
[2025-01-28T06:18:50.967+0000] {logging_mixin.py:190} INFO - [2025-01-28T06:18:50.967+0000] {dag.py:4180} INFO - Setting next_dagrun for example_params_ui_tutorial to None, run_after=None
[2025-01-28T06:18:50.990+0000] {processor.py:208} INFO - Processing /home/ubuntu/.local/lib/python3.12/site-packages/airflow/example_dags/example_params_ui_tutorial.py took 0.095 seconds
[2025-01-28T06:19:39.598+0000] {processor.py:186} INFO - Started process (PID=3565) to work on /home/ubuntu/.local/lib/python3.12/site-packages/airflow/example_dags/example_params_ui_tutorial.py
[2025-01-28T06:19:39.600+0000] {processor.py:914} INFO - Processing file /home/ubuntu/.local/lib/python3.12/site-packages/airflow/example_dags/example_params_ui_tutorial.py for tasks to queue
[2025-01-28T06:19:39.603+0000] {logging_mixin.py:190} INFO - [2025-01-28T06:19:39.602+0000] {dagbag.py:588} INFO - Filling up the DagBag from /home/ubuntu/.local/lib/python3.12/site-packages/airflow/example_dags/example_params_ui_tutorial.py
[2025-01-28T06:19:39.611+0000] {processor.py:925} INFO - DAG(s) 'example_params_ui_tutorial' retrieved from /home/ubuntu/.local/lib/python3.12/site-packages/airflow/example_dags/example_params_ui_tutorial.py
[2025-01-28T06:19:39.647+0000] {logging_mixin.py:190} INFO - [2025-01-28T06:19:39.647+0000] {dag.py:3239} INFO - Sync 1 DAGs
[2025-01-28T06:19:39.658+0000] {logging_mixin.py:190} INFO - [2025-01-28T06:19:39.658+0000] {dag.py:4180} INFO - Setting next_dagrun for example_params_ui_tutorial to None, run_after=None
[2025-01-28T06:19:39.681+0000] {processor.py:208} INFO - Processing /home/ubuntu/.local/lib/python3.12/site-packages/airflow/example_dags/example_params_ui_tutorial.py took 0.087 seconds
[2025-01-28T06:20:35.730+0000] {processor.py:186} INFO - Started process (PID=3629) to work on /home/ubuntu/.local/lib/python3.12/site-packages/airflow/example_dags/example_params_ui_tutorial.py
[2025-01-28T06:20:35.733+0000] {processor.py:914} INFO - Processing file /home/ubuntu/.local/lib/python3.12/site-packages/airflow/example_dags/example_params_ui_tutorial.py for tasks to queue
[2025-01-28T06:20:35.735+0000] {logging_mixin.py:190} INFO - [2025-01-28T06:20:35.735+0000] {dagbag.py:588} INFO - Filling up the DagBag from /home/ubuntu/.local/lib/python3.12/site-packages/airflow/example_dags/example_params_ui_tutorial.py
[2025-01-28T06:20:35.745+0000] {processor.py:925} INFO - DAG(s) 'example_params_ui_tutorial' retrieved from /home/ubuntu/.local/lib/python3.12/site-packages/airflow/example_dags/example_params_ui_tutorial.py
[2025-01-28T06:20:35.780+0000] {logging_mixin.py:190} INFO - [2025-01-28T06:20:35.780+0000] {dag.py:3239} INFO - Sync 1 DAGs
[2025-01-28T06:20:35.792+0000] {logging_mixin.py:190} INFO - [2025-01-28T06:20:35.792+0000] {dag.py:4180} INFO - Setting next_dagrun for example_params_ui_tutorial to None, run_after=None
[2025-01-28T06:20:35.814+0000] {processor.py:208} INFO - Processing /home/ubuntu/.local/lib/python3.12/site-packages/airflow/example_dags/example_params_ui_tutorial.py took 0.089 seconds
[2025-01-28T06:21:30.353+0000] {processor.py:186} INFO - Started process (PID=3825) to work on /home/ubuntu/.local/lib/python3.12/site-packages/airflow/example_dags/example_params_ui_tutorial.py
[2025-01-28T06:21:30.355+0000] {processor.py:914} INFO - Processing file /home/ubuntu/.local/lib/python3.12/site-packages/airflow/example_dags/example_params_ui_tutorial.py for tasks to queue
[2025-01-28T06:21:30.357+0000] {logging_mixin.py:190} INFO - [2025-01-28T06:21:30.357+0000] {dagbag.py:588} INFO - Filling up the DagBag from /home/ubuntu/.local/lib/python3.12/site-packages/airflow/example_dags/example_params_ui_tutorial.py
[2025-01-28T06:21:30.366+0000] {processor.py:925} INFO - DAG(s) 'example_params_ui_tutorial' retrieved from /home/ubuntu/.local/lib/python3.12/site-packages/airflow/example_dags/example_params_ui_tutorial.py
[2025-01-28T06:21:30.403+0000] {logging_mixin.py:190} INFO - [2025-01-28T06:21:30.403+0000] {dag.py:3239} INFO - Sync 1 DAGs
[2025-01-28T06:21:30.414+0000] {logging_mixin.py:190} INFO - [2025-01-28T06:21:30.413+0000] {dag.py:4180} INFO - Setting next_dagrun for example_params_ui_tutorial to None, run_after=None
[2025-01-28T06:21:30.437+0000] {processor.py:208} INFO - Processing /home/ubuntu/.local/lib/python3.12/site-packages/airflow/example_dags/example_params_ui_tutorial.py took 0.088 seconds
[2025-01-28T06:22:25.691+0000] {processor.py:186} INFO - Started process (PID=3885) to work on /home/ubuntu/.local/lib/python3.12/site-packages/airflow/example_dags/example_params_ui_tutorial.py
[2025-01-28T06:22:25.692+0000] {processor.py:914} INFO - Processing file /home/ubuntu/.local/lib/python3.12/site-packages/airflow/example_dags/example_params_ui_tutorial.py for tasks to queue
[2025-01-28T06:22:25.694+0000] {logging_mixin.py:190} INFO - [2025-01-28T06:22:25.694+0000] {dagbag.py:588} INFO - Filling up the DagBag from /home/ubuntu/.local/lib/python3.12/site-packages/airflow/example_dags/example_params_ui_tutorial.py
[2025-01-28T06:22:25.703+0000] {processor.py:925} INFO - DAG(s) 'example_params_ui_tutorial' retrieved from /home/ubuntu/.local/lib/python3.12/site-packages/airflow/example_dags/example_params_ui_tutorial.py
[2025-01-28T06:22:25.740+0000] {logging_mixin.py:190} INFO - [2025-01-28T06:22:25.740+0000] {dag.py:3239} INFO - Sync 1 DAGs
[2025-01-28T06:22:25.751+0000] {logging_mixin.py:190} INFO - [2025-01-28T06:22:25.751+0000] {dag.py:4180} INFO - Setting next_dagrun for example_params_ui_tutorial to None, run_after=None
[2025-01-28T06:22:25.772+0000] {processor.py:208} INFO - Processing /home/ubuntu/.local/lib/python3.12/site-packages/airflow/example_dags/example_params_ui_tutorial.py took 0.087 seconds
[2025-01-28T06:23:21.086+0000] {processor.py:186} INFO - Started process (PID=4343) to work on /home/ubuntu/.local/lib/python3.12/site-packages/airflow/example_dags/example_params_ui_tutorial.py
[2025-01-28T06:23:21.088+0000] {processor.py:914} INFO - Processing file /home/ubuntu/.local/lib/python3.12/site-packages/airflow/example_dags/example_params_ui_tutorial.py for tasks to queue
[2025-01-28T06:23:21.089+0000] {logging_mixin.py:190} INFO - [2025-01-28T06:23:21.089+0000] {dagbag.py:588} INFO - Filling up the DagBag from /home/ubuntu/.local/lib/python3.12/site-packages/airflow/example_dags/example_params_ui_tutorial.py
[2025-01-28T06:23:21.099+0000] {processor.py:925} INFO - DAG(s) 'example_params_ui_tutorial' retrieved from /home/ubuntu/.local/lib/python3.12/site-packages/airflow/example_dags/example_params_ui_tutorial.py
[2025-01-28T06:23:21.141+0000] {logging_mixin.py:190} INFO - [2025-01-28T06:23:21.141+0000] {dag.py:3239} INFO - Sync 1 DAGs
[2025-01-28T06:23:21.153+0000] {logging_mixin.py:190} INFO - [2025-01-28T06:23:21.153+0000] {dag.py:4180} INFO - Setting next_dagrun for example_params_ui_tutorial to None, run_after=None
[2025-01-28T06:23:21.179+0000] {processor.py:208} INFO - Processing /home/ubuntu/.local/lib/python3.12/site-packages/airflow/example_dags/example_params_ui_tutorial.py took 0.098 seconds
[2025-01-28T06:24:15.537+0000] {processor.py:186} INFO - Started process (PID=4512) to work on /home/ubuntu/.local/lib/python3.12/site-packages/airflow/example_dags/example_params_ui_tutorial.py
[2025-01-28T06:24:15.539+0000] {processor.py:914} INFO - Processing file /home/ubuntu/.local/lib/python3.12/site-packages/airflow/example_dags/example_params_ui_tutorial.py for tasks to queue
[2025-01-28T06:24:15.541+0000] {logging_mixin.py:190} INFO - [2025-01-28T06:24:15.540+0000] {dagbag.py:588} INFO - Filling up the DagBag from /home/ubuntu/.local/lib/python3.12/site-packages/airflow/example_dags/example_params_ui_tutorial.py
[2025-01-28T06:24:15.549+0000] {processor.py:925} INFO - DAG(s) 'example_params_ui_tutorial' retrieved from /home/ubuntu/.local/lib/python3.12/site-packages/airflow/example_dags/example_params_ui_tutorial.py
[2025-01-28T06:24:15.586+0000] {logging_mixin.py:190} INFO - [2025-01-28T06:24:15.586+0000] {dag.py:3239} INFO - Sync 1 DAGs
[2025-01-28T06:24:15.597+0000] {logging_mixin.py:190} INFO - [2025-01-28T06:24:15.597+0000] {dag.py:4180} INFO - Setting next_dagrun for example_params_ui_tutorial to None, run_after=None
[2025-01-28T06:24:15.618+0000] {processor.py:208} INFO - Processing /home/ubuntu/.local/lib/python3.12/site-packages/airflow/example_dags/example_params_ui_tutorial.py took 0.086 seconds
[2025-01-28T06:25:10.333+0000] {processor.py:186} INFO - Started process (PID=4940) to work on /home/ubuntu/.local/lib/python3.12/site-packages/airflow/example_dags/example_params_ui_tutorial.py
[2025-01-28T06:25:10.334+0000] {processor.py:914} INFO - Processing file /home/ubuntu/.local/lib/python3.12/site-packages/airflow/example_dags/example_params_ui_tutorial.py for tasks to queue
[2025-01-28T06:25:10.336+0000] {logging_mixin.py:190} INFO - [2025-01-28T06:25:10.336+0000] {dagbag.py:588} INFO - Filling up the DagBag from /home/ubuntu/.local/lib/python3.12/site-packages/airflow/example_dags/example_params_ui_tutorial.py
[2025-01-28T06:25:10.345+0000] {processor.py:925} INFO - DAG(s) 'example_params_ui_tutorial' retrieved from /home/ubuntu/.local/lib/python3.12/site-packages/airflow/example_dags/example_params_ui_tutorial.py
[2025-01-28T06:25:10.382+0000] {logging_mixin.py:190} INFO - [2025-01-28T06:25:10.381+0000] {dag.py:3239} INFO - Sync 1 DAGs
[2025-01-28T06:25:10.393+0000] {logging_mixin.py:190} INFO - [2025-01-28T06:25:10.393+0000] {dag.py:4180} INFO - Setting next_dagrun for example_params_ui_tutorial to None, run_after=None
[2025-01-28T06:25:10.413+0000] {processor.py:208} INFO - Processing /home/ubuntu/.local/lib/python3.12/site-packages/airflow/example_dags/example_params_ui_tutorial.py took 0.086 seconds
[2025-01-28T06:26:03.889+0000] {processor.py:186} INFO - Started process (PID=5102) to work on /home/ubuntu/.local/lib/python3.12/site-packages/airflow/example_dags/example_params_ui_tutorial.py
[2025-01-28T06:26:03.890+0000] {processor.py:914} INFO - Processing file /home/ubuntu/.local/lib/python3.12/site-packages/airflow/example_dags/example_params_ui_tutorial.py for tasks to queue
[2025-01-28T06:26:03.893+0000] {logging_mixin.py:190} INFO - [2025-01-28T06:26:03.892+0000] {dagbag.py:588} INFO - Filling up the DagBag from /home/ubuntu/.local/lib/python3.12/site-packages/airflow/example_dags/example_params_ui_tutorial.py
[2025-01-28T06:26:03.902+0000] {processor.py:925} INFO - DAG(s) 'example_params_ui_tutorial' retrieved from /home/ubuntu/.local/lib/python3.12/site-packages/airflow/example_dags/example_params_ui_tutorial.py
[2025-01-28T06:26:03.939+0000] {logging_mixin.py:190} INFO - [2025-01-28T06:26:03.939+0000] {dag.py:3239} INFO - Sync 1 DAGs
[2025-01-28T06:26:03.951+0000] {logging_mixin.py:190} INFO - [2025-01-28T06:26:03.951+0000] {dag.py:4180} INFO - Setting next_dagrun for example_params_ui_tutorial to None, run_after=None
[2025-01-28T06:26:03.971+0000] {processor.py:208} INFO - Processing /home/ubuntu/.local/lib/python3.12/site-packages/airflow/example_dags/example_params_ui_tutorial.py took 0.088 seconds
[2025-01-28T06:26:59.292+0000] {processor.py:186} INFO - Started process (PID=5197) to work on /home/ubuntu/.local/lib/python3.12/site-packages/airflow/example_dags/example_params_ui_tutorial.py
[2025-01-28T06:26:59.293+0000] {processor.py:914} INFO - Processing file /home/ubuntu/.local/lib/python3.12/site-packages/airflow/example_dags/example_params_ui_tutorial.py for tasks to queue
[2025-01-28T06:26:59.295+0000] {logging_mixin.py:190} INFO - [2025-01-28T06:26:59.295+0000] {dagbag.py:588} INFO - Filling up the DagBag from /home/ubuntu/.local/lib/python3.12/site-packages/airflow/example_dags/example_params_ui_tutorial.py
[2025-01-28T06:26:59.304+0000] {processor.py:925} INFO - DAG(s) 'example_params_ui_tutorial' retrieved from /home/ubuntu/.local/lib/python3.12/site-packages/airflow/example_dags/example_params_ui_tutorial.py
[2025-01-28T06:26:59.340+0000] {logging_mixin.py:190} INFO - [2025-01-28T06:26:59.339+0000] {dag.py:3239} INFO - Sync 1 DAGs
[2025-01-28T06:26:59.351+0000] {logging_mixin.py:190} INFO - [2025-01-28T06:26:59.351+0000] {dag.py:4180} INFO - Setting next_dagrun for example_params_ui_tutorial to None, run_after=None
[2025-01-28T06:26:59.370+0000] {processor.py:208} INFO - Processing /home/ubuntu/.local/lib/python3.12/site-packages/airflow/example_dags/example_params_ui_tutorial.py took 0.083 seconds
[2025-01-28T06:27:50.650+0000] {processor.py:186} INFO - Started process (PID=5252) to work on /home/ubuntu/.local/lib/python3.12/site-packages/airflow/example_dags/example_params_ui_tutorial.py
[2025-01-28T06:27:50.652+0000] {processor.py:914} INFO - Processing file /home/ubuntu/.local/lib/python3.12/site-packages/airflow/example_dags/example_params_ui_tutorial.py for tasks to queue
[2025-01-28T06:27:50.654+0000] {logging_mixin.py:190} INFO - [2025-01-28T06:27:50.653+0000] {dagbag.py:588} INFO - Filling up the DagBag from /home/ubuntu/.local/lib/python3.12/site-packages/airflow/example_dags/example_params_ui_tutorial.py
[2025-01-28T06:27:50.663+0000] {processor.py:925} INFO - DAG(s) 'example_params_ui_tutorial' retrieved from /home/ubuntu/.local/lib/python3.12/site-packages/airflow/example_dags/example_params_ui_tutorial.py
[2025-01-28T06:27:50.698+0000] {logging_mixin.py:190} INFO - [2025-01-28T06:27:50.698+0000] {dag.py:3239} INFO - Sync 1 DAGs
[2025-01-28T06:27:50.710+0000] {logging_mixin.py:190} INFO - [2025-01-28T06:27:50.710+0000] {dag.py:4180} INFO - Setting next_dagrun for example_params_ui_tutorial to None, run_after=None
[2025-01-28T06:27:50.730+0000] {processor.py:208} INFO - Processing /home/ubuntu/.local/lib/python3.12/site-packages/airflow/example_dags/example_params_ui_tutorial.py took 0.086 seconds
[2025-01-28T06:28:43.479+0000] {processor.py:186} INFO - Started process (PID=5463) to work on /home/ubuntu/.local/lib/python3.12/site-packages/airflow/example_dags/example_params_ui_tutorial.py
[2025-01-28T06:28:43.480+0000] {processor.py:914} INFO - Processing file /home/ubuntu/.local/lib/python3.12/site-packages/airflow/example_dags/example_params_ui_tutorial.py for tasks to queue
[2025-01-28T06:28:43.482+0000] {logging_mixin.py:190} INFO - [2025-01-28T06:28:43.482+0000] {dagbag.py:588} INFO - Filling up the DagBag from /home/ubuntu/.local/lib/python3.12/site-packages/airflow/example_dags/example_params_ui_tutorial.py
[2025-01-28T06:28:43.491+0000] {processor.py:925} INFO - DAG(s) 'example_params_ui_tutorial' retrieved from /home/ubuntu/.local/lib/python3.12/site-packages/airflow/example_dags/example_params_ui_tutorial.py
[2025-01-28T06:28:43.529+0000] {logging_mixin.py:190} INFO - [2025-01-28T06:28:43.528+0000] {dag.py:3239} INFO - Sync 1 DAGs
[2025-01-28T06:28:43.541+0000] {logging_mixin.py:190} INFO - [2025-01-28T06:28:43.541+0000] {dag.py:4180} INFO - Setting next_dagrun for example_params_ui_tutorial to None, run_after=None
[2025-01-28T06:28:43.563+0000] {processor.py:208} INFO - Processing /home/ubuntu/.local/lib/python3.12/site-packages/airflow/example_dags/example_params_ui_tutorial.py took 0.089 seconds
[2025-01-28T06:29:38.974+0000] {processor.py:186} INFO - Started process (PID=5581) to work on /home/ubuntu/.local/lib/python3.12/site-packages/airflow/example_dags/example_params_ui_tutorial.py
[2025-01-28T06:29:38.975+0000] {processor.py:914} INFO - Processing file /home/ubuntu/.local/lib/python3.12/site-packages/airflow/example_dags/example_params_ui_tutorial.py for tasks to queue
[2025-01-28T06:29:38.978+0000] {logging_mixin.py:190} INFO - [2025-01-28T06:29:38.978+0000] {dagbag.py:588} INFO - Filling up the DagBag from /home/ubuntu/.local/lib/python3.12/site-packages/airflow/example_dags/example_params_ui_tutorial.py
[2025-01-28T06:29:38.987+0000] {processor.py:925} INFO - DAG(s) 'example_params_ui_tutorial' retrieved from /home/ubuntu/.local/lib/python3.12/site-packages/airflow/example_dags/example_params_ui_tutorial.py
[2025-01-28T06:29:39.022+0000] {logging_mixin.py:190} INFO - [2025-01-28T06:29:39.022+0000] {dag.py:3239} INFO - Sync 1 DAGs
[2025-01-28T06:29:39.034+0000] {logging_mixin.py:190} INFO - [2025-01-28T06:29:39.034+0000] {dag.py:4180} INFO - Setting next_dagrun for example_params_ui_tutorial to None, run_after=None
[2025-01-28T06:29:39.057+0000] {processor.py:208} INFO - Processing /home/ubuntu/.local/lib/python3.12/site-packages/airflow/example_dags/example_params_ui_tutorial.py took 0.088 seconds
[2025-01-28T06:30:34.631+0000] {processor.py:186} INFO - Started process (PID=5643) to work on /home/ubuntu/.local/lib/python3.12/site-packages/airflow/example_dags/example_params_ui_tutorial.py
[2025-01-28T06:30:34.633+0000] {processor.py:914} INFO - Processing file /home/ubuntu/.local/lib/python3.12/site-packages/airflow/example_dags/example_params_ui_tutorial.py for tasks to queue
[2025-01-28T06:30:34.636+0000] {logging_mixin.py:190} INFO - [2025-01-28T06:30:34.636+0000] {dagbag.py:588} INFO - Filling up the DagBag from /home/ubuntu/.local/lib/python3.12/site-packages/airflow/example_dags/example_params_ui_tutorial.py
[2025-01-28T06:30:34.645+0000] {processor.py:925} INFO - DAG(s) 'example_params_ui_tutorial' retrieved from /home/ubuntu/.local/lib/python3.12/site-packages/airflow/example_dags/example_params_ui_tutorial.py
[2025-01-28T06:30:34.680+0000] {logging_mixin.py:190} INFO - [2025-01-28T06:30:34.680+0000] {dag.py:3239} INFO - Sync 1 DAGs
[2025-01-28T06:30:34.692+0000] {logging_mixin.py:190} INFO - [2025-01-28T06:30:34.692+0000] {dag.py:4180} INFO - Setting next_dagrun for example_params_ui_tutorial to None, run_after=None
[2025-01-28T06:30:34.715+0000] {processor.py:208} INFO - Processing /home/ubuntu/.local/lib/python3.12/site-packages/airflow/example_dags/example_params_ui_tutorial.py took 0.100 seconds
[2025-01-28T06:31:54.349+0000] {processor.py:186} INFO - Started process (PID=5774) to work on /home/ubuntu/.local/lib/python3.12/site-packages/airflow/example_dags/example_params_ui_tutorial.py
[2025-01-28T06:31:54.352+0000] {processor.py:914} INFO - Processing file /home/ubuntu/.local/lib/python3.12/site-packages/airflow/example_dags/example_params_ui_tutorial.py for tasks to queue
[2025-01-28T06:31:54.353+0000] {logging_mixin.py:190} INFO - [2025-01-28T06:31:54.353+0000] {dagbag.py:588} INFO - Filling up the DagBag from /home/ubuntu/.local/lib/python3.12/site-packages/airflow/example_dags/example_params_ui_tutorial.py
[2025-01-28T06:31:54.362+0000] {processor.py:925} INFO - DAG(s) 'example_params_ui_tutorial' retrieved from /home/ubuntu/.local/lib/python3.12/site-packages/airflow/example_dags/example_params_ui_tutorial.py
[2025-01-28T06:31:54.400+0000] {logging_mixin.py:190} INFO - [2025-01-28T06:31:54.400+0000] {dag.py:3239} INFO - Sync 1 DAGs
[2025-01-28T06:31:54.411+0000] {logging_mixin.py:190} INFO - [2025-01-28T06:31:54.411+0000] {dag.py:4180} INFO - Setting next_dagrun for example_params_ui_tutorial to None, run_after=None
[2025-01-28T06:31:54.435+0000] {processor.py:208} INFO - Processing /home/ubuntu/.local/lib/python3.12/site-packages/airflow/example_dags/example_params_ui_tutorial.py took 0.092 seconds
[2025-01-28T06:32:52.291+0000] {processor.py:186} INFO - Started process (PID=5833) to work on /home/ubuntu/.local/lib/python3.12/site-packages/airflow/example_dags/example_params_ui_tutorial.py
[2025-01-28T06:32:52.293+0000] {processor.py:914} INFO - Processing file /home/ubuntu/.local/lib/python3.12/site-packages/airflow/example_dags/example_params_ui_tutorial.py for tasks to queue
[2025-01-28T06:32:52.295+0000] {logging_mixin.py:190} INFO - [2025-01-28T06:32:52.295+0000] {dagbag.py:588} INFO - Filling up the DagBag from /home/ubuntu/.local/lib/python3.12/site-packages/airflow/example_dags/example_params_ui_tutorial.py
[2025-01-28T06:32:52.304+0000] {processor.py:925} INFO - DAG(s) 'example_params_ui_tutorial' retrieved from /home/ubuntu/.local/lib/python3.12/site-packages/airflow/example_dags/example_params_ui_tutorial.py
[2025-01-28T06:32:52.340+0000] {logging_mixin.py:190} INFO - [2025-01-28T06:32:52.340+0000] {dag.py:3239} INFO - Sync 1 DAGs
[2025-01-28T06:32:52.352+0000] {logging_mixin.py:190} INFO - [2025-01-28T06:32:52.352+0000] {dag.py:4180} INFO - Setting next_dagrun for example_params_ui_tutorial to None, run_after=None
[2025-01-28T06:32:52.374+0000] {processor.py:208} INFO - Processing /home/ubuntu/.local/lib/python3.12/site-packages/airflow/example_dags/example_params_ui_tutorial.py took 0.089 seconds
[2025-01-28T06:33:51.830+0000] {processor.py:186} INFO - Started process (PID=5898) to work on /home/ubuntu/.local/lib/python3.12/site-packages/airflow/example_dags/example_params_ui_tutorial.py
[2025-01-28T06:33:51.831+0000] {processor.py:914} INFO - Processing file /home/ubuntu/.local/lib/python3.12/site-packages/airflow/example_dags/example_params_ui_tutorial.py for tasks to queue
[2025-01-28T06:33:51.834+0000] {logging_mixin.py:190} INFO - [2025-01-28T06:33:51.834+0000] {dagbag.py:588} INFO - Filling up the DagBag from /home/ubuntu/.local/lib/python3.12/site-packages/airflow/example_dags/example_params_ui_tutorial.py
[2025-01-28T06:33:51.842+0000] {processor.py:925} INFO - DAG(s) 'example_params_ui_tutorial' retrieved from /home/ubuntu/.local/lib/python3.12/site-packages/airflow/example_dags/example_params_ui_tutorial.py
[2025-01-28T06:33:51.884+0000] {logging_mixin.py:190} INFO - [2025-01-28T06:33:51.884+0000] {dag.py:3239} INFO - Sync 1 DAGs
[2025-01-28T06:33:51.896+0000] {logging_mixin.py:190} INFO - [2025-01-28T06:33:51.896+0000] {dag.py:4180} INFO - Setting next_dagrun for example_params_ui_tutorial to None, run_after=None
[2025-01-28T06:33:51.920+0000] {processor.py:208} INFO - Processing /home/ubuntu/.local/lib/python3.12/site-packages/airflow/example_dags/example_params_ui_tutorial.py took 0.096 seconds
[2025-01-28T06:34:49.689+0000] {processor.py:186} INFO - Started process (PID=5957) to work on /home/ubuntu/.local/lib/python3.12/site-packages/airflow/example_dags/example_params_ui_tutorial.py
[2025-01-28T06:34:49.691+0000] {processor.py:914} INFO - Processing file /home/ubuntu/.local/lib/python3.12/site-packages/airflow/example_dags/example_params_ui_tutorial.py for tasks to queue
[2025-01-28T06:34:49.693+0000] {logging_mixin.py:190} INFO - [2025-01-28T06:34:49.692+0000] {dagbag.py:588} INFO - Filling up the DagBag from /home/ubuntu/.local/lib/python3.12/site-packages/airflow/example_dags/example_params_ui_tutorial.py
[2025-01-28T06:34:49.701+0000] {processor.py:925} INFO - DAG(s) 'example_params_ui_tutorial' retrieved from /home/ubuntu/.local/lib/python3.12/site-packages/airflow/example_dags/example_params_ui_tutorial.py
[2025-01-28T06:34:49.737+0000] {logging_mixin.py:190} INFO - [2025-01-28T06:34:49.737+0000] {dag.py:3239} INFO - Sync 1 DAGs
[2025-01-28T06:34:49.749+0000] {logging_mixin.py:190} INFO - [2025-01-28T06:34:49.749+0000] {dag.py:4180} INFO - Setting next_dagrun for example_params_ui_tutorial to None, run_after=None
[2025-01-28T06:34:49.771+0000] {processor.py:208} INFO - Processing /home/ubuntu/.local/lib/python3.12/site-packages/airflow/example_dags/example_params_ui_tutorial.py took 0.088 seconds
[2025-01-28T06:35:44.193+0000] {processor.py:186} INFO - Started process (PID=6017) to work on /home/ubuntu/.local/lib/python3.12/site-packages/airflow/example_dags/example_params_ui_tutorial.py
[2025-01-28T06:35:44.195+0000] {processor.py:914} INFO - Processing file /home/ubuntu/.local/lib/python3.12/site-packages/airflow/example_dags/example_params_ui_tutorial.py for tasks to queue
[2025-01-28T06:35:44.197+0000] {logging_mixin.py:190} INFO - [2025-01-28T06:35:44.197+0000] {dagbag.py:588} INFO - Filling up the DagBag from /home/ubuntu/.local/lib/python3.12/site-packages/airflow/example_dags/example_params_ui_tutorial.py
[2025-01-28T06:35:44.206+0000] {processor.py:925} INFO - DAG(s) 'example_params_ui_tutorial' retrieved from /home/ubuntu/.local/lib/python3.12/site-packages/airflow/example_dags/example_params_ui_tutorial.py
[2025-01-28T06:35:44.243+0000] {logging_mixin.py:190} INFO - [2025-01-28T06:35:44.243+0000] {dag.py:3239} INFO - Sync 1 DAGs
[2025-01-28T06:35:44.253+0000] {logging_mixin.py:190} INFO - [2025-01-28T06:35:44.253+0000] {dag.py:4180} INFO - Setting next_dagrun for example_params_ui_tutorial to None, run_after=None
[2025-01-28T06:35:44.278+0000] {processor.py:208} INFO - Processing /home/ubuntu/.local/lib/python3.12/site-packages/airflow/example_dags/example_params_ui_tutorial.py took 0.090 seconds
[2025-01-28T06:36:35.555+0000] {processor.py:186} INFO - Started process (PID=6070) to work on /home/ubuntu/.local/lib/python3.12/site-packages/airflow/example_dags/example_params_ui_tutorial.py
[2025-01-28T06:36:35.557+0000] {processor.py:914} INFO - Processing file /home/ubuntu/.local/lib/python3.12/site-packages/airflow/example_dags/example_params_ui_tutorial.py for tasks to queue
[2025-01-28T06:36:35.559+0000] {logging_mixin.py:190} INFO - [2025-01-28T06:36:35.559+0000] {dagbag.py:588} INFO - Filling up the DagBag from /home/ubuntu/.local/lib/python3.12/site-packages/airflow/example_dags/example_params_ui_tutorial.py
[2025-01-28T06:36:35.567+0000] {processor.py:925} INFO - DAG(s) 'example_params_ui_tutorial' retrieved from /home/ubuntu/.local/lib/python3.12/site-packages/airflow/example_dags/example_params_ui_tutorial.py
[2025-01-28T06:36:35.603+0000] {logging_mixin.py:190} INFO - [2025-01-28T06:36:35.603+0000] {dag.py:3239} INFO - Sync 1 DAGs
[2025-01-28T06:36:35.616+0000] {logging_mixin.py:190} INFO - [2025-01-28T06:36:35.615+0000] {dag.py:4180} INFO - Setting next_dagrun for example_params_ui_tutorial to None, run_after=None
[2025-01-28T06:36:35.637+0000] {processor.py:208} INFO - Processing /home/ubuntu/.local/lib/python3.12/site-packages/airflow/example_dags/example_params_ui_tutorial.py took 0.087 seconds
[2025-01-28T06:37:28.044+0000] {processor.py:186} INFO - Started process (PID=6124) to work on /home/ubuntu/.local/lib/python3.12/site-packages/airflow/example_dags/example_params_ui_tutorial.py
[2025-01-28T06:37:28.046+0000] {processor.py:914} INFO - Processing file /home/ubuntu/.local/lib/python3.12/site-packages/airflow/example_dags/example_params_ui_tutorial.py for tasks to queue
[2025-01-28T06:37:28.048+0000] {logging_mixin.py:190} INFO - [2025-01-28T06:37:28.048+0000] {dagbag.py:588} INFO - Filling up the DagBag from /home/ubuntu/.local/lib/python3.12/site-packages/airflow/example_dags/example_params_ui_tutorial.py
[2025-01-28T06:37:28.058+0000] {processor.py:925} INFO - DAG(s) 'example_params_ui_tutorial' retrieved from /home/ubuntu/.local/lib/python3.12/site-packages/airflow/example_dags/example_params_ui_tutorial.py
[2025-01-28T06:37:28.093+0000] {logging_mixin.py:190} INFO - [2025-01-28T06:37:28.092+0000] {dag.py:3239} INFO - Sync 1 DAGs
[2025-01-28T06:37:28.104+0000] {logging_mixin.py:190} INFO - [2025-01-28T06:37:28.104+0000] {dag.py:4180} INFO - Setting next_dagrun for example_params_ui_tutorial to None, run_after=None
[2025-01-28T06:37:28.126+0000] {processor.py:208} INFO - Processing /home/ubuntu/.local/lib/python3.12/site-packages/airflow/example_dags/example_params_ui_tutorial.py took 0.087 seconds
[2025-01-28T06:38:21.544+0000] {processor.py:186} INFO - Started process (PID=6180) to work on /home/ubuntu/.local/lib/python3.12/site-packages/airflow/example_dags/example_params_ui_tutorial.py
[2025-01-28T06:38:21.546+0000] {processor.py:914} INFO - Processing file /home/ubuntu/.local/lib/python3.12/site-packages/airflow/example_dags/example_params_ui_tutorial.py for tasks to queue
[2025-01-28T06:38:21.548+0000] {logging_mixin.py:190} INFO - [2025-01-28T06:38:21.548+0000] {dagbag.py:588} INFO - Filling up the DagBag from /home/ubuntu/.local/lib/python3.12/site-packages/airflow/example_dags/example_params_ui_tutorial.py
[2025-01-28T06:38:21.557+0000] {processor.py:925} INFO - DAG(s) 'example_params_ui_tutorial' retrieved from /home/ubuntu/.local/lib/python3.12/site-packages/airflow/example_dags/example_params_ui_tutorial.py
[2025-01-28T06:38:21.593+0000] {logging_mixin.py:190} INFO - [2025-01-28T06:38:21.593+0000] {dag.py:3239} INFO - Sync 1 DAGs
[2025-01-28T06:38:21.605+0000] {logging_mixin.py:190} INFO - [2025-01-28T06:38:21.605+0000] {dag.py:4180} INFO - Setting next_dagrun for example_params_ui_tutorial to None, run_after=None
[2025-01-28T06:38:21.627+0000] {processor.py:208} INFO - Processing /home/ubuntu/.local/lib/python3.12/site-packages/airflow/example_dags/example_params_ui_tutorial.py took 0.089 seconds
[2025-01-28T06:39:16.656+0000] {processor.py:186} INFO - Started process (PID=6237) to work on /home/ubuntu/.local/lib/python3.12/site-packages/airflow/example_dags/example_params_ui_tutorial.py
[2025-01-28T06:39:16.657+0000] {processor.py:914} INFO - Processing file /home/ubuntu/.local/lib/python3.12/site-packages/airflow/example_dags/example_params_ui_tutorial.py for tasks to queue
[2025-01-28T06:39:16.659+0000] {logging_mixin.py:190} INFO - [2025-01-28T06:39:16.659+0000] {dagbag.py:588} INFO - Filling up the DagBag from /home/ubuntu/.local/lib/python3.12/site-packages/airflow/example_dags/example_params_ui_tutorial.py
[2025-01-28T06:39:16.668+0000] {processor.py:925} INFO - DAG(s) 'example_params_ui_tutorial' retrieved from /home/ubuntu/.local/lib/python3.12/site-packages/airflow/example_dags/example_params_ui_tutorial.py
[2025-01-28T06:39:16.704+0000] {logging_mixin.py:190} INFO - [2025-01-28T06:39:16.703+0000] {dag.py:3239} INFO - Sync 1 DAGs
[2025-01-28T06:39:16.716+0000] {logging_mixin.py:190} INFO - [2025-01-28T06:39:16.716+0000] {dag.py:4180} INFO - Setting next_dagrun for example_params_ui_tutorial to None, run_after=None
[2025-01-28T06:39:16.738+0000] {processor.py:208} INFO - Processing /home/ubuntu/.local/lib/python3.12/site-packages/airflow/example_dags/example_params_ui_tutorial.py took 0.088 seconds
[2025-01-28T06:40:14.670+0000] {processor.py:186} INFO - Started process (PID=6296) to work on /home/ubuntu/.local/lib/python3.12/site-packages/airflow/example_dags/example_params_ui_tutorial.py
[2025-01-28T06:40:14.672+0000] {processor.py:914} INFO - Processing file /home/ubuntu/.local/lib/python3.12/site-packages/airflow/example_dags/example_params_ui_tutorial.py for tasks to queue
[2025-01-28T06:40:14.674+0000] {logging_mixin.py:190} INFO - [2025-01-28T06:40:14.673+0000] {dagbag.py:588} INFO - Filling up the DagBag from /home/ubuntu/.local/lib/python3.12/site-packages/airflow/example_dags/example_params_ui_tutorial.py
[2025-01-28T06:40:14.684+0000] {processor.py:925} INFO - DAG(s) 'example_params_ui_tutorial' retrieved from /home/ubuntu/.local/lib/python3.12/site-packages/airflow/example_dags/example_params_ui_tutorial.py
[2025-01-28T06:40:14.718+0000] {logging_mixin.py:190} INFO - [2025-01-28T06:40:14.718+0000] {dag.py:3239} INFO - Sync 1 DAGs
[2025-01-28T06:40:14.730+0000] {logging_mixin.py:190} INFO - [2025-01-28T06:40:14.729+0000] {dag.py:4180} INFO - Setting next_dagrun for example_params_ui_tutorial to None, run_after=None
[2025-01-28T06:40:14.753+0000] {processor.py:208} INFO - Processing /home/ubuntu/.local/lib/python3.12/site-packages/airflow/example_dags/example_params_ui_tutorial.py took 0.088 seconds
[2025-01-28T06:41:11.982+0000] {processor.py:186} INFO - Started process (PID=6355) to work on /home/ubuntu/.local/lib/python3.12/site-packages/airflow/example_dags/example_params_ui_tutorial.py
[2025-01-28T06:41:11.983+0000] {processor.py:914} INFO - Processing file /home/ubuntu/.local/lib/python3.12/site-packages/airflow/example_dags/example_params_ui_tutorial.py for tasks to queue
[2025-01-28T06:41:11.985+0000] {logging_mixin.py:190} INFO - [2025-01-28T06:41:11.985+0000] {dagbag.py:588} INFO - Filling up the DagBag from /home/ubuntu/.local/lib/python3.12/site-packages/airflow/example_dags/example_params_ui_tutorial.py
[2025-01-28T06:41:11.994+0000] {processor.py:925} INFO - DAG(s) 'example_params_ui_tutorial' retrieved from /home/ubuntu/.local/lib/python3.12/site-packages/airflow/example_dags/example_params_ui_tutorial.py
[2025-01-28T06:41:12.031+0000] {logging_mixin.py:190} INFO - [2025-01-28T06:41:12.030+0000] {dag.py:3239} INFO - Sync 1 DAGs
[2025-01-28T06:41:12.042+0000] {logging_mixin.py:190} INFO - [2025-01-28T06:41:12.042+0000] {dag.py:4180} INFO - Setting next_dagrun for example_params_ui_tutorial to None, run_after=None
[2025-01-28T06:41:12.065+0000] {processor.py:208} INFO - Processing /home/ubuntu/.local/lib/python3.12/site-packages/airflow/example_dags/example_params_ui_tutorial.py took 0.089 seconds
[2025-01-28T06:42:16.044+0000] {processor.py:186} INFO - Started process (PID=6552) to work on /home/ubuntu/.local/lib/python3.12/site-packages/airflow/example_dags/example_params_ui_tutorial.py
[2025-01-28T06:42:16.045+0000] {processor.py:914} INFO - Processing file /home/ubuntu/.local/lib/python3.12/site-packages/airflow/example_dags/example_params_ui_tutorial.py for tasks to queue
[2025-01-28T06:42:16.047+0000] {logging_mixin.py:190} INFO - [2025-01-28T06:42:16.047+0000] {dagbag.py:588} INFO - Filling up the DagBag from /home/ubuntu/.local/lib/python3.12/site-packages/airflow/example_dags/example_params_ui_tutorial.py
[2025-01-28T06:42:16.056+0000] {processor.py:925} INFO - DAG(s) 'example_params_ui_tutorial' retrieved from /home/ubuntu/.local/lib/python3.12/site-packages/airflow/example_dags/example_params_ui_tutorial.py
[2025-01-28T06:42:16.092+0000] {logging_mixin.py:190} INFO - [2025-01-28T06:42:16.091+0000] {dag.py:3239} INFO - Sync 1 DAGs
[2025-01-28T06:42:16.233+0000] {logging_mixin.py:190} INFO - [2025-01-28T06:42:16.233+0000] {dag.py:4180} INFO - Setting next_dagrun for example_params_ui_tutorial to None, run_after=None
[2025-01-28T06:42:16.256+0000] {processor.py:208} INFO - Processing /home/ubuntu/.local/lib/python3.12/site-packages/airflow/example_dags/example_params_ui_tutorial.py took 0.217 seconds
[2025-01-28T06:43:12.365+0000] {processor.py:186} INFO - Started process (PID=6610) to work on /home/ubuntu/.local/lib/python3.12/site-packages/airflow/example_dags/example_params_ui_tutorial.py
[2025-01-28T06:43:12.367+0000] {processor.py:914} INFO - Processing file /home/ubuntu/.local/lib/python3.12/site-packages/airflow/example_dags/example_params_ui_tutorial.py for tasks to queue
[2025-01-28T06:43:12.369+0000] {logging_mixin.py:190} INFO - [2025-01-28T06:43:12.368+0000] {dagbag.py:588} INFO - Filling up the DagBag from /home/ubuntu/.local/lib/python3.12/site-packages/airflow/example_dags/example_params_ui_tutorial.py
[2025-01-28T06:43:12.377+0000] {processor.py:925} INFO - DAG(s) 'example_params_ui_tutorial' retrieved from /home/ubuntu/.local/lib/python3.12/site-packages/airflow/example_dags/example_params_ui_tutorial.py
[2025-01-28T06:43:12.414+0000] {logging_mixin.py:190} INFO - [2025-01-28T06:43:12.414+0000] {dag.py:3239} INFO - Sync 1 DAGs
[2025-01-28T06:43:12.425+0000] {logging_mixin.py:190} INFO - [2025-01-28T06:43:12.425+0000] {dag.py:4180} INFO - Setting next_dagrun for example_params_ui_tutorial to None, run_after=None
[2025-01-28T06:43:12.449+0000] {processor.py:208} INFO - Processing /home/ubuntu/.local/lib/python3.12/site-packages/airflow/example_dags/example_params_ui_tutorial.py took 0.091 seconds
[2025-01-28T06:44:18.205+0000] {processor.py:186} INFO - Started process (PID=6672) to work on /home/ubuntu/.local/lib/python3.12/site-packages/airflow/example_dags/example_params_ui_tutorial.py
[2025-01-28T06:44:18.206+0000] {processor.py:914} INFO - Processing file /home/ubuntu/.local/lib/python3.12/site-packages/airflow/example_dags/example_params_ui_tutorial.py for tasks to queue
[2025-01-28T06:44:18.209+0000] {logging_mixin.py:190} INFO - [2025-01-28T06:44:18.208+0000] {dagbag.py:588} INFO - Filling up the DagBag from /home/ubuntu/.local/lib/python3.12/site-packages/airflow/example_dags/example_params_ui_tutorial.py
[2025-01-28T06:44:18.218+0000] {processor.py:925} INFO - DAG(s) 'example_params_ui_tutorial' retrieved from /home/ubuntu/.local/lib/python3.12/site-packages/airflow/example_dags/example_params_ui_tutorial.py
[2025-01-28T06:44:18.254+0000] {logging_mixin.py:190} INFO - [2025-01-28T06:44:18.253+0000] {dag.py:3239} INFO - Sync 1 DAGs
[2025-01-28T06:44:18.265+0000] {logging_mixin.py:190} INFO - [2025-01-28T06:44:18.265+0000] {dag.py:4180} INFO - Setting next_dagrun for example_params_ui_tutorial to None, run_after=None
[2025-01-28T06:44:18.287+0000] {processor.py:208} INFO - Processing /home/ubuntu/.local/lib/python3.12/site-packages/airflow/example_dags/example_params_ui_tutorial.py took 0.088 seconds
[2025-01-28T06:45:23.841+0000] {processor.py:186} INFO - Started process (PID=6738) to work on /home/ubuntu/.local/lib/python3.12/site-packages/airflow/example_dags/example_params_ui_tutorial.py
[2025-01-28T06:45:23.843+0000] {processor.py:914} INFO - Processing file /home/ubuntu/.local/lib/python3.12/site-packages/airflow/example_dags/example_params_ui_tutorial.py for tasks to queue
[2025-01-28T06:45:23.845+0000] {logging_mixin.py:190} INFO - [2025-01-28T06:45:23.844+0000] {dagbag.py:588} INFO - Filling up the DagBag from /home/ubuntu/.local/lib/python3.12/site-packages/airflow/example_dags/example_params_ui_tutorial.py
[2025-01-28T06:45:23.854+0000] {processor.py:925} INFO - DAG(s) 'example_params_ui_tutorial' retrieved from /home/ubuntu/.local/lib/python3.12/site-packages/airflow/example_dags/example_params_ui_tutorial.py
[2025-01-28T06:45:23.891+0000] {logging_mixin.py:190} INFO - [2025-01-28T06:45:23.891+0000] {dag.py:3239} INFO - Sync 1 DAGs
[2025-01-28T06:45:23.903+0000] {logging_mixin.py:190} INFO - [2025-01-28T06:45:23.903+0000] {dag.py:4180} INFO - Setting next_dagrun for example_params_ui_tutorial to None, run_after=None
[2025-01-28T06:45:23.929+0000] {processor.py:208} INFO - Processing /home/ubuntu/.local/lib/python3.12/site-packages/airflow/example_dags/example_params_ui_tutorial.py took 0.093 seconds
[2025-01-28T06:46:19.604+0000] {processor.py:186} INFO - Started process (PID=6960) to work on /home/ubuntu/.local/lib/python3.12/site-packages/airflow/example_dags/example_params_ui_tutorial.py
[2025-01-28T06:46:19.605+0000] {processor.py:914} INFO - Processing file /home/ubuntu/.local/lib/python3.12/site-packages/airflow/example_dags/example_params_ui_tutorial.py for tasks to queue
[2025-01-28T06:46:19.608+0000] {logging_mixin.py:190} INFO - [2025-01-28T06:46:19.607+0000] {dagbag.py:588} INFO - Filling up the DagBag from /home/ubuntu/.local/lib/python3.12/site-packages/airflow/example_dags/example_params_ui_tutorial.py
[2025-01-28T06:46:19.617+0000] {processor.py:925} INFO - DAG(s) 'example_params_ui_tutorial' retrieved from /home/ubuntu/.local/lib/python3.12/site-packages/airflow/example_dags/example_params_ui_tutorial.py
[2025-01-28T06:46:19.655+0000] {logging_mixin.py:190} INFO - [2025-01-28T06:46:19.655+0000] {dag.py:3239} INFO - Sync 1 DAGs
[2025-01-28T06:46:19.667+0000] {logging_mixin.py:190} INFO - [2025-01-28T06:46:19.667+0000] {dag.py:4180} INFO - Setting next_dagrun for example_params_ui_tutorial to None, run_after=None
[2025-01-28T06:46:19.692+0000] {processor.py:208} INFO - Processing /home/ubuntu/.local/lib/python3.12/site-packages/airflow/example_dags/example_params_ui_tutorial.py took 0.095 seconds
