[2025-01-28T03:39:43.852+0000] {processor.py:186} INFO - Started process (PID=9642) to work on /home/ubuntu/airflow-venv/lib/python3.12/site-packages/airflow/example_dags/example_short_circuit_operator.py
[2025-01-28T03:39:43.853+0000] {processor.py:914} INFO - Processing file /home/ubuntu/airflow-venv/lib/python3.12/site-packages/airflow/example_dags/example_short_circuit_operator.py for tasks to queue
[2025-01-28T03:39:43.857+0000] {logging_mixin.py:190} INFO - [2025-01-28T03:39:43.854+0000] {dagbag.py:588} INFO - Filling up the DagBag from /home/ubuntu/airflow-venv/lib/python3.12/site-packages/airflow/example_dags/example_short_circuit_operator.py
[2025-01-28T03:39:43.865+0000] {processor.py:925} INFO - DAG(s) 'example_short_circuit_operator' retrieved from /home/ubuntu/airflow-venv/lib/python3.12/site-packages/airflow/example_dags/example_short_circuit_operator.py
[2025-01-28T03:39:43.970+0000] {logging_mixin.py:190} INFO - [2025-01-28T03:39:43.970+0000] {override.py:1912} INFO - Created Permission View: can read on DAG:example_short_circuit_operator
[2025-01-28T03:39:43.983+0000] {logging_mixin.py:190} INFO - [2025-01-28T03:39:43.983+0000] {override.py:1912} INFO - Created Permission View: can delete on DAG:example_short_circuit_operator
[2025-01-28T03:39:43.994+0000] {logging_mixin.py:190} INFO - [2025-01-28T03:39:43.994+0000] {override.py:1912} INFO - Created Permission View: can edit on DAG:example_short_circuit_operator
[2025-01-28T03:39:44.012+0000] {logging_mixin.py:190} INFO - [2025-01-28T03:39:44.011+0000] {override.py:1912} INFO - Created Permission View: menu access on DAG Run:example_short_circuit_operator
[2025-01-28T03:39:44.022+0000] {logging_mixin.py:190} INFO - [2025-01-28T03:39:44.022+0000] {override.py:1912} INFO - Created Permission View: can read on DAG Run:example_short_circuit_operator
[2025-01-28T03:39:44.032+0000] {logging_mixin.py:190} INFO - [2025-01-28T03:39:44.032+0000] {override.py:1912} INFO - Created Permission View: can delete on DAG Run:example_short_circuit_operator
[2025-01-28T03:39:44.043+0000] {logging_mixin.py:190} INFO - [2025-01-28T03:39:44.043+0000] {override.py:1912} INFO - Created Permission View: can create on DAG Run:example_short_circuit_operator
[2025-01-28T03:39:44.044+0000] {logging_mixin.py:190} INFO - [2025-01-28T03:39:44.044+0000] {dag.py:3239} INFO - Sync 1 DAGs
[2025-01-28T03:39:44.054+0000] {logging_mixin.py:190} INFO - [2025-01-28T03:39:44.054+0000] {dag.py:3262} INFO - Creating ORM DAG for example_short_circuit_operator
[2025-01-28T03:39:44.054+0000] {logging_mixin.py:190} INFO - [2025-01-28T03:39:44.054+0000] {dag.py:4180} INFO - Setting next_dagrun for example_short_circuit_operator to None, run_after=None
[2025-01-28T03:39:44.076+0000] {processor.py:208} INFO - Processing /home/ubuntu/airflow-venv/lib/python3.12/site-packages/airflow/example_dags/example_short_circuit_operator.py took 0.229 seconds
[2025-01-28T03:40:48.193+0000] {processor.py:186} INFO - Started process (PID=9703) to work on /home/ubuntu/airflow-venv/lib/python3.12/site-packages/airflow/example_dags/example_short_circuit_operator.py
[2025-01-28T03:40:48.236+0000] {processor.py:914} INFO - Processing file /home/ubuntu/airflow-venv/lib/python3.12/site-packages/airflow/example_dags/example_short_circuit_operator.py for tasks to queue
[2025-01-28T03:40:48.237+0000] {logging_mixin.py:190} INFO - [2025-01-28T03:40:48.237+0000] {dagbag.py:588} INFO - Filling up the DagBag from /home/ubuntu/airflow-venv/lib/python3.12/site-packages/airflow/example_dags/example_short_circuit_operator.py
[2025-01-28T03:40:48.247+0000] {processor.py:925} INFO - DAG(s) 'example_short_circuit_operator' retrieved from /home/ubuntu/airflow-venv/lib/python3.12/site-packages/airflow/example_dags/example_short_circuit_operator.py
[2025-01-28T03:40:48.265+0000] {logging_mixin.py:190} INFO - [2025-01-28T03:40:48.264+0000] {dag.py:3239} INFO - Sync 1 DAGs
[2025-01-28T03:40:48.276+0000] {logging_mixin.py:190} INFO - [2025-01-28T03:40:48.275+0000] {dag.py:4180} INFO - Setting next_dagrun for example_short_circuit_operator to None, run_after=None
[2025-01-28T03:40:48.297+0000] {processor.py:208} INFO - Processing /home/ubuntu/airflow-venv/lib/python3.12/site-packages/airflow/example_dags/example_short_circuit_operator.py took 0.109 seconds
[2025-01-28T03:43:25.919+0000] {processor.py:186} INFO - Started process (PID=9804) to work on /home/ubuntu/airflow-venv/lib/python3.12/site-packages/airflow/example_dags/example_short_circuit_operator.py
[2025-01-28T03:43:25.920+0000] {processor.py:914} INFO - Processing file /home/ubuntu/airflow-venv/lib/python3.12/site-packages/airflow/example_dags/example_short_circuit_operator.py for tasks to queue
[2025-01-28T03:43:25.922+0000] {logging_mixin.py:190} INFO - [2025-01-28T03:43:25.922+0000] {dagbag.py:588} INFO - Filling up the DagBag from /home/ubuntu/airflow-venv/lib/python3.12/site-packages/airflow/example_dags/example_short_circuit_operator.py
[2025-01-28T03:43:25.930+0000] {processor.py:925} INFO - DAG(s) 'example_short_circuit_operator' retrieved from /home/ubuntu/airflow-venv/lib/python3.12/site-packages/airflow/example_dags/example_short_circuit_operator.py
[2025-01-28T03:43:25.950+0000] {logging_mixin.py:190} INFO - [2025-01-28T03:43:25.949+0000] {dag.py:3239} INFO - Sync 1 DAGs
[2025-01-28T03:43:25.961+0000] {logging_mixin.py:190} INFO - [2025-01-28T03:43:25.961+0000] {dag.py:4180} INFO - Setting next_dagrun for example_short_circuit_operator to None, run_after=None
[2025-01-28T03:43:25.984+0000] {processor.py:208} INFO - Processing /home/ubuntu/airflow-venv/lib/python3.12/site-packages/airflow/example_dags/example_short_circuit_operator.py took 0.070 seconds
[2025-01-28T03:44:22.863+0000] {processor.py:186} INFO - Started process (PID=9862) to work on /home/ubuntu/airflow-venv/lib/python3.12/site-packages/airflow/example_dags/example_short_circuit_operator.py
[2025-01-28T03:44:22.864+0000] {processor.py:914} INFO - Processing file /home/ubuntu/airflow-venv/lib/python3.12/site-packages/airflow/example_dags/example_short_circuit_operator.py for tasks to queue
[2025-01-28T03:44:22.866+0000] {logging_mixin.py:190} INFO - [2025-01-28T03:44:22.866+0000] {dagbag.py:588} INFO - Filling up the DagBag from /home/ubuntu/airflow-venv/lib/python3.12/site-packages/airflow/example_dags/example_short_circuit_operator.py
[2025-01-28T03:44:22.874+0000] {processor.py:925} INFO - DAG(s) 'example_short_circuit_operator' retrieved from /home/ubuntu/airflow-venv/lib/python3.12/site-packages/airflow/example_dags/example_short_circuit_operator.py
[2025-01-28T03:44:22.892+0000] {logging_mixin.py:190} INFO - [2025-01-28T03:44:22.892+0000] {dag.py:3239} INFO - Sync 1 DAGs
[2025-01-28T03:44:22.904+0000] {logging_mixin.py:190} INFO - [2025-01-28T03:44:22.903+0000] {dag.py:4180} INFO - Setting next_dagrun for example_short_circuit_operator to None, run_after=None
[2025-01-28T03:44:22.925+0000] {processor.py:208} INFO - Processing /home/ubuntu/airflow-venv/lib/python3.12/site-packages/airflow/example_dags/example_short_circuit_operator.py took 0.068 seconds
[2025-01-28T03:45:17.395+0000] {processor.py:186} INFO - Started process (PID=9924) to work on /home/ubuntu/airflow-venv/lib/python3.12/site-packages/airflow/example_dags/example_short_circuit_operator.py
[2025-01-28T03:45:17.397+0000] {processor.py:914} INFO - Processing file /home/ubuntu/airflow-venv/lib/python3.12/site-packages/airflow/example_dags/example_short_circuit_operator.py for tasks to queue
[2025-01-28T03:45:17.399+0000] {logging_mixin.py:190} INFO - [2025-01-28T03:45:17.399+0000] {dagbag.py:588} INFO - Filling up the DagBag from /home/ubuntu/airflow-venv/lib/python3.12/site-packages/airflow/example_dags/example_short_circuit_operator.py
[2025-01-28T03:45:17.407+0000] {processor.py:925} INFO - DAG(s) 'example_short_circuit_operator' retrieved from /home/ubuntu/airflow-venv/lib/python3.12/site-packages/airflow/example_dags/example_short_circuit_operator.py
[2025-01-28T03:45:17.425+0000] {logging_mixin.py:190} INFO - [2025-01-28T03:45:17.424+0000] {dag.py:3239} INFO - Sync 1 DAGs
[2025-01-28T03:45:17.436+0000] {logging_mixin.py:190} INFO - [2025-01-28T03:45:17.436+0000] {dag.py:4180} INFO - Setting next_dagrun for example_short_circuit_operator to None, run_after=None
[2025-01-28T03:45:17.459+0000] {processor.py:208} INFO - Processing /home/ubuntu/airflow-venv/lib/python3.12/site-packages/airflow/example_dags/example_short_circuit_operator.py took 0.068 seconds
[2025-01-28T03:46:10.181+0000] {processor.py:186} INFO - Started process (PID=9978) to work on /home/ubuntu/airflow-venv/lib/python3.12/site-packages/airflow/example_dags/example_short_circuit_operator.py
[2025-01-28T03:46:10.182+0000] {processor.py:914} INFO - Processing file /home/ubuntu/airflow-venv/lib/python3.12/site-packages/airflow/example_dags/example_short_circuit_operator.py for tasks to queue
[2025-01-28T03:46:10.184+0000] {logging_mixin.py:190} INFO - [2025-01-28T03:46:10.184+0000] {dagbag.py:588} INFO - Filling up the DagBag from /home/ubuntu/airflow-venv/lib/python3.12/site-packages/airflow/example_dags/example_short_circuit_operator.py
[2025-01-28T03:46:10.193+0000] {processor.py:925} INFO - DAG(s) 'example_short_circuit_operator' retrieved from /home/ubuntu/airflow-venv/lib/python3.12/site-packages/airflow/example_dags/example_short_circuit_operator.py
[2025-01-28T03:46:10.211+0000] {logging_mixin.py:190} INFO - [2025-01-28T03:46:10.211+0000] {dag.py:3239} INFO - Sync 1 DAGs
[2025-01-28T03:46:10.222+0000] {logging_mixin.py:190} INFO - [2025-01-28T03:46:10.222+0000] {dag.py:4180} INFO - Setting next_dagrun for example_short_circuit_operator to None, run_after=None
[2025-01-28T03:46:10.245+0000] {processor.py:208} INFO - Processing /home/ubuntu/airflow-venv/lib/python3.12/site-packages/airflow/example_dags/example_short_circuit_operator.py took 0.069 seconds
[2025-01-28T03:47:03.653+0000] {processor.py:186} INFO - Started process (PID=10032) to work on /home/ubuntu/airflow-venv/lib/python3.12/site-packages/airflow/example_dags/example_short_circuit_operator.py
[2025-01-28T03:47:03.655+0000] {processor.py:914} INFO - Processing file /home/ubuntu/airflow-venv/lib/python3.12/site-packages/airflow/example_dags/example_short_circuit_operator.py for tasks to queue
[2025-01-28T03:47:03.657+0000] {logging_mixin.py:190} INFO - [2025-01-28T03:47:03.657+0000] {dagbag.py:588} INFO - Filling up the DagBag from /home/ubuntu/airflow-venv/lib/python3.12/site-packages/airflow/example_dags/example_short_circuit_operator.py
[2025-01-28T03:47:03.666+0000] {processor.py:925} INFO - DAG(s) 'example_short_circuit_operator' retrieved from /home/ubuntu/airflow-venv/lib/python3.12/site-packages/airflow/example_dags/example_short_circuit_operator.py
[2025-01-28T03:47:03.684+0000] {logging_mixin.py:190} INFO - [2025-01-28T03:47:03.684+0000] {dag.py:3239} INFO - Sync 1 DAGs
[2025-01-28T03:47:03.696+0000] {logging_mixin.py:190} INFO - [2025-01-28T03:47:03.696+0000] {dag.py:4180} INFO - Setting next_dagrun for example_short_circuit_operator to None, run_after=None
[2025-01-28T03:47:03.718+0000] {processor.py:208} INFO - Processing /home/ubuntu/airflow-venv/lib/python3.12/site-packages/airflow/example_dags/example_short_circuit_operator.py took 0.070 seconds
[2025-01-28T03:47:54.192+0000] {processor.py:186} INFO - Started process (PID=10084) to work on /home/ubuntu/airflow-venv/lib/python3.12/site-packages/airflow/example_dags/example_short_circuit_operator.py
[2025-01-28T03:47:54.194+0000] {processor.py:914} INFO - Processing file /home/ubuntu/airflow-venv/lib/python3.12/site-packages/airflow/example_dags/example_short_circuit_operator.py for tasks to queue
[2025-01-28T03:47:54.195+0000] {logging_mixin.py:190} INFO - [2025-01-28T03:47:54.195+0000] {dagbag.py:588} INFO - Filling up the DagBag from /home/ubuntu/airflow-venv/lib/python3.12/site-packages/airflow/example_dags/example_short_circuit_operator.py
[2025-01-28T03:47:54.205+0000] {processor.py:925} INFO - DAG(s) 'example_short_circuit_operator' retrieved from /home/ubuntu/airflow-venv/lib/python3.12/site-packages/airflow/example_dags/example_short_circuit_operator.py
[2025-01-28T03:47:54.222+0000] {logging_mixin.py:190} INFO - [2025-01-28T03:47:54.222+0000] {dag.py:3239} INFO - Sync 1 DAGs
[2025-01-28T03:47:54.233+0000] {logging_mixin.py:190} INFO - [2025-01-28T03:47:54.233+0000] {dag.py:4180} INFO - Setting next_dagrun for example_short_circuit_operator to None, run_after=None
[2025-01-28T03:47:54.256+0000] {processor.py:208} INFO - Processing /home/ubuntu/airflow-venv/lib/python3.12/site-packages/airflow/example_dags/example_short_circuit_operator.py took 0.069 seconds
[2025-01-28T03:48:45.544+0000] {processor.py:186} INFO - Started process (PID=10139) to work on /home/ubuntu/airflow-venv/lib/python3.12/site-packages/airflow/example_dags/example_short_circuit_operator.py
[2025-01-28T03:48:45.545+0000] {processor.py:914} INFO - Processing file /home/ubuntu/airflow-venv/lib/python3.12/site-packages/airflow/example_dags/example_short_circuit_operator.py for tasks to queue
[2025-01-28T03:48:45.547+0000] {logging_mixin.py:190} INFO - [2025-01-28T03:48:45.547+0000] {dagbag.py:588} INFO - Filling up the DagBag from /home/ubuntu/airflow-venv/lib/python3.12/site-packages/airflow/example_dags/example_short_circuit_operator.py
[2025-01-28T03:48:45.556+0000] {processor.py:925} INFO - DAG(s) 'example_short_circuit_operator' retrieved from /home/ubuntu/airflow-venv/lib/python3.12/site-packages/airflow/example_dags/example_short_circuit_operator.py
[2025-01-28T03:48:45.573+0000] {logging_mixin.py:190} INFO - [2025-01-28T03:48:45.573+0000] {dag.py:3239} INFO - Sync 1 DAGs
[2025-01-28T03:48:45.584+0000] {logging_mixin.py:190} INFO - [2025-01-28T03:48:45.584+0000] {dag.py:4180} INFO - Setting next_dagrun for example_short_circuit_operator to None, run_after=None
[2025-01-28T03:48:45.605+0000] {processor.py:208} INFO - Processing /home/ubuntu/airflow-venv/lib/python3.12/site-packages/airflow/example_dags/example_short_circuit_operator.py took 0.067 seconds
[2025-01-28T03:49:35.784+0000] {processor.py:186} INFO - Started process (PID=10191) to work on /home/ubuntu/airflow-venv/lib/python3.12/site-packages/airflow/example_dags/example_short_circuit_operator.py
[2025-01-28T03:49:35.787+0000] {processor.py:914} INFO - Processing file /home/ubuntu/airflow-venv/lib/python3.12/site-packages/airflow/example_dags/example_short_circuit_operator.py for tasks to queue
[2025-01-28T03:49:35.789+0000] {logging_mixin.py:190} INFO - [2025-01-28T03:49:35.789+0000] {dagbag.py:588} INFO - Filling up the DagBag from /home/ubuntu/airflow-venv/lib/python3.12/site-packages/airflow/example_dags/example_short_circuit_operator.py
[2025-01-28T03:49:35.797+0000] {processor.py:925} INFO - DAG(s) 'example_short_circuit_operator' retrieved from /home/ubuntu/airflow-venv/lib/python3.12/site-packages/airflow/example_dags/example_short_circuit_operator.py
[2025-01-28T03:49:35.814+0000] {logging_mixin.py:190} INFO - [2025-01-28T03:49:35.814+0000] {dag.py:3239} INFO - Sync 1 DAGs
[2025-01-28T03:49:35.826+0000] {logging_mixin.py:190} INFO - [2025-01-28T03:49:35.826+0000] {dag.py:4180} INFO - Setting next_dagrun for example_short_circuit_operator to None, run_after=None
[2025-01-28T03:49:35.847+0000] {processor.py:208} INFO - Processing /home/ubuntu/airflow-venv/lib/python3.12/site-packages/airflow/example_dags/example_short_circuit_operator.py took 0.068 seconds
[2025-01-28T05:55:21.169+0000] {processor.py:186} INFO - Started process (PID=1913) to work on /home/ubuntu/.local/lib/python3.12/site-packages/airflow/example_dags/example_short_circuit_operator.py
[2025-01-28T05:55:21.171+0000] {processor.py:914} INFO - Processing file /home/ubuntu/.local/lib/python3.12/site-packages/airflow/example_dags/example_short_circuit_operator.py for tasks to queue
[2025-01-28T05:55:21.174+0000] {logging_mixin.py:190} INFO - [2025-01-28T05:55:21.174+0000] {dagbag.py:588} INFO - Filling up the DagBag from /home/ubuntu/.local/lib/python3.12/site-packages/airflow/example_dags/example_short_circuit_operator.py
[2025-01-28T05:55:21.192+0000] {processor.py:925} INFO - DAG(s) 'example_short_circuit_operator' retrieved from /home/ubuntu/.local/lib/python3.12/site-packages/airflow/example_dags/example_short_circuit_operator.py
[2025-01-28T05:55:21.312+0000] {logging_mixin.py:190} INFO - [2025-01-28T05:55:21.312+0000] {dag.py:3239} INFO - Sync 1 DAGs
[2025-01-28T05:55:21.322+0000] {logging_mixin.py:190} INFO - [2025-01-28T05:55:21.322+0000] {dag.py:4180} INFO - Setting next_dagrun for example_short_circuit_operator to None, run_after=None
[2025-01-28T05:55:21.349+0000] {processor.py:208} INFO - Processing /home/ubuntu/.local/lib/python3.12/site-packages/airflow/example_dags/example_short_circuit_operator.py took 0.189 seconds
[2025-01-28T05:56:20.625+0000] {processor.py:186} INFO - Started process (PID=1972) to work on /home/ubuntu/.local/lib/python3.12/site-packages/airflow/example_dags/example_short_circuit_operator.py
[2025-01-28T05:56:20.626+0000] {processor.py:914} INFO - Processing file /home/ubuntu/.local/lib/python3.12/site-packages/airflow/example_dags/example_short_circuit_operator.py for tasks to queue
[2025-01-28T05:56:20.629+0000] {logging_mixin.py:190} INFO - [2025-01-28T05:56:20.629+0000] {dagbag.py:588} INFO - Filling up the DagBag from /home/ubuntu/.local/lib/python3.12/site-packages/airflow/example_dags/example_short_circuit_operator.py
[2025-01-28T05:56:20.638+0000] {processor.py:925} INFO - DAG(s) 'example_short_circuit_operator' retrieved from /home/ubuntu/.local/lib/python3.12/site-packages/airflow/example_dags/example_short_circuit_operator.py
[2025-01-28T05:56:20.655+0000] {logging_mixin.py:190} INFO - [2025-01-28T05:56:20.655+0000] {dag.py:3239} INFO - Sync 1 DAGs
[2025-01-28T05:56:20.667+0000] {logging_mixin.py:190} INFO - [2025-01-28T05:56:20.667+0000] {dag.py:4180} INFO - Setting next_dagrun for example_short_circuit_operator to None, run_after=None
[2025-01-28T05:56:20.689+0000] {processor.py:208} INFO - Processing /home/ubuntu/.local/lib/python3.12/site-packages/airflow/example_dags/example_short_circuit_operator.py took 0.069 seconds
[2025-01-28T05:57:17.271+0000] {processor.py:186} INFO - Started process (PID=2060) to work on /home/ubuntu/.local/lib/python3.12/site-packages/airflow/example_dags/example_short_circuit_operator.py
[2025-01-28T05:57:17.272+0000] {processor.py:914} INFO - Processing file /home/ubuntu/.local/lib/python3.12/site-packages/airflow/example_dags/example_short_circuit_operator.py for tasks to queue
[2025-01-28T05:57:17.274+0000] {logging_mixin.py:190} INFO - [2025-01-28T05:57:17.274+0000] {dagbag.py:588} INFO - Filling up the DagBag from /home/ubuntu/.local/lib/python3.12/site-packages/airflow/example_dags/example_short_circuit_operator.py
[2025-01-28T05:57:17.283+0000] {processor.py:925} INFO - DAG(s) 'example_short_circuit_operator' retrieved from /home/ubuntu/.local/lib/python3.12/site-packages/airflow/example_dags/example_short_circuit_operator.py
[2025-01-28T05:57:17.301+0000] {logging_mixin.py:190} INFO - [2025-01-28T05:57:17.301+0000] {dag.py:3239} INFO - Sync 1 DAGs
[2025-01-28T05:57:17.312+0000] {logging_mixin.py:190} INFO - [2025-01-28T05:57:17.312+0000] {dag.py:4180} INFO - Setting next_dagrun for example_short_circuit_operator to None, run_after=None
[2025-01-28T05:57:17.333+0000] {processor.py:208} INFO - Processing /home/ubuntu/.local/lib/python3.12/site-packages/airflow/example_dags/example_short_circuit_operator.py took 0.068 seconds
[2025-01-28T05:58:14.929+0000] {processor.py:186} INFO - Started process (PID=2122) to work on /home/ubuntu/.local/lib/python3.12/site-packages/airflow/example_dags/example_short_circuit_operator.py
[2025-01-28T05:58:14.931+0000] {processor.py:914} INFO - Processing file /home/ubuntu/.local/lib/python3.12/site-packages/airflow/example_dags/example_short_circuit_operator.py for tasks to queue
[2025-01-28T05:58:14.934+0000] {logging_mixin.py:190} INFO - [2025-01-28T05:58:14.934+0000] {dagbag.py:588} INFO - Filling up the DagBag from /home/ubuntu/.local/lib/python3.12/site-packages/airflow/example_dags/example_short_circuit_operator.py
[2025-01-28T05:58:14.943+0000] {processor.py:925} INFO - DAG(s) 'example_short_circuit_operator' retrieved from /home/ubuntu/.local/lib/python3.12/site-packages/airflow/example_dags/example_short_circuit_operator.py
[2025-01-28T05:58:14.960+0000] {logging_mixin.py:190} INFO - [2025-01-28T05:58:14.960+0000] {dag.py:3239} INFO - Sync 1 DAGs
[2025-01-28T05:58:14.971+0000] {logging_mixin.py:190} INFO - [2025-01-28T05:58:14.971+0000] {dag.py:4180} INFO - Setting next_dagrun for example_short_circuit_operator to None, run_after=None
[2025-01-28T05:58:14.994+0000] {processor.py:208} INFO - Processing /home/ubuntu/.local/lib/python3.12/site-packages/airflow/example_dags/example_short_circuit_operator.py took 0.069 seconds
[2025-01-28T05:59:10.499+0000] {processor.py:186} INFO - Started process (PID=2179) to work on /home/ubuntu/.local/lib/python3.12/site-packages/airflow/example_dags/example_short_circuit_operator.py
[2025-01-28T05:59:10.505+0000] {processor.py:914} INFO - Processing file /home/ubuntu/.local/lib/python3.12/site-packages/airflow/example_dags/example_short_circuit_operator.py for tasks to queue
[2025-01-28T05:59:10.508+0000] {logging_mixin.py:190} INFO - [2025-01-28T05:59:10.508+0000] {dagbag.py:588} INFO - Filling up the DagBag from /home/ubuntu/.local/lib/python3.12/site-packages/airflow/example_dags/example_short_circuit_operator.py
[2025-01-28T05:59:10.517+0000] {processor.py:925} INFO - DAG(s) 'example_short_circuit_operator' retrieved from /home/ubuntu/.local/lib/python3.12/site-packages/airflow/example_dags/example_short_circuit_operator.py
[2025-01-28T05:59:10.535+0000] {logging_mixin.py:190} INFO - [2025-01-28T05:59:10.535+0000] {dag.py:3239} INFO - Sync 1 DAGs
[2025-01-28T05:59:10.546+0000] {logging_mixin.py:190} INFO - [2025-01-28T05:59:10.546+0000] {dag.py:4180} INFO - Setting next_dagrun for example_short_circuit_operator to None, run_after=None
[2025-01-28T05:59:10.568+0000] {processor.py:208} INFO - Processing /home/ubuntu/.local/lib/python3.12/site-packages/airflow/example_dags/example_short_circuit_operator.py took 0.075 seconds
[2025-01-28T06:00:04.775+0000] {processor.py:186} INFO - Started process (PID=2235) to work on /home/ubuntu/.local/lib/python3.12/site-packages/airflow/example_dags/example_short_circuit_operator.py
[2025-01-28T06:00:04.777+0000] {processor.py:914} INFO - Processing file /home/ubuntu/.local/lib/python3.12/site-packages/airflow/example_dags/example_short_circuit_operator.py for tasks to queue
[2025-01-28T06:00:04.779+0000] {logging_mixin.py:190} INFO - [2025-01-28T06:00:04.778+0000] {dagbag.py:588} INFO - Filling up the DagBag from /home/ubuntu/.local/lib/python3.12/site-packages/airflow/example_dags/example_short_circuit_operator.py
[2025-01-28T06:00:04.789+0000] {processor.py:925} INFO - DAG(s) 'example_short_circuit_operator' retrieved from /home/ubuntu/.local/lib/python3.12/site-packages/airflow/example_dags/example_short_circuit_operator.py
[2025-01-28T06:00:04.807+0000] {logging_mixin.py:190} INFO - [2025-01-28T06:00:04.807+0000] {dag.py:3239} INFO - Sync 1 DAGs
[2025-01-28T06:00:04.818+0000] {logging_mixin.py:190} INFO - [2025-01-28T06:00:04.818+0000] {dag.py:4180} INFO - Setting next_dagrun for example_short_circuit_operator to None, run_after=None
[2025-01-28T06:00:04.841+0000] {processor.py:208} INFO - Processing /home/ubuntu/.local/lib/python3.12/site-packages/airflow/example_dags/example_short_circuit_operator.py took 0.072 seconds
[2025-01-28T06:00:56.379+0000] {processor.py:186} INFO - Started process (PID=2293) to work on /home/ubuntu/.local/lib/python3.12/site-packages/airflow/example_dags/example_short_circuit_operator.py
[2025-01-28T06:00:56.381+0000] {processor.py:914} INFO - Processing file /home/ubuntu/.local/lib/python3.12/site-packages/airflow/example_dags/example_short_circuit_operator.py for tasks to queue
[2025-01-28T06:00:56.383+0000] {logging_mixin.py:190} INFO - [2025-01-28T06:00:56.383+0000] {dagbag.py:588} INFO - Filling up the DagBag from /home/ubuntu/.local/lib/python3.12/site-packages/airflow/example_dags/example_short_circuit_operator.py
[2025-01-28T06:00:56.392+0000] {processor.py:925} INFO - DAG(s) 'example_short_circuit_operator' retrieved from /home/ubuntu/.local/lib/python3.12/site-packages/airflow/example_dags/example_short_circuit_operator.py
[2025-01-28T06:00:56.411+0000] {logging_mixin.py:190} INFO - [2025-01-28T06:00:56.411+0000] {dag.py:3239} INFO - Sync 1 DAGs
[2025-01-28T06:00:56.422+0000] {logging_mixin.py:190} INFO - [2025-01-28T06:00:56.422+0000] {dag.py:4180} INFO - Setting next_dagrun for example_short_circuit_operator to None, run_after=None
[2025-01-28T06:00:56.445+0000] {processor.py:208} INFO - Processing /home/ubuntu/.local/lib/python3.12/site-packages/airflow/example_dags/example_short_circuit_operator.py took 0.071 seconds
[2025-01-28T06:01:49.103+0000] {processor.py:186} INFO - Started process (PID=2352) to work on /home/ubuntu/.local/lib/python3.12/site-packages/airflow/example_dags/example_short_circuit_operator.py
[2025-01-28T06:01:49.105+0000] {processor.py:914} INFO - Processing file /home/ubuntu/.local/lib/python3.12/site-packages/airflow/example_dags/example_short_circuit_operator.py for tasks to queue
[2025-01-28T06:01:49.107+0000] {logging_mixin.py:190} INFO - [2025-01-28T06:01:49.106+0000] {dagbag.py:588} INFO - Filling up the DagBag from /home/ubuntu/.local/lib/python3.12/site-packages/airflow/example_dags/example_short_circuit_operator.py
[2025-01-28T06:01:49.115+0000] {processor.py:925} INFO - DAG(s) 'example_short_circuit_operator' retrieved from /home/ubuntu/.local/lib/python3.12/site-packages/airflow/example_dags/example_short_circuit_operator.py
[2025-01-28T06:01:49.133+0000] {logging_mixin.py:190} INFO - [2025-01-28T06:01:49.133+0000] {dag.py:3239} INFO - Sync 1 DAGs
[2025-01-28T06:01:49.145+0000] {logging_mixin.py:190} INFO - [2025-01-28T06:01:49.144+0000] {dag.py:4180} INFO - Setting next_dagrun for example_short_circuit_operator to None, run_after=None
[2025-01-28T06:01:49.167+0000] {processor.py:208} INFO - Processing /home/ubuntu/.local/lib/python3.12/site-packages/airflow/example_dags/example_short_circuit_operator.py took 0.070 seconds
[2025-01-28T06:02:40.190+0000] {processor.py:186} INFO - Started process (PID=2417) to work on /home/ubuntu/.local/lib/python3.12/site-packages/airflow/example_dags/example_short_circuit_operator.py
[2025-01-28T06:02:40.192+0000] {processor.py:914} INFO - Processing file /home/ubuntu/.local/lib/python3.12/site-packages/airflow/example_dags/example_short_circuit_operator.py for tasks to queue
[2025-01-28T06:02:40.194+0000] {logging_mixin.py:190} INFO - [2025-01-28T06:02:40.194+0000] {dagbag.py:588} INFO - Filling up the DagBag from /home/ubuntu/.local/lib/python3.12/site-packages/airflow/example_dags/example_short_circuit_operator.py
[2025-01-28T06:02:40.203+0000] {processor.py:925} INFO - DAG(s) 'example_short_circuit_operator' retrieved from /home/ubuntu/.local/lib/python3.12/site-packages/airflow/example_dags/example_short_circuit_operator.py
[2025-01-28T06:02:40.224+0000] {logging_mixin.py:190} INFO - [2025-01-28T06:02:40.224+0000] {dag.py:3239} INFO - Sync 1 DAGs
[2025-01-28T06:02:40.235+0000] {logging_mixin.py:190} INFO - [2025-01-28T06:02:40.235+0000] {dag.py:4180} INFO - Setting next_dagrun for example_short_circuit_operator to None, run_after=None
[2025-01-28T06:02:40.261+0000] {processor.py:208} INFO - Processing /home/ubuntu/.local/lib/python3.12/site-packages/airflow/example_dags/example_short_circuit_operator.py took 0.076 seconds
[2025-01-28T06:03:34.540+0000] {processor.py:186} INFO - Started process (PID=2473) to work on /home/ubuntu/.local/lib/python3.12/site-packages/airflow/example_dags/example_short_circuit_operator.py
[2025-01-28T06:03:34.541+0000] {processor.py:914} INFO - Processing file /home/ubuntu/.local/lib/python3.12/site-packages/airflow/example_dags/example_short_circuit_operator.py for tasks to queue
[2025-01-28T06:03:34.543+0000] {logging_mixin.py:190} INFO - [2025-01-28T06:03:34.543+0000] {dagbag.py:588} INFO - Filling up the DagBag from /home/ubuntu/.local/lib/python3.12/site-packages/airflow/example_dags/example_short_circuit_operator.py
[2025-01-28T06:03:34.552+0000] {processor.py:925} INFO - DAG(s) 'example_short_circuit_operator' retrieved from /home/ubuntu/.local/lib/python3.12/site-packages/airflow/example_dags/example_short_circuit_operator.py
[2025-01-28T06:03:34.570+0000] {logging_mixin.py:190} INFO - [2025-01-28T06:03:34.569+0000] {dag.py:3239} INFO - Sync 1 DAGs
[2025-01-28T06:03:34.581+0000] {logging_mixin.py:190} INFO - [2025-01-28T06:03:34.580+0000] {dag.py:4180} INFO - Setting next_dagrun for example_short_circuit_operator to None, run_after=None
[2025-01-28T06:03:34.603+0000] {processor.py:208} INFO - Processing /home/ubuntu/.local/lib/python3.12/site-packages/airflow/example_dags/example_short_circuit_operator.py took 0.068 seconds
[2025-01-28T06:04:40.686+0000] {processor.py:186} INFO - Started process (PID=2544) to work on /home/ubuntu/.local/lib/python3.12/site-packages/airflow/example_dags/example_short_circuit_operator.py
[2025-01-28T06:04:40.688+0000] {processor.py:914} INFO - Processing file /home/ubuntu/.local/lib/python3.12/site-packages/airflow/example_dags/example_short_circuit_operator.py for tasks to queue
[2025-01-28T06:04:40.690+0000] {logging_mixin.py:190} INFO - [2025-01-28T06:04:40.690+0000] {dagbag.py:588} INFO - Filling up the DagBag from /home/ubuntu/.local/lib/python3.12/site-packages/airflow/example_dags/example_short_circuit_operator.py
[2025-01-28T06:04:40.700+0000] {processor.py:925} INFO - DAG(s) 'example_short_circuit_operator' retrieved from /home/ubuntu/.local/lib/python3.12/site-packages/airflow/example_dags/example_short_circuit_operator.py
[2025-01-28T06:04:40.717+0000] {logging_mixin.py:190} INFO - [2025-01-28T06:04:40.717+0000] {dag.py:3239} INFO - Sync 1 DAGs
[2025-01-28T06:04:40.729+0000] {logging_mixin.py:190} INFO - [2025-01-28T06:04:40.728+0000] {dag.py:4180} INFO - Setting next_dagrun for example_short_circuit_operator to None, run_after=None
[2025-01-28T06:04:40.753+0000] {processor.py:208} INFO - Processing /home/ubuntu/.local/lib/python3.12/site-packages/airflow/example_dags/example_short_circuit_operator.py took 0.072 seconds
[2025-01-28T06:05:37.304+0000] {processor.py:186} INFO - Started process (PID=2606) to work on /home/ubuntu/.local/lib/python3.12/site-packages/airflow/example_dags/example_short_circuit_operator.py
[2025-01-28T06:05:37.306+0000] {processor.py:914} INFO - Processing file /home/ubuntu/.local/lib/python3.12/site-packages/airflow/example_dags/example_short_circuit_operator.py for tasks to queue
[2025-01-28T06:05:37.308+0000] {logging_mixin.py:190} INFO - [2025-01-28T06:05:37.308+0000] {dagbag.py:588} INFO - Filling up the DagBag from /home/ubuntu/.local/lib/python3.12/site-packages/airflow/example_dags/example_short_circuit_operator.py
[2025-01-28T06:05:37.318+0000] {processor.py:925} INFO - DAG(s) 'example_short_circuit_operator' retrieved from /home/ubuntu/.local/lib/python3.12/site-packages/airflow/example_dags/example_short_circuit_operator.py
[2025-01-28T06:05:37.336+0000] {logging_mixin.py:190} INFO - [2025-01-28T06:05:37.336+0000] {dag.py:3239} INFO - Sync 1 DAGs
[2025-01-28T06:05:37.347+0000] {logging_mixin.py:190} INFO - [2025-01-28T06:05:37.347+0000] {dag.py:4180} INFO - Setting next_dagrun for example_short_circuit_operator to None, run_after=None
[2025-01-28T06:05:37.369+0000] {processor.py:208} INFO - Processing /home/ubuntu/.local/lib/python3.12/site-packages/airflow/example_dags/example_short_circuit_operator.py took 0.070 seconds
[2025-01-28T06:06:50.762+0000] {processor.py:186} INFO - Started process (PID=2697) to work on /home/ubuntu/.local/lib/python3.12/site-packages/airflow/example_dags/example_short_circuit_operator.py
[2025-01-28T06:06:50.763+0000] {processor.py:914} INFO - Processing file /home/ubuntu/.local/lib/python3.12/site-packages/airflow/example_dags/example_short_circuit_operator.py for tasks to queue
[2025-01-28T06:06:50.766+0000] {logging_mixin.py:190} INFO - [2025-01-28T06:06:50.765+0000] {dagbag.py:588} INFO - Filling up the DagBag from /home/ubuntu/.local/lib/python3.12/site-packages/airflow/example_dags/example_short_circuit_operator.py
[2025-01-28T06:06:50.774+0000] {processor.py:925} INFO - DAG(s) 'example_short_circuit_operator' retrieved from /home/ubuntu/.local/lib/python3.12/site-packages/airflow/example_dags/example_short_circuit_operator.py
[2025-01-28T06:06:50.792+0000] {logging_mixin.py:190} INFO - [2025-01-28T06:06:50.791+0000] {dag.py:3239} INFO - Sync 1 DAGs
[2025-01-28T06:06:50.803+0000] {logging_mixin.py:190} INFO - [2025-01-28T06:06:50.803+0000] {dag.py:4180} INFO - Setting next_dagrun for example_short_circuit_operator to None, run_after=None
[2025-01-28T06:06:50.824+0000] {processor.py:208} INFO - Processing /home/ubuntu/.local/lib/python3.12/site-packages/airflow/example_dags/example_short_circuit_operator.py took 0.067 seconds
[2025-01-28T06:07:49.559+0000] {processor.py:186} INFO - Started process (PID=2757) to work on /home/ubuntu/.local/lib/python3.12/site-packages/airflow/example_dags/example_short_circuit_operator.py
[2025-01-28T06:07:49.561+0000] {processor.py:914} INFO - Processing file /home/ubuntu/.local/lib/python3.12/site-packages/airflow/example_dags/example_short_circuit_operator.py for tasks to queue
[2025-01-28T06:07:49.562+0000] {logging_mixin.py:190} INFO - [2025-01-28T06:07:49.562+0000] {dagbag.py:588} INFO - Filling up the DagBag from /home/ubuntu/.local/lib/python3.12/site-packages/airflow/example_dags/example_short_circuit_operator.py
[2025-01-28T06:07:49.572+0000] {processor.py:925} INFO - DAG(s) 'example_short_circuit_operator' retrieved from /home/ubuntu/.local/lib/python3.12/site-packages/airflow/example_dags/example_short_circuit_operator.py
[2025-01-28T06:07:49.590+0000] {logging_mixin.py:190} INFO - [2025-01-28T06:07:49.589+0000] {dag.py:3239} INFO - Sync 1 DAGs
[2025-01-28T06:07:49.600+0000] {logging_mixin.py:190} INFO - [2025-01-28T06:07:49.600+0000] {dag.py:4180} INFO - Setting next_dagrun for example_short_circuit_operator to None, run_after=None
[2025-01-28T06:07:49.625+0000] {processor.py:208} INFO - Processing /home/ubuntu/.local/lib/python3.12/site-packages/airflow/example_dags/example_short_circuit_operator.py took 0.070 seconds
[2025-01-28T06:08:47.576+0000] {processor.py:186} INFO - Started process (PID=2815) to work on /home/ubuntu/.local/lib/python3.12/site-packages/airflow/example_dags/example_short_circuit_operator.py
[2025-01-28T06:08:47.578+0000] {processor.py:914} INFO - Processing file /home/ubuntu/.local/lib/python3.12/site-packages/airflow/example_dags/example_short_circuit_operator.py for tasks to queue
[2025-01-28T06:08:47.581+0000] {logging_mixin.py:190} INFO - [2025-01-28T06:08:47.581+0000] {dagbag.py:588} INFO - Filling up the DagBag from /home/ubuntu/.local/lib/python3.12/site-packages/airflow/example_dags/example_short_circuit_operator.py
[2025-01-28T06:08:47.589+0000] {processor.py:925} INFO - DAG(s) 'example_short_circuit_operator' retrieved from /home/ubuntu/.local/lib/python3.12/site-packages/airflow/example_dags/example_short_circuit_operator.py
[2025-01-28T06:08:47.607+0000] {logging_mixin.py:190} INFO - [2025-01-28T06:08:47.607+0000] {dag.py:3239} INFO - Sync 1 DAGs
[2025-01-28T06:08:47.618+0000] {logging_mixin.py:190} INFO - [2025-01-28T06:08:47.618+0000] {dag.py:4180} INFO - Setting next_dagrun for example_short_circuit_operator to None, run_after=None
[2025-01-28T06:08:47.641+0000] {processor.py:208} INFO - Processing /home/ubuntu/.local/lib/python3.12/site-packages/airflow/example_dags/example_short_circuit_operator.py took 0.070 seconds
[2025-01-28T06:09:41.873+0000] {processor.py:186} INFO - Started process (PID=2886) to work on /home/ubuntu/.local/lib/python3.12/site-packages/airflow/example_dags/example_short_circuit_operator.py
[2025-01-28T06:09:41.875+0000] {processor.py:914} INFO - Processing file /home/ubuntu/.local/lib/python3.12/site-packages/airflow/example_dags/example_short_circuit_operator.py for tasks to queue
[2025-01-28T06:09:41.877+0000] {logging_mixin.py:190} INFO - [2025-01-28T06:09:41.876+0000] {dagbag.py:588} INFO - Filling up the DagBag from /home/ubuntu/.local/lib/python3.12/site-packages/airflow/example_dags/example_short_circuit_operator.py
[2025-01-28T06:09:41.885+0000] {processor.py:925} INFO - DAG(s) 'example_short_circuit_operator' retrieved from /home/ubuntu/.local/lib/python3.12/site-packages/airflow/example_dags/example_short_circuit_operator.py
[2025-01-28T06:09:41.903+0000] {logging_mixin.py:190} INFO - [2025-01-28T06:09:41.903+0000] {dag.py:3239} INFO - Sync 1 DAGs
[2025-01-28T06:09:41.914+0000] {logging_mixin.py:190} INFO - [2025-01-28T06:09:41.913+0000] {dag.py:4180} INFO - Setting next_dagrun for example_short_circuit_operator to None, run_after=None
[2025-01-28T06:09:41.936+0000] {processor.py:208} INFO - Processing /home/ubuntu/.local/lib/python3.12/site-packages/airflow/example_dags/example_short_circuit_operator.py took 0.068 seconds
[2025-01-28T06:10:33.890+0000] {processor.py:186} INFO - Started process (PID=2943) to work on /home/ubuntu/.local/lib/python3.12/site-packages/airflow/example_dags/example_short_circuit_operator.py
[2025-01-28T06:10:33.892+0000] {processor.py:914} INFO - Processing file /home/ubuntu/.local/lib/python3.12/site-packages/airflow/example_dags/example_short_circuit_operator.py for tasks to queue
[2025-01-28T06:10:33.894+0000] {logging_mixin.py:190} INFO - [2025-01-28T06:10:33.893+0000] {dagbag.py:588} INFO - Filling up the DagBag from /home/ubuntu/.local/lib/python3.12/site-packages/airflow/example_dags/example_short_circuit_operator.py
[2025-01-28T06:10:33.903+0000] {processor.py:925} INFO - DAG(s) 'example_short_circuit_operator' retrieved from /home/ubuntu/.local/lib/python3.12/site-packages/airflow/example_dags/example_short_circuit_operator.py
[2025-01-28T06:10:33.920+0000] {logging_mixin.py:190} INFO - [2025-01-28T06:10:33.920+0000] {dag.py:3239} INFO - Sync 1 DAGs
[2025-01-28T06:10:33.931+0000] {logging_mixin.py:190} INFO - [2025-01-28T06:10:33.931+0000] {dag.py:4180} INFO - Setting next_dagrun for example_short_circuit_operator to None, run_after=None
[2025-01-28T06:10:33.954+0000] {processor.py:208} INFO - Processing /home/ubuntu/.local/lib/python3.12/site-packages/airflow/example_dags/example_short_circuit_operator.py took 0.072 seconds
[2025-01-28T06:11:28.697+0000] {processor.py:186} INFO - Started process (PID=3007) to work on /home/ubuntu/.local/lib/python3.12/site-packages/airflow/example_dags/example_short_circuit_operator.py
[2025-01-28T06:11:28.700+0000] {processor.py:914} INFO - Processing file /home/ubuntu/.local/lib/python3.12/site-packages/airflow/example_dags/example_short_circuit_operator.py for tasks to queue
[2025-01-28T06:11:28.701+0000] {logging_mixin.py:190} INFO - [2025-01-28T06:11:28.701+0000] {dagbag.py:588} INFO - Filling up the DagBag from /home/ubuntu/.local/lib/python3.12/site-packages/airflow/example_dags/example_short_circuit_operator.py
[2025-01-28T06:11:28.711+0000] {processor.py:925} INFO - DAG(s) 'example_short_circuit_operator' retrieved from /home/ubuntu/.local/lib/python3.12/site-packages/airflow/example_dags/example_short_circuit_operator.py
[2025-01-28T06:11:28.728+0000] {logging_mixin.py:190} INFO - [2025-01-28T06:11:28.728+0000] {dag.py:3239} INFO - Sync 1 DAGs
[2025-01-28T06:11:28.739+0000] {logging_mixin.py:190} INFO - [2025-01-28T06:11:28.739+0000] {dag.py:4180} INFO - Setting next_dagrun for example_short_circuit_operator to None, run_after=None
[2025-01-28T06:11:28.762+0000] {processor.py:208} INFO - Processing /home/ubuntu/.local/lib/python3.12/site-packages/airflow/example_dags/example_short_circuit_operator.py took 0.070 seconds
[2025-01-28T06:12:21.338+0000] {processor.py:186} INFO - Started process (PID=3062) to work on /home/ubuntu/.local/lib/python3.12/site-packages/airflow/example_dags/example_short_circuit_operator.py
[2025-01-28T06:12:21.339+0000] {processor.py:914} INFO - Processing file /home/ubuntu/.local/lib/python3.12/site-packages/airflow/example_dags/example_short_circuit_operator.py for tasks to queue
[2025-01-28T06:12:21.342+0000] {logging_mixin.py:190} INFO - [2025-01-28T06:12:21.342+0000] {dagbag.py:588} INFO - Filling up the DagBag from /home/ubuntu/.local/lib/python3.12/site-packages/airflow/example_dags/example_short_circuit_operator.py
[2025-01-28T06:12:21.351+0000] {processor.py:925} INFO - DAG(s) 'example_short_circuit_operator' retrieved from /home/ubuntu/.local/lib/python3.12/site-packages/airflow/example_dags/example_short_circuit_operator.py
[2025-01-28T06:12:21.369+0000] {logging_mixin.py:190} INFO - [2025-01-28T06:12:21.368+0000] {dag.py:3239} INFO - Sync 1 DAGs
[2025-01-28T06:12:21.379+0000] {logging_mixin.py:190} INFO - [2025-01-28T06:12:21.379+0000] {dag.py:4180} INFO - Setting next_dagrun for example_short_circuit_operator to None, run_after=None
[2025-01-28T06:12:21.403+0000] {processor.py:208} INFO - Processing /home/ubuntu/.local/lib/python3.12/site-packages/airflow/example_dags/example_short_circuit_operator.py took 0.070 seconds
[2025-01-28T06:13:16.448+0000] {processor.py:186} INFO - Started process (PID=3118) to work on /home/ubuntu/.local/lib/python3.12/site-packages/airflow/example_dags/example_short_circuit_operator.py
[2025-01-28T06:13:16.450+0000] {processor.py:914} INFO - Processing file /home/ubuntu/.local/lib/python3.12/site-packages/airflow/example_dags/example_short_circuit_operator.py for tasks to queue
[2025-01-28T06:13:16.452+0000] {logging_mixin.py:190} INFO - [2025-01-28T06:13:16.451+0000] {dagbag.py:588} INFO - Filling up the DagBag from /home/ubuntu/.local/lib/python3.12/site-packages/airflow/example_dags/example_short_circuit_operator.py
[2025-01-28T06:13:16.462+0000] {processor.py:925} INFO - DAG(s) 'example_short_circuit_operator' retrieved from /home/ubuntu/.local/lib/python3.12/site-packages/airflow/example_dags/example_short_circuit_operator.py
[2025-01-28T06:13:16.478+0000] {logging_mixin.py:190} INFO - [2025-01-28T06:13:16.478+0000] {dag.py:3239} INFO - Sync 1 DAGs
[2025-01-28T06:13:16.490+0000] {logging_mixin.py:190} INFO - [2025-01-28T06:13:16.489+0000] {dag.py:4180} INFO - Setting next_dagrun for example_short_circuit_operator to None, run_after=None
[2025-01-28T06:13:16.511+0000] {processor.py:208} INFO - Processing /home/ubuntu/.local/lib/python3.12/site-packages/airflow/example_dags/example_short_circuit_operator.py took 0.068 seconds
[2025-01-28T06:14:08.375+0000] {processor.py:186} INFO - Started process (PID=3173) to work on /home/ubuntu/.local/lib/python3.12/site-packages/airflow/example_dags/example_short_circuit_operator.py
[2025-01-28T06:14:08.377+0000] {processor.py:914} INFO - Processing file /home/ubuntu/.local/lib/python3.12/site-packages/airflow/example_dags/example_short_circuit_operator.py for tasks to queue
[2025-01-28T06:14:08.380+0000] {logging_mixin.py:190} INFO - [2025-01-28T06:14:08.380+0000] {dagbag.py:588} INFO - Filling up the DagBag from /home/ubuntu/.local/lib/python3.12/site-packages/airflow/example_dags/example_short_circuit_operator.py
[2025-01-28T06:14:08.389+0000] {processor.py:925} INFO - DAG(s) 'example_short_circuit_operator' retrieved from /home/ubuntu/.local/lib/python3.12/site-packages/airflow/example_dags/example_short_circuit_operator.py
[2025-01-28T06:14:08.407+0000] {logging_mixin.py:190} INFO - [2025-01-28T06:14:08.406+0000] {dag.py:3239} INFO - Sync 1 DAGs
[2025-01-28T06:14:08.418+0000] {logging_mixin.py:190} INFO - [2025-01-28T06:14:08.417+0000] {dag.py:4180} INFO - Setting next_dagrun for example_short_circuit_operator to None, run_after=None
[2025-01-28T06:14:08.442+0000] {processor.py:208} INFO - Processing /home/ubuntu/.local/lib/python3.12/site-packages/airflow/example_dags/example_short_circuit_operator.py took 0.072 seconds
[2025-01-28T06:15:02.082+0000] {processor.py:186} INFO - Started process (PID=3231) to work on /home/ubuntu/.local/lib/python3.12/site-packages/airflow/example_dags/example_short_circuit_operator.py
[2025-01-28T06:15:02.084+0000] {processor.py:914} INFO - Processing file /home/ubuntu/.local/lib/python3.12/site-packages/airflow/example_dags/example_short_circuit_operator.py for tasks to queue
[2025-01-28T06:15:02.086+0000] {logging_mixin.py:190} INFO - [2025-01-28T06:15:02.086+0000] {dagbag.py:588} INFO - Filling up the DagBag from /home/ubuntu/.local/lib/python3.12/site-packages/airflow/example_dags/example_short_circuit_operator.py
[2025-01-28T06:15:02.095+0000] {processor.py:925} INFO - DAG(s) 'example_short_circuit_operator' retrieved from /home/ubuntu/.local/lib/python3.12/site-packages/airflow/example_dags/example_short_circuit_operator.py
[2025-01-28T06:15:02.113+0000] {logging_mixin.py:190} INFO - [2025-01-28T06:15:02.113+0000] {dag.py:3239} INFO - Sync 1 DAGs
[2025-01-28T06:15:02.124+0000] {logging_mixin.py:190} INFO - [2025-01-28T06:15:02.124+0000] {dag.py:4180} INFO - Setting next_dagrun for example_short_circuit_operator to None, run_after=None
[2025-01-28T06:15:02.150+0000] {processor.py:208} INFO - Processing /home/ubuntu/.local/lib/python3.12/site-packages/airflow/example_dags/example_short_circuit_operator.py took 0.073 seconds
[2025-01-28T06:15:55.215+0000] {processor.py:186} INFO - Started process (PID=3287) to work on /home/ubuntu/.local/lib/python3.12/site-packages/airflow/example_dags/example_short_circuit_operator.py
[2025-01-28T06:15:55.216+0000] {processor.py:914} INFO - Processing file /home/ubuntu/.local/lib/python3.12/site-packages/airflow/example_dags/example_short_circuit_operator.py for tasks to queue
[2025-01-28T06:15:55.218+0000] {logging_mixin.py:190} INFO - [2025-01-28T06:15:55.218+0000] {dagbag.py:588} INFO - Filling up the DagBag from /home/ubuntu/.local/lib/python3.12/site-packages/airflow/example_dags/example_short_circuit_operator.py
[2025-01-28T06:15:55.227+0000] {processor.py:925} INFO - DAG(s) 'example_short_circuit_operator' retrieved from /home/ubuntu/.local/lib/python3.12/site-packages/airflow/example_dags/example_short_circuit_operator.py
[2025-01-28T06:15:55.244+0000] {logging_mixin.py:190} INFO - [2025-01-28T06:15:55.244+0000] {dag.py:3239} INFO - Sync 1 DAGs
[2025-01-28T06:15:55.255+0000] {logging_mixin.py:190} INFO - [2025-01-28T06:15:55.255+0000] {dag.py:4180} INFO - Setting next_dagrun for example_short_circuit_operator to None, run_after=None
[2025-01-28T06:15:55.277+0000] {processor.py:208} INFO - Processing /home/ubuntu/.local/lib/python3.12/site-packages/airflow/example_dags/example_short_circuit_operator.py took 0.067 seconds
[2025-01-28T06:16:47.594+0000] {processor.py:186} INFO - Started process (PID=3342) to work on /home/ubuntu/.local/lib/python3.12/site-packages/airflow/example_dags/example_short_circuit_operator.py
[2025-01-28T06:16:47.596+0000] {processor.py:914} INFO - Processing file /home/ubuntu/.local/lib/python3.12/site-packages/airflow/example_dags/example_short_circuit_operator.py for tasks to queue
[2025-01-28T06:16:47.598+0000] {logging_mixin.py:190} INFO - [2025-01-28T06:16:47.598+0000] {dagbag.py:588} INFO - Filling up the DagBag from /home/ubuntu/.local/lib/python3.12/site-packages/airflow/example_dags/example_short_circuit_operator.py
[2025-01-28T06:16:47.607+0000] {processor.py:925} INFO - DAG(s) 'example_short_circuit_operator' retrieved from /home/ubuntu/.local/lib/python3.12/site-packages/airflow/example_dags/example_short_circuit_operator.py
[2025-01-28T06:16:47.624+0000] {logging_mixin.py:190} INFO - [2025-01-28T06:16:47.624+0000] {dag.py:3239} INFO - Sync 1 DAGs
[2025-01-28T06:16:47.635+0000] {logging_mixin.py:190} INFO - [2025-01-28T06:16:47.635+0000] {dag.py:4180} INFO - Setting next_dagrun for example_short_circuit_operator to None, run_after=None
[2025-01-28T06:16:47.658+0000] {processor.py:208} INFO - Processing /home/ubuntu/.local/lib/python3.12/site-packages/airflow/example_dags/example_short_circuit_operator.py took 0.069 seconds
[2025-01-28T06:17:40.948+0000] {processor.py:186} INFO - Started process (PID=3401) to work on /home/ubuntu/.local/lib/python3.12/site-packages/airflow/example_dags/example_short_circuit_operator.py
[2025-01-28T06:17:40.949+0000] {processor.py:914} INFO - Processing file /home/ubuntu/.local/lib/python3.12/site-packages/airflow/example_dags/example_short_circuit_operator.py for tasks to queue
[2025-01-28T06:17:40.951+0000] {logging_mixin.py:190} INFO - [2025-01-28T06:17:40.951+0000] {dagbag.py:588} INFO - Filling up the DagBag from /home/ubuntu/.local/lib/python3.12/site-packages/airflow/example_dags/example_short_circuit_operator.py
[2025-01-28T06:17:40.960+0000] {processor.py:925} INFO - DAG(s) 'example_short_circuit_operator' retrieved from /home/ubuntu/.local/lib/python3.12/site-packages/airflow/example_dags/example_short_circuit_operator.py
[2025-01-28T06:17:40.977+0000] {logging_mixin.py:190} INFO - [2025-01-28T06:17:40.977+0000] {dag.py:3239} INFO - Sync 1 DAGs
[2025-01-28T06:17:40.989+0000] {logging_mixin.py:190} INFO - [2025-01-28T06:17:40.989+0000] {dag.py:4180} INFO - Setting next_dagrun for example_short_circuit_operator to None, run_after=None
[2025-01-28T06:17:41.011+0000] {processor.py:208} INFO - Processing /home/ubuntu/.local/lib/python3.12/site-packages/airflow/example_dags/example_short_circuit_operator.py took 0.069 seconds
[2025-01-28T06:18:48.588+0000] {processor.py:186} INFO - Started process (PID=3511) to work on /home/ubuntu/.local/lib/python3.12/site-packages/airflow/example_dags/example_short_circuit_operator.py
[2025-01-28T06:18:48.590+0000] {processor.py:914} INFO - Processing file /home/ubuntu/.local/lib/python3.12/site-packages/airflow/example_dags/example_short_circuit_operator.py for tasks to queue
[2025-01-28T06:18:48.592+0000] {logging_mixin.py:190} INFO - [2025-01-28T06:18:48.592+0000] {dagbag.py:588} INFO - Filling up the DagBag from /home/ubuntu/.local/lib/python3.12/site-packages/airflow/example_dags/example_short_circuit_operator.py
[2025-01-28T06:18:48.601+0000] {processor.py:925} INFO - DAG(s) 'example_short_circuit_operator' retrieved from /home/ubuntu/.local/lib/python3.12/site-packages/airflow/example_dags/example_short_circuit_operator.py
[2025-01-28T06:18:48.618+0000] {logging_mixin.py:190} INFO - [2025-01-28T06:18:48.618+0000] {dag.py:3239} INFO - Sync 1 DAGs
[2025-01-28T06:18:48.630+0000] {logging_mixin.py:190} INFO - [2025-01-28T06:18:48.630+0000] {dag.py:4180} INFO - Setting next_dagrun for example_short_circuit_operator to None, run_after=None
[2025-01-28T06:18:48.653+0000] {processor.py:208} INFO - Processing /home/ubuntu/.local/lib/python3.12/site-packages/airflow/example_dags/example_short_circuit_operator.py took 0.071 seconds
[2025-01-28T06:19:37.297+0000] {processor.py:186} INFO - Started process (PID=3563) to work on /home/ubuntu/.local/lib/python3.12/site-packages/airflow/example_dags/example_short_circuit_operator.py
[2025-01-28T06:19:37.299+0000] {processor.py:914} INFO - Processing file /home/ubuntu/.local/lib/python3.12/site-packages/airflow/example_dags/example_short_circuit_operator.py for tasks to queue
[2025-01-28T06:19:37.301+0000] {logging_mixin.py:190} INFO - [2025-01-28T06:19:37.301+0000] {dagbag.py:588} INFO - Filling up the DagBag from /home/ubuntu/.local/lib/python3.12/site-packages/airflow/example_dags/example_short_circuit_operator.py
[2025-01-28T06:19:37.309+0000] {processor.py:925} INFO - DAG(s) 'example_short_circuit_operator' retrieved from /home/ubuntu/.local/lib/python3.12/site-packages/airflow/example_dags/example_short_circuit_operator.py
[2025-01-28T06:19:37.327+0000] {logging_mixin.py:190} INFO - [2025-01-28T06:19:37.327+0000] {dag.py:3239} INFO - Sync 1 DAGs
[2025-01-28T06:19:37.338+0000] {logging_mixin.py:190} INFO - [2025-01-28T06:19:37.338+0000] {dag.py:4180} INFO - Setting next_dagrun for example_short_circuit_operator to None, run_after=None
[2025-01-28T06:19:37.360+0000] {processor.py:208} INFO - Processing /home/ubuntu/.local/lib/python3.12/site-packages/airflow/example_dags/example_short_circuit_operator.py took 0.069 seconds
[2025-01-28T06:20:33.427+0000] {processor.py:186} INFO - Started process (PID=3627) to work on /home/ubuntu/.local/lib/python3.12/site-packages/airflow/example_dags/example_short_circuit_operator.py
[2025-01-28T06:20:33.430+0000] {processor.py:914} INFO - Processing file /home/ubuntu/.local/lib/python3.12/site-packages/airflow/example_dags/example_short_circuit_operator.py for tasks to queue
[2025-01-28T06:20:33.432+0000] {logging_mixin.py:190} INFO - [2025-01-28T06:20:33.432+0000] {dagbag.py:588} INFO - Filling up the DagBag from /home/ubuntu/.local/lib/python3.12/site-packages/airflow/example_dags/example_short_circuit_operator.py
[2025-01-28T06:20:33.442+0000] {processor.py:925} INFO - DAG(s) 'example_short_circuit_operator' retrieved from /home/ubuntu/.local/lib/python3.12/site-packages/airflow/example_dags/example_short_circuit_operator.py
[2025-01-28T06:20:33.460+0000] {logging_mixin.py:190} INFO - [2025-01-28T06:20:33.460+0000] {dag.py:3239} INFO - Sync 1 DAGs
[2025-01-28T06:20:33.472+0000] {logging_mixin.py:190} INFO - [2025-01-28T06:20:33.472+0000] {dag.py:4180} INFO - Setting next_dagrun for example_short_circuit_operator to None, run_after=None
[2025-01-28T06:20:33.493+0000] {processor.py:208} INFO - Processing /home/ubuntu/.local/lib/python3.12/site-packages/airflow/example_dags/example_short_circuit_operator.py took 0.071 seconds
[2025-01-28T06:21:28.809+0000] {processor.py:186} INFO - Started process (PID=3823) to work on /home/ubuntu/.local/lib/python3.12/site-packages/airflow/example_dags/example_short_circuit_operator.py
[2025-01-28T06:21:28.810+0000] {processor.py:914} INFO - Processing file /home/ubuntu/.local/lib/python3.12/site-packages/airflow/example_dags/example_short_circuit_operator.py for tasks to queue
[2025-01-28T06:21:28.812+0000] {logging_mixin.py:190} INFO - [2025-01-28T06:21:28.812+0000] {dagbag.py:588} INFO - Filling up the DagBag from /home/ubuntu/.local/lib/python3.12/site-packages/airflow/example_dags/example_short_circuit_operator.py
[2025-01-28T06:21:28.821+0000] {processor.py:925} INFO - DAG(s) 'example_short_circuit_operator' retrieved from /home/ubuntu/.local/lib/python3.12/site-packages/airflow/example_dags/example_short_circuit_operator.py
[2025-01-28T06:21:28.838+0000] {logging_mixin.py:190} INFO - [2025-01-28T06:21:28.838+0000] {dag.py:3239} INFO - Sync 1 DAGs
[2025-01-28T06:21:28.850+0000] {logging_mixin.py:190} INFO - [2025-01-28T06:21:28.849+0000] {dag.py:4180} INFO - Setting next_dagrun for example_short_circuit_operator to None, run_after=None
[2025-01-28T06:21:28.871+0000] {processor.py:208} INFO - Processing /home/ubuntu/.local/lib/python3.12/site-packages/airflow/example_dags/example_short_circuit_operator.py took 0.067 seconds
[2025-01-28T06:22:24.116+0000] {processor.py:186} INFO - Started process (PID=3883) to work on /home/ubuntu/.local/lib/python3.12/site-packages/airflow/example_dags/example_short_circuit_operator.py
[2025-01-28T06:22:24.119+0000] {processor.py:914} INFO - Processing file /home/ubuntu/.local/lib/python3.12/site-packages/airflow/example_dags/example_short_circuit_operator.py for tasks to queue
[2025-01-28T06:22:24.121+0000] {logging_mixin.py:190} INFO - [2025-01-28T06:22:24.121+0000] {dagbag.py:588} INFO - Filling up the DagBag from /home/ubuntu/.local/lib/python3.12/site-packages/airflow/example_dags/example_short_circuit_operator.py
[2025-01-28T06:22:24.130+0000] {processor.py:925} INFO - DAG(s) 'example_short_circuit_operator' retrieved from /home/ubuntu/.local/lib/python3.12/site-packages/airflow/example_dags/example_short_circuit_operator.py
[2025-01-28T06:22:24.149+0000] {logging_mixin.py:190} INFO - [2025-01-28T06:22:24.149+0000] {dag.py:3239} INFO - Sync 1 DAGs
[2025-01-28T06:22:24.161+0000] {logging_mixin.py:190} INFO - [2025-01-28T06:22:24.161+0000] {dag.py:4180} INFO - Setting next_dagrun for example_short_circuit_operator to None, run_after=None
[2025-01-28T06:22:24.185+0000] {processor.py:208} INFO - Processing /home/ubuntu/.local/lib/python3.12/site-packages/airflow/example_dags/example_short_circuit_operator.py took 0.075 seconds
[2025-01-28T06:23:19.609+0000] {processor.py:186} INFO - Started process (PID=4317) to work on /home/ubuntu/.local/lib/python3.12/site-packages/airflow/example_dags/example_short_circuit_operator.py
[2025-01-28T06:23:19.611+0000] {processor.py:914} INFO - Processing file /home/ubuntu/.local/lib/python3.12/site-packages/airflow/example_dags/example_short_circuit_operator.py for tasks to queue
[2025-01-28T06:23:19.613+0000] {logging_mixin.py:190} INFO - [2025-01-28T06:23:19.613+0000] {dagbag.py:588} INFO - Filling up the DagBag from /home/ubuntu/.local/lib/python3.12/site-packages/airflow/example_dags/example_short_circuit_operator.py
[2025-01-28T06:23:19.622+0000] {processor.py:925} INFO - DAG(s) 'example_short_circuit_operator' retrieved from /home/ubuntu/.local/lib/python3.12/site-packages/airflow/example_dags/example_short_circuit_operator.py
[2025-01-28T06:23:19.641+0000] {logging_mixin.py:190} INFO - [2025-01-28T06:23:19.641+0000] {dag.py:3239} INFO - Sync 1 DAGs
[2025-01-28T06:23:19.653+0000] {logging_mixin.py:190} INFO - [2025-01-28T06:23:19.653+0000] {dag.py:4180} INFO - Setting next_dagrun for example_short_circuit_operator to None, run_after=None
[2025-01-28T06:23:19.674+0000] {processor.py:208} INFO - Processing /home/ubuntu/.local/lib/python3.12/site-packages/airflow/example_dags/example_short_circuit_operator.py took 0.069 seconds
[2025-01-28T06:24:13.812+0000] {processor.py:186} INFO - Started process (PID=4510) to work on /home/ubuntu/.local/lib/python3.12/site-packages/airflow/example_dags/example_short_circuit_operator.py
[2025-01-28T06:24:13.815+0000] {processor.py:914} INFO - Processing file /home/ubuntu/.local/lib/python3.12/site-packages/airflow/example_dags/example_short_circuit_operator.py for tasks to queue
[2025-01-28T06:24:13.817+0000] {logging_mixin.py:190} INFO - [2025-01-28T06:24:13.817+0000] {dagbag.py:588} INFO - Filling up the DagBag from /home/ubuntu/.local/lib/python3.12/site-packages/airflow/example_dags/example_short_circuit_operator.py
[2025-01-28T06:24:13.825+0000] {processor.py:925} INFO - DAG(s) 'example_short_circuit_operator' retrieved from /home/ubuntu/.local/lib/python3.12/site-packages/airflow/example_dags/example_short_circuit_operator.py
[2025-01-28T06:24:13.843+0000] {logging_mixin.py:190} INFO - [2025-01-28T06:24:13.843+0000] {dag.py:3239} INFO - Sync 1 DAGs
[2025-01-28T06:24:13.855+0000] {logging_mixin.py:190} INFO - [2025-01-28T06:24:13.855+0000] {dag.py:4180} INFO - Setting next_dagrun for example_short_circuit_operator to None, run_after=None
[2025-01-28T06:24:13.874+0000] {processor.py:208} INFO - Processing /home/ubuntu/.local/lib/python3.12/site-packages/airflow/example_dags/example_short_circuit_operator.py took 0.073 seconds
[2025-01-28T06:25:08.055+0000] {processor.py:186} INFO - Started process (PID=4938) to work on /home/ubuntu/.local/lib/python3.12/site-packages/airflow/example_dags/example_short_circuit_operator.py
[2025-01-28T06:25:08.056+0000] {processor.py:914} INFO - Processing file /home/ubuntu/.local/lib/python3.12/site-packages/airflow/example_dags/example_short_circuit_operator.py for tasks to queue
[2025-01-28T06:25:08.059+0000] {logging_mixin.py:190} INFO - [2025-01-28T06:25:08.059+0000] {dagbag.py:588} INFO - Filling up the DagBag from /home/ubuntu/.local/lib/python3.12/site-packages/airflow/example_dags/example_short_circuit_operator.py
[2025-01-28T06:25:08.068+0000] {processor.py:925} INFO - DAG(s) 'example_short_circuit_operator' retrieved from /home/ubuntu/.local/lib/python3.12/site-packages/airflow/example_dags/example_short_circuit_operator.py
[2025-01-28T06:25:08.088+0000] {logging_mixin.py:190} INFO - [2025-01-28T06:25:08.088+0000] {dag.py:3239} INFO - Sync 1 DAGs
[2025-01-28T06:25:08.099+0000] {logging_mixin.py:190} INFO - [2025-01-28T06:25:08.098+0000] {dag.py:4180} INFO - Setting next_dagrun for example_short_circuit_operator to None, run_after=None
[2025-01-28T06:25:08.117+0000] {processor.py:208} INFO - Processing /home/ubuntu/.local/lib/python3.12/site-packages/airflow/example_dags/example_short_circuit_operator.py took 0.068 seconds
[2025-01-28T06:26:02.155+0000] {processor.py:186} INFO - Started process (PID=5100) to work on /home/ubuntu/.local/lib/python3.12/site-packages/airflow/example_dags/example_short_circuit_operator.py
[2025-01-28T06:26:02.157+0000] {processor.py:914} INFO - Processing file /home/ubuntu/.local/lib/python3.12/site-packages/airflow/example_dags/example_short_circuit_operator.py for tasks to queue
[2025-01-28T06:26:02.160+0000] {logging_mixin.py:190} INFO - [2025-01-28T06:26:02.159+0000] {dagbag.py:588} INFO - Filling up the DagBag from /home/ubuntu/.local/lib/python3.12/site-packages/airflow/example_dags/example_short_circuit_operator.py
[2025-01-28T06:26:02.168+0000] {processor.py:925} INFO - DAG(s) 'example_short_circuit_operator' retrieved from /home/ubuntu/.local/lib/python3.12/site-packages/airflow/example_dags/example_short_circuit_operator.py
[2025-01-28T06:26:02.188+0000] {logging_mixin.py:190} INFO - [2025-01-28T06:26:02.187+0000] {dag.py:3239} INFO - Sync 1 DAGs
[2025-01-28T06:26:02.198+0000] {logging_mixin.py:190} INFO - [2025-01-28T06:26:02.198+0000] {dag.py:4180} INFO - Setting next_dagrun for example_short_circuit_operator to None, run_after=None
[2025-01-28T06:26:02.221+0000] {processor.py:208} INFO - Processing /home/ubuntu/.local/lib/python3.12/site-packages/airflow/example_dags/example_short_circuit_operator.py took 0.071 seconds
[2025-01-28T06:26:57.564+0000] {processor.py:186} INFO - Started process (PID=5195) to work on /home/ubuntu/.local/lib/python3.12/site-packages/airflow/example_dags/example_short_circuit_operator.py
[2025-01-28T06:26:57.566+0000] {processor.py:914} INFO - Processing file /home/ubuntu/.local/lib/python3.12/site-packages/airflow/example_dags/example_short_circuit_operator.py for tasks to queue
[2025-01-28T06:26:57.568+0000] {logging_mixin.py:190} INFO - [2025-01-28T06:26:57.567+0000] {dagbag.py:588} INFO - Filling up the DagBag from /home/ubuntu/.local/lib/python3.12/site-packages/airflow/example_dags/example_short_circuit_operator.py
[2025-01-28T06:26:57.577+0000] {processor.py:925} INFO - DAG(s) 'example_short_circuit_operator' retrieved from /home/ubuntu/.local/lib/python3.12/site-packages/airflow/example_dags/example_short_circuit_operator.py
[2025-01-28T06:26:57.594+0000] {logging_mixin.py:190} INFO - [2025-01-28T06:26:57.594+0000] {dag.py:3239} INFO - Sync 1 DAGs
[2025-01-28T06:26:57.605+0000] {logging_mixin.py:190} INFO - [2025-01-28T06:26:57.605+0000] {dag.py:4180} INFO - Setting next_dagrun for example_short_circuit_operator to None, run_after=None
[2025-01-28T06:26:57.624+0000] {processor.py:208} INFO - Processing /home/ubuntu/.local/lib/python3.12/site-packages/airflow/example_dags/example_short_circuit_operator.py took 0.066 seconds
[2025-01-28T06:27:48.921+0000] {processor.py:186} INFO - Started process (PID=5250) to work on /home/ubuntu/.local/lib/python3.12/site-packages/airflow/example_dags/example_short_circuit_operator.py
[2025-01-28T06:27:48.923+0000] {processor.py:914} INFO - Processing file /home/ubuntu/.local/lib/python3.12/site-packages/airflow/example_dags/example_short_circuit_operator.py for tasks to queue
[2025-01-28T06:27:48.925+0000] {logging_mixin.py:190} INFO - [2025-01-28T06:27:48.925+0000] {dagbag.py:588} INFO - Filling up the DagBag from /home/ubuntu/.local/lib/python3.12/site-packages/airflow/example_dags/example_short_circuit_operator.py
[2025-01-28T06:27:48.933+0000] {processor.py:925} INFO - DAG(s) 'example_short_circuit_operator' retrieved from /home/ubuntu/.local/lib/python3.12/site-packages/airflow/example_dags/example_short_circuit_operator.py
[2025-01-28T06:27:48.951+0000] {logging_mixin.py:190} INFO - [2025-01-28T06:27:48.951+0000] {dag.py:3239} INFO - Sync 1 DAGs
[2025-01-28T06:27:48.962+0000] {logging_mixin.py:190} INFO - [2025-01-28T06:27:48.961+0000] {dag.py:4180} INFO - Setting next_dagrun for example_short_circuit_operator to None, run_after=None
[2025-01-28T06:27:48.981+0000] {processor.py:208} INFO - Processing /home/ubuntu/.local/lib/python3.12/site-packages/airflow/example_dags/example_short_circuit_operator.py took 0.065 seconds
[2025-01-28T06:28:41.906+0000] {processor.py:186} INFO - Started process (PID=5461) to work on /home/ubuntu/.local/lib/python3.12/site-packages/airflow/example_dags/example_short_circuit_operator.py
[2025-01-28T06:28:41.909+0000] {processor.py:914} INFO - Processing file /home/ubuntu/.local/lib/python3.12/site-packages/airflow/example_dags/example_short_circuit_operator.py for tasks to queue
[2025-01-28T06:28:41.911+0000] {logging_mixin.py:190} INFO - [2025-01-28T06:28:41.910+0000] {dagbag.py:588} INFO - Filling up the DagBag from /home/ubuntu/.local/lib/python3.12/site-packages/airflow/example_dags/example_short_circuit_operator.py
[2025-01-28T06:28:41.920+0000] {processor.py:925} INFO - DAG(s) 'example_short_circuit_operator' retrieved from /home/ubuntu/.local/lib/python3.12/site-packages/airflow/example_dags/example_short_circuit_operator.py
[2025-01-28T06:28:41.937+0000] {logging_mixin.py:190} INFO - [2025-01-28T06:28:41.937+0000] {dag.py:3239} INFO - Sync 1 DAGs
[2025-01-28T06:28:41.948+0000] {logging_mixin.py:190} INFO - [2025-01-28T06:28:41.948+0000] {dag.py:4180} INFO - Setting next_dagrun for example_short_circuit_operator to None, run_after=None
[2025-01-28T06:28:41.972+0000] {processor.py:208} INFO - Processing /home/ubuntu/.local/lib/python3.12/site-packages/airflow/example_dags/example_short_circuit_operator.py took 0.070 seconds
[2025-01-28T06:29:37.246+0000] {processor.py:186} INFO - Started process (PID=5579) to work on /home/ubuntu/.local/lib/python3.12/site-packages/airflow/example_dags/example_short_circuit_operator.py
[2025-01-28T06:29:37.247+0000] {processor.py:914} INFO - Processing file /home/ubuntu/.local/lib/python3.12/site-packages/airflow/example_dags/example_short_circuit_operator.py for tasks to queue
[2025-01-28T06:29:37.250+0000] {logging_mixin.py:190} INFO - [2025-01-28T06:29:37.249+0000] {dagbag.py:588} INFO - Filling up the DagBag from /home/ubuntu/.local/lib/python3.12/site-packages/airflow/example_dags/example_short_circuit_operator.py
[2025-01-28T06:29:37.258+0000] {processor.py:925} INFO - DAG(s) 'example_short_circuit_operator' retrieved from /home/ubuntu/.local/lib/python3.12/site-packages/airflow/example_dags/example_short_circuit_operator.py
[2025-01-28T06:29:37.277+0000] {logging_mixin.py:190} INFO - [2025-01-28T06:29:37.276+0000] {dag.py:3239} INFO - Sync 1 DAGs
[2025-01-28T06:29:37.288+0000] {logging_mixin.py:190} INFO - [2025-01-28T06:29:37.288+0000] {dag.py:4180} INFO - Setting next_dagrun for example_short_circuit_operator to None, run_after=None
[2025-01-28T06:29:37.310+0000] {processor.py:208} INFO - Processing /home/ubuntu/.local/lib/python3.12/site-packages/airflow/example_dags/example_short_circuit_operator.py took 0.069 seconds
[2025-01-28T06:30:32.344+0000] {processor.py:186} INFO - Started process (PID=5641) to work on /home/ubuntu/.local/lib/python3.12/site-packages/airflow/example_dags/example_short_circuit_operator.py
[2025-01-28T06:30:32.345+0000] {processor.py:914} INFO - Processing file /home/ubuntu/.local/lib/python3.12/site-packages/airflow/example_dags/example_short_circuit_operator.py for tasks to queue
[2025-01-28T06:30:32.347+0000] {logging_mixin.py:190} INFO - [2025-01-28T06:30:32.347+0000] {dagbag.py:588} INFO - Filling up the DagBag from /home/ubuntu/.local/lib/python3.12/site-packages/airflow/example_dags/example_short_circuit_operator.py
[2025-01-28T06:30:32.356+0000] {processor.py:925} INFO - DAG(s) 'example_short_circuit_operator' retrieved from /home/ubuntu/.local/lib/python3.12/site-packages/airflow/example_dags/example_short_circuit_operator.py
[2025-01-28T06:30:32.375+0000] {logging_mixin.py:190} INFO - [2025-01-28T06:30:32.375+0000] {dag.py:3239} INFO - Sync 1 DAGs
[2025-01-28T06:30:32.386+0000] {logging_mixin.py:190} INFO - [2025-01-28T06:30:32.386+0000] {dag.py:4180} INFO - Setting next_dagrun for example_short_circuit_operator to None, run_after=None
[2025-01-28T06:30:32.408+0000] {processor.py:208} INFO - Processing /home/ubuntu/.local/lib/python3.12/site-packages/airflow/example_dags/example_short_circuit_operator.py took 0.069 seconds
[2025-01-28T06:31:52.642+0000] {processor.py:186} INFO - Started process (PID=5772) to work on /home/ubuntu/.local/lib/python3.12/site-packages/airflow/example_dags/example_short_circuit_operator.py
[2025-01-28T06:31:52.645+0000] {processor.py:914} INFO - Processing file /home/ubuntu/.local/lib/python3.12/site-packages/airflow/example_dags/example_short_circuit_operator.py for tasks to queue
[2025-01-28T06:31:52.647+0000] {logging_mixin.py:190} INFO - [2025-01-28T06:31:52.647+0000] {dagbag.py:588} INFO - Filling up the DagBag from /home/ubuntu/.local/lib/python3.12/site-packages/airflow/example_dags/example_short_circuit_operator.py
[2025-01-28T06:31:52.656+0000] {processor.py:925} INFO - DAG(s) 'example_short_circuit_operator' retrieved from /home/ubuntu/.local/lib/python3.12/site-packages/airflow/example_dags/example_short_circuit_operator.py
[2025-01-28T06:31:52.673+0000] {logging_mixin.py:190} INFO - [2025-01-28T06:31:52.673+0000] {dag.py:3239} INFO - Sync 1 DAGs
[2025-01-28T06:31:52.684+0000] {logging_mixin.py:190} INFO - [2025-01-28T06:31:52.684+0000] {dag.py:4180} INFO - Setting next_dagrun for example_short_circuit_operator to None, run_after=None
[2025-01-28T06:31:52.718+0000] {processor.py:208} INFO - Processing /home/ubuntu/.local/lib/python3.12/site-packages/airflow/example_dags/example_short_circuit_operator.py took 0.081 seconds
[2025-01-28T06:32:49.979+0000] {processor.py:186} INFO - Started process (PID=5831) to work on /home/ubuntu/.local/lib/python3.12/site-packages/airflow/example_dags/example_short_circuit_operator.py
[2025-01-28T06:32:49.980+0000] {processor.py:914} INFO - Processing file /home/ubuntu/.local/lib/python3.12/site-packages/airflow/example_dags/example_short_circuit_operator.py for tasks to queue
[2025-01-28T06:32:49.982+0000] {logging_mixin.py:190} INFO - [2025-01-28T06:32:49.982+0000] {dagbag.py:588} INFO - Filling up the DagBag from /home/ubuntu/.local/lib/python3.12/site-packages/airflow/example_dags/example_short_circuit_operator.py
[2025-01-28T06:32:49.991+0000] {processor.py:925} INFO - DAG(s) 'example_short_circuit_operator' retrieved from /home/ubuntu/.local/lib/python3.12/site-packages/airflow/example_dags/example_short_circuit_operator.py
[2025-01-28T06:32:50.009+0000] {logging_mixin.py:190} INFO - [2025-01-28T06:32:50.009+0000] {dag.py:3239} INFO - Sync 1 DAGs
[2025-01-28T06:32:50.021+0000] {logging_mixin.py:190} INFO - [2025-01-28T06:32:50.020+0000] {dag.py:4180} INFO - Setting next_dagrun for example_short_circuit_operator to None, run_after=None
[2025-01-28T06:32:50.042+0000] {processor.py:208} INFO - Processing /home/ubuntu/.local/lib/python3.12/site-packages/airflow/example_dags/example_short_circuit_operator.py took 0.069 seconds
[2025-01-28T06:33:50.421+0000] {processor.py:186} INFO - Started process (PID=5896) to work on /home/ubuntu/.local/lib/python3.12/site-packages/airflow/example_dags/example_short_circuit_operator.py
[2025-01-28T06:33:50.422+0000] {processor.py:914} INFO - Processing file /home/ubuntu/.local/lib/python3.12/site-packages/airflow/example_dags/example_short_circuit_operator.py for tasks to queue
[2025-01-28T06:33:50.425+0000] {logging_mixin.py:190} INFO - [2025-01-28T06:33:50.424+0000] {dagbag.py:588} INFO - Filling up the DagBag from /home/ubuntu/.local/lib/python3.12/site-packages/airflow/example_dags/example_short_circuit_operator.py
[2025-01-28T06:33:50.433+0000] {processor.py:925} INFO - DAG(s) 'example_short_circuit_operator' retrieved from /home/ubuntu/.local/lib/python3.12/site-packages/airflow/example_dags/example_short_circuit_operator.py
[2025-01-28T06:33:50.451+0000] {logging_mixin.py:190} INFO - [2025-01-28T06:33:50.451+0000] {dag.py:3239} INFO - Sync 1 DAGs
[2025-01-28T06:33:50.462+0000] {logging_mixin.py:190} INFO - [2025-01-28T06:33:50.462+0000] {dag.py:4180} INFO - Setting next_dagrun for example_short_circuit_operator to None, run_after=None
[2025-01-28T06:33:50.486+0000] {processor.py:208} INFO - Processing /home/ubuntu/.local/lib/python3.12/site-packages/airflow/example_dags/example_short_circuit_operator.py took 0.072 seconds
[2025-01-28T06:34:47.402+0000] {processor.py:186} INFO - Started process (PID=5955) to work on /home/ubuntu/.local/lib/python3.12/site-packages/airflow/example_dags/example_short_circuit_operator.py
[2025-01-28T06:34:47.405+0000] {processor.py:914} INFO - Processing file /home/ubuntu/.local/lib/python3.12/site-packages/airflow/example_dags/example_short_circuit_operator.py for tasks to queue
[2025-01-28T06:34:47.406+0000] {logging_mixin.py:190} INFO - [2025-01-28T06:34:47.406+0000] {dagbag.py:588} INFO - Filling up the DagBag from /home/ubuntu/.local/lib/python3.12/site-packages/airflow/example_dags/example_short_circuit_operator.py
[2025-01-28T06:34:47.416+0000] {processor.py:925} INFO - DAG(s) 'example_short_circuit_operator' retrieved from /home/ubuntu/.local/lib/python3.12/site-packages/airflow/example_dags/example_short_circuit_operator.py
[2025-01-28T06:34:47.433+0000] {logging_mixin.py:190} INFO - [2025-01-28T06:34:47.433+0000] {dag.py:3239} INFO - Sync 1 DAGs
[2025-01-28T06:34:47.445+0000] {logging_mixin.py:190} INFO - [2025-01-28T06:34:47.444+0000] {dag.py:4180} INFO - Setting next_dagrun for example_short_circuit_operator to None, run_after=None
[2025-01-28T06:34:47.468+0000] {processor.py:208} INFO - Processing /home/ubuntu/.local/lib/python3.12/site-packages/airflow/example_dags/example_short_circuit_operator.py took 0.071 seconds
[2025-01-28T06:35:43.033+0000] {processor.py:186} INFO - Started process (PID=6015) to work on /home/ubuntu/.local/lib/python3.12/site-packages/airflow/example_dags/example_short_circuit_operator.py
[2025-01-28T06:35:43.035+0000] {processor.py:914} INFO - Processing file /home/ubuntu/.local/lib/python3.12/site-packages/airflow/example_dags/example_short_circuit_operator.py for tasks to queue
[2025-01-28T06:35:43.037+0000] {logging_mixin.py:190} INFO - [2025-01-28T06:35:43.037+0000] {dagbag.py:588} INFO - Filling up the DagBag from /home/ubuntu/.local/lib/python3.12/site-packages/airflow/example_dags/example_short_circuit_operator.py
[2025-01-28T06:35:43.046+0000] {processor.py:925} INFO - DAG(s) 'example_short_circuit_operator' retrieved from /home/ubuntu/.local/lib/python3.12/site-packages/airflow/example_dags/example_short_circuit_operator.py
[2025-01-28T06:35:43.063+0000] {logging_mixin.py:190} INFO - [2025-01-28T06:35:43.063+0000] {dag.py:3239} INFO - Sync 1 DAGs
[2025-01-28T06:35:43.075+0000] {logging_mixin.py:190} INFO - [2025-01-28T06:35:43.075+0000] {dag.py:4180} INFO - Setting next_dagrun for example_short_circuit_operator to None, run_after=None
[2025-01-28T06:35:43.096+0000] {processor.py:208} INFO - Processing /home/ubuntu/.local/lib/python3.12/site-packages/airflow/example_dags/example_short_circuit_operator.py took 0.068 seconds
[2025-01-28T06:36:33.649+0000] {processor.py:186} INFO - Started process (PID=6068) to work on /home/ubuntu/.local/lib/python3.12/site-packages/airflow/example_dags/example_short_circuit_operator.py
[2025-01-28T06:36:33.651+0000] {processor.py:914} INFO - Processing file /home/ubuntu/.local/lib/python3.12/site-packages/airflow/example_dags/example_short_circuit_operator.py for tasks to queue
[2025-01-28T06:36:33.653+0000] {logging_mixin.py:190} INFO - [2025-01-28T06:36:33.652+0000] {dagbag.py:588} INFO - Filling up the DagBag from /home/ubuntu/.local/lib/python3.12/site-packages/airflow/example_dags/example_short_circuit_operator.py
[2025-01-28T06:36:33.662+0000] {processor.py:925} INFO - DAG(s) 'example_short_circuit_operator' retrieved from /home/ubuntu/.local/lib/python3.12/site-packages/airflow/example_dags/example_short_circuit_operator.py
[2025-01-28T06:36:33.680+0000] {logging_mixin.py:190} INFO - [2025-01-28T06:36:33.680+0000] {dag.py:3239} INFO - Sync 1 DAGs
[2025-01-28T06:36:33.692+0000] {logging_mixin.py:190} INFO - [2025-01-28T06:36:33.692+0000] {dag.py:4180} INFO - Setting next_dagrun for example_short_circuit_operator to None, run_after=None
[2025-01-28T06:36:33.716+0000] {processor.py:208} INFO - Processing /home/ubuntu/.local/lib/python3.12/site-packages/airflow/example_dags/example_short_circuit_operator.py took 0.072 seconds
[2025-01-28T06:37:26.623+0000] {processor.py:186} INFO - Started process (PID=6122) to work on /home/ubuntu/.local/lib/python3.12/site-packages/airflow/example_dags/example_short_circuit_operator.py
[2025-01-28T06:37:26.625+0000] {processor.py:914} INFO - Processing file /home/ubuntu/.local/lib/python3.12/site-packages/airflow/example_dags/example_short_circuit_operator.py for tasks to queue
[2025-01-28T06:37:26.627+0000] {logging_mixin.py:190} INFO - [2025-01-28T06:37:26.626+0000] {dagbag.py:588} INFO - Filling up the DagBag from /home/ubuntu/.local/lib/python3.12/site-packages/airflow/example_dags/example_short_circuit_operator.py
[2025-01-28T06:37:26.635+0000] {processor.py:925} INFO - DAG(s) 'example_short_circuit_operator' retrieved from /home/ubuntu/.local/lib/python3.12/site-packages/airflow/example_dags/example_short_circuit_operator.py
[2025-01-28T06:37:26.653+0000] {logging_mixin.py:190} INFO - [2025-01-28T06:37:26.653+0000] {dag.py:3239} INFO - Sync 1 DAGs
[2025-01-28T06:37:26.664+0000] {logging_mixin.py:190} INFO - [2025-01-28T06:37:26.664+0000] {dag.py:4180} INFO - Setting next_dagrun for example_short_circuit_operator to None, run_after=None
[2025-01-28T06:37:26.685+0000] {processor.py:208} INFO - Processing /home/ubuntu/.local/lib/python3.12/site-packages/airflow/example_dags/example_short_circuit_operator.py took 0.067 seconds
[2025-01-28T06:38:19.265+0000] {processor.py:186} INFO - Started process (PID=6178) to work on /home/ubuntu/.local/lib/python3.12/site-packages/airflow/example_dags/example_short_circuit_operator.py
[2025-01-28T06:38:19.267+0000] {processor.py:914} INFO - Processing file /home/ubuntu/.local/lib/python3.12/site-packages/airflow/example_dags/example_short_circuit_operator.py for tasks to queue
[2025-01-28T06:38:19.269+0000] {logging_mixin.py:190} INFO - [2025-01-28T06:38:19.269+0000] {dagbag.py:588} INFO - Filling up the DagBag from /home/ubuntu/.local/lib/python3.12/site-packages/airflow/example_dags/example_short_circuit_operator.py
[2025-01-28T06:38:19.277+0000] {processor.py:925} INFO - DAG(s) 'example_short_circuit_operator' retrieved from /home/ubuntu/.local/lib/python3.12/site-packages/airflow/example_dags/example_short_circuit_operator.py
[2025-01-28T06:38:19.295+0000] {logging_mixin.py:190} INFO - [2025-01-28T06:38:19.295+0000] {dag.py:3239} INFO - Sync 1 DAGs
[2025-01-28T06:38:19.306+0000] {logging_mixin.py:190} INFO - [2025-01-28T06:38:19.306+0000] {dag.py:4180} INFO - Setting next_dagrun for example_short_circuit_operator to None, run_after=None
[2025-01-28T06:38:19.329+0000] {processor.py:208} INFO - Processing /home/ubuntu/.local/lib/python3.12/site-packages/airflow/example_dags/example_short_circuit_operator.py took 0.071 seconds
[2025-01-28T06:39:14.894+0000] {processor.py:186} INFO - Started process (PID=6235) to work on /home/ubuntu/.local/lib/python3.12/site-packages/airflow/example_dags/example_short_circuit_operator.py
[2025-01-28T06:39:14.895+0000] {processor.py:914} INFO - Processing file /home/ubuntu/.local/lib/python3.12/site-packages/airflow/example_dags/example_short_circuit_operator.py for tasks to queue
[2025-01-28T06:39:14.898+0000] {logging_mixin.py:190} INFO - [2025-01-28T06:39:14.897+0000] {dagbag.py:588} INFO - Filling up the DagBag from /home/ubuntu/.local/lib/python3.12/site-packages/airflow/example_dags/example_short_circuit_operator.py
[2025-01-28T06:39:14.906+0000] {processor.py:925} INFO - DAG(s) 'example_short_circuit_operator' retrieved from /home/ubuntu/.local/lib/python3.12/site-packages/airflow/example_dags/example_short_circuit_operator.py
[2025-01-28T06:39:14.923+0000] {logging_mixin.py:190} INFO - [2025-01-28T06:39:14.923+0000] {dag.py:3239} INFO - Sync 1 DAGs
[2025-01-28T06:39:14.935+0000] {logging_mixin.py:190} INFO - [2025-01-28T06:39:14.935+0000] {dag.py:4180} INFO - Setting next_dagrun for example_short_circuit_operator to None, run_after=None
[2025-01-28T06:39:14.959+0000] {processor.py:208} INFO - Processing /home/ubuntu/.local/lib/python3.12/site-packages/airflow/example_dags/example_short_circuit_operator.py took 0.070 seconds
[2025-01-28T06:40:13.065+0000] {processor.py:186} INFO - Started process (PID=6294) to work on /home/ubuntu/.local/lib/python3.12/site-packages/airflow/example_dags/example_short_circuit_operator.py
[2025-01-28T06:40:13.066+0000] {processor.py:914} INFO - Processing file /home/ubuntu/.local/lib/python3.12/site-packages/airflow/example_dags/example_short_circuit_operator.py for tasks to queue
[2025-01-28T06:40:13.068+0000] {logging_mixin.py:190} INFO - [2025-01-28T06:40:13.068+0000] {dagbag.py:588} INFO - Filling up the DagBag from /home/ubuntu/.local/lib/python3.12/site-packages/airflow/example_dags/example_short_circuit_operator.py
[2025-01-28T06:40:13.078+0000] {processor.py:925} INFO - DAG(s) 'example_short_circuit_operator' retrieved from /home/ubuntu/.local/lib/python3.12/site-packages/airflow/example_dags/example_short_circuit_operator.py
[2025-01-28T06:40:13.095+0000] {logging_mixin.py:190} INFO - [2025-01-28T06:40:13.095+0000] {dag.py:3239} INFO - Sync 1 DAGs
[2025-01-28T06:40:13.106+0000] {logging_mixin.py:190} INFO - [2025-01-28T06:40:13.106+0000] {dag.py:4180} INFO - Setting next_dagrun for example_short_circuit_operator to None, run_after=None
[2025-01-28T06:40:13.126+0000] {processor.py:208} INFO - Processing /home/ubuntu/.local/lib/python3.12/site-packages/airflow/example_dags/example_short_circuit_operator.py took 0.068 seconds
[2025-01-28T06:41:09.286+0000] {processor.py:186} INFO - Started process (PID=6353) to work on /home/ubuntu/.local/lib/python3.12/site-packages/airflow/example_dags/example_short_circuit_operator.py
[2025-01-28T06:41:09.287+0000] {processor.py:914} INFO - Processing file /home/ubuntu/.local/lib/python3.12/site-packages/airflow/example_dags/example_short_circuit_operator.py for tasks to queue
[2025-01-28T06:41:09.290+0000] {logging_mixin.py:190} INFO - [2025-01-28T06:41:09.290+0000] {dagbag.py:588} INFO - Filling up the DagBag from /home/ubuntu/.local/lib/python3.12/site-packages/airflow/example_dags/example_short_circuit_operator.py
[2025-01-28T06:41:09.299+0000] {processor.py:925} INFO - DAG(s) 'example_short_circuit_operator' retrieved from /home/ubuntu/.local/lib/python3.12/site-packages/airflow/example_dags/example_short_circuit_operator.py
[2025-01-28T06:41:09.316+0000] {logging_mixin.py:190} INFO - [2025-01-28T06:41:09.316+0000] {dag.py:3239} INFO - Sync 1 DAGs
[2025-01-28T06:41:09.328+0000] {logging_mixin.py:190} INFO - [2025-01-28T06:41:09.328+0000] {dag.py:4180} INFO - Setting next_dagrun for example_short_circuit_operator to None, run_after=None
[2025-01-28T06:41:09.482+0000] {processor.py:208} INFO - Processing /home/ubuntu/.local/lib/python3.12/site-packages/airflow/example_dags/example_short_circuit_operator.py took 0.202 seconds
[2025-01-28T06:42:13.359+0000] {processor.py:186} INFO - Started process (PID=6550) to work on /home/ubuntu/.local/lib/python3.12/site-packages/airflow/example_dags/example_short_circuit_operator.py
[2025-01-28T06:42:13.361+0000] {processor.py:914} INFO - Processing file /home/ubuntu/.local/lib/python3.12/site-packages/airflow/example_dags/example_short_circuit_operator.py for tasks to queue
[2025-01-28T06:42:13.362+0000] {logging_mixin.py:190} INFO - [2025-01-28T06:42:13.362+0000] {dagbag.py:588} INFO - Filling up the DagBag from /home/ubuntu/.local/lib/python3.12/site-packages/airflow/example_dags/example_short_circuit_operator.py
[2025-01-28T06:42:13.371+0000] {processor.py:925} INFO - DAG(s) 'example_short_circuit_operator' retrieved from /home/ubuntu/.local/lib/python3.12/site-packages/airflow/example_dags/example_short_circuit_operator.py
[2025-01-28T06:42:13.388+0000] {logging_mixin.py:190} INFO - [2025-01-28T06:42:13.388+0000] {dag.py:3239} INFO - Sync 1 DAGs
[2025-01-28T06:42:13.400+0000] {logging_mixin.py:190} INFO - [2025-01-28T06:42:13.400+0000] {dag.py:4180} INFO - Setting next_dagrun for example_short_circuit_operator to None, run_after=None
[2025-01-28T06:42:13.565+0000] {processor.py:208} INFO - Processing /home/ubuntu/.local/lib/python3.12/site-packages/airflow/example_dags/example_short_circuit_operator.py took 0.211 seconds
[2025-01-28T06:43:10.643+0000] {processor.py:186} INFO - Started process (PID=6608) to work on /home/ubuntu/.local/lib/python3.12/site-packages/airflow/example_dags/example_short_circuit_operator.py
[2025-01-28T06:43:10.644+0000] {processor.py:914} INFO - Processing file /home/ubuntu/.local/lib/python3.12/site-packages/airflow/example_dags/example_short_circuit_operator.py for tasks to queue
[2025-01-28T06:43:10.647+0000] {logging_mixin.py:190} INFO - [2025-01-28T06:43:10.647+0000] {dagbag.py:588} INFO - Filling up the DagBag from /home/ubuntu/.local/lib/python3.12/site-packages/airflow/example_dags/example_short_circuit_operator.py
[2025-01-28T06:43:10.655+0000] {processor.py:925} INFO - DAG(s) 'example_short_circuit_operator' retrieved from /home/ubuntu/.local/lib/python3.12/site-packages/airflow/example_dags/example_short_circuit_operator.py
[2025-01-28T06:43:10.672+0000] {logging_mixin.py:190} INFO - [2025-01-28T06:43:10.672+0000] {dag.py:3239} INFO - Sync 1 DAGs
[2025-01-28T06:43:10.684+0000] {logging_mixin.py:190} INFO - [2025-01-28T06:43:10.683+0000] {dag.py:4180} INFO - Setting next_dagrun for example_short_circuit_operator to None, run_after=None
[2025-01-28T06:43:10.707+0000] {processor.py:208} INFO - Processing /home/ubuntu/.local/lib/python3.12/site-packages/airflow/example_dags/example_short_circuit_operator.py took 0.068 seconds
[2025-01-28T06:44:15.916+0000] {processor.py:186} INFO - Started process (PID=6670) to work on /home/ubuntu/.local/lib/python3.12/site-packages/airflow/example_dags/example_short_circuit_operator.py
[2025-01-28T06:44:15.918+0000] {processor.py:914} INFO - Processing file /home/ubuntu/.local/lib/python3.12/site-packages/airflow/example_dags/example_short_circuit_operator.py for tasks to queue
[2025-01-28T06:44:15.920+0000] {logging_mixin.py:190} INFO - [2025-01-28T06:44:15.919+0000] {dagbag.py:588} INFO - Filling up the DagBag from /home/ubuntu/.local/lib/python3.12/site-packages/airflow/example_dags/example_short_circuit_operator.py
[2025-01-28T06:44:15.928+0000] {processor.py:925} INFO - DAG(s) 'example_short_circuit_operator' retrieved from /home/ubuntu/.local/lib/python3.12/site-packages/airflow/example_dags/example_short_circuit_operator.py
[2025-01-28T06:44:15.946+0000] {logging_mixin.py:190} INFO - [2025-01-28T06:44:15.946+0000] {dag.py:3239} INFO - Sync 1 DAGs
[2025-01-28T06:44:15.956+0000] {logging_mixin.py:190} INFO - [2025-01-28T06:44:15.956+0000] {dag.py:4180} INFO - Setting next_dagrun for example_short_circuit_operator to None, run_after=None
[2025-01-28T06:44:15.977+0000] {processor.py:208} INFO - Processing /home/ubuntu/.local/lib/python3.12/site-packages/airflow/example_dags/example_short_circuit_operator.py took 0.067 seconds
[2025-01-28T06:45:22.421+0000] {processor.py:186} INFO - Started process (PID=6736) to work on /home/ubuntu/.local/lib/python3.12/site-packages/airflow/example_dags/example_short_circuit_operator.py
[2025-01-28T06:45:22.423+0000] {processor.py:914} INFO - Processing file /home/ubuntu/.local/lib/python3.12/site-packages/airflow/example_dags/example_short_circuit_operator.py for tasks to queue
[2025-01-28T06:45:22.426+0000] {logging_mixin.py:190} INFO - [2025-01-28T06:45:22.425+0000] {dagbag.py:588} INFO - Filling up the DagBag from /home/ubuntu/.local/lib/python3.12/site-packages/airflow/example_dags/example_short_circuit_operator.py
[2025-01-28T06:45:22.434+0000] {processor.py:925} INFO - DAG(s) 'example_short_circuit_operator' retrieved from /home/ubuntu/.local/lib/python3.12/site-packages/airflow/example_dags/example_short_circuit_operator.py
[2025-01-28T06:45:22.451+0000] {logging_mixin.py:190} INFO - [2025-01-28T06:45:22.451+0000] {dag.py:3239} INFO - Sync 1 DAGs
[2025-01-28T06:45:22.463+0000] {logging_mixin.py:190} INFO - [2025-01-28T06:45:22.463+0000] {dag.py:4180} INFO - Setting next_dagrun for example_short_circuit_operator to None, run_after=None
[2025-01-28T06:45:22.486+0000] {processor.py:208} INFO - Processing /home/ubuntu/.local/lib/python3.12/site-packages/airflow/example_dags/example_short_circuit_operator.py took 0.070 seconds
[2025-01-28T06:46:17.762+0000] {processor.py:186} INFO - Started process (PID=6958) to work on /home/ubuntu/.local/lib/python3.12/site-packages/airflow/example_dags/example_short_circuit_operator.py
[2025-01-28T06:46:17.764+0000] {processor.py:914} INFO - Processing file /home/ubuntu/.local/lib/python3.12/site-packages/airflow/example_dags/example_short_circuit_operator.py for tasks to queue
[2025-01-28T06:46:17.766+0000] {logging_mixin.py:190} INFO - [2025-01-28T06:46:17.766+0000] {dagbag.py:588} INFO - Filling up the DagBag from /home/ubuntu/.local/lib/python3.12/site-packages/airflow/example_dags/example_short_circuit_operator.py
[2025-01-28T06:46:17.775+0000] {processor.py:925} INFO - DAG(s) 'example_short_circuit_operator' retrieved from /home/ubuntu/.local/lib/python3.12/site-packages/airflow/example_dags/example_short_circuit_operator.py
[2025-01-28T06:46:17.802+0000] {logging_mixin.py:190} INFO - [2025-01-28T06:46:17.802+0000] {dag.py:3239} INFO - Sync 1 DAGs
[2025-01-28T06:46:17.814+0000] {logging_mixin.py:190} INFO - [2025-01-28T06:46:17.813+0000] {dag.py:4180} INFO - Setting next_dagrun for example_short_circuit_operator to None, run_after=None
[2025-01-28T06:46:17.837+0000] {processor.py:208} INFO - Processing /home/ubuntu/.local/lib/python3.12/site-packages/airflow/example_dags/example_short_circuit_operator.py took 0.080 seconds
