[2025-01-28T03:40:11.683+0000] {processor.py:186} INFO - Started process (PID=9663) to work on /home/ubuntu/airflow-venv/lib/python3.12/site-packages/airflow/example_dags/example_latest_only.py
[2025-01-28T03:40:11.685+0000] {processor.py:914} INFO - Processing file /home/ubuntu/airflow-venv/lib/python3.12/site-packages/airflow/example_dags/example_latest_only.py for tasks to queue
[2025-01-28T03:40:11.687+0000] {logging_mixin.py:190} INFO - [2025-01-28T03:40:11.687+0000] {dagbag.py:588} INFO - Filling up the DagBag from /home/ubuntu/airflow-venv/lib/python3.12/site-packages/airflow/example_dags/example_latest_only.py
[2025-01-28T03:40:11.694+0000] {processor.py:925} INFO - DAG(s) 'latest_only' retrieved from /home/ubuntu/airflow-venv/lib/python3.12/site-packages/airflow/example_dags/example_latest_only.py
[2025-01-28T03:40:11.799+0000] {logging_mixin.py:190} INFO - [2025-01-28T03:40:11.799+0000] {override.py:1912} INFO - Created Permission View: can read on DAG:latest_only
[2025-01-28T03:40:11.813+0000] {logging_mixin.py:190} INFO - [2025-01-28T03:40:11.813+0000] {override.py:1912} INFO - Created Permission View: can delete on DAG:latest_only
[2025-01-28T03:40:11.823+0000] {logging_mixin.py:190} INFO - [2025-01-28T03:40:11.823+0000] {override.py:1912} INFO - Created Permission View: can edit on DAG:latest_only
[2025-01-28T03:40:11.841+0000] {logging_mixin.py:190} INFO - [2025-01-28T03:40:11.840+0000] {override.py:1912} INFO - Created Permission View: menu access on DAG Run:latest_only
[2025-01-28T03:40:11.852+0000] {logging_mixin.py:190} INFO - [2025-01-28T03:40:11.852+0000] {override.py:1912} INFO - Created Permission View: can read on DAG Run:latest_only
[2025-01-28T03:40:11.862+0000] {logging_mixin.py:190} INFO - [2025-01-28T03:40:11.862+0000] {override.py:1912} INFO - Created Permission View: can delete on DAG Run:latest_only
[2025-01-28T03:40:11.872+0000] {logging_mixin.py:190} INFO - [2025-01-28T03:40:11.872+0000] {override.py:1912} INFO - Created Permission View: can create on DAG Run:latest_only
[2025-01-28T03:40:11.872+0000] {logging_mixin.py:190} INFO - [2025-01-28T03:40:11.872+0000] {dag.py:3239} INFO - Sync 1 DAGs
[2025-01-28T03:40:11.884+0000] {logging_mixin.py:190} INFO - [2025-01-28T03:40:11.883+0000] {dag.py:3262} INFO - Creating ORM DAG for latest_only
[2025-01-28T03:40:11.891+0000] {logging_mixin.py:190} INFO - [2025-01-28T03:40:11.891+0000] {dag.py:4180} INFO - Setting next_dagrun for latest_only to 2025-01-27 20:00:00+00:00, run_after=2025-01-28 00:00:00+00:00
[2025-01-28T03:40:11.913+0000] {processor.py:208} INFO - Processing /home/ubuntu/airflow-venv/lib/python3.12/site-packages/airflow/example_dags/example_latest_only.py took 0.234 seconds
[2025-01-28T03:41:12.000+0000] {processor.py:186} INFO - Started process (PID=9726) to work on /home/ubuntu/airflow-venv/lib/python3.12/site-packages/airflow/example_dags/example_latest_only.py
[2025-01-28T03:41:12.001+0000] {processor.py:914} INFO - Processing file /home/ubuntu/airflow-venv/lib/python3.12/site-packages/airflow/example_dags/example_latest_only.py for tasks to queue
[2025-01-28T03:41:12.003+0000] {logging_mixin.py:190} INFO - [2025-01-28T03:41:12.003+0000] {dagbag.py:588} INFO - Filling up the DagBag from /home/ubuntu/airflow-venv/lib/python3.12/site-packages/airflow/example_dags/example_latest_only.py
[2025-01-28T03:41:12.011+0000] {processor.py:925} INFO - DAG(s) 'latest_only' retrieved from /home/ubuntu/airflow-venv/lib/python3.12/site-packages/airflow/example_dags/example_latest_only.py
[2025-01-28T03:41:12.026+0000] {logging_mixin.py:190} INFO - [2025-01-28T03:41:12.026+0000] {dag.py:3239} INFO - Sync 1 DAGs
[2025-01-28T03:41:12.043+0000] {logging_mixin.py:190} INFO - [2025-01-28T03:41:12.043+0000] {dag.py:4180} INFO - Setting next_dagrun for latest_only to 2025-01-27 20:00:00+00:00, run_after=2025-01-28 00:00:00+00:00
[2025-01-28T03:41:12.068+0000] {processor.py:208} INFO - Processing /home/ubuntu/airflow-venv/lib/python3.12/site-packages/airflow/example_dags/example_latest_only.py took 0.073 seconds
[2025-01-28T03:43:46.625+0000] {processor.py:186} INFO - Started process (PID=9825) to work on /home/ubuntu/airflow-venv/lib/python3.12/site-packages/airflow/example_dags/example_latest_only.py
[2025-01-28T03:43:46.626+0000] {processor.py:914} INFO - Processing file /home/ubuntu/airflow-venv/lib/python3.12/site-packages/airflow/example_dags/example_latest_only.py for tasks to queue
[2025-01-28T03:43:46.628+0000] {logging_mixin.py:190} INFO - [2025-01-28T03:43:46.628+0000] {dagbag.py:588} INFO - Filling up the DagBag from /home/ubuntu/airflow-venv/lib/python3.12/site-packages/airflow/example_dags/example_latest_only.py
[2025-01-28T03:43:46.635+0000] {processor.py:925} INFO - DAG(s) 'latest_only' retrieved from /home/ubuntu/airflow-venv/lib/python3.12/site-packages/airflow/example_dags/example_latest_only.py
[2025-01-28T03:43:46.663+0000] {logging_mixin.py:190} INFO - [2025-01-28T03:43:46.660+0000] {dag.py:3239} INFO - Sync 1 DAGs
[2025-01-28T03:43:46.686+0000] {logging_mixin.py:190} INFO - [2025-01-28T03:43:46.686+0000] {dag.py:4180} INFO - Setting next_dagrun for latest_only to 2025-01-27 20:00:00+00:00, run_after=2025-01-28 00:00:00+00:00
[2025-01-28T03:43:46.707+0000] {processor.py:208} INFO - Processing /home/ubuntu/airflow-venv/lib/python3.12/site-packages/airflow/example_dags/example_latest_only.py took 0.087 seconds
[2025-01-28T03:44:42.529+0000] {processor.py:186} INFO - Started process (PID=9883) to work on /home/ubuntu/airflow-venv/lib/python3.12/site-packages/airflow/example_dags/example_latest_only.py
[2025-01-28T03:44:42.530+0000] {processor.py:914} INFO - Processing file /home/ubuntu/airflow-venv/lib/python3.12/site-packages/airflow/example_dags/example_latest_only.py for tasks to queue
[2025-01-28T03:44:42.532+0000] {logging_mixin.py:190} INFO - [2025-01-28T03:44:42.532+0000] {dagbag.py:588} INFO - Filling up the DagBag from /home/ubuntu/airflow-venv/lib/python3.12/site-packages/airflow/example_dags/example_latest_only.py
[2025-01-28T03:44:42.540+0000] {processor.py:925} INFO - DAG(s) 'latest_only' retrieved from /home/ubuntu/airflow-venv/lib/python3.12/site-packages/airflow/example_dags/example_latest_only.py
[2025-01-28T03:44:42.555+0000] {logging_mixin.py:190} INFO - [2025-01-28T03:44:42.555+0000] {dag.py:3239} INFO - Sync 1 DAGs
[2025-01-28T03:44:42.573+0000] {logging_mixin.py:190} INFO - [2025-01-28T03:44:42.572+0000] {dag.py:4180} INFO - Setting next_dagrun for latest_only to 2025-01-27 20:00:00+00:00, run_after=2025-01-28 00:00:00+00:00
[2025-01-28T03:44:42.596+0000] {processor.py:208} INFO - Processing /home/ubuntu/airflow-venv/lib/python3.12/site-packages/airflow/example_dags/example_latest_only.py took 0.072 seconds
[2025-01-28T03:45:38.038+0000] {processor.py:186} INFO - Started process (PID=9945) to work on /home/ubuntu/airflow-venv/lib/python3.12/site-packages/airflow/example_dags/example_latest_only.py
[2025-01-28T03:45:38.039+0000] {processor.py:914} INFO - Processing file /home/ubuntu/airflow-venv/lib/python3.12/site-packages/airflow/example_dags/example_latest_only.py for tasks to queue
[2025-01-28T03:45:38.042+0000] {logging_mixin.py:190} INFO - [2025-01-28T03:45:38.041+0000] {dagbag.py:588} INFO - Filling up the DagBag from /home/ubuntu/airflow-venv/lib/python3.12/site-packages/airflow/example_dags/example_latest_only.py
[2025-01-28T03:45:38.049+0000] {processor.py:925} INFO - DAG(s) 'latest_only' retrieved from /home/ubuntu/airflow-venv/lib/python3.12/site-packages/airflow/example_dags/example_latest_only.py
[2025-01-28T03:45:38.064+0000] {logging_mixin.py:190} INFO - [2025-01-28T03:45:38.064+0000] {dag.py:3239} INFO - Sync 1 DAGs
[2025-01-28T03:45:38.082+0000] {logging_mixin.py:190} INFO - [2025-01-28T03:45:38.082+0000] {dag.py:4180} INFO - Setting next_dagrun for latest_only to 2025-01-27 20:00:00+00:00, run_after=2025-01-28 00:00:00+00:00
[2025-01-28T03:45:38.104+0000] {processor.py:208} INFO - Processing /home/ubuntu/airflow-venv/lib/python3.12/site-packages/airflow/example_dags/example_latest_only.py took 0.071 seconds
[2025-01-28T03:46:31.944+0000] {processor.py:186} INFO - Started process (PID=9999) to work on /home/ubuntu/airflow-venv/lib/python3.12/site-packages/airflow/example_dags/example_latest_only.py
[2025-01-28T03:46:31.945+0000] {processor.py:914} INFO - Processing file /home/ubuntu/airflow-venv/lib/python3.12/site-packages/airflow/example_dags/example_latest_only.py for tasks to queue
[2025-01-28T03:46:31.947+0000] {logging_mixin.py:190} INFO - [2025-01-28T03:46:31.947+0000] {dagbag.py:588} INFO - Filling up the DagBag from /home/ubuntu/airflow-venv/lib/python3.12/site-packages/airflow/example_dags/example_latest_only.py
[2025-01-28T03:46:31.954+0000] {processor.py:925} INFO - DAG(s) 'latest_only' retrieved from /home/ubuntu/airflow-venv/lib/python3.12/site-packages/airflow/example_dags/example_latest_only.py
[2025-01-28T03:46:31.969+0000] {logging_mixin.py:190} INFO - [2025-01-28T03:46:31.969+0000] {dag.py:3239} INFO - Sync 1 DAGs
[2025-01-28T03:46:31.987+0000] {logging_mixin.py:190} INFO - [2025-01-28T03:46:31.987+0000] {dag.py:4180} INFO - Setting next_dagrun for latest_only to 2025-01-27 20:00:00+00:00, run_after=2025-01-28 00:00:00+00:00
[2025-01-28T03:46:32.011+0000] {processor.py:208} INFO - Processing /home/ubuntu/airflow-venv/lib/python3.12/site-packages/airflow/example_dags/example_latest_only.py took 0.073 seconds
[2025-01-28T03:47:23.380+0000] {processor.py:186} INFO - Started process (PID=10053) to work on /home/ubuntu/airflow-venv/lib/python3.12/site-packages/airflow/example_dags/example_latest_only.py
[2025-01-28T03:47:23.381+0000] {processor.py:914} INFO - Processing file /home/ubuntu/airflow-venv/lib/python3.12/site-packages/airflow/example_dags/example_latest_only.py for tasks to queue
[2025-01-28T03:47:23.384+0000] {logging_mixin.py:190} INFO - [2025-01-28T03:47:23.383+0000] {dagbag.py:588} INFO - Filling up the DagBag from /home/ubuntu/airflow-venv/lib/python3.12/site-packages/airflow/example_dags/example_latest_only.py
[2025-01-28T03:47:23.391+0000] {processor.py:925} INFO - DAG(s) 'latest_only' retrieved from /home/ubuntu/airflow-venv/lib/python3.12/site-packages/airflow/example_dags/example_latest_only.py
[2025-01-28T03:47:23.405+0000] {logging_mixin.py:190} INFO - [2025-01-28T03:47:23.405+0000] {dag.py:3239} INFO - Sync 1 DAGs
[2025-01-28T03:47:23.424+0000] {logging_mixin.py:190} INFO - [2025-01-28T03:47:23.424+0000] {dag.py:4180} INFO - Setting next_dagrun for latest_only to 2025-01-27 20:00:00+00:00, run_after=2025-01-28 00:00:00+00:00
[2025-01-28T03:47:23.446+0000] {processor.py:208} INFO - Processing /home/ubuntu/airflow-venv/lib/python3.12/site-packages/airflow/example_dags/example_latest_only.py took 0.071 seconds
[2025-01-28T03:48:37.214+0000] {processor.py:186} INFO - Started process (PID=10130) to work on /home/ubuntu/airflow-venv/lib/python3.12/site-packages/airflow/example_dags/example_latest_only.py
[2025-01-28T03:48:37.215+0000] {processor.py:914} INFO - Processing file /home/ubuntu/airflow-venv/lib/python3.12/site-packages/airflow/example_dags/example_latest_only.py for tasks to queue
[2025-01-28T03:48:37.217+0000] {logging_mixin.py:190} INFO - [2025-01-28T03:48:37.217+0000] {dagbag.py:588} INFO - Filling up the DagBag from /home/ubuntu/airflow-venv/lib/python3.12/site-packages/airflow/example_dags/example_latest_only.py
[2025-01-28T03:48:37.224+0000] {processor.py:925} INFO - DAG(s) 'latest_only' retrieved from /home/ubuntu/airflow-venv/lib/python3.12/site-packages/airflow/example_dags/example_latest_only.py
[2025-01-28T03:48:37.238+0000] {logging_mixin.py:190} INFO - [2025-01-28T03:48:37.237+0000] {dag.py:3239} INFO - Sync 1 DAGs
[2025-01-28T03:48:37.256+0000] {logging_mixin.py:190} INFO - [2025-01-28T03:48:37.255+0000] {dag.py:4180} INFO - Setting next_dagrun for latest_only to 2025-01-27 20:00:00+00:00, run_after=2025-01-28 00:00:00+00:00
[2025-01-28T03:48:37.279+0000] {processor.py:208} INFO - Processing /home/ubuntu/airflow-venv/lib/python3.12/site-packages/airflow/example_dags/example_latest_only.py took 0.071 seconds
[2025-01-28T03:49:51.210+0000] {processor.py:186} INFO - Started process (PID=10207) to work on /home/ubuntu/airflow-venv/lib/python3.12/site-packages/airflow/example_dags/example_latest_only.py
[2025-01-28T03:49:51.212+0000] {processor.py:914} INFO - Processing file /home/ubuntu/airflow-venv/lib/python3.12/site-packages/airflow/example_dags/example_latest_only.py for tasks to queue
[2025-01-28T03:49:51.214+0000] {logging_mixin.py:190} INFO - [2025-01-28T03:49:51.214+0000] {dagbag.py:588} INFO - Filling up the DagBag from /home/ubuntu/airflow-venv/lib/python3.12/site-packages/airflow/example_dags/example_latest_only.py
[2025-01-28T03:49:51.221+0000] {processor.py:925} INFO - DAG(s) 'latest_only' retrieved from /home/ubuntu/airflow-venv/lib/python3.12/site-packages/airflow/example_dags/example_latest_only.py
[2025-01-28T03:49:51.236+0000] {logging_mixin.py:190} INFO - [2025-01-28T03:49:51.236+0000] {dag.py:3239} INFO - Sync 1 DAGs
[2025-01-28T03:49:51.254+0000] {logging_mixin.py:190} INFO - [2025-01-28T03:49:51.254+0000] {dag.py:4180} INFO - Setting next_dagrun for latest_only to 2025-01-27 20:00:00+00:00, run_after=2025-01-28 00:00:00+00:00
[2025-01-28T03:49:51.275+0000] {processor.py:208} INFO - Processing /home/ubuntu/airflow-venv/lib/python3.12/site-packages/airflow/example_dags/example_latest_only.py took 0.070 seconds
[2025-01-28T05:55:28.910+0000] {processor.py:186} INFO - Started process (PID=1920) to work on /home/ubuntu/.local/lib/python3.12/site-packages/airflow/example_dags/example_latest_only.py
[2025-01-28T05:55:28.911+0000] {processor.py:914} INFO - Processing file /home/ubuntu/.local/lib/python3.12/site-packages/airflow/example_dags/example_latest_only.py for tasks to queue
[2025-01-28T05:55:28.913+0000] {logging_mixin.py:190} INFO - [2025-01-28T05:55:28.913+0000] {dagbag.py:588} INFO - Filling up the DagBag from /home/ubuntu/.local/lib/python3.12/site-packages/airflow/example_dags/example_latest_only.py
[2025-01-28T05:55:28.921+0000] {processor.py:925} INFO - DAG(s) 'latest_only' retrieved from /home/ubuntu/.local/lib/python3.12/site-packages/airflow/example_dags/example_latest_only.py
[2025-01-28T05:55:29.013+0000] {logging_mixin.py:190} INFO - [2025-01-28T05:55:29.013+0000] {dag.py:3239} INFO - Sync 1 DAGs
[2025-01-28T05:55:29.031+0000] {logging_mixin.py:190} INFO - [2025-01-28T05:55:29.030+0000] {dag.py:4180} INFO - Setting next_dagrun for latest_only to 2025-01-28 00:00:00+00:00, run_after=2025-01-28 04:00:00+00:00
[2025-01-28T05:55:29.056+0000] {processor.py:208} INFO - Processing /home/ubuntu/.local/lib/python3.12/site-packages/airflow/example_dags/example_latest_only.py took 0.151 seconds
[2025-01-28T05:56:27.993+0000] {processor.py:186} INFO - Started process (PID=1988) to work on /home/ubuntu/.local/lib/python3.12/site-packages/airflow/example_dags/example_latest_only.py
[2025-01-28T05:56:27.995+0000] {processor.py:914} INFO - Processing file /home/ubuntu/.local/lib/python3.12/site-packages/airflow/example_dags/example_latest_only.py for tasks to queue
[2025-01-28T05:56:27.997+0000] {logging_mixin.py:190} INFO - [2025-01-28T05:56:27.997+0000] {dagbag.py:588} INFO - Filling up the DagBag from /home/ubuntu/.local/lib/python3.12/site-packages/airflow/example_dags/example_latest_only.py
[2025-01-28T05:56:28.005+0000] {processor.py:925} INFO - DAG(s) 'latest_only' retrieved from /home/ubuntu/.local/lib/python3.12/site-packages/airflow/example_dags/example_latest_only.py
[2025-01-28T05:56:28.026+0000] {logging_mixin.py:190} INFO - [2025-01-28T05:56:28.025+0000] {dag.py:3239} INFO - Sync 1 DAGs
[2025-01-28T05:56:28.043+0000] {logging_mixin.py:190} INFO - [2025-01-28T05:56:28.043+0000] {dag.py:4180} INFO - Setting next_dagrun for latest_only to 2025-01-28 00:00:00+00:00, run_after=2025-01-28 04:00:00+00:00
[2025-01-28T05:56:28.066+0000] {processor.py:208} INFO - Processing /home/ubuntu/.local/lib/python3.12/site-packages/airflow/example_dags/example_latest_only.py took 0.078 seconds
[2025-01-28T05:57:24.279+0000] {processor.py:186} INFO - Started process (PID=2071) to work on /home/ubuntu/.local/lib/python3.12/site-packages/airflow/example_dags/example_latest_only.py
[2025-01-28T05:57:24.280+0000] {processor.py:914} INFO - Processing file /home/ubuntu/.local/lib/python3.12/site-packages/airflow/example_dags/example_latest_only.py for tasks to queue
[2025-01-28T05:57:24.283+0000] {logging_mixin.py:190} INFO - [2025-01-28T05:57:24.282+0000] {dagbag.py:588} INFO - Filling up the DagBag from /home/ubuntu/.local/lib/python3.12/site-packages/airflow/example_dags/example_latest_only.py
[2025-01-28T05:57:24.290+0000] {processor.py:925} INFO - DAG(s) 'latest_only' retrieved from /home/ubuntu/.local/lib/python3.12/site-packages/airflow/example_dags/example_latest_only.py
[2025-01-28T05:57:24.305+0000] {logging_mixin.py:190} INFO - [2025-01-28T05:57:24.305+0000] {dag.py:3239} INFO - Sync 1 DAGs
[2025-01-28T05:57:24.323+0000] {logging_mixin.py:190} INFO - [2025-01-28T05:57:24.322+0000] {dag.py:4180} INFO - Setting next_dagrun for latest_only to 2025-01-28 00:00:00+00:00, run_after=2025-01-28 04:00:00+00:00
[2025-01-28T05:57:24.346+0000] {processor.py:208} INFO - Processing /home/ubuntu/.local/lib/python3.12/site-packages/airflow/example_dags/example_latest_only.py took 0.073 seconds
[2025-01-28T05:58:21.970+0000] {processor.py:186} INFO - Started process (PID=2129) to work on /home/ubuntu/.local/lib/python3.12/site-packages/airflow/example_dags/example_latest_only.py
[2025-01-28T05:58:21.972+0000] {processor.py:914} INFO - Processing file /home/ubuntu/.local/lib/python3.12/site-packages/airflow/example_dags/example_latest_only.py for tasks to queue
[2025-01-28T05:58:21.974+0000] {logging_mixin.py:190} INFO - [2025-01-28T05:58:21.974+0000] {dagbag.py:588} INFO - Filling up the DagBag from /home/ubuntu/.local/lib/python3.12/site-packages/airflow/example_dags/example_latest_only.py
[2025-01-28T05:58:21.982+0000] {processor.py:925} INFO - DAG(s) 'latest_only' retrieved from /home/ubuntu/.local/lib/python3.12/site-packages/airflow/example_dags/example_latest_only.py
[2025-01-28T05:58:21.996+0000] {logging_mixin.py:190} INFO - [2025-01-28T05:58:21.996+0000] {dag.py:3239} INFO - Sync 1 DAGs
[2025-01-28T05:58:22.014+0000] {logging_mixin.py:190} INFO - [2025-01-28T05:58:22.014+0000] {dag.py:4180} INFO - Setting next_dagrun for latest_only to 2025-01-28 00:00:00+00:00, run_after=2025-01-28 04:00:00+00:00
[2025-01-28T05:58:22.037+0000] {processor.py:208} INFO - Processing /home/ubuntu/.local/lib/python3.12/site-packages/airflow/example_dags/example_latest_only.py took 0.072 seconds
[2025-01-28T05:59:17.773+0000] {processor.py:186} INFO - Started process (PID=2186) to work on /home/ubuntu/.local/lib/python3.12/site-packages/airflow/example_dags/example_latest_only.py
[2025-01-28T05:59:17.775+0000] {processor.py:914} INFO - Processing file /home/ubuntu/.local/lib/python3.12/site-packages/airflow/example_dags/example_latest_only.py for tasks to queue
[2025-01-28T05:59:17.777+0000] {logging_mixin.py:190} INFO - [2025-01-28T05:59:17.777+0000] {dagbag.py:588} INFO - Filling up the DagBag from /home/ubuntu/.local/lib/python3.12/site-packages/airflow/example_dags/example_latest_only.py
[2025-01-28T05:59:17.785+0000] {processor.py:925} INFO - DAG(s) 'latest_only' retrieved from /home/ubuntu/.local/lib/python3.12/site-packages/airflow/example_dags/example_latest_only.py
[2025-01-28T05:59:17.799+0000] {logging_mixin.py:190} INFO - [2025-01-28T05:59:17.799+0000] {dag.py:3239} INFO - Sync 1 DAGs
[2025-01-28T05:59:17.817+0000] {logging_mixin.py:190} INFO - [2025-01-28T05:59:17.817+0000] {dag.py:4180} INFO - Setting next_dagrun for latest_only to 2025-01-28 00:00:00+00:00, run_after=2025-01-28 04:00:00+00:00
[2025-01-28T05:59:17.840+0000] {processor.py:208} INFO - Processing /home/ubuntu/.local/lib/python3.12/site-packages/airflow/example_dags/example_latest_only.py took 0.072 seconds
[2025-01-28T06:00:11.071+0000] {processor.py:186} INFO - Started process (PID=2242) to work on /home/ubuntu/.local/lib/python3.12/site-packages/airflow/example_dags/example_latest_only.py
[2025-01-28T06:00:11.073+0000] {processor.py:914} INFO - Processing file /home/ubuntu/.local/lib/python3.12/site-packages/airflow/example_dags/example_latest_only.py for tasks to queue
[2025-01-28T06:00:11.074+0000] {logging_mixin.py:190} INFO - [2025-01-28T06:00:11.074+0000] {dagbag.py:588} INFO - Filling up the DagBag from /home/ubuntu/.local/lib/python3.12/site-packages/airflow/example_dags/example_latest_only.py
[2025-01-28T06:00:11.082+0000] {processor.py:925} INFO - DAG(s) 'latest_only' retrieved from /home/ubuntu/.local/lib/python3.12/site-packages/airflow/example_dags/example_latest_only.py
[2025-01-28T06:00:11.096+0000] {logging_mixin.py:190} INFO - [2025-01-28T06:00:11.096+0000] {dag.py:3239} INFO - Sync 1 DAGs
[2025-01-28T06:00:11.114+0000] {logging_mixin.py:190} INFO - [2025-01-28T06:00:11.114+0000] {dag.py:4180} INFO - Setting next_dagrun for latest_only to 2025-01-28 00:00:00+00:00, run_after=2025-01-28 04:00:00+00:00
[2025-01-28T06:00:11.136+0000] {processor.py:208} INFO - Processing /home/ubuntu/.local/lib/python3.12/site-packages/airflow/example_dags/example_latest_only.py took 0.071 seconds
[2025-01-28T06:01:03.825+0000] {processor.py:186} INFO - Started process (PID=2300) to work on /home/ubuntu/.local/lib/python3.12/site-packages/airflow/example_dags/example_latest_only.py
[2025-01-28T06:01:03.827+0000] {processor.py:914} INFO - Processing file /home/ubuntu/.local/lib/python3.12/site-packages/airflow/example_dags/example_latest_only.py for tasks to queue
[2025-01-28T06:01:03.829+0000] {logging_mixin.py:190} INFO - [2025-01-28T06:01:03.829+0000] {dagbag.py:588} INFO - Filling up the DagBag from /home/ubuntu/.local/lib/python3.12/site-packages/airflow/example_dags/example_latest_only.py
[2025-01-28T06:01:03.837+0000] {processor.py:925} INFO - DAG(s) 'latest_only' retrieved from /home/ubuntu/.local/lib/python3.12/site-packages/airflow/example_dags/example_latest_only.py
[2025-01-28T06:01:03.851+0000] {logging_mixin.py:190} INFO - [2025-01-28T06:01:03.850+0000] {dag.py:3239} INFO - Sync 1 DAGs
[2025-01-28T06:01:03.870+0000] {logging_mixin.py:190} INFO - [2025-01-28T06:01:03.870+0000] {dag.py:4180} INFO - Setting next_dagrun for latest_only to 2025-01-28 00:00:00+00:00, run_after=2025-01-28 04:00:00+00:00
[2025-01-28T06:01:03.892+0000] {processor.py:208} INFO - Processing /home/ubuntu/.local/lib/python3.12/site-packages/airflow/example_dags/example_latest_only.py took 0.072 seconds
[2025-01-28T06:01:54.767+0000] {processor.py:186} INFO - Started process (PID=2359) to work on /home/ubuntu/.local/lib/python3.12/site-packages/airflow/example_dags/example_latest_only.py
[2025-01-28T06:01:54.769+0000] {processor.py:914} INFO - Processing file /home/ubuntu/.local/lib/python3.12/site-packages/airflow/example_dags/example_latest_only.py for tasks to queue
[2025-01-28T06:01:54.771+0000] {logging_mixin.py:190} INFO - [2025-01-28T06:01:54.771+0000] {dagbag.py:588} INFO - Filling up the DagBag from /home/ubuntu/.local/lib/python3.12/site-packages/airflow/example_dags/example_latest_only.py
[2025-01-28T06:01:54.778+0000] {processor.py:925} INFO - DAG(s) 'latest_only' retrieved from /home/ubuntu/.local/lib/python3.12/site-packages/airflow/example_dags/example_latest_only.py
[2025-01-28T06:01:54.793+0000] {logging_mixin.py:190} INFO - [2025-01-28T06:01:54.793+0000] {dag.py:3239} INFO - Sync 1 DAGs
[2025-01-28T06:01:54.811+0000] {logging_mixin.py:190} INFO - [2025-01-28T06:01:54.810+0000] {dag.py:4180} INFO - Setting next_dagrun for latest_only to 2025-01-28 00:00:00+00:00, run_after=2025-01-28 04:00:00+00:00
[2025-01-28T06:01:54.833+0000] {processor.py:208} INFO - Processing /home/ubuntu/.local/lib/python3.12/site-packages/airflow/example_dags/example_latest_only.py took 0.071 seconds
[2025-01-28T06:02:47.270+0000] {processor.py:186} INFO - Started process (PID=2424) to work on /home/ubuntu/.local/lib/python3.12/site-packages/airflow/example_dags/example_latest_only.py
[2025-01-28T06:02:47.271+0000] {processor.py:914} INFO - Processing file /home/ubuntu/.local/lib/python3.12/site-packages/airflow/example_dags/example_latest_only.py for tasks to queue
[2025-01-28T06:02:47.274+0000] {logging_mixin.py:190} INFO - [2025-01-28T06:02:47.274+0000] {dagbag.py:588} INFO - Filling up the DagBag from /home/ubuntu/.local/lib/python3.12/site-packages/airflow/example_dags/example_latest_only.py
[2025-01-28T06:02:47.281+0000] {processor.py:925} INFO - DAG(s) 'latest_only' retrieved from /home/ubuntu/.local/lib/python3.12/site-packages/airflow/example_dags/example_latest_only.py
[2025-01-28T06:02:47.296+0000] {logging_mixin.py:190} INFO - [2025-01-28T06:02:47.295+0000] {dag.py:3239} INFO - Sync 1 DAGs
[2025-01-28T06:02:47.312+0000] {logging_mixin.py:190} INFO - [2025-01-28T06:02:47.312+0000] {dag.py:4180} INFO - Setting next_dagrun for latest_only to 2025-01-28 00:00:00+00:00, run_after=2025-01-28 04:00:00+00:00
[2025-01-28T06:02:47.337+0000] {processor.py:208} INFO - Processing /home/ubuntu/.local/lib/python3.12/site-packages/airflow/example_dags/example_latest_only.py took 0.072 seconds
[2025-01-28T06:03:59.800+0000] {processor.py:186} INFO - Started process (PID=2504) to work on /home/ubuntu/.local/lib/python3.12/site-packages/airflow/example_dags/example_latest_only.py
[2025-01-28T06:03:59.803+0000] {processor.py:914} INFO - Processing file /home/ubuntu/.local/lib/python3.12/site-packages/airflow/example_dags/example_latest_only.py for tasks to queue
[2025-01-28T06:03:59.805+0000] {logging_mixin.py:190} INFO - [2025-01-28T06:03:59.805+0000] {dagbag.py:588} INFO - Filling up the DagBag from /home/ubuntu/.local/lib/python3.12/site-packages/airflow/example_dags/example_latest_only.py
[2025-01-28T06:03:59.812+0000] {processor.py:925} INFO - DAG(s) 'latest_only' retrieved from /home/ubuntu/.local/lib/python3.12/site-packages/airflow/example_dags/example_latest_only.py
[2025-01-28T06:03:59.828+0000] {logging_mixin.py:190} INFO - [2025-01-28T06:03:59.828+0000] {dag.py:3239} INFO - Sync 1 DAGs
[2025-01-28T06:03:59.845+0000] {logging_mixin.py:190} INFO - [2025-01-28T06:03:59.845+0000] {dag.py:4180} INFO - Setting next_dagrun for latest_only to 2025-01-28 00:00:00+00:00, run_after=2025-01-28 04:00:00+00:00
[2025-01-28T06:03:59.869+0000] {processor.py:208} INFO - Processing /home/ubuntu/.local/lib/python3.12/site-packages/airflow/example_dags/example_latest_only.py took 0.074 seconds
[2025-01-28T06:05:09.253+0000] {processor.py:186} INFO - Started process (PID=2578) to work on /home/ubuntu/.local/lib/python3.12/site-packages/airflow/example_dags/example_latest_only.py
[2025-01-28T06:05:09.254+0000] {processor.py:914} INFO - Processing file /home/ubuntu/.local/lib/python3.12/site-packages/airflow/example_dags/example_latest_only.py for tasks to queue
[2025-01-28T06:05:09.257+0000] {logging_mixin.py:190} INFO - [2025-01-28T06:05:09.257+0000] {dagbag.py:588} INFO - Filling up the DagBag from /home/ubuntu/.local/lib/python3.12/site-packages/airflow/example_dags/example_latest_only.py
[2025-01-28T06:05:09.265+0000] {processor.py:925} INFO - DAG(s) 'latest_only' retrieved from /home/ubuntu/.local/lib/python3.12/site-packages/airflow/example_dags/example_latest_only.py
[2025-01-28T06:05:09.281+0000] {logging_mixin.py:190} INFO - [2025-01-28T06:05:09.280+0000] {dag.py:3239} INFO - Sync 1 DAGs
[2025-01-28T06:05:09.298+0000] {logging_mixin.py:190} INFO - [2025-01-28T06:05:09.298+0000] {dag.py:4180} INFO - Setting next_dagrun for latest_only to 2025-01-28 00:00:00+00:00, run_after=2025-01-28 04:00:00+00:00
[2025-01-28T06:05:09.320+0000] {processor.py:208} INFO - Processing /home/ubuntu/.local/lib/python3.12/site-packages/airflow/example_dags/example_latest_only.py took 0.073 seconds
[2025-01-28T06:06:15.755+0000] {processor.py:186} INFO - Started process (PID=2653) to work on /home/ubuntu/.local/lib/python3.12/site-packages/airflow/example_dags/example_latest_only.py
[2025-01-28T06:06:15.757+0000] {processor.py:914} INFO - Processing file /home/ubuntu/.local/lib/python3.12/site-packages/airflow/example_dags/example_latest_only.py for tasks to queue
[2025-01-28T06:06:15.759+0000] {logging_mixin.py:190} INFO - [2025-01-28T06:06:15.758+0000] {dagbag.py:588} INFO - Filling up the DagBag from /home/ubuntu/.local/lib/python3.12/site-packages/airflow/example_dags/example_latest_only.py
[2025-01-28T06:06:15.766+0000] {processor.py:925} INFO - DAG(s) 'latest_only' retrieved from /home/ubuntu/.local/lib/python3.12/site-packages/airflow/example_dags/example_latest_only.py
[2025-01-28T06:06:15.781+0000] {logging_mixin.py:190} INFO - [2025-01-28T06:06:15.781+0000] {dag.py:3239} INFO - Sync 1 DAGs
[2025-01-28T06:06:15.798+0000] {logging_mixin.py:190} INFO - [2025-01-28T06:06:15.798+0000] {dag.py:4180} INFO - Setting next_dagrun for latest_only to 2025-01-28 00:00:00+00:00, run_after=2025-01-28 04:00:00+00:00
[2025-01-28T06:06:15.820+0000] {processor.py:208} INFO - Processing /home/ubuntu/.local/lib/python3.12/site-packages/airflow/example_dags/example_latest_only.py took 0.070 seconds
[2025-01-28T06:07:20.333+0000] {processor.py:186} INFO - Started process (PID=2727) to work on /home/ubuntu/.local/lib/python3.12/site-packages/airflow/example_dags/example_latest_only.py
[2025-01-28T06:07:20.335+0000] {processor.py:914} INFO - Processing file /home/ubuntu/.local/lib/python3.12/site-packages/airflow/example_dags/example_latest_only.py for tasks to queue
[2025-01-28T06:07:20.336+0000] {logging_mixin.py:190} INFO - [2025-01-28T06:07:20.336+0000] {dagbag.py:588} INFO - Filling up the DagBag from /home/ubuntu/.local/lib/python3.12/site-packages/airflow/example_dags/example_latest_only.py
[2025-01-28T06:07:20.345+0000] {processor.py:925} INFO - DAG(s) 'latest_only' retrieved from /home/ubuntu/.local/lib/python3.12/site-packages/airflow/example_dags/example_latest_only.py
[2025-01-28T06:07:20.359+0000] {logging_mixin.py:190} INFO - [2025-01-28T06:07:20.359+0000] {dag.py:3239} INFO - Sync 1 DAGs
[2025-01-28T06:07:20.377+0000] {logging_mixin.py:190} INFO - [2025-01-28T06:07:20.377+0000] {dag.py:4180} INFO - Setting next_dagrun for latest_only to 2025-01-28 00:00:00+00:00, run_after=2025-01-28 04:00:00+00:00
[2025-01-28T06:07:20.400+0000] {processor.py:208} INFO - Processing /home/ubuntu/.local/lib/python3.12/site-packages/airflow/example_dags/example_latest_only.py took 0.072 seconds
[2025-01-28T06:08:18.406+0000] {processor.py:186} INFO - Started process (PID=2786) to work on /home/ubuntu/.local/lib/python3.12/site-packages/airflow/example_dags/example_latest_only.py
[2025-01-28T06:08:18.407+0000] {processor.py:914} INFO - Processing file /home/ubuntu/.local/lib/python3.12/site-packages/airflow/example_dags/example_latest_only.py for tasks to queue
[2025-01-28T06:08:18.410+0000] {logging_mixin.py:190} INFO - [2025-01-28T06:08:18.409+0000] {dagbag.py:588} INFO - Filling up the DagBag from /home/ubuntu/.local/lib/python3.12/site-packages/airflow/example_dags/example_latest_only.py
[2025-01-28T06:08:18.417+0000] {processor.py:925} INFO - DAG(s) 'latest_only' retrieved from /home/ubuntu/.local/lib/python3.12/site-packages/airflow/example_dags/example_latest_only.py
[2025-01-28T06:08:18.431+0000] {logging_mixin.py:190} INFO - [2025-01-28T06:08:18.431+0000] {dag.py:3239} INFO - Sync 1 DAGs
[2025-01-28T06:08:18.450+0000] {logging_mixin.py:190} INFO - [2025-01-28T06:08:18.449+0000] {dag.py:4180} INFO - Setting next_dagrun for latest_only to 2025-01-28 00:00:00+00:00, run_after=2025-01-28 04:00:00+00:00
[2025-01-28T06:08:18.472+0000] {processor.py:208} INFO - Processing /home/ubuntu/.local/lib/python3.12/site-packages/airflow/example_dags/example_latest_only.py took 0.072 seconds
[2025-01-28T06:09:14.962+0000] {processor.py:186} INFO - Started process (PID=2846) to work on /home/ubuntu/.local/lib/python3.12/site-packages/airflow/example_dags/example_latest_only.py
[2025-01-28T06:09:14.965+0000] {processor.py:914} INFO - Processing file /home/ubuntu/.local/lib/python3.12/site-packages/airflow/example_dags/example_latest_only.py for tasks to queue
[2025-01-28T06:09:14.967+0000] {logging_mixin.py:190} INFO - [2025-01-28T06:09:14.966+0000] {dagbag.py:588} INFO - Filling up the DagBag from /home/ubuntu/.local/lib/python3.12/site-packages/airflow/example_dags/example_latest_only.py
[2025-01-28T06:09:14.974+0000] {processor.py:925} INFO - DAG(s) 'latest_only' retrieved from /home/ubuntu/.local/lib/python3.12/site-packages/airflow/example_dags/example_latest_only.py
[2025-01-28T06:09:14.988+0000] {logging_mixin.py:190} INFO - [2025-01-28T06:09:14.988+0000] {dag.py:3239} INFO - Sync 1 DAGs
[2025-01-28T06:09:15.006+0000] {logging_mixin.py:190} INFO - [2025-01-28T06:09:15.006+0000] {dag.py:4180} INFO - Setting next_dagrun for latest_only to 2025-01-28 00:00:00+00:00, run_after=2025-01-28 04:00:00+00:00
[2025-01-28T06:09:15.029+0000] {processor.py:208} INFO - Processing /home/ubuntu/.local/lib/python3.12/site-packages/airflow/example_dags/example_latest_only.py took 0.071 seconds
[2025-01-28T06:10:07.617+0000] {processor.py:186} INFO - Started process (PID=2914) to work on /home/ubuntu/.local/lib/python3.12/site-packages/airflow/example_dags/example_latest_only.py
[2025-01-28T06:10:07.619+0000] {processor.py:914} INFO - Processing file /home/ubuntu/.local/lib/python3.12/site-packages/airflow/example_dags/example_latest_only.py for tasks to queue
[2025-01-28T06:10:07.621+0000] {logging_mixin.py:190} INFO - [2025-01-28T06:10:07.621+0000] {dagbag.py:588} INFO - Filling up the DagBag from /home/ubuntu/.local/lib/python3.12/site-packages/airflow/example_dags/example_latest_only.py
[2025-01-28T06:10:07.629+0000] {processor.py:925} INFO - DAG(s) 'latest_only' retrieved from /home/ubuntu/.local/lib/python3.12/site-packages/airflow/example_dags/example_latest_only.py
[2025-01-28T06:10:07.644+0000] {logging_mixin.py:190} INFO - [2025-01-28T06:10:07.644+0000] {dag.py:3239} INFO - Sync 1 DAGs
[2025-01-28T06:10:07.662+0000] {logging_mixin.py:190} INFO - [2025-01-28T06:10:07.662+0000] {dag.py:4180} INFO - Setting next_dagrun for latest_only to 2025-01-28 00:00:00+00:00, run_after=2025-01-28 04:00:00+00:00
[2025-01-28T06:10:07.684+0000] {processor.py:208} INFO - Processing /home/ubuntu/.local/lib/python3.12/site-packages/airflow/example_dags/example_latest_only.py took 0.073 seconds
[2025-01-28T06:11:00.666+0000] {processor.py:186} INFO - Started process (PID=2978) to work on /home/ubuntu/.local/lib/python3.12/site-packages/airflow/example_dags/example_latest_only.py
[2025-01-28T06:11:00.668+0000] {processor.py:914} INFO - Processing file /home/ubuntu/.local/lib/python3.12/site-packages/airflow/example_dags/example_latest_only.py for tasks to queue
[2025-01-28T06:11:00.670+0000] {logging_mixin.py:190} INFO - [2025-01-28T06:11:00.670+0000] {dagbag.py:588} INFO - Filling up the DagBag from /home/ubuntu/.local/lib/python3.12/site-packages/airflow/example_dags/example_latest_only.py
[2025-01-28T06:11:00.678+0000] {processor.py:925} INFO - DAG(s) 'latest_only' retrieved from /home/ubuntu/.local/lib/python3.12/site-packages/airflow/example_dags/example_latest_only.py
[2025-01-28T06:11:00.693+0000] {logging_mixin.py:190} INFO - [2025-01-28T06:11:00.693+0000] {dag.py:3239} INFO - Sync 1 DAGs
[2025-01-28T06:11:00.710+0000] {logging_mixin.py:190} INFO - [2025-01-28T06:11:00.710+0000] {dag.py:4180} INFO - Setting next_dagrun for latest_only to 2025-01-28 00:00:00+00:00, run_after=2025-01-28 04:00:00+00:00
[2025-01-28T06:11:00.733+0000] {processor.py:208} INFO - Processing /home/ubuntu/.local/lib/python3.12/site-packages/airflow/example_dags/example_latest_only.py took 0.072 seconds
[2025-01-28T06:11:53.972+0000] {processor.py:186} INFO - Started process (PID=3035) to work on /home/ubuntu/.local/lib/python3.12/site-packages/airflow/example_dags/example_latest_only.py
[2025-01-28T06:11:53.975+0000] {processor.py:914} INFO - Processing file /home/ubuntu/.local/lib/python3.12/site-packages/airflow/example_dags/example_latest_only.py for tasks to queue
[2025-01-28T06:11:53.977+0000] {logging_mixin.py:190} INFO - [2025-01-28T06:11:53.977+0000] {dagbag.py:588} INFO - Filling up the DagBag from /home/ubuntu/.local/lib/python3.12/site-packages/airflow/example_dags/example_latest_only.py
[2025-01-28T06:11:53.984+0000] {processor.py:925} INFO - DAG(s) 'latest_only' retrieved from /home/ubuntu/.local/lib/python3.12/site-packages/airflow/example_dags/example_latest_only.py
[2025-01-28T06:11:53.998+0000] {logging_mixin.py:190} INFO - [2025-01-28T06:11:53.998+0000] {dag.py:3239} INFO - Sync 1 DAGs
[2025-01-28T06:11:54.017+0000] {logging_mixin.py:190} INFO - [2025-01-28T06:11:54.017+0000] {dag.py:4180} INFO - Setting next_dagrun for latest_only to 2025-01-28 00:00:00+00:00, run_after=2025-01-28 04:00:00+00:00
[2025-01-28T06:11:54.039+0000] {processor.py:208} INFO - Processing /home/ubuntu/.local/lib/python3.12/site-packages/airflow/example_dags/example_latest_only.py took 0.071 seconds
[2025-01-28T06:12:49.295+0000] {processor.py:186} INFO - Started process (PID=3089) to work on /home/ubuntu/.local/lib/python3.12/site-packages/airflow/example_dags/example_latest_only.py
[2025-01-28T06:12:49.297+0000] {processor.py:914} INFO - Processing file /home/ubuntu/.local/lib/python3.12/site-packages/airflow/example_dags/example_latest_only.py for tasks to queue
[2025-01-28T06:12:49.300+0000] {logging_mixin.py:190} INFO - [2025-01-28T06:12:49.299+0000] {dagbag.py:588} INFO - Filling up the DagBag from /home/ubuntu/.local/lib/python3.12/site-packages/airflow/example_dags/example_latest_only.py
[2025-01-28T06:12:49.307+0000] {processor.py:925} INFO - DAG(s) 'latest_only' retrieved from /home/ubuntu/.local/lib/python3.12/site-packages/airflow/example_dags/example_latest_only.py
[2025-01-28T06:12:49.321+0000] {logging_mixin.py:190} INFO - [2025-01-28T06:12:49.321+0000] {dag.py:3239} INFO - Sync 1 DAGs
[2025-01-28T06:12:49.339+0000] {logging_mixin.py:190} INFO - [2025-01-28T06:12:49.339+0000] {dag.py:4180} INFO - Setting next_dagrun for latest_only to 2025-01-28 00:00:00+00:00, run_after=2025-01-28 04:00:00+00:00
[2025-01-28T06:12:49.361+0000] {processor.py:208} INFO - Processing /home/ubuntu/.local/lib/python3.12/site-packages/airflow/example_dags/example_latest_only.py took 0.071 seconds
[2025-01-28T06:13:42.631+0000] {processor.py:186} INFO - Started process (PID=3147) to work on /home/ubuntu/.local/lib/python3.12/site-packages/airflow/example_dags/example_latest_only.py
[2025-01-28T06:13:42.633+0000] {processor.py:914} INFO - Processing file /home/ubuntu/.local/lib/python3.12/site-packages/airflow/example_dags/example_latest_only.py for tasks to queue
[2025-01-28T06:13:42.635+0000] {logging_mixin.py:190} INFO - [2025-01-28T06:13:42.634+0000] {dagbag.py:588} INFO - Filling up the DagBag from /home/ubuntu/.local/lib/python3.12/site-packages/airflow/example_dags/example_latest_only.py
[2025-01-28T06:13:42.642+0000] {processor.py:925} INFO - DAG(s) 'latest_only' retrieved from /home/ubuntu/.local/lib/python3.12/site-packages/airflow/example_dags/example_latest_only.py
[2025-01-28T06:13:42.657+0000] {logging_mixin.py:190} INFO - [2025-01-28T06:13:42.657+0000] {dag.py:3239} INFO - Sync 1 DAGs
[2025-01-28T06:13:42.675+0000] {logging_mixin.py:190} INFO - [2025-01-28T06:13:42.675+0000] {dag.py:4180} INFO - Setting next_dagrun for latest_only to 2025-01-28 00:00:00+00:00, run_after=2025-01-28 04:00:00+00:00
[2025-01-28T06:13:42.698+0000] {processor.py:208} INFO - Processing /home/ubuntu/.local/lib/python3.12/site-packages/airflow/example_dags/example_latest_only.py took 0.072 seconds
[2025-01-28T06:14:35.262+0000] {processor.py:186} INFO - Started process (PID=3201) to work on /home/ubuntu/.local/lib/python3.12/site-packages/airflow/example_dags/example_latest_only.py
[2025-01-28T06:14:35.265+0000] {processor.py:914} INFO - Processing file /home/ubuntu/.local/lib/python3.12/site-packages/airflow/example_dags/example_latest_only.py for tasks to queue
[2025-01-28T06:14:35.267+0000] {logging_mixin.py:190} INFO - [2025-01-28T06:14:35.266+0000] {dagbag.py:588} INFO - Filling up the DagBag from /home/ubuntu/.local/lib/python3.12/site-packages/airflow/example_dags/example_latest_only.py
[2025-01-28T06:14:35.275+0000] {processor.py:925} INFO - DAG(s) 'latest_only' retrieved from /home/ubuntu/.local/lib/python3.12/site-packages/airflow/example_dags/example_latest_only.py
[2025-01-28T06:14:35.289+0000] {logging_mixin.py:190} INFO - [2025-01-28T06:14:35.289+0000] {dag.py:3239} INFO - Sync 1 DAGs
[2025-01-28T06:14:35.309+0000] {logging_mixin.py:190} INFO - [2025-01-28T06:14:35.309+0000] {dag.py:4180} INFO - Setting next_dagrun for latest_only to 2025-01-28 00:00:00+00:00, run_after=2025-01-28 04:00:00+00:00
[2025-01-28T06:14:35.331+0000] {processor.py:208} INFO - Processing /home/ubuntu/.local/lib/python3.12/site-packages/airflow/example_dags/example_latest_only.py took 0.074 seconds
[2025-01-28T06:15:28.242+0000] {processor.py:186} INFO - Started process (PID=3260) to work on /home/ubuntu/.local/lib/python3.12/site-packages/airflow/example_dags/example_latest_only.py
[2025-01-28T06:15:28.243+0000] {processor.py:914} INFO - Processing file /home/ubuntu/.local/lib/python3.12/site-packages/airflow/example_dags/example_latest_only.py for tasks to queue
[2025-01-28T06:15:28.246+0000] {logging_mixin.py:190} INFO - [2025-01-28T06:15:28.245+0000] {dagbag.py:588} INFO - Filling up the DagBag from /home/ubuntu/.local/lib/python3.12/site-packages/airflow/example_dags/example_latest_only.py
[2025-01-28T06:15:28.253+0000] {processor.py:925} INFO - DAG(s) 'latest_only' retrieved from /home/ubuntu/.local/lib/python3.12/site-packages/airflow/example_dags/example_latest_only.py
[2025-01-28T06:15:28.267+0000] {logging_mixin.py:190} INFO - [2025-01-28T06:15:28.267+0000] {dag.py:3239} INFO - Sync 1 DAGs
[2025-01-28T06:15:28.284+0000] {logging_mixin.py:190} INFO - [2025-01-28T06:15:28.284+0000] {dag.py:4180} INFO - Setting next_dagrun for latest_only to 2025-01-28 00:00:00+00:00, run_after=2025-01-28 04:00:00+00:00
[2025-01-28T06:15:28.308+0000] {processor.py:208} INFO - Processing /home/ubuntu/.local/lib/python3.12/site-packages/airflow/example_dags/example_latest_only.py took 0.071 seconds
[2025-01-28T06:16:20.126+0000] {processor.py:186} INFO - Started process (PID=3314) to work on /home/ubuntu/.local/lib/python3.12/site-packages/airflow/example_dags/example_latest_only.py
[2025-01-28T06:16:20.127+0000] {processor.py:914} INFO - Processing file /home/ubuntu/.local/lib/python3.12/site-packages/airflow/example_dags/example_latest_only.py for tasks to queue
[2025-01-28T06:16:20.129+0000] {logging_mixin.py:190} INFO - [2025-01-28T06:16:20.129+0000] {dagbag.py:588} INFO - Filling up the DagBag from /home/ubuntu/.local/lib/python3.12/site-packages/airflow/example_dags/example_latest_only.py
[2025-01-28T06:16:20.136+0000] {processor.py:925} INFO - DAG(s) 'latest_only' retrieved from /home/ubuntu/.local/lib/python3.12/site-packages/airflow/example_dags/example_latest_only.py
[2025-01-28T06:16:20.151+0000] {logging_mixin.py:190} INFO - [2025-01-28T06:16:20.151+0000] {dag.py:3239} INFO - Sync 1 DAGs
[2025-01-28T06:16:20.169+0000] {logging_mixin.py:190} INFO - [2025-01-28T06:16:20.169+0000] {dag.py:4180} INFO - Setting next_dagrun for latest_only to 2025-01-28 00:00:00+00:00, run_after=2025-01-28 04:00:00+00:00
[2025-01-28T06:16:20.191+0000] {processor.py:208} INFO - Processing /home/ubuntu/.local/lib/python3.12/site-packages/airflow/example_dags/example_latest_only.py took 0.070 seconds
[2025-01-28T06:17:14.835+0000] {processor.py:186} INFO - Started process (PID=3373) to work on /home/ubuntu/.local/lib/python3.12/site-packages/airflow/example_dags/example_latest_only.py
[2025-01-28T06:17:14.837+0000] {processor.py:914} INFO - Processing file /home/ubuntu/.local/lib/python3.12/site-packages/airflow/example_dags/example_latest_only.py for tasks to queue
[2025-01-28T06:17:14.839+0000] {logging_mixin.py:190} INFO - [2025-01-28T06:17:14.839+0000] {dagbag.py:588} INFO - Filling up the DagBag from /home/ubuntu/.local/lib/python3.12/site-packages/airflow/example_dags/example_latest_only.py
[2025-01-28T06:17:14.846+0000] {processor.py:925} INFO - DAG(s) 'latest_only' retrieved from /home/ubuntu/.local/lib/python3.12/site-packages/airflow/example_dags/example_latest_only.py
[2025-01-28T06:17:14.861+0000] {logging_mixin.py:190} INFO - [2025-01-28T06:17:14.861+0000] {dag.py:3239} INFO - Sync 1 DAGs
[2025-01-28T06:17:14.878+0000] {logging_mixin.py:190} INFO - [2025-01-28T06:17:14.878+0000] {dag.py:4180} INFO - Setting next_dagrun for latest_only to 2025-01-28 00:00:00+00:00, run_after=2025-01-28 04:00:00+00:00
[2025-01-28T06:17:14.901+0000] {processor.py:208} INFO - Processing /home/ubuntu/.local/lib/python3.12/site-packages/airflow/example_dags/example_latest_only.py took 0.072 seconds
[2025-01-28T06:18:21.335+0000] {processor.py:186} INFO - Started process (PID=3483) to work on /home/ubuntu/.local/lib/python3.12/site-packages/airflow/example_dags/example_latest_only.py
[2025-01-28T06:18:21.337+0000] {processor.py:914} INFO - Processing file /home/ubuntu/.local/lib/python3.12/site-packages/airflow/example_dags/example_latest_only.py for tasks to queue
[2025-01-28T06:18:21.339+0000] {logging_mixin.py:190} INFO - [2025-01-28T06:18:21.338+0000] {dagbag.py:588} INFO - Filling up the DagBag from /home/ubuntu/.local/lib/python3.12/site-packages/airflow/example_dags/example_latest_only.py
[2025-01-28T06:18:21.346+0000] {processor.py:925} INFO - DAG(s) 'latest_only' retrieved from /home/ubuntu/.local/lib/python3.12/site-packages/airflow/example_dags/example_latest_only.py
[2025-01-28T06:18:21.361+0000] {logging_mixin.py:190} INFO - [2025-01-28T06:18:21.361+0000] {dag.py:3239} INFO - Sync 1 DAGs
[2025-01-28T06:18:21.378+0000] {logging_mixin.py:190} INFO - [2025-01-28T06:18:21.378+0000] {dag.py:4180} INFO - Setting next_dagrun for latest_only to 2025-01-28 00:00:00+00:00, run_after=2025-01-28 04:00:00+00:00
[2025-01-28T06:18:21.400+0000] {processor.py:208} INFO - Processing /home/ubuntu/.local/lib/python3.12/site-packages/airflow/example_dags/example_latest_only.py took 0.069 seconds
[2025-01-28T06:19:15.553+0000] {processor.py:186} INFO - Started process (PID=3541) to work on /home/ubuntu/.local/lib/python3.12/site-packages/airflow/example_dags/example_latest_only.py
[2025-01-28T06:19:15.554+0000] {processor.py:914} INFO - Processing file /home/ubuntu/.local/lib/python3.12/site-packages/airflow/example_dags/example_latest_only.py for tasks to queue
[2025-01-28T06:19:15.557+0000] {logging_mixin.py:190} INFO - [2025-01-28T06:19:15.557+0000] {dagbag.py:588} INFO - Filling up the DagBag from /home/ubuntu/.local/lib/python3.12/site-packages/airflow/example_dags/example_latest_only.py
[2025-01-28T06:19:15.564+0000] {processor.py:925} INFO - DAG(s) 'latest_only' retrieved from /home/ubuntu/.local/lib/python3.12/site-packages/airflow/example_dags/example_latest_only.py
[2025-01-28T06:19:15.579+0000] {logging_mixin.py:190} INFO - [2025-01-28T06:19:15.579+0000] {dag.py:3239} INFO - Sync 1 DAGs
[2025-01-28T06:19:15.596+0000] {logging_mixin.py:190} INFO - [2025-01-28T06:19:15.596+0000] {dag.py:4180} INFO - Setting next_dagrun for latest_only to 2025-01-28 00:00:00+00:00, run_after=2025-01-28 04:00:00+00:00
[2025-01-28T06:19:15.619+0000] {processor.py:208} INFO - Processing /home/ubuntu/.local/lib/python3.12/site-packages/airflow/example_dags/example_latest_only.py took 0.071 seconds
[2025-01-28T06:20:09.519+0000] {processor.py:186} INFO - Started process (PID=3598) to work on /home/ubuntu/.local/lib/python3.12/site-packages/airflow/example_dags/example_latest_only.py
[2025-01-28T06:20:09.520+0000] {processor.py:914} INFO - Processing file /home/ubuntu/.local/lib/python3.12/site-packages/airflow/example_dags/example_latest_only.py for tasks to queue
[2025-01-28T06:20:09.525+0000] {logging_mixin.py:190} INFO - [2025-01-28T06:20:09.524+0000] {dagbag.py:588} INFO - Filling up the DagBag from /home/ubuntu/.local/lib/python3.12/site-packages/airflow/example_dags/example_latest_only.py
[2025-01-28T06:20:09.540+0000] {processor.py:925} INFO - DAG(s) 'latest_only' retrieved from /home/ubuntu/.local/lib/python3.12/site-packages/airflow/example_dags/example_latest_only.py
[2025-01-28T06:20:09.556+0000] {logging_mixin.py:190} INFO - [2025-01-28T06:20:09.556+0000] {dag.py:3239} INFO - Sync 1 DAGs
[2025-01-28T06:20:09.574+0000] {logging_mixin.py:190} INFO - [2025-01-28T06:20:09.574+0000] {dag.py:4180} INFO - Setting next_dagrun for latest_only to 2025-01-28 00:00:00+00:00, run_after=2025-01-28 04:00:00+00:00
[2025-01-28T06:20:09.599+0000] {processor.py:208} INFO - Processing /home/ubuntu/.local/lib/python3.12/site-packages/airflow/example_dags/example_latest_only.py took 0.085 seconds
[2025-01-28T06:21:04.936+0000] {processor.py:186} INFO - Started process (PID=3741) to work on /home/ubuntu/.local/lib/python3.12/site-packages/airflow/example_dags/example_latest_only.py
[2025-01-28T06:21:04.937+0000] {processor.py:914} INFO - Processing file /home/ubuntu/.local/lib/python3.12/site-packages/airflow/example_dags/example_latest_only.py for tasks to queue
[2025-01-28T06:21:04.940+0000] {logging_mixin.py:190} INFO - [2025-01-28T06:21:04.940+0000] {dagbag.py:588} INFO - Filling up the DagBag from /home/ubuntu/.local/lib/python3.12/site-packages/airflow/example_dags/example_latest_only.py
[2025-01-28T06:21:04.947+0000] {processor.py:925} INFO - DAG(s) 'latest_only' retrieved from /home/ubuntu/.local/lib/python3.12/site-packages/airflow/example_dags/example_latest_only.py
[2025-01-28T06:21:04.963+0000] {logging_mixin.py:190} INFO - [2025-01-28T06:21:04.962+0000] {dag.py:3239} INFO - Sync 1 DAGs
[2025-01-28T06:21:04.980+0000] {logging_mixin.py:190} INFO - [2025-01-28T06:21:04.980+0000] {dag.py:4180} INFO - Setting next_dagrun for latest_only to 2025-01-28 00:00:00+00:00, run_after=2025-01-28 04:00:00+00:00
[2025-01-28T06:21:05.004+0000] {processor.py:208} INFO - Processing /home/ubuntu/.local/lib/python3.12/site-packages/airflow/example_dags/example_latest_only.py took 0.073 seconds
[2025-01-28T06:21:57.312+0000] {processor.py:186} INFO - Started process (PID=3855) to work on /home/ubuntu/.local/lib/python3.12/site-packages/airflow/example_dags/example_latest_only.py
[2025-01-28T06:21:57.314+0000] {processor.py:914} INFO - Processing file /home/ubuntu/.local/lib/python3.12/site-packages/airflow/example_dags/example_latest_only.py for tasks to queue
[2025-01-28T06:21:57.316+0000] {logging_mixin.py:190} INFO - [2025-01-28T06:21:57.316+0000] {dagbag.py:588} INFO - Filling up the DagBag from /home/ubuntu/.local/lib/python3.12/site-packages/airflow/example_dags/example_latest_only.py
[2025-01-28T06:21:57.324+0000] {processor.py:925} INFO - DAG(s) 'latest_only' retrieved from /home/ubuntu/.local/lib/python3.12/site-packages/airflow/example_dags/example_latest_only.py
[2025-01-28T06:21:57.340+0000] {logging_mixin.py:190} INFO - [2025-01-28T06:21:57.339+0000] {dag.py:3239} INFO - Sync 1 DAGs
[2025-01-28T06:21:57.357+0000] {logging_mixin.py:190} INFO - [2025-01-28T06:21:57.357+0000] {dag.py:4180} INFO - Setting next_dagrun for latest_only to 2025-01-28 00:00:00+00:00, run_after=2025-01-28 04:00:00+00:00
[2025-01-28T06:21:57.380+0000] {processor.py:208} INFO - Processing /home/ubuntu/.local/lib/python3.12/site-packages/airflow/example_dags/example_latest_only.py took 0.072 seconds
[2025-01-28T06:22:57.885+0000] {processor.py:186} INFO - Started process (PID=3921) to work on /home/ubuntu/.local/lib/python3.12/site-packages/airflow/example_dags/example_latest_only.py
[2025-01-28T06:22:57.887+0000] {processor.py:914} INFO - Processing file /home/ubuntu/.local/lib/python3.12/site-packages/airflow/example_dags/example_latest_only.py for tasks to queue
[2025-01-28T06:22:57.890+0000] {logging_mixin.py:190} INFO - [2025-01-28T06:22:57.890+0000] {dagbag.py:588} INFO - Filling up the DagBag from /home/ubuntu/.local/lib/python3.12/site-packages/airflow/example_dags/example_latest_only.py
[2025-01-28T06:22:57.897+0000] {processor.py:925} INFO - DAG(s) 'latest_only' retrieved from /home/ubuntu/.local/lib/python3.12/site-packages/airflow/example_dags/example_latest_only.py
[2025-01-28T06:22:57.913+0000] {logging_mixin.py:190} INFO - [2025-01-28T06:22:57.913+0000] {dag.py:3239} INFO - Sync 1 DAGs
[2025-01-28T06:22:57.931+0000] {logging_mixin.py:190} INFO - [2025-01-28T06:22:57.930+0000] {dag.py:4180} INFO - Setting next_dagrun for latest_only to 2025-01-28 00:00:00+00:00, run_after=2025-01-28 04:00:00+00:00
[2025-01-28T06:22:57.952+0000] {processor.py:208} INFO - Processing /home/ubuntu/.local/lib/python3.12/site-packages/airflow/example_dags/example_latest_only.py took 0.072 seconds
[2025-01-28T06:23:52.611+0000] {processor.py:186} INFO - Started process (PID=4477) to work on /home/ubuntu/.local/lib/python3.12/site-packages/airflow/example_dags/example_latest_only.py
[2025-01-28T06:23:52.612+0000] {processor.py:914} INFO - Processing file /home/ubuntu/.local/lib/python3.12/site-packages/airflow/example_dags/example_latest_only.py for tasks to queue
[2025-01-28T06:23:52.615+0000] {logging_mixin.py:190} INFO - [2025-01-28T06:23:52.615+0000] {dagbag.py:588} INFO - Filling up the DagBag from /home/ubuntu/.local/lib/python3.12/site-packages/airflow/example_dags/example_latest_only.py
[2025-01-28T06:23:52.624+0000] {processor.py:925} INFO - DAG(s) 'latest_only' retrieved from /home/ubuntu/.local/lib/python3.12/site-packages/airflow/example_dags/example_latest_only.py
[2025-01-28T06:23:52.638+0000] {logging_mixin.py:190} INFO - [2025-01-28T06:23:52.638+0000] {dag.py:3239} INFO - Sync 1 DAGs
[2025-01-28T06:23:52.656+0000] {logging_mixin.py:190} INFO - [2025-01-28T06:23:52.655+0000] {dag.py:4180} INFO - Setting next_dagrun for latest_only to 2025-01-28 00:00:00+00:00, run_after=2025-01-28 04:00:00+00:00
[2025-01-28T06:23:52.677+0000] {processor.py:208} INFO - Processing /home/ubuntu/.local/lib/python3.12/site-packages/airflow/example_dags/example_latest_only.py took 0.071 seconds
[2025-01-28T06:24:47.774+0000] {processor.py:186} INFO - Started process (PID=4866) to work on /home/ubuntu/.local/lib/python3.12/site-packages/airflow/example_dags/example_latest_only.py
[2025-01-28T06:24:47.775+0000] {processor.py:914} INFO - Processing file /home/ubuntu/.local/lib/python3.12/site-packages/airflow/example_dags/example_latest_only.py for tasks to queue
[2025-01-28T06:24:47.777+0000] {logging_mixin.py:190} INFO - [2025-01-28T06:24:47.777+0000] {dagbag.py:588} INFO - Filling up the DagBag from /home/ubuntu/.local/lib/python3.12/site-packages/airflow/example_dags/example_latest_only.py
[2025-01-28T06:24:47.784+0000] {processor.py:925} INFO - DAG(s) 'latest_only' retrieved from /home/ubuntu/.local/lib/python3.12/site-packages/airflow/example_dags/example_latest_only.py
[2025-01-28T06:24:47.799+0000] {logging_mixin.py:190} INFO - [2025-01-28T06:24:47.799+0000] {dag.py:3239} INFO - Sync 1 DAGs
[2025-01-28T06:24:47.818+0000] {logging_mixin.py:190} INFO - [2025-01-28T06:24:47.818+0000] {dag.py:4180} INFO - Setting next_dagrun for latest_only to 2025-01-28 00:00:00+00:00, run_after=2025-01-28 04:00:00+00:00
[2025-01-28T06:24:47.836+0000] {processor.py:208} INFO - Processing /home/ubuntu/.local/lib/python3.12/site-packages/airflow/example_dags/example_latest_only.py took 0.068 seconds
[2025-01-28T06:25:41.896+0000] {processor.py:186} INFO - Started process (PID=5023) to work on /home/ubuntu/.local/lib/python3.12/site-packages/airflow/example_dags/example_latest_only.py
[2025-01-28T06:25:41.900+0000] {processor.py:914} INFO - Processing file /home/ubuntu/.local/lib/python3.12/site-packages/airflow/example_dags/example_latest_only.py for tasks to queue
[2025-01-28T06:25:41.902+0000] {logging_mixin.py:190} INFO - [2025-01-28T06:25:41.901+0000] {dagbag.py:588} INFO - Filling up the DagBag from /home/ubuntu/.local/lib/python3.12/site-packages/airflow/example_dags/example_latest_only.py
[2025-01-28T06:25:41.914+0000] {processor.py:925} INFO - DAG(s) 'latest_only' retrieved from /home/ubuntu/.local/lib/python3.12/site-packages/airflow/example_dags/example_latest_only.py
[2025-01-28T06:25:41.929+0000] {logging_mixin.py:190} INFO - [2025-01-28T06:25:41.929+0000] {dag.py:3239} INFO - Sync 1 DAGs
[2025-01-28T06:25:41.946+0000] {logging_mixin.py:190} INFO - [2025-01-28T06:25:41.946+0000] {dag.py:4180} INFO - Setting next_dagrun for latest_only to 2025-01-28 00:00:00+00:00, run_after=2025-01-28 04:00:00+00:00
[2025-01-28T06:25:41.966+0000] {processor.py:208} INFO - Processing /home/ubuntu/.local/lib/python3.12/site-packages/airflow/example_dags/example_latest_only.py took 0.077 seconds
[2025-01-28T06:26:35.891+0000] {processor.py:186} INFO - Started process (PID=5173) to work on /home/ubuntu/.local/lib/python3.12/site-packages/airflow/example_dags/example_latest_only.py
[2025-01-28T06:26:35.892+0000] {processor.py:914} INFO - Processing file /home/ubuntu/.local/lib/python3.12/site-packages/airflow/example_dags/example_latest_only.py for tasks to queue
[2025-01-28T06:26:35.894+0000] {logging_mixin.py:190} INFO - [2025-01-28T06:26:35.894+0000] {dagbag.py:588} INFO - Filling up the DagBag from /home/ubuntu/.local/lib/python3.12/site-packages/airflow/example_dags/example_latest_only.py
[2025-01-28T06:26:35.902+0000] {processor.py:925} INFO - DAG(s) 'latest_only' retrieved from /home/ubuntu/.local/lib/python3.12/site-packages/airflow/example_dags/example_latest_only.py
[2025-01-28T06:26:35.917+0000] {logging_mixin.py:190} INFO - [2025-01-28T06:26:35.916+0000] {dag.py:3239} INFO - Sync 1 DAGs
[2025-01-28T06:26:35.935+0000] {logging_mixin.py:190} INFO - [2025-01-28T06:26:35.935+0000] {dag.py:4180} INFO - Setting next_dagrun for latest_only to 2025-01-28 00:00:00+00:00, run_after=2025-01-28 04:00:00+00:00
[2025-01-28T06:26:35.954+0000] {processor.py:208} INFO - Processing /home/ubuntu/.local/lib/python3.12/site-packages/airflow/example_dags/example_latest_only.py took 0.067 seconds
[2025-01-28T06:27:29.471+0000] {processor.py:186} INFO - Started process (PID=5229) to work on /home/ubuntu/.local/lib/python3.12/site-packages/airflow/example_dags/example_latest_only.py
[2025-01-28T06:27:29.474+0000] {processor.py:914} INFO - Processing file /home/ubuntu/.local/lib/python3.12/site-packages/airflow/example_dags/example_latest_only.py for tasks to queue
[2025-01-28T06:27:29.476+0000] {logging_mixin.py:190} INFO - [2025-01-28T06:27:29.476+0000] {dagbag.py:588} INFO - Filling up the DagBag from /home/ubuntu/.local/lib/python3.12/site-packages/airflow/example_dags/example_latest_only.py
[2025-01-28T06:27:29.484+0000] {processor.py:925} INFO - DAG(s) 'latest_only' retrieved from /home/ubuntu/.local/lib/python3.12/site-packages/airflow/example_dags/example_latest_only.py
[2025-01-28T06:27:29.498+0000] {logging_mixin.py:190} INFO - [2025-01-28T06:27:29.498+0000] {dag.py:3239} INFO - Sync 1 DAGs
[2025-01-28T06:27:29.516+0000] {logging_mixin.py:190} INFO - [2025-01-28T06:27:29.516+0000] {dag.py:4180} INFO - Setting next_dagrun for latest_only to 2025-01-28 00:00:00+00:00, run_after=2025-01-28 04:00:00+00:00
[2025-01-28T06:27:29.535+0000] {processor.py:208} INFO - Processing /home/ubuntu/.local/lib/python3.12/site-packages/airflow/example_dags/example_latest_only.py took 0.069 seconds
[2025-01-28T06:28:20.480+0000] {processor.py:186} INFO - Started process (PID=5348) to work on /home/ubuntu/.local/lib/python3.12/site-packages/airflow/example_dags/example_latest_only.py
[2025-01-28T06:28:20.482+0000] {processor.py:914} INFO - Processing file /home/ubuntu/.local/lib/python3.12/site-packages/airflow/example_dags/example_latest_only.py for tasks to queue
[2025-01-28T06:28:20.484+0000] {logging_mixin.py:190} INFO - [2025-01-28T06:28:20.484+0000] {dagbag.py:588} INFO - Filling up the DagBag from /home/ubuntu/.local/lib/python3.12/site-packages/airflow/example_dags/example_latest_only.py
[2025-01-28T06:28:20.492+0000] {processor.py:925} INFO - DAG(s) 'latest_only' retrieved from /home/ubuntu/.local/lib/python3.12/site-packages/airflow/example_dags/example_latest_only.py
[2025-01-28T06:28:20.505+0000] {logging_mixin.py:190} INFO - [2025-01-28T06:28:20.505+0000] {dag.py:3239} INFO - Sync 1 DAGs
[2025-01-28T06:28:20.522+0000] {logging_mixin.py:190} INFO - [2025-01-28T06:28:20.522+0000] {dag.py:4180} INFO - Setting next_dagrun for latest_only to 2025-01-28 00:00:00+00:00, run_after=2025-01-28 04:00:00+00:00
[2025-01-28T06:28:20.546+0000] {processor.py:208} INFO - Processing /home/ubuntu/.local/lib/python3.12/site-packages/airflow/example_dags/example_latest_only.py took 0.071 seconds
[2025-01-28T06:29:15.513+0000] {processor.py:186} INFO - Started process (PID=5558) to work on /home/ubuntu/.local/lib/python3.12/site-packages/airflow/example_dags/example_latest_only.py
[2025-01-28T06:29:15.515+0000] {processor.py:914} INFO - Processing file /home/ubuntu/.local/lib/python3.12/site-packages/airflow/example_dags/example_latest_only.py for tasks to queue
[2025-01-28T06:29:15.518+0000] {logging_mixin.py:190} INFO - [2025-01-28T06:29:15.517+0000] {dagbag.py:588} INFO - Filling up the DagBag from /home/ubuntu/.local/lib/python3.12/site-packages/airflow/example_dags/example_latest_only.py
[2025-01-28T06:29:15.525+0000] {processor.py:925} INFO - DAG(s) 'latest_only' retrieved from /home/ubuntu/.local/lib/python3.12/site-packages/airflow/example_dags/example_latest_only.py
[2025-01-28T06:29:15.539+0000] {logging_mixin.py:190} INFO - [2025-01-28T06:29:15.539+0000] {dag.py:3239} INFO - Sync 1 DAGs
[2025-01-28T06:29:15.558+0000] {logging_mixin.py:190} INFO - [2025-01-28T06:29:15.557+0000] {dag.py:4180} INFO - Setting next_dagrun for latest_only to 2025-01-28 00:00:00+00:00, run_after=2025-01-28 04:00:00+00:00
[2025-01-28T06:29:15.601+0000] {processor.py:208} INFO - Processing /home/ubuntu/.local/lib/python3.12/site-packages/airflow/example_dags/example_latest_only.py took 0.093 seconds
[2025-01-28T06:30:09.786+0000] {processor.py:186} INFO - Started process (PID=5616) to work on /home/ubuntu/.local/lib/python3.12/site-packages/airflow/example_dags/example_latest_only.py
[2025-01-28T06:30:09.787+0000] {processor.py:914} INFO - Processing file /home/ubuntu/.local/lib/python3.12/site-packages/airflow/example_dags/example_latest_only.py for tasks to queue
[2025-01-28T06:30:09.789+0000] {logging_mixin.py:190} INFO - [2025-01-28T06:30:09.789+0000] {dagbag.py:588} INFO - Filling up the DagBag from /home/ubuntu/.local/lib/python3.12/site-packages/airflow/example_dags/example_latest_only.py
[2025-01-28T06:30:09.797+0000] {processor.py:925} INFO - DAG(s) 'latest_only' retrieved from /home/ubuntu/.local/lib/python3.12/site-packages/airflow/example_dags/example_latest_only.py
[2025-01-28T06:30:09.812+0000] {logging_mixin.py:190} INFO - [2025-01-28T06:30:09.812+0000] {dag.py:3239} INFO - Sync 1 DAGs
[2025-01-28T06:30:09.831+0000] {logging_mixin.py:190} INFO - [2025-01-28T06:30:09.831+0000] {dag.py:4180} INFO - Setting next_dagrun for latest_only to 2025-01-28 00:00:00+00:00, run_after=2025-01-28 04:00:00+00:00
[2025-01-28T06:30:09.854+0000] {processor.py:208} INFO - Processing /home/ubuntu/.local/lib/python3.12/site-packages/airflow/example_dags/example_latest_only.py took 0.074 seconds
[2025-01-28T06:31:04.022+0000] {processor.py:186} INFO - Started process (PID=5724) to work on /home/ubuntu/.local/lib/python3.12/site-packages/airflow/example_dags/example_latest_only.py
[2025-01-28T06:31:04.023+0000] {processor.py:914} INFO - Processing file /home/ubuntu/.local/lib/python3.12/site-packages/airflow/example_dags/example_latest_only.py for tasks to queue
[2025-01-28T06:31:04.025+0000] {logging_mixin.py:190} INFO - [2025-01-28T06:31:04.025+0000] {dagbag.py:588} INFO - Filling up the DagBag from /home/ubuntu/.local/lib/python3.12/site-packages/airflow/example_dags/example_latest_only.py
[2025-01-28T06:31:04.034+0000] {processor.py:925} INFO - DAG(s) 'latest_only' retrieved from /home/ubuntu/.local/lib/python3.12/site-packages/airflow/example_dags/example_latest_only.py
[2025-01-28T06:31:04.048+0000] {logging_mixin.py:190} INFO - [2025-01-28T06:31:04.048+0000] {dag.py:3239} INFO - Sync 1 DAGs
[2025-01-28T06:31:04.067+0000] {logging_mixin.py:190} INFO - [2025-01-28T06:31:04.067+0000] {dag.py:4180} INFO - Setting next_dagrun for latest_only to 2025-01-28 00:00:00+00:00, run_after=2025-01-28 04:00:00+00:00
[2025-01-28T06:31:04.090+0000] {processor.py:208} INFO - Processing /home/ubuntu/.local/lib/python3.12/site-packages/airflow/example_dags/example_latest_only.py took 0.073 seconds
[2025-01-28T06:32:27.603+0000] {processor.py:186} INFO - Started process (PID=5808) to work on /home/ubuntu/.local/lib/python3.12/site-packages/airflow/example_dags/example_latest_only.py
[2025-01-28T06:32:27.606+0000] {processor.py:914} INFO - Processing file /home/ubuntu/.local/lib/python3.12/site-packages/airflow/example_dags/example_latest_only.py for tasks to queue
[2025-01-28T06:32:27.608+0000] {logging_mixin.py:190} INFO - [2025-01-28T06:32:27.608+0000] {dagbag.py:588} INFO - Filling up the DagBag from /home/ubuntu/.local/lib/python3.12/site-packages/airflow/example_dags/example_latest_only.py
[2025-01-28T06:32:27.616+0000] {processor.py:925} INFO - DAG(s) 'latest_only' retrieved from /home/ubuntu/.local/lib/python3.12/site-packages/airflow/example_dags/example_latest_only.py
[2025-01-28T06:32:27.629+0000] {logging_mixin.py:190} INFO - [2025-01-28T06:32:27.629+0000] {dag.py:3239} INFO - Sync 1 DAGs
[2025-01-28T06:32:27.648+0000] {logging_mixin.py:190} INFO - [2025-01-28T06:32:27.648+0000] {dag.py:4180} INFO - Setting next_dagrun for latest_only to 2025-01-28 00:00:00+00:00, run_after=2025-01-28 04:00:00+00:00
[2025-01-28T06:32:27.672+0000] {processor.py:208} INFO - Processing /home/ubuntu/.local/lib/python3.12/site-packages/airflow/example_dags/example_latest_only.py took 0.074 seconds
[2025-01-28T06:33:24.994+0000] {processor.py:186} INFO - Started process (PID=5871) to work on /home/ubuntu/.local/lib/python3.12/site-packages/airflow/example_dags/example_latest_only.py
[2025-01-28T06:33:24.995+0000] {processor.py:914} INFO - Processing file /home/ubuntu/.local/lib/python3.12/site-packages/airflow/example_dags/example_latest_only.py for tasks to queue
[2025-01-28T06:33:24.997+0000] {logging_mixin.py:190} INFO - [2025-01-28T06:33:24.997+0000] {dagbag.py:588} INFO - Filling up the DagBag from /home/ubuntu/.local/lib/python3.12/site-packages/airflow/example_dags/example_latest_only.py
[2025-01-28T06:33:25.005+0000] {processor.py:925} INFO - DAG(s) 'latest_only' retrieved from /home/ubuntu/.local/lib/python3.12/site-packages/airflow/example_dags/example_latest_only.py
[2025-01-28T06:33:25.020+0000] {logging_mixin.py:190} INFO - [2025-01-28T06:33:25.019+0000] {dag.py:3239} INFO - Sync 1 DAGs
[2025-01-28T06:33:25.038+0000] {logging_mixin.py:190} INFO - [2025-01-28T06:33:25.038+0000] {dag.py:4180} INFO - Setting next_dagrun for latest_only to 2025-01-28 00:00:00+00:00, run_after=2025-01-28 04:00:00+00:00
[2025-01-28T06:33:25.060+0000] {processor.py:208} INFO - Processing /home/ubuntu/.local/lib/python3.12/site-packages/airflow/example_dags/example_latest_only.py took 0.072 seconds
[2025-01-28T06:34:22.832+0000] {processor.py:186} INFO - Started process (PID=5930) to work on /home/ubuntu/.local/lib/python3.12/site-packages/airflow/example_dags/example_latest_only.py
[2025-01-28T06:34:22.834+0000] {processor.py:914} INFO - Processing file /home/ubuntu/.local/lib/python3.12/site-packages/airflow/example_dags/example_latest_only.py for tasks to queue
[2025-01-28T06:34:22.836+0000] {logging_mixin.py:190} INFO - [2025-01-28T06:34:22.835+0000] {dagbag.py:588} INFO - Filling up the DagBag from /home/ubuntu/.local/lib/python3.12/site-packages/airflow/example_dags/example_latest_only.py
[2025-01-28T06:34:22.844+0000] {processor.py:925} INFO - DAG(s) 'latest_only' retrieved from /home/ubuntu/.local/lib/python3.12/site-packages/airflow/example_dags/example_latest_only.py
[2025-01-28T06:34:22.858+0000] {logging_mixin.py:190} INFO - [2025-01-28T06:34:22.858+0000] {dag.py:3239} INFO - Sync 1 DAGs
[2025-01-28T06:34:22.876+0000] {logging_mixin.py:190} INFO - [2025-01-28T06:34:22.875+0000] {dag.py:4180} INFO - Setting next_dagrun for latest_only to 2025-01-28 00:00:00+00:00, run_after=2025-01-28 04:00:00+00:00
[2025-01-28T06:34:22.898+0000] {processor.py:208} INFO - Processing /home/ubuntu/.local/lib/python3.12/site-packages/airflow/example_dags/example_latest_only.py took 0.071 seconds
[2025-01-28T06:35:18.251+0000] {processor.py:186} INFO - Started process (PID=5990) to work on /home/ubuntu/.local/lib/python3.12/site-packages/airflow/example_dags/example_latest_only.py
[2025-01-28T06:35:18.253+0000] {processor.py:914} INFO - Processing file /home/ubuntu/.local/lib/python3.12/site-packages/airflow/example_dags/example_latest_only.py for tasks to queue
[2025-01-28T06:35:18.255+0000] {logging_mixin.py:190} INFO - [2025-01-28T06:35:18.255+0000] {dagbag.py:588} INFO - Filling up the DagBag from /home/ubuntu/.local/lib/python3.12/site-packages/airflow/example_dags/example_latest_only.py
[2025-01-28T06:35:18.262+0000] {processor.py:925} INFO - DAG(s) 'latest_only' retrieved from /home/ubuntu/.local/lib/python3.12/site-packages/airflow/example_dags/example_latest_only.py
[2025-01-28T06:35:18.277+0000] {logging_mixin.py:190} INFO - [2025-01-28T06:35:18.277+0000] {dag.py:3239} INFO - Sync 1 DAGs
[2025-01-28T06:35:18.294+0000] {logging_mixin.py:190} INFO - [2025-01-28T06:35:18.294+0000] {dag.py:4180} INFO - Setting next_dagrun for latest_only to 2025-01-28 00:00:00+00:00, run_after=2025-01-28 04:00:00+00:00
[2025-01-28T06:35:18.318+0000] {processor.py:208} INFO - Processing /home/ubuntu/.local/lib/python3.12/site-packages/airflow/example_dags/example_latest_only.py took 0.072 seconds
[2025-01-28T06:36:11.430+0000] {processor.py:186} INFO - Started process (PID=6046) to work on /home/ubuntu/.local/lib/python3.12/site-packages/airflow/example_dags/example_latest_only.py
[2025-01-28T06:36:11.431+0000] {processor.py:914} INFO - Processing file /home/ubuntu/.local/lib/python3.12/site-packages/airflow/example_dags/example_latest_only.py for tasks to queue
[2025-01-28T06:36:11.433+0000] {logging_mixin.py:190} INFO - [2025-01-28T06:36:11.433+0000] {dagbag.py:588} INFO - Filling up the DagBag from /home/ubuntu/.local/lib/python3.12/site-packages/airflow/example_dags/example_latest_only.py
[2025-01-28T06:36:11.440+0000] {processor.py:925} INFO - DAG(s) 'latest_only' retrieved from /home/ubuntu/.local/lib/python3.12/site-packages/airflow/example_dags/example_latest_only.py
[2025-01-28T06:36:11.455+0000] {logging_mixin.py:190} INFO - [2025-01-28T06:36:11.455+0000] {dag.py:3239} INFO - Sync 1 DAGs
[2025-01-28T06:36:11.472+0000] {logging_mixin.py:190} INFO - [2025-01-28T06:36:11.472+0000] {dag.py:4180} INFO - Setting next_dagrun for latest_only to 2025-01-28 00:00:00+00:00, run_after=2025-01-28 04:00:00+00:00
[2025-01-28T06:36:11.493+0000] {processor.py:208} INFO - Processing /home/ubuntu/.local/lib/python3.12/site-packages/airflow/example_dags/example_latest_only.py took 0.068 seconds
[2025-01-28T06:37:02.929+0000] {processor.py:186} INFO - Started process (PID=6099) to work on /home/ubuntu/.local/lib/python3.12/site-packages/airflow/example_dags/example_latest_only.py
[2025-01-28T06:37:02.931+0000] {processor.py:914} INFO - Processing file /home/ubuntu/.local/lib/python3.12/site-packages/airflow/example_dags/example_latest_only.py for tasks to queue
[2025-01-28T06:37:02.934+0000] {logging_mixin.py:190} INFO - [2025-01-28T06:37:02.933+0000] {dagbag.py:588} INFO - Filling up the DagBag from /home/ubuntu/.local/lib/python3.12/site-packages/airflow/example_dags/example_latest_only.py
[2025-01-28T06:37:02.942+0000] {processor.py:925} INFO - DAG(s) 'latest_only' retrieved from /home/ubuntu/.local/lib/python3.12/site-packages/airflow/example_dags/example_latest_only.py
[2025-01-28T06:37:02.956+0000] {logging_mixin.py:190} INFO - [2025-01-28T06:37:02.956+0000] {dag.py:3239} INFO - Sync 1 DAGs
[2025-01-28T06:37:02.975+0000] {logging_mixin.py:190} INFO - [2025-01-28T06:37:02.974+0000] {dag.py:4180} INFO - Setting next_dagrun for latest_only to 2025-01-28 00:00:00+00:00, run_after=2025-01-28 04:00:00+00:00
[2025-01-28T06:37:02.997+0000] {processor.py:208} INFO - Processing /home/ubuntu/.local/lib/python3.12/site-packages/airflow/example_dags/example_latest_only.py took 0.073 seconds
[2025-01-28T06:37:56.928+0000] {processor.py:186} INFO - Started process (PID=6154) to work on /home/ubuntu/.local/lib/python3.12/site-packages/airflow/example_dags/example_latest_only.py
[2025-01-28T06:37:56.930+0000] {processor.py:914} INFO - Processing file /home/ubuntu/.local/lib/python3.12/site-packages/airflow/example_dags/example_latest_only.py for tasks to queue
[2025-01-28T06:37:56.932+0000] {logging_mixin.py:190} INFO - [2025-01-28T06:37:56.932+0000] {dagbag.py:588} INFO - Filling up the DagBag from /home/ubuntu/.local/lib/python3.12/site-packages/airflow/example_dags/example_latest_only.py
[2025-01-28T06:37:56.940+0000] {processor.py:925} INFO - DAG(s) 'latest_only' retrieved from /home/ubuntu/.local/lib/python3.12/site-packages/airflow/example_dags/example_latest_only.py
[2025-01-28T06:37:56.955+0000] {logging_mixin.py:190} INFO - [2025-01-28T06:37:56.954+0000] {dag.py:3239} INFO - Sync 1 DAGs
[2025-01-28T06:37:56.973+0000] {logging_mixin.py:190} INFO - [2025-01-28T06:37:56.972+0000] {dag.py:4180} INFO - Setting next_dagrun for latest_only to 2025-01-28 00:00:00+00:00, run_after=2025-01-28 04:00:00+00:00
[2025-01-28T06:37:56.996+0000] {processor.py:208} INFO - Processing /home/ubuntu/.local/lib/python3.12/site-packages/airflow/example_dags/example_latest_only.py took 0.073 seconds
[2025-01-28T06:38:51.337+0000] {processor.py:186} INFO - Started process (PID=6211) to work on /home/ubuntu/.local/lib/python3.12/site-packages/airflow/example_dags/example_latest_only.py
[2025-01-28T06:38:51.339+0000] {processor.py:914} INFO - Processing file /home/ubuntu/.local/lib/python3.12/site-packages/airflow/example_dags/example_latest_only.py for tasks to queue
[2025-01-28T06:38:51.341+0000] {logging_mixin.py:190} INFO - [2025-01-28T06:38:51.341+0000] {dagbag.py:588} INFO - Filling up the DagBag from /home/ubuntu/.local/lib/python3.12/site-packages/airflow/example_dags/example_latest_only.py
[2025-01-28T06:38:51.349+0000] {processor.py:925} INFO - DAG(s) 'latest_only' retrieved from /home/ubuntu/.local/lib/python3.12/site-packages/airflow/example_dags/example_latest_only.py
[2025-01-28T06:38:51.363+0000] {logging_mixin.py:190} INFO - [2025-01-28T06:38:51.362+0000] {dag.py:3239} INFO - Sync 1 DAGs
[2025-01-28T06:38:51.380+0000] {logging_mixin.py:190} INFO - [2025-01-28T06:38:51.380+0000] {dag.py:4180} INFO - Setting next_dagrun for latest_only to 2025-01-28 00:00:00+00:00, run_after=2025-01-28 04:00:00+00:00
[2025-01-28T06:38:51.544+0000] {processor.py:208} INFO - Processing /home/ubuntu/.local/lib/python3.12/site-packages/airflow/example_dags/example_latest_only.py took 0.212 seconds
[2025-01-28T06:39:46.947+0000] {processor.py:186} INFO - Started process (PID=6267) to work on /home/ubuntu/.local/lib/python3.12/site-packages/airflow/example_dags/example_latest_only.py
[2025-01-28T06:39:46.949+0000] {processor.py:914} INFO - Processing file /home/ubuntu/.local/lib/python3.12/site-packages/airflow/example_dags/example_latest_only.py for tasks to queue
[2025-01-28T06:39:46.951+0000] {logging_mixin.py:190} INFO - [2025-01-28T06:39:46.951+0000] {dagbag.py:588} INFO - Filling up the DagBag from /home/ubuntu/.local/lib/python3.12/site-packages/airflow/example_dags/example_latest_only.py
[2025-01-28T06:39:46.959+0000] {processor.py:925} INFO - DAG(s) 'latest_only' retrieved from /home/ubuntu/.local/lib/python3.12/site-packages/airflow/example_dags/example_latest_only.py
[2025-01-28T06:39:46.972+0000] {logging_mixin.py:190} INFO - [2025-01-28T06:39:46.972+0000] {dag.py:3239} INFO - Sync 1 DAGs
[2025-01-28T06:39:46.991+0000] {logging_mixin.py:190} INFO - [2025-01-28T06:39:46.990+0000] {dag.py:4180} INFO - Setting next_dagrun for latest_only to 2025-01-28 00:00:00+00:00, run_after=2025-01-28 04:00:00+00:00
[2025-01-28T06:39:47.013+0000] {processor.py:208} INFO - Processing /home/ubuntu/.local/lib/python3.12/site-packages/airflow/example_dags/example_latest_only.py took 0.071 seconds
[2025-01-28T06:40:42.956+0000] {processor.py:186} INFO - Started process (PID=6330) to work on /home/ubuntu/.local/lib/python3.12/site-packages/airflow/example_dags/example_latest_only.py
[2025-01-28T06:40:42.958+0000] {processor.py:914} INFO - Processing file /home/ubuntu/.local/lib/python3.12/site-packages/airflow/example_dags/example_latest_only.py for tasks to queue
[2025-01-28T06:40:42.960+0000] {logging_mixin.py:190} INFO - [2025-01-28T06:40:42.960+0000] {dagbag.py:588} INFO - Filling up the DagBag from /home/ubuntu/.local/lib/python3.12/site-packages/airflow/example_dags/example_latest_only.py
[2025-01-28T06:40:42.968+0000] {processor.py:925} INFO - DAG(s) 'latest_only' retrieved from /home/ubuntu/.local/lib/python3.12/site-packages/airflow/example_dags/example_latest_only.py
[2025-01-28T06:40:42.982+0000] {logging_mixin.py:190} INFO - [2025-01-28T06:40:42.982+0000] {dag.py:3239} INFO - Sync 1 DAGs
[2025-01-28T06:40:43.000+0000] {logging_mixin.py:190} INFO - [2025-01-28T06:40:42.999+0000] {dag.py:4180} INFO - Setting next_dagrun for latest_only to 2025-01-28 00:00:00+00:00, run_after=2025-01-28 04:00:00+00:00
[2025-01-28T06:40:43.023+0000] {processor.py:208} INFO - Processing /home/ubuntu/.local/lib/python3.12/site-packages/airflow/example_dags/example_latest_only.py took 0.071 seconds
[2025-01-28T06:41:45.511+0000] {processor.py:186} INFO - Started process (PID=6523) to work on /home/ubuntu/.local/lib/python3.12/site-packages/airflow/example_dags/example_latest_only.py
[2025-01-28T06:41:45.512+0000] {processor.py:914} INFO - Processing file /home/ubuntu/.local/lib/python3.12/site-packages/airflow/example_dags/example_latest_only.py for tasks to queue
[2025-01-28T06:41:45.514+0000] {logging_mixin.py:190} INFO - [2025-01-28T06:41:45.514+0000] {dagbag.py:588} INFO - Filling up the DagBag from /home/ubuntu/.local/lib/python3.12/site-packages/airflow/example_dags/example_latest_only.py
[2025-01-28T06:41:45.522+0000] {processor.py:925} INFO - DAG(s) 'latest_only' retrieved from /home/ubuntu/.local/lib/python3.12/site-packages/airflow/example_dags/example_latest_only.py
[2025-01-28T06:41:45.536+0000] {logging_mixin.py:190} INFO - [2025-01-28T06:41:45.536+0000] {dag.py:3239} INFO - Sync 1 DAGs
[2025-01-28T06:41:45.553+0000] {logging_mixin.py:190} INFO - [2025-01-28T06:41:45.553+0000] {dag.py:4180} INFO - Setting next_dagrun for latest_only to 2025-01-28 00:00:00+00:00, run_after=2025-01-28 04:00:00+00:00
[2025-01-28T06:41:45.575+0000] {processor.py:208} INFO - Processing /home/ubuntu/.local/lib/python3.12/site-packages/airflow/example_dags/example_latest_only.py took 0.069 seconds
[2025-01-28T06:42:43.798+0000] {processor.py:186} INFO - Started process (PID=6581) to work on /home/ubuntu/.local/lib/python3.12/site-packages/airflow/example_dags/example_latest_only.py
[2025-01-28T06:42:43.800+0000] {processor.py:914} INFO - Processing file /home/ubuntu/.local/lib/python3.12/site-packages/airflow/example_dags/example_latest_only.py for tasks to queue
[2025-01-28T06:42:43.802+0000] {logging_mixin.py:190} INFO - [2025-01-28T06:42:43.801+0000] {dagbag.py:588} INFO - Filling up the DagBag from /home/ubuntu/.local/lib/python3.12/site-packages/airflow/example_dags/example_latest_only.py
[2025-01-28T06:42:43.809+0000] {processor.py:925} INFO - DAG(s) 'latest_only' retrieved from /home/ubuntu/.local/lib/python3.12/site-packages/airflow/example_dags/example_latest_only.py
[2025-01-28T06:42:43.824+0000] {logging_mixin.py:190} INFO - [2025-01-28T06:42:43.824+0000] {dag.py:3239} INFO - Sync 1 DAGs
[2025-01-28T06:42:43.852+0000] {logging_mixin.py:190} INFO - [2025-01-28T06:42:43.852+0000] {dag.py:4180} INFO - Setting next_dagrun for latest_only to 2025-01-28 00:00:00+00:00, run_after=2025-01-28 04:00:00+00:00
[2025-01-28T06:42:43.875+0000] {processor.py:208} INFO - Processing /home/ubuntu/.local/lib/python3.12/site-packages/airflow/example_dags/example_latest_only.py took 0.082 seconds
[2025-01-28T06:43:43.701+0000] {processor.py:186} INFO - Started process (PID=6638) to work on /home/ubuntu/.local/lib/python3.12/site-packages/airflow/example_dags/example_latest_only.py
[2025-01-28T06:43:43.702+0000] {processor.py:914} INFO - Processing file /home/ubuntu/.local/lib/python3.12/site-packages/airflow/example_dags/example_latest_only.py for tasks to queue
[2025-01-28T06:43:43.704+0000] {logging_mixin.py:190} INFO - [2025-01-28T06:43:43.704+0000] {dagbag.py:588} INFO - Filling up the DagBag from /home/ubuntu/.local/lib/python3.12/site-packages/airflow/example_dags/example_latest_only.py
[2025-01-28T06:43:43.712+0000] {processor.py:925} INFO - DAG(s) 'latest_only' retrieved from /home/ubuntu/.local/lib/python3.12/site-packages/airflow/example_dags/example_latest_only.py
[2025-01-28T06:43:43.727+0000] {logging_mixin.py:190} INFO - [2025-01-28T06:43:43.727+0000] {dag.py:3239} INFO - Sync 1 DAGs
[2025-01-28T06:43:43.875+0000] {logging_mixin.py:190} INFO - [2025-01-28T06:43:43.874+0000] {dag.py:4180} INFO - Setting next_dagrun for latest_only to 2025-01-28 00:00:00+00:00, run_after=2025-01-28 04:00:00+00:00
[2025-01-28T06:43:43.896+0000] {processor.py:208} INFO - Processing /home/ubuntu/.local/lib/python3.12/site-packages/airflow/example_dags/example_latest_only.py took 0.200 seconds
[2025-01-28T06:44:51.847+0000] {processor.py:186} INFO - Started process (PID=6702) to work on /home/ubuntu/.local/lib/python3.12/site-packages/airflow/example_dags/example_latest_only.py
[2025-01-28T06:44:51.849+0000] {processor.py:914} INFO - Processing file /home/ubuntu/.local/lib/python3.12/site-packages/airflow/example_dags/example_latest_only.py for tasks to queue
[2025-01-28T06:44:51.851+0000] {logging_mixin.py:190} INFO - [2025-01-28T06:44:51.850+0000] {dagbag.py:588} INFO - Filling up the DagBag from /home/ubuntu/.local/lib/python3.12/site-packages/airflow/example_dags/example_latest_only.py
[2025-01-28T06:44:51.859+0000] {processor.py:925} INFO - DAG(s) 'latest_only' retrieved from /home/ubuntu/.local/lib/python3.12/site-packages/airflow/example_dags/example_latest_only.py
[2025-01-28T06:44:51.872+0000] {logging_mixin.py:190} INFO - [2025-01-28T06:44:51.872+0000] {dag.py:3239} INFO - Sync 1 DAGs
[2025-01-28T06:44:52.038+0000] {logging_mixin.py:190} INFO - [2025-01-28T06:44:52.037+0000] {dag.py:4180} INFO - Setting next_dagrun for latest_only to 2025-01-28 00:00:00+00:00, run_after=2025-01-28 04:00:00+00:00
[2025-01-28T06:44:52.060+0000] {processor.py:208} INFO - Processing /home/ubuntu/.local/lib/python3.12/site-packages/airflow/example_dags/example_latest_only.py took 0.219 seconds
[2025-01-28T06:45:49.308+0000] {processor.py:186} INFO - Started process (PID=6853) to work on /home/ubuntu/.local/lib/python3.12/site-packages/airflow/example_dags/example_latest_only.py
[2025-01-28T06:45:49.310+0000] {processor.py:914} INFO - Processing file /home/ubuntu/.local/lib/python3.12/site-packages/airflow/example_dags/example_latest_only.py for tasks to queue
[2025-01-28T06:45:49.312+0000] {logging_mixin.py:190} INFO - [2025-01-28T06:45:49.312+0000] {dagbag.py:588} INFO - Filling up the DagBag from /home/ubuntu/.local/lib/python3.12/site-packages/airflow/example_dags/example_latest_only.py
[2025-01-28T06:45:49.320+0000] {processor.py:925} INFO - DAG(s) 'latest_only' retrieved from /home/ubuntu/.local/lib/python3.12/site-packages/airflow/example_dags/example_latest_only.py
[2025-01-28T06:45:49.334+0000] {logging_mixin.py:190} INFO - [2025-01-28T06:45:49.334+0000] {dag.py:3239} INFO - Sync 1 DAGs
[2025-01-28T06:45:49.353+0000] {logging_mixin.py:190} INFO - [2025-01-28T06:45:49.353+0000] {dag.py:4180} INFO - Setting next_dagrun for latest_only to 2025-01-28 00:00:00+00:00, run_after=2025-01-28 04:00:00+00:00
[2025-01-28T06:45:49.378+0000] {processor.py:208} INFO - Processing /home/ubuntu/.local/lib/python3.12/site-packages/airflow/example_dags/example_latest_only.py took 0.075 seconds
[2025-01-28T06:46:40.746+0000] {processor.py:186} INFO - Started process (PID=7008) to work on /home/ubuntu/.local/lib/python3.12/site-packages/airflow/example_dags/example_latest_only.py
[2025-01-28T06:46:40.748+0000] {processor.py:914} INFO - Processing file /home/ubuntu/.local/lib/python3.12/site-packages/airflow/example_dags/example_latest_only.py for tasks to queue
[2025-01-28T06:46:40.750+0000] {logging_mixin.py:190} INFO - [2025-01-28T06:46:40.750+0000] {dagbag.py:588} INFO - Filling up the DagBag from /home/ubuntu/.local/lib/python3.12/site-packages/airflow/example_dags/example_latest_only.py
[2025-01-28T06:46:40.757+0000] {processor.py:925} INFO - DAG(s) 'latest_only' retrieved from /home/ubuntu/.local/lib/python3.12/site-packages/airflow/example_dags/example_latest_only.py
[2025-01-28T06:46:40.772+0000] {logging_mixin.py:190} INFO - [2025-01-28T06:46:40.772+0000] {dag.py:3239} INFO - Sync 1 DAGs
[2025-01-28T06:46:40.790+0000] {logging_mixin.py:190} INFO - [2025-01-28T06:46:40.790+0000] {dag.py:4180} INFO - Setting next_dagrun for latest_only to 2025-01-28 00:00:00+00:00, run_after=2025-01-28 04:00:00+00:00
[2025-01-28T06:46:40.814+0000] {processor.py:208} INFO - Processing /home/ubuntu/.local/lib/python3.12/site-packages/airflow/example_dags/example_latest_only.py took 0.075 seconds
