[2025-01-28T03:39:45.196+0000] {processor.py:186} INFO - Started process (PID=9643) to work on /home/ubuntu/airflow-venv/lib/python3.12/site-packages/airflow/example_dags/example_sensors.py
[2025-01-28T03:39:45.197+0000] {processor.py:914} INFO - Processing file /home/ubuntu/airflow-venv/lib/python3.12/site-packages/airflow/example_dags/example_sensors.py for tasks to queue
[2025-01-28T03:39:45.198+0000] {logging_mixin.py:190} INFO - [2025-01-28T03:39:45.198+0000] {dagbag.py:588} INFO - Filling up the DagBag from /home/ubuntu/airflow-venv/lib/python3.12/site-packages/airflow/example_dags/example_sensors.py
[2025-01-28T03:39:45.209+0000] {processor.py:925} INFO - DAG(s) 'example_sensors' retrieved from /home/ubuntu/airflow-venv/lib/python3.12/site-packages/airflow/example_dags/example_sensors.py
[2025-01-28T03:39:45.319+0000] {logging_mixin.py:190} INFO - [2025-01-28T03:39:45.319+0000] {override.py:1912} INFO - Created Permission View: can read on DAG:example_sensors
[2025-01-28T03:39:45.334+0000] {logging_mixin.py:190} INFO - [2025-01-28T03:39:45.333+0000] {override.py:1912} INFO - Created Permission View: can delete on DAG:example_sensors
[2025-01-28T03:39:45.349+0000] {logging_mixin.py:190} INFO - [2025-01-28T03:39:45.349+0000] {override.py:1912} INFO - Created Permission View: can edit on DAG:example_sensors
[2025-01-28T03:39:45.371+0000] {logging_mixin.py:190} INFO - [2025-01-28T03:39:45.371+0000] {override.py:1912} INFO - Created Permission View: menu access on DAG Run:example_sensors
[2025-01-28T03:39:45.387+0000] {logging_mixin.py:190} INFO - [2025-01-28T03:39:45.386+0000] {override.py:1912} INFO - Created Permission View: can read on DAG Run:example_sensors
[2025-01-28T03:39:45.398+0000] {logging_mixin.py:190} INFO - [2025-01-28T03:39:45.398+0000] {override.py:1912} INFO - Created Permission View: can delete on DAG Run:example_sensors
[2025-01-28T03:39:45.409+0000] {logging_mixin.py:190} INFO - [2025-01-28T03:39:45.409+0000] {override.py:1912} INFO - Created Permission View: can create on DAG Run:example_sensors
[2025-01-28T03:39:45.409+0000] {logging_mixin.py:190} INFO - [2025-01-28T03:39:45.409+0000] {dag.py:3239} INFO - Sync 1 DAGs
[2025-01-28T03:39:45.420+0000] {logging_mixin.py:190} INFO - [2025-01-28T03:39:45.419+0000] {dag.py:3262} INFO - Creating ORM DAG for example_sensors
[2025-01-28T03:39:45.420+0000] {logging_mixin.py:190} INFO - [2025-01-28T03:39:45.420+0000] {dag.py:4180} INFO - Setting next_dagrun for example_sensors to None, run_after=None
[2025-01-28T03:39:45.441+0000] {processor.py:208} INFO - Processing /home/ubuntu/airflow-venv/lib/python3.12/site-packages/airflow/example_dags/example_sensors.py took 0.250 seconds
[2025-01-28T03:40:49.431+0000] {processor.py:186} INFO - Started process (PID=9704) to work on /home/ubuntu/airflow-venv/lib/python3.12/site-packages/airflow/example_dags/example_sensors.py
[2025-01-28T03:40:49.433+0000] {processor.py:914} INFO - Processing file /home/ubuntu/airflow-venv/lib/python3.12/site-packages/airflow/example_dags/example_sensors.py for tasks to queue
[2025-01-28T03:40:49.435+0000] {logging_mixin.py:190} INFO - [2025-01-28T03:40:49.435+0000] {dagbag.py:588} INFO - Filling up the DagBag from /home/ubuntu/airflow-venv/lib/python3.12/site-packages/airflow/example_dags/example_sensors.py
[2025-01-28T03:40:49.446+0000] {processor.py:925} INFO - DAG(s) 'example_sensors' retrieved from /home/ubuntu/airflow-venv/lib/python3.12/site-packages/airflow/example_dags/example_sensors.py
[2025-01-28T03:40:49.465+0000] {logging_mixin.py:190} INFO - [2025-01-28T03:40:49.464+0000] {dag.py:3239} INFO - Sync 1 DAGs
[2025-01-28T03:40:49.476+0000] {logging_mixin.py:190} INFO - [2025-01-28T03:40:49.475+0000] {dag.py:4180} INFO - Setting next_dagrun for example_sensors to None, run_after=None
[2025-01-28T03:40:49.497+0000] {processor.py:208} INFO - Processing /home/ubuntu/airflow-venv/lib/python3.12/site-packages/airflow/example_dags/example_sensors.py took 0.071 seconds
[2025-01-28T03:43:27.059+0000] {processor.py:186} INFO - Started process (PID=9805) to work on /home/ubuntu/airflow-venv/lib/python3.12/site-packages/airflow/example_dags/example_sensors.py
[2025-01-28T03:43:27.060+0000] {processor.py:914} INFO - Processing file /home/ubuntu/airflow-venv/lib/python3.12/site-packages/airflow/example_dags/example_sensors.py for tasks to queue
[2025-01-28T03:43:27.062+0000] {logging_mixin.py:190} INFO - [2025-01-28T03:43:27.062+0000] {dagbag.py:588} INFO - Filling up the DagBag from /home/ubuntu/airflow-venv/lib/python3.12/site-packages/airflow/example_dags/example_sensors.py
[2025-01-28T03:43:27.072+0000] {processor.py:925} INFO - DAG(s) 'example_sensors' retrieved from /home/ubuntu/airflow-venv/lib/python3.12/site-packages/airflow/example_dags/example_sensors.py
[2025-01-28T03:43:27.094+0000] {logging_mixin.py:190} INFO - [2025-01-28T03:43:27.094+0000] {dag.py:3239} INFO - Sync 1 DAGs
[2025-01-28T03:43:27.106+0000] {logging_mixin.py:190} INFO - [2025-01-28T03:43:27.106+0000] {dag.py:4180} INFO - Setting next_dagrun for example_sensors to None, run_after=None
[2025-01-28T03:43:27.129+0000] {processor.py:208} INFO - Processing /home/ubuntu/airflow-venv/lib/python3.12/site-packages/airflow/example_dags/example_sensors.py took 0.075 seconds
[2025-01-28T03:44:24.000+0000] {processor.py:186} INFO - Started process (PID=9863) to work on /home/ubuntu/airflow-venv/lib/python3.12/site-packages/airflow/example_dags/example_sensors.py
[2025-01-28T03:44:24.043+0000] {processor.py:914} INFO - Processing file /home/ubuntu/airflow-venv/lib/python3.12/site-packages/airflow/example_dags/example_sensors.py for tasks to queue
[2025-01-28T03:44:24.045+0000] {logging_mixin.py:190} INFO - [2025-01-28T03:44:24.045+0000] {dagbag.py:588} INFO - Filling up the DagBag from /home/ubuntu/airflow-venv/lib/python3.12/site-packages/airflow/example_dags/example_sensors.py
[2025-01-28T03:44:24.057+0000] {processor.py:925} INFO - DAG(s) 'example_sensors' retrieved from /home/ubuntu/airflow-venv/lib/python3.12/site-packages/airflow/example_dags/example_sensors.py
[2025-01-28T03:44:24.077+0000] {logging_mixin.py:190} INFO - [2025-01-28T03:44:24.077+0000] {dag.py:3239} INFO - Sync 1 DAGs
[2025-01-28T03:44:24.088+0000] {logging_mixin.py:190} INFO - [2025-01-28T03:44:24.088+0000] {dag.py:4180} INFO - Setting next_dagrun for example_sensors to None, run_after=None
[2025-01-28T03:44:24.112+0000] {processor.py:208} INFO - Processing /home/ubuntu/airflow-venv/lib/python3.12/site-packages/airflow/example_dags/example_sensors.py took 0.117 seconds
[2025-01-28T03:45:18.546+0000] {processor.py:186} INFO - Started process (PID=9925) to work on /home/ubuntu/airflow-venv/lib/python3.12/site-packages/airflow/example_dags/example_sensors.py
[2025-01-28T03:45:18.547+0000] {processor.py:914} INFO - Processing file /home/ubuntu/airflow-venv/lib/python3.12/site-packages/airflow/example_dags/example_sensors.py for tasks to queue
[2025-01-28T03:45:18.549+0000] {logging_mixin.py:190} INFO - [2025-01-28T03:45:18.549+0000] {dagbag.py:588} INFO - Filling up the DagBag from /home/ubuntu/airflow-venv/lib/python3.12/site-packages/airflow/example_dags/example_sensors.py
[2025-01-28T03:45:18.560+0000] {processor.py:925} INFO - DAG(s) 'example_sensors' retrieved from /home/ubuntu/airflow-venv/lib/python3.12/site-packages/airflow/example_dags/example_sensors.py
[2025-01-28T03:45:18.580+0000] {logging_mixin.py:190} INFO - [2025-01-28T03:45:18.580+0000] {dag.py:3239} INFO - Sync 1 DAGs
[2025-01-28T03:45:18.591+0000] {logging_mixin.py:190} INFO - [2025-01-28T03:45:18.591+0000] {dag.py:4180} INFO - Setting next_dagrun for example_sensors to None, run_after=None
[2025-01-28T03:45:18.613+0000] {processor.py:208} INFO - Processing /home/ubuntu/airflow-venv/lib/python3.12/site-packages/airflow/example_dags/example_sensors.py took 0.072 seconds
[2025-01-28T03:46:11.320+0000] {processor.py:186} INFO - Started process (PID=9979) to work on /home/ubuntu/airflow-venv/lib/python3.12/site-packages/airflow/example_dags/example_sensors.py
[2025-01-28T03:46:11.321+0000] {processor.py:914} INFO - Processing file /home/ubuntu/airflow-venv/lib/python3.12/site-packages/airflow/example_dags/example_sensors.py for tasks to queue
[2025-01-28T03:46:11.323+0000] {logging_mixin.py:190} INFO - [2025-01-28T03:46:11.323+0000] {dagbag.py:588} INFO - Filling up the DagBag from /home/ubuntu/airflow-venv/lib/python3.12/site-packages/airflow/example_dags/example_sensors.py
[2025-01-28T03:46:11.334+0000] {processor.py:925} INFO - DAG(s) 'example_sensors' retrieved from /home/ubuntu/airflow-venv/lib/python3.12/site-packages/airflow/example_dags/example_sensors.py
[2025-01-28T03:46:11.353+0000] {logging_mixin.py:190} INFO - [2025-01-28T03:46:11.353+0000] {dag.py:3239} INFO - Sync 1 DAGs
[2025-01-28T03:46:11.368+0000] {logging_mixin.py:190} INFO - [2025-01-28T03:46:11.367+0000] {dag.py:4180} INFO - Setting next_dagrun for example_sensors to None, run_after=None
[2025-01-28T03:46:11.398+0000] {processor.py:208} INFO - Processing /home/ubuntu/airflow-venv/lib/python3.12/site-packages/airflow/example_dags/example_sensors.py took 0.083 seconds
[2025-01-28T03:47:04.797+0000] {processor.py:186} INFO - Started process (PID=10033) to work on /home/ubuntu/airflow-venv/lib/python3.12/site-packages/airflow/example_dags/example_sensors.py
[2025-01-28T03:47:04.799+0000] {processor.py:914} INFO - Processing file /home/ubuntu/airflow-venv/lib/python3.12/site-packages/airflow/example_dags/example_sensors.py for tasks to queue
[2025-01-28T03:47:04.801+0000] {logging_mixin.py:190} INFO - [2025-01-28T03:47:04.800+0000] {dagbag.py:588} INFO - Filling up the DagBag from /home/ubuntu/airflow-venv/lib/python3.12/site-packages/airflow/example_dags/example_sensors.py
[2025-01-28T03:47:04.812+0000] {processor.py:925} INFO - DAG(s) 'example_sensors' retrieved from /home/ubuntu/airflow-venv/lib/python3.12/site-packages/airflow/example_dags/example_sensors.py
[2025-01-28T03:47:04.831+0000] {logging_mixin.py:190} INFO - [2025-01-28T03:47:04.831+0000] {dag.py:3239} INFO - Sync 1 DAGs
[2025-01-28T03:47:04.842+0000] {logging_mixin.py:190} INFO - [2025-01-28T03:47:04.842+0000] {dag.py:4180} INFO - Setting next_dagrun for example_sensors to None, run_after=None
[2025-01-28T03:47:04.866+0000] {processor.py:208} INFO - Processing /home/ubuntu/airflow-venv/lib/python3.12/site-packages/airflow/example_dags/example_sensors.py took 0.074 seconds
[2025-01-28T03:47:55.328+0000] {processor.py:186} INFO - Started process (PID=10085) to work on /home/ubuntu/airflow-venv/lib/python3.12/site-packages/airflow/example_dags/example_sensors.py
[2025-01-28T03:47:55.330+0000] {processor.py:914} INFO - Processing file /home/ubuntu/airflow-venv/lib/python3.12/site-packages/airflow/example_dags/example_sensors.py for tasks to queue
[2025-01-28T03:47:55.332+0000] {logging_mixin.py:190} INFO - [2025-01-28T03:47:55.332+0000] {dagbag.py:588} INFO - Filling up the DagBag from /home/ubuntu/airflow-venv/lib/python3.12/site-packages/airflow/example_dags/example_sensors.py
[2025-01-28T03:47:55.344+0000] {processor.py:925} INFO - DAG(s) 'example_sensors' retrieved from /home/ubuntu/airflow-venv/lib/python3.12/site-packages/airflow/example_dags/example_sensors.py
[2025-01-28T03:47:55.364+0000] {logging_mixin.py:190} INFO - [2025-01-28T03:47:55.363+0000] {dag.py:3239} INFO - Sync 1 DAGs
[2025-01-28T03:47:55.374+0000] {logging_mixin.py:190} INFO - [2025-01-28T03:47:55.374+0000] {dag.py:4180} INFO - Setting next_dagrun for example_sensors to None, run_after=None
[2025-01-28T03:47:55.396+0000] {processor.py:208} INFO - Processing /home/ubuntu/airflow-venv/lib/python3.12/site-packages/airflow/example_dags/example_sensors.py took 0.073 seconds
[2025-01-28T03:48:46.683+0000] {processor.py:186} INFO - Started process (PID=10140) to work on /home/ubuntu/airflow-venv/lib/python3.12/site-packages/airflow/example_dags/example_sensors.py
[2025-01-28T03:48:46.684+0000] {processor.py:914} INFO - Processing file /home/ubuntu/airflow-venv/lib/python3.12/site-packages/airflow/example_dags/example_sensors.py for tasks to queue
[2025-01-28T03:48:46.686+0000] {logging_mixin.py:190} INFO - [2025-01-28T03:48:46.686+0000] {dagbag.py:588} INFO - Filling up the DagBag from /home/ubuntu/airflow-venv/lib/python3.12/site-packages/airflow/example_dags/example_sensors.py
[2025-01-28T03:48:46.697+0000] {processor.py:925} INFO - DAG(s) 'example_sensors' retrieved from /home/ubuntu/airflow-venv/lib/python3.12/site-packages/airflow/example_dags/example_sensors.py
[2025-01-28T03:48:46.716+0000] {logging_mixin.py:190} INFO - [2025-01-28T03:48:46.716+0000] {dag.py:3239} INFO - Sync 1 DAGs
[2025-01-28T03:48:46.727+0000] {logging_mixin.py:190} INFO - [2025-01-28T03:48:46.727+0000] {dag.py:4180} INFO - Setting next_dagrun for example_sensors to None, run_after=None
[2025-01-28T03:48:46.750+0000] {processor.py:208} INFO - Processing /home/ubuntu/airflow-venv/lib/python3.12/site-packages/airflow/example_dags/example_sensors.py took 0.073 seconds
[2025-01-28T03:49:36.643+0000] {processor.py:186} INFO - Started process (PID=10192) to work on /home/ubuntu/airflow-venv/lib/python3.12/site-packages/airflow/example_dags/example_sensors.py
[2025-01-28T03:49:36.645+0000] {processor.py:914} INFO - Processing file /home/ubuntu/airflow-venv/lib/python3.12/site-packages/airflow/example_dags/example_sensors.py for tasks to queue
[2025-01-28T03:49:36.647+0000] {logging_mixin.py:190} INFO - [2025-01-28T03:49:36.647+0000] {dagbag.py:588} INFO - Filling up the DagBag from /home/ubuntu/airflow-venv/lib/python3.12/site-packages/airflow/example_dags/example_sensors.py
[2025-01-28T03:49:36.657+0000] {processor.py:925} INFO - DAG(s) 'example_sensors' retrieved from /home/ubuntu/airflow-venv/lib/python3.12/site-packages/airflow/example_dags/example_sensors.py
[2025-01-28T03:49:36.678+0000] {logging_mixin.py:190} INFO - [2025-01-28T03:49:36.678+0000] {dag.py:3239} INFO - Sync 1 DAGs
[2025-01-28T03:49:36.688+0000] {logging_mixin.py:190} INFO - [2025-01-28T03:49:36.688+0000] {dag.py:4180} INFO - Setting next_dagrun for example_sensors to None, run_after=None
[2025-01-28T03:49:36.711+0000] {processor.py:208} INFO - Processing /home/ubuntu/airflow-venv/lib/python3.12/site-packages/airflow/example_dags/example_sensors.py took 0.073 seconds
[2025-01-28T05:55:18.759+0000] {processor.py:186} INFO - Started process (PID=1910) to work on /home/ubuntu/.local/lib/python3.12/site-packages/airflow/example_dags/example_sensors.py
[2025-01-28T05:55:18.762+0000] {processor.py:914} INFO - Processing file /home/ubuntu/.local/lib/python3.12/site-packages/airflow/example_dags/example_sensors.py for tasks to queue
[2025-01-28T05:55:18.765+0000] {logging_mixin.py:190} INFO - [2025-01-28T05:55:18.764+0000] {dagbag.py:588} INFO - Filling up the DagBag from /home/ubuntu/.local/lib/python3.12/site-packages/airflow/example_dags/example_sensors.py
[2025-01-28T05:55:18.776+0000] {processor.py:925} INFO - DAG(s) 'example_sensors' retrieved from /home/ubuntu/.local/lib/python3.12/site-packages/airflow/example_dags/example_sensors.py
[2025-01-28T05:55:18.874+0000] {logging_mixin.py:190} INFO - [2025-01-28T05:55:18.873+0000] {dag.py:3239} INFO - Sync 1 DAGs
[2025-01-28T05:55:18.897+0000] {logging_mixin.py:190} INFO - [2025-01-28T05:55:18.897+0000] {dag.py:4180} INFO - Setting next_dagrun for example_sensors to None, run_after=None
[2025-01-28T05:55:18.938+0000] {processor.py:208} INFO - Processing /home/ubuntu/.local/lib/python3.12/site-packages/airflow/example_dags/example_sensors.py took 0.184 seconds
[2025-01-28T05:56:17.750+0000] {processor.py:186} INFO - Started process (PID=1969) to work on /home/ubuntu/.local/lib/python3.12/site-packages/airflow/example_dags/example_sensors.py
[2025-01-28T05:56:17.752+0000] {processor.py:914} INFO - Processing file /home/ubuntu/.local/lib/python3.12/site-packages/airflow/example_dags/example_sensors.py for tasks to queue
[2025-01-28T05:56:17.754+0000] {logging_mixin.py:190} INFO - [2025-01-28T05:56:17.753+0000] {dagbag.py:588} INFO - Filling up the DagBag from /home/ubuntu/.local/lib/python3.12/site-packages/airflow/example_dags/example_sensors.py
[2025-01-28T05:56:17.765+0000] {processor.py:925} INFO - DAG(s) 'example_sensors' retrieved from /home/ubuntu/.local/lib/python3.12/site-packages/airflow/example_dags/example_sensors.py
[2025-01-28T05:56:17.784+0000] {logging_mixin.py:190} INFO - [2025-01-28T05:56:17.783+0000] {dag.py:3239} INFO - Sync 1 DAGs
[2025-01-28T05:56:17.794+0000] {logging_mixin.py:190} INFO - [2025-01-28T05:56:17.794+0000] {dag.py:4180} INFO - Setting next_dagrun for example_sensors to None, run_after=None
[2025-01-28T05:56:17.816+0000] {processor.py:208} INFO - Processing /home/ubuntu/.local/lib/python3.12/site-packages/airflow/example_dags/example_sensors.py took 0.071 seconds
[2025-01-28T05:57:14.138+0000] {processor.py:186} INFO - Started process (PID=2057) to work on /home/ubuntu/.local/lib/python3.12/site-packages/airflow/example_dags/example_sensors.py
[2025-01-28T05:57:14.140+0000] {processor.py:914} INFO - Processing file /home/ubuntu/.local/lib/python3.12/site-packages/airflow/example_dags/example_sensors.py for tasks to queue
[2025-01-28T05:57:14.142+0000] {logging_mixin.py:190} INFO - [2025-01-28T05:57:14.141+0000] {dagbag.py:588} INFO - Filling up the DagBag from /home/ubuntu/.local/lib/python3.12/site-packages/airflow/example_dags/example_sensors.py
[2025-01-28T05:57:14.153+0000] {processor.py:925} INFO - DAG(s) 'example_sensors' retrieved from /home/ubuntu/.local/lib/python3.12/site-packages/airflow/example_dags/example_sensors.py
[2025-01-28T05:57:14.173+0000] {logging_mixin.py:190} INFO - [2025-01-28T05:57:14.173+0000] {dag.py:3239} INFO - Sync 1 DAGs
[2025-01-28T05:57:14.184+0000] {logging_mixin.py:190} INFO - [2025-01-28T05:57:14.184+0000] {dag.py:4180} INFO - Setting next_dagrun for example_sensors to None, run_after=None
[2025-01-28T05:57:14.207+0000] {processor.py:208} INFO - Processing /home/ubuntu/.local/lib/python3.12/site-packages/airflow/example_dags/example_sensors.py took 0.074 seconds
[2025-01-28T05:58:08.779+0000] {processor.py:186} INFO - Started process (PID=2116) to work on /home/ubuntu/.local/lib/python3.12/site-packages/airflow/example_dags/example_sensors.py
[2025-01-28T05:58:08.782+0000] {processor.py:914} INFO - Processing file /home/ubuntu/.local/lib/python3.12/site-packages/airflow/example_dags/example_sensors.py for tasks to queue
[2025-01-28T05:58:08.785+0000] {logging_mixin.py:190} INFO - [2025-01-28T05:58:08.785+0000] {dagbag.py:588} INFO - Filling up the DagBag from /home/ubuntu/.local/lib/python3.12/site-packages/airflow/example_dags/example_sensors.py
[2025-01-28T05:58:08.796+0000] {processor.py:925} INFO - DAG(s) 'example_sensors' retrieved from /home/ubuntu/.local/lib/python3.12/site-packages/airflow/example_dags/example_sensors.py
[2025-01-28T05:58:08.816+0000] {logging_mixin.py:190} INFO - [2025-01-28T05:58:08.816+0000] {dag.py:3239} INFO - Sync 1 DAGs
[2025-01-28T05:58:08.827+0000] {logging_mixin.py:190} INFO - [2025-01-28T05:58:08.827+0000] {dag.py:4180} INFO - Setting next_dagrun for example_sensors to None, run_after=None
[2025-01-28T05:58:08.850+0000] {processor.py:208} INFO - Processing /home/ubuntu/.local/lib/python3.12/site-packages/airflow/example_dags/example_sensors.py took 0.075 seconds
[2025-01-28T05:59:04.223+0000] {processor.py:186} INFO - Started process (PID=2173) to work on /home/ubuntu/.local/lib/python3.12/site-packages/airflow/example_dags/example_sensors.py
[2025-01-28T05:59:04.224+0000] {processor.py:914} INFO - Processing file /home/ubuntu/.local/lib/python3.12/site-packages/airflow/example_dags/example_sensors.py for tasks to queue
[2025-01-28T05:59:04.227+0000] {logging_mixin.py:190} INFO - [2025-01-28T05:59:04.227+0000] {dagbag.py:588} INFO - Filling up the DagBag from /home/ubuntu/.local/lib/python3.12/site-packages/airflow/example_dags/example_sensors.py
[2025-01-28T05:59:04.238+0000] {processor.py:925} INFO - DAG(s) 'example_sensors' retrieved from /home/ubuntu/.local/lib/python3.12/site-packages/airflow/example_dags/example_sensors.py
[2025-01-28T05:59:04.258+0000] {logging_mixin.py:190} INFO - [2025-01-28T05:59:04.258+0000] {dag.py:3239} INFO - Sync 1 DAGs
[2025-01-28T05:59:04.269+0000] {logging_mixin.py:190} INFO - [2025-01-28T05:59:04.269+0000] {dag.py:4180} INFO - Setting next_dagrun for example_sensors to None, run_after=None
[2025-01-28T05:59:04.294+0000] {processor.py:208} INFO - Processing /home/ubuntu/.local/lib/python3.12/site-packages/airflow/example_dags/example_sensors.py took 0.077 seconds
[2025-01-28T05:59:59.627+0000] {processor.py:186} INFO - Started process (PID=2230) to work on /home/ubuntu/.local/lib/python3.12/site-packages/airflow/example_dags/example_sensors.py
[2025-01-28T05:59:59.628+0000] {processor.py:914} INFO - Processing file /home/ubuntu/.local/lib/python3.12/site-packages/airflow/example_dags/example_sensors.py for tasks to queue
[2025-01-28T05:59:59.630+0000] {logging_mixin.py:190} INFO - [2025-01-28T05:59:59.630+0000] {dagbag.py:588} INFO - Filling up the DagBag from /home/ubuntu/.local/lib/python3.12/site-packages/airflow/example_dags/example_sensors.py
[2025-01-28T05:59:59.641+0000] {processor.py:925} INFO - DAG(s) 'example_sensors' retrieved from /home/ubuntu/.local/lib/python3.12/site-packages/airflow/example_dags/example_sensors.py
[2025-01-28T05:59:59.662+0000] {logging_mixin.py:190} INFO - [2025-01-28T05:59:59.662+0000] {dag.py:3239} INFO - Sync 1 DAGs
[2025-01-28T05:59:59.673+0000] {logging_mixin.py:190} INFO - [2025-01-28T05:59:59.673+0000] {dag.py:4180} INFO - Setting next_dagrun for example_sensors to None, run_after=None
[2025-01-28T05:59:59.695+0000] {processor.py:208} INFO - Processing /home/ubuntu/.local/lib/python3.12/site-packages/airflow/example_dags/example_sensors.py took 0.073 seconds
[2025-01-28T06:00:54.243+0000] {processor.py:186} INFO - Started process (PID=2290) to work on /home/ubuntu/.local/lib/python3.12/site-packages/airflow/example_dags/example_sensors.py
[2025-01-28T06:00:54.246+0000] {processor.py:914} INFO - Processing file /home/ubuntu/.local/lib/python3.12/site-packages/airflow/example_dags/example_sensors.py for tasks to queue
[2025-01-28T06:00:54.247+0000] {logging_mixin.py:190} INFO - [2025-01-28T06:00:54.247+0000] {dagbag.py:588} INFO - Filling up the DagBag from /home/ubuntu/.local/lib/python3.12/site-packages/airflow/example_dags/example_sensors.py
[2025-01-28T06:00:54.258+0000] {processor.py:925} INFO - DAG(s) 'example_sensors' retrieved from /home/ubuntu/.local/lib/python3.12/site-packages/airflow/example_dags/example_sensors.py
[2025-01-28T06:00:54.278+0000] {logging_mixin.py:190} INFO - [2025-01-28T06:00:54.277+0000] {dag.py:3239} INFO - Sync 1 DAGs
[2025-01-28T06:00:54.289+0000] {logging_mixin.py:190} INFO - [2025-01-28T06:00:54.288+0000] {dag.py:4180} INFO - Setting next_dagrun for example_sensors to None, run_after=None
[2025-01-28T06:00:54.311+0000] {processor.py:208} INFO - Processing /home/ubuntu/.local/lib/python3.12/site-packages/airflow/example_dags/example_sensors.py took 0.074 seconds
[2025-01-28T06:01:46.433+0000] {processor.py:186} INFO - Started process (PID=2347) to work on /home/ubuntu/.local/lib/python3.12/site-packages/airflow/example_dags/example_sensors.py
[2025-01-28T06:01:46.435+0000] {processor.py:914} INFO - Processing file /home/ubuntu/.local/lib/python3.12/site-packages/airflow/example_dags/example_sensors.py for tasks to queue
[2025-01-28T06:01:46.437+0000] {logging_mixin.py:190} INFO - [2025-01-28T06:01:46.437+0000] {dagbag.py:588} INFO - Filling up the DagBag from /home/ubuntu/.local/lib/python3.12/site-packages/airflow/example_dags/example_sensors.py
[2025-01-28T06:01:46.448+0000] {processor.py:925} INFO - DAG(s) 'example_sensors' retrieved from /home/ubuntu/.local/lib/python3.12/site-packages/airflow/example_dags/example_sensors.py
[2025-01-28T06:01:46.474+0000] {logging_mixin.py:190} INFO - [2025-01-28T06:01:46.474+0000] {dag.py:3239} INFO - Sync 1 DAGs
[2025-01-28T06:01:46.486+0000] {logging_mixin.py:190} INFO - [2025-01-28T06:01:46.485+0000] {dag.py:4180} INFO - Setting next_dagrun for example_sensors to None, run_after=None
[2025-01-28T06:01:46.508+0000] {processor.py:208} INFO - Processing /home/ubuntu/.local/lib/python3.12/site-packages/airflow/example_dags/example_sensors.py took 0.080 seconds
[2025-01-28T06:02:37.132+0000] {processor.py:186} INFO - Started process (PID=2414) to work on /home/ubuntu/.local/lib/python3.12/site-packages/airflow/example_dags/example_sensors.py
[2025-01-28T06:02:37.133+0000] {processor.py:914} INFO - Processing file /home/ubuntu/.local/lib/python3.12/site-packages/airflow/example_dags/example_sensors.py for tasks to queue
[2025-01-28T06:02:37.135+0000] {logging_mixin.py:190} INFO - [2025-01-28T06:02:37.135+0000] {dagbag.py:588} INFO - Filling up the DagBag from /home/ubuntu/.local/lib/python3.12/site-packages/airflow/example_dags/example_sensors.py
[2025-01-28T06:02:37.146+0000] {processor.py:925} INFO - DAG(s) 'example_sensors' retrieved from /home/ubuntu/.local/lib/python3.12/site-packages/airflow/example_dags/example_sensors.py
[2025-01-28T06:02:37.167+0000] {logging_mixin.py:190} INFO - [2025-01-28T06:02:37.166+0000] {dag.py:3239} INFO - Sync 1 DAGs
[2025-01-28T06:02:37.178+0000] {logging_mixin.py:190} INFO - [2025-01-28T06:02:37.178+0000] {dag.py:4180} INFO - Setting next_dagrun for example_sensors to None, run_after=None
[2025-01-28T06:02:37.200+0000] {processor.py:208} INFO - Processing /home/ubuntu/.local/lib/python3.12/site-packages/airflow/example_dags/example_sensors.py took 0.074 seconds
[2025-01-28T06:03:31.118+0000] {processor.py:186} INFO - Started process (PID=2470) to work on /home/ubuntu/.local/lib/python3.12/site-packages/airflow/example_dags/example_sensors.py
[2025-01-28T06:03:31.119+0000] {processor.py:914} INFO - Processing file /home/ubuntu/.local/lib/python3.12/site-packages/airflow/example_dags/example_sensors.py for tasks to queue
[2025-01-28T06:03:31.121+0000] {logging_mixin.py:190} INFO - [2025-01-28T06:03:31.121+0000] {dagbag.py:588} INFO - Filling up the DagBag from /home/ubuntu/.local/lib/python3.12/site-packages/airflow/example_dags/example_sensors.py
[2025-01-28T06:03:31.132+0000] {processor.py:925} INFO - DAG(s) 'example_sensors' retrieved from /home/ubuntu/.local/lib/python3.12/site-packages/airflow/example_dags/example_sensors.py
[2025-01-28T06:03:31.153+0000] {logging_mixin.py:190} INFO - [2025-01-28T06:03:31.153+0000] {dag.py:3239} INFO - Sync 1 DAGs
[2025-01-28T06:03:31.164+0000] {logging_mixin.py:190} INFO - [2025-01-28T06:03:31.164+0000] {dag.py:4180} INFO - Setting next_dagrun for example_sensors to None, run_after=None
[2025-01-28T06:03:31.188+0000] {processor.py:208} INFO - Processing /home/ubuntu/.local/lib/python3.12/site-packages/airflow/example_dags/example_sensors.py took 0.076 seconds
[2025-01-28T06:04:37.221+0000] {processor.py:186} INFO - Started process (PID=2541) to work on /home/ubuntu/.local/lib/python3.12/site-packages/airflow/example_dags/example_sensors.py
[2025-01-28T06:04:37.223+0000] {processor.py:914} INFO - Processing file /home/ubuntu/.local/lib/python3.12/site-packages/airflow/example_dags/example_sensors.py for tasks to queue
[2025-01-28T06:04:37.226+0000] {logging_mixin.py:190} INFO - [2025-01-28T06:04:37.226+0000] {dagbag.py:588} INFO - Filling up the DagBag from /home/ubuntu/.local/lib/python3.12/site-packages/airflow/example_dags/example_sensors.py
[2025-01-28T06:04:37.236+0000] {processor.py:925} INFO - DAG(s) 'example_sensors' retrieved from /home/ubuntu/.local/lib/python3.12/site-packages/airflow/example_dags/example_sensors.py
[2025-01-28T06:04:37.257+0000] {logging_mixin.py:190} INFO - [2025-01-28T06:04:37.257+0000] {dag.py:3239} INFO - Sync 1 DAGs
[2025-01-28T06:04:37.269+0000] {logging_mixin.py:190} INFO - [2025-01-28T06:04:37.268+0000] {dag.py:4180} INFO - Setting next_dagrun for example_sensors to None, run_after=None
[2025-01-28T06:04:37.294+0000] {processor.py:208} INFO - Processing /home/ubuntu/.local/lib/python3.12/site-packages/airflow/example_dags/example_sensors.py took 0.077 seconds
[2025-01-28T06:05:34.029+0000] {processor.py:186} INFO - Started process (PID=2603) to work on /home/ubuntu/.local/lib/python3.12/site-packages/airflow/example_dags/example_sensors.py
[2025-01-28T06:05:34.031+0000] {processor.py:914} INFO - Processing file /home/ubuntu/.local/lib/python3.12/site-packages/airflow/example_dags/example_sensors.py for tasks to queue
[2025-01-28T06:05:34.033+0000] {logging_mixin.py:190} INFO - [2025-01-28T06:05:34.033+0000] {dagbag.py:588} INFO - Filling up the DagBag from /home/ubuntu/.local/lib/python3.12/site-packages/airflow/example_dags/example_sensors.py
[2025-01-28T06:05:34.044+0000] {processor.py:925} INFO - DAG(s) 'example_sensors' retrieved from /home/ubuntu/.local/lib/python3.12/site-packages/airflow/example_dags/example_sensors.py
[2025-01-28T06:05:34.064+0000] {logging_mixin.py:190} INFO - [2025-01-28T06:05:34.064+0000] {dag.py:3239} INFO - Sync 1 DAGs
[2025-01-28T06:05:34.075+0000] {logging_mixin.py:190} INFO - [2025-01-28T06:05:34.075+0000] {dag.py:4180} INFO - Setting next_dagrun for example_sensors to None, run_after=None
[2025-01-28T06:05:34.099+0000] {processor.py:208} INFO - Processing /home/ubuntu/.local/lib/python3.12/site-packages/airflow/example_dags/example_sensors.py took 0.075 seconds
[2025-01-28T06:06:47.901+0000] {processor.py:186} INFO - Started process (PID=2690) to work on /home/ubuntu/.local/lib/python3.12/site-packages/airflow/example_dags/example_sensors.py
[2025-01-28T06:06:47.903+0000] {processor.py:914} INFO - Processing file /home/ubuntu/.local/lib/python3.12/site-packages/airflow/example_dags/example_sensors.py for tasks to queue
[2025-01-28T06:06:47.905+0000] {logging_mixin.py:190} INFO - [2025-01-28T06:06:47.905+0000] {dagbag.py:588} INFO - Filling up the DagBag from /home/ubuntu/.local/lib/python3.12/site-packages/airflow/example_dags/example_sensors.py
[2025-01-28T06:06:47.916+0000] {processor.py:925} INFO - DAG(s) 'example_sensors' retrieved from /home/ubuntu/.local/lib/python3.12/site-packages/airflow/example_dags/example_sensors.py
[2025-01-28T06:06:47.935+0000] {logging_mixin.py:190} INFO - [2025-01-28T06:06:47.935+0000] {dag.py:3239} INFO - Sync 1 DAGs
[2025-01-28T06:06:47.946+0000] {logging_mixin.py:190} INFO - [2025-01-28T06:06:47.946+0000] {dag.py:4180} INFO - Setting next_dagrun for example_sensors to None, run_after=None
[2025-01-28T06:06:47.968+0000] {processor.py:208} INFO - Processing /home/ubuntu/.local/lib/python3.12/site-packages/airflow/example_dags/example_sensors.py took 0.072 seconds
[2025-01-28T06:07:46.996+0000] {processor.py:186} INFO - Started process (PID=2754) to work on /home/ubuntu/.local/lib/python3.12/site-packages/airflow/example_dags/example_sensors.py
[2025-01-28T06:07:46.998+0000] {processor.py:914} INFO - Processing file /home/ubuntu/.local/lib/python3.12/site-packages/airflow/example_dags/example_sensors.py for tasks to queue
[2025-01-28T06:07:47.000+0000] {logging_mixin.py:190} INFO - [2025-01-28T06:07:47.000+0000] {dagbag.py:588} INFO - Filling up the DagBag from /home/ubuntu/.local/lib/python3.12/site-packages/airflow/example_dags/example_sensors.py
[2025-01-28T06:07:47.011+0000] {processor.py:925} INFO - DAG(s) 'example_sensors' retrieved from /home/ubuntu/.local/lib/python3.12/site-packages/airflow/example_dags/example_sensors.py
[2025-01-28T06:07:47.032+0000] {logging_mixin.py:190} INFO - [2025-01-28T06:07:47.032+0000] {dag.py:3239} INFO - Sync 1 DAGs
[2025-01-28T06:07:47.044+0000] {logging_mixin.py:190} INFO - [2025-01-28T06:07:47.044+0000] {dag.py:4180} INFO - Setting next_dagrun for example_sensors to None, run_after=None
[2025-01-28T06:07:47.067+0000] {processor.py:208} INFO - Processing /home/ubuntu/.local/lib/python3.12/site-packages/airflow/example_dags/example_sensors.py took 0.076 seconds
[2025-01-28T06:08:44.152+0000] {processor.py:186} INFO - Started process (PID=2812) to work on /home/ubuntu/.local/lib/python3.12/site-packages/airflow/example_dags/example_sensors.py
[2025-01-28T06:08:44.154+0000] {processor.py:914} INFO - Processing file /home/ubuntu/.local/lib/python3.12/site-packages/airflow/example_dags/example_sensors.py for tasks to queue
[2025-01-28T06:08:44.156+0000] {logging_mixin.py:190} INFO - [2025-01-28T06:08:44.156+0000] {dagbag.py:588} INFO - Filling up the DagBag from /home/ubuntu/.local/lib/python3.12/site-packages/airflow/example_dags/example_sensors.py
[2025-01-28T06:08:44.168+0000] {processor.py:925} INFO - DAG(s) 'example_sensors' retrieved from /home/ubuntu/.local/lib/python3.12/site-packages/airflow/example_dags/example_sensors.py
[2025-01-28T06:08:44.187+0000] {logging_mixin.py:190} INFO - [2025-01-28T06:08:44.187+0000] {dag.py:3239} INFO - Sync 1 DAGs
[2025-01-28T06:08:44.198+0000] {logging_mixin.py:190} INFO - [2025-01-28T06:08:44.198+0000] {dag.py:4180} INFO - Setting next_dagrun for example_sensors to None, run_after=None
[2025-01-28T06:08:44.226+0000] {processor.py:208} INFO - Processing /home/ubuntu/.local/lib/python3.12/site-packages/airflow/example_dags/example_sensors.py took 0.080 seconds
[2025-01-28T06:09:39.006+0000] {processor.py:186} INFO - Started process (PID=2883) to work on /home/ubuntu/.local/lib/python3.12/site-packages/airflow/example_dags/example_sensors.py
[2025-01-28T06:09:39.008+0000] {processor.py:914} INFO - Processing file /home/ubuntu/.local/lib/python3.12/site-packages/airflow/example_dags/example_sensors.py for tasks to queue
[2025-01-28T06:09:39.010+0000] {logging_mixin.py:190} INFO - [2025-01-28T06:09:39.010+0000] {dagbag.py:588} INFO - Filling up the DagBag from /home/ubuntu/.local/lib/python3.12/site-packages/airflow/example_dags/example_sensors.py
[2025-01-28T06:09:39.022+0000] {processor.py:925} INFO - DAG(s) 'example_sensors' retrieved from /home/ubuntu/.local/lib/python3.12/site-packages/airflow/example_dags/example_sensors.py
[2025-01-28T06:09:39.041+0000] {logging_mixin.py:190} INFO - [2025-01-28T06:09:39.041+0000] {dag.py:3239} INFO - Sync 1 DAGs
[2025-01-28T06:09:39.052+0000] {logging_mixin.py:190} INFO - [2025-01-28T06:09:39.052+0000] {dag.py:4180} INFO - Setting next_dagrun for example_sensors to None, run_after=None
[2025-01-28T06:09:39.075+0000] {processor.py:208} INFO - Processing /home/ubuntu/.local/lib/python3.12/site-packages/airflow/example_dags/example_sensors.py took 0.075 seconds
[2025-01-28T06:10:31.626+0000] {processor.py:186} INFO - Started process (PID=2940) to work on /home/ubuntu/.local/lib/python3.12/site-packages/airflow/example_dags/example_sensors.py
[2025-01-28T06:10:31.628+0000] {processor.py:914} INFO - Processing file /home/ubuntu/.local/lib/python3.12/site-packages/airflow/example_dags/example_sensors.py for tasks to queue
[2025-01-28T06:10:31.630+0000] {logging_mixin.py:190} INFO - [2025-01-28T06:10:31.630+0000] {dagbag.py:588} INFO - Filling up the DagBag from /home/ubuntu/.local/lib/python3.12/site-packages/airflow/example_dags/example_sensors.py
[2025-01-28T06:10:31.641+0000] {processor.py:925} INFO - DAG(s) 'example_sensors' retrieved from /home/ubuntu/.local/lib/python3.12/site-packages/airflow/example_dags/example_sensors.py
[2025-01-28T06:10:31.663+0000] {logging_mixin.py:190} INFO - [2025-01-28T06:10:31.662+0000] {dag.py:3239} INFO - Sync 1 DAGs
[2025-01-28T06:10:31.674+0000] {logging_mixin.py:190} INFO - [2025-01-28T06:10:31.673+0000] {dag.py:4180} INFO - Setting next_dagrun for example_sensors to None, run_after=None
[2025-01-28T06:10:31.697+0000] {processor.py:208} INFO - Processing /home/ubuntu/.local/lib/python3.12/site-packages/airflow/example_dags/example_sensors.py took 0.076 seconds
[2025-01-28T06:11:25.833+0000] {processor.py:186} INFO - Started process (PID=3004) to work on /home/ubuntu/.local/lib/python3.12/site-packages/airflow/example_dags/example_sensors.py
[2025-01-28T06:11:25.835+0000] {processor.py:914} INFO - Processing file /home/ubuntu/.local/lib/python3.12/site-packages/airflow/example_dags/example_sensors.py for tasks to queue
[2025-01-28T06:11:25.837+0000] {logging_mixin.py:190} INFO - [2025-01-28T06:11:25.836+0000] {dagbag.py:588} INFO - Filling up the DagBag from /home/ubuntu/.local/lib/python3.12/site-packages/airflow/example_dags/example_sensors.py
[2025-01-28T06:11:25.848+0000] {processor.py:925} INFO - DAG(s) 'example_sensors' retrieved from /home/ubuntu/.local/lib/python3.12/site-packages/airflow/example_dags/example_sensors.py
[2025-01-28T06:11:25.868+0000] {logging_mixin.py:190} INFO - [2025-01-28T06:11:25.868+0000] {dag.py:3239} INFO - Sync 1 DAGs
[2025-01-28T06:11:25.880+0000] {logging_mixin.py:190} INFO - [2025-01-28T06:11:25.880+0000] {dag.py:4180} INFO - Setting next_dagrun for example_sensors to None, run_after=None
[2025-01-28T06:11:25.903+0000] {processor.py:208} INFO - Processing /home/ubuntu/.local/lib/python3.12/site-packages/airflow/example_dags/example_sensors.py took 0.075 seconds
[2025-01-28T06:12:18.464+0000] {processor.py:186} INFO - Started process (PID=3059) to work on /home/ubuntu/.local/lib/python3.12/site-packages/airflow/example_dags/example_sensors.py
[2025-01-28T06:12:18.466+0000] {processor.py:914} INFO - Processing file /home/ubuntu/.local/lib/python3.12/site-packages/airflow/example_dags/example_sensors.py for tasks to queue
[2025-01-28T06:12:18.468+0000] {logging_mixin.py:190} INFO - [2025-01-28T06:12:18.468+0000] {dagbag.py:588} INFO - Filling up the DagBag from /home/ubuntu/.local/lib/python3.12/site-packages/airflow/example_dags/example_sensors.py
[2025-01-28T06:12:18.479+0000] {processor.py:925} INFO - DAG(s) 'example_sensors' retrieved from /home/ubuntu/.local/lib/python3.12/site-packages/airflow/example_dags/example_sensors.py
[2025-01-28T06:12:18.498+0000] {logging_mixin.py:190} INFO - [2025-01-28T06:12:18.498+0000] {dag.py:3239} INFO - Sync 1 DAGs
[2025-01-28T06:12:18.511+0000] {logging_mixin.py:190} INFO - [2025-01-28T06:12:18.511+0000] {dag.py:4180} INFO - Setting next_dagrun for example_sensors to None, run_after=None
[2025-01-28T06:12:18.539+0000] {processor.py:208} INFO - Processing /home/ubuntu/.local/lib/python3.12/site-packages/airflow/example_dags/example_sensors.py took 0.079 seconds
[2025-01-28T06:13:14.014+0000] {processor.py:186} INFO - Started process (PID=3115) to work on /home/ubuntu/.local/lib/python3.12/site-packages/airflow/example_dags/example_sensors.py
[2025-01-28T06:13:14.016+0000] {processor.py:914} INFO - Processing file /home/ubuntu/.local/lib/python3.12/site-packages/airflow/example_dags/example_sensors.py for tasks to queue
[2025-01-28T06:13:14.019+0000] {logging_mixin.py:190} INFO - [2025-01-28T06:13:14.018+0000] {dagbag.py:588} INFO - Filling up the DagBag from /home/ubuntu/.local/lib/python3.12/site-packages/airflow/example_dags/example_sensors.py
[2025-01-28T06:13:14.030+0000] {processor.py:925} INFO - DAG(s) 'example_sensors' retrieved from /home/ubuntu/.local/lib/python3.12/site-packages/airflow/example_dags/example_sensors.py
[2025-01-28T06:13:14.049+0000] {logging_mixin.py:190} INFO - [2025-01-28T06:13:14.049+0000] {dag.py:3239} INFO - Sync 1 DAGs
[2025-01-28T06:13:14.061+0000] {logging_mixin.py:190} INFO - [2025-01-28T06:13:14.060+0000] {dag.py:4180} INFO - Setting next_dagrun for example_sensors to None, run_after=None
[2025-01-28T06:13:14.083+0000] {processor.py:208} INFO - Processing /home/ubuntu/.local/lib/python3.12/site-packages/airflow/example_dags/example_sensors.py took 0.073 seconds
[2025-01-28T06:14:06.006+0000] {processor.py:186} INFO - Started process (PID=3170) to work on /home/ubuntu/.local/lib/python3.12/site-packages/airflow/example_dags/example_sensors.py
[2025-01-28T06:14:06.008+0000] {processor.py:914} INFO - Processing file /home/ubuntu/.local/lib/python3.12/site-packages/airflow/example_dags/example_sensors.py for tasks to queue
[2025-01-28T06:14:06.010+0000] {logging_mixin.py:190} INFO - [2025-01-28T06:14:06.010+0000] {dagbag.py:588} INFO - Filling up the DagBag from /home/ubuntu/.local/lib/python3.12/site-packages/airflow/example_dags/example_sensors.py
[2025-01-28T06:14:06.021+0000] {processor.py:925} INFO - DAG(s) 'example_sensors' retrieved from /home/ubuntu/.local/lib/python3.12/site-packages/airflow/example_dags/example_sensors.py
[2025-01-28T06:14:06.041+0000] {logging_mixin.py:190} INFO - [2025-01-28T06:14:06.041+0000] {dag.py:3239} INFO - Sync 1 DAGs
[2025-01-28T06:14:06.052+0000] {logging_mixin.py:190} INFO - [2025-01-28T06:14:06.052+0000] {dag.py:4180} INFO - Setting next_dagrun for example_sensors to None, run_after=None
[2025-01-28T06:14:06.076+0000] {processor.py:208} INFO - Processing /home/ubuntu/.local/lib/python3.12/site-packages/airflow/example_dags/example_sensors.py took 0.075 seconds
[2025-01-28T06:14:58.938+0000] {processor.py:186} INFO - Started process (PID=3225) to work on /home/ubuntu/.local/lib/python3.12/site-packages/airflow/example_dags/example_sensors.py
[2025-01-28T06:14:58.940+0000] {processor.py:914} INFO - Processing file /home/ubuntu/.local/lib/python3.12/site-packages/airflow/example_dags/example_sensors.py for tasks to queue
[2025-01-28T06:14:58.943+0000] {logging_mixin.py:190} INFO - [2025-01-28T06:14:58.942+0000] {dagbag.py:588} INFO - Filling up the DagBag from /home/ubuntu/.local/lib/python3.12/site-packages/airflow/example_dags/example_sensors.py
[2025-01-28T06:14:58.953+0000] {processor.py:925} INFO - DAG(s) 'example_sensors' retrieved from /home/ubuntu/.local/lib/python3.12/site-packages/airflow/example_dags/example_sensors.py
[2025-01-28T06:14:58.973+0000] {logging_mixin.py:190} INFO - [2025-01-28T06:14:58.973+0000] {dag.py:3239} INFO - Sync 1 DAGs
[2025-01-28T06:14:58.984+0000] {logging_mixin.py:190} INFO - [2025-01-28T06:14:58.984+0000] {dag.py:4180} INFO - Setting next_dagrun for example_sensors to None, run_after=None
[2025-01-28T06:14:59.006+0000] {processor.py:208} INFO - Processing /home/ubuntu/.local/lib/python3.12/site-packages/airflow/example_dags/example_sensors.py took 0.073 seconds
[2025-01-28T06:15:52.640+0000] {processor.py:186} INFO - Started process (PID=3284) to work on /home/ubuntu/.local/lib/python3.12/site-packages/airflow/example_dags/example_sensors.py
[2025-01-28T06:15:52.642+0000] {processor.py:914} INFO - Processing file /home/ubuntu/.local/lib/python3.12/site-packages/airflow/example_dags/example_sensors.py for tasks to queue
[2025-01-28T06:15:52.644+0000] {logging_mixin.py:190} INFO - [2025-01-28T06:15:52.643+0000] {dagbag.py:588} INFO - Filling up the DagBag from /home/ubuntu/.local/lib/python3.12/site-packages/airflow/example_dags/example_sensors.py
[2025-01-28T06:15:52.655+0000] {processor.py:925} INFO - DAG(s) 'example_sensors' retrieved from /home/ubuntu/.local/lib/python3.12/site-packages/airflow/example_dags/example_sensors.py
[2025-01-28T06:15:52.674+0000] {logging_mixin.py:190} INFO - [2025-01-28T06:15:52.674+0000] {dag.py:3239} INFO - Sync 1 DAGs
[2025-01-28T06:15:52.685+0000] {logging_mixin.py:190} INFO - [2025-01-28T06:15:52.685+0000] {dag.py:4180} INFO - Setting next_dagrun for example_sensors to None, run_after=None
[2025-01-28T06:15:52.707+0000] {processor.py:208} INFO - Processing /home/ubuntu/.local/lib/python3.12/site-packages/airflow/example_dags/example_sensors.py took 0.072 seconds
[2025-01-28T06:16:44.185+0000] {processor.py:186} INFO - Started process (PID=3339) to work on /home/ubuntu/.local/lib/python3.12/site-packages/airflow/example_dags/example_sensors.py
[2025-01-28T06:16:44.187+0000] {processor.py:914} INFO - Processing file /home/ubuntu/.local/lib/python3.12/site-packages/airflow/example_dags/example_sensors.py for tasks to queue
[2025-01-28T06:16:44.188+0000] {logging_mixin.py:190} INFO - [2025-01-28T06:16:44.188+0000] {dagbag.py:588} INFO - Filling up the DagBag from /home/ubuntu/.local/lib/python3.12/site-packages/airflow/example_dags/example_sensors.py
[2025-01-28T06:16:44.199+0000] {processor.py:925} INFO - DAG(s) 'example_sensors' retrieved from /home/ubuntu/.local/lib/python3.12/site-packages/airflow/example_dags/example_sensors.py
[2025-01-28T06:16:44.220+0000] {logging_mixin.py:190} INFO - [2025-01-28T06:16:44.219+0000] {dag.py:3239} INFO - Sync 1 DAGs
[2025-01-28T06:16:44.230+0000] {logging_mixin.py:190} INFO - [2025-01-28T06:16:44.230+0000] {dag.py:4180} INFO - Setting next_dagrun for example_sensors to None, run_after=None
[2025-01-28T06:16:44.253+0000] {processor.py:208} INFO - Processing /home/ubuntu/.local/lib/python3.12/site-packages/airflow/example_dags/example_sensors.py took 0.073 seconds
[2025-01-28T06:17:38.845+0000] {processor.py:186} INFO - Started process (PID=3398) to work on /home/ubuntu/.local/lib/python3.12/site-packages/airflow/example_dags/example_sensors.py
[2025-01-28T06:17:38.847+0000] {processor.py:914} INFO - Processing file /home/ubuntu/.local/lib/python3.12/site-packages/airflow/example_dags/example_sensors.py for tasks to queue
[2025-01-28T06:17:38.849+0000] {logging_mixin.py:190} INFO - [2025-01-28T06:17:38.848+0000] {dagbag.py:588} INFO - Filling up the DagBag from /home/ubuntu/.local/lib/python3.12/site-packages/airflow/example_dags/example_sensors.py
[2025-01-28T06:17:38.861+0000] {processor.py:925} INFO - DAG(s) 'example_sensors' retrieved from /home/ubuntu/.local/lib/python3.12/site-packages/airflow/example_dags/example_sensors.py
[2025-01-28T06:17:38.881+0000] {logging_mixin.py:190} INFO - [2025-01-28T06:17:38.881+0000] {dag.py:3239} INFO - Sync 1 DAGs
[2025-01-28T06:17:38.891+0000] {logging_mixin.py:190} INFO - [2025-01-28T06:17:38.891+0000] {dag.py:4180} INFO - Setting next_dagrun for example_sensors to None, run_after=None
[2025-01-28T06:17:38.914+0000] {processor.py:208} INFO - Processing /home/ubuntu/.local/lib/python3.12/site-packages/airflow/example_dags/example_sensors.py took 0.074 seconds
[2025-01-28T06:18:45.737+0000] {processor.py:186} INFO - Started process (PID=3508) to work on /home/ubuntu/.local/lib/python3.12/site-packages/airflow/example_dags/example_sensors.py
[2025-01-28T06:18:45.738+0000] {processor.py:914} INFO - Processing file /home/ubuntu/.local/lib/python3.12/site-packages/airflow/example_dags/example_sensors.py for tasks to queue
[2025-01-28T06:18:45.741+0000] {logging_mixin.py:190} INFO - [2025-01-28T06:18:45.741+0000] {dagbag.py:588} INFO - Filling up the DagBag from /home/ubuntu/.local/lib/python3.12/site-packages/airflow/example_dags/example_sensors.py
[2025-01-28T06:18:45.752+0000] {processor.py:925} INFO - DAG(s) 'example_sensors' retrieved from /home/ubuntu/.local/lib/python3.12/site-packages/airflow/example_dags/example_sensors.py
[2025-01-28T06:18:45.772+0000] {logging_mixin.py:190} INFO - [2025-01-28T06:18:45.772+0000] {dag.py:3239} INFO - Sync 1 DAGs
[2025-01-28T06:18:45.783+0000] {logging_mixin.py:190} INFO - [2025-01-28T06:18:45.783+0000] {dag.py:4180} INFO - Setting next_dagrun for example_sensors to None, run_after=None
[2025-01-28T06:18:45.806+0000] {processor.py:208} INFO - Processing /home/ubuntu/.local/lib/python3.12/site-packages/airflow/example_dags/example_sensors.py took 0.074 seconds
[2025-01-28T06:19:34.811+0000] {processor.py:186} INFO - Started process (PID=3560) to work on /home/ubuntu/.local/lib/python3.12/site-packages/airflow/example_dags/example_sensors.py
[2025-01-28T06:19:34.812+0000] {processor.py:914} INFO - Processing file /home/ubuntu/.local/lib/python3.12/site-packages/airflow/example_dags/example_sensors.py for tasks to queue
[2025-01-28T06:19:34.815+0000] {logging_mixin.py:190} INFO - [2025-01-28T06:19:34.815+0000] {dagbag.py:588} INFO - Filling up the DagBag from /home/ubuntu/.local/lib/python3.12/site-packages/airflow/example_dags/example_sensors.py
[2025-01-28T06:19:34.826+0000] {processor.py:925} INFO - DAG(s) 'example_sensors' retrieved from /home/ubuntu/.local/lib/python3.12/site-packages/airflow/example_dags/example_sensors.py
[2025-01-28T06:19:34.847+0000] {logging_mixin.py:190} INFO - [2025-01-28T06:19:34.846+0000] {dag.py:3239} INFO - Sync 1 DAGs
[2025-01-28T06:19:34.858+0000] {logging_mixin.py:190} INFO - [2025-01-28T06:19:34.857+0000] {dag.py:4180} INFO - Setting next_dagrun for example_sensors to None, run_after=None
[2025-01-28T06:19:34.882+0000] {processor.py:208} INFO - Processing /home/ubuntu/.local/lib/python3.12/site-packages/airflow/example_dags/example_sensors.py took 0.077 seconds
[2025-01-28T06:20:31.175+0000] {processor.py:186} INFO - Started process (PID=3624) to work on /home/ubuntu/.local/lib/python3.12/site-packages/airflow/example_dags/example_sensors.py
[2025-01-28T06:20:31.177+0000] {processor.py:914} INFO - Processing file /home/ubuntu/.local/lib/python3.12/site-packages/airflow/example_dags/example_sensors.py for tasks to queue
[2025-01-28T06:20:31.179+0000] {logging_mixin.py:190} INFO - [2025-01-28T06:20:31.179+0000] {dagbag.py:588} INFO - Filling up the DagBag from /home/ubuntu/.local/lib/python3.12/site-packages/airflow/example_dags/example_sensors.py
[2025-01-28T06:20:31.190+0000] {processor.py:925} INFO - DAG(s) 'example_sensors' retrieved from /home/ubuntu/.local/lib/python3.12/site-packages/airflow/example_dags/example_sensors.py
[2025-01-28T06:20:31.212+0000] {logging_mixin.py:190} INFO - [2025-01-28T06:20:31.211+0000] {dag.py:3239} INFO - Sync 1 DAGs
[2025-01-28T06:20:31.223+0000] {logging_mixin.py:190} INFO - [2025-01-28T06:20:31.223+0000] {dag.py:4180} INFO - Setting next_dagrun for example_sensors to None, run_after=None
[2025-01-28T06:20:31.245+0000] {processor.py:208} INFO - Processing /home/ubuntu/.local/lib/python3.12/site-packages/airflow/example_dags/example_sensors.py took 0.075 seconds
[2025-01-28T06:21:25.341+0000] {processor.py:186} INFO - Started process (PID=3808) to work on /home/ubuntu/.local/lib/python3.12/site-packages/airflow/example_dags/example_sensors.py
[2025-01-28T06:21:25.343+0000] {processor.py:914} INFO - Processing file /home/ubuntu/.local/lib/python3.12/site-packages/airflow/example_dags/example_sensors.py for tasks to queue
[2025-01-28T06:21:25.345+0000] {logging_mixin.py:190} INFO - [2025-01-28T06:21:25.345+0000] {dagbag.py:588} INFO - Filling up the DagBag from /home/ubuntu/.local/lib/python3.12/site-packages/airflow/example_dags/example_sensors.py
[2025-01-28T06:21:25.356+0000] {processor.py:925} INFO - DAG(s) 'example_sensors' retrieved from /home/ubuntu/.local/lib/python3.12/site-packages/airflow/example_dags/example_sensors.py
[2025-01-28T06:21:25.375+0000] {logging_mixin.py:190} INFO - [2025-01-28T06:21:25.375+0000] {dag.py:3239} INFO - Sync 1 DAGs
[2025-01-28T06:21:25.386+0000] {logging_mixin.py:190} INFO - [2025-01-28T06:21:25.386+0000] {dag.py:4180} INFO - Setting next_dagrun for example_sensors to None, run_after=None
[2025-01-28T06:21:25.407+0000] {processor.py:208} INFO - Processing /home/ubuntu/.local/lib/python3.12/site-packages/airflow/example_dags/example_sensors.py took 0.071 seconds
[2025-01-28T06:22:20.690+0000] {processor.py:186} INFO - Started process (PID=3880) to work on /home/ubuntu/.local/lib/python3.12/site-packages/airflow/example_dags/example_sensors.py
[2025-01-28T06:22:20.693+0000] {processor.py:914} INFO - Processing file /home/ubuntu/.local/lib/python3.12/site-packages/airflow/example_dags/example_sensors.py for tasks to queue
[2025-01-28T06:22:20.695+0000] {logging_mixin.py:190} INFO - [2025-01-28T06:22:20.694+0000] {dagbag.py:588} INFO - Filling up the DagBag from /home/ubuntu/.local/lib/python3.12/site-packages/airflow/example_dags/example_sensors.py
[2025-01-28T06:22:20.706+0000] {processor.py:925} INFO - DAG(s) 'example_sensors' retrieved from /home/ubuntu/.local/lib/python3.12/site-packages/airflow/example_dags/example_sensors.py
[2025-01-28T06:22:20.728+0000] {logging_mixin.py:190} INFO - [2025-01-28T06:22:20.728+0000] {dag.py:3239} INFO - Sync 1 DAGs
[2025-01-28T06:22:20.740+0000] {logging_mixin.py:190} INFO - [2025-01-28T06:22:20.740+0000] {dag.py:4180} INFO - Setting next_dagrun for example_sensors to None, run_after=None
[2025-01-28T06:22:20.763+0000] {processor.py:208} INFO - Processing /home/ubuntu/.local/lib/python3.12/site-packages/airflow/example_dags/example_sensors.py took 0.078 seconds
[2025-01-28T06:23:16.490+0000] {processor.py:186} INFO - Started process (PID=4302) to work on /home/ubuntu/.local/lib/python3.12/site-packages/airflow/example_dags/example_sensors.py
[2025-01-28T06:23:16.492+0000] {processor.py:914} INFO - Processing file /home/ubuntu/.local/lib/python3.12/site-packages/airflow/example_dags/example_sensors.py for tasks to queue
[2025-01-28T06:23:16.494+0000] {logging_mixin.py:190} INFO - [2025-01-28T06:23:16.494+0000] {dagbag.py:588} INFO - Filling up the DagBag from /home/ubuntu/.local/lib/python3.12/site-packages/airflow/example_dags/example_sensors.py
[2025-01-28T06:23:16.506+0000] {processor.py:925} INFO - DAG(s) 'example_sensors' retrieved from /home/ubuntu/.local/lib/python3.12/site-packages/airflow/example_dags/example_sensors.py
[2025-01-28T06:23:16.527+0000] {logging_mixin.py:190} INFO - [2025-01-28T06:23:16.527+0000] {dag.py:3239} INFO - Sync 1 DAGs
[2025-01-28T06:23:16.539+0000] {logging_mixin.py:190} INFO - [2025-01-28T06:23:16.539+0000] {dag.py:4180} INFO - Setting next_dagrun for example_sensors to None, run_after=None
[2025-01-28T06:23:16.561+0000] {processor.py:208} INFO - Processing /home/ubuntu/.local/lib/python3.12/site-packages/airflow/example_dags/example_sensors.py took 0.077 seconds
[2025-01-28T06:24:10.392+0000] {processor.py:186} INFO - Started process (PID=4507) to work on /home/ubuntu/.local/lib/python3.12/site-packages/airflow/example_dags/example_sensors.py
[2025-01-28T06:24:10.393+0000] {processor.py:914} INFO - Processing file /home/ubuntu/.local/lib/python3.12/site-packages/airflow/example_dags/example_sensors.py for tasks to queue
[2025-01-28T06:24:10.395+0000] {logging_mixin.py:190} INFO - [2025-01-28T06:24:10.395+0000] {dagbag.py:588} INFO - Filling up the DagBag from /home/ubuntu/.local/lib/python3.12/site-packages/airflow/example_dags/example_sensors.py
[2025-01-28T06:24:10.406+0000] {processor.py:925} INFO - DAG(s) 'example_sensors' retrieved from /home/ubuntu/.local/lib/python3.12/site-packages/airflow/example_dags/example_sensors.py
[2025-01-28T06:24:10.426+0000] {logging_mixin.py:190} INFO - [2025-01-28T06:24:10.426+0000] {dag.py:3239} INFO - Sync 1 DAGs
[2025-01-28T06:24:10.437+0000] {logging_mixin.py:190} INFO - [2025-01-28T06:24:10.437+0000] {dag.py:4180} INFO - Setting next_dagrun for example_sensors to None, run_after=None
[2025-01-28T06:24:10.457+0000] {processor.py:208} INFO - Processing /home/ubuntu/.local/lib/python3.12/site-packages/airflow/example_dags/example_sensors.py took 0.072 seconds
[2025-01-28T06:25:05.808+0000] {processor.py:186} INFO - Started process (PID=4935) to work on /home/ubuntu/.local/lib/python3.12/site-packages/airflow/example_dags/example_sensors.py
[2025-01-28T06:25:05.810+0000] {processor.py:914} INFO - Processing file /home/ubuntu/.local/lib/python3.12/site-packages/airflow/example_dags/example_sensors.py for tasks to queue
[2025-01-28T06:25:05.812+0000] {logging_mixin.py:190} INFO - [2025-01-28T06:25:05.812+0000] {dagbag.py:588} INFO - Filling up the DagBag from /home/ubuntu/.local/lib/python3.12/site-packages/airflow/example_dags/example_sensors.py
[2025-01-28T06:25:05.822+0000] {processor.py:925} INFO - DAG(s) 'example_sensors' retrieved from /home/ubuntu/.local/lib/python3.12/site-packages/airflow/example_dags/example_sensors.py
[2025-01-28T06:25:05.843+0000] {logging_mixin.py:190} INFO - [2025-01-28T06:25:05.843+0000] {dag.py:3239} INFO - Sync 1 DAGs
[2025-01-28T06:25:05.854+0000] {logging_mixin.py:190} INFO - [2025-01-28T06:25:05.854+0000] {dag.py:4180} INFO - Setting next_dagrun for example_sensors to None, run_after=None
[2025-01-28T06:25:05.874+0000] {processor.py:208} INFO - Processing /home/ubuntu/.local/lib/python3.12/site-packages/airflow/example_dags/example_sensors.py took 0.071 seconds
[2025-01-28T06:25:58.735+0000] {processor.py:186} INFO - Started process (PID=5097) to work on /home/ubuntu/.local/lib/python3.12/site-packages/airflow/example_dags/example_sensors.py
[2025-01-28T06:25:58.736+0000] {processor.py:914} INFO - Processing file /home/ubuntu/.local/lib/python3.12/site-packages/airflow/example_dags/example_sensors.py for tasks to queue
[2025-01-28T06:25:58.738+0000] {logging_mixin.py:190} INFO - [2025-01-28T06:25:58.738+0000] {dagbag.py:588} INFO - Filling up the DagBag from /home/ubuntu/.local/lib/python3.12/site-packages/airflow/example_dags/example_sensors.py
[2025-01-28T06:25:58.749+0000] {processor.py:925} INFO - DAG(s) 'example_sensors' retrieved from /home/ubuntu/.local/lib/python3.12/site-packages/airflow/example_dags/example_sensors.py
[2025-01-28T06:25:58.769+0000] {logging_mixin.py:190} INFO - [2025-01-28T06:25:58.769+0000] {dag.py:3239} INFO - Sync 1 DAGs
[2025-01-28T06:25:58.780+0000] {logging_mixin.py:190} INFO - [2025-01-28T06:25:58.780+0000] {dag.py:4180} INFO - Setting next_dagrun for example_sensors to None, run_after=None
[2025-01-28T06:25:58.800+0000] {processor.py:208} INFO - Processing /home/ubuntu/.local/lib/python3.12/site-packages/airflow/example_dags/example_sensors.py took 0.070 seconds
[2025-01-28T06:26:54.147+0000] {processor.py:186} INFO - Started process (PID=5192) to work on /home/ubuntu/.local/lib/python3.12/site-packages/airflow/example_dags/example_sensors.py
[2025-01-28T06:26:54.149+0000] {processor.py:914} INFO - Processing file /home/ubuntu/.local/lib/python3.12/site-packages/airflow/example_dags/example_sensors.py for tasks to queue
[2025-01-28T06:26:54.151+0000] {logging_mixin.py:190} INFO - [2025-01-28T06:26:54.150+0000] {dagbag.py:588} INFO - Filling up the DagBag from /home/ubuntu/.local/lib/python3.12/site-packages/airflow/example_dags/example_sensors.py
[2025-01-28T06:26:54.164+0000] {processor.py:925} INFO - DAG(s) 'example_sensors' retrieved from /home/ubuntu/.local/lib/python3.12/site-packages/airflow/example_dags/example_sensors.py
[2025-01-28T06:26:54.187+0000] {logging_mixin.py:190} INFO - [2025-01-28T06:26:54.187+0000] {dag.py:3239} INFO - Sync 1 DAGs
[2025-01-28T06:26:54.198+0000] {logging_mixin.py:190} INFO - [2025-01-28T06:26:54.198+0000] {dag.py:4180} INFO - Setting next_dagrun for example_sensors to None, run_after=None
[2025-01-28T06:26:54.216+0000] {processor.py:208} INFO - Processing /home/ubuntu/.local/lib/python3.12/site-packages/airflow/example_dags/example_sensors.py took 0.075 seconds
[2025-01-28T06:27:45.503+0000] {processor.py:186} INFO - Started process (PID=5247) to work on /home/ubuntu/.local/lib/python3.12/site-packages/airflow/example_dags/example_sensors.py
[2025-01-28T06:27:45.504+0000] {processor.py:914} INFO - Processing file /home/ubuntu/.local/lib/python3.12/site-packages/airflow/example_dags/example_sensors.py for tasks to queue
[2025-01-28T06:27:45.506+0000] {logging_mixin.py:190} INFO - [2025-01-28T06:27:45.506+0000] {dagbag.py:588} INFO - Filling up the DagBag from /home/ubuntu/.local/lib/python3.12/site-packages/airflow/example_dags/example_sensors.py
[2025-01-28T06:27:45.517+0000] {processor.py:925} INFO - DAG(s) 'example_sensors' retrieved from /home/ubuntu/.local/lib/python3.12/site-packages/airflow/example_dags/example_sensors.py
[2025-01-28T06:27:45.537+0000] {logging_mixin.py:190} INFO - [2025-01-28T06:27:45.537+0000] {dag.py:3239} INFO - Sync 1 DAGs
[2025-01-28T06:27:45.548+0000] {logging_mixin.py:190} INFO - [2025-01-28T06:27:45.548+0000] {dag.py:4180} INFO - Setting next_dagrun for example_sensors to None, run_after=None
[2025-01-28T06:27:45.567+0000] {processor.py:208} INFO - Processing /home/ubuntu/.local/lib/python3.12/site-packages/airflow/example_dags/example_sensors.py took 0.070 seconds
[2025-01-28T06:28:39.053+0000] {processor.py:186} INFO - Started process (PID=5457) to work on /home/ubuntu/.local/lib/python3.12/site-packages/airflow/example_dags/example_sensors.py
[2025-01-28T06:28:39.055+0000] {processor.py:914} INFO - Processing file /home/ubuntu/.local/lib/python3.12/site-packages/airflow/example_dags/example_sensors.py for tasks to queue
[2025-01-28T06:28:39.057+0000] {logging_mixin.py:190} INFO - [2025-01-28T06:28:39.057+0000] {dagbag.py:588} INFO - Filling up the DagBag from /home/ubuntu/.local/lib/python3.12/site-packages/airflow/example_dags/example_sensors.py
[2025-01-28T06:28:39.068+0000] {processor.py:925} INFO - DAG(s) 'example_sensors' retrieved from /home/ubuntu/.local/lib/python3.12/site-packages/airflow/example_dags/example_sensors.py
[2025-01-28T06:28:39.092+0000] {logging_mixin.py:190} INFO - [2025-01-28T06:28:39.092+0000] {dag.py:3239} INFO - Sync 1 DAGs
[2025-01-28T06:28:39.109+0000] {logging_mixin.py:190} INFO - [2025-01-28T06:28:39.109+0000] {dag.py:4180} INFO - Setting next_dagrun for example_sensors to None, run_after=None
[2025-01-28T06:28:39.133+0000] {processor.py:208} INFO - Processing /home/ubuntu/.local/lib/python3.12/site-packages/airflow/example_dags/example_sensors.py took 0.085 seconds
[2025-01-28T06:29:33.830+0000] {processor.py:186} INFO - Started process (PID=5576) to work on /home/ubuntu/.local/lib/python3.12/site-packages/airflow/example_dags/example_sensors.py
[2025-01-28T06:29:33.831+0000] {processor.py:914} INFO - Processing file /home/ubuntu/.local/lib/python3.12/site-packages/airflow/example_dags/example_sensors.py for tasks to queue
[2025-01-28T06:29:33.834+0000] {logging_mixin.py:190} INFO - [2025-01-28T06:29:33.834+0000] {dagbag.py:588} INFO - Filling up the DagBag from /home/ubuntu/.local/lib/python3.12/site-packages/airflow/example_dags/example_sensors.py
[2025-01-28T06:29:33.849+0000] {processor.py:925} INFO - DAG(s) 'example_sensors' retrieved from /home/ubuntu/.local/lib/python3.12/site-packages/airflow/example_dags/example_sensors.py
[2025-01-28T06:29:33.869+0000] {logging_mixin.py:190} INFO - [2025-01-28T06:29:33.868+0000] {dag.py:3239} INFO - Sync 1 DAGs
[2025-01-28T06:29:33.879+0000] {logging_mixin.py:190} INFO - [2025-01-28T06:29:33.879+0000] {dag.py:4180} INFO - Setting next_dagrun for example_sensors to None, run_after=None
[2025-01-28T06:29:33.902+0000] {processor.py:208} INFO - Processing /home/ubuntu/.local/lib/python3.12/site-packages/airflow/example_dags/example_sensors.py took 0.082 seconds
[2025-01-28T06:30:29.743+0000] {processor.py:186} INFO - Started process (PID=5638) to work on /home/ubuntu/.local/lib/python3.12/site-packages/airflow/example_dags/example_sensors.py
[2025-01-28T06:30:29.744+0000] {processor.py:914} INFO - Processing file /home/ubuntu/.local/lib/python3.12/site-packages/airflow/example_dags/example_sensors.py for tasks to queue
[2025-01-28T06:30:29.746+0000] {logging_mixin.py:190} INFO - [2025-01-28T06:30:29.745+0000] {dagbag.py:588} INFO - Filling up the DagBag from /home/ubuntu/.local/lib/python3.12/site-packages/airflow/example_dags/example_sensors.py
[2025-01-28T06:30:29.757+0000] {processor.py:925} INFO - DAG(s) 'example_sensors' retrieved from /home/ubuntu/.local/lib/python3.12/site-packages/airflow/example_dags/example_sensors.py
[2025-01-28T06:30:29.776+0000] {logging_mixin.py:190} INFO - [2025-01-28T06:30:29.776+0000] {dag.py:3239} INFO - Sync 1 DAGs
[2025-01-28T06:30:29.786+0000] {logging_mixin.py:190} INFO - [2025-01-28T06:30:29.786+0000] {dag.py:4180} INFO - Setting next_dagrun for example_sensors to None, run_after=None
[2025-01-28T06:30:29.810+0000] {processor.py:208} INFO - Processing /home/ubuntu/.local/lib/python3.12/site-packages/airflow/example_dags/example_sensors.py took 0.073 seconds
[2025-01-28T06:31:49.189+0000] {processor.py:186} INFO - Started process (PID=5769) to work on /home/ubuntu/.local/lib/python3.12/site-packages/airflow/example_dags/example_sensors.py
[2025-01-28T06:31:49.192+0000] {processor.py:914} INFO - Processing file /home/ubuntu/.local/lib/python3.12/site-packages/airflow/example_dags/example_sensors.py for tasks to queue
[2025-01-28T06:31:49.194+0000] {logging_mixin.py:190} INFO - [2025-01-28T06:31:49.194+0000] {dagbag.py:588} INFO - Filling up the DagBag from /home/ubuntu/.local/lib/python3.12/site-packages/airflow/example_dags/example_sensors.py
[2025-01-28T06:31:49.204+0000] {processor.py:925} INFO - DAG(s) 'example_sensors' retrieved from /home/ubuntu/.local/lib/python3.12/site-packages/airflow/example_dags/example_sensors.py
[2025-01-28T06:31:49.225+0000] {logging_mixin.py:190} INFO - [2025-01-28T06:31:49.225+0000] {dag.py:3239} INFO - Sync 1 DAGs
[2025-01-28T06:31:49.236+0000] {logging_mixin.py:190} INFO - [2025-01-28T06:31:49.236+0000] {dag.py:4180} INFO - Setting next_dagrun for example_sensors to None, run_after=None
[2025-01-28T06:31:49.258+0000] {processor.py:208} INFO - Processing /home/ubuntu/.local/lib/python3.12/site-packages/airflow/example_dags/example_sensors.py took 0.074 seconds
[2025-01-28T06:32:47.131+0000] {processor.py:186} INFO - Started process (PID=5828) to work on /home/ubuntu/.local/lib/python3.12/site-packages/airflow/example_dags/example_sensors.py
[2025-01-28T06:32:47.134+0000] {processor.py:914} INFO - Processing file /home/ubuntu/.local/lib/python3.12/site-packages/airflow/example_dags/example_sensors.py for tasks to queue
[2025-01-28T06:32:47.136+0000] {logging_mixin.py:190} INFO - [2025-01-28T06:32:47.135+0000] {dagbag.py:588} INFO - Filling up the DagBag from /home/ubuntu/.local/lib/python3.12/site-packages/airflow/example_dags/example_sensors.py
[2025-01-28T06:32:47.147+0000] {processor.py:925} INFO - DAG(s) 'example_sensors' retrieved from /home/ubuntu/.local/lib/python3.12/site-packages/airflow/example_dags/example_sensors.py
[2025-01-28T06:32:47.166+0000] {logging_mixin.py:190} INFO - [2025-01-28T06:32:47.165+0000] {dag.py:3239} INFO - Sync 1 DAGs
[2025-01-28T06:32:47.176+0000] {logging_mixin.py:190} INFO - [2025-01-28T06:32:47.176+0000] {dag.py:4180} INFO - Setting next_dagrun for example_sensors to None, run_after=None
[2025-01-28T06:32:47.201+0000] {processor.py:208} INFO - Processing /home/ubuntu/.local/lib/python3.12/site-packages/airflow/example_dags/example_sensors.py took 0.075 seconds
[2025-01-28T06:33:47.819+0000] {processor.py:186} INFO - Started process (PID=5893) to work on /home/ubuntu/.local/lib/python3.12/site-packages/airflow/example_dags/example_sensors.py
[2025-01-28T06:33:47.821+0000] {processor.py:914} INFO - Processing file /home/ubuntu/.local/lib/python3.12/site-packages/airflow/example_dags/example_sensors.py for tasks to queue
[2025-01-28T06:33:47.823+0000] {logging_mixin.py:190} INFO - [2025-01-28T06:33:47.823+0000] {dagbag.py:588} INFO - Filling up the DagBag from /home/ubuntu/.local/lib/python3.12/site-packages/airflow/example_dags/example_sensors.py
[2025-01-28T06:33:47.840+0000] {processor.py:925} INFO - DAG(s) 'example_sensors' retrieved from /home/ubuntu/.local/lib/python3.12/site-packages/airflow/example_dags/example_sensors.py
[2025-01-28T06:33:47.860+0000] {logging_mixin.py:190} INFO - [2025-01-28T06:33:47.860+0000] {dag.py:3239} INFO - Sync 1 DAGs
[2025-01-28T06:33:47.871+0000] {logging_mixin.py:190} INFO - [2025-01-28T06:33:47.870+0000] {dag.py:4180} INFO - Setting next_dagrun for example_sensors to None, run_after=None
[2025-01-28T06:33:47.894+0000] {processor.py:208} INFO - Processing /home/ubuntu/.local/lib/python3.12/site-packages/airflow/example_dags/example_sensors.py took 0.080 seconds
[2025-01-28T06:34:44.112+0000] {processor.py:186} INFO - Started process (PID=5952) to work on /home/ubuntu/.local/lib/python3.12/site-packages/airflow/example_dags/example_sensors.py
[2025-01-28T06:34:44.114+0000] {processor.py:914} INFO - Processing file /home/ubuntu/.local/lib/python3.12/site-packages/airflow/example_dags/example_sensors.py for tasks to queue
[2025-01-28T06:34:44.116+0000] {logging_mixin.py:190} INFO - [2025-01-28T06:34:44.115+0000] {dagbag.py:588} INFO - Filling up the DagBag from /home/ubuntu/.local/lib/python3.12/site-packages/airflow/example_dags/example_sensors.py
[2025-01-28T06:34:44.127+0000] {processor.py:925} INFO - DAG(s) 'example_sensors' retrieved from /home/ubuntu/.local/lib/python3.12/site-packages/airflow/example_dags/example_sensors.py
[2025-01-28T06:34:44.147+0000] {logging_mixin.py:190} INFO - [2025-01-28T06:34:44.146+0000] {dag.py:3239} INFO - Sync 1 DAGs
[2025-01-28T06:34:44.157+0000] {logging_mixin.py:190} INFO - [2025-01-28T06:34:44.157+0000] {dag.py:4180} INFO - Setting next_dagrun for example_sensors to None, run_after=None
[2025-01-28T06:34:44.182+0000] {processor.py:208} INFO - Processing /home/ubuntu/.local/lib/python3.12/site-packages/airflow/example_dags/example_sensors.py took 0.075 seconds
[2025-01-28T06:35:40.193+0000] {processor.py:186} INFO - Started process (PID=6012) to work on /home/ubuntu/.local/lib/python3.12/site-packages/airflow/example_dags/example_sensors.py
[2025-01-28T06:35:40.195+0000] {processor.py:914} INFO - Processing file /home/ubuntu/.local/lib/python3.12/site-packages/airflow/example_dags/example_sensors.py for tasks to queue
[2025-01-28T06:35:40.197+0000] {logging_mixin.py:190} INFO - [2025-01-28T06:35:40.196+0000] {dagbag.py:588} INFO - Filling up the DagBag from /home/ubuntu/.local/lib/python3.12/site-packages/airflow/example_dags/example_sensors.py
[2025-01-28T06:35:40.208+0000] {processor.py:925} INFO - DAG(s) 'example_sensors' retrieved from /home/ubuntu/.local/lib/python3.12/site-packages/airflow/example_dags/example_sensors.py
[2025-01-28T06:35:40.228+0000] {logging_mixin.py:190} INFO - [2025-01-28T06:35:40.228+0000] {dag.py:3239} INFO - Sync 1 DAGs
[2025-01-28T06:35:40.238+0000] {logging_mixin.py:190} INFO - [2025-01-28T06:35:40.238+0000] {dag.py:4180} INFO - Setting next_dagrun for example_sensors to None, run_after=None
[2025-01-28T06:35:40.260+0000] {processor.py:208} INFO - Processing /home/ubuntu/.local/lib/python3.12/site-packages/airflow/example_dags/example_sensors.py took 0.072 seconds
[2025-01-28T06:36:30.406+0000] {processor.py:186} INFO - Started process (PID=6065) to work on /home/ubuntu/.local/lib/python3.12/site-packages/airflow/example_dags/example_sensors.py
[2025-01-28T06:36:30.408+0000] {processor.py:914} INFO - Processing file /home/ubuntu/.local/lib/python3.12/site-packages/airflow/example_dags/example_sensors.py for tasks to queue
[2025-01-28T06:36:30.410+0000] {logging_mixin.py:190} INFO - [2025-01-28T06:36:30.410+0000] {dagbag.py:588} INFO - Filling up the DagBag from /home/ubuntu/.local/lib/python3.12/site-packages/airflow/example_dags/example_sensors.py
[2025-01-28T06:36:30.420+0000] {processor.py:925} INFO - DAG(s) 'example_sensors' retrieved from /home/ubuntu/.local/lib/python3.12/site-packages/airflow/example_dags/example_sensors.py
[2025-01-28T06:36:30.441+0000] {logging_mixin.py:190} INFO - [2025-01-28T06:36:30.441+0000] {dag.py:3239} INFO - Sync 1 DAGs
[2025-01-28T06:36:30.452+0000] {logging_mixin.py:190} INFO - [2025-01-28T06:36:30.452+0000] {dag.py:4180} INFO - Setting next_dagrun for example_sensors to None, run_after=None
[2025-01-28T06:36:30.476+0000] {processor.py:208} INFO - Processing /home/ubuntu/.local/lib/python3.12/site-packages/airflow/example_dags/example_sensors.py took 0.075 seconds
[2025-01-28T06:37:23.212+0000] {processor.py:186} INFO - Started process (PID=6119) to work on /home/ubuntu/.local/lib/python3.12/site-packages/airflow/example_dags/example_sensors.py
[2025-01-28T06:37:23.213+0000] {processor.py:914} INFO - Processing file /home/ubuntu/.local/lib/python3.12/site-packages/airflow/example_dags/example_sensors.py for tasks to queue
[2025-01-28T06:37:23.215+0000] {logging_mixin.py:190} INFO - [2025-01-28T06:37:23.215+0000] {dagbag.py:588} INFO - Filling up the DagBag from /home/ubuntu/.local/lib/python3.12/site-packages/airflow/example_dags/example_sensors.py
[2025-01-28T06:37:23.226+0000] {processor.py:925} INFO - DAG(s) 'example_sensors' retrieved from /home/ubuntu/.local/lib/python3.12/site-packages/airflow/example_dags/example_sensors.py
[2025-01-28T06:37:23.247+0000] {logging_mixin.py:190} INFO - [2025-01-28T06:37:23.247+0000] {dag.py:3239} INFO - Sync 1 DAGs
[2025-01-28T06:37:23.258+0000] {logging_mixin.py:190} INFO - [2025-01-28T06:37:23.258+0000] {dag.py:4180} INFO - Setting next_dagrun for example_sensors to None, run_after=None
[2025-01-28T06:37:23.280+0000] {processor.py:208} INFO - Processing /home/ubuntu/.local/lib/python3.12/site-packages/airflow/example_dags/example_sensors.py took 0.074 seconds
[2025-01-28T06:38:16.089+0000] {processor.py:186} INFO - Started process (PID=6175) to work on /home/ubuntu/.local/lib/python3.12/site-packages/airflow/example_dags/example_sensors.py
[2025-01-28T06:38:16.091+0000] {processor.py:914} INFO - Processing file /home/ubuntu/.local/lib/python3.12/site-packages/airflow/example_dags/example_sensors.py for tasks to queue
[2025-01-28T06:38:16.093+0000] {logging_mixin.py:190} INFO - [2025-01-28T06:38:16.093+0000] {dagbag.py:588} INFO - Filling up the DagBag from /home/ubuntu/.local/lib/python3.12/site-packages/airflow/example_dags/example_sensors.py
[2025-01-28T06:38:16.104+0000] {processor.py:925} INFO - DAG(s) 'example_sensors' retrieved from /home/ubuntu/.local/lib/python3.12/site-packages/airflow/example_dags/example_sensors.py
[2025-01-28T06:38:16.124+0000] {logging_mixin.py:190} INFO - [2025-01-28T06:38:16.124+0000] {dag.py:3239} INFO - Sync 1 DAGs
[2025-01-28T06:38:16.135+0000] {logging_mixin.py:190} INFO - [2025-01-28T06:38:16.135+0000] {dag.py:4180} INFO - Setting next_dagrun for example_sensors to None, run_after=None
[2025-01-28T06:38:16.159+0000] {processor.py:208} INFO - Processing /home/ubuntu/.local/lib/python3.12/site-packages/airflow/example_dags/example_sensors.py took 0.074 seconds
[2025-01-28T06:39:11.788+0000] {processor.py:186} INFO - Started process (PID=6232) to work on /home/ubuntu/.local/lib/python3.12/site-packages/airflow/example_dags/example_sensors.py
[2025-01-28T06:39:11.790+0000] {processor.py:914} INFO - Processing file /home/ubuntu/.local/lib/python3.12/site-packages/airflow/example_dags/example_sensors.py for tasks to queue
[2025-01-28T06:39:11.792+0000] {logging_mixin.py:190} INFO - [2025-01-28T06:39:11.792+0000] {dagbag.py:588} INFO - Filling up the DagBag from /home/ubuntu/.local/lib/python3.12/site-packages/airflow/example_dags/example_sensors.py
[2025-01-28T06:39:11.803+0000] {processor.py:925} INFO - DAG(s) 'example_sensors' retrieved from /home/ubuntu/.local/lib/python3.12/site-packages/airflow/example_dags/example_sensors.py
[2025-01-28T06:39:11.822+0000] {logging_mixin.py:190} INFO - [2025-01-28T06:39:11.822+0000] {dag.py:3239} INFO - Sync 1 DAGs
[2025-01-28T06:39:11.833+0000] {logging_mixin.py:190} INFO - [2025-01-28T06:39:11.833+0000] {dag.py:4180} INFO - Setting next_dagrun for example_sensors to None, run_after=None
[2025-01-28T06:39:11.862+0000] {processor.py:208} INFO - Processing /home/ubuntu/.local/lib/python3.12/site-packages/airflow/example_dags/example_sensors.py took 0.079 seconds
[2025-01-28T06:40:11.163+0000] {processor.py:186} INFO - Started process (PID=6291) to work on /home/ubuntu/.local/lib/python3.12/site-packages/airflow/example_dags/example_sensors.py
[2025-01-28T06:40:11.165+0000] {processor.py:914} INFO - Processing file /home/ubuntu/.local/lib/python3.12/site-packages/airflow/example_dags/example_sensors.py for tasks to queue
[2025-01-28T06:40:11.168+0000] {logging_mixin.py:190} INFO - [2025-01-28T06:40:11.167+0000] {dagbag.py:588} INFO - Filling up the DagBag from /home/ubuntu/.local/lib/python3.12/site-packages/airflow/example_dags/example_sensors.py
[2025-01-28T06:40:11.178+0000] {processor.py:925} INFO - DAG(s) 'example_sensors' retrieved from /home/ubuntu/.local/lib/python3.12/site-packages/airflow/example_dags/example_sensors.py
[2025-01-28T06:40:11.204+0000] {logging_mixin.py:190} INFO - [2025-01-28T06:40:11.204+0000] {dag.py:3239} INFO - Sync 1 DAGs
[2025-01-28T06:40:11.216+0000] {logging_mixin.py:190} INFO - [2025-01-28T06:40:11.216+0000] {dag.py:4180} INFO - Setting next_dagrun for example_sensors to None, run_after=None
[2025-01-28T06:40:11.238+0000] {processor.py:208} INFO - Processing /home/ubuntu/.local/lib/python3.12/site-packages/airflow/example_dags/example_sensors.py took 0.080 seconds
[2025-01-28T06:41:05.359+0000] {processor.py:186} INFO - Started process (PID=6350) to work on /home/ubuntu/.local/lib/python3.12/site-packages/airflow/example_dags/example_sensors.py
[2025-01-28T06:41:05.362+0000] {processor.py:914} INFO - Processing file /home/ubuntu/.local/lib/python3.12/site-packages/airflow/example_dags/example_sensors.py for tasks to queue
[2025-01-28T06:41:05.364+0000] {logging_mixin.py:190} INFO - [2025-01-28T06:41:05.364+0000] {dagbag.py:588} INFO - Filling up the DagBag from /home/ubuntu/.local/lib/python3.12/site-packages/airflow/example_dags/example_sensors.py
[2025-01-28T06:41:05.374+0000] {processor.py:925} INFO - DAG(s) 'example_sensors' retrieved from /home/ubuntu/.local/lib/python3.12/site-packages/airflow/example_dags/example_sensors.py
[2025-01-28T06:41:05.394+0000] {logging_mixin.py:190} INFO - [2025-01-28T06:41:05.394+0000] {dag.py:3239} INFO - Sync 1 DAGs
[2025-01-28T06:41:05.535+0000] {logging_mixin.py:190} INFO - [2025-01-28T06:41:05.535+0000] {dag.py:4180} INFO - Setting next_dagrun for example_sensors to None, run_after=None
[2025-01-28T06:41:05.570+0000] {processor.py:208} INFO - Processing /home/ubuntu/.local/lib/python3.12/site-packages/airflow/example_dags/example_sensors.py took 0.215 seconds
[2025-01-28T06:42:10.018+0000] {processor.py:186} INFO - Started process (PID=6547) to work on /home/ubuntu/.local/lib/python3.12/site-packages/airflow/example_dags/example_sensors.py
[2025-01-28T06:42:10.020+0000] {processor.py:914} INFO - Processing file /home/ubuntu/.local/lib/python3.12/site-packages/airflow/example_dags/example_sensors.py for tasks to queue
[2025-01-28T06:42:10.023+0000] {logging_mixin.py:190} INFO - [2025-01-28T06:42:10.022+0000] {dagbag.py:588} INFO - Filling up the DagBag from /home/ubuntu/.local/lib/python3.12/site-packages/airflow/example_dags/example_sensors.py
[2025-01-28T06:42:10.033+0000] {processor.py:925} INFO - DAG(s) 'example_sensors' retrieved from /home/ubuntu/.local/lib/python3.12/site-packages/airflow/example_dags/example_sensors.py
[2025-01-28T06:42:10.052+0000] {logging_mixin.py:190} INFO - [2025-01-28T06:42:10.052+0000] {dag.py:3239} INFO - Sync 1 DAGs
[2025-01-28T06:42:10.064+0000] {logging_mixin.py:190} INFO - [2025-01-28T06:42:10.064+0000] {dag.py:4180} INFO - Setting next_dagrun for example_sensors to None, run_after=None
[2025-01-28T06:42:10.211+0000] {processor.py:208} INFO - Processing /home/ubuntu/.local/lib/python3.12/site-packages/airflow/example_dags/example_sensors.py took 0.198 seconds
[2025-01-28T06:43:07.362+0000] {processor.py:186} INFO - Started process (PID=6605) to work on /home/ubuntu/.local/lib/python3.12/site-packages/airflow/example_dags/example_sensors.py
[2025-01-28T06:43:07.364+0000] {processor.py:914} INFO - Processing file /home/ubuntu/.local/lib/python3.12/site-packages/airflow/example_dags/example_sensors.py for tasks to queue
[2025-01-28T06:43:07.366+0000] {logging_mixin.py:190} INFO - [2025-01-28T06:43:07.366+0000] {dagbag.py:588} INFO - Filling up the DagBag from /home/ubuntu/.local/lib/python3.12/site-packages/airflow/example_dags/example_sensors.py
[2025-01-28T06:43:07.377+0000] {processor.py:925} INFO - DAG(s) 'example_sensors' retrieved from /home/ubuntu/.local/lib/python3.12/site-packages/airflow/example_dags/example_sensors.py
[2025-01-28T06:43:07.397+0000] {logging_mixin.py:190} INFO - [2025-01-28T06:43:07.396+0000] {dag.py:3239} INFO - Sync 1 DAGs
[2025-01-28T06:43:07.408+0000] {logging_mixin.py:190} INFO - [2025-01-28T06:43:07.408+0000] {dag.py:4180} INFO - Setting next_dagrun for example_sensors to None, run_after=None
[2025-01-28T06:43:07.433+0000] {processor.py:208} INFO - Processing /home/ubuntu/.local/lib/python3.12/site-packages/airflow/example_dags/example_sensors.py took 0.076 seconds
[2025-01-28T06:44:12.503+0000] {processor.py:186} INFO - Started process (PID=6667) to work on /home/ubuntu/.local/lib/python3.12/site-packages/airflow/example_dags/example_sensors.py
[2025-01-28T06:44:12.504+0000] {processor.py:914} INFO - Processing file /home/ubuntu/.local/lib/python3.12/site-packages/airflow/example_dags/example_sensors.py for tasks to queue
[2025-01-28T06:44:12.506+0000] {logging_mixin.py:190} INFO - [2025-01-28T06:44:12.506+0000] {dagbag.py:588} INFO - Filling up the DagBag from /home/ubuntu/.local/lib/python3.12/site-packages/airflow/example_dags/example_sensors.py
[2025-01-28T06:44:12.517+0000] {processor.py:925} INFO - DAG(s) 'example_sensors' retrieved from /home/ubuntu/.local/lib/python3.12/site-packages/airflow/example_dags/example_sensors.py
[2025-01-28T06:44:12.538+0000] {logging_mixin.py:190} INFO - [2025-01-28T06:44:12.537+0000] {dag.py:3239} INFO - Sync 1 DAGs
[2025-01-28T06:44:12.549+0000] {logging_mixin.py:190} INFO - [2025-01-28T06:44:12.548+0000] {dag.py:4180} INFO - Setting next_dagrun for example_sensors to None, run_after=None
[2025-01-28T06:44:12.571+0000] {processor.py:208} INFO - Processing /home/ubuntu/.local/lib/python3.12/site-packages/airflow/example_dags/example_sensors.py took 0.074 seconds
[2025-01-28T06:45:19.139+0000] {processor.py:186} INFO - Started process (PID=6732) to work on /home/ubuntu/.local/lib/python3.12/site-packages/airflow/example_dags/example_sensors.py
[2025-01-28T06:45:19.142+0000] {processor.py:914} INFO - Processing file /home/ubuntu/.local/lib/python3.12/site-packages/airflow/example_dags/example_sensors.py for tasks to queue
[2025-01-28T06:45:19.143+0000] {logging_mixin.py:190} INFO - [2025-01-28T06:45:19.143+0000] {dagbag.py:588} INFO - Filling up the DagBag from /home/ubuntu/.local/lib/python3.12/site-packages/airflow/example_dags/example_sensors.py
[2025-01-28T06:45:19.154+0000] {processor.py:925} INFO - DAG(s) 'example_sensors' retrieved from /home/ubuntu/.local/lib/python3.12/site-packages/airflow/example_dags/example_sensors.py
[2025-01-28T06:45:19.182+0000] {logging_mixin.py:190} INFO - [2025-01-28T06:45:19.182+0000] {dag.py:3239} INFO - Sync 1 DAGs
[2025-01-28T06:45:19.194+0000] {logging_mixin.py:190} INFO - [2025-01-28T06:45:19.194+0000] {dag.py:4180} INFO - Setting next_dagrun for example_sensors to None, run_after=None
[2025-01-28T06:45:19.218+0000] {processor.py:208} INFO - Processing /home/ubuntu/.local/lib/python3.12/site-packages/airflow/example_dags/example_sensors.py took 0.085 seconds
[2025-01-28T06:46:15.167+0000] {processor.py:186} INFO - Started process (PID=6955) to work on /home/ubuntu/.local/lib/python3.12/site-packages/airflow/example_dags/example_sensors.py
[2025-01-28T06:46:15.169+0000] {processor.py:914} INFO - Processing file /home/ubuntu/.local/lib/python3.12/site-packages/airflow/example_dags/example_sensors.py for tasks to queue
[2025-01-28T06:46:15.171+0000] {logging_mixin.py:190} INFO - [2025-01-28T06:46:15.171+0000] {dagbag.py:588} INFO - Filling up the DagBag from /home/ubuntu/.local/lib/python3.12/site-packages/airflow/example_dags/example_sensors.py
[2025-01-28T06:46:15.183+0000] {processor.py:925} INFO - DAG(s) 'example_sensors' retrieved from /home/ubuntu/.local/lib/python3.12/site-packages/airflow/example_dags/example_sensors.py
[2025-01-28T06:46:15.202+0000] {logging_mixin.py:190} INFO - [2025-01-28T06:46:15.202+0000] {dag.py:3239} INFO - Sync 1 DAGs
[2025-01-28T06:46:15.213+0000] {logging_mixin.py:190} INFO - [2025-01-28T06:46:15.213+0000] {dag.py:4180} INFO - Setting next_dagrun for example_sensors to None, run_after=None
[2025-01-28T06:46:15.236+0000] {processor.py:208} INFO - Processing /home/ubuntu/.local/lib/python3.12/site-packages/airflow/example_dags/example_sensors.py took 0.074 seconds
