[2025-01-28T03:40:20.542+0000] {processor.py:186} INFO - Started process (PID=9676) to work on /home/ubuntu/airflow-venv/lib/python3.12/site-packages/airflow/example_dags/example_branch_python_dop_operator_3.py
[2025-01-28T03:40:20.542+0000] {processor.py:914} INFO - Processing file /home/ubuntu/airflow-venv/lib/python3.12/site-packages/airflow/example_dags/example_branch_python_dop_operator_3.py for tasks to queue
[2025-01-28T03:40:20.544+0000] {logging_mixin.py:190} INFO - [2025-01-28T03:40:20.544+0000] {dagbag.py:588} INFO - Filling up the DagBag from /home/ubuntu/airflow-venv/lib/python3.12/site-packages/airflow/example_dags/example_branch_python_dop_operator_3.py
[2025-01-28T03:40:20.554+0000] {processor.py:925} INFO - DAG(s) 'example_branch_dop_operator_v3' retrieved from /home/ubuntu/airflow-venv/lib/python3.12/site-packages/airflow/example_dags/example_branch_python_dop_operator_3.py
[2025-01-28T03:40:20.658+0000] {logging_mixin.py:190} INFO - [2025-01-28T03:40:20.658+0000] {override.py:1912} INFO - Created Permission View: can read on DAG:example_branch_dop_operator_v3
[2025-01-28T03:40:20.674+0000] {logging_mixin.py:190} INFO - [2025-01-28T03:40:20.673+0000] {override.py:1912} INFO - Created Permission View: can delete on DAG:example_branch_dop_operator_v3
[2025-01-28T03:40:20.683+0000] {logging_mixin.py:190} INFO - [2025-01-28T03:40:20.683+0000] {override.py:1912} INFO - Created Permission View: can edit on DAG:example_branch_dop_operator_v3
[2025-01-28T03:40:20.701+0000] {logging_mixin.py:190} INFO - [2025-01-28T03:40:20.701+0000] {override.py:1912} INFO - Created Permission View: menu access on DAG Run:example_branch_dop_operator_v3
[2025-01-28T03:40:20.711+0000] {logging_mixin.py:190} INFO - [2025-01-28T03:40:20.711+0000] {override.py:1912} INFO - Created Permission View: can read on DAG Run:example_branch_dop_operator_v3
[2025-01-28T03:40:20.721+0000] {logging_mixin.py:190} INFO - [2025-01-28T03:40:20.721+0000] {override.py:1912} INFO - Created Permission View: can delete on DAG Run:example_branch_dop_operator_v3
[2025-01-28T03:40:20.731+0000] {logging_mixin.py:190} INFO - [2025-01-28T03:40:20.731+0000] {override.py:1912} INFO - Created Permission View: can create on DAG Run:example_branch_dop_operator_v3
[2025-01-28T03:40:20.732+0000] {logging_mixin.py:190} INFO - [2025-01-28T03:40:20.732+0000] {dag.py:3239} INFO - Sync 1 DAGs
[2025-01-28T03:40:20.742+0000] {logging_mixin.py:190} INFO - [2025-01-28T03:40:20.742+0000] {dag.py:3262} INFO - Creating ORM DAG for example_branch_dop_operator_v3
[2025-01-28T03:40:20.752+0000] {logging_mixin.py:190} INFO - [2025-01-28T03:40:20.752+0000] {dag.py:4180} INFO - Setting next_dagrun for example_branch_dop_operator_v3 to 2025-01-28 03:39:00+00:00, run_after=2025-01-28 03:40:00+00:00
[2025-01-28T03:40:20.773+0000] {processor.py:208} INFO - Processing /home/ubuntu/airflow-venv/lib/python3.12/site-packages/airflow/example_dags/example_branch_python_dop_operator_3.py took 0.237 seconds
[2025-01-28T03:41:19.755+0000] {processor.py:186} INFO - Started process (PID=9735) to work on /home/ubuntu/airflow-venv/lib/python3.12/site-packages/airflow/example_dags/example_branch_python_dop_operator_3.py
[2025-01-28T03:41:19.757+0000] {processor.py:914} INFO - Processing file /home/ubuntu/airflow-venv/lib/python3.12/site-packages/airflow/example_dags/example_branch_python_dop_operator_3.py for tasks to queue
[2025-01-28T03:41:19.759+0000] {logging_mixin.py:190} INFO - [2025-01-28T03:41:19.759+0000] {dagbag.py:588} INFO - Filling up the DagBag from /home/ubuntu/airflow-venv/lib/python3.12/site-packages/airflow/example_dags/example_branch_python_dop_operator_3.py
[2025-01-28T03:41:19.775+0000] {processor.py:925} INFO - DAG(s) 'example_branch_dop_operator_v3' retrieved from /home/ubuntu/airflow-venv/lib/python3.12/site-packages/airflow/example_dags/example_branch_python_dop_operator_3.py
[2025-01-28T03:41:19.794+0000] {logging_mixin.py:190} INFO - [2025-01-28T03:41:19.794+0000] {dag.py:3239} INFO - Sync 1 DAGs
[2025-01-28T03:41:19.814+0000] {logging_mixin.py:190} INFO - [2025-01-28T03:41:19.814+0000] {dag.py:4180} INFO - Setting next_dagrun for example_branch_dop_operator_v3 to 2025-01-28 03:40:00+00:00, run_after=2025-01-28 03:41:00+00:00
[2025-01-28T03:41:19.836+0000] {processor.py:208} INFO - Processing /home/ubuntu/airflow-venv/lib/python3.12/site-packages/airflow/example_dags/example_branch_python_dop_operator_3.py took 0.086 seconds
[2025-01-28T03:43:55.927+0000] {processor.py:186} INFO - Started process (PID=9835) to work on /home/ubuntu/airflow-venv/lib/python3.12/site-packages/airflow/example_dags/example_branch_python_dop_operator_3.py
[2025-01-28T03:43:55.929+0000] {processor.py:914} INFO - Processing file /home/ubuntu/airflow-venv/lib/python3.12/site-packages/airflow/example_dags/example_branch_python_dop_operator_3.py for tasks to queue
[2025-01-28T03:43:55.930+0000] {logging_mixin.py:190} INFO - [2025-01-28T03:43:55.930+0000] {dagbag.py:588} INFO - Filling up the DagBag from /home/ubuntu/airflow-venv/lib/python3.12/site-packages/airflow/example_dags/example_branch_python_dop_operator_3.py
[2025-01-28T03:43:55.940+0000] {processor.py:925} INFO - DAG(s) 'example_branch_dop_operator_v3' retrieved from /home/ubuntu/airflow-venv/lib/python3.12/site-packages/airflow/example_dags/example_branch_python_dop_operator_3.py
[2025-01-28T03:43:55.956+0000] {logging_mixin.py:190} INFO - [2025-01-28T03:43:55.956+0000] {dag.py:3239} INFO - Sync 1 DAGs
[2025-01-28T03:43:55.976+0000] {logging_mixin.py:190} INFO - [2025-01-28T03:43:55.976+0000] {dag.py:4180} INFO - Setting next_dagrun for example_branch_dop_operator_v3 to 2025-01-28 03:42:00+00:00, run_after=2025-01-28 03:43:00+00:00
[2025-01-28T03:43:56.000+0000] {processor.py:208} INFO - Processing /home/ubuntu/airflow-venv/lib/python3.12/site-packages/airflow/example_dags/example_branch_python_dop_operator_3.py took 0.078 seconds
[2025-01-28T03:45:13.430+0000] {processor.py:186} INFO - Started process (PID=9919) to work on /home/ubuntu/airflow-venv/lib/python3.12/site-packages/airflow/example_dags/example_branch_python_dop_operator_3.py
[2025-01-28T03:45:13.431+0000] {processor.py:914} INFO - Processing file /home/ubuntu/airflow-venv/lib/python3.12/site-packages/airflow/example_dags/example_branch_python_dop_operator_3.py for tasks to queue
[2025-01-28T03:45:13.433+0000] {logging_mixin.py:190} INFO - [2025-01-28T03:45:13.432+0000] {dagbag.py:588} INFO - Filling up the DagBag from /home/ubuntu/airflow-venv/lib/python3.12/site-packages/airflow/example_dags/example_branch_python_dop_operator_3.py
[2025-01-28T03:45:13.443+0000] {processor.py:925} INFO - DAG(s) 'example_branch_dop_operator_v3' retrieved from /home/ubuntu/airflow-venv/lib/python3.12/site-packages/airflow/example_dags/example_branch_python_dop_operator_3.py
[2025-01-28T03:45:13.458+0000] {logging_mixin.py:190} INFO - [2025-01-28T03:45:13.458+0000] {dag.py:3239} INFO - Sync 1 DAGs
[2025-01-28T03:45:13.478+0000] {logging_mixin.py:190} INFO - [2025-01-28T03:45:13.478+0000] {dag.py:4180} INFO - Setting next_dagrun for example_branch_dop_operator_v3 to 2025-01-28 03:44:00+00:00, run_after=2025-01-28 03:45:00+00:00
[2025-01-28T03:45:13.500+0000] {processor.py:208} INFO - Processing /home/ubuntu/airflow-venv/lib/python3.12/site-packages/airflow/example_dags/example_branch_python_dop_operator_3.py took 0.076 seconds
[2025-01-28T03:46:33.084+0000] {processor.py:186} INFO - Started process (PID=10000) to work on /home/ubuntu/airflow-venv/lib/python3.12/site-packages/airflow/example_dags/example_branch_python_dop_operator_3.py
[2025-01-28T03:46:33.085+0000] {processor.py:914} INFO - Processing file /home/ubuntu/airflow-venv/lib/python3.12/site-packages/airflow/example_dags/example_branch_python_dop_operator_3.py for tasks to queue
[2025-01-28T03:46:33.087+0000] {logging_mixin.py:190} INFO - [2025-01-28T03:46:33.087+0000] {dagbag.py:588} INFO - Filling up the DagBag from /home/ubuntu/airflow-venv/lib/python3.12/site-packages/airflow/example_dags/example_branch_python_dop_operator_3.py
[2025-01-28T03:46:33.097+0000] {processor.py:925} INFO - DAG(s) 'example_branch_dop_operator_v3' retrieved from /home/ubuntu/airflow-venv/lib/python3.12/site-packages/airflow/example_dags/example_branch_python_dop_operator_3.py
[2025-01-28T03:46:33.112+0000] {logging_mixin.py:190} INFO - [2025-01-28T03:46:33.112+0000] {dag.py:3239} INFO - Sync 1 DAGs
[2025-01-28T03:46:33.133+0000] {logging_mixin.py:190} INFO - [2025-01-28T03:46:33.133+0000] {dag.py:4180} INFO - Setting next_dagrun for example_branch_dop_operator_v3 to 2025-01-28 03:45:00+00:00, run_after=2025-01-28 03:46:00+00:00
[2025-01-28T03:46:33.154+0000] {processor.py:208} INFO - Processing /home/ubuntu/airflow-venv/lib/python3.12/site-packages/airflow/example_dags/example_branch_python_dop_operator_3.py took 0.076 seconds
[2025-01-28T03:47:26.914+0000] {processor.py:186} INFO - Started process (PID=10057) to work on /home/ubuntu/airflow-venv/lib/python3.12/site-packages/airflow/example_dags/example_branch_python_dop_operator_3.py
[2025-01-28T03:47:26.915+0000] {processor.py:914} INFO - Processing file /home/ubuntu/airflow-venv/lib/python3.12/site-packages/airflow/example_dags/example_branch_python_dop_operator_3.py for tasks to queue
[2025-01-28T03:47:26.918+0000] {logging_mixin.py:190} INFO - [2025-01-28T03:47:26.917+0000] {dagbag.py:588} INFO - Filling up the DagBag from /home/ubuntu/airflow-venv/lib/python3.12/site-packages/airflow/example_dags/example_branch_python_dop_operator_3.py
[2025-01-28T03:47:26.928+0000] {processor.py:925} INFO - DAG(s) 'example_branch_dop_operator_v3' retrieved from /home/ubuntu/airflow-venv/lib/python3.12/site-packages/airflow/example_dags/example_branch_python_dop_operator_3.py
[2025-01-28T03:47:26.943+0000] {logging_mixin.py:190} INFO - [2025-01-28T03:47:26.943+0000] {dag.py:3239} INFO - Sync 1 DAGs
[2025-01-28T03:47:26.965+0000] {logging_mixin.py:190} INFO - [2025-01-28T03:47:26.965+0000] {dag.py:4180} INFO - Setting next_dagrun for example_branch_dop_operator_v3 to 2025-01-28 03:46:00+00:00, run_after=2025-01-28 03:47:00+00:00
[2025-01-28T03:47:26.988+0000] {processor.py:208} INFO - Processing /home/ubuntu/airflow-venv/lib/python3.12/site-packages/airflow/example_dags/example_branch_python_dop_operator_3.py took 0.079 seconds
[2025-01-28T03:48:40.389+0000] {processor.py:186} INFO - Started process (PID=10134) to work on /home/ubuntu/airflow-venv/lib/python3.12/site-packages/airflow/example_dags/example_branch_python_dop_operator_3.py
[2025-01-28T03:48:40.390+0000] {processor.py:914} INFO - Processing file /home/ubuntu/airflow-venv/lib/python3.12/site-packages/airflow/example_dags/example_branch_python_dop_operator_3.py for tasks to queue
[2025-01-28T03:48:40.392+0000] {logging_mixin.py:190} INFO - [2025-01-28T03:48:40.392+0000] {dagbag.py:588} INFO - Filling up the DagBag from /home/ubuntu/airflow-venv/lib/python3.12/site-packages/airflow/example_dags/example_branch_python_dop_operator_3.py
[2025-01-28T03:48:40.402+0000] {processor.py:925} INFO - DAG(s) 'example_branch_dop_operator_v3' retrieved from /home/ubuntu/airflow-venv/lib/python3.12/site-packages/airflow/example_dags/example_branch_python_dop_operator_3.py
[2025-01-28T03:48:40.417+0000] {logging_mixin.py:190} INFO - [2025-01-28T03:48:40.417+0000] {dag.py:3239} INFO - Sync 1 DAGs
[2025-01-28T03:48:40.437+0000] {logging_mixin.py:190} INFO - [2025-01-28T03:48:40.437+0000] {dag.py:4180} INFO - Setting next_dagrun for example_branch_dop_operator_v3 to 2025-01-28 03:47:00+00:00, run_after=2025-01-28 03:48:00+00:00
[2025-01-28T03:48:40.460+0000] {processor.py:208} INFO - Processing /home/ubuntu/airflow-venv/lib/python3.12/site-packages/airflow/example_dags/example_branch_python_dop_operator_3.py took 0.077 seconds
[2025-01-28T03:49:55.202+0000] {processor.py:186} INFO - Started process (PID=10211) to work on /home/ubuntu/airflow-venv/lib/python3.12/site-packages/airflow/example_dags/example_branch_python_dop_operator_3.py
[2025-01-28T03:49:55.204+0000] {processor.py:914} INFO - Processing file /home/ubuntu/airflow-venv/lib/python3.12/site-packages/airflow/example_dags/example_branch_python_dop_operator_3.py for tasks to queue
[2025-01-28T03:49:55.206+0000] {logging_mixin.py:190} INFO - [2025-01-28T03:49:55.206+0000] {dagbag.py:588} INFO - Filling up the DagBag from /home/ubuntu/airflow-venv/lib/python3.12/site-packages/airflow/example_dags/example_branch_python_dop_operator_3.py
[2025-01-28T03:49:55.216+0000] {processor.py:925} INFO - DAG(s) 'example_branch_dop_operator_v3' retrieved from /home/ubuntu/airflow-venv/lib/python3.12/site-packages/airflow/example_dags/example_branch_python_dop_operator_3.py
[2025-01-28T03:49:55.231+0000] {logging_mixin.py:190} INFO - [2025-01-28T03:49:55.231+0000] {dag.py:3239} INFO - Sync 1 DAGs
[2025-01-28T03:49:55.252+0000] {logging_mixin.py:190} INFO - [2025-01-28T03:49:55.251+0000] {dag.py:4180} INFO - Setting next_dagrun for example_branch_dop_operator_v3 to 2025-01-28 03:48:00+00:00, run_after=2025-01-28 03:49:00+00:00
[2025-01-28T03:49:55.273+0000] {processor.py:208} INFO - Processing /home/ubuntu/airflow-venv/lib/python3.12/site-packages/airflow/example_dags/example_branch_python_dop_operator_3.py took 0.076 seconds
[2025-01-28T05:55:47.151+0000] {processor.py:186} INFO - Started process (PID=1938) to work on /home/ubuntu/.local/lib/python3.12/site-packages/airflow/example_dags/example_branch_python_dop_operator_3.py
[2025-01-28T05:55:47.154+0000] {processor.py:914} INFO - Processing file /home/ubuntu/.local/lib/python3.12/site-packages/airflow/example_dags/example_branch_python_dop_operator_3.py for tasks to queue
[2025-01-28T05:55:47.156+0000] {logging_mixin.py:190} INFO - [2025-01-28T05:55:47.155+0000] {dagbag.py:588} INFO - Filling up the DagBag from /home/ubuntu/.local/lib/python3.12/site-packages/airflow/example_dags/example_branch_python_dop_operator_3.py
[2025-01-28T05:55:47.166+0000] {processor.py:925} INFO - DAG(s) 'example_branch_dop_operator_v3' retrieved from /home/ubuntu/.local/lib/python3.12/site-packages/airflow/example_dags/example_branch_python_dop_operator_3.py
[2025-01-28T05:55:47.264+0000] {logging_mixin.py:190} INFO - [2025-01-28T05:55:47.263+0000] {dag.py:3239} INFO - Sync 1 DAGs
[2025-01-28T05:55:47.281+0000] {logging_mixin.py:190} INFO - [2025-01-28T05:55:47.281+0000] {dag.py:4180} INFO - Setting next_dagrun for example_branch_dop_operator_v3 to 2025-01-28 05:54:00+00:00, run_after=2025-01-28 05:55:00+00:00
[2025-01-28T05:55:47.304+0000] {processor.py:208} INFO - Processing /home/ubuntu/.local/lib/python3.12/site-packages/airflow/example_dags/example_branch_python_dop_operator_3.py took 0.158 seconds
[2025-01-28T05:56:43.974+0000] {processor.py:186} INFO - Started process (PID=2010) to work on /home/ubuntu/.local/lib/python3.12/site-packages/airflow/example_dags/example_branch_python_dop_operator_3.py
[2025-01-28T05:56:43.976+0000] {processor.py:914} INFO - Processing file /home/ubuntu/.local/lib/python3.12/site-packages/airflow/example_dags/example_branch_python_dop_operator_3.py for tasks to queue
[2025-01-28T05:56:43.978+0000] {logging_mixin.py:190} INFO - [2025-01-28T05:56:43.978+0000] {dagbag.py:588} INFO - Filling up the DagBag from /home/ubuntu/.local/lib/python3.12/site-packages/airflow/example_dags/example_branch_python_dop_operator_3.py
[2025-01-28T05:56:43.989+0000] {processor.py:925} INFO - DAG(s) 'example_branch_dop_operator_v3' retrieved from /home/ubuntu/.local/lib/python3.12/site-packages/airflow/example_dags/example_branch_python_dop_operator_3.py
[2025-01-28T05:56:44.004+0000] {logging_mixin.py:190} INFO - [2025-01-28T05:56:44.004+0000] {dag.py:3239} INFO - Sync 1 DAGs
[2025-01-28T05:56:44.026+0000] {logging_mixin.py:190} INFO - [2025-01-28T05:56:44.026+0000] {dag.py:4180} INFO - Setting next_dagrun for example_branch_dop_operator_v3 to 2025-01-28 05:55:00+00:00, run_after=2025-01-28 05:56:00+00:00
[2025-01-28T05:56:44.048+0000] {processor.py:208} INFO - Processing /home/ubuntu/.local/lib/python3.12/site-packages/airflow/example_dags/example_branch_python_dop_operator_3.py took 0.079 seconds
[2025-01-28T05:57:41.854+0000] {processor.py:186} INFO - Started process (PID=2088) to work on /home/ubuntu/.local/lib/python3.12/site-packages/airflow/example_dags/example_branch_python_dop_operator_3.py
[2025-01-28T05:57:41.857+0000] {processor.py:914} INFO - Processing file /home/ubuntu/.local/lib/python3.12/site-packages/airflow/example_dags/example_branch_python_dop_operator_3.py for tasks to queue
[2025-01-28T05:57:41.859+0000] {logging_mixin.py:190} INFO - [2025-01-28T05:57:41.859+0000] {dagbag.py:588} INFO - Filling up the DagBag from /home/ubuntu/.local/lib/python3.12/site-packages/airflow/example_dags/example_branch_python_dop_operator_3.py
[2025-01-28T05:57:41.869+0000] {processor.py:925} INFO - DAG(s) 'example_branch_dop_operator_v3' retrieved from /home/ubuntu/.local/lib/python3.12/site-packages/airflow/example_dags/example_branch_python_dop_operator_3.py
[2025-01-28T05:57:41.884+0000] {logging_mixin.py:190} INFO - [2025-01-28T05:57:41.884+0000] {dag.py:3239} INFO - Sync 1 DAGs
[2025-01-28T05:57:41.905+0000] {logging_mixin.py:190} INFO - [2025-01-28T05:57:41.905+0000] {dag.py:4180} INFO - Setting next_dagrun for example_branch_dop_operator_v3 to 2025-01-28 05:56:00+00:00, run_after=2025-01-28 05:57:00+00:00
[2025-01-28T05:57:41.929+0000] {processor.py:208} INFO - Processing /home/ubuntu/.local/lib/python3.12/site-packages/airflow/example_dags/example_branch_python_dop_operator_3.py took 0.079 seconds
[2025-01-28T05:58:39.059+0000] {processor.py:186} INFO - Started process (PID=2146) to work on /home/ubuntu/.local/lib/python3.12/site-packages/airflow/example_dags/example_branch_python_dop_operator_3.py
[2025-01-28T05:58:39.061+0000] {processor.py:914} INFO - Processing file /home/ubuntu/.local/lib/python3.12/site-packages/airflow/example_dags/example_branch_python_dop_operator_3.py for tasks to queue
[2025-01-28T05:58:39.063+0000] {logging_mixin.py:190} INFO - [2025-01-28T05:58:39.063+0000] {dagbag.py:588} INFO - Filling up the DagBag from /home/ubuntu/.local/lib/python3.12/site-packages/airflow/example_dags/example_branch_python_dop_operator_3.py
[2025-01-28T05:58:39.073+0000] {processor.py:925} INFO - DAG(s) 'example_branch_dop_operator_v3' retrieved from /home/ubuntu/.local/lib/python3.12/site-packages/airflow/example_dags/example_branch_python_dop_operator_3.py
[2025-01-28T05:58:39.088+0000] {logging_mixin.py:190} INFO - [2025-01-28T05:58:39.088+0000] {dag.py:3239} INFO - Sync 1 DAGs
[2025-01-28T05:58:39.107+0000] {logging_mixin.py:190} INFO - [2025-01-28T05:58:39.107+0000] {dag.py:4180} INFO - Setting next_dagrun for example_branch_dop_operator_v3 to 2025-01-28 05:57:00+00:00, run_after=2025-01-28 05:58:00+00:00
[2025-01-28T05:58:39.131+0000] {processor.py:208} INFO - Processing /home/ubuntu/.local/lib/python3.12/site-packages/airflow/example_dags/example_branch_python_dop_operator_3.py took 0.077 seconds
[2025-01-28T06:00:00.775+0000] {processor.py:186} INFO - Started process (PID=2231) to work on /home/ubuntu/.local/lib/python3.12/site-packages/airflow/example_dags/example_branch_python_dop_operator_3.py
[2025-01-28T06:00:00.776+0000] {processor.py:914} INFO - Processing file /home/ubuntu/.local/lib/python3.12/site-packages/airflow/example_dags/example_branch_python_dop_operator_3.py for tasks to queue
[2025-01-28T06:00:00.779+0000] {logging_mixin.py:190} INFO - [2025-01-28T06:00:00.779+0000] {dagbag.py:588} INFO - Filling up the DagBag from /home/ubuntu/.local/lib/python3.12/site-packages/airflow/example_dags/example_branch_python_dop_operator_3.py
[2025-01-28T06:00:00.789+0000] {processor.py:925} INFO - DAG(s) 'example_branch_dop_operator_v3' retrieved from /home/ubuntu/.local/lib/python3.12/site-packages/airflow/example_dags/example_branch_python_dop_operator_3.py
[2025-01-28T06:00:00.804+0000] {logging_mixin.py:190} INFO - [2025-01-28T06:00:00.804+0000] {dag.py:3239} INFO - Sync 1 DAGs
[2025-01-28T06:00:00.825+0000] {logging_mixin.py:190} INFO - [2025-01-28T06:00:00.825+0000] {dag.py:4180} INFO - Setting next_dagrun for example_branch_dop_operator_v3 to 2025-01-28 05:59:00+00:00, run_after=2025-01-28 06:00:00+00:00
[2025-01-28T06:00:00.853+0000] {processor.py:208} INFO - Processing /home/ubuntu/.local/lib/python3.12/site-packages/airflow/example_dags/example_branch_python_dop_operator_3.py took 0.083 seconds
[2025-01-28T06:01:15.461+0000] {processor.py:186} INFO - Started process (PID=2312) to work on /home/ubuntu/.local/lib/python3.12/site-packages/airflow/example_dags/example_branch_python_dop_operator_3.py
[2025-01-28T06:01:15.462+0000] {processor.py:914} INFO - Processing file /home/ubuntu/.local/lib/python3.12/site-packages/airflow/example_dags/example_branch_python_dop_operator_3.py for tasks to queue
[2025-01-28T06:01:15.465+0000] {logging_mixin.py:190} INFO - [2025-01-28T06:01:15.464+0000] {dagbag.py:588} INFO - Filling up the DagBag from /home/ubuntu/.local/lib/python3.12/site-packages/airflow/example_dags/example_branch_python_dop_operator_3.py
[2025-01-28T06:01:15.474+0000] {processor.py:925} INFO - DAG(s) 'example_branch_dop_operator_v3' retrieved from /home/ubuntu/.local/lib/python3.12/site-packages/airflow/example_dags/example_branch_python_dop_operator_3.py
[2025-01-28T06:01:15.490+0000] {logging_mixin.py:190} INFO - [2025-01-28T06:01:15.490+0000] {dag.py:3239} INFO - Sync 1 DAGs
[2025-01-28T06:01:15.511+0000] {logging_mixin.py:190} INFO - [2025-01-28T06:01:15.511+0000] {dag.py:4180} INFO - Setting next_dagrun for example_branch_dop_operator_v3 to 2025-01-28 06:00:00+00:00, run_after=2025-01-28 06:01:00+00:00
[2025-01-28T06:01:15.534+0000] {processor.py:208} INFO - Processing /home/ubuntu/.local/lib/python3.12/site-packages/airflow/example_dags/example_branch_python_dop_operator_3.py took 0.079 seconds
[2025-01-28T06:02:28.131+0000] {processor.py:186} INFO - Started process (PID=2405) to work on /home/ubuntu/.local/lib/python3.12/site-packages/airflow/example_dags/example_branch_python_dop_operator_3.py
[2025-01-28T06:02:28.133+0000] {processor.py:914} INFO - Processing file /home/ubuntu/.local/lib/python3.12/site-packages/airflow/example_dags/example_branch_python_dop_operator_3.py for tasks to queue
[2025-01-28T06:02:28.135+0000] {logging_mixin.py:190} INFO - [2025-01-28T06:02:28.135+0000] {dagbag.py:588} INFO - Filling up the DagBag from /home/ubuntu/.local/lib/python3.12/site-packages/airflow/example_dags/example_branch_python_dop_operator_3.py
[2025-01-28T06:02:28.146+0000] {processor.py:925} INFO - DAG(s) 'example_branch_dop_operator_v3' retrieved from /home/ubuntu/.local/lib/python3.12/site-packages/airflow/example_dags/example_branch_python_dop_operator_3.py
[2025-01-28T06:02:28.161+0000] {logging_mixin.py:190} INFO - [2025-01-28T06:02:28.160+0000] {dag.py:3239} INFO - Sync 1 DAGs
[2025-01-28T06:02:28.182+0000] {logging_mixin.py:190} INFO - [2025-01-28T06:02:28.181+0000] {dag.py:4180} INFO - Setting next_dagrun for example_branch_dop_operator_v3 to 2025-01-28 06:01:00+00:00, run_after=2025-01-28 06:02:00+00:00
[2025-01-28T06:02:28.206+0000] {processor.py:208} INFO - Processing /home/ubuntu/.local/lib/python3.12/site-packages/airflow/example_dags/example_branch_python_dop_operator_3.py took 0.080 seconds
[2025-01-28T06:04:10.134+0000] {processor.py:186} INFO - Started process (PID=2514) to work on /home/ubuntu/.local/lib/python3.12/site-packages/airflow/example_dags/example_branch_python_dop_operator_3.py
[2025-01-28T06:04:10.135+0000] {processor.py:914} INFO - Processing file /home/ubuntu/.local/lib/python3.12/site-packages/airflow/example_dags/example_branch_python_dop_operator_3.py for tasks to queue
[2025-01-28T06:04:10.138+0000] {logging_mixin.py:190} INFO - [2025-01-28T06:04:10.137+0000] {dagbag.py:588} INFO - Filling up the DagBag from /home/ubuntu/.local/lib/python3.12/site-packages/airflow/example_dags/example_branch_python_dop_operator_3.py
[2025-01-28T06:04:10.151+0000] {processor.py:925} INFO - DAG(s) 'example_branch_dop_operator_v3' retrieved from /home/ubuntu/.local/lib/python3.12/site-packages/airflow/example_dags/example_branch_python_dop_operator_3.py
[2025-01-28T06:04:10.166+0000] {logging_mixin.py:190} INFO - [2025-01-28T06:04:10.166+0000] {dag.py:3239} INFO - Sync 1 DAGs
[2025-01-28T06:04:10.186+0000] {logging_mixin.py:190} INFO - [2025-01-28T06:04:10.186+0000] {dag.py:4180} INFO - Setting next_dagrun for example_branch_dop_operator_v3 to 2025-01-28 06:03:00+00:00, run_after=2025-01-28 06:04:00+00:00
[2025-01-28T06:04:10.209+0000] {processor.py:208} INFO - Processing /home/ubuntu/.local/lib/python3.12/site-packages/airflow/example_dags/example_branch_python_dop_operator_3.py took 0.080 seconds
[2025-01-28T06:05:18.527+0000] {processor.py:186} INFO - Started process (PID=2588) to work on /home/ubuntu/.local/lib/python3.12/site-packages/airflow/example_dags/example_branch_python_dop_operator_3.py
[2025-01-28T06:05:18.529+0000] {processor.py:914} INFO - Processing file /home/ubuntu/.local/lib/python3.12/site-packages/airflow/example_dags/example_branch_python_dop_operator_3.py for tasks to queue
[2025-01-28T06:05:18.531+0000] {logging_mixin.py:190} INFO - [2025-01-28T06:05:18.530+0000] {dagbag.py:588} INFO - Filling up the DagBag from /home/ubuntu/.local/lib/python3.12/site-packages/airflow/example_dags/example_branch_python_dop_operator_3.py
[2025-01-28T06:05:18.541+0000] {processor.py:925} INFO - DAG(s) 'example_branch_dop_operator_v3' retrieved from /home/ubuntu/.local/lib/python3.12/site-packages/airflow/example_dags/example_branch_python_dop_operator_3.py
[2025-01-28T06:05:18.556+0000] {logging_mixin.py:190} INFO - [2025-01-28T06:05:18.556+0000] {dag.py:3239} INFO - Sync 1 DAGs
[2025-01-28T06:05:18.576+0000] {logging_mixin.py:190} INFO - [2025-01-28T06:05:18.576+0000] {dag.py:4180} INFO - Setting next_dagrun for example_branch_dop_operator_v3 to 2025-01-28 06:04:00+00:00, run_after=2025-01-28 06:05:00+00:00
[2025-01-28T06:05:18.598+0000] {processor.py:208} INFO - Processing /home/ubuntu/.local/lib/python3.12/site-packages/airflow/example_dags/example_branch_python_dop_operator_3.py took 0.076 seconds
[2025-01-28T06:07:01.058+0000] {processor.py:186} INFO - Started process (PID=2707) to work on /home/ubuntu/.local/lib/python3.12/site-packages/airflow/example_dags/example_branch_python_dop_operator_3.py
[2025-01-28T06:07:01.060+0000] {processor.py:914} INFO - Processing file /home/ubuntu/.local/lib/python3.12/site-packages/airflow/example_dags/example_branch_python_dop_operator_3.py for tasks to queue
[2025-01-28T06:07:01.063+0000] {logging_mixin.py:190} INFO - [2025-01-28T06:07:01.062+0000] {dagbag.py:588} INFO - Filling up the DagBag from /home/ubuntu/.local/lib/python3.12/site-packages/airflow/example_dags/example_branch_python_dop_operator_3.py
[2025-01-28T06:07:01.073+0000] {processor.py:925} INFO - DAG(s) 'example_branch_dop_operator_v3' retrieved from /home/ubuntu/.local/lib/python3.12/site-packages/airflow/example_dags/example_branch_python_dop_operator_3.py
[2025-01-28T06:07:01.087+0000] {logging_mixin.py:190} INFO - [2025-01-28T06:07:01.087+0000] {dag.py:3239} INFO - Sync 1 DAGs
[2025-01-28T06:07:01.108+0000] {logging_mixin.py:190} INFO - [2025-01-28T06:07:01.108+0000] {dag.py:4180} INFO - Setting next_dagrun for example_branch_dop_operator_v3 to 2025-01-28 06:06:00+00:00, run_after=2025-01-28 06:07:00+00:00
[2025-01-28T06:07:01.132+0000] {processor.py:208} INFO - Processing /home/ubuntu/.local/lib/python3.12/site-packages/airflow/example_dags/example_branch_python_dop_operator_3.py took 0.079 seconds
[2025-01-28T06:08:00.353+0000] {processor.py:186} INFO - Started process (PID=2767) to work on /home/ubuntu/.local/lib/python3.12/site-packages/airflow/example_dags/example_branch_python_dop_operator_3.py
[2025-01-28T06:08:00.356+0000] {processor.py:914} INFO - Processing file /home/ubuntu/.local/lib/python3.12/site-packages/airflow/example_dags/example_branch_python_dop_operator_3.py for tasks to queue
[2025-01-28T06:08:00.357+0000] {logging_mixin.py:190} INFO - [2025-01-28T06:08:00.357+0000] {dagbag.py:588} INFO - Filling up the DagBag from /home/ubuntu/.local/lib/python3.12/site-packages/airflow/example_dags/example_branch_python_dop_operator_3.py
[2025-01-28T06:08:00.367+0000] {processor.py:925} INFO - DAG(s) 'example_branch_dop_operator_v3' retrieved from /home/ubuntu/.local/lib/python3.12/site-packages/airflow/example_dags/example_branch_python_dop_operator_3.py
[2025-01-28T06:08:00.382+0000] {logging_mixin.py:190} INFO - [2025-01-28T06:08:00.382+0000] {dag.py:3239} INFO - Sync 1 DAGs
[2025-01-28T06:08:00.404+0000] {logging_mixin.py:190} INFO - [2025-01-28T06:08:00.404+0000] {dag.py:4180} INFO - Setting next_dagrun for example_branch_dop_operator_v3 to 2025-01-28 06:07:00+00:00, run_after=2025-01-28 06:08:00+00:00
[2025-01-28T06:08:00.426+0000] {processor.py:208} INFO - Processing /home/ubuntu/.local/lib/python3.12/site-packages/airflow/example_dags/example_branch_python_dop_operator_3.py took 0.079 seconds
[2025-01-28T06:08:56.744+0000] {processor.py:186} INFO - Started process (PID=2825) to work on /home/ubuntu/.local/lib/python3.12/site-packages/airflow/example_dags/example_branch_python_dop_operator_3.py
[2025-01-28T06:08:56.746+0000] {processor.py:914} INFO - Processing file /home/ubuntu/.local/lib/python3.12/site-packages/airflow/example_dags/example_branch_python_dop_operator_3.py for tasks to queue
[2025-01-28T06:08:56.749+0000] {logging_mixin.py:190} INFO - [2025-01-28T06:08:56.748+0000] {dagbag.py:588} INFO - Filling up the DagBag from /home/ubuntu/.local/lib/python3.12/site-packages/airflow/example_dags/example_branch_python_dop_operator_3.py
[2025-01-28T06:08:56.758+0000] {processor.py:925} INFO - DAG(s) 'example_branch_dop_operator_v3' retrieved from /home/ubuntu/.local/lib/python3.12/site-packages/airflow/example_dags/example_branch_python_dop_operator_3.py
[2025-01-28T06:08:56.773+0000] {logging_mixin.py:190} INFO - [2025-01-28T06:08:56.773+0000] {dag.py:3239} INFO - Sync 1 DAGs
[2025-01-28T06:08:56.794+0000] {logging_mixin.py:190} INFO - [2025-01-28T06:08:56.793+0000] {dag.py:4180} INFO - Setting next_dagrun for example_branch_dop_operator_v3 to 2025-01-28 06:07:00+00:00, run_after=2025-01-28 06:08:00+00:00
[2025-01-28T06:08:56.817+0000] {processor.py:208} INFO - Processing /home/ubuntu/.local/lib/python3.12/site-packages/airflow/example_dags/example_branch_python_dop_operator_3.py took 0.078 seconds
[2025-01-28T06:10:14.744+0000] {processor.py:186} INFO - Started process (PID=2922) to work on /home/ubuntu/.local/lib/python3.12/site-packages/airflow/example_dags/example_branch_python_dop_operator_3.py
[2025-01-28T06:10:14.745+0000] {processor.py:914} INFO - Processing file /home/ubuntu/.local/lib/python3.12/site-packages/airflow/example_dags/example_branch_python_dop_operator_3.py for tasks to queue
[2025-01-28T06:10:14.747+0000] {logging_mixin.py:190} INFO - [2025-01-28T06:10:14.747+0000] {dagbag.py:588} INFO - Filling up the DagBag from /home/ubuntu/.local/lib/python3.12/site-packages/airflow/example_dags/example_branch_python_dop_operator_3.py
[2025-01-28T06:10:14.757+0000] {processor.py:925} INFO - DAG(s) 'example_branch_dop_operator_v3' retrieved from /home/ubuntu/.local/lib/python3.12/site-packages/airflow/example_dags/example_branch_python_dop_operator_3.py
[2025-01-28T06:10:14.778+0000] {logging_mixin.py:190} INFO - [2025-01-28T06:10:14.778+0000] {dag.py:3239} INFO - Sync 1 DAGs
[2025-01-28T06:10:14.798+0000] {logging_mixin.py:190} INFO - [2025-01-28T06:10:14.798+0000] {dag.py:4180} INFO - Setting next_dagrun for example_branch_dop_operator_v3 to 2025-01-28 06:09:00+00:00, run_after=2025-01-28 06:10:00+00:00
[2025-01-28T06:10:14.829+0000] {processor.py:208} INFO - Processing /home/ubuntu/.local/lib/python3.12/site-packages/airflow/example_dags/example_branch_python_dop_operator_3.py took 0.091 seconds
[2025-01-28T06:11:10.377+0000] {processor.py:186} INFO - Started process (PID=2988) to work on /home/ubuntu/.local/lib/python3.12/site-packages/airflow/example_dags/example_branch_python_dop_operator_3.py
[2025-01-28T06:11:10.380+0000] {processor.py:914} INFO - Processing file /home/ubuntu/.local/lib/python3.12/site-packages/airflow/example_dags/example_branch_python_dop_operator_3.py for tasks to queue
[2025-01-28T06:11:10.382+0000] {logging_mixin.py:190} INFO - [2025-01-28T06:11:10.382+0000] {dagbag.py:588} INFO - Filling up the DagBag from /home/ubuntu/.local/lib/python3.12/site-packages/airflow/example_dags/example_branch_python_dop_operator_3.py
[2025-01-28T06:11:10.392+0000] {processor.py:925} INFO - DAG(s) 'example_branch_dop_operator_v3' retrieved from /home/ubuntu/.local/lib/python3.12/site-packages/airflow/example_dags/example_branch_python_dop_operator_3.py
[2025-01-28T06:11:10.407+0000] {logging_mixin.py:190} INFO - [2025-01-28T06:11:10.407+0000] {dag.py:3239} INFO - Sync 1 DAGs
[2025-01-28T06:11:10.427+0000] {logging_mixin.py:190} INFO - [2025-01-28T06:11:10.426+0000] {dag.py:4180} INFO - Setting next_dagrun for example_branch_dop_operator_v3 to 2025-01-28 06:10:00+00:00, run_after=2025-01-28 06:11:00+00:00
[2025-01-28T06:11:10.450+0000] {processor.py:208} INFO - Processing /home/ubuntu/.local/lib/python3.12/site-packages/airflow/example_dags/example_branch_python_dop_operator_3.py took 0.077 seconds
[2025-01-28T06:12:29.899+0000] {processor.py:186} INFO - Started process (PID=3070) to work on /home/ubuntu/.local/lib/python3.12/site-packages/airflow/example_dags/example_branch_python_dop_operator_3.py
[2025-01-28T06:12:29.901+0000] {processor.py:914} INFO - Processing file /home/ubuntu/.local/lib/python3.12/site-packages/airflow/example_dags/example_branch_python_dop_operator_3.py for tasks to queue
[2025-01-28T06:12:29.903+0000] {logging_mixin.py:190} INFO - [2025-01-28T06:12:29.903+0000] {dagbag.py:588} INFO - Filling up the DagBag from /home/ubuntu/.local/lib/python3.12/site-packages/airflow/example_dags/example_branch_python_dop_operator_3.py
[2025-01-28T06:12:29.913+0000] {processor.py:925} INFO - DAG(s) 'example_branch_dop_operator_v3' retrieved from /home/ubuntu/.local/lib/python3.12/site-packages/airflow/example_dags/example_branch_python_dop_operator_3.py
[2025-01-28T06:12:29.928+0000] {logging_mixin.py:190} INFO - [2025-01-28T06:12:29.928+0000] {dag.py:3239} INFO - Sync 1 DAGs
[2025-01-28T06:12:29.948+0000] {logging_mixin.py:190} INFO - [2025-01-28T06:12:29.948+0000] {dag.py:4180} INFO - Setting next_dagrun for example_branch_dop_operator_v3 to 2025-01-28 06:11:00+00:00, run_after=2025-01-28 06:12:00+00:00
[2025-01-28T06:12:29.971+0000] {processor.py:208} INFO - Processing /home/ubuntu/.local/lib/python3.12/site-packages/airflow/example_dags/example_branch_python_dop_operator_3.py took 0.078 seconds
[2025-01-28T06:13:23.868+0000] {processor.py:186} INFO - Started process (PID=3126) to work on /home/ubuntu/.local/lib/python3.12/site-packages/airflow/example_dags/example_branch_python_dop_operator_3.py
[2025-01-28T06:13:23.870+0000] {processor.py:914} INFO - Processing file /home/ubuntu/.local/lib/python3.12/site-packages/airflow/example_dags/example_branch_python_dop_operator_3.py for tasks to queue
[2025-01-28T06:13:23.872+0000] {logging_mixin.py:190} INFO - [2025-01-28T06:13:23.872+0000] {dagbag.py:588} INFO - Filling up the DagBag from /home/ubuntu/.local/lib/python3.12/site-packages/airflow/example_dags/example_branch_python_dop_operator_3.py
[2025-01-28T06:13:23.883+0000] {processor.py:925} INFO - DAG(s) 'example_branch_dop_operator_v3' retrieved from /home/ubuntu/.local/lib/python3.12/site-packages/airflow/example_dags/example_branch_python_dop_operator_3.py
[2025-01-28T06:13:23.897+0000] {logging_mixin.py:190} INFO - [2025-01-28T06:13:23.897+0000] {dag.py:3239} INFO - Sync 1 DAGs
[2025-01-28T06:13:23.918+0000] {logging_mixin.py:190} INFO - [2025-01-28T06:13:23.918+0000] {dag.py:4180} INFO - Setting next_dagrun for example_branch_dop_operator_v3 to 2025-01-28 06:12:00+00:00, run_after=2025-01-28 06:13:00+00:00
[2025-01-28T06:13:23.941+0000] {processor.py:208} INFO - Processing /home/ubuntu/.local/lib/python3.12/site-packages/airflow/example_dags/example_branch_python_dop_operator_3.py took 0.078 seconds
[2025-01-28T06:14:42.699+0000] {processor.py:186} INFO - Started process (PID=3208) to work on /home/ubuntu/.local/lib/python3.12/site-packages/airflow/example_dags/example_branch_python_dop_operator_3.py
[2025-01-28T06:14:42.701+0000] {processor.py:914} INFO - Processing file /home/ubuntu/.local/lib/python3.12/site-packages/airflow/example_dags/example_branch_python_dop_operator_3.py for tasks to queue
[2025-01-28T06:14:42.703+0000] {logging_mixin.py:190} INFO - [2025-01-28T06:14:42.703+0000] {dagbag.py:588} INFO - Filling up the DagBag from /home/ubuntu/.local/lib/python3.12/site-packages/airflow/example_dags/example_branch_python_dop_operator_3.py
[2025-01-28T06:14:42.712+0000] {processor.py:925} INFO - DAG(s) 'example_branch_dop_operator_v3' retrieved from /home/ubuntu/.local/lib/python3.12/site-packages/airflow/example_dags/example_branch_python_dop_operator_3.py
[2025-01-28T06:14:42.728+0000] {logging_mixin.py:190} INFO - [2025-01-28T06:14:42.728+0000] {dag.py:3239} INFO - Sync 1 DAGs
[2025-01-28T06:14:42.748+0000] {logging_mixin.py:190} INFO - [2025-01-28T06:14:42.748+0000] {dag.py:4180} INFO - Setting next_dagrun for example_branch_dop_operator_v3 to 2025-01-28 06:13:00+00:00, run_after=2025-01-28 06:14:00+00:00
[2025-01-28T06:14:42.771+0000] {processor.py:208} INFO - Processing /home/ubuntu/.local/lib/python3.12/site-packages/airflow/example_dags/example_branch_python_dop_operator_3.py took 0.079 seconds
[2025-01-28T06:15:37.189+0000] {processor.py:186} INFO - Started process (PID=3269) to work on /home/ubuntu/.local/lib/python3.12/site-packages/airflow/example_dags/example_branch_python_dop_operator_3.py
[2025-01-28T06:15:37.192+0000] {processor.py:914} INFO - Processing file /home/ubuntu/.local/lib/python3.12/site-packages/airflow/example_dags/example_branch_python_dop_operator_3.py for tasks to queue
[2025-01-28T06:15:37.193+0000] {logging_mixin.py:190} INFO - [2025-01-28T06:15:37.193+0000] {dagbag.py:588} INFO - Filling up the DagBag from /home/ubuntu/.local/lib/python3.12/site-packages/airflow/example_dags/example_branch_python_dop_operator_3.py
[2025-01-28T06:15:37.204+0000] {processor.py:925} INFO - DAG(s) 'example_branch_dop_operator_v3' retrieved from /home/ubuntu/.local/lib/python3.12/site-packages/airflow/example_dags/example_branch_python_dop_operator_3.py
[2025-01-28T06:15:37.219+0000] {logging_mixin.py:190} INFO - [2025-01-28T06:15:37.219+0000] {dag.py:3239} INFO - Sync 1 DAGs
[2025-01-28T06:15:37.239+0000] {logging_mixin.py:190} INFO - [2025-01-28T06:15:37.239+0000] {dag.py:4180} INFO - Setting next_dagrun for example_branch_dop_operator_v3 to 2025-01-28 06:14:00+00:00, run_after=2025-01-28 06:15:00+00:00
[2025-01-28T06:15:37.263+0000] {processor.py:208} INFO - Processing /home/ubuntu/.local/lib/python3.12/site-packages/airflow/example_dags/example_branch_python_dop_operator_3.py took 0.079 seconds
[2025-01-28T06:16:56.662+0000] {processor.py:186} INFO - Started process (PID=3352) to work on /home/ubuntu/.local/lib/python3.12/site-packages/airflow/example_dags/example_branch_python_dop_operator_3.py
[2025-01-28T06:16:56.664+0000] {processor.py:914} INFO - Processing file /home/ubuntu/.local/lib/python3.12/site-packages/airflow/example_dags/example_branch_python_dop_operator_3.py for tasks to queue
[2025-01-28T06:16:56.666+0000] {logging_mixin.py:190} INFO - [2025-01-28T06:16:56.666+0000] {dagbag.py:588} INFO - Filling up the DagBag from /home/ubuntu/.local/lib/python3.12/site-packages/airflow/example_dags/example_branch_python_dop_operator_3.py
[2025-01-28T06:16:56.676+0000] {processor.py:925} INFO - DAG(s) 'example_branch_dop_operator_v3' retrieved from /home/ubuntu/.local/lib/python3.12/site-packages/airflow/example_dags/example_branch_python_dop_operator_3.py
[2025-01-28T06:16:56.691+0000] {logging_mixin.py:190} INFO - [2025-01-28T06:16:56.691+0000] {dag.py:3239} INFO - Sync 1 DAGs
[2025-01-28T06:16:56.712+0000] {logging_mixin.py:190} INFO - [2025-01-28T06:16:56.712+0000] {dag.py:4180} INFO - Setting next_dagrun for example_branch_dop_operator_v3 to 2025-01-28 06:15:00+00:00, run_after=2025-01-28 06:16:00+00:00
[2025-01-28T06:16:56.735+0000] {processor.py:208} INFO - Processing /home/ubuntu/.local/lib/python3.12/site-packages/airflow/example_dags/example_branch_python_dop_operator_3.py took 0.078 seconds
[2025-01-28T06:18:30.145+0000] {processor.py:186} INFO - Started process (PID=3492) to work on /home/ubuntu/.local/lib/python3.12/site-packages/airflow/example_dags/example_branch_python_dop_operator_3.py
[2025-01-28T06:18:30.147+0000] {processor.py:914} INFO - Processing file /home/ubuntu/.local/lib/python3.12/site-packages/airflow/example_dags/example_branch_python_dop_operator_3.py for tasks to queue
[2025-01-28T06:18:30.150+0000] {logging_mixin.py:190} INFO - [2025-01-28T06:18:30.149+0000] {dagbag.py:588} INFO - Filling up the DagBag from /home/ubuntu/.local/lib/python3.12/site-packages/airflow/example_dags/example_branch_python_dop_operator_3.py
[2025-01-28T06:18:30.159+0000] {processor.py:925} INFO - DAG(s) 'example_branch_dop_operator_v3' retrieved from /home/ubuntu/.local/lib/python3.12/site-packages/airflow/example_dags/example_branch_python_dop_operator_3.py
[2025-01-28T06:18:30.175+0000] {logging_mixin.py:190} INFO - [2025-01-28T06:18:30.175+0000] {dag.py:3239} INFO - Sync 1 DAGs
[2025-01-28T06:18:30.195+0000] {logging_mixin.py:190} INFO - [2025-01-28T06:18:30.194+0000] {dag.py:4180} INFO - Setting next_dagrun for example_branch_dop_operator_v3 to 2025-01-28 06:17:00+00:00, run_after=2025-01-28 06:18:00+00:00
[2025-01-28T06:18:30.216+0000] {processor.py:208} INFO - Processing /home/ubuntu/.local/lib/python3.12/site-packages/airflow/example_dags/example_branch_python_dop_operator_3.py took 0.076 seconds
[2025-01-28T06:19:44.313+0000] {processor.py:186} INFO - Started process (PID=3571) to work on /home/ubuntu/.local/lib/python3.12/site-packages/airflow/example_dags/example_branch_python_dop_operator_3.py
[2025-01-28T06:19:44.314+0000] {processor.py:914} INFO - Processing file /home/ubuntu/.local/lib/python3.12/site-packages/airflow/example_dags/example_branch_python_dop_operator_3.py for tasks to queue
[2025-01-28T06:19:44.317+0000] {logging_mixin.py:190} INFO - [2025-01-28T06:19:44.316+0000] {dagbag.py:588} INFO - Filling up the DagBag from /home/ubuntu/.local/lib/python3.12/site-packages/airflow/example_dags/example_branch_python_dop_operator_3.py
[2025-01-28T06:19:44.327+0000] {processor.py:925} INFO - DAG(s) 'example_branch_dop_operator_v3' retrieved from /home/ubuntu/.local/lib/python3.12/site-packages/airflow/example_dags/example_branch_python_dop_operator_3.py
[2025-01-28T06:19:44.341+0000] {logging_mixin.py:190} INFO - [2025-01-28T06:19:44.341+0000] {dag.py:3239} INFO - Sync 1 DAGs
[2025-01-28T06:19:44.361+0000] {logging_mixin.py:190} INFO - [2025-01-28T06:19:44.361+0000] {dag.py:4180} INFO - Setting next_dagrun for example_branch_dop_operator_v3 to 2025-01-28 06:18:00+00:00, run_after=2025-01-28 06:19:00+00:00
[2025-01-28T06:19:44.385+0000] {processor.py:208} INFO - Processing /home/ubuntu/.local/lib/python3.12/site-packages/airflow/example_dags/example_branch_python_dop_operator_3.py took 0.077 seconds
[2025-01-28T06:20:43.472+0000] {processor.py:186} INFO - Started process (PID=3637) to work on /home/ubuntu/.local/lib/python3.12/site-packages/airflow/example_dags/example_branch_python_dop_operator_3.py
[2025-01-28T06:20:43.474+0000] {processor.py:914} INFO - Processing file /home/ubuntu/.local/lib/python3.12/site-packages/airflow/example_dags/example_branch_python_dop_operator_3.py for tasks to queue
[2025-01-28T06:20:43.477+0000] {logging_mixin.py:190} INFO - [2025-01-28T06:20:43.476+0000] {dagbag.py:588} INFO - Filling up the DagBag from /home/ubuntu/.local/lib/python3.12/site-packages/airflow/example_dags/example_branch_python_dop_operator_3.py
[2025-01-28T06:20:43.488+0000] {processor.py:925} INFO - DAG(s) 'example_branch_dop_operator_v3' retrieved from /home/ubuntu/.local/lib/python3.12/site-packages/airflow/example_dags/example_branch_python_dop_operator_3.py
[2025-01-28T06:20:43.505+0000] {logging_mixin.py:190} INFO - [2025-01-28T06:20:43.504+0000] {dag.py:3239} INFO - Sync 1 DAGs
[2025-01-28T06:20:43.524+0000] {logging_mixin.py:190} INFO - [2025-01-28T06:20:43.524+0000] {dag.py:4180} INFO - Setting next_dagrun for example_branch_dop_operator_v3 to 2025-01-28 06:19:00+00:00, run_after=2025-01-28 06:20:00+00:00
[2025-01-28T06:20:43.548+0000] {processor.py:208} INFO - Processing /home/ubuntu/.local/lib/python3.12/site-packages/airflow/example_dags/example_branch_python_dop_operator_3.py took 0.080 seconds
[2025-01-28T06:21:37.801+0000] {processor.py:186} INFO - Started process (PID=3833) to work on /home/ubuntu/.local/lib/python3.12/site-packages/airflow/example_dags/example_branch_python_dop_operator_3.py
[2025-01-28T06:21:37.804+0000] {processor.py:914} INFO - Processing file /home/ubuntu/.local/lib/python3.12/site-packages/airflow/example_dags/example_branch_python_dop_operator_3.py for tasks to queue
[2025-01-28T06:21:37.805+0000] {logging_mixin.py:190} INFO - [2025-01-28T06:21:37.805+0000] {dagbag.py:588} INFO - Filling up the DagBag from /home/ubuntu/.local/lib/python3.12/site-packages/airflow/example_dags/example_branch_python_dop_operator_3.py
[2025-01-28T06:21:37.816+0000] {processor.py:925} INFO - DAG(s) 'example_branch_dop_operator_v3' retrieved from /home/ubuntu/.local/lib/python3.12/site-packages/airflow/example_dags/example_branch_python_dop_operator_3.py
[2025-01-28T06:21:37.831+0000] {logging_mixin.py:190} INFO - [2025-01-28T06:21:37.831+0000] {dag.py:3239} INFO - Sync 1 DAGs
[2025-01-28T06:21:37.851+0000] {logging_mixin.py:190} INFO - [2025-01-28T06:21:37.851+0000] {dag.py:4180} INFO - Setting next_dagrun for example_branch_dop_operator_v3 to 2025-01-28 06:20:00+00:00, run_after=2025-01-28 06:21:00+00:00
[2025-01-28T06:21:37.875+0000] {processor.py:208} INFO - Processing /home/ubuntu/.local/lib/python3.12/site-packages/airflow/example_dags/example_branch_python_dop_operator_3.py took 0.079 seconds
[2025-01-28T06:22:37.286+0000] {processor.py:186} INFO - Started process (PID=3898) to work on /home/ubuntu/.local/lib/python3.12/site-packages/airflow/example_dags/example_branch_python_dop_operator_3.py
[2025-01-28T06:22:37.288+0000] {processor.py:914} INFO - Processing file /home/ubuntu/.local/lib/python3.12/site-packages/airflow/example_dags/example_branch_python_dop_operator_3.py for tasks to queue
[2025-01-28T06:22:37.291+0000] {logging_mixin.py:190} INFO - [2025-01-28T06:22:37.290+0000] {dagbag.py:588} INFO - Filling up the DagBag from /home/ubuntu/.local/lib/python3.12/site-packages/airflow/example_dags/example_branch_python_dop_operator_3.py
[2025-01-28T06:22:37.300+0000] {processor.py:925} INFO - DAG(s) 'example_branch_dop_operator_v3' retrieved from /home/ubuntu/.local/lib/python3.12/site-packages/airflow/example_dags/example_branch_python_dop_operator_3.py
[2025-01-28T06:22:37.316+0000] {logging_mixin.py:190} INFO - [2025-01-28T06:22:37.315+0000] {dag.py:3239} INFO - Sync 1 DAGs
[2025-01-28T06:22:37.337+0000] {logging_mixin.py:190} INFO - [2025-01-28T06:22:37.337+0000] {dag.py:4180} INFO - Setting next_dagrun for example_branch_dop_operator_v3 to 2025-01-28 06:21:00+00:00, run_after=2025-01-28 06:22:00+00:00
[2025-01-28T06:22:37.359+0000] {processor.py:208} INFO - Processing /home/ubuntu/.local/lib/python3.12/site-packages/airflow/example_dags/example_branch_python_dop_operator_3.py took 0.079 seconds
[2025-01-28T06:23:58.114+0000] {processor.py:186} INFO - Started process (PID=4494) to work on /home/ubuntu/.local/lib/python3.12/site-packages/airflow/example_dags/example_branch_python_dop_operator_3.py
[2025-01-28T06:23:58.116+0000] {processor.py:914} INFO - Processing file /home/ubuntu/.local/lib/python3.12/site-packages/airflow/example_dags/example_branch_python_dop_operator_3.py for tasks to queue
[2025-01-28T06:23:58.118+0000] {logging_mixin.py:190} INFO - [2025-01-28T06:23:58.118+0000] {dagbag.py:588} INFO - Filling up the DagBag from /home/ubuntu/.local/lib/python3.12/site-packages/airflow/example_dags/example_branch_python_dop_operator_3.py
[2025-01-28T06:23:58.129+0000] {processor.py:925} INFO - DAG(s) 'example_branch_dop_operator_v3' retrieved from /home/ubuntu/.local/lib/python3.12/site-packages/airflow/example_dags/example_branch_python_dop_operator_3.py
[2025-01-28T06:23:58.145+0000] {logging_mixin.py:190} INFO - [2025-01-28T06:23:58.145+0000] {dag.py:3239} INFO - Sync 1 DAGs
[2025-01-28T06:23:58.165+0000] {logging_mixin.py:190} INFO - [2025-01-28T06:23:58.164+0000] {dag.py:4180} INFO - Setting next_dagrun for example_branch_dop_operator_v3 to 2025-01-28 06:22:00+00:00, run_after=2025-01-28 06:23:00+00:00
[2025-01-28T06:23:58.184+0000] {processor.py:208} INFO - Processing /home/ubuntu/.local/lib/python3.12/site-packages/airflow/example_dags/example_branch_python_dop_operator_3.py took 0.075 seconds
[2025-01-28T06:24:54.997+0000] {processor.py:186} INFO - Started process (PID=4886) to work on /home/ubuntu/.local/lib/python3.12/site-packages/airflow/example_dags/example_branch_python_dop_operator_3.py
[2025-01-28T06:24:54.998+0000] {processor.py:914} INFO - Processing file /home/ubuntu/.local/lib/python3.12/site-packages/airflow/example_dags/example_branch_python_dop_operator_3.py for tasks to queue
[2025-01-28T06:24:55.000+0000] {logging_mixin.py:190} INFO - [2025-01-28T06:24:55.000+0000] {dagbag.py:588} INFO - Filling up the DagBag from /home/ubuntu/.local/lib/python3.12/site-packages/airflow/example_dags/example_branch_python_dop_operator_3.py
[2025-01-28T06:24:55.010+0000] {processor.py:925} INFO - DAG(s) 'example_branch_dop_operator_v3' retrieved from /home/ubuntu/.local/lib/python3.12/site-packages/airflow/example_dags/example_branch_python_dop_operator_3.py
[2025-01-28T06:24:55.026+0000] {logging_mixin.py:190} INFO - [2025-01-28T06:24:55.026+0000] {dag.py:3239} INFO - Sync 1 DAGs
[2025-01-28T06:24:55.046+0000] {logging_mixin.py:190} INFO - [2025-01-28T06:24:55.046+0000] {dag.py:4180} INFO - Setting next_dagrun for example_branch_dop_operator_v3 to 2025-01-28 06:23:00+00:00, run_after=2025-01-28 06:24:00+00:00
[2025-01-28T06:24:55.067+0000] {processor.py:208} INFO - Processing /home/ubuntu/.local/lib/python3.12/site-packages/airflow/example_dags/example_branch_python_dop_operator_3.py took 0.076 seconds
[2025-01-28T06:26:16.525+0000] {processor.py:186} INFO - Started process (PID=5141) to work on /home/ubuntu/.local/lib/python3.12/site-packages/airflow/example_dags/example_branch_python_dop_operator_3.py
[2025-01-28T06:26:16.527+0000] {processor.py:914} INFO - Processing file /home/ubuntu/.local/lib/python3.12/site-packages/airflow/example_dags/example_branch_python_dop_operator_3.py for tasks to queue
[2025-01-28T06:26:16.529+0000] {logging_mixin.py:190} INFO - [2025-01-28T06:26:16.529+0000] {dagbag.py:588} INFO - Filling up the DagBag from /home/ubuntu/.local/lib/python3.12/site-packages/airflow/example_dags/example_branch_python_dop_operator_3.py
[2025-01-28T06:26:16.539+0000] {processor.py:925} INFO - DAG(s) 'example_branch_dop_operator_v3' retrieved from /home/ubuntu/.local/lib/python3.12/site-packages/airflow/example_dags/example_branch_python_dop_operator_3.py
[2025-01-28T06:26:16.555+0000] {logging_mixin.py:190} INFO - [2025-01-28T06:26:16.555+0000] {dag.py:3239} INFO - Sync 1 DAGs
[2025-01-28T06:26:16.576+0000] {logging_mixin.py:190} INFO - [2025-01-28T06:26:16.576+0000] {dag.py:4180} INFO - Setting next_dagrun for example_branch_dop_operator_v3 to 2025-01-28 06:25:00+00:00, run_after=2025-01-28 06:26:00+00:00
[2025-01-28T06:26:16.596+0000] {processor.py:208} INFO - Processing /home/ubuntu/.local/lib/python3.12/site-packages/airflow/example_dags/example_branch_python_dop_operator_3.py took 0.075 seconds
[2025-01-28T06:27:35.210+0000] {processor.py:186} INFO - Started process (PID=5236) to work on /home/ubuntu/.local/lib/python3.12/site-packages/airflow/example_dags/example_branch_python_dop_operator_3.py
[2025-01-28T06:27:35.212+0000] {processor.py:914} INFO - Processing file /home/ubuntu/.local/lib/python3.12/site-packages/airflow/example_dags/example_branch_python_dop_operator_3.py for tasks to queue
[2025-01-28T06:27:35.214+0000] {logging_mixin.py:190} INFO - [2025-01-28T06:27:35.214+0000] {dagbag.py:588} INFO - Filling up the DagBag from /home/ubuntu/.local/lib/python3.12/site-packages/airflow/example_dags/example_branch_python_dop_operator_3.py
[2025-01-28T06:27:35.225+0000] {processor.py:925} INFO - DAG(s) 'example_branch_dop_operator_v3' retrieved from /home/ubuntu/.local/lib/python3.12/site-packages/airflow/example_dags/example_branch_python_dop_operator_3.py
[2025-01-28T06:27:35.240+0000] {logging_mixin.py:190} INFO - [2025-01-28T06:27:35.240+0000] {dag.py:3239} INFO - Sync 1 DAGs
[2025-01-28T06:27:35.271+0000] {logging_mixin.py:190} INFO - [2025-01-28T06:27:35.271+0000] {dag.py:4180} INFO - Setting next_dagrun for example_branch_dop_operator_v3 to 2025-01-28 06:26:00+00:00, run_after=2025-01-28 06:27:00+00:00
[2025-01-28T06:27:35.292+0000] {processor.py:208} INFO - Processing /home/ubuntu/.local/lib/python3.12/site-packages/airflow/example_dags/example_branch_python_dop_operator_3.py took 0.087 seconds
[2025-01-28T06:28:54.093+0000] {processor.py:186} INFO - Started process (PID=5525) to work on /home/ubuntu/.local/lib/python3.12/site-packages/airflow/example_dags/example_branch_python_dop_operator_3.py
[2025-01-28T06:28:54.095+0000] {processor.py:914} INFO - Processing file /home/ubuntu/.local/lib/python3.12/site-packages/airflow/example_dags/example_branch_python_dop_operator_3.py for tasks to queue
[2025-01-28T06:28:54.097+0000] {logging_mixin.py:190} INFO - [2025-01-28T06:28:54.096+0000] {dagbag.py:588} INFO - Filling up the DagBag from /home/ubuntu/.local/lib/python3.12/site-packages/airflow/example_dags/example_branch_python_dop_operator_3.py
[2025-01-28T06:28:54.107+0000] {processor.py:925} INFO - DAG(s) 'example_branch_dop_operator_v3' retrieved from /home/ubuntu/.local/lib/python3.12/site-packages/airflow/example_dags/example_branch_python_dop_operator_3.py
[2025-01-28T06:28:54.122+0000] {logging_mixin.py:190} INFO - [2025-01-28T06:28:54.121+0000] {dag.py:3239} INFO - Sync 1 DAGs
[2025-01-28T06:28:54.142+0000] {logging_mixin.py:190} INFO - [2025-01-28T06:28:54.142+0000] {dag.py:4180} INFO - Setting next_dagrun for example_branch_dop_operator_v3 to 2025-01-28 06:27:00+00:00, run_after=2025-01-28 06:28:00+00:00
[2025-01-28T06:28:54.165+0000] {processor.py:208} INFO - Processing /home/ubuntu/.local/lib/python3.12/site-packages/airflow/example_dags/example_branch_python_dop_operator_3.py took 0.077 seconds
[2025-01-28T06:30:16.030+0000] {processor.py:186} INFO - Started process (PID=5622) to work on /home/ubuntu/.local/lib/python3.12/site-packages/airflow/example_dags/example_branch_python_dop_operator_3.py
[2025-01-28T06:30:16.032+0000] {processor.py:914} INFO - Processing file /home/ubuntu/.local/lib/python3.12/site-packages/airflow/example_dags/example_branch_python_dop_operator_3.py for tasks to queue
[2025-01-28T06:30:16.034+0000] {logging_mixin.py:190} INFO - [2025-01-28T06:30:16.034+0000] {dagbag.py:588} INFO - Filling up the DagBag from /home/ubuntu/.local/lib/python3.12/site-packages/airflow/example_dags/example_branch_python_dop_operator_3.py
[2025-01-28T06:30:16.044+0000] {processor.py:925} INFO - DAG(s) 'example_branch_dop_operator_v3' retrieved from /home/ubuntu/.local/lib/python3.12/site-packages/airflow/example_dags/example_branch_python_dop_operator_3.py
[2025-01-28T06:30:16.061+0000] {logging_mixin.py:190} INFO - [2025-01-28T06:30:16.059+0000] {dag.py:3239} INFO - Sync 1 DAGs
[2025-01-28T06:30:16.081+0000] {logging_mixin.py:190} INFO - [2025-01-28T06:30:16.081+0000] {dag.py:4180} INFO - Setting next_dagrun for example_branch_dop_operator_v3 to 2025-01-28 06:29:00+00:00, run_after=2025-01-28 06:30:00+00:00
[2025-01-28T06:30:16.104+0000] {processor.py:208} INFO - Processing /home/ubuntu/.local/lib/python3.12/site-packages/airflow/example_dags/example_branch_python_dop_operator_3.py took 0.078 seconds
[2025-01-28T06:32:04.769+0000] {processor.py:186} INFO - Started process (PID=5785) to work on /home/ubuntu/.local/lib/python3.12/site-packages/airflow/example_dags/example_branch_python_dop_operator_3.py
[2025-01-28T06:32:04.771+0000] {processor.py:914} INFO - Processing file /home/ubuntu/.local/lib/python3.12/site-packages/airflow/example_dags/example_branch_python_dop_operator_3.py for tasks to queue
[2025-01-28T06:32:04.773+0000] {logging_mixin.py:190} INFO - [2025-01-28T06:32:04.773+0000] {dagbag.py:588} INFO - Filling up the DagBag from /home/ubuntu/.local/lib/python3.12/site-packages/airflow/example_dags/example_branch_python_dop_operator_3.py
[2025-01-28T06:32:04.784+0000] {processor.py:925} INFO - DAG(s) 'example_branch_dop_operator_v3' retrieved from /home/ubuntu/.local/lib/python3.12/site-packages/airflow/example_dags/example_branch_python_dop_operator_3.py
[2025-01-28T06:32:04.800+0000] {logging_mixin.py:190} INFO - [2025-01-28T06:32:04.799+0000] {dag.py:3239} INFO - Sync 1 DAGs
[2025-01-28T06:32:04.821+0000] {logging_mixin.py:190} INFO - [2025-01-28T06:32:04.820+0000] {dag.py:4180} INFO - Setting next_dagrun for example_branch_dop_operator_v3 to 2025-01-28 06:31:00+00:00, run_after=2025-01-28 06:32:00+00:00
[2025-01-28T06:32:04.846+0000] {processor.py:208} INFO - Processing /home/ubuntu/.local/lib/python3.12/site-packages/airflow/example_dags/example_branch_python_dop_operator_3.py took 0.082 seconds
[2025-01-28T06:33:02.716+0000] {processor.py:186} INFO - Started process (PID=5844) to work on /home/ubuntu/.local/lib/python3.12/site-packages/airflow/example_dags/example_branch_python_dop_operator_3.py
[2025-01-28T06:33:02.718+0000] {processor.py:914} INFO - Processing file /home/ubuntu/.local/lib/python3.12/site-packages/airflow/example_dags/example_branch_python_dop_operator_3.py for tasks to queue
[2025-01-28T06:33:02.721+0000] {logging_mixin.py:190} INFO - [2025-01-28T06:33:02.720+0000] {dagbag.py:588} INFO - Filling up the DagBag from /home/ubuntu/.local/lib/python3.12/site-packages/airflow/example_dags/example_branch_python_dop_operator_3.py
[2025-01-28T06:33:02.730+0000] {processor.py:925} INFO - DAG(s) 'example_branch_dop_operator_v3' retrieved from /home/ubuntu/.local/lib/python3.12/site-packages/airflow/example_dags/example_branch_python_dop_operator_3.py
[2025-01-28T06:33:02.746+0000] {logging_mixin.py:190} INFO - [2025-01-28T06:33:02.746+0000] {dag.py:3239} INFO - Sync 1 DAGs
[2025-01-28T06:33:02.766+0000] {logging_mixin.py:190} INFO - [2025-01-28T06:33:02.766+0000] {dag.py:4180} INFO - Setting next_dagrun for example_branch_dop_operator_v3 to 2025-01-28 06:32:00+00:00, run_after=2025-01-28 06:33:00+00:00
[2025-01-28T06:33:02.789+0000] {processor.py:208} INFO - Processing /home/ubuntu/.local/lib/python3.12/site-packages/airflow/example_dags/example_branch_python_dop_operator_3.py took 0.078 seconds
[2025-01-28T06:34:02.227+0000] {processor.py:186} INFO - Started process (PID=5909) to work on /home/ubuntu/.local/lib/python3.12/site-packages/airflow/example_dags/example_branch_python_dop_operator_3.py
[2025-01-28T06:34:02.229+0000] {processor.py:914} INFO - Processing file /home/ubuntu/.local/lib/python3.12/site-packages/airflow/example_dags/example_branch_python_dop_operator_3.py for tasks to queue
[2025-01-28T06:34:02.232+0000] {logging_mixin.py:190} INFO - [2025-01-28T06:34:02.231+0000] {dagbag.py:588} INFO - Filling up the DagBag from /home/ubuntu/.local/lib/python3.12/site-packages/airflow/example_dags/example_branch_python_dop_operator_3.py
[2025-01-28T06:34:02.241+0000] {processor.py:925} INFO - DAG(s) 'example_branch_dop_operator_v3' retrieved from /home/ubuntu/.local/lib/python3.12/site-packages/airflow/example_dags/example_branch_python_dop_operator_3.py
[2025-01-28T06:34:02.258+0000] {logging_mixin.py:190} INFO - [2025-01-28T06:34:02.258+0000] {dag.py:3239} INFO - Sync 1 DAGs
[2025-01-28T06:34:02.278+0000] {logging_mixin.py:190} INFO - [2025-01-28T06:34:02.278+0000] {dag.py:4180} INFO - Setting next_dagrun for example_branch_dop_operator_v3 to 2025-01-28 06:33:00+00:00, run_after=2025-01-28 06:34:00+00:00
[2025-01-28T06:34:02.303+0000] {processor.py:208} INFO - Processing /home/ubuntu/.local/lib/python3.12/site-packages/airflow/example_dags/example_branch_python_dop_operator_3.py took 0.081 seconds
[2025-01-28T06:35:00.264+0000] {processor.py:186} INFO - Started process (PID=5968) to work on /home/ubuntu/.local/lib/python3.12/site-packages/airflow/example_dags/example_branch_python_dop_operator_3.py
[2025-01-28T06:35:00.267+0000] {processor.py:914} INFO - Processing file /home/ubuntu/.local/lib/python3.12/site-packages/airflow/example_dags/example_branch_python_dop_operator_3.py for tasks to queue
[2025-01-28T06:35:00.268+0000] {logging_mixin.py:190} INFO - [2025-01-28T06:35:00.268+0000] {dagbag.py:588} INFO - Filling up the DagBag from /home/ubuntu/.local/lib/python3.12/site-packages/airflow/example_dags/example_branch_python_dop_operator_3.py
[2025-01-28T06:35:00.279+0000] {processor.py:925} INFO - DAG(s) 'example_branch_dop_operator_v3' retrieved from /home/ubuntu/.local/lib/python3.12/site-packages/airflow/example_dags/example_branch_python_dop_operator_3.py
[2025-01-28T06:35:00.301+0000] {logging_mixin.py:190} INFO - [2025-01-28T06:35:00.301+0000] {dag.py:3239} INFO - Sync 1 DAGs
[2025-01-28T06:35:00.321+0000] {logging_mixin.py:190} INFO - [2025-01-28T06:35:00.321+0000] {dag.py:4180} INFO - Setting next_dagrun for example_branch_dop_operator_v3 to 2025-01-28 06:34:00+00:00, run_after=2025-01-28 06:35:00+00:00
[2025-01-28T06:35:00.343+0000] {processor.py:208} INFO - Processing /home/ubuntu/.local/lib/python3.12/site-packages/airflow/example_dags/example_branch_python_dop_operator_3.py took 0.083 seconds
[2025-01-28T06:36:19.524+0000] {processor.py:186} INFO - Started process (PID=6053) to work on /home/ubuntu/.local/lib/python3.12/site-packages/airflow/example_dags/example_branch_python_dop_operator_3.py
[2025-01-28T06:36:19.526+0000] {processor.py:914} INFO - Processing file /home/ubuntu/.local/lib/python3.12/site-packages/airflow/example_dags/example_branch_python_dop_operator_3.py for tasks to queue
[2025-01-28T06:36:19.528+0000] {logging_mixin.py:190} INFO - [2025-01-28T06:36:19.528+0000] {dagbag.py:588} INFO - Filling up the DagBag from /home/ubuntu/.local/lib/python3.12/site-packages/airflow/example_dags/example_branch_python_dop_operator_3.py
[2025-01-28T06:36:19.538+0000] {processor.py:925} INFO - DAG(s) 'example_branch_dop_operator_v3' retrieved from /home/ubuntu/.local/lib/python3.12/site-packages/airflow/example_dags/example_branch_python_dop_operator_3.py
[2025-01-28T06:36:19.553+0000] {logging_mixin.py:190} INFO - [2025-01-28T06:36:19.553+0000] {dag.py:3239} INFO - Sync 1 DAGs
[2025-01-28T06:36:19.573+0000] {logging_mixin.py:190} INFO - [2025-01-28T06:36:19.573+0000] {dag.py:4180} INFO - Setting next_dagrun for example_branch_dop_operator_v3 to 2025-01-28 06:35:00+00:00, run_after=2025-01-28 06:36:00+00:00
[2025-01-28T06:36:19.597+0000] {processor.py:208} INFO - Processing /home/ubuntu/.local/lib/python3.12/site-packages/airflow/example_dags/example_branch_python_dop_operator_3.py took 0.078 seconds
[2025-01-28T06:37:38.213+0000] {processor.py:186} INFO - Started process (PID=6134) to work on /home/ubuntu/.local/lib/python3.12/site-packages/airflow/example_dags/example_branch_python_dop_operator_3.py
[2025-01-28T06:37:38.214+0000] {processor.py:914} INFO - Processing file /home/ubuntu/.local/lib/python3.12/site-packages/airflow/example_dags/example_branch_python_dop_operator_3.py for tasks to queue
[2025-01-28T06:37:38.216+0000] {logging_mixin.py:190} INFO - [2025-01-28T06:37:38.216+0000] {dagbag.py:588} INFO - Filling up the DagBag from /home/ubuntu/.local/lib/python3.12/site-packages/airflow/example_dags/example_branch_python_dop_operator_3.py
[2025-01-28T06:37:38.227+0000] {processor.py:925} INFO - DAG(s) 'example_branch_dop_operator_v3' retrieved from /home/ubuntu/.local/lib/python3.12/site-packages/airflow/example_dags/example_branch_python_dop_operator_3.py
[2025-01-28T06:37:38.242+0000] {logging_mixin.py:190} INFO - [2025-01-28T06:37:38.242+0000] {dag.py:3239} INFO - Sync 1 DAGs
[2025-01-28T06:37:38.263+0000] {logging_mixin.py:190} INFO - [2025-01-28T06:37:38.262+0000] {dag.py:4180} INFO - Setting next_dagrun for example_branch_dop_operator_v3 to 2025-01-28 06:36:00+00:00, run_after=2025-01-28 06:37:00+00:00
[2025-01-28T06:37:38.288+0000] {processor.py:208} INFO - Processing /home/ubuntu/.local/lib/python3.12/site-packages/airflow/example_dags/example_branch_python_dop_operator_3.py took 0.080 seconds
[2025-01-28T06:38:57.627+0000] {processor.py:186} INFO - Started process (PID=6218) to work on /home/ubuntu/.local/lib/python3.12/site-packages/airflow/example_dags/example_branch_python_dop_operator_3.py
[2025-01-28T06:38:57.629+0000] {processor.py:914} INFO - Processing file /home/ubuntu/.local/lib/python3.12/site-packages/airflow/example_dags/example_branch_python_dop_operator_3.py for tasks to queue
[2025-01-28T06:38:57.631+0000] {logging_mixin.py:190} INFO - [2025-01-28T06:38:57.630+0000] {dagbag.py:588} INFO - Filling up the DagBag from /home/ubuntu/.local/lib/python3.12/site-packages/airflow/example_dags/example_branch_python_dop_operator_3.py
[2025-01-28T06:38:57.641+0000] {processor.py:925} INFO - DAG(s) 'example_branch_dop_operator_v3' retrieved from /home/ubuntu/.local/lib/python3.12/site-packages/airflow/example_dags/example_branch_python_dop_operator_3.py
[2025-01-28T06:38:57.655+0000] {logging_mixin.py:190} INFO - [2025-01-28T06:38:57.655+0000] {dag.py:3239} INFO - Sync 1 DAGs
[2025-01-28T06:38:57.677+0000] {logging_mixin.py:190} INFO - [2025-01-28T06:38:57.676+0000] {dag.py:4180} INFO - Setting next_dagrun for example_branch_dop_operator_v3 to 2025-01-28 06:37:00+00:00, run_after=2025-01-28 06:38:00+00:00
[2025-01-28T06:38:57.699+0000] {processor.py:208} INFO - Processing /home/ubuntu/.local/lib/python3.12/site-packages/airflow/example_dags/example_branch_python_dop_operator_3.py took 0.078 seconds
[2025-01-28T06:39:55.529+0000] {processor.py:186} INFO - Started process (PID=6275) to work on /home/ubuntu/.local/lib/python3.12/site-packages/airflow/example_dags/example_branch_python_dop_operator_3.py
[2025-01-28T06:39:55.531+0000] {processor.py:914} INFO - Processing file /home/ubuntu/.local/lib/python3.12/site-packages/airflow/example_dags/example_branch_python_dop_operator_3.py for tasks to queue
[2025-01-28T06:39:55.533+0000] {logging_mixin.py:190} INFO - [2025-01-28T06:39:55.532+0000] {dagbag.py:588} INFO - Filling up the DagBag from /home/ubuntu/.local/lib/python3.12/site-packages/airflow/example_dags/example_branch_python_dop_operator_3.py
[2025-01-28T06:39:55.543+0000] {processor.py:925} INFO - DAG(s) 'example_branch_dop_operator_v3' retrieved from /home/ubuntu/.local/lib/python3.12/site-packages/airflow/example_dags/example_branch_python_dop_operator_3.py
[2025-01-28T06:39:55.557+0000] {logging_mixin.py:190} INFO - [2025-01-28T06:39:55.557+0000] {dag.py:3239} INFO - Sync 1 DAGs
[2025-01-28T06:39:55.578+0000] {logging_mixin.py:190} INFO - [2025-01-28T06:39:55.578+0000] {dag.py:4180} INFO - Setting next_dagrun for example_branch_dop_operator_v3 to 2025-01-28 06:38:00+00:00, run_after=2025-01-28 06:39:00+00:00
[2025-01-28T06:39:55.742+0000] {processor.py:208} INFO - Processing /home/ubuntu/.local/lib/python3.12/site-packages/airflow/example_dags/example_branch_python_dop_operator_3.py took 0.219 seconds
[2025-01-28T06:40:51.935+0000] {processor.py:186} INFO - Started process (PID=6338) to work on /home/ubuntu/.local/lib/python3.12/site-packages/airflow/example_dags/example_branch_python_dop_operator_3.py
[2025-01-28T06:40:51.936+0000] {processor.py:914} INFO - Processing file /home/ubuntu/.local/lib/python3.12/site-packages/airflow/example_dags/example_branch_python_dop_operator_3.py for tasks to queue
[2025-01-28T06:40:51.939+0000] {logging_mixin.py:190} INFO - [2025-01-28T06:40:51.939+0000] {dagbag.py:588} INFO - Filling up the DagBag from /home/ubuntu/.local/lib/python3.12/site-packages/airflow/example_dags/example_branch_python_dop_operator_3.py
[2025-01-28T06:40:51.949+0000] {processor.py:925} INFO - DAG(s) 'example_branch_dop_operator_v3' retrieved from /home/ubuntu/.local/lib/python3.12/site-packages/airflow/example_dags/example_branch_python_dop_operator_3.py
[2025-01-28T06:40:51.964+0000] {logging_mixin.py:190} INFO - [2025-01-28T06:40:51.964+0000] {dag.py:3239} INFO - Sync 1 DAGs
[2025-01-28T06:40:51.984+0000] {logging_mixin.py:190} INFO - [2025-01-28T06:40:51.984+0000] {dag.py:4180} INFO - Setting next_dagrun for example_branch_dop_operator_v3 to 2025-01-28 06:39:00+00:00, run_after=2025-01-28 06:40:00+00:00
[2025-01-28T06:40:52.136+0000] {processor.py:208} INFO - Processing /home/ubuntu/.local/lib/python3.12/site-packages/airflow/example_dags/example_branch_python_dop_operator_3.py took 0.207 seconds
[2025-01-28T06:41:55.421+0000] {processor.py:186} INFO - Started process (PID=6532) to work on /home/ubuntu/.local/lib/python3.12/site-packages/airflow/example_dags/example_branch_python_dop_operator_3.py
[2025-01-28T06:41:55.423+0000] {processor.py:914} INFO - Processing file /home/ubuntu/.local/lib/python3.12/site-packages/airflow/example_dags/example_branch_python_dop_operator_3.py for tasks to queue
[2025-01-28T06:41:55.425+0000] {logging_mixin.py:190} INFO - [2025-01-28T06:41:55.425+0000] {dagbag.py:588} INFO - Filling up the DagBag from /home/ubuntu/.local/lib/python3.12/site-packages/airflow/example_dags/example_branch_python_dop_operator_3.py
[2025-01-28T06:41:55.436+0000] {processor.py:925} INFO - DAG(s) 'example_branch_dop_operator_v3' retrieved from /home/ubuntu/.local/lib/python3.12/site-packages/airflow/example_dags/example_branch_python_dop_operator_3.py
[2025-01-28T06:41:55.450+0000] {logging_mixin.py:190} INFO - [2025-01-28T06:41:55.450+0000] {dag.py:3239} INFO - Sync 1 DAGs
[2025-01-28T06:41:55.471+0000] {logging_mixin.py:190} INFO - [2025-01-28T06:41:55.470+0000] {dag.py:4180} INFO - Setting next_dagrun for example_branch_dop_operator_v3 to 2025-01-28 06:40:00+00:00, run_after=2025-01-28 06:41:00+00:00
[2025-01-28T06:41:55.493+0000] {processor.py:208} INFO - Processing /home/ubuntu/.local/lib/python3.12/site-packages/airflow/example_dags/example_branch_python_dop_operator_3.py took 0.077 seconds
[2025-01-28T06:42:52.894+0000] {processor.py:186} INFO - Started process (PID=6590) to work on /home/ubuntu/.local/lib/python3.12/site-packages/airflow/example_dags/example_branch_python_dop_operator_3.py
[2025-01-28T06:42:52.896+0000] {processor.py:914} INFO - Processing file /home/ubuntu/.local/lib/python3.12/site-packages/airflow/example_dags/example_branch_python_dop_operator_3.py for tasks to queue
[2025-01-28T06:42:52.898+0000] {logging_mixin.py:190} INFO - [2025-01-28T06:42:52.898+0000] {dagbag.py:588} INFO - Filling up the DagBag from /home/ubuntu/.local/lib/python3.12/site-packages/airflow/example_dags/example_branch_python_dop_operator_3.py
[2025-01-28T06:42:52.908+0000] {processor.py:925} INFO - DAG(s) 'example_branch_dop_operator_v3' retrieved from /home/ubuntu/.local/lib/python3.12/site-packages/airflow/example_dags/example_branch_python_dop_operator_3.py
[2025-01-28T06:42:52.923+0000] {logging_mixin.py:190} INFO - [2025-01-28T06:42:52.923+0000] {dag.py:3239} INFO - Sync 1 DAGs
[2025-01-28T06:42:52.942+0000] {logging_mixin.py:190} INFO - [2025-01-28T06:42:52.942+0000] {dag.py:4180} INFO - Setting next_dagrun for example_branch_dop_operator_v3 to 2025-01-28 06:41:00+00:00, run_after=2025-01-28 06:42:00+00:00
[2025-01-28T06:42:52.975+0000] {processor.py:208} INFO - Processing /home/ubuntu/.local/lib/python3.12/site-packages/airflow/example_dags/example_branch_python_dop_operator_3.py took 0.087 seconds
[2025-01-28T06:43:53.792+0000] {processor.py:186} INFO - Started process (PID=6647) to work on /home/ubuntu/.local/lib/python3.12/site-packages/airflow/example_dags/example_branch_python_dop_operator_3.py
[2025-01-28T06:43:53.793+0000] {processor.py:914} INFO - Processing file /home/ubuntu/.local/lib/python3.12/site-packages/airflow/example_dags/example_branch_python_dop_operator_3.py for tasks to queue
[2025-01-28T06:43:53.796+0000] {logging_mixin.py:190} INFO - [2025-01-28T06:43:53.795+0000] {dagbag.py:588} INFO - Filling up the DagBag from /home/ubuntu/.local/lib/python3.12/site-packages/airflow/example_dags/example_branch_python_dop_operator_3.py
[2025-01-28T06:43:53.810+0000] {processor.py:925} INFO - DAG(s) 'example_branch_dop_operator_v3' retrieved from /home/ubuntu/.local/lib/python3.12/site-packages/airflow/example_dags/example_branch_python_dop_operator_3.py
[2025-01-28T06:43:53.831+0000] {logging_mixin.py:190} INFO - [2025-01-28T06:43:53.831+0000] {dag.py:3239} INFO - Sync 1 DAGs
[2025-01-28T06:43:53.851+0000] {logging_mixin.py:190} INFO - [2025-01-28T06:43:53.851+0000] {dag.py:4180} INFO - Setting next_dagrun for example_branch_dop_operator_v3 to 2025-01-28 06:42:00+00:00, run_after=2025-01-28 06:43:00+00:00
[2025-01-28T06:43:53.874+0000] {processor.py:208} INFO - Processing /home/ubuntu/.local/lib/python3.12/site-packages/airflow/example_dags/example_branch_python_dop_operator_3.py took 0.087 seconds
[2025-01-28T06:45:02.344+0000] {processor.py:186} INFO - Started process (PID=6714) to work on /home/ubuntu/.local/lib/python3.12/site-packages/airflow/example_dags/example_branch_python_dop_operator_3.py
[2025-01-28T06:45:02.346+0000] {processor.py:914} INFO - Processing file /home/ubuntu/.local/lib/python3.12/site-packages/airflow/example_dags/example_branch_python_dop_operator_3.py for tasks to queue
[2025-01-28T06:45:02.349+0000] {logging_mixin.py:190} INFO - [2025-01-28T06:45:02.348+0000] {dagbag.py:588} INFO - Filling up the DagBag from /home/ubuntu/.local/lib/python3.12/site-packages/airflow/example_dags/example_branch_python_dop_operator_3.py
[2025-01-28T06:45:02.507+0000] {processor.py:925} INFO - DAG(s) 'example_branch_dop_operator_v3' retrieved from /home/ubuntu/.local/lib/python3.12/site-packages/airflow/example_dags/example_branch_python_dop_operator_3.py
[2025-01-28T06:45:02.518+0000] {logging_mixin.py:190} INFO - [2025-01-28T06:45:02.518+0000] {dag.py:3239} INFO - Sync 1 DAGs
[2025-01-28T06:45:02.536+0000] {logging_mixin.py:190} INFO - [2025-01-28T06:45:02.536+0000] {dag.py:4180} INFO - Setting next_dagrun for example_branch_dop_operator_v3 to 2025-01-28 06:44:00+00:00, run_after=2025-01-28 06:45:00+00:00
[2025-01-28T06:45:02.557+0000] {processor.py:208} INFO - Processing /home/ubuntu/.local/lib/python3.12/site-packages/airflow/example_dags/example_branch_python_dop_operator_3.py took 0.219 seconds
[2025-01-28T06:45:58.202+0000] {processor.py:186} INFO - Started process (PID=6878) to work on /home/ubuntu/.local/lib/python3.12/site-packages/airflow/example_dags/example_branch_python_dop_operator_3.py
[2025-01-28T06:45:58.204+0000] {processor.py:914} INFO - Processing file /home/ubuntu/.local/lib/python3.12/site-packages/airflow/example_dags/example_branch_python_dop_operator_3.py for tasks to queue
[2025-01-28T06:45:58.207+0000] {logging_mixin.py:190} INFO - [2025-01-28T06:45:58.207+0000] {dagbag.py:588} INFO - Filling up the DagBag from /home/ubuntu/.local/lib/python3.12/site-packages/airflow/example_dags/example_branch_python_dop_operator_3.py
[2025-01-28T06:45:58.223+0000] {processor.py:925} INFO - DAG(s) 'example_branch_dop_operator_v3' retrieved from /home/ubuntu/.local/lib/python3.12/site-packages/airflow/example_dags/example_branch_python_dop_operator_3.py
[2025-01-28T06:45:58.252+0000] {logging_mixin.py:190} INFO - [2025-01-28T06:45:58.252+0000] {dag.py:3239} INFO - Sync 1 DAGs
[2025-01-28T06:45:58.282+0000] {logging_mixin.py:190} INFO - [2025-01-28T06:45:58.282+0000] {dag.py:4180} INFO - Setting next_dagrun for example_branch_dop_operator_v3 to 2025-01-28 06:44:00+00:00, run_after=2025-01-28 06:45:00+00:00
[2025-01-28T06:45:58.309+0000] {processor.py:208} INFO - Processing /home/ubuntu/.local/lib/python3.12/site-packages/airflow/example_dags/example_branch_python_dop_operator_3.py took 0.116 seconds
