[2025-01-28T03:39:35.823+0000] {processor.py:186} INFO - Started process (PID=9636) to work on /home/ubuntu/airflow-venv/lib/python3.12/site-packages/airflow/example_dags/example_short_circuit_decorator.py
[2025-01-28T03:39:35.823+0000] {processor.py:914} INFO - Processing file /home/ubuntu/airflow-venv/lib/python3.12/site-packages/airflow/example_dags/example_short_circuit_decorator.py for tasks to queue
[2025-01-28T03:39:35.825+0000] {logging_mixin.py:190} INFO - [2025-01-28T03:39:35.825+0000] {dagbag.py:588} INFO - Filling up the DagBag from /home/ubuntu/airflow-venv/lib/python3.12/site-packages/airflow/example_dags/example_short_circuit_decorator.py
[2025-01-28T03:39:35.836+0000] {processor.py:925} INFO - DAG(s) 'example_short_circuit_decorator' retrieved from /home/ubuntu/airflow-venv/lib/python3.12/site-packages/airflow/example_dags/example_short_circuit_decorator.py
[2025-01-28T03:39:35.939+0000] {logging_mixin.py:190} INFO - [2025-01-28T03:39:35.939+0000] {override.py:1912} INFO - Created Permission View: can read on DAG:example_short_circuit_decorator
[2025-01-28T03:39:35.952+0000] {logging_mixin.py:190} INFO - [2025-01-28T03:39:35.952+0000] {override.py:1912} INFO - Created Permission View: can delete on DAG:example_short_circuit_decorator
[2025-01-28T03:39:35.964+0000] {logging_mixin.py:190} INFO - [2025-01-28T03:39:35.963+0000] {override.py:1912} INFO - Created Permission View: can edit on DAG:example_short_circuit_decorator
[2025-01-28T03:39:35.982+0000] {logging_mixin.py:190} INFO - [2025-01-28T03:39:35.982+0000] {override.py:1912} INFO - Created Permission View: menu access on DAG Run:example_short_circuit_decorator
[2025-01-28T03:39:35.994+0000] {logging_mixin.py:190} INFO - [2025-01-28T03:39:35.994+0000] {override.py:1912} INFO - Created Permission View: can read on DAG Run:example_short_circuit_decorator
[2025-01-28T03:39:36.005+0000] {logging_mixin.py:190} INFO - [2025-01-28T03:39:36.005+0000] {override.py:1912} INFO - Created Permission View: can delete on DAG Run:example_short_circuit_decorator
[2025-01-28T03:39:36.014+0000] {logging_mixin.py:190} INFO - [2025-01-28T03:39:36.014+0000] {override.py:1912} INFO - Created Permission View: can create on DAG Run:example_short_circuit_decorator
[2025-01-28T03:39:36.015+0000] {logging_mixin.py:190} INFO - [2025-01-28T03:39:36.015+0000] {dag.py:3239} INFO - Sync 1 DAGs
[2025-01-28T03:39:36.024+0000] {logging_mixin.py:190} INFO - [2025-01-28T03:39:36.024+0000] {dag.py:3262} INFO - Creating ORM DAG for example_short_circuit_decorator
[2025-01-28T03:39:36.025+0000] {logging_mixin.py:190} INFO - [2025-01-28T03:39:36.025+0000] {dag.py:4180} INFO - Setting next_dagrun for example_short_circuit_decorator to None, run_after=None
[2025-01-28T03:39:36.047+0000] {processor.py:208} INFO - Processing /home/ubuntu/airflow-venv/lib/python3.12/site-packages/airflow/example_dags/example_short_circuit_decorator.py took 0.230 seconds
[2025-01-28T03:40:42.418+0000] {processor.py:186} INFO - Started process (PID=9697) to work on /home/ubuntu/airflow-venv/lib/python3.12/site-packages/airflow/example_dags/example_short_circuit_decorator.py
[2025-01-28T03:40:42.419+0000] {processor.py:914} INFO - Processing file /home/ubuntu/airflow-venv/lib/python3.12/site-packages/airflow/example_dags/example_short_circuit_decorator.py for tasks to queue
[2025-01-28T03:40:42.423+0000] {logging_mixin.py:190} INFO - [2025-01-28T03:40:42.422+0000] {dagbag.py:588} INFO - Filling up the DagBag from /home/ubuntu/airflow-venv/lib/python3.12/site-packages/airflow/example_dags/example_short_circuit_decorator.py
[2025-01-28T03:40:42.440+0000] {processor.py:925} INFO - DAG(s) 'example_short_circuit_decorator' retrieved from /home/ubuntu/airflow-venv/lib/python3.12/site-packages/airflow/example_dags/example_short_circuit_decorator.py
[2025-01-28T03:40:42.462+0000] {logging_mixin.py:190} INFO - [2025-01-28T03:40:42.461+0000] {dag.py:3239} INFO - Sync 1 DAGs
[2025-01-28T03:40:42.473+0000] {logging_mixin.py:190} INFO - [2025-01-28T03:40:42.473+0000] {dag.py:4180} INFO - Setting next_dagrun for example_short_circuit_decorator to None, run_after=None
[2025-01-28T03:40:42.494+0000] {processor.py:208} INFO - Processing /home/ubuntu/airflow-venv/lib/python3.12/site-packages/airflow/example_dags/example_short_circuit_decorator.py took 0.086 seconds
[2025-01-28T03:43:20.773+0000] {processor.py:186} INFO - Started process (PID=9798) to work on /home/ubuntu/airflow-venv/lib/python3.12/site-packages/airflow/example_dags/example_short_circuit_decorator.py
[2025-01-28T03:43:20.775+0000] {processor.py:914} INFO - Processing file /home/ubuntu/airflow-venv/lib/python3.12/site-packages/airflow/example_dags/example_short_circuit_decorator.py for tasks to queue
[2025-01-28T03:43:20.777+0000] {logging_mixin.py:190} INFO - [2025-01-28T03:43:20.777+0000] {dagbag.py:588} INFO - Filling up the DagBag from /home/ubuntu/airflow-venv/lib/python3.12/site-packages/airflow/example_dags/example_short_circuit_decorator.py
[2025-01-28T03:43:20.786+0000] {processor.py:925} INFO - DAG(s) 'example_short_circuit_decorator' retrieved from /home/ubuntu/airflow-venv/lib/python3.12/site-packages/airflow/example_dags/example_short_circuit_decorator.py
[2025-01-28T03:43:20.805+0000] {logging_mixin.py:190} INFO - [2025-01-28T03:43:20.805+0000] {dag.py:3239} INFO - Sync 1 DAGs
[2025-01-28T03:43:20.816+0000] {logging_mixin.py:190} INFO - [2025-01-28T03:43:20.816+0000] {dag.py:4180} INFO - Setting next_dagrun for example_short_circuit_decorator to None, run_after=None
[2025-01-28T03:43:20.838+0000] {processor.py:208} INFO - Processing /home/ubuntu/airflow-venv/lib/python3.12/site-packages/airflow/example_dags/example_short_circuit_decorator.py took 0.073 seconds
[2025-01-28T03:44:16.574+0000] {processor.py:186} INFO - Started process (PID=9856) to work on /home/ubuntu/airflow-venv/lib/python3.12/site-packages/airflow/example_dags/example_short_circuit_decorator.py
[2025-01-28T03:44:16.575+0000] {processor.py:914} INFO - Processing file /home/ubuntu/airflow-venv/lib/python3.12/site-packages/airflow/example_dags/example_short_circuit_decorator.py for tasks to queue
[2025-01-28T03:44:16.577+0000] {logging_mixin.py:190} INFO - [2025-01-28T03:44:16.577+0000] {dagbag.py:588} INFO - Filling up the DagBag from /home/ubuntu/airflow-venv/lib/python3.12/site-packages/airflow/example_dags/example_short_circuit_decorator.py
[2025-01-28T03:44:16.587+0000] {processor.py:925} INFO - DAG(s) 'example_short_circuit_decorator' retrieved from /home/ubuntu/airflow-venv/lib/python3.12/site-packages/airflow/example_dags/example_short_circuit_decorator.py
[2025-01-28T03:44:16.605+0000] {logging_mixin.py:190} INFO - [2025-01-28T03:44:16.604+0000] {dag.py:3239} INFO - Sync 1 DAGs
[2025-01-28T03:44:16.616+0000] {logging_mixin.py:190} INFO - [2025-01-28T03:44:16.616+0000] {dag.py:4180} INFO - Setting next_dagrun for example_short_circuit_decorator to None, run_after=None
[2025-01-28T03:44:16.639+0000] {processor.py:208} INFO - Processing /home/ubuntu/airflow-venv/lib/python3.12/site-packages/airflow/example_dags/example_short_circuit_decorator.py took 0.071 seconds
[2025-01-28T03:45:08.280+0000] {processor.py:186} INFO - Started process (PID=9914) to work on /home/ubuntu/airflow-venv/lib/python3.12/site-packages/airflow/example_dags/example_short_circuit_decorator.py
[2025-01-28T03:45:08.281+0000] {processor.py:914} INFO - Processing file /home/ubuntu/airflow-venv/lib/python3.12/site-packages/airflow/example_dags/example_short_circuit_decorator.py for tasks to queue
[2025-01-28T03:45:08.284+0000] {logging_mixin.py:190} INFO - [2025-01-28T03:45:08.283+0000] {dagbag.py:588} INFO - Filling up the DagBag from /home/ubuntu/airflow-venv/lib/python3.12/site-packages/airflow/example_dags/example_short_circuit_decorator.py
[2025-01-28T03:45:08.293+0000] {processor.py:925} INFO - DAG(s) 'example_short_circuit_decorator' retrieved from /home/ubuntu/airflow-venv/lib/python3.12/site-packages/airflow/example_dags/example_short_circuit_decorator.py
[2025-01-28T03:45:08.310+0000] {logging_mixin.py:190} INFO - [2025-01-28T03:45:08.310+0000] {dag.py:3239} INFO - Sync 1 DAGs
[2025-01-28T03:45:08.322+0000] {logging_mixin.py:190} INFO - [2025-01-28T03:45:08.322+0000] {dag.py:4180} INFO - Setting next_dagrun for example_short_circuit_decorator to None, run_after=None
[2025-01-28T03:45:08.345+0000] {processor.py:208} INFO - Processing /home/ubuntu/airflow-venv/lib/python3.12/site-packages/airflow/example_dags/example_short_circuit_decorator.py took 0.070 seconds
[2025-01-28T03:45:59.885+0000] {processor.py:186} INFO - Started process (PID=9967) to work on /home/ubuntu/airflow-venv/lib/python3.12/site-packages/airflow/example_dags/example_short_circuit_decorator.py
[2025-01-28T03:45:59.887+0000] {processor.py:914} INFO - Processing file /home/ubuntu/airflow-venv/lib/python3.12/site-packages/airflow/example_dags/example_short_circuit_decorator.py for tasks to queue
[2025-01-28T03:45:59.889+0000] {logging_mixin.py:190} INFO - [2025-01-28T03:45:59.889+0000] {dagbag.py:588} INFO - Filling up the DagBag from /home/ubuntu/airflow-venv/lib/python3.12/site-packages/airflow/example_dags/example_short_circuit_decorator.py
[2025-01-28T03:45:59.899+0000] {processor.py:925} INFO - DAG(s) 'example_short_circuit_decorator' retrieved from /home/ubuntu/airflow-venv/lib/python3.12/site-packages/airflow/example_dags/example_short_circuit_decorator.py
[2025-01-28T03:45:59.916+0000] {logging_mixin.py:190} INFO - [2025-01-28T03:45:59.916+0000] {dag.py:3239} INFO - Sync 1 DAGs
[2025-01-28T03:45:59.928+0000] {logging_mixin.py:190} INFO - [2025-01-28T03:45:59.927+0000] {dag.py:4180} INFO - Setting next_dagrun for example_short_circuit_decorator to None, run_after=None
[2025-01-28T03:45:59.949+0000] {processor.py:208} INFO - Processing /home/ubuntu/airflow-venv/lib/python3.12/site-packages/airflow/example_dags/example_short_circuit_decorator.py took 0.069 seconds
[2025-01-28T03:46:53.621+0000] {processor.py:186} INFO - Started process (PID=10021) to work on /home/ubuntu/airflow-venv/lib/python3.12/site-packages/airflow/example_dags/example_short_circuit_decorator.py
[2025-01-28T03:46:53.623+0000] {processor.py:914} INFO - Processing file /home/ubuntu/airflow-venv/lib/python3.12/site-packages/airflow/example_dags/example_short_circuit_decorator.py for tasks to queue
[2025-01-28T03:46:53.625+0000] {logging_mixin.py:190} INFO - [2025-01-28T03:46:53.625+0000] {dagbag.py:588} INFO - Filling up the DagBag from /home/ubuntu/airflow-venv/lib/python3.12/site-packages/airflow/example_dags/example_short_circuit_decorator.py
[2025-01-28T03:46:53.635+0000] {processor.py:925} INFO - DAG(s) 'example_short_circuit_decorator' retrieved from /home/ubuntu/airflow-venv/lib/python3.12/site-packages/airflow/example_dags/example_short_circuit_decorator.py
[2025-01-28T03:46:53.652+0000] {logging_mixin.py:190} INFO - [2025-01-28T03:46:53.652+0000] {dag.py:3239} INFO - Sync 1 DAGs
[2025-01-28T03:46:53.666+0000] {logging_mixin.py:190} INFO - [2025-01-28T03:46:53.666+0000] {dag.py:4180} INFO - Setting next_dagrun for example_short_circuit_decorator to None, run_after=None
[2025-01-28T03:46:53.691+0000] {processor.py:208} INFO - Processing /home/ubuntu/airflow-venv/lib/python3.12/site-packages/airflow/example_dags/example_short_circuit_decorator.py took 0.076 seconds
[2025-01-28T03:47:46.839+0000] {processor.py:186} INFO - Started process (PID=10076) to work on /home/ubuntu/airflow-venv/lib/python3.12/site-packages/airflow/example_dags/example_short_circuit_decorator.py
[2025-01-28T03:47:46.841+0000] {processor.py:914} INFO - Processing file /home/ubuntu/airflow-venv/lib/python3.12/site-packages/airflow/example_dags/example_short_circuit_decorator.py for tasks to queue
[2025-01-28T03:47:46.843+0000] {logging_mixin.py:190} INFO - [2025-01-28T03:47:46.843+0000] {dagbag.py:588} INFO - Filling up the DagBag from /home/ubuntu/airflow-venv/lib/python3.12/site-packages/airflow/example_dags/example_short_circuit_decorator.py
[2025-01-28T03:47:46.852+0000] {processor.py:925} INFO - DAG(s) 'example_short_circuit_decorator' retrieved from /home/ubuntu/airflow-venv/lib/python3.12/site-packages/airflow/example_dags/example_short_circuit_decorator.py
[2025-01-28T03:47:46.870+0000] {logging_mixin.py:190} INFO - [2025-01-28T03:47:46.870+0000] {dag.py:3239} INFO - Sync 1 DAGs
[2025-01-28T03:47:46.881+0000] {logging_mixin.py:190} INFO - [2025-01-28T03:47:46.881+0000] {dag.py:4180} INFO - Setting next_dagrun for example_short_circuit_decorator to None, run_after=None
[2025-01-28T03:47:46.902+0000] {processor.py:208} INFO - Processing /home/ubuntu/airflow-venv/lib/python3.12/site-packages/airflow/example_dags/example_short_circuit_decorator.py took 0.068 seconds
[2025-01-28T03:48:35.244+0000] {processor.py:186} INFO - Started process (PID=10128) to work on /home/ubuntu/airflow-venv/lib/python3.12/site-packages/airflow/example_dags/example_short_circuit_decorator.py
[2025-01-28T03:48:35.245+0000] {processor.py:914} INFO - Processing file /home/ubuntu/airflow-venv/lib/python3.12/site-packages/airflow/example_dags/example_short_circuit_decorator.py for tasks to queue
[2025-01-28T03:48:35.248+0000] {logging_mixin.py:190} INFO - [2025-01-28T03:48:35.248+0000] {dagbag.py:588} INFO - Filling up the DagBag from /home/ubuntu/airflow-venv/lib/python3.12/site-packages/airflow/example_dags/example_short_circuit_decorator.py
[2025-01-28T03:48:35.262+0000] {processor.py:925} INFO - DAG(s) 'example_short_circuit_decorator' retrieved from /home/ubuntu/airflow-venv/lib/python3.12/site-packages/airflow/example_dags/example_short_circuit_decorator.py
[2025-01-28T03:48:35.280+0000] {logging_mixin.py:190} INFO - [2025-01-28T03:48:35.280+0000] {dag.py:3239} INFO - Sync 1 DAGs
[2025-01-28T03:48:35.292+0000] {logging_mixin.py:190} INFO - [2025-01-28T03:48:35.292+0000] {dag.py:4180} INFO - Setting next_dagrun for example_short_circuit_decorator to None, run_after=None
[2025-01-28T03:48:35.313+0000] {processor.py:208} INFO - Processing /home/ubuntu/airflow-venv/lib/python3.12/site-packages/airflow/example_dags/example_short_circuit_decorator.py took 0.074 seconds
[2025-01-28T03:49:23.876+0000] {processor.py:186} INFO - Started process (PID=10179) to work on /home/ubuntu/airflow-venv/lib/python3.12/site-packages/airflow/example_dags/example_short_circuit_decorator.py
[2025-01-28T03:49:23.878+0000] {processor.py:914} INFO - Processing file /home/ubuntu/airflow-venv/lib/python3.12/site-packages/airflow/example_dags/example_short_circuit_decorator.py for tasks to queue
[2025-01-28T03:49:23.880+0000] {logging_mixin.py:190} INFO - [2025-01-28T03:49:23.879+0000] {dagbag.py:588} INFO - Filling up the DagBag from /home/ubuntu/airflow-venv/lib/python3.12/site-packages/airflow/example_dags/example_short_circuit_decorator.py
[2025-01-28T03:49:23.890+0000] {processor.py:925} INFO - DAG(s) 'example_short_circuit_decorator' retrieved from /home/ubuntu/airflow-venv/lib/python3.12/site-packages/airflow/example_dags/example_short_circuit_decorator.py
[2025-01-28T03:49:23.907+0000] {logging_mixin.py:190} INFO - [2025-01-28T03:49:23.907+0000] {dag.py:3239} INFO - Sync 1 DAGs
[2025-01-28T03:49:23.918+0000] {logging_mixin.py:190} INFO - [2025-01-28T03:49:23.918+0000] {dag.py:4180} INFO - Setting next_dagrun for example_short_circuit_decorator to None, run_after=None
[2025-01-28T03:49:23.940+0000] {processor.py:208} INFO - Processing /home/ubuntu/airflow-venv/lib/python3.12/site-packages/airflow/example_dags/example_short_circuit_decorator.py took 0.070 seconds
[2025-01-28T05:55:16.152+0000] {processor.py:186} INFO - Started process (PID=1908) to work on /home/ubuntu/.local/lib/python3.12/site-packages/airflow/example_dags/example_short_circuit_decorator.py
[2025-01-28T05:55:16.155+0000] {processor.py:914} INFO - Processing file /home/ubuntu/.local/lib/python3.12/site-packages/airflow/example_dags/example_short_circuit_decorator.py for tasks to queue
[2025-01-28T05:55:16.157+0000] {logging_mixin.py:190} INFO - [2025-01-28T05:55:16.157+0000] {dagbag.py:588} INFO - Filling up the DagBag from /home/ubuntu/.local/lib/python3.12/site-packages/airflow/example_dags/example_short_circuit_decorator.py
[2025-01-28T05:55:16.167+0000] {processor.py:925} INFO - DAG(s) 'example_short_circuit_decorator' retrieved from /home/ubuntu/.local/lib/python3.12/site-packages/airflow/example_dags/example_short_circuit_decorator.py
[2025-01-28T05:55:16.264+0000] {logging_mixin.py:190} INFO - [2025-01-28T05:55:16.263+0000] {dag.py:3239} INFO - Sync 1 DAGs
[2025-01-28T05:55:16.273+0000] {logging_mixin.py:190} INFO - [2025-01-28T05:55:16.273+0000] {dag.py:4180} INFO - Setting next_dagrun for example_short_circuit_decorator to None, run_after=None
[2025-01-28T05:55:16.300+0000] {processor.py:208} INFO - Processing /home/ubuntu/.local/lib/python3.12/site-packages/airflow/example_dags/example_short_circuit_decorator.py took 0.152 seconds
[2025-01-28T05:56:15.476+0000] {processor.py:186} INFO - Started process (PID=1967) to work on /home/ubuntu/.local/lib/python3.12/site-packages/airflow/example_dags/example_short_circuit_decorator.py
[2025-01-28T05:56:15.478+0000] {processor.py:914} INFO - Processing file /home/ubuntu/.local/lib/python3.12/site-packages/airflow/example_dags/example_short_circuit_decorator.py for tasks to queue
[2025-01-28T05:56:15.481+0000] {logging_mixin.py:190} INFO - [2025-01-28T05:56:15.480+0000] {dagbag.py:588} INFO - Filling up the DagBag from /home/ubuntu/.local/lib/python3.12/site-packages/airflow/example_dags/example_short_circuit_decorator.py
[2025-01-28T05:56:15.492+0000] {processor.py:925} INFO - DAG(s) 'example_short_circuit_decorator' retrieved from /home/ubuntu/.local/lib/python3.12/site-packages/airflow/example_dags/example_short_circuit_decorator.py
[2025-01-28T05:56:15.510+0000] {logging_mixin.py:190} INFO - [2025-01-28T05:56:15.510+0000] {dag.py:3239} INFO - Sync 1 DAGs
[2025-01-28T05:56:15.521+0000] {logging_mixin.py:190} INFO - [2025-01-28T05:56:15.521+0000] {dag.py:4180} INFO - Setting next_dagrun for example_short_circuit_decorator to None, run_after=None
[2025-01-28T05:56:15.544+0000] {processor.py:208} INFO - Processing /home/ubuntu/.local/lib/python3.12/site-packages/airflow/example_dags/example_short_circuit_decorator.py took 0.072 seconds
[2025-01-28T05:57:12.121+0000] {processor.py:186} INFO - Started process (PID=2043) to work on /home/ubuntu/.local/lib/python3.12/site-packages/airflow/example_dags/example_short_circuit_decorator.py
[2025-01-28T05:57:12.123+0000] {processor.py:914} INFO - Processing file /home/ubuntu/.local/lib/python3.12/site-packages/airflow/example_dags/example_short_circuit_decorator.py for tasks to queue
[2025-01-28T05:57:12.124+0000] {logging_mixin.py:190} INFO - [2025-01-28T05:57:12.124+0000] {dagbag.py:588} INFO - Filling up the DagBag from /home/ubuntu/.local/lib/python3.12/site-packages/airflow/example_dags/example_short_circuit_decorator.py
[2025-01-28T05:57:12.135+0000] {processor.py:925} INFO - DAG(s) 'example_short_circuit_decorator' retrieved from /home/ubuntu/.local/lib/python3.12/site-packages/airflow/example_dags/example_short_circuit_decorator.py
[2025-01-28T05:57:12.169+0000] {logging_mixin.py:190} INFO - [2025-01-28T05:57:12.168+0000] {dag.py:3239} INFO - Sync 1 DAGs
[2025-01-28T05:57:12.188+0000] {logging_mixin.py:190} INFO - [2025-01-28T05:57:12.188+0000] {dag.py:4180} INFO - Setting next_dagrun for example_short_circuit_decorator to None, run_after=None
[2025-01-28T05:57:12.210+0000] {processor.py:208} INFO - Processing /home/ubuntu/.local/lib/python3.12/site-packages/airflow/example_dags/example_short_circuit_decorator.py took 0.094 seconds
[2025-01-28T05:58:06.524+0000] {processor.py:186} INFO - Started process (PID=2114) to work on /home/ubuntu/.local/lib/python3.12/site-packages/airflow/example_dags/example_short_circuit_decorator.py
[2025-01-28T05:58:06.526+0000] {processor.py:914} INFO - Processing file /home/ubuntu/.local/lib/python3.12/site-packages/airflow/example_dags/example_short_circuit_decorator.py for tasks to queue
[2025-01-28T05:58:06.528+0000] {logging_mixin.py:190} INFO - [2025-01-28T05:58:06.528+0000] {dagbag.py:588} INFO - Filling up the DagBag from /home/ubuntu/.local/lib/python3.12/site-packages/airflow/example_dags/example_short_circuit_decorator.py
[2025-01-28T05:58:06.538+0000] {processor.py:925} INFO - DAG(s) 'example_short_circuit_decorator' retrieved from /home/ubuntu/.local/lib/python3.12/site-packages/airflow/example_dags/example_short_circuit_decorator.py
[2025-01-28T05:58:06.556+0000] {logging_mixin.py:190} INFO - [2025-01-28T05:58:06.556+0000] {dag.py:3239} INFO - Sync 1 DAGs
[2025-01-28T05:58:06.567+0000] {logging_mixin.py:190} INFO - [2025-01-28T05:58:06.567+0000] {dag.py:4180} INFO - Setting next_dagrun for example_short_circuit_decorator to None, run_after=None
[2025-01-28T05:58:06.589+0000] {processor.py:208} INFO - Processing /home/ubuntu/.local/lib/python3.12/site-packages/airflow/example_dags/example_short_circuit_decorator.py took 0.070 seconds
[2025-01-28T05:59:02.485+0000] {processor.py:186} INFO - Started process (PID=2171) to work on /home/ubuntu/.local/lib/python3.12/site-packages/airflow/example_dags/example_short_circuit_decorator.py
[2025-01-28T05:59:02.487+0000] {processor.py:914} INFO - Processing file /home/ubuntu/.local/lib/python3.12/site-packages/airflow/example_dags/example_short_circuit_decorator.py for tasks to queue
[2025-01-28T05:59:02.489+0000] {logging_mixin.py:190} INFO - [2025-01-28T05:59:02.489+0000] {dagbag.py:588} INFO - Filling up the DagBag from /home/ubuntu/.local/lib/python3.12/site-packages/airflow/example_dags/example_short_circuit_decorator.py
[2025-01-28T05:59:02.499+0000] {processor.py:925} INFO - DAG(s) 'example_short_circuit_decorator' retrieved from /home/ubuntu/.local/lib/python3.12/site-packages/airflow/example_dags/example_short_circuit_decorator.py
[2025-01-28T05:59:02.517+0000] {logging_mixin.py:190} INFO - [2025-01-28T05:59:02.517+0000] {dag.py:3239} INFO - Sync 1 DAGs
[2025-01-28T05:59:02.528+0000] {logging_mixin.py:190} INFO - [2025-01-28T05:59:02.528+0000] {dag.py:4180} INFO - Setting next_dagrun for example_short_circuit_decorator to None, run_after=None
[2025-01-28T05:59:02.550+0000] {processor.py:208} INFO - Processing /home/ubuntu/.local/lib/python3.12/site-packages/airflow/example_dags/example_short_circuit_decorator.py took 0.071 seconds
[2025-01-28T05:59:58.333+0000] {processor.py:186} INFO - Started process (PID=2228) to work on /home/ubuntu/.local/lib/python3.12/site-packages/airflow/example_dags/example_short_circuit_decorator.py
[2025-01-28T05:59:58.335+0000] {processor.py:914} INFO - Processing file /home/ubuntu/.local/lib/python3.12/site-packages/airflow/example_dags/example_short_circuit_decorator.py for tasks to queue
[2025-01-28T05:59:58.337+0000] {logging_mixin.py:190} INFO - [2025-01-28T05:59:58.337+0000] {dagbag.py:588} INFO - Filling up the DagBag from /home/ubuntu/.local/lib/python3.12/site-packages/airflow/example_dags/example_short_circuit_decorator.py
[2025-01-28T05:59:58.347+0000] {processor.py:925} INFO - DAG(s) 'example_short_circuit_decorator' retrieved from /home/ubuntu/.local/lib/python3.12/site-packages/airflow/example_dags/example_short_circuit_decorator.py
[2025-01-28T05:59:58.364+0000] {logging_mixin.py:190} INFO - [2025-01-28T05:59:58.364+0000] {dag.py:3239} INFO - Sync 1 DAGs
[2025-01-28T05:59:58.376+0000] {logging_mixin.py:190} INFO - [2025-01-28T05:59:58.376+0000] {dag.py:4180} INFO - Setting next_dagrun for example_short_circuit_decorator to None, run_after=None
[2025-01-28T05:59:58.398+0000] {processor.py:208} INFO - Processing /home/ubuntu/.local/lib/python3.12/site-packages/airflow/example_dags/example_short_circuit_decorator.py took 0.071 seconds
[2025-01-28T06:00:50.864+0000] {processor.py:186} INFO - Started process (PID=2285) to work on /home/ubuntu/.local/lib/python3.12/site-packages/airflow/example_dags/example_short_circuit_decorator.py
[2025-01-28T06:00:50.865+0000] {processor.py:914} INFO - Processing file /home/ubuntu/.local/lib/python3.12/site-packages/airflow/example_dags/example_short_circuit_decorator.py for tasks to queue
[2025-01-28T06:00:50.867+0000] {logging_mixin.py:190} INFO - [2025-01-28T06:00:50.867+0000] {dagbag.py:588} INFO - Filling up the DagBag from /home/ubuntu/.local/lib/python3.12/site-packages/airflow/example_dags/example_short_circuit_decorator.py
[2025-01-28T06:00:50.878+0000] {processor.py:925} INFO - DAG(s) 'example_short_circuit_decorator' retrieved from /home/ubuntu/.local/lib/python3.12/site-packages/airflow/example_dags/example_short_circuit_decorator.py
[2025-01-28T06:00:50.896+0000] {logging_mixin.py:190} INFO - [2025-01-28T06:00:50.895+0000] {dag.py:3239} INFO - Sync 1 DAGs
[2025-01-28T06:00:50.907+0000] {logging_mixin.py:190} INFO - [2025-01-28T06:00:50.907+0000] {dag.py:4180} INFO - Setting next_dagrun for example_short_circuit_decorator to None, run_after=None
[2025-01-28T06:00:50.930+0000] {processor.py:208} INFO - Processing /home/ubuntu/.local/lib/python3.12/site-packages/airflow/example_dags/example_short_circuit_decorator.py took 0.072 seconds
[2025-01-28T06:01:45.091+0000] {processor.py:186} INFO - Started process (PID=2345) to work on /home/ubuntu/.local/lib/python3.12/site-packages/airflow/example_dags/example_short_circuit_decorator.py
[2025-01-28T06:01:45.092+0000] {processor.py:914} INFO - Processing file /home/ubuntu/.local/lib/python3.12/site-packages/airflow/example_dags/example_short_circuit_decorator.py for tasks to queue
[2025-01-28T06:01:45.095+0000] {logging_mixin.py:190} INFO - [2025-01-28T06:01:45.094+0000] {dagbag.py:588} INFO - Filling up the DagBag from /home/ubuntu/.local/lib/python3.12/site-packages/airflow/example_dags/example_short_circuit_decorator.py
[2025-01-28T06:01:45.105+0000] {processor.py:925} INFO - DAG(s) 'example_short_circuit_decorator' retrieved from /home/ubuntu/.local/lib/python3.12/site-packages/airflow/example_dags/example_short_circuit_decorator.py
[2025-01-28T06:01:45.122+0000] {logging_mixin.py:190} INFO - [2025-01-28T06:01:45.122+0000] {dag.py:3239} INFO - Sync 1 DAGs
[2025-01-28T06:01:45.133+0000] {logging_mixin.py:190} INFO - [2025-01-28T06:01:45.133+0000] {dag.py:4180} INFO - Setting next_dagrun for example_short_circuit_decorator to None, run_after=None
[2025-01-28T06:01:45.163+0000] {processor.py:208} INFO - Processing /home/ubuntu/.local/lib/python3.12/site-packages/airflow/example_dags/example_short_circuit_decorator.py took 0.077 seconds
[2025-01-28T06:02:35.447+0000] {processor.py:186} INFO - Started process (PID=2412) to work on /home/ubuntu/.local/lib/python3.12/site-packages/airflow/example_dags/example_short_circuit_decorator.py
[2025-01-28T06:02:35.449+0000] {processor.py:914} INFO - Processing file /home/ubuntu/.local/lib/python3.12/site-packages/airflow/example_dags/example_short_circuit_decorator.py for tasks to queue
[2025-01-28T06:02:35.450+0000] {logging_mixin.py:190} INFO - [2025-01-28T06:02:35.450+0000] {dagbag.py:588} INFO - Filling up the DagBag from /home/ubuntu/.local/lib/python3.12/site-packages/airflow/example_dags/example_short_circuit_decorator.py
[2025-01-28T06:02:35.460+0000] {processor.py:925} INFO - DAG(s) 'example_short_circuit_decorator' retrieved from /home/ubuntu/.local/lib/python3.12/site-packages/airflow/example_dags/example_short_circuit_decorator.py
[2025-01-28T06:02:35.478+0000] {logging_mixin.py:190} INFO - [2025-01-28T06:02:35.477+0000] {dag.py:3239} INFO - Sync 1 DAGs
[2025-01-28T06:02:35.488+0000] {logging_mixin.py:190} INFO - [2025-01-28T06:02:35.488+0000] {dag.py:4180} INFO - Setting next_dagrun for example_short_circuit_decorator to None, run_after=None
[2025-01-28T06:02:35.511+0000] {processor.py:208} INFO - Processing /home/ubuntu/.local/lib/python3.12/site-packages/airflow/example_dags/example_short_circuit_decorator.py took 0.069 seconds
[2025-01-28T06:03:28.958+0000] {processor.py:186} INFO - Started process (PID=2468) to work on /home/ubuntu/.local/lib/python3.12/site-packages/airflow/example_dags/example_short_circuit_decorator.py
[2025-01-28T06:03:28.960+0000] {processor.py:914} INFO - Processing file /home/ubuntu/.local/lib/python3.12/site-packages/airflow/example_dags/example_short_circuit_decorator.py for tasks to queue
[2025-01-28T06:03:28.962+0000] {logging_mixin.py:190} INFO - [2025-01-28T06:03:28.961+0000] {dagbag.py:588} INFO - Filling up the DagBag from /home/ubuntu/.local/lib/python3.12/site-packages/airflow/example_dags/example_short_circuit_decorator.py
[2025-01-28T06:03:28.972+0000] {processor.py:925} INFO - DAG(s) 'example_short_circuit_decorator' retrieved from /home/ubuntu/.local/lib/python3.12/site-packages/airflow/example_dags/example_short_circuit_decorator.py
[2025-01-28T06:03:28.989+0000] {logging_mixin.py:190} INFO - [2025-01-28T06:03:28.989+0000] {dag.py:3239} INFO - Sync 1 DAGs
[2025-01-28T06:03:29.000+0000] {logging_mixin.py:190} INFO - [2025-01-28T06:03:29.000+0000] {dag.py:4180} INFO - Setting next_dagrun for example_short_circuit_decorator to None, run_after=None
[2025-01-28T06:03:29.023+0000] {processor.py:208} INFO - Processing /home/ubuntu/.local/lib/python3.12/site-packages/airflow/example_dags/example_short_circuit_decorator.py took 0.070 seconds
[2025-01-28T06:04:35.111+0000] {processor.py:186} INFO - Started process (PID=2539) to work on /home/ubuntu/.local/lib/python3.12/site-packages/airflow/example_dags/example_short_circuit_decorator.py
[2025-01-28T06:04:35.112+0000] {processor.py:914} INFO - Processing file /home/ubuntu/.local/lib/python3.12/site-packages/airflow/example_dags/example_short_circuit_decorator.py for tasks to queue
[2025-01-28T06:04:35.115+0000] {logging_mixin.py:190} INFO - [2025-01-28T06:04:35.114+0000] {dagbag.py:588} INFO - Filling up the DagBag from /home/ubuntu/.local/lib/python3.12/site-packages/airflow/example_dags/example_short_circuit_decorator.py
[2025-01-28T06:04:35.125+0000] {processor.py:925} INFO - DAG(s) 'example_short_circuit_decorator' retrieved from /home/ubuntu/.local/lib/python3.12/site-packages/airflow/example_dags/example_short_circuit_decorator.py
[2025-01-28T06:04:35.144+0000] {logging_mixin.py:190} INFO - [2025-01-28T06:04:35.144+0000] {dag.py:3239} INFO - Sync 1 DAGs
[2025-01-28T06:04:35.155+0000] {logging_mixin.py:190} INFO - [2025-01-28T06:04:35.155+0000] {dag.py:4180} INFO - Setting next_dagrun for example_short_circuit_decorator to None, run_after=None
[2025-01-28T06:04:35.178+0000] {processor.py:208} INFO - Processing /home/ubuntu/.local/lib/python3.12/site-packages/airflow/example_dags/example_short_circuit_decorator.py took 0.073 seconds
[2025-01-28T06:05:32.119+0000] {processor.py:186} INFO - Started process (PID=2601) to work on /home/ubuntu/.local/lib/python3.12/site-packages/airflow/example_dags/example_short_circuit_decorator.py
[2025-01-28T06:05:32.121+0000] {processor.py:914} INFO - Processing file /home/ubuntu/.local/lib/python3.12/site-packages/airflow/example_dags/example_short_circuit_decorator.py for tasks to queue
[2025-01-28T06:05:32.123+0000] {logging_mixin.py:190} INFO - [2025-01-28T06:05:32.122+0000] {dagbag.py:588} INFO - Filling up the DagBag from /home/ubuntu/.local/lib/python3.12/site-packages/airflow/example_dags/example_short_circuit_decorator.py
[2025-01-28T06:05:32.138+0000] {processor.py:925} INFO - DAG(s) 'example_short_circuit_decorator' retrieved from /home/ubuntu/.local/lib/python3.12/site-packages/airflow/example_dags/example_short_circuit_decorator.py
[2025-01-28T06:05:32.165+0000] {logging_mixin.py:190} INFO - [2025-01-28T06:05:32.164+0000] {dag.py:3239} INFO - Sync 1 DAGs
[2025-01-28T06:05:32.176+0000] {logging_mixin.py:190} INFO - [2025-01-28T06:05:32.176+0000] {dag.py:4180} INFO - Setting next_dagrun for example_short_circuit_decorator to None, run_after=None
[2025-01-28T06:05:32.201+0000] {processor.py:208} INFO - Processing /home/ubuntu/.local/lib/python3.12/site-packages/airflow/example_dags/example_short_circuit_decorator.py took 0.087 seconds
[2025-01-28T06:06:45.612+0000] {processor.py:186} INFO - Started process (PID=2688) to work on /home/ubuntu/.local/lib/python3.12/site-packages/airflow/example_dags/example_short_circuit_decorator.py
[2025-01-28T06:06:45.615+0000] {processor.py:914} INFO - Processing file /home/ubuntu/.local/lib/python3.12/site-packages/airflow/example_dags/example_short_circuit_decorator.py for tasks to queue
[2025-01-28T06:06:45.617+0000] {logging_mixin.py:190} INFO - [2025-01-28T06:06:45.616+0000] {dagbag.py:588} INFO - Filling up the DagBag from /home/ubuntu/.local/lib/python3.12/site-packages/airflow/example_dags/example_short_circuit_decorator.py
[2025-01-28T06:06:45.626+0000] {processor.py:925} INFO - DAG(s) 'example_short_circuit_decorator' retrieved from /home/ubuntu/.local/lib/python3.12/site-packages/airflow/example_dags/example_short_circuit_decorator.py
[2025-01-28T06:06:45.644+0000] {logging_mixin.py:190} INFO - [2025-01-28T06:06:45.643+0000] {dag.py:3239} INFO - Sync 1 DAGs
[2025-01-28T06:06:45.655+0000] {logging_mixin.py:190} INFO - [2025-01-28T06:06:45.655+0000] {dag.py:4180} INFO - Setting next_dagrun for example_short_circuit_decorator to None, run_after=None
[2025-01-28T06:06:45.677+0000] {processor.py:208} INFO - Processing /home/ubuntu/.local/lib/python3.12/site-packages/airflow/example_dags/example_short_circuit_decorator.py took 0.070 seconds
[2025-01-28T06:07:44.713+0000] {processor.py:186} INFO - Started process (PID=2752) to work on /home/ubuntu/.local/lib/python3.12/site-packages/airflow/example_dags/example_short_circuit_decorator.py
[2025-01-28T06:07:44.715+0000] {processor.py:914} INFO - Processing file /home/ubuntu/.local/lib/python3.12/site-packages/airflow/example_dags/example_short_circuit_decorator.py for tasks to queue
[2025-01-28T06:07:44.717+0000] {logging_mixin.py:190} INFO - [2025-01-28T06:07:44.717+0000] {dagbag.py:588} INFO - Filling up the DagBag from /home/ubuntu/.local/lib/python3.12/site-packages/airflow/example_dags/example_short_circuit_decorator.py
[2025-01-28T06:07:44.727+0000] {processor.py:925} INFO - DAG(s) 'example_short_circuit_decorator' retrieved from /home/ubuntu/.local/lib/python3.12/site-packages/airflow/example_dags/example_short_circuit_decorator.py
[2025-01-28T06:07:44.744+0000] {logging_mixin.py:190} INFO - [2025-01-28T06:07:44.744+0000] {dag.py:3239} INFO - Sync 1 DAGs
[2025-01-28T06:07:44.755+0000] {logging_mixin.py:190} INFO - [2025-01-28T06:07:44.755+0000] {dag.py:4180} INFO - Setting next_dagrun for example_short_circuit_decorator to None, run_after=None
[2025-01-28T06:07:44.776+0000] {processor.py:208} INFO - Processing /home/ubuntu/.local/lib/python3.12/site-packages/airflow/example_dags/example_short_circuit_decorator.py took 0.068 seconds
[2025-01-28T06:08:42.271+0000] {processor.py:186} INFO - Started process (PID=2810) to work on /home/ubuntu/.local/lib/python3.12/site-packages/airflow/example_dags/example_short_circuit_decorator.py
[2025-01-28T06:08:42.273+0000] {processor.py:914} INFO - Processing file /home/ubuntu/.local/lib/python3.12/site-packages/airflow/example_dags/example_short_circuit_decorator.py for tasks to queue
[2025-01-28T06:08:42.274+0000] {logging_mixin.py:190} INFO - [2025-01-28T06:08:42.274+0000] {dagbag.py:588} INFO - Filling up the DagBag from /home/ubuntu/.local/lib/python3.12/site-packages/airflow/example_dags/example_short_circuit_decorator.py
[2025-01-28T06:08:42.285+0000] {processor.py:925} INFO - DAG(s) 'example_short_circuit_decorator' retrieved from /home/ubuntu/.local/lib/python3.12/site-packages/airflow/example_dags/example_short_circuit_decorator.py
[2025-01-28T06:08:42.303+0000] {logging_mixin.py:190} INFO - [2025-01-28T06:08:42.302+0000] {dag.py:3239} INFO - Sync 1 DAGs
[2025-01-28T06:08:42.314+0000] {logging_mixin.py:190} INFO - [2025-01-28T06:08:42.314+0000] {dag.py:4180} INFO - Setting next_dagrun for example_short_circuit_decorator to None, run_after=None
[2025-01-28T06:08:42.336+0000] {processor.py:208} INFO - Processing /home/ubuntu/.local/lib/python3.12/site-packages/airflow/example_dags/example_short_circuit_decorator.py took 0.070 seconds
[2025-01-28T06:09:36.728+0000] {processor.py:186} INFO - Started process (PID=2881) to work on /home/ubuntu/.local/lib/python3.12/site-packages/airflow/example_dags/example_short_circuit_decorator.py
[2025-01-28T06:09:36.730+0000] {processor.py:914} INFO - Processing file /home/ubuntu/.local/lib/python3.12/site-packages/airflow/example_dags/example_short_circuit_decorator.py for tasks to queue
[2025-01-28T06:09:36.733+0000] {logging_mixin.py:190} INFO - [2025-01-28T06:09:36.732+0000] {dagbag.py:588} INFO - Filling up the DagBag from /home/ubuntu/.local/lib/python3.12/site-packages/airflow/example_dags/example_short_circuit_decorator.py
[2025-01-28T06:09:36.743+0000] {processor.py:925} INFO - DAG(s) 'example_short_circuit_decorator' retrieved from /home/ubuntu/.local/lib/python3.12/site-packages/airflow/example_dags/example_short_circuit_decorator.py
[2025-01-28T06:09:36.760+0000] {logging_mixin.py:190} INFO - [2025-01-28T06:09:36.760+0000] {dag.py:3239} INFO - Sync 1 DAGs
[2025-01-28T06:09:36.772+0000] {logging_mixin.py:190} INFO - [2025-01-28T06:09:36.772+0000] {dag.py:4180} INFO - Setting next_dagrun for example_short_circuit_decorator to None, run_after=None
[2025-01-28T06:09:36.796+0000] {processor.py:208} INFO - Processing /home/ubuntu/.local/lib/python3.12/site-packages/airflow/example_dags/example_short_circuit_decorator.py took 0.072 seconds
[2025-01-28T06:10:29.351+0000] {processor.py:186} INFO - Started process (PID=2938) to work on /home/ubuntu/.local/lib/python3.12/site-packages/airflow/example_dags/example_short_circuit_decorator.py
[2025-01-28T06:10:29.353+0000] {processor.py:914} INFO - Processing file /home/ubuntu/.local/lib/python3.12/site-packages/airflow/example_dags/example_short_circuit_decorator.py for tasks to queue
[2025-01-28T06:10:29.355+0000] {logging_mixin.py:190} INFO - [2025-01-28T06:10:29.355+0000] {dagbag.py:588} INFO - Filling up the DagBag from /home/ubuntu/.local/lib/python3.12/site-packages/airflow/example_dags/example_short_circuit_decorator.py
[2025-01-28T06:10:29.364+0000] {processor.py:925} INFO - DAG(s) 'example_short_circuit_decorator' retrieved from /home/ubuntu/.local/lib/python3.12/site-packages/airflow/example_dags/example_short_circuit_decorator.py
[2025-01-28T06:10:29.383+0000] {logging_mixin.py:190} INFO - [2025-01-28T06:10:29.383+0000] {dag.py:3239} INFO - Sync 1 DAGs
[2025-01-28T06:10:29.394+0000] {logging_mixin.py:190} INFO - [2025-01-28T06:10:29.394+0000] {dag.py:4180} INFO - Setting next_dagrun for example_short_circuit_decorator to None, run_after=None
[2025-01-28T06:10:29.416+0000] {processor.py:208} INFO - Processing /home/ubuntu/.local/lib/python3.12/site-packages/airflow/example_dags/example_short_circuit_decorator.py took 0.070 seconds
[2025-01-28T06:11:23.546+0000] {processor.py:186} INFO - Started process (PID=3002) to work on /home/ubuntu/.local/lib/python3.12/site-packages/airflow/example_dags/example_short_circuit_decorator.py
[2025-01-28T06:11:23.548+0000] {processor.py:914} INFO - Processing file /home/ubuntu/.local/lib/python3.12/site-packages/airflow/example_dags/example_short_circuit_decorator.py for tasks to queue
[2025-01-28T06:11:23.550+0000] {logging_mixin.py:190} INFO - [2025-01-28T06:11:23.550+0000] {dagbag.py:588} INFO - Filling up the DagBag from /home/ubuntu/.local/lib/python3.12/site-packages/airflow/example_dags/example_short_circuit_decorator.py
[2025-01-28T06:11:23.560+0000] {processor.py:925} INFO - DAG(s) 'example_short_circuit_decorator' retrieved from /home/ubuntu/.local/lib/python3.12/site-packages/airflow/example_dags/example_short_circuit_decorator.py
[2025-01-28T06:11:23.578+0000] {logging_mixin.py:190} INFO - [2025-01-28T06:11:23.578+0000] {dag.py:3239} INFO - Sync 1 DAGs
[2025-01-28T06:11:23.590+0000] {logging_mixin.py:190} INFO - [2025-01-28T06:11:23.590+0000] {dag.py:4180} INFO - Setting next_dagrun for example_short_circuit_decorator to None, run_after=None
[2025-01-28T06:11:23.613+0000] {processor.py:208} INFO - Processing /home/ubuntu/.local/lib/python3.12/site-packages/airflow/example_dags/example_short_circuit_decorator.py took 0.073 seconds
[2025-01-28T06:12:16.190+0000] {processor.py:186} INFO - Started process (PID=3057) to work on /home/ubuntu/.local/lib/python3.12/site-packages/airflow/example_dags/example_short_circuit_decorator.py
[2025-01-28T06:12:16.192+0000] {processor.py:914} INFO - Processing file /home/ubuntu/.local/lib/python3.12/site-packages/airflow/example_dags/example_short_circuit_decorator.py for tasks to queue
[2025-01-28T06:12:16.195+0000] {logging_mixin.py:190} INFO - [2025-01-28T06:12:16.195+0000] {dagbag.py:588} INFO - Filling up the DagBag from /home/ubuntu/.local/lib/python3.12/site-packages/airflow/example_dags/example_short_circuit_decorator.py
[2025-01-28T06:12:16.205+0000] {processor.py:925} INFO - DAG(s) 'example_short_circuit_decorator' retrieved from /home/ubuntu/.local/lib/python3.12/site-packages/airflow/example_dags/example_short_circuit_decorator.py
[2025-01-28T06:12:16.221+0000] {logging_mixin.py:190} INFO - [2025-01-28T06:12:16.221+0000] {dag.py:3239} INFO - Sync 1 DAGs
[2025-01-28T06:12:16.233+0000] {logging_mixin.py:190} INFO - [2025-01-28T06:12:16.233+0000] {dag.py:4180} INFO - Setting next_dagrun for example_short_circuit_decorator to None, run_after=None
[2025-01-28T06:12:16.255+0000] {processor.py:208} INFO - Processing /home/ubuntu/.local/lib/python3.12/site-packages/airflow/example_dags/example_short_circuit_decorator.py took 0.070 seconds
[2025-01-28T06:13:11.723+0000] {processor.py:186} INFO - Started process (PID=3113) to work on /home/ubuntu/.local/lib/python3.12/site-packages/airflow/example_dags/example_short_circuit_decorator.py
[2025-01-28T06:13:11.724+0000] {processor.py:914} INFO - Processing file /home/ubuntu/.local/lib/python3.12/site-packages/airflow/example_dags/example_short_circuit_decorator.py for tasks to queue
[2025-01-28T06:13:11.726+0000] {logging_mixin.py:190} INFO - [2025-01-28T06:13:11.726+0000] {dagbag.py:588} INFO - Filling up the DagBag from /home/ubuntu/.local/lib/python3.12/site-packages/airflow/example_dags/example_short_circuit_decorator.py
[2025-01-28T06:13:11.736+0000] {processor.py:925} INFO - DAG(s) 'example_short_circuit_decorator' retrieved from /home/ubuntu/.local/lib/python3.12/site-packages/airflow/example_dags/example_short_circuit_decorator.py
[2025-01-28T06:13:11.753+0000] {logging_mixin.py:190} INFO - [2025-01-28T06:13:11.753+0000] {dag.py:3239} INFO - Sync 1 DAGs
[2025-01-28T06:13:11.766+0000] {logging_mixin.py:190} INFO - [2025-01-28T06:13:11.766+0000] {dag.py:4180} INFO - Setting next_dagrun for example_short_circuit_decorator to None, run_after=None
[2025-01-28T06:13:11.788+0000] {processor.py:208} INFO - Processing /home/ubuntu/.local/lib/python3.12/site-packages/airflow/example_dags/example_short_circuit_decorator.py took 0.070 seconds
[2025-01-28T06:14:04.375+0000] {processor.py:186} INFO - Started process (PID=3168) to work on /home/ubuntu/.local/lib/python3.12/site-packages/airflow/example_dags/example_short_circuit_decorator.py
[2025-01-28T06:14:04.377+0000] {processor.py:914} INFO - Processing file /home/ubuntu/.local/lib/python3.12/site-packages/airflow/example_dags/example_short_circuit_decorator.py for tasks to queue
[2025-01-28T06:14:04.381+0000] {logging_mixin.py:190} INFO - [2025-01-28T06:14:04.380+0000] {dagbag.py:588} INFO - Filling up the DagBag from /home/ubuntu/.local/lib/python3.12/site-packages/airflow/example_dags/example_short_circuit_decorator.py
[2025-01-28T06:14:04.390+0000] {processor.py:925} INFO - DAG(s) 'example_short_circuit_decorator' retrieved from /home/ubuntu/.local/lib/python3.12/site-packages/airflow/example_dags/example_short_circuit_decorator.py
[2025-01-28T06:14:04.408+0000] {logging_mixin.py:190} INFO - [2025-01-28T06:14:04.408+0000] {dag.py:3239} INFO - Sync 1 DAGs
[2025-01-28T06:14:04.418+0000] {logging_mixin.py:190} INFO - [2025-01-28T06:14:04.418+0000] {dag.py:4180} INFO - Setting next_dagrun for example_short_circuit_decorator to None, run_after=None
[2025-01-28T06:14:04.440+0000] {processor.py:208} INFO - Processing /home/ubuntu/.local/lib/python3.12/site-packages/airflow/example_dags/example_short_circuit_decorator.py took 0.070 seconds
[2025-01-28T06:14:56.681+0000] {processor.py:186} INFO - Started process (PID=3223) to work on /home/ubuntu/.local/lib/python3.12/site-packages/airflow/example_dags/example_short_circuit_decorator.py
[2025-01-28T06:14:56.683+0000] {processor.py:914} INFO - Processing file /home/ubuntu/.local/lib/python3.12/site-packages/airflow/example_dags/example_short_circuit_decorator.py for tasks to queue
[2025-01-28T06:14:56.685+0000] {logging_mixin.py:190} INFO - [2025-01-28T06:14:56.684+0000] {dagbag.py:588} INFO - Filling up the DagBag from /home/ubuntu/.local/lib/python3.12/site-packages/airflow/example_dags/example_short_circuit_decorator.py
[2025-01-28T06:14:56.695+0000] {processor.py:925} INFO - DAG(s) 'example_short_circuit_decorator' retrieved from /home/ubuntu/.local/lib/python3.12/site-packages/airflow/example_dags/example_short_circuit_decorator.py
[2025-01-28T06:14:56.713+0000] {logging_mixin.py:190} INFO - [2025-01-28T06:14:56.713+0000] {dag.py:3239} INFO - Sync 1 DAGs
[2025-01-28T06:14:56.724+0000] {logging_mixin.py:190} INFO - [2025-01-28T06:14:56.724+0000] {dag.py:4180} INFO - Setting next_dagrun for example_short_circuit_decorator to None, run_after=None
[2025-01-28T06:14:56.747+0000] {processor.py:208} INFO - Processing /home/ubuntu/.local/lib/python3.12/site-packages/airflow/example_dags/example_short_circuit_decorator.py took 0.071 seconds
[2025-01-28T06:15:50.739+0000] {processor.py:186} INFO - Started process (PID=3282) to work on /home/ubuntu/.local/lib/python3.12/site-packages/airflow/example_dags/example_short_circuit_decorator.py
[2025-01-28T06:15:50.742+0000] {processor.py:914} INFO - Processing file /home/ubuntu/.local/lib/python3.12/site-packages/airflow/example_dags/example_short_circuit_decorator.py for tasks to queue
[2025-01-28T06:15:50.744+0000] {logging_mixin.py:190} INFO - [2025-01-28T06:15:50.744+0000] {dagbag.py:588} INFO - Filling up the DagBag from /home/ubuntu/.local/lib/python3.12/site-packages/airflow/example_dags/example_short_circuit_decorator.py
[2025-01-28T06:15:50.754+0000] {processor.py:925} INFO - DAG(s) 'example_short_circuit_decorator' retrieved from /home/ubuntu/.local/lib/python3.12/site-packages/airflow/example_dags/example_short_circuit_decorator.py
[2025-01-28T06:15:50.772+0000] {logging_mixin.py:190} INFO - [2025-01-28T06:15:50.772+0000] {dag.py:3239} INFO - Sync 1 DAGs
[2025-01-28T06:15:50.783+0000] {logging_mixin.py:190} INFO - [2025-01-28T06:15:50.783+0000] {dag.py:4180} INFO - Setting next_dagrun for example_short_circuit_decorator to None, run_after=None
[2025-01-28T06:15:50.807+0000] {processor.py:208} INFO - Processing /home/ubuntu/.local/lib/python3.12/site-packages/airflow/example_dags/example_short_circuit_decorator.py took 0.073 seconds
[2025-01-28T06:16:42.784+0000] {processor.py:186} INFO - Started process (PID=3337) to work on /home/ubuntu/.local/lib/python3.12/site-packages/airflow/example_dags/example_short_circuit_decorator.py
[2025-01-28T06:16:42.786+0000] {processor.py:914} INFO - Processing file /home/ubuntu/.local/lib/python3.12/site-packages/airflow/example_dags/example_short_circuit_decorator.py for tasks to queue
[2025-01-28T06:16:42.791+0000] {logging_mixin.py:190} INFO - [2025-01-28T06:16:42.790+0000] {dagbag.py:588} INFO - Filling up the DagBag from /home/ubuntu/.local/lib/python3.12/site-packages/airflow/example_dags/example_short_circuit_decorator.py
[2025-01-28T06:16:42.806+0000] {processor.py:925} INFO - DAG(s) 'example_short_circuit_decorator' retrieved from /home/ubuntu/.local/lib/python3.12/site-packages/airflow/example_dags/example_short_circuit_decorator.py
[2025-01-28T06:16:42.824+0000] {logging_mixin.py:190} INFO - [2025-01-28T06:16:42.823+0000] {dag.py:3239} INFO - Sync 1 DAGs
[2025-01-28T06:16:42.834+0000] {logging_mixin.py:190} INFO - [2025-01-28T06:16:42.834+0000] {dag.py:4180} INFO - Setting next_dagrun for example_short_circuit_decorator to None, run_after=None
[2025-01-28T06:16:42.858+0000] {processor.py:208} INFO - Processing /home/ubuntu/.local/lib/python3.12/site-packages/airflow/example_dags/example_short_circuit_decorator.py took 0.080 seconds
[2025-01-28T06:17:36.566+0000] {processor.py:186} INFO - Started process (PID=3396) to work on /home/ubuntu/.local/lib/python3.12/site-packages/airflow/example_dags/example_short_circuit_decorator.py
[2025-01-28T06:17:36.568+0000] {processor.py:914} INFO - Processing file /home/ubuntu/.local/lib/python3.12/site-packages/airflow/example_dags/example_short_circuit_decorator.py for tasks to queue
[2025-01-28T06:17:36.570+0000] {logging_mixin.py:190} INFO - [2025-01-28T06:17:36.569+0000] {dagbag.py:588} INFO - Filling up the DagBag from /home/ubuntu/.local/lib/python3.12/site-packages/airflow/example_dags/example_short_circuit_decorator.py
[2025-01-28T06:17:36.580+0000] {processor.py:925} INFO - DAG(s) 'example_short_circuit_decorator' retrieved from /home/ubuntu/.local/lib/python3.12/site-packages/airflow/example_dags/example_short_circuit_decorator.py
[2025-01-28T06:17:36.597+0000] {logging_mixin.py:190} INFO - [2025-01-28T06:17:36.597+0000] {dag.py:3239} INFO - Sync 1 DAGs
[2025-01-28T06:17:36.608+0000] {logging_mixin.py:190} INFO - [2025-01-28T06:17:36.608+0000] {dag.py:4180} INFO - Setting next_dagrun for example_short_circuit_decorator to None, run_after=None
[2025-01-28T06:17:36.632+0000] {processor.py:208} INFO - Processing /home/ubuntu/.local/lib/python3.12/site-packages/airflow/example_dags/example_short_circuit_decorator.py took 0.071 seconds
[2025-01-28T06:18:43.432+0000] {processor.py:186} INFO - Started process (PID=3506) to work on /home/ubuntu/.local/lib/python3.12/site-packages/airflow/example_dags/example_short_circuit_decorator.py
[2025-01-28T06:18:43.434+0000] {processor.py:914} INFO - Processing file /home/ubuntu/.local/lib/python3.12/site-packages/airflow/example_dags/example_short_circuit_decorator.py for tasks to queue
[2025-01-28T06:18:43.437+0000] {logging_mixin.py:190} INFO - [2025-01-28T06:18:43.436+0000] {dagbag.py:588} INFO - Filling up the DagBag from /home/ubuntu/.local/lib/python3.12/site-packages/airflow/example_dags/example_short_circuit_decorator.py
[2025-01-28T06:18:43.446+0000] {processor.py:925} INFO - DAG(s) 'example_short_circuit_decorator' retrieved from /home/ubuntu/.local/lib/python3.12/site-packages/airflow/example_dags/example_short_circuit_decorator.py
[2025-01-28T06:18:43.464+0000] {logging_mixin.py:190} INFO - [2025-01-28T06:18:43.464+0000] {dag.py:3239} INFO - Sync 1 DAGs
[2025-01-28T06:18:43.475+0000] {logging_mixin.py:190} INFO - [2025-01-28T06:18:43.475+0000] {dag.py:4180} INFO - Setting next_dagrun for example_short_circuit_decorator to None, run_after=None
[2025-01-28T06:18:43.498+0000] {processor.py:208} INFO - Processing /home/ubuntu/.local/lib/python3.12/site-packages/airflow/example_dags/example_short_circuit_decorator.py took 0.074 seconds
[2025-01-28T06:19:32.512+0000] {processor.py:186} INFO - Started process (PID=3558) to work on /home/ubuntu/.local/lib/python3.12/site-packages/airflow/example_dags/example_short_circuit_decorator.py
[2025-01-28T06:19:32.513+0000] {processor.py:914} INFO - Processing file /home/ubuntu/.local/lib/python3.12/site-packages/airflow/example_dags/example_short_circuit_decorator.py for tasks to queue
[2025-01-28T06:19:32.515+0000] {logging_mixin.py:190} INFO - [2025-01-28T06:19:32.515+0000] {dagbag.py:588} INFO - Filling up the DagBag from /home/ubuntu/.local/lib/python3.12/site-packages/airflow/example_dags/example_short_circuit_decorator.py
[2025-01-28T06:19:32.526+0000] {processor.py:925} INFO - DAG(s) 'example_short_circuit_decorator' retrieved from /home/ubuntu/.local/lib/python3.12/site-packages/airflow/example_dags/example_short_circuit_decorator.py
[2025-01-28T06:19:32.544+0000] {logging_mixin.py:190} INFO - [2025-01-28T06:19:32.544+0000] {dag.py:3239} INFO - Sync 1 DAGs
[2025-01-28T06:19:32.555+0000] {logging_mixin.py:190} INFO - [2025-01-28T06:19:32.555+0000] {dag.py:4180} INFO - Setting next_dagrun for example_short_circuit_decorator to None, run_after=None
[2025-01-28T06:19:32.578+0000] {processor.py:208} INFO - Processing /home/ubuntu/.local/lib/python3.12/site-packages/airflow/example_dags/example_short_circuit_decorator.py took 0.071 seconds
[2025-01-28T06:20:29.039+0000] {processor.py:186} INFO - Started process (PID=3622) to work on /home/ubuntu/.local/lib/python3.12/site-packages/airflow/example_dags/example_short_circuit_decorator.py
[2025-01-28T06:20:29.041+0000] {processor.py:914} INFO - Processing file /home/ubuntu/.local/lib/python3.12/site-packages/airflow/example_dags/example_short_circuit_decorator.py for tasks to queue
[2025-01-28T06:20:29.043+0000] {logging_mixin.py:190} INFO - [2025-01-28T06:20:29.043+0000] {dagbag.py:588} INFO - Filling up the DagBag from /home/ubuntu/.local/lib/python3.12/site-packages/airflow/example_dags/example_short_circuit_decorator.py
[2025-01-28T06:20:29.053+0000] {processor.py:925} INFO - DAG(s) 'example_short_circuit_decorator' retrieved from /home/ubuntu/.local/lib/python3.12/site-packages/airflow/example_dags/example_short_circuit_decorator.py
[2025-01-28T06:20:29.071+0000] {logging_mixin.py:190} INFO - [2025-01-28T06:20:29.071+0000] {dag.py:3239} INFO - Sync 1 DAGs
[2025-01-28T06:20:29.083+0000] {logging_mixin.py:190} INFO - [2025-01-28T06:20:29.082+0000] {dag.py:4180} INFO - Setting next_dagrun for example_short_circuit_decorator to None, run_after=None
[2025-01-28T06:20:29.107+0000] {processor.py:208} INFO - Processing /home/ubuntu/.local/lib/python3.12/site-packages/airflow/example_dags/example_short_circuit_decorator.py took 0.074 seconds
[2025-01-28T06:21:24.027+0000] {processor.py:186} INFO - Started process (PID=3806) to work on /home/ubuntu/.local/lib/python3.12/site-packages/airflow/example_dags/example_short_circuit_decorator.py
[2025-01-28T06:21:24.029+0000] {processor.py:914} INFO - Processing file /home/ubuntu/.local/lib/python3.12/site-packages/airflow/example_dags/example_short_circuit_decorator.py for tasks to queue
[2025-01-28T06:21:24.031+0000] {logging_mixin.py:190} INFO - [2025-01-28T06:21:24.030+0000] {dagbag.py:588} INFO - Filling up the DagBag from /home/ubuntu/.local/lib/python3.12/site-packages/airflow/example_dags/example_short_circuit_decorator.py
[2025-01-28T06:21:24.041+0000] {processor.py:925} INFO - DAG(s) 'example_short_circuit_decorator' retrieved from /home/ubuntu/.local/lib/python3.12/site-packages/airflow/example_dags/example_short_circuit_decorator.py
[2025-01-28T06:21:24.058+0000] {logging_mixin.py:190} INFO - [2025-01-28T06:21:24.058+0000] {dag.py:3239} INFO - Sync 1 DAGs
[2025-01-28T06:21:24.070+0000] {logging_mixin.py:190} INFO - [2025-01-28T06:21:24.070+0000] {dag.py:4180} INFO - Setting next_dagrun for example_short_circuit_decorator to None, run_after=None
[2025-01-28T06:21:24.093+0000] {processor.py:208} INFO - Processing /home/ubuntu/.local/lib/python3.12/site-packages/airflow/example_dags/example_short_circuit_decorator.py took 0.071 seconds
[2025-01-28T06:22:20.099+0000] {processor.py:186} INFO - Started process (PID=3878) to work on /home/ubuntu/.local/lib/python3.12/site-packages/airflow/example_dags/example_short_circuit_decorator.py
[2025-01-28T06:22:20.101+0000] {processor.py:914} INFO - Processing file /home/ubuntu/.local/lib/python3.12/site-packages/airflow/example_dags/example_short_circuit_decorator.py for tasks to queue
[2025-01-28T06:22:20.103+0000] {logging_mixin.py:190} INFO - [2025-01-28T06:22:20.103+0000] {dagbag.py:588} INFO - Filling up the DagBag from /home/ubuntu/.local/lib/python3.12/site-packages/airflow/example_dags/example_short_circuit_decorator.py
[2025-01-28T06:22:20.114+0000] {processor.py:925} INFO - DAG(s) 'example_short_circuit_decorator' retrieved from /home/ubuntu/.local/lib/python3.12/site-packages/airflow/example_dags/example_short_circuit_decorator.py
[2025-01-28T06:22:20.133+0000] {logging_mixin.py:190} INFO - [2025-01-28T06:22:20.133+0000] {dag.py:3239} INFO - Sync 1 DAGs
[2025-01-28T06:22:20.145+0000] {logging_mixin.py:190} INFO - [2025-01-28T06:22:20.145+0000] {dag.py:4180} INFO - Setting next_dagrun for example_short_circuit_decorator to None, run_after=None
[2025-01-28T06:22:20.168+0000] {processor.py:208} INFO - Processing /home/ubuntu/.local/lib/python3.12/site-packages/airflow/example_dags/example_short_circuit_decorator.py took 0.074 seconds
[2025-01-28T06:23:14.466+0000] {processor.py:186} INFO - Started process (PID=4297) to work on /home/ubuntu/.local/lib/python3.12/site-packages/airflow/example_dags/example_short_circuit_decorator.py
[2025-01-28T06:23:14.468+0000] {processor.py:914} INFO - Processing file /home/ubuntu/.local/lib/python3.12/site-packages/airflow/example_dags/example_short_circuit_decorator.py for tasks to queue
[2025-01-28T06:23:14.470+0000] {logging_mixin.py:190} INFO - [2025-01-28T06:23:14.470+0000] {dagbag.py:588} INFO - Filling up the DagBag from /home/ubuntu/.local/lib/python3.12/site-packages/airflow/example_dags/example_short_circuit_decorator.py
[2025-01-28T06:23:14.481+0000] {processor.py:925} INFO - DAG(s) 'example_short_circuit_decorator' retrieved from /home/ubuntu/.local/lib/python3.12/site-packages/airflow/example_dags/example_short_circuit_decorator.py
[2025-01-28T06:23:14.500+0000] {logging_mixin.py:190} INFO - [2025-01-28T06:23:14.500+0000] {dag.py:3239} INFO - Sync 1 DAGs
[2025-01-28T06:23:14.511+0000] {logging_mixin.py:190} INFO - [2025-01-28T06:23:14.511+0000] {dag.py:4180} INFO - Setting next_dagrun for example_short_circuit_decorator to None, run_after=None
[2025-01-28T06:23:14.531+0000] {processor.py:208} INFO - Processing /home/ubuntu/.local/lib/python3.12/site-packages/airflow/example_dags/example_short_circuit_decorator.py took 0.071 seconds
[2025-01-28T06:24:08.252+0000] {processor.py:186} INFO - Started process (PID=4505) to work on /home/ubuntu/.local/lib/python3.12/site-packages/airflow/example_dags/example_short_circuit_decorator.py
[2025-01-28T06:24:08.255+0000] {processor.py:914} INFO - Processing file /home/ubuntu/.local/lib/python3.12/site-packages/airflow/example_dags/example_short_circuit_decorator.py for tasks to queue
[2025-01-28T06:24:08.257+0000] {logging_mixin.py:190} INFO - [2025-01-28T06:24:08.256+0000] {dagbag.py:588} INFO - Filling up the DagBag from /home/ubuntu/.local/lib/python3.12/site-packages/airflow/example_dags/example_short_circuit_decorator.py
[2025-01-28T06:24:08.267+0000] {processor.py:925} INFO - DAG(s) 'example_short_circuit_decorator' retrieved from /home/ubuntu/.local/lib/python3.12/site-packages/airflow/example_dags/example_short_circuit_decorator.py
[2025-01-28T06:24:08.284+0000] {logging_mixin.py:190} INFO - [2025-01-28T06:24:08.283+0000] {dag.py:3239} INFO - Sync 1 DAGs
[2025-01-28T06:24:08.295+0000] {logging_mixin.py:190} INFO - [2025-01-28T06:24:08.295+0000] {dag.py:4180} INFO - Setting next_dagrun for example_short_circuit_decorator to None, run_after=None
[2025-01-28T06:24:08.314+0000] {processor.py:208} INFO - Processing /home/ubuntu/.local/lib/python3.12/site-packages/airflow/example_dags/example_short_circuit_decorator.py took 0.067 seconds
[2025-01-28T06:25:04.342+0000] {processor.py:186} INFO - Started process (PID=4933) to work on /home/ubuntu/.local/lib/python3.12/site-packages/airflow/example_dags/example_short_circuit_decorator.py
[2025-01-28T06:25:04.344+0000] {processor.py:914} INFO - Processing file /home/ubuntu/.local/lib/python3.12/site-packages/airflow/example_dags/example_short_circuit_decorator.py for tasks to queue
[2025-01-28T06:25:04.346+0000] {logging_mixin.py:190} INFO - [2025-01-28T06:25:04.345+0000] {dagbag.py:588} INFO - Filling up the DagBag from /home/ubuntu/.local/lib/python3.12/site-packages/airflow/example_dags/example_short_circuit_decorator.py
[2025-01-28T06:25:04.356+0000] {processor.py:925} INFO - DAG(s) 'example_short_circuit_decorator' retrieved from /home/ubuntu/.local/lib/python3.12/site-packages/airflow/example_dags/example_short_circuit_decorator.py
[2025-01-28T06:25:04.373+0000] {logging_mixin.py:190} INFO - [2025-01-28T06:25:04.373+0000] {dag.py:3239} INFO - Sync 1 DAGs
[2025-01-28T06:25:04.387+0000] {logging_mixin.py:190} INFO - [2025-01-28T06:25:04.387+0000] {dag.py:4180} INFO - Setting next_dagrun for example_short_circuit_decorator to None, run_after=None
[2025-01-28T06:25:04.409+0000] {processor.py:208} INFO - Processing /home/ubuntu/.local/lib/python3.12/site-packages/airflow/example_dags/example_short_circuit_decorator.py took 0.071 seconds
[2025-01-28T06:25:57.163+0000] {processor.py:186} INFO - Started process (PID=5095) to work on /home/ubuntu/.local/lib/python3.12/site-packages/airflow/example_dags/example_short_circuit_decorator.py
[2025-01-28T06:25:57.164+0000] {processor.py:914} INFO - Processing file /home/ubuntu/.local/lib/python3.12/site-packages/airflow/example_dags/example_short_circuit_decorator.py for tasks to queue
[2025-01-28T06:25:57.167+0000] {logging_mixin.py:190} INFO - [2025-01-28T06:25:57.166+0000] {dagbag.py:588} INFO - Filling up the DagBag from /home/ubuntu/.local/lib/python3.12/site-packages/airflow/example_dags/example_short_circuit_decorator.py
[2025-01-28T06:25:57.178+0000] {processor.py:925} INFO - DAG(s) 'example_short_circuit_decorator' retrieved from /home/ubuntu/.local/lib/python3.12/site-packages/airflow/example_dags/example_short_circuit_decorator.py
[2025-01-28T06:25:57.196+0000] {logging_mixin.py:190} INFO - [2025-01-28T06:25:57.196+0000] {dag.py:3239} INFO - Sync 1 DAGs
[2025-01-28T06:25:57.207+0000] {logging_mixin.py:190} INFO - [2025-01-28T06:25:57.207+0000] {dag.py:4180} INFO - Setting next_dagrun for example_short_circuit_decorator to None, run_after=None
[2025-01-28T06:25:57.227+0000] {processor.py:208} INFO - Processing /home/ubuntu/.local/lib/python3.12/site-packages/airflow/example_dags/example_short_circuit_decorator.py took 0.070 seconds
[2025-01-28T06:26:52.813+0000] {processor.py:186} INFO - Started process (PID=5190) to work on /home/ubuntu/.local/lib/python3.12/site-packages/airflow/example_dags/example_short_circuit_decorator.py
[2025-01-28T06:26:52.814+0000] {processor.py:914} INFO - Processing file /home/ubuntu/.local/lib/python3.12/site-packages/airflow/example_dags/example_short_circuit_decorator.py for tasks to queue
[2025-01-28T06:26:52.816+0000] {logging_mixin.py:190} INFO - [2025-01-28T06:26:52.816+0000] {dagbag.py:588} INFO - Filling up the DagBag from /home/ubuntu/.local/lib/python3.12/site-packages/airflow/example_dags/example_short_circuit_decorator.py
[2025-01-28T06:26:52.826+0000] {processor.py:925} INFO - DAG(s) 'example_short_circuit_decorator' retrieved from /home/ubuntu/.local/lib/python3.12/site-packages/airflow/example_dags/example_short_circuit_decorator.py
[2025-01-28T06:26:52.843+0000] {logging_mixin.py:190} INFO - [2025-01-28T06:26:52.843+0000] {dag.py:3239} INFO - Sync 1 DAGs
[2025-01-28T06:26:52.855+0000] {logging_mixin.py:190} INFO - [2025-01-28T06:26:52.855+0000] {dag.py:4180} INFO - Setting next_dagrun for example_short_circuit_decorator to None, run_after=None
[2025-01-28T06:26:52.876+0000] {processor.py:208} INFO - Processing /home/ubuntu/.local/lib/python3.12/site-packages/airflow/example_dags/example_short_circuit_decorator.py took 0.068 seconds
[2025-01-28T06:27:43.776+0000] {processor.py:186} INFO - Started process (PID=5245) to work on /home/ubuntu/.local/lib/python3.12/site-packages/airflow/example_dags/example_short_circuit_decorator.py
[2025-01-28T06:27:43.777+0000] {processor.py:914} INFO - Processing file /home/ubuntu/.local/lib/python3.12/site-packages/airflow/example_dags/example_short_circuit_decorator.py for tasks to queue
[2025-01-28T06:27:43.780+0000] {logging_mixin.py:190} INFO - [2025-01-28T06:27:43.779+0000] {dagbag.py:588} INFO - Filling up the DagBag from /home/ubuntu/.local/lib/python3.12/site-packages/airflow/example_dags/example_short_circuit_decorator.py
[2025-01-28T06:27:43.790+0000] {processor.py:925} INFO - DAG(s) 'example_short_circuit_decorator' retrieved from /home/ubuntu/.local/lib/python3.12/site-packages/airflow/example_dags/example_short_circuit_decorator.py
[2025-01-28T06:27:43.807+0000] {logging_mixin.py:190} INFO - [2025-01-28T06:27:43.807+0000] {dag.py:3239} INFO - Sync 1 DAGs
[2025-01-28T06:27:43.818+0000] {logging_mixin.py:190} INFO - [2025-01-28T06:27:43.818+0000] {dag.py:4180} INFO - Setting next_dagrun for example_short_circuit_decorator to None, run_after=None
[2025-01-28T06:27:43.839+0000] {processor.py:208} INFO - Processing /home/ubuntu/.local/lib/python3.12/site-packages/airflow/example_dags/example_short_circuit_decorator.py took 0.068 seconds
[2025-01-28T06:28:37.182+0000] {processor.py:186} INFO - Started process (PID=5452) to work on /home/ubuntu/.local/lib/python3.12/site-packages/airflow/example_dags/example_short_circuit_decorator.py
[2025-01-28T06:28:37.184+0000] {processor.py:914} INFO - Processing file /home/ubuntu/.local/lib/python3.12/site-packages/airflow/example_dags/example_short_circuit_decorator.py for tasks to queue
[2025-01-28T06:28:37.186+0000] {logging_mixin.py:190} INFO - [2025-01-28T06:28:37.186+0000] {dagbag.py:588} INFO - Filling up the DagBag from /home/ubuntu/.local/lib/python3.12/site-packages/airflow/example_dags/example_short_circuit_decorator.py
[2025-01-28T06:28:37.196+0000] {processor.py:925} INFO - DAG(s) 'example_short_circuit_decorator' retrieved from /home/ubuntu/.local/lib/python3.12/site-packages/airflow/example_dags/example_short_circuit_decorator.py
[2025-01-28T06:28:37.214+0000] {logging_mixin.py:190} INFO - [2025-01-28T06:28:37.214+0000] {dag.py:3239} INFO - Sync 1 DAGs
[2025-01-28T06:28:37.226+0000] {logging_mixin.py:190} INFO - [2025-01-28T06:28:37.226+0000] {dag.py:4180} INFO - Setting next_dagrun for example_short_circuit_decorator to None, run_after=None
[2025-01-28T06:28:37.250+0000] {processor.py:208} INFO - Processing /home/ubuntu/.local/lib/python3.12/site-packages/airflow/example_dags/example_short_circuit_decorator.py took 0.074 seconds
[2025-01-28T06:29:31.565+0000] {processor.py:186} INFO - Started process (PID=5574) to work on /home/ubuntu/.local/lib/python3.12/site-packages/airflow/example_dags/example_short_circuit_decorator.py
[2025-01-28T06:29:31.568+0000] {processor.py:914} INFO - Processing file /home/ubuntu/.local/lib/python3.12/site-packages/airflow/example_dags/example_short_circuit_decorator.py for tasks to queue
[2025-01-28T06:29:31.570+0000] {logging_mixin.py:190} INFO - [2025-01-28T06:29:31.570+0000] {dagbag.py:588} INFO - Filling up the DagBag from /home/ubuntu/.local/lib/python3.12/site-packages/airflow/example_dags/example_short_circuit_decorator.py
[2025-01-28T06:29:31.580+0000] {processor.py:925} INFO - DAG(s) 'example_short_circuit_decorator' retrieved from /home/ubuntu/.local/lib/python3.12/site-packages/airflow/example_dags/example_short_circuit_decorator.py
[2025-01-28T06:29:31.597+0000] {logging_mixin.py:190} INFO - [2025-01-28T06:29:31.597+0000] {dag.py:3239} INFO - Sync 1 DAGs
[2025-01-28T06:29:31.608+0000] {logging_mixin.py:190} INFO - [2025-01-28T06:29:31.608+0000] {dag.py:4180} INFO - Setting next_dagrun for example_short_circuit_decorator to None, run_after=None
[2025-01-28T06:29:31.631+0000] {processor.py:208} INFO - Processing /home/ubuntu/.local/lib/python3.12/site-packages/airflow/example_dags/example_short_circuit_decorator.py took 0.071 seconds
[2025-01-28T06:30:27.466+0000] {processor.py:186} INFO - Started process (PID=5636) to work on /home/ubuntu/.local/lib/python3.12/site-packages/airflow/example_dags/example_short_circuit_decorator.py
[2025-01-28T06:30:27.467+0000] {processor.py:914} INFO - Processing file /home/ubuntu/.local/lib/python3.12/site-packages/airflow/example_dags/example_short_circuit_decorator.py for tasks to queue
[2025-01-28T06:30:27.470+0000] {logging_mixin.py:190} INFO - [2025-01-28T06:30:27.469+0000] {dagbag.py:588} INFO - Filling up the DagBag from /home/ubuntu/.local/lib/python3.12/site-packages/airflow/example_dags/example_short_circuit_decorator.py
[2025-01-28T06:30:27.480+0000] {processor.py:925} INFO - DAG(s) 'example_short_circuit_decorator' retrieved from /home/ubuntu/.local/lib/python3.12/site-packages/airflow/example_dags/example_short_circuit_decorator.py
[2025-01-28T06:30:27.496+0000] {logging_mixin.py:190} INFO - [2025-01-28T06:30:27.496+0000] {dag.py:3239} INFO - Sync 1 DAGs
[2025-01-28T06:30:27.516+0000] {logging_mixin.py:190} INFO - [2025-01-28T06:30:27.516+0000] {dag.py:4180} INFO - Setting next_dagrun for example_short_circuit_decorator to None, run_after=None
[2025-01-28T06:30:27.547+0000] {processor.py:208} INFO - Processing /home/ubuntu/.local/lib/python3.12/site-packages/airflow/example_dags/example_short_circuit_decorator.py took 0.086 seconds
[2025-01-28T06:31:47.365+0000] {processor.py:186} INFO - Started process (PID=5767) to work on /home/ubuntu/.local/lib/python3.12/site-packages/airflow/example_dags/example_short_circuit_decorator.py
[2025-01-28T06:31:47.368+0000] {processor.py:914} INFO - Processing file /home/ubuntu/.local/lib/python3.12/site-packages/airflow/example_dags/example_short_circuit_decorator.py for tasks to queue
[2025-01-28T06:31:47.370+0000] {logging_mixin.py:190} INFO - [2025-01-28T06:31:47.369+0000] {dagbag.py:588} INFO - Filling up the DagBag from /home/ubuntu/.local/lib/python3.12/site-packages/airflow/example_dags/example_short_circuit_decorator.py
[2025-01-28T06:31:47.380+0000] {processor.py:925} INFO - DAG(s) 'example_short_circuit_decorator' retrieved from /home/ubuntu/.local/lib/python3.12/site-packages/airflow/example_dags/example_short_circuit_decorator.py
[2025-01-28T06:31:47.398+0000] {logging_mixin.py:190} INFO - [2025-01-28T06:31:47.398+0000] {dag.py:3239} INFO - Sync 1 DAGs
[2025-01-28T06:31:47.409+0000] {logging_mixin.py:190} INFO - [2025-01-28T06:31:47.409+0000] {dag.py:4180} INFO - Setting next_dagrun for example_short_circuit_decorator to None, run_after=None
[2025-01-28T06:31:47.431+0000] {processor.py:208} INFO - Processing /home/ubuntu/.local/lib/python3.12/site-packages/airflow/example_dags/example_short_circuit_decorator.py took 0.071 seconds
[2025-01-28T06:32:44.816+0000] {processor.py:186} INFO - Started process (PID=5826) to work on /home/ubuntu/.local/lib/python3.12/site-packages/airflow/example_dags/example_short_circuit_decorator.py
[2025-01-28T06:32:44.818+0000] {processor.py:914} INFO - Processing file /home/ubuntu/.local/lib/python3.12/site-packages/airflow/example_dags/example_short_circuit_decorator.py for tasks to queue
[2025-01-28T06:32:44.821+0000] {logging_mixin.py:190} INFO - [2025-01-28T06:32:44.820+0000] {dagbag.py:588} INFO - Filling up the DagBag from /home/ubuntu/.local/lib/python3.12/site-packages/airflow/example_dags/example_short_circuit_decorator.py
[2025-01-28T06:32:44.830+0000] {processor.py:925} INFO - DAG(s) 'example_short_circuit_decorator' retrieved from /home/ubuntu/.local/lib/python3.12/site-packages/airflow/example_dags/example_short_circuit_decorator.py
[2025-01-28T06:32:44.848+0000] {logging_mixin.py:190} INFO - [2025-01-28T06:32:44.848+0000] {dag.py:3239} INFO - Sync 1 DAGs
[2025-01-28T06:32:44.859+0000] {logging_mixin.py:190} INFO - [2025-01-28T06:32:44.859+0000] {dag.py:4180} INFO - Setting next_dagrun for example_short_circuit_decorator to None, run_after=None
[2025-01-28T06:32:44.882+0000] {processor.py:208} INFO - Processing /home/ubuntu/.local/lib/python3.12/site-packages/airflow/example_dags/example_short_circuit_decorator.py took 0.071 seconds
[2025-01-28T06:33:45.532+0000] {processor.py:186} INFO - Started process (PID=5891) to work on /home/ubuntu/.local/lib/python3.12/site-packages/airflow/example_dags/example_short_circuit_decorator.py
[2025-01-28T06:33:45.533+0000] {processor.py:914} INFO - Processing file /home/ubuntu/.local/lib/python3.12/site-packages/airflow/example_dags/example_short_circuit_decorator.py for tasks to queue
[2025-01-28T06:33:45.535+0000] {logging_mixin.py:190} INFO - [2025-01-28T06:33:45.535+0000] {dagbag.py:588} INFO - Filling up the DagBag from /home/ubuntu/.local/lib/python3.12/site-packages/airflow/example_dags/example_short_circuit_decorator.py
[2025-01-28T06:33:45.545+0000] {processor.py:925} INFO - DAG(s) 'example_short_circuit_decorator' retrieved from /home/ubuntu/.local/lib/python3.12/site-packages/airflow/example_dags/example_short_circuit_decorator.py
[2025-01-28T06:33:45.565+0000] {logging_mixin.py:190} INFO - [2025-01-28T06:33:45.564+0000] {dag.py:3239} INFO - Sync 1 DAGs
[2025-01-28T06:33:45.576+0000] {logging_mixin.py:190} INFO - [2025-01-28T06:33:45.576+0000] {dag.py:4180} INFO - Setting next_dagrun for example_short_circuit_decorator to None, run_after=None
[2025-01-28T06:33:45.599+0000] {processor.py:208} INFO - Processing /home/ubuntu/.local/lib/python3.12/site-packages/airflow/example_dags/example_short_circuit_decorator.py took 0.073 seconds
[2025-01-28T06:34:42.255+0000] {processor.py:186} INFO - Started process (PID=5950) to work on /home/ubuntu/.local/lib/python3.12/site-packages/airflow/example_dags/example_short_circuit_decorator.py
[2025-01-28T06:34:42.257+0000] {processor.py:914} INFO - Processing file /home/ubuntu/.local/lib/python3.12/site-packages/airflow/example_dags/example_short_circuit_decorator.py for tasks to queue
[2025-01-28T06:34:42.259+0000] {logging_mixin.py:190} INFO - [2025-01-28T06:34:42.259+0000] {dagbag.py:588} INFO - Filling up the DagBag from /home/ubuntu/.local/lib/python3.12/site-packages/airflow/example_dags/example_short_circuit_decorator.py
[2025-01-28T06:34:42.269+0000] {processor.py:925} INFO - DAG(s) 'example_short_circuit_decorator' retrieved from /home/ubuntu/.local/lib/python3.12/site-packages/airflow/example_dags/example_short_circuit_decorator.py
[2025-01-28T06:34:42.286+0000] {logging_mixin.py:190} INFO - [2025-01-28T06:34:42.286+0000] {dag.py:3239} INFO - Sync 1 DAGs
[2025-01-28T06:34:42.298+0000] {logging_mixin.py:190} INFO - [2025-01-28T06:34:42.298+0000] {dag.py:4180} INFO - Setting next_dagrun for example_short_circuit_decorator to None, run_after=None
[2025-01-28T06:34:42.320+0000] {processor.py:208} INFO - Processing /home/ubuntu/.local/lib/python3.12/site-packages/airflow/example_dags/example_short_circuit_decorator.py took 0.070 seconds
[2025-01-28T06:35:38.464+0000] {processor.py:186} INFO - Started process (PID=6010) to work on /home/ubuntu/.local/lib/python3.12/site-packages/airflow/example_dags/example_short_circuit_decorator.py
[2025-01-28T06:35:38.466+0000] {processor.py:914} INFO - Processing file /home/ubuntu/.local/lib/python3.12/site-packages/airflow/example_dags/example_short_circuit_decorator.py for tasks to queue
[2025-01-28T06:35:38.469+0000] {logging_mixin.py:190} INFO - [2025-01-28T06:35:38.468+0000] {dagbag.py:588} INFO - Filling up the DagBag from /home/ubuntu/.local/lib/python3.12/site-packages/airflow/example_dags/example_short_circuit_decorator.py
[2025-01-28T06:35:38.479+0000] {processor.py:925} INFO - DAG(s) 'example_short_circuit_decorator' retrieved from /home/ubuntu/.local/lib/python3.12/site-packages/airflow/example_dags/example_short_circuit_decorator.py
[2025-01-28T06:35:38.497+0000] {logging_mixin.py:190} INFO - [2025-01-28T06:35:38.496+0000] {dag.py:3239} INFO - Sync 1 DAGs
[2025-01-28T06:35:38.508+0000] {logging_mixin.py:190} INFO - [2025-01-28T06:35:38.508+0000] {dag.py:4180} INFO - Setting next_dagrun for example_short_circuit_decorator to None, run_after=None
[2025-01-28T06:35:38.530+0000] {processor.py:208} INFO - Processing /home/ubuntu/.local/lib/python3.12/site-packages/airflow/example_dags/example_short_circuit_decorator.py took 0.075 seconds
[2025-01-28T06:36:28.863+0000] {processor.py:186} INFO - Started process (PID=6063) to work on /home/ubuntu/.local/lib/python3.12/site-packages/airflow/example_dags/example_short_circuit_decorator.py
[2025-01-28T06:36:28.864+0000] {processor.py:914} INFO - Processing file /home/ubuntu/.local/lib/python3.12/site-packages/airflow/example_dags/example_short_circuit_decorator.py for tasks to queue
[2025-01-28T06:36:28.867+0000] {logging_mixin.py:190} INFO - [2025-01-28T06:36:28.866+0000] {dagbag.py:588} INFO - Filling up the DagBag from /home/ubuntu/.local/lib/python3.12/site-packages/airflow/example_dags/example_short_circuit_decorator.py
[2025-01-28T06:36:28.877+0000] {processor.py:925} INFO - DAG(s) 'example_short_circuit_decorator' retrieved from /home/ubuntu/.local/lib/python3.12/site-packages/airflow/example_dags/example_short_circuit_decorator.py
[2025-01-28T06:36:28.894+0000] {logging_mixin.py:190} INFO - [2025-01-28T06:36:28.894+0000] {dag.py:3239} INFO - Sync 1 DAGs
[2025-01-28T06:36:28.905+0000] {logging_mixin.py:190} INFO - [2025-01-28T06:36:28.905+0000] {dag.py:4180} INFO - Setting next_dagrun for example_short_circuit_decorator to None, run_after=None
[2025-01-28T06:36:28.929+0000] {processor.py:208} INFO - Processing /home/ubuntu/.local/lib/python3.12/site-packages/airflow/example_dags/example_short_circuit_decorator.py took 0.073 seconds
[2025-01-28T06:37:21.747+0000] {processor.py:186} INFO - Started process (PID=6117) to work on /home/ubuntu/.local/lib/python3.12/site-packages/airflow/example_dags/example_short_circuit_decorator.py
[2025-01-28T06:37:21.749+0000] {processor.py:914} INFO - Processing file /home/ubuntu/.local/lib/python3.12/site-packages/airflow/example_dags/example_short_circuit_decorator.py for tasks to queue
[2025-01-28T06:37:21.751+0000] {logging_mixin.py:190} INFO - [2025-01-28T06:37:21.751+0000] {dagbag.py:588} INFO - Filling up the DagBag from /home/ubuntu/.local/lib/python3.12/site-packages/airflow/example_dags/example_short_circuit_decorator.py
[2025-01-28T06:37:21.761+0000] {processor.py:925} INFO - DAG(s) 'example_short_circuit_decorator' retrieved from /home/ubuntu/.local/lib/python3.12/site-packages/airflow/example_dags/example_short_circuit_decorator.py
[2025-01-28T06:37:21.778+0000] {logging_mixin.py:190} INFO - [2025-01-28T06:37:21.778+0000] {dag.py:3239} INFO - Sync 1 DAGs
[2025-01-28T06:37:21.790+0000] {logging_mixin.py:190} INFO - [2025-01-28T06:37:21.789+0000] {dag.py:4180} INFO - Setting next_dagrun for example_short_circuit_decorator to None, run_after=None
[2025-01-28T06:37:21.813+0000] {processor.py:208} INFO - Processing /home/ubuntu/.local/lib/python3.12/site-packages/airflow/example_dags/example_short_circuit_decorator.py took 0.071 seconds
[2025-01-28T06:38:14.114+0000] {processor.py:186} INFO - Started process (PID=6173) to work on /home/ubuntu/.local/lib/python3.12/site-packages/airflow/example_dags/example_short_circuit_decorator.py
[2025-01-28T06:38:14.116+0000] {processor.py:914} INFO - Processing file /home/ubuntu/.local/lib/python3.12/site-packages/airflow/example_dags/example_short_circuit_decorator.py for tasks to queue
[2025-01-28T06:38:14.118+0000] {logging_mixin.py:190} INFO - [2025-01-28T06:38:14.118+0000] {dagbag.py:588} INFO - Filling up the DagBag from /home/ubuntu/.local/lib/python3.12/site-packages/airflow/example_dags/example_short_circuit_decorator.py
[2025-01-28T06:38:14.128+0000] {processor.py:925} INFO - DAG(s) 'example_short_circuit_decorator' retrieved from /home/ubuntu/.local/lib/python3.12/site-packages/airflow/example_dags/example_short_circuit_decorator.py
[2025-01-28T06:38:14.146+0000] {logging_mixin.py:190} INFO - [2025-01-28T06:38:14.146+0000] {dag.py:3239} INFO - Sync 1 DAGs
[2025-01-28T06:38:14.157+0000] {logging_mixin.py:190} INFO - [2025-01-28T06:38:14.157+0000] {dag.py:4180} INFO - Setting next_dagrun for example_short_circuit_decorator to None, run_after=None
[2025-01-28T06:38:14.181+0000] {processor.py:208} INFO - Processing /home/ubuntu/.local/lib/python3.12/site-packages/airflow/example_dags/example_short_circuit_decorator.py took 0.072 seconds
[2025-01-28T06:39:09.746+0000] {processor.py:186} INFO - Started process (PID=6230) to work on /home/ubuntu/.local/lib/python3.12/site-packages/airflow/example_dags/example_short_circuit_decorator.py
[2025-01-28T06:39:09.748+0000] {processor.py:914} INFO - Processing file /home/ubuntu/.local/lib/python3.12/site-packages/airflow/example_dags/example_short_circuit_decorator.py for tasks to queue
[2025-01-28T06:39:09.750+0000] {logging_mixin.py:190} INFO - [2025-01-28T06:39:09.750+0000] {dagbag.py:588} INFO - Filling up the DagBag from /home/ubuntu/.local/lib/python3.12/site-packages/airflow/example_dags/example_short_circuit_decorator.py
[2025-01-28T06:39:09.761+0000] {processor.py:925} INFO - DAG(s) 'example_short_circuit_decorator' retrieved from /home/ubuntu/.local/lib/python3.12/site-packages/airflow/example_dags/example_short_circuit_decorator.py
[2025-01-28T06:39:09.778+0000] {logging_mixin.py:190} INFO - [2025-01-28T06:39:09.778+0000] {dag.py:3239} INFO - Sync 1 DAGs
[2025-01-28T06:39:09.790+0000] {logging_mixin.py:190} INFO - [2025-01-28T06:39:09.790+0000] {dag.py:4180} INFO - Setting next_dagrun for example_short_circuit_decorator to None, run_after=None
[2025-01-28T06:39:09.813+0000] {processor.py:208} INFO - Processing /home/ubuntu/.local/lib/python3.12/site-packages/airflow/example_dags/example_short_circuit_decorator.py took 0.072 seconds
[2025-01-28T06:40:08.888+0000] {processor.py:186} INFO - Started process (PID=6289) to work on /home/ubuntu/.local/lib/python3.12/site-packages/airflow/example_dags/example_short_circuit_decorator.py
[2025-01-28T06:40:08.890+0000] {processor.py:914} INFO - Processing file /home/ubuntu/.local/lib/python3.12/site-packages/airflow/example_dags/example_short_circuit_decorator.py for tasks to queue
[2025-01-28T06:40:08.892+0000] {logging_mixin.py:190} INFO - [2025-01-28T06:40:08.891+0000] {dagbag.py:588} INFO - Filling up the DagBag from /home/ubuntu/.local/lib/python3.12/site-packages/airflow/example_dags/example_short_circuit_decorator.py
[2025-01-28T06:40:08.902+0000] {processor.py:925} INFO - DAG(s) 'example_short_circuit_decorator' retrieved from /home/ubuntu/.local/lib/python3.12/site-packages/airflow/example_dags/example_short_circuit_decorator.py
[2025-01-28T06:40:08.920+0000] {logging_mixin.py:190} INFO - [2025-01-28T06:40:08.920+0000] {dag.py:3239} INFO - Sync 1 DAGs
[2025-01-28T06:40:08.931+0000] {logging_mixin.py:190} INFO - [2025-01-28T06:40:08.931+0000] {dag.py:4180} INFO - Setting next_dagrun for example_short_circuit_decorator to None, run_after=None
[2025-01-28T06:40:08.954+0000] {processor.py:208} INFO - Processing /home/ubuntu/.local/lib/python3.12/site-packages/airflow/example_dags/example_short_circuit_decorator.py took 0.071 seconds
[2025-01-28T06:41:02.746+0000] {processor.py:186} INFO - Started process (PID=6348) to work on /home/ubuntu/.local/lib/python3.12/site-packages/airflow/example_dags/example_short_circuit_decorator.py
[2025-01-28T06:41:02.748+0000] {processor.py:914} INFO - Processing file /home/ubuntu/.local/lib/python3.12/site-packages/airflow/example_dags/example_short_circuit_decorator.py for tasks to queue
[2025-01-28T06:41:02.749+0000] {logging_mixin.py:190} INFO - [2025-01-28T06:41:02.749+0000] {dagbag.py:588} INFO - Filling up the DagBag from /home/ubuntu/.local/lib/python3.12/site-packages/airflow/example_dags/example_short_circuit_decorator.py
[2025-01-28T06:41:02.759+0000] {processor.py:925} INFO - DAG(s) 'example_short_circuit_decorator' retrieved from /home/ubuntu/.local/lib/python3.12/site-packages/airflow/example_dags/example_short_circuit_decorator.py
[2025-01-28T06:41:02.776+0000] {logging_mixin.py:190} INFO - [2025-01-28T06:41:02.776+0000] {dag.py:3239} INFO - Sync 1 DAGs
[2025-01-28T06:41:02.789+0000] {logging_mixin.py:190} INFO - [2025-01-28T06:41:02.789+0000] {dag.py:4180} INFO - Setting next_dagrun for example_short_circuit_decorator to None, run_after=None
[2025-01-28T06:41:02.950+0000] {processor.py:208} INFO - Processing /home/ubuntu/.local/lib/python3.12/site-packages/airflow/example_dags/example_short_circuit_decorator.py took 0.210 seconds
[2025-01-28T06:42:07.635+0000] {processor.py:186} INFO - Started process (PID=6545) to work on /home/ubuntu/.local/lib/python3.12/site-packages/airflow/example_dags/example_short_circuit_decorator.py
[2025-01-28T06:42:07.637+0000] {processor.py:914} INFO - Processing file /home/ubuntu/.local/lib/python3.12/site-packages/airflow/example_dags/example_short_circuit_decorator.py for tasks to queue
[2025-01-28T06:42:07.640+0000] {logging_mixin.py:190} INFO - [2025-01-28T06:42:07.639+0000] {dagbag.py:588} INFO - Filling up the DagBag from /home/ubuntu/.local/lib/python3.12/site-packages/airflow/example_dags/example_short_circuit_decorator.py
[2025-01-28T06:42:07.650+0000] {processor.py:925} INFO - DAG(s) 'example_short_circuit_decorator' retrieved from /home/ubuntu/.local/lib/python3.12/site-packages/airflow/example_dags/example_short_circuit_decorator.py
[2025-01-28T06:42:07.667+0000] {logging_mixin.py:190} INFO - [2025-01-28T06:42:07.667+0000] {dag.py:3239} INFO - Sync 1 DAGs
[2025-01-28T06:42:07.678+0000] {logging_mixin.py:190} INFO - [2025-01-28T06:42:07.678+0000] {dag.py:4180} INFO - Setting next_dagrun for example_short_circuit_decorator to None, run_after=None
[2025-01-28T06:42:07.703+0000] {processor.py:208} INFO - Processing /home/ubuntu/.local/lib/python3.12/site-packages/airflow/example_dags/example_short_circuit_decorator.py took 0.073 seconds
[2025-01-28T06:43:05.495+0000] {processor.py:186} INFO - Started process (PID=6603) to work on /home/ubuntu/.local/lib/python3.12/site-packages/airflow/example_dags/example_short_circuit_decorator.py
[2025-01-28T06:43:05.497+0000] {processor.py:914} INFO - Processing file /home/ubuntu/.local/lib/python3.12/site-packages/airflow/example_dags/example_short_circuit_decorator.py for tasks to queue
[2025-01-28T06:43:05.498+0000] {logging_mixin.py:190} INFO - [2025-01-28T06:43:05.498+0000] {dagbag.py:588} INFO - Filling up the DagBag from /home/ubuntu/.local/lib/python3.12/site-packages/airflow/example_dags/example_short_circuit_decorator.py
[2025-01-28T06:43:05.509+0000] {processor.py:925} INFO - DAG(s) 'example_short_circuit_decorator' retrieved from /home/ubuntu/.local/lib/python3.12/site-packages/airflow/example_dags/example_short_circuit_decorator.py
[2025-01-28T06:43:05.526+0000] {logging_mixin.py:190} INFO - [2025-01-28T06:43:05.526+0000] {dag.py:3239} INFO - Sync 1 DAGs
[2025-01-28T06:43:05.537+0000] {logging_mixin.py:190} INFO - [2025-01-28T06:43:05.537+0000] {dag.py:4180} INFO - Setting next_dagrun for example_short_circuit_decorator to None, run_after=None
[2025-01-28T06:43:05.559+0000] {processor.py:208} INFO - Processing /home/ubuntu/.local/lib/python3.12/site-packages/airflow/example_dags/example_short_circuit_decorator.py took 0.070 seconds
[2025-01-28T06:44:10.767+0000] {processor.py:186} INFO - Started process (PID=6665) to work on /home/ubuntu/.local/lib/python3.12/site-packages/airflow/example_dags/example_short_circuit_decorator.py
[2025-01-28T06:44:10.769+0000] {processor.py:914} INFO - Processing file /home/ubuntu/.local/lib/python3.12/site-packages/airflow/example_dags/example_short_circuit_decorator.py for tasks to queue
[2025-01-28T06:44:10.772+0000] {logging_mixin.py:190} INFO - [2025-01-28T06:44:10.772+0000] {dagbag.py:588} INFO - Filling up the DagBag from /home/ubuntu/.local/lib/python3.12/site-packages/airflow/example_dags/example_short_circuit_decorator.py
[2025-01-28T06:44:10.781+0000] {processor.py:925} INFO - DAG(s) 'example_short_circuit_decorator' retrieved from /home/ubuntu/.local/lib/python3.12/site-packages/airflow/example_dags/example_short_circuit_decorator.py
[2025-01-28T06:44:10.799+0000] {logging_mixin.py:190} INFO - [2025-01-28T06:44:10.799+0000] {dag.py:3239} INFO - Sync 1 DAGs
[2025-01-28T06:44:10.810+0000] {logging_mixin.py:190} INFO - [2025-01-28T06:44:10.810+0000] {dag.py:4180} INFO - Setting next_dagrun for example_short_circuit_decorator to None, run_after=None
[2025-01-28T06:44:10.835+0000] {processor.py:208} INFO - Processing /home/ubuntu/.local/lib/python3.12/site-packages/airflow/example_dags/example_short_circuit_decorator.py took 0.073 seconds
[2025-01-28T06:45:18.065+0000] {processor.py:186} INFO - Started process (PID=6730) to work on /home/ubuntu/.local/lib/python3.12/site-packages/airflow/example_dags/example_short_circuit_decorator.py
[2025-01-28T06:45:18.066+0000] {processor.py:914} INFO - Processing file /home/ubuntu/.local/lib/python3.12/site-packages/airflow/example_dags/example_short_circuit_decorator.py for tasks to queue
[2025-01-28T06:45:18.069+0000] {logging_mixin.py:190} INFO - [2025-01-28T06:45:18.069+0000] {dagbag.py:588} INFO - Filling up the DagBag from /home/ubuntu/.local/lib/python3.12/site-packages/airflow/example_dags/example_short_circuit_decorator.py
[2025-01-28T06:45:18.079+0000] {processor.py:925} INFO - DAG(s) 'example_short_circuit_decorator' retrieved from /home/ubuntu/.local/lib/python3.12/site-packages/airflow/example_dags/example_short_circuit_decorator.py
[2025-01-28T06:45:18.096+0000] {logging_mixin.py:190} INFO - [2025-01-28T06:45:18.096+0000] {dag.py:3239} INFO - Sync 1 DAGs
[2025-01-28T06:45:18.107+0000] {logging_mixin.py:190} INFO - [2025-01-28T06:45:18.107+0000] {dag.py:4180} INFO - Setting next_dagrun for example_short_circuit_decorator to None, run_after=None
[2025-01-28T06:45:18.130+0000] {processor.py:208} INFO - Processing /home/ubuntu/.local/lib/python3.12/site-packages/airflow/example_dags/example_short_circuit_decorator.py took 0.070 seconds
[2025-01-28T06:46:12.888+0000] {processor.py:186} INFO - Started process (PID=6953) to work on /home/ubuntu/.local/lib/python3.12/site-packages/airflow/example_dags/example_short_circuit_decorator.py
[2025-01-28T06:46:12.890+0000] {processor.py:914} INFO - Processing file /home/ubuntu/.local/lib/python3.12/site-packages/airflow/example_dags/example_short_circuit_decorator.py for tasks to queue
[2025-01-28T06:46:12.892+0000] {logging_mixin.py:190} INFO - [2025-01-28T06:46:12.892+0000] {dagbag.py:588} INFO - Filling up the DagBag from /home/ubuntu/.local/lib/python3.12/site-packages/airflow/example_dags/example_short_circuit_decorator.py
[2025-01-28T06:46:12.902+0000] {processor.py:925} INFO - DAG(s) 'example_short_circuit_decorator' retrieved from /home/ubuntu/.local/lib/python3.12/site-packages/airflow/example_dags/example_short_circuit_decorator.py
[2025-01-28T06:46:12.924+0000] {logging_mixin.py:190} INFO - [2025-01-28T06:46:12.923+0000] {dag.py:3239} INFO - Sync 1 DAGs
[2025-01-28T06:46:12.936+0000] {logging_mixin.py:190} INFO - [2025-01-28T06:46:12.935+0000] {dag.py:4180} INFO - Setting next_dagrun for example_short_circuit_decorator to None, run_after=None
[2025-01-28T06:46:12.958+0000] {processor.py:208} INFO - Processing /home/ubuntu/.local/lib/python3.12/site-packages/airflow/example_dags/example_short_circuit_decorator.py took 0.078 seconds
