[2025-01-28T03:39:34.509+0000] {processor.py:186} INFO - Started process (PID=9634) to work on /home/ubuntu/airflow-venv/lib/python3.12/site-packages/airflow/example_dags/example_task_group_decorator.py
[2025-01-28T03:39:34.509+0000] {processor.py:914} INFO - Processing file /home/ubuntu/airflow-venv/lib/python3.12/site-packages/airflow/example_dags/example_task_group_decorator.py for tasks to queue
[2025-01-28T03:39:34.511+0000] {logging_mixin.py:190} INFO - [2025-01-28T03:39:34.511+0000] {dagbag.py:588} INFO - Filling up the DagBag from /home/ubuntu/airflow-venv/lib/python3.12/site-packages/airflow/example_dags/example_task_group_decorator.py
[2025-01-28T03:39:34.528+0000] {processor.py:925} INFO - DAG(s) 'example_task_group_decorator' retrieved from /home/ubuntu/airflow-venv/lib/python3.12/site-packages/airflow/example_dags/example_task_group_decorator.py
[2025-01-28T03:39:34.634+0000] {logging_mixin.py:190} INFO - [2025-01-28T03:39:34.634+0000] {override.py:1912} INFO - Created Permission View: can read on DAG:example_task_group_decorator
[2025-01-28T03:39:34.647+0000] {logging_mixin.py:190} INFO - [2025-01-28T03:39:34.646+0000] {override.py:1912} INFO - Created Permission View: can delete on DAG:example_task_group_decorator
[2025-01-28T03:39:34.658+0000] {logging_mixin.py:190} INFO - [2025-01-28T03:39:34.658+0000] {override.py:1912} INFO - Created Permission View: can edit on DAG:example_task_group_decorator
[2025-01-28T03:39:34.675+0000] {logging_mixin.py:190} INFO - [2025-01-28T03:39:34.675+0000] {override.py:1912} INFO - Created Permission View: menu access on DAG Run:example_task_group_decorator
[2025-01-28T03:39:34.685+0000] {logging_mixin.py:190} INFO - [2025-01-28T03:39:34.685+0000] {override.py:1912} INFO - Created Permission View: can read on DAG Run:example_task_group_decorator
[2025-01-28T03:39:34.696+0000] {logging_mixin.py:190} INFO - [2025-01-28T03:39:34.695+0000] {override.py:1912} INFO - Created Permission View: can delete on DAG Run:example_task_group_decorator
[2025-01-28T03:39:34.706+0000] {logging_mixin.py:190} INFO - [2025-01-28T03:39:34.706+0000] {override.py:1912} INFO - Created Permission View: can create on DAG Run:example_task_group_decorator
[2025-01-28T03:39:34.706+0000] {logging_mixin.py:190} INFO - [2025-01-28T03:39:34.706+0000] {dag.py:3239} INFO - Sync 1 DAGs
[2025-01-28T03:39:34.716+0000] {logging_mixin.py:190} INFO - [2025-01-28T03:39:34.716+0000] {dag.py:3262} INFO - Creating ORM DAG for example_task_group_decorator
[2025-01-28T03:39:34.716+0000] {logging_mixin.py:190} INFO - [2025-01-28T03:39:34.716+0000] {dag.py:4180} INFO - Setting next_dagrun for example_task_group_decorator to None, run_after=None
[2025-01-28T03:39:34.738+0000] {processor.py:208} INFO - Processing /home/ubuntu/airflow-venv/lib/python3.12/site-packages/airflow/example_dags/example_task_group_decorator.py took 0.235 seconds
[2025-01-28T03:40:39.993+0000] {processor.py:186} INFO - Started process (PID=9695) to work on /home/ubuntu/airflow-venv/lib/python3.12/site-packages/airflow/example_dags/example_task_group_decorator.py
[2025-01-28T03:40:39.994+0000] {processor.py:914} INFO - Processing file /home/ubuntu/airflow-venv/lib/python3.12/site-packages/airflow/example_dags/example_task_group_decorator.py for tasks to queue
[2025-01-28T03:40:39.996+0000] {logging_mixin.py:190} INFO - [2025-01-28T03:40:39.996+0000] {dagbag.py:588} INFO - Filling up the DagBag from /home/ubuntu/airflow-venv/lib/python3.12/site-packages/airflow/example_dags/example_task_group_decorator.py
[2025-01-28T03:40:40.011+0000] {processor.py:925} INFO - DAG(s) 'example_task_group_decorator' retrieved from /home/ubuntu/airflow-venv/lib/python3.12/site-packages/airflow/example_dags/example_task_group_decorator.py
[2025-01-28T03:40:40.030+0000] {logging_mixin.py:190} INFO - [2025-01-28T03:40:40.030+0000] {dag.py:3239} INFO - Sync 1 DAGs
[2025-01-28T03:40:40.041+0000] {logging_mixin.py:190} INFO - [2025-01-28T03:40:40.041+0000] {dag.py:4180} INFO - Setting next_dagrun for example_task_group_decorator to None, run_after=None
[2025-01-28T03:40:40.063+0000] {processor.py:208} INFO - Processing /home/ubuntu/airflow-venv/lib/python3.12/site-packages/airflow/example_dags/example_task_group_decorator.py took 0.075 seconds
[2025-01-28T03:43:18.482+0000] {processor.py:186} INFO - Started process (PID=9796) to work on /home/ubuntu/airflow-venv/lib/python3.12/site-packages/airflow/example_dags/example_task_group_decorator.py
[2025-01-28T03:43:18.484+0000] {processor.py:914} INFO - Processing file /home/ubuntu/airflow-venv/lib/python3.12/site-packages/airflow/example_dags/example_task_group_decorator.py for tasks to queue
[2025-01-28T03:43:18.488+0000] {logging_mixin.py:190} INFO - [2025-01-28T03:43:18.488+0000] {dagbag.py:588} INFO - Filling up the DagBag from /home/ubuntu/airflow-venv/lib/python3.12/site-packages/airflow/example_dags/example_task_group_decorator.py
[2025-01-28T03:43:18.503+0000] {processor.py:925} INFO - DAG(s) 'example_task_group_decorator' retrieved from /home/ubuntu/airflow-venv/lib/python3.12/site-packages/airflow/example_dags/example_task_group_decorator.py
[2025-01-28T03:43:18.522+0000] {logging_mixin.py:190} INFO - [2025-01-28T03:43:18.522+0000] {dag.py:3239} INFO - Sync 1 DAGs
[2025-01-28T03:43:18.533+0000] {logging_mixin.py:190} INFO - [2025-01-28T03:43:18.533+0000] {dag.py:4180} INFO - Setting next_dagrun for example_task_group_decorator to None, run_after=None
[2025-01-28T03:43:18.555+0000] {processor.py:208} INFO - Processing /home/ubuntu/airflow-venv/lib/python3.12/site-packages/airflow/example_dags/example_task_group_decorator.py took 0.078 seconds
[2025-01-28T03:44:14.285+0000] {processor.py:186} INFO - Started process (PID=9854) to work on /home/ubuntu/airflow-venv/lib/python3.12/site-packages/airflow/example_dags/example_task_group_decorator.py
[2025-01-28T03:44:14.286+0000] {processor.py:914} INFO - Processing file /home/ubuntu/airflow-venv/lib/python3.12/site-packages/airflow/example_dags/example_task_group_decorator.py for tasks to queue
[2025-01-28T03:44:14.290+0000] {logging_mixin.py:190} INFO - [2025-01-28T03:44:14.290+0000] {dagbag.py:588} INFO - Filling up the DagBag from /home/ubuntu/airflow-venv/lib/python3.12/site-packages/airflow/example_dags/example_task_group_decorator.py
[2025-01-28T03:44:14.304+0000] {processor.py:925} INFO - DAG(s) 'example_task_group_decorator' retrieved from /home/ubuntu/airflow-venv/lib/python3.12/site-packages/airflow/example_dags/example_task_group_decorator.py
[2025-01-28T03:44:14.324+0000] {logging_mixin.py:190} INFO - [2025-01-28T03:44:14.324+0000] {dag.py:3239} INFO - Sync 1 DAGs
[2025-01-28T03:44:14.336+0000] {logging_mixin.py:190} INFO - [2025-01-28T03:44:14.336+0000] {dag.py:4180} INFO - Setting next_dagrun for example_task_group_decorator to None, run_after=None
[2025-01-28T03:44:14.359+0000] {processor.py:208} INFO - Processing /home/ubuntu/airflow-venv/lib/python3.12/site-packages/airflow/example_dags/example_task_group_decorator.py took 0.078 seconds
[2025-01-28T03:45:06.118+0000] {processor.py:186} INFO - Started process (PID=9912) to work on /home/ubuntu/airflow-venv/lib/python3.12/site-packages/airflow/example_dags/example_task_group_decorator.py
[2025-01-28T03:45:06.120+0000] {processor.py:914} INFO - Processing file /home/ubuntu/airflow-venv/lib/python3.12/site-packages/airflow/example_dags/example_task_group_decorator.py for tasks to queue
[2025-01-28T03:45:06.121+0000] {logging_mixin.py:190} INFO - [2025-01-28T03:45:06.121+0000] {dagbag.py:588} INFO - Filling up the DagBag from /home/ubuntu/airflow-venv/lib/python3.12/site-packages/airflow/example_dags/example_task_group_decorator.py
[2025-01-28T03:45:06.137+0000] {processor.py:925} INFO - DAG(s) 'example_task_group_decorator' retrieved from /home/ubuntu/airflow-venv/lib/python3.12/site-packages/airflow/example_dags/example_task_group_decorator.py
[2025-01-28T03:45:06.158+0000] {logging_mixin.py:190} INFO - [2025-01-28T03:45:06.157+0000] {dag.py:3239} INFO - Sync 1 DAGs
[2025-01-28T03:45:06.169+0000] {logging_mixin.py:190} INFO - [2025-01-28T03:45:06.169+0000] {dag.py:4180} INFO - Setting next_dagrun for example_task_group_decorator to None, run_after=None
[2025-01-28T03:45:06.192+0000] {processor.py:208} INFO - Processing /home/ubuntu/airflow-venv/lib/python3.12/site-packages/airflow/example_dags/example_task_group_decorator.py took 0.079 seconds
[2025-01-28T03:45:57.894+0000] {processor.py:186} INFO - Started process (PID=9965) to work on /home/ubuntu/airflow-venv/lib/python3.12/site-packages/airflow/example_dags/example_task_group_decorator.py
[2025-01-28T03:45:57.957+0000] {processor.py:914} INFO - Processing file /home/ubuntu/airflow-venv/lib/python3.12/site-packages/airflow/example_dags/example_task_group_decorator.py for tasks to queue
[2025-01-28T03:45:57.960+0000] {logging_mixin.py:190} INFO - [2025-01-28T03:45:57.959+0000] {dagbag.py:588} INFO - Filling up the DagBag from /home/ubuntu/airflow-venv/lib/python3.12/site-packages/airflow/example_dags/example_task_group_decorator.py
[2025-01-28T03:45:57.973+0000] {processor.py:925} INFO - DAG(s) 'example_task_group_decorator' retrieved from /home/ubuntu/airflow-venv/lib/python3.12/site-packages/airflow/example_dags/example_task_group_decorator.py
[2025-01-28T03:45:57.993+0000] {logging_mixin.py:190} INFO - [2025-01-28T03:45:57.993+0000] {dag.py:3239} INFO - Sync 1 DAGs
[2025-01-28T03:45:58.005+0000] {logging_mixin.py:190} INFO - [2025-01-28T03:45:58.004+0000] {dag.py:4180} INFO - Setting next_dagrun for example_task_group_decorator to None, run_after=None
[2025-01-28T03:45:58.025+0000] {processor.py:208} INFO - Processing /home/ubuntu/airflow-venv/lib/python3.12/site-packages/airflow/example_dags/example_task_group_decorator.py took 0.136 seconds
[2025-01-28T03:46:51.345+0000] {processor.py:186} INFO - Started process (PID=10019) to work on /home/ubuntu/airflow-venv/lib/python3.12/site-packages/airflow/example_dags/example_task_group_decorator.py
[2025-01-28T03:46:51.347+0000] {processor.py:914} INFO - Processing file /home/ubuntu/airflow-venv/lib/python3.12/site-packages/airflow/example_dags/example_task_group_decorator.py for tasks to queue
[2025-01-28T03:46:51.349+0000] {logging_mixin.py:190} INFO - [2025-01-28T03:46:51.349+0000] {dagbag.py:588} INFO - Filling up the DagBag from /home/ubuntu/airflow-venv/lib/python3.12/site-packages/airflow/example_dags/example_task_group_decorator.py
[2025-01-28T03:46:51.364+0000] {processor.py:925} INFO - DAG(s) 'example_task_group_decorator' retrieved from /home/ubuntu/airflow-venv/lib/python3.12/site-packages/airflow/example_dags/example_task_group_decorator.py
[2025-01-28T03:46:51.382+0000] {logging_mixin.py:190} INFO - [2025-01-28T03:46:51.382+0000] {dag.py:3239} INFO - Sync 1 DAGs
[2025-01-28T03:46:51.393+0000] {logging_mixin.py:190} INFO - [2025-01-28T03:46:51.393+0000] {dag.py:4180} INFO - Setting next_dagrun for example_task_group_decorator to None, run_after=None
[2025-01-28T03:46:51.417+0000] {processor.py:208} INFO - Processing /home/ubuntu/airflow-venv/lib/python3.12/site-packages/airflow/example_dags/example_task_group_decorator.py took 0.076 seconds
[2025-01-28T03:47:45.216+0000] {processor.py:186} INFO - Started process (PID=10074) to work on /home/ubuntu/airflow-venv/lib/python3.12/site-packages/airflow/example_dags/example_task_group_decorator.py
[2025-01-28T03:47:45.217+0000] {processor.py:914} INFO - Processing file /home/ubuntu/airflow-venv/lib/python3.12/site-packages/airflow/example_dags/example_task_group_decorator.py for tasks to queue
[2025-01-28T03:47:45.219+0000] {logging_mixin.py:190} INFO - [2025-01-28T03:47:45.219+0000] {dagbag.py:588} INFO - Filling up the DagBag from /home/ubuntu/airflow-venv/lib/python3.12/site-packages/airflow/example_dags/example_task_group_decorator.py
[2025-01-28T03:47:45.234+0000] {processor.py:925} INFO - DAG(s) 'example_task_group_decorator' retrieved from /home/ubuntu/airflow-venv/lib/python3.12/site-packages/airflow/example_dags/example_task_group_decorator.py
[2025-01-28T03:47:45.253+0000] {logging_mixin.py:190} INFO - [2025-01-28T03:47:45.253+0000] {dag.py:3239} INFO - Sync 1 DAGs
[2025-01-28T03:47:45.264+0000] {logging_mixin.py:190} INFO - [2025-01-28T03:47:45.264+0000] {dag.py:4180} INFO - Setting next_dagrun for example_task_group_decorator to None, run_after=None
[2025-01-28T03:47:45.285+0000] {processor.py:208} INFO - Processing /home/ubuntu/airflow-venv/lib/python3.12/site-packages/airflow/example_dags/example_task_group_decorator.py took 0.075 seconds
[2025-01-28T03:48:32.952+0000] {processor.py:186} INFO - Started process (PID=10126) to work on /home/ubuntu/airflow-venv/lib/python3.12/site-packages/airflow/example_dags/example_task_group_decorator.py
[2025-01-28T03:48:32.954+0000] {processor.py:914} INFO - Processing file /home/ubuntu/airflow-venv/lib/python3.12/site-packages/airflow/example_dags/example_task_group_decorator.py for tasks to queue
[2025-01-28T03:48:32.956+0000] {logging_mixin.py:190} INFO - [2025-01-28T03:48:32.955+0000] {dagbag.py:588} INFO - Filling up the DagBag from /home/ubuntu/airflow-venv/lib/python3.12/site-packages/airflow/example_dags/example_task_group_decorator.py
[2025-01-28T03:48:32.970+0000] {processor.py:925} INFO - DAG(s) 'example_task_group_decorator' retrieved from /home/ubuntu/airflow-venv/lib/python3.12/site-packages/airflow/example_dags/example_task_group_decorator.py
[2025-01-28T03:48:32.989+0000] {logging_mixin.py:190} INFO - [2025-01-28T03:48:32.989+0000] {dag.py:3239} INFO - Sync 1 DAGs
[2025-01-28T03:48:33.000+0000] {logging_mixin.py:190} INFO - [2025-01-28T03:48:33.000+0000] {dag.py:4180} INFO - Setting next_dagrun for example_task_group_decorator to None, run_after=None
[2025-01-28T03:48:33.025+0000] {processor.py:208} INFO - Processing /home/ubuntu/airflow-venv/lib/python3.12/site-packages/airflow/example_dags/example_task_group_decorator.py took 0.078 seconds
[2025-01-28T03:49:21.499+0000] {processor.py:186} INFO - Started process (PID=10177) to work on /home/ubuntu/airflow-venv/lib/python3.12/site-packages/airflow/example_dags/example_task_group_decorator.py
[2025-01-28T03:49:21.500+0000] {processor.py:914} INFO - Processing file /home/ubuntu/airflow-venv/lib/python3.12/site-packages/airflow/example_dags/example_task_group_decorator.py for tasks to queue
[2025-01-28T03:49:21.502+0000] {logging_mixin.py:190} INFO - [2025-01-28T03:49:21.501+0000] {dagbag.py:588} INFO - Filling up the DagBag from /home/ubuntu/airflow-venv/lib/python3.12/site-packages/airflow/example_dags/example_task_group_decorator.py
[2025-01-28T03:49:21.517+0000] {processor.py:925} INFO - DAG(s) 'example_task_group_decorator' retrieved from /home/ubuntu/airflow-venv/lib/python3.12/site-packages/airflow/example_dags/example_task_group_decorator.py
[2025-01-28T03:49:21.536+0000] {logging_mixin.py:190} INFO - [2025-01-28T03:49:21.536+0000] {dag.py:3239} INFO - Sync 1 DAGs
[2025-01-28T03:49:21.553+0000] {logging_mixin.py:190} INFO - [2025-01-28T03:49:21.553+0000] {dag.py:4180} INFO - Setting next_dagrun for example_task_group_decorator to None, run_after=None
[2025-01-28T03:49:21.574+0000] {processor.py:208} INFO - Processing /home/ubuntu/airflow-venv/lib/python3.12/site-packages/airflow/example_dags/example_task_group_decorator.py took 0.080 seconds
[2025-01-28T05:55:00.262+0000] {processor.py:186} INFO - Started process (PID=1889) to work on /home/ubuntu/.local/lib/python3.12/site-packages/airflow/example_dags/example_task_group_decorator.py
[2025-01-28T05:55:00.263+0000] {processor.py:914} INFO - Processing file /home/ubuntu/.local/lib/python3.12/site-packages/airflow/example_dags/example_task_group_decorator.py for tasks to queue
[2025-01-28T05:55:00.266+0000] {logging_mixin.py:190} INFO - [2025-01-28T05:55:00.265+0000] {dagbag.py:588} INFO - Filling up the DagBag from /home/ubuntu/.local/lib/python3.12/site-packages/airflow/example_dags/example_task_group_decorator.py
[2025-01-28T05:55:00.283+0000] {processor.py:925} INFO - DAG(s) 'example_task_group_decorator' retrieved from /home/ubuntu/.local/lib/python3.12/site-packages/airflow/example_dags/example_task_group_decorator.py
[2025-01-28T05:55:00.377+0000] {logging_mixin.py:190} INFO - [2025-01-28T05:55:00.377+0000] {dag.py:3239} INFO - Sync 1 DAGs
[2025-01-28T05:55:00.387+0000] {logging_mixin.py:190} INFO - [2025-01-28T05:55:00.387+0000] {dag.py:4180} INFO - Setting next_dagrun for example_task_group_decorator to None, run_after=None
[2025-01-28T05:55:00.415+0000] {processor.py:208} INFO - Processing /home/ubuntu/.local/lib/python3.12/site-packages/airflow/example_dags/example_task_group_decorator.py took 0.159 seconds
[2025-01-28T05:56:00.135+0000] {processor.py:186} INFO - Started process (PID=1952) to work on /home/ubuntu/.local/lib/python3.12/site-packages/airflow/example_dags/example_task_group_decorator.py
[2025-01-28T05:56:00.137+0000] {processor.py:914} INFO - Processing file /home/ubuntu/.local/lib/python3.12/site-packages/airflow/example_dags/example_task_group_decorator.py for tasks to queue
[2025-01-28T05:56:00.140+0000] {logging_mixin.py:190} INFO - [2025-01-28T05:56:00.138+0000] {dagbag.py:588} INFO - Filling up the DagBag from /home/ubuntu/.local/lib/python3.12/site-packages/airflow/example_dags/example_task_group_decorator.py
[2025-01-28T05:56:00.157+0000] {processor.py:925} INFO - DAG(s) 'example_task_group_decorator' retrieved from /home/ubuntu/.local/lib/python3.12/site-packages/airflow/example_dags/example_task_group_decorator.py
[2025-01-28T05:56:00.177+0000] {logging_mixin.py:190} INFO - [2025-01-28T05:56:00.177+0000] {dag.py:3239} INFO - Sync 1 DAGs
[2025-01-28T05:56:00.190+0000] {logging_mixin.py:190} INFO - [2025-01-28T05:56:00.189+0000] {dag.py:4180} INFO - Setting next_dagrun for example_task_group_decorator to None, run_after=None
[2025-01-28T05:56:00.213+0000] {processor.py:208} INFO - Processing /home/ubuntu/.local/lib/python3.12/site-packages/airflow/example_dags/example_task_group_decorator.py took 0.083 seconds
[2025-01-28T05:56:56.678+0000] {processor.py:186} INFO - Started process (PID=2028) to work on /home/ubuntu/.local/lib/python3.12/site-packages/airflow/example_dags/example_task_group_decorator.py
[2025-01-28T05:56:56.681+0000] {processor.py:914} INFO - Processing file /home/ubuntu/.local/lib/python3.12/site-packages/airflow/example_dags/example_task_group_decorator.py for tasks to queue
[2025-01-28T05:56:56.684+0000] {logging_mixin.py:190} INFO - [2025-01-28T05:56:56.684+0000] {dagbag.py:588} INFO - Filling up the DagBag from /home/ubuntu/.local/lib/python3.12/site-packages/airflow/example_dags/example_task_group_decorator.py
[2025-01-28T05:56:56.708+0000] {processor.py:925} INFO - DAG(s) 'example_task_group_decorator' retrieved from /home/ubuntu/.local/lib/python3.12/site-packages/airflow/example_dags/example_task_group_decorator.py
[2025-01-28T05:56:56.727+0000] {logging_mixin.py:190} INFO - [2025-01-28T05:56:56.727+0000] {dag.py:3239} INFO - Sync 1 DAGs
[2025-01-28T05:56:56.738+0000] {logging_mixin.py:190} INFO - [2025-01-28T05:56:56.738+0000] {dag.py:4180} INFO - Setting next_dagrun for example_task_group_decorator to None, run_after=None
[2025-01-28T05:56:56.762+0000] {processor.py:208} INFO - Processing /home/ubuntu/.local/lib/python3.12/site-packages/airflow/example_dags/example_task_group_decorator.py took 0.094 seconds
[2025-01-28T05:57:52.121+0000] {processor.py:186} INFO - Started process (PID=2099) to work on /home/ubuntu/.local/lib/python3.12/site-packages/airflow/example_dags/example_task_group_decorator.py
[2025-01-28T05:57:52.124+0000] {processor.py:914} INFO - Processing file /home/ubuntu/.local/lib/python3.12/site-packages/airflow/example_dags/example_task_group_decorator.py for tasks to queue
[2025-01-28T05:57:52.126+0000] {logging_mixin.py:190} INFO - [2025-01-28T05:57:52.126+0000] {dagbag.py:588} INFO - Filling up the DagBag from /home/ubuntu/.local/lib/python3.12/site-packages/airflow/example_dags/example_task_group_decorator.py
[2025-01-28T05:57:52.141+0000] {processor.py:925} INFO - DAG(s) 'example_task_group_decorator' retrieved from /home/ubuntu/.local/lib/python3.12/site-packages/airflow/example_dags/example_task_group_decorator.py
[2025-01-28T05:57:52.160+0000] {logging_mixin.py:190} INFO - [2025-01-28T05:57:52.160+0000] {dag.py:3239} INFO - Sync 1 DAGs
[2025-01-28T05:57:52.171+0000] {logging_mixin.py:190} INFO - [2025-01-28T05:57:52.171+0000] {dag.py:4180} INFO - Setting next_dagrun for example_task_group_decorator to None, run_after=None
[2025-01-28T05:57:52.193+0000] {processor.py:208} INFO - Processing /home/ubuntu/.local/lib/python3.12/site-packages/airflow/example_dags/example_task_group_decorator.py took 0.077 seconds
[2025-01-28T05:58:48.764+0000] {processor.py:186} INFO - Started process (PID=2156) to work on /home/ubuntu/.local/lib/python3.12/site-packages/airflow/example_dags/example_task_group_decorator.py
[2025-01-28T05:58:48.766+0000] {processor.py:914} INFO - Processing file /home/ubuntu/.local/lib/python3.12/site-packages/airflow/example_dags/example_task_group_decorator.py for tasks to queue
[2025-01-28T05:58:48.769+0000] {logging_mixin.py:190} INFO - [2025-01-28T05:58:48.769+0000] {dagbag.py:588} INFO - Filling up the DagBag from /home/ubuntu/.local/lib/python3.12/site-packages/airflow/example_dags/example_task_group_decorator.py
[2025-01-28T05:58:48.784+0000] {processor.py:925} INFO - DAG(s) 'example_task_group_decorator' retrieved from /home/ubuntu/.local/lib/python3.12/site-packages/airflow/example_dags/example_task_group_decorator.py
[2025-01-28T05:58:48.803+0000] {logging_mixin.py:190} INFO - [2025-01-28T05:58:48.802+0000] {dag.py:3239} INFO - Sync 1 DAGs
[2025-01-28T05:58:48.814+0000] {logging_mixin.py:190} INFO - [2025-01-28T05:58:48.814+0000] {dag.py:4180} INFO - Setting next_dagrun for example_task_group_decorator to None, run_after=None
[2025-01-28T05:58:48.836+0000] {processor.py:208} INFO - Processing /home/ubuntu/.local/lib/python3.12/site-packages/airflow/example_dags/example_task_group_decorator.py took 0.077 seconds
[2025-01-28T05:59:43.661+0000] {processor.py:186} INFO - Started process (PID=2213) to work on /home/ubuntu/.local/lib/python3.12/site-packages/airflow/example_dags/example_task_group_decorator.py
[2025-01-28T05:59:43.664+0000] {processor.py:914} INFO - Processing file /home/ubuntu/.local/lib/python3.12/site-packages/airflow/example_dags/example_task_group_decorator.py for tasks to queue
[2025-01-28T05:59:43.668+0000] {logging_mixin.py:190} INFO - [2025-01-28T05:59:43.666+0000] {dagbag.py:588} INFO - Filling up the DagBag from /home/ubuntu/.local/lib/python3.12/site-packages/airflow/example_dags/example_task_group_decorator.py
[2025-01-28T05:59:43.689+0000] {processor.py:925} INFO - DAG(s) 'example_task_group_decorator' retrieved from /home/ubuntu/.local/lib/python3.12/site-packages/airflow/example_dags/example_task_group_decorator.py
[2025-01-28T05:59:43.707+0000] {logging_mixin.py:190} INFO - [2025-01-28T05:59:43.707+0000] {dag.py:3239} INFO - Sync 1 DAGs
[2025-01-28T05:59:43.725+0000] {logging_mixin.py:190} INFO - [2025-01-28T05:59:43.724+0000] {dag.py:4180} INFO - Setting next_dagrun for example_task_group_decorator to None, run_after=None
[2025-01-28T05:59:43.747+0000] {processor.py:208} INFO - Processing /home/ubuntu/.local/lib/python3.12/site-packages/airflow/example_dags/example_task_group_decorator.py took 0.092 seconds
[2025-01-28T06:00:35.677+0000] {processor.py:186} INFO - Started process (PID=2270) to work on /home/ubuntu/.local/lib/python3.12/site-packages/airflow/example_dags/example_task_group_decorator.py
[2025-01-28T06:00:35.679+0000] {processor.py:914} INFO - Processing file /home/ubuntu/.local/lib/python3.12/site-packages/airflow/example_dags/example_task_group_decorator.py for tasks to queue
[2025-01-28T06:00:35.682+0000] {logging_mixin.py:190} INFO - [2025-01-28T06:00:35.681+0000] {dagbag.py:588} INFO - Filling up the DagBag from /home/ubuntu/.local/lib/python3.12/site-packages/airflow/example_dags/example_task_group_decorator.py
[2025-01-28T06:00:35.697+0000] {processor.py:925} INFO - DAG(s) 'example_task_group_decorator' retrieved from /home/ubuntu/.local/lib/python3.12/site-packages/airflow/example_dags/example_task_group_decorator.py
[2025-01-28T06:00:35.716+0000] {logging_mixin.py:190} INFO - [2025-01-28T06:00:35.716+0000] {dag.py:3239} INFO - Sync 1 DAGs
[2025-01-28T06:00:35.728+0000] {logging_mixin.py:190} INFO - [2025-01-28T06:00:35.728+0000] {dag.py:4180} INFO - Setting next_dagrun for example_task_group_decorator to None, run_after=None
[2025-01-28T06:00:35.750+0000] {processor.py:208} INFO - Processing /home/ubuntu/.local/lib/python3.12/site-packages/airflow/example_dags/example_task_group_decorator.py took 0.078 seconds
[2025-01-28T06:01:25.629+0000] {processor.py:186} INFO - Started process (PID=2322) to work on /home/ubuntu/.local/lib/python3.12/site-packages/airflow/example_dags/example_task_group_decorator.py
[2025-01-28T06:01:25.631+0000] {processor.py:914} INFO - Processing file /home/ubuntu/.local/lib/python3.12/site-packages/airflow/example_dags/example_task_group_decorator.py for tasks to queue
[2025-01-28T06:01:25.633+0000] {logging_mixin.py:190} INFO - [2025-01-28T06:01:25.633+0000] {dagbag.py:588} INFO - Filling up the DagBag from /home/ubuntu/.local/lib/python3.12/site-packages/airflow/example_dags/example_task_group_decorator.py
[2025-01-28T06:01:25.648+0000] {processor.py:925} INFO - DAG(s) 'example_task_group_decorator' retrieved from /home/ubuntu/.local/lib/python3.12/site-packages/airflow/example_dags/example_task_group_decorator.py
[2025-01-28T06:01:25.667+0000] {logging_mixin.py:190} INFO - [2025-01-28T06:01:25.667+0000] {dag.py:3239} INFO - Sync 1 DAGs
[2025-01-28T06:01:25.678+0000] {logging_mixin.py:190} INFO - [2025-01-28T06:01:25.678+0000] {dag.py:4180} INFO - Setting next_dagrun for example_task_group_decorator to None, run_after=None
[2025-01-28T06:01:25.699+0000] {processor.py:208} INFO - Processing /home/ubuntu/.local/lib/python3.12/site-packages/airflow/example_dags/example_task_group_decorator.py took 0.075 seconds
[2025-01-28T06:02:13.322+0000] {processor.py:186} INFO - Started process (PID=2378) to work on /home/ubuntu/.local/lib/python3.12/site-packages/airflow/example_dags/example_task_group_decorator.py
[2025-01-28T06:02:13.324+0000] {processor.py:914} INFO - Processing file /home/ubuntu/.local/lib/python3.12/site-packages/airflow/example_dags/example_task_group_decorator.py for tasks to queue
[2025-01-28T06:02:13.326+0000] {logging_mixin.py:190} INFO - [2025-01-28T06:02:13.326+0000] {dagbag.py:588} INFO - Filling up the DagBag from /home/ubuntu/.local/lib/python3.12/site-packages/airflow/example_dags/example_task_group_decorator.py
[2025-01-28T06:02:13.347+0000] {processor.py:925} INFO - DAG(s) 'example_task_group_decorator' retrieved from /home/ubuntu/.local/lib/python3.12/site-packages/airflow/example_dags/example_task_group_decorator.py
[2025-01-28T06:02:13.369+0000] {logging_mixin.py:190} INFO - [2025-01-28T06:02:13.369+0000] {dag.py:3239} INFO - Sync 1 DAGs
[2025-01-28T06:02:13.381+0000] {logging_mixin.py:190} INFO - [2025-01-28T06:02:13.380+0000] {dag.py:4180} INFO - Setting next_dagrun for example_task_group_decorator to None, run_after=None
[2025-01-28T06:02:13.403+0000] {processor.py:208} INFO - Processing /home/ubuntu/.local/lib/python3.12/site-packages/airflow/example_dags/example_task_group_decorator.py took 0.086 seconds
[2025-01-28T06:03:04.663+0000] {processor.py:186} INFO - Started process (PID=2443) to work on /home/ubuntu/.local/lib/python3.12/site-packages/airflow/example_dags/example_task_group_decorator.py
[2025-01-28T06:03:04.665+0000] {processor.py:914} INFO - Processing file /home/ubuntu/.local/lib/python3.12/site-packages/airflow/example_dags/example_task_group_decorator.py for tasks to queue
[2025-01-28T06:03:04.667+0000] {logging_mixin.py:190} INFO - [2025-01-28T06:03:04.667+0000] {dagbag.py:588} INFO - Filling up the DagBag from /home/ubuntu/.local/lib/python3.12/site-packages/airflow/example_dags/example_task_group_decorator.py
[2025-01-28T06:03:04.682+0000] {processor.py:925} INFO - DAG(s) 'example_task_group_decorator' retrieved from /home/ubuntu/.local/lib/python3.12/site-packages/airflow/example_dags/example_task_group_decorator.py
[2025-01-28T06:03:04.701+0000] {logging_mixin.py:190} INFO - [2025-01-28T06:03:04.701+0000] {dag.py:3239} INFO - Sync 1 DAGs
[2025-01-28T06:03:04.713+0000] {logging_mixin.py:190} INFO - [2025-01-28T06:03:04.713+0000] {dag.py:4180} INFO - Setting next_dagrun for example_task_group_decorator to None, run_after=None
[2025-01-28T06:03:04.735+0000] {processor.py:208} INFO - Processing /home/ubuntu/.local/lib/python3.12/site-packages/airflow/example_dags/example_task_group_decorator.py took 0.077 seconds
[2025-01-28T06:04:19.919+0000] {processor.py:186} INFO - Started process (PID=2524) to work on /home/ubuntu/.local/lib/python3.12/site-packages/airflow/example_dags/example_task_group_decorator.py
[2025-01-28T06:04:19.922+0000] {processor.py:914} INFO - Processing file /home/ubuntu/.local/lib/python3.12/site-packages/airflow/example_dags/example_task_group_decorator.py for tasks to queue
[2025-01-28T06:04:19.924+0000] {logging_mixin.py:190} INFO - [2025-01-28T06:04:19.924+0000] {dagbag.py:588} INFO - Filling up the DagBag from /home/ubuntu/.local/lib/python3.12/site-packages/airflow/example_dags/example_task_group_decorator.py
[2025-01-28T06:04:19.939+0000] {processor.py:925} INFO - DAG(s) 'example_task_group_decorator' retrieved from /home/ubuntu/.local/lib/python3.12/site-packages/airflow/example_dags/example_task_group_decorator.py
[2025-01-28T06:04:19.959+0000] {logging_mixin.py:190} INFO - [2025-01-28T06:04:19.959+0000] {dag.py:3239} INFO - Sync 1 DAGs
[2025-01-28T06:04:19.970+0000] {logging_mixin.py:190} INFO - [2025-01-28T06:04:19.970+0000] {dag.py:4180} INFO - Setting next_dagrun for example_task_group_decorator to None, run_after=None
[2025-01-28T06:04:19.993+0000] {processor.py:208} INFO - Processing /home/ubuntu/.local/lib/python3.12/site-packages/airflow/example_dags/example_task_group_decorator.py took 0.079 seconds
[2025-01-28T06:05:01.765+0000] {processor.py:186} INFO - Started process (PID=2570) to work on /home/ubuntu/.local/lib/python3.12/site-packages/airflow/example_dags/example_task_group_decorator.py
[2025-01-28T06:05:01.766+0000] {processor.py:914} INFO - Processing file /home/ubuntu/.local/lib/python3.12/site-packages/airflow/example_dags/example_task_group_decorator.py for tasks to queue
[2025-01-28T06:05:01.768+0000] {logging_mixin.py:190} INFO - [2025-01-28T06:05:01.767+0000] {dagbag.py:588} INFO - Filling up the DagBag from /home/ubuntu/.local/lib/python3.12/site-packages/airflow/example_dags/example_task_group_decorator.py
[2025-01-28T06:05:01.789+0000] {processor.py:925} INFO - DAG(s) 'example_task_group_decorator' retrieved from /home/ubuntu/.local/lib/python3.12/site-packages/airflow/example_dags/example_task_group_decorator.py
[2025-01-28T06:05:01.809+0000] {logging_mixin.py:190} INFO - [2025-01-28T06:05:01.808+0000] {dag.py:3239} INFO - Sync 1 DAGs
[2025-01-28T06:05:01.820+0000] {logging_mixin.py:190} INFO - [2025-01-28T06:05:01.820+0000] {dag.py:4180} INFO - Setting next_dagrun for example_task_group_decorator to None, run_after=None
[2025-01-28T06:05:01.842+0000] {processor.py:208} INFO - Processing /home/ubuntu/.local/lib/python3.12/site-packages/airflow/example_dags/example_task_group_decorator.py took 0.082 seconds
[2025-01-28T06:06:03.720+0000] {processor.py:186} INFO - Started process (PID=2637) to work on /home/ubuntu/.local/lib/python3.12/site-packages/airflow/example_dags/example_task_group_decorator.py
[2025-01-28T06:06:03.722+0000] {processor.py:914} INFO - Processing file /home/ubuntu/.local/lib/python3.12/site-packages/airflow/example_dags/example_task_group_decorator.py for tasks to queue
[2025-01-28T06:06:03.724+0000] {logging_mixin.py:190} INFO - [2025-01-28T06:06:03.723+0000] {dagbag.py:588} INFO - Filling up the DagBag from /home/ubuntu/.local/lib/python3.12/site-packages/airflow/example_dags/example_task_group_decorator.py
[2025-01-28T06:06:03.739+0000] {processor.py:925} INFO - DAG(s) 'example_task_group_decorator' retrieved from /home/ubuntu/.local/lib/python3.12/site-packages/airflow/example_dags/example_task_group_decorator.py
[2025-01-28T06:06:03.759+0000] {logging_mixin.py:190} INFO - [2025-01-28T06:06:03.758+0000] {dag.py:3239} INFO - Sync 1 DAGs
[2025-01-28T06:06:03.770+0000] {logging_mixin.py:190} INFO - [2025-01-28T06:06:03.770+0000] {dag.py:4180} INFO - Setting next_dagrun for example_task_group_decorator to None, run_after=None
[2025-01-28T06:06:03.794+0000] {processor.py:208} INFO - Processing /home/ubuntu/.local/lib/python3.12/site-packages/airflow/example_dags/example_task_group_decorator.py took 0.079 seconds
[2025-01-28T06:07:12.484+0000] {processor.py:186} INFO - Started process (PID=2719) to work on /home/ubuntu/.local/lib/python3.12/site-packages/airflow/example_dags/example_task_group_decorator.py
[2025-01-28T06:07:12.487+0000] {processor.py:914} INFO - Processing file /home/ubuntu/.local/lib/python3.12/site-packages/airflow/example_dags/example_task_group_decorator.py for tasks to queue
[2025-01-28T06:07:12.489+0000] {logging_mixin.py:190} INFO - [2025-01-28T06:07:12.488+0000] {dagbag.py:588} INFO - Filling up the DagBag from /home/ubuntu/.local/lib/python3.12/site-packages/airflow/example_dags/example_task_group_decorator.py
[2025-01-28T06:07:12.504+0000] {processor.py:925} INFO - DAG(s) 'example_task_group_decorator' retrieved from /home/ubuntu/.local/lib/python3.12/site-packages/airflow/example_dags/example_task_group_decorator.py
[2025-01-28T06:07:12.523+0000] {logging_mixin.py:190} INFO - [2025-01-28T06:07:12.523+0000] {dag.py:3239} INFO - Sync 1 DAGs
[2025-01-28T06:07:12.534+0000] {logging_mixin.py:190} INFO - [2025-01-28T06:07:12.534+0000] {dag.py:4180} INFO - Setting next_dagrun for example_task_group_decorator to None, run_after=None
[2025-01-28T06:07:12.556+0000] {processor.py:208} INFO - Processing /home/ubuntu/.local/lib/python3.12/site-packages/airflow/example_dags/example_task_group_decorator.py took 0.077 seconds
[2025-01-28T06:08:10.406+0000] {processor.py:186} INFO - Started process (PID=2777) to work on /home/ubuntu/.local/lib/python3.12/site-packages/airflow/example_dags/example_task_group_decorator.py
[2025-01-28T06:08:10.407+0000] {processor.py:914} INFO - Processing file /home/ubuntu/.local/lib/python3.12/site-packages/airflow/example_dags/example_task_group_decorator.py for tasks to queue
[2025-01-28T06:08:10.409+0000] {logging_mixin.py:190} INFO - [2025-01-28T06:08:10.409+0000] {dagbag.py:588} INFO - Filling up the DagBag from /home/ubuntu/.local/lib/python3.12/site-packages/airflow/example_dags/example_task_group_decorator.py
[2025-01-28T06:08:10.425+0000] {processor.py:925} INFO - DAG(s) 'example_task_group_decorator' retrieved from /home/ubuntu/.local/lib/python3.12/site-packages/airflow/example_dags/example_task_group_decorator.py
[2025-01-28T06:08:10.443+0000] {logging_mixin.py:190} INFO - [2025-01-28T06:08:10.443+0000] {dag.py:3239} INFO - Sync 1 DAGs
[2025-01-28T06:08:10.454+0000] {logging_mixin.py:190} INFO - [2025-01-28T06:08:10.454+0000] {dag.py:4180} INFO - Setting next_dagrun for example_task_group_decorator to None, run_after=None
[2025-01-28T06:08:10.479+0000] {processor.py:208} INFO - Processing /home/ubuntu/.local/lib/python3.12/site-packages/airflow/example_dags/example_task_group_decorator.py took 0.078 seconds
[2025-01-28T06:09:06.511+0000] {processor.py:186} INFO - Started process (PID=2836) to work on /home/ubuntu/.local/lib/python3.12/site-packages/airflow/example_dags/example_task_group_decorator.py
[2025-01-28T06:09:06.513+0000] {processor.py:914} INFO - Processing file /home/ubuntu/.local/lib/python3.12/site-packages/airflow/example_dags/example_task_group_decorator.py for tasks to queue
[2025-01-28T06:09:06.515+0000] {logging_mixin.py:190} INFO - [2025-01-28T06:09:06.515+0000] {dagbag.py:588} INFO - Filling up the DagBag from /home/ubuntu/.local/lib/python3.12/site-packages/airflow/example_dags/example_task_group_decorator.py
[2025-01-28T06:09:06.529+0000] {processor.py:925} INFO - DAG(s) 'example_task_group_decorator' retrieved from /home/ubuntu/.local/lib/python3.12/site-packages/airflow/example_dags/example_task_group_decorator.py
[2025-01-28T06:09:06.549+0000] {logging_mixin.py:190} INFO - [2025-01-28T06:09:06.548+0000] {dag.py:3239} INFO - Sync 1 DAGs
[2025-01-28T06:09:06.560+0000] {logging_mixin.py:190} INFO - [2025-01-28T06:09:06.560+0000] {dag.py:4180} INFO - Setting next_dagrun for example_task_group_decorator to None, run_after=None
[2025-01-28T06:09:06.583+0000] {processor.py:208} INFO - Processing /home/ubuntu/.local/lib/python3.12/site-packages/airflow/example_dags/example_task_group_decorator.py took 0.077 seconds
[2025-01-28T06:09:59.389+0000] {processor.py:186} INFO - Started process (PID=2905) to work on /home/ubuntu/.local/lib/python3.12/site-packages/airflow/example_dags/example_task_group_decorator.py
[2025-01-28T06:09:59.392+0000] {processor.py:914} INFO - Processing file /home/ubuntu/.local/lib/python3.12/site-packages/airflow/example_dags/example_task_group_decorator.py for tasks to queue
[2025-01-28T06:09:59.394+0000] {logging_mixin.py:190} INFO - [2025-01-28T06:09:59.393+0000] {dagbag.py:588} INFO - Filling up the DagBag from /home/ubuntu/.local/lib/python3.12/site-packages/airflow/example_dags/example_task_group_decorator.py
[2025-01-28T06:09:59.409+0000] {processor.py:925} INFO - DAG(s) 'example_task_group_decorator' retrieved from /home/ubuntu/.local/lib/python3.12/site-packages/airflow/example_dags/example_task_group_decorator.py
[2025-01-28T06:09:59.428+0000] {logging_mixin.py:190} INFO - [2025-01-28T06:09:59.428+0000] {dag.py:3239} INFO - Sync 1 DAGs
[2025-01-28T06:09:59.439+0000] {logging_mixin.py:190} INFO - [2025-01-28T06:09:59.439+0000] {dag.py:4180} INFO - Setting next_dagrun for example_task_group_decorator to None, run_after=None
[2025-01-28T06:09:59.463+0000] {processor.py:208} INFO - Processing /home/ubuntu/.local/lib/python3.12/site-packages/airflow/example_dags/example_task_group_decorator.py took 0.078 seconds
[2025-01-28T06:10:53.124+0000] {processor.py:186} INFO - Started process (PID=2970) to work on /home/ubuntu/.local/lib/python3.12/site-packages/airflow/example_dags/example_task_group_decorator.py
[2025-01-28T06:10:53.126+0000] {processor.py:914} INFO - Processing file /home/ubuntu/.local/lib/python3.12/site-packages/airflow/example_dags/example_task_group_decorator.py for tasks to queue
[2025-01-28T06:10:53.128+0000] {logging_mixin.py:190} INFO - [2025-01-28T06:10:53.128+0000] {dagbag.py:588} INFO - Filling up the DagBag from /home/ubuntu/.local/lib/python3.12/site-packages/airflow/example_dags/example_task_group_decorator.py
[2025-01-28T06:10:53.143+0000] {processor.py:925} INFO - DAG(s) 'example_task_group_decorator' retrieved from /home/ubuntu/.local/lib/python3.12/site-packages/airflow/example_dags/example_task_group_decorator.py
[2025-01-28T06:10:53.163+0000] {logging_mixin.py:190} INFO - [2025-01-28T06:10:53.162+0000] {dag.py:3239} INFO - Sync 1 DAGs
[2025-01-28T06:10:53.173+0000] {logging_mixin.py:190} INFO - [2025-01-28T06:10:53.173+0000] {dag.py:4180} INFO - Setting next_dagrun for example_task_group_decorator to None, run_after=None
[2025-01-28T06:10:53.196+0000] {processor.py:208} INFO - Processing /home/ubuntu/.local/lib/python3.12/site-packages/airflow/example_dags/example_task_group_decorator.py took 0.077 seconds
[2025-01-28T06:11:46.430+0000] {processor.py:186} INFO - Started process (PID=3027) to work on /home/ubuntu/.local/lib/python3.12/site-packages/airflow/example_dags/example_task_group_decorator.py
[2025-01-28T06:11:46.433+0000] {processor.py:914} INFO - Processing file /home/ubuntu/.local/lib/python3.12/site-packages/airflow/example_dags/example_task_group_decorator.py for tasks to queue
[2025-01-28T06:11:46.435+0000] {logging_mixin.py:190} INFO - [2025-01-28T06:11:46.434+0000] {dagbag.py:588} INFO - Filling up the DagBag from /home/ubuntu/.local/lib/python3.12/site-packages/airflow/example_dags/example_task_group_decorator.py
[2025-01-28T06:11:46.450+0000] {processor.py:925} INFO - DAG(s) 'example_task_group_decorator' retrieved from /home/ubuntu/.local/lib/python3.12/site-packages/airflow/example_dags/example_task_group_decorator.py
[2025-01-28T06:11:46.469+0000] {logging_mixin.py:190} INFO - [2025-01-28T06:11:46.469+0000] {dag.py:3239} INFO - Sync 1 DAGs
[2025-01-28T06:11:46.480+0000] {logging_mixin.py:190} INFO - [2025-01-28T06:11:46.480+0000] {dag.py:4180} INFO - Setting next_dagrun for example_task_group_decorator to None, run_after=None
[2025-01-28T06:11:46.503+0000] {processor.py:208} INFO - Processing /home/ubuntu/.local/lib/python3.12/site-packages/airflow/example_dags/example_task_group_decorator.py took 0.078 seconds
[2025-01-28T06:12:40.722+0000] {processor.py:186} INFO - Started process (PID=3081) to work on /home/ubuntu/.local/lib/python3.12/site-packages/airflow/example_dags/example_task_group_decorator.py
[2025-01-28T06:12:40.724+0000] {processor.py:914} INFO - Processing file /home/ubuntu/.local/lib/python3.12/site-packages/airflow/example_dags/example_task_group_decorator.py for tasks to queue
[2025-01-28T06:12:40.727+0000] {logging_mixin.py:190} INFO - [2025-01-28T06:12:40.727+0000] {dagbag.py:588} INFO - Filling up the DagBag from /home/ubuntu/.local/lib/python3.12/site-packages/airflow/example_dags/example_task_group_decorator.py
[2025-01-28T06:12:40.751+0000] {processor.py:925} INFO - DAG(s) 'example_task_group_decorator' retrieved from /home/ubuntu/.local/lib/python3.12/site-packages/airflow/example_dags/example_task_group_decorator.py
[2025-01-28T06:12:40.769+0000] {logging_mixin.py:190} INFO - [2025-01-28T06:12:40.769+0000] {dag.py:3239} INFO - Sync 1 DAGs
[2025-01-28T06:12:40.781+0000] {logging_mixin.py:190} INFO - [2025-01-28T06:12:40.781+0000] {dag.py:4180} INFO - Setting next_dagrun for example_task_group_decorator to None, run_after=None
[2025-01-28T06:12:40.804+0000] {processor.py:208} INFO - Processing /home/ubuntu/.local/lib/python3.12/site-packages/airflow/example_dags/example_task_group_decorator.py took 0.087 seconds
[2025-01-28T06:13:35.589+0000] {processor.py:186} INFO - Started process (PID=3138) to work on /home/ubuntu/.local/lib/python3.12/site-packages/airflow/example_dags/example_task_group_decorator.py
[2025-01-28T06:13:35.590+0000] {processor.py:914} INFO - Processing file /home/ubuntu/.local/lib/python3.12/site-packages/airflow/example_dags/example_task_group_decorator.py for tasks to queue
[2025-01-28T06:13:35.593+0000] {logging_mixin.py:190} INFO - [2025-01-28T06:13:35.592+0000] {dagbag.py:588} INFO - Filling up the DagBag from /home/ubuntu/.local/lib/python3.12/site-packages/airflow/example_dags/example_task_group_decorator.py
[2025-01-28T06:13:35.608+0000] {processor.py:925} INFO - DAG(s) 'example_task_group_decorator' retrieved from /home/ubuntu/.local/lib/python3.12/site-packages/airflow/example_dags/example_task_group_decorator.py
[2025-01-28T06:13:35.626+0000] {logging_mixin.py:190} INFO - [2025-01-28T06:13:35.626+0000] {dag.py:3239} INFO - Sync 1 DAGs
[2025-01-28T06:13:35.638+0000] {logging_mixin.py:190} INFO - [2025-01-28T06:13:35.638+0000] {dag.py:4180} INFO - Setting next_dagrun for example_task_group_decorator to None, run_after=None
[2025-01-28T06:13:35.664+0000] {processor.py:208} INFO - Processing /home/ubuntu/.local/lib/python3.12/site-packages/airflow/example_dags/example_task_group_decorator.py took 0.082 seconds
[2025-01-28T06:14:27.428+0000] {processor.py:186} INFO - Started process (PID=3193) to work on /home/ubuntu/.local/lib/python3.12/site-packages/airflow/example_dags/example_task_group_decorator.py
[2025-01-28T06:14:27.431+0000] {processor.py:914} INFO - Processing file /home/ubuntu/.local/lib/python3.12/site-packages/airflow/example_dags/example_task_group_decorator.py for tasks to queue
[2025-01-28T06:14:27.433+0000] {logging_mixin.py:190} INFO - [2025-01-28T06:14:27.433+0000] {dagbag.py:588} INFO - Filling up the DagBag from /home/ubuntu/.local/lib/python3.12/site-packages/airflow/example_dags/example_task_group_decorator.py
[2025-01-28T06:14:27.448+0000] {processor.py:925} INFO - DAG(s) 'example_task_group_decorator' retrieved from /home/ubuntu/.local/lib/python3.12/site-packages/airflow/example_dags/example_task_group_decorator.py
[2025-01-28T06:14:27.467+0000] {logging_mixin.py:190} INFO - [2025-01-28T06:14:27.467+0000] {dag.py:3239} INFO - Sync 1 DAGs
[2025-01-28T06:14:27.478+0000] {logging_mixin.py:190} INFO - [2025-01-28T06:14:27.478+0000] {dag.py:4180} INFO - Setting next_dagrun for example_task_group_decorator to None, run_after=None
[2025-01-28T06:14:27.501+0000] {processor.py:208} INFO - Processing /home/ubuntu/.local/lib/python3.12/site-packages/airflow/example_dags/example_task_group_decorator.py took 0.078 seconds
[2025-01-28T06:15:20.588+0000] {processor.py:186} INFO - Started process (PID=3252) to work on /home/ubuntu/.local/lib/python3.12/site-packages/airflow/example_dags/example_task_group_decorator.py
[2025-01-28T06:15:20.590+0000] {processor.py:914} INFO - Processing file /home/ubuntu/.local/lib/python3.12/site-packages/airflow/example_dags/example_task_group_decorator.py for tasks to queue
[2025-01-28T06:15:20.592+0000] {logging_mixin.py:190} INFO - [2025-01-28T06:15:20.591+0000] {dagbag.py:588} INFO - Filling up the DagBag from /home/ubuntu/.local/lib/python3.12/site-packages/airflow/example_dags/example_task_group_decorator.py
[2025-01-28T06:15:20.607+0000] {processor.py:925} INFO - DAG(s) 'example_task_group_decorator' retrieved from /home/ubuntu/.local/lib/python3.12/site-packages/airflow/example_dags/example_task_group_decorator.py
[2025-01-28T06:15:20.625+0000] {logging_mixin.py:190} INFO - [2025-01-28T06:15:20.625+0000] {dag.py:3239} INFO - Sync 1 DAGs
[2025-01-28T06:15:20.643+0000] {logging_mixin.py:190} INFO - [2025-01-28T06:15:20.641+0000] {dag.py:4180} INFO - Setting next_dagrun for example_task_group_decorator to None, run_after=None
[2025-01-28T06:15:20.667+0000] {processor.py:208} INFO - Processing /home/ubuntu/.local/lib/python3.12/site-packages/airflow/example_dags/example_task_group_decorator.py took 0.084 seconds
[2025-01-28T06:16:12.092+0000] {processor.py:186} INFO - Started process (PID=3306) to work on /home/ubuntu/.local/lib/python3.12/site-packages/airflow/example_dags/example_task_group_decorator.py
[2025-01-28T06:16:12.094+0000] {processor.py:914} INFO - Processing file /home/ubuntu/.local/lib/python3.12/site-packages/airflow/example_dags/example_task_group_decorator.py for tasks to queue
[2025-01-28T06:16:12.096+0000] {logging_mixin.py:190} INFO - [2025-01-28T06:16:12.096+0000] {dagbag.py:588} INFO - Filling up the DagBag from /home/ubuntu/.local/lib/python3.12/site-packages/airflow/example_dags/example_task_group_decorator.py
[2025-01-28T06:16:12.111+0000] {processor.py:925} INFO - DAG(s) 'example_task_group_decorator' retrieved from /home/ubuntu/.local/lib/python3.12/site-packages/airflow/example_dags/example_task_group_decorator.py
[2025-01-28T06:16:12.130+0000] {logging_mixin.py:190} INFO - [2025-01-28T06:16:12.130+0000] {dag.py:3239} INFO - Sync 1 DAGs
[2025-01-28T06:16:12.141+0000] {logging_mixin.py:190} INFO - [2025-01-28T06:16:12.141+0000] {dag.py:4180} INFO - Setting next_dagrun for example_task_group_decorator to None, run_after=None
[2025-01-28T06:16:12.162+0000] {processor.py:208} INFO - Processing /home/ubuntu/.local/lib/python3.12/site-packages/airflow/example_dags/example_task_group_decorator.py took 0.075 seconds
[2025-01-28T06:17:06.957+0000] {processor.py:186} INFO - Started process (PID=3365) to work on /home/ubuntu/.local/lib/python3.12/site-packages/airflow/example_dags/example_task_group_decorator.py
[2025-01-28T06:17:06.959+0000] {processor.py:914} INFO - Processing file /home/ubuntu/.local/lib/python3.12/site-packages/airflow/example_dags/example_task_group_decorator.py for tasks to queue
[2025-01-28T06:17:06.960+0000] {logging_mixin.py:190} INFO - [2025-01-28T06:17:06.960+0000] {dagbag.py:588} INFO - Filling up the DagBag from /home/ubuntu/.local/lib/python3.12/site-packages/airflow/example_dags/example_task_group_decorator.py
[2025-01-28T06:17:06.976+0000] {processor.py:925} INFO - DAG(s) 'example_task_group_decorator' retrieved from /home/ubuntu/.local/lib/python3.12/site-packages/airflow/example_dags/example_task_group_decorator.py
[2025-01-28T06:17:06.994+0000] {logging_mixin.py:190} INFO - [2025-01-28T06:17:06.994+0000] {dag.py:3239} INFO - Sync 1 DAGs
[2025-01-28T06:17:07.006+0000] {logging_mixin.py:190} INFO - [2025-01-28T06:17:07.005+0000] {dag.py:4180} INFO - Setting next_dagrun for example_task_group_decorator to None, run_after=None
[2025-01-28T06:17:07.028+0000] {processor.py:208} INFO - Processing /home/ubuntu/.local/lib/python3.12/site-packages/airflow/example_dags/example_task_group_decorator.py took 0.076 seconds
[2025-01-28T06:18:08.341+0000] {processor.py:186} INFO - Started process (PID=3445) to work on /home/ubuntu/.local/lib/python3.12/site-packages/airflow/example_dags/example_task_group_decorator.py
[2025-01-28T06:18:08.343+0000] {processor.py:914} INFO - Processing file /home/ubuntu/.local/lib/python3.12/site-packages/airflow/example_dags/example_task_group_decorator.py for tasks to queue
[2025-01-28T06:18:08.345+0000] {logging_mixin.py:190} INFO - [2025-01-28T06:18:08.345+0000] {dagbag.py:588} INFO - Filling up the DagBag from /home/ubuntu/.local/lib/python3.12/site-packages/airflow/example_dags/example_task_group_decorator.py
[2025-01-28T06:18:08.360+0000] {processor.py:925} INFO - DAG(s) 'example_task_group_decorator' retrieved from /home/ubuntu/.local/lib/python3.12/site-packages/airflow/example_dags/example_task_group_decorator.py
[2025-01-28T06:18:08.380+0000] {logging_mixin.py:190} INFO - [2025-01-28T06:18:08.379+0000] {dag.py:3239} INFO - Sync 1 DAGs
[2025-01-28T06:18:08.391+0000] {logging_mixin.py:190} INFO - [2025-01-28T06:18:08.390+0000] {dag.py:4180} INFO - Setting next_dagrun for example_task_group_decorator to None, run_after=None
[2025-01-28T06:18:08.414+0000] {processor.py:208} INFO - Processing /home/ubuntu/.local/lib/python3.12/site-packages/airflow/example_dags/example_task_group_decorator.py took 0.078 seconds
[2025-01-28T06:19:02.051+0000] {processor.py:186} INFO - Started process (PID=3527) to work on /home/ubuntu/.local/lib/python3.12/site-packages/airflow/example_dags/example_task_group_decorator.py
[2025-01-28T06:19:02.053+0000] {processor.py:914} INFO - Processing file /home/ubuntu/.local/lib/python3.12/site-packages/airflow/example_dags/example_task_group_decorator.py for tasks to queue
[2025-01-28T06:19:02.055+0000] {logging_mixin.py:190} INFO - [2025-01-28T06:19:02.055+0000] {dagbag.py:588} INFO - Filling up the DagBag from /home/ubuntu/.local/lib/python3.12/site-packages/airflow/example_dags/example_task_group_decorator.py
[2025-01-28T06:19:02.070+0000] {processor.py:925} INFO - DAG(s) 'example_task_group_decorator' retrieved from /home/ubuntu/.local/lib/python3.12/site-packages/airflow/example_dags/example_task_group_decorator.py
[2025-01-28T06:19:02.089+0000] {logging_mixin.py:190} INFO - [2025-01-28T06:19:02.088+0000] {dag.py:3239} INFO - Sync 1 DAGs
[2025-01-28T06:19:02.100+0000] {logging_mixin.py:190} INFO - [2025-01-28T06:19:02.100+0000] {dag.py:4180} INFO - Setting next_dagrun for example_task_group_decorator to None, run_after=None
[2025-01-28T06:19:02.124+0000] {processor.py:208} INFO - Processing /home/ubuntu/.local/lib/python3.12/site-packages/airflow/example_dags/example_task_group_decorator.py took 0.078 seconds
[2025-01-28T06:19:52.715+0000] {processor.py:186} INFO - Started process (PID=3580) to work on /home/ubuntu/.local/lib/python3.12/site-packages/airflow/example_dags/example_task_group_decorator.py
[2025-01-28T06:19:52.717+0000] {processor.py:914} INFO - Processing file /home/ubuntu/.local/lib/python3.12/site-packages/airflow/example_dags/example_task_group_decorator.py for tasks to queue
[2025-01-28T06:19:52.718+0000] {logging_mixin.py:190} INFO - [2025-01-28T06:19:52.718+0000] {dagbag.py:588} INFO - Filling up the DagBag from /home/ubuntu/.local/lib/python3.12/site-packages/airflow/example_dags/example_task_group_decorator.py
[2025-01-28T06:19:52.733+0000] {processor.py:925} INFO - DAG(s) 'example_task_group_decorator' retrieved from /home/ubuntu/.local/lib/python3.12/site-packages/airflow/example_dags/example_task_group_decorator.py
[2025-01-28T06:19:52.753+0000] {logging_mixin.py:190} INFO - [2025-01-28T06:19:52.753+0000] {dag.py:3239} INFO - Sync 1 DAGs
[2025-01-28T06:19:52.764+0000] {logging_mixin.py:190} INFO - [2025-01-28T06:19:52.764+0000] {dag.py:4180} INFO - Setting next_dagrun for example_task_group_decorator to None, run_after=None
[2025-01-28T06:19:52.786+0000] {processor.py:208} INFO - Processing /home/ubuntu/.local/lib/python3.12/site-packages/airflow/example_dags/example_task_group_decorator.py took 0.077 seconds
[2025-01-28T06:20:52.381+0000] {processor.py:186} INFO - Started process (PID=3671) to work on /home/ubuntu/.local/lib/python3.12/site-packages/airflow/example_dags/example_task_group_decorator.py
[2025-01-28T06:20:52.383+0000] {processor.py:914} INFO - Processing file /home/ubuntu/.local/lib/python3.12/site-packages/airflow/example_dags/example_task_group_decorator.py for tasks to queue
[2025-01-28T06:20:52.385+0000] {logging_mixin.py:190} INFO - [2025-01-28T06:20:52.385+0000] {dagbag.py:588} INFO - Filling up the DagBag from /home/ubuntu/.local/lib/python3.12/site-packages/airflow/example_dags/example_task_group_decorator.py
[2025-01-28T06:20:52.403+0000] {processor.py:925} INFO - DAG(s) 'example_task_group_decorator' retrieved from /home/ubuntu/.local/lib/python3.12/site-packages/airflow/example_dags/example_task_group_decorator.py
[2025-01-28T06:20:52.425+0000] {logging_mixin.py:190} INFO - [2025-01-28T06:20:52.425+0000] {dag.py:3239} INFO - Sync 1 DAGs
[2025-01-28T06:20:52.437+0000] {logging_mixin.py:190} INFO - [2025-01-28T06:20:52.437+0000] {dag.py:4180} INFO - Setting next_dagrun for example_task_group_decorator to None, run_after=None
[2025-01-28T06:20:52.462+0000] {processor.py:208} INFO - Processing /home/ubuntu/.local/lib/python3.12/site-packages/airflow/example_dags/example_task_group_decorator.py took 0.086 seconds
[2025-01-28T06:21:44.501+0000] {processor.py:186} INFO - Started process (PID=3840) to work on /home/ubuntu/.local/lib/python3.12/site-packages/airflow/example_dags/example_task_group_decorator.py
[2025-01-28T06:21:44.504+0000] {processor.py:914} INFO - Processing file /home/ubuntu/.local/lib/python3.12/site-packages/airflow/example_dags/example_task_group_decorator.py for tasks to queue
[2025-01-28T06:21:44.507+0000] {logging_mixin.py:190} INFO - [2025-01-28T06:21:44.506+0000] {dagbag.py:588} INFO - Filling up the DagBag from /home/ubuntu/.local/lib/python3.12/site-packages/airflow/example_dags/example_task_group_decorator.py
[2025-01-28T06:21:44.522+0000] {processor.py:925} INFO - DAG(s) 'example_task_group_decorator' retrieved from /home/ubuntu/.local/lib/python3.12/site-packages/airflow/example_dags/example_task_group_decorator.py
[2025-01-28T06:21:44.545+0000] {logging_mixin.py:190} INFO - [2025-01-28T06:21:44.544+0000] {dag.py:3239} INFO - Sync 1 DAGs
[2025-01-28T06:21:44.555+0000] {logging_mixin.py:190} INFO - [2025-01-28T06:21:44.555+0000] {dag.py:4180} INFO - Setting next_dagrun for example_task_group_decorator to None, run_after=None
[2025-01-28T06:21:44.577+0000] {processor.py:208} INFO - Processing /home/ubuntu/.local/lib/python3.12/site-packages/airflow/example_dags/example_task_group_decorator.py took 0.080 seconds
[2025-01-28T06:22:45.850+0000] {processor.py:186} INFO - Started process (PID=3907) to work on /home/ubuntu/.local/lib/python3.12/site-packages/airflow/example_dags/example_task_group_decorator.py
[2025-01-28T06:22:45.853+0000] {processor.py:914} INFO - Processing file /home/ubuntu/.local/lib/python3.12/site-packages/airflow/example_dags/example_task_group_decorator.py for tasks to queue
[2025-01-28T06:22:45.855+0000] {logging_mixin.py:190} INFO - [2025-01-28T06:22:45.855+0000] {dagbag.py:588} INFO - Filling up the DagBag from /home/ubuntu/.local/lib/python3.12/site-packages/airflow/example_dags/example_task_group_decorator.py
[2025-01-28T06:22:45.871+0000] {processor.py:925} INFO - DAG(s) 'example_task_group_decorator' retrieved from /home/ubuntu/.local/lib/python3.12/site-packages/airflow/example_dags/example_task_group_decorator.py
[2025-01-28T06:22:45.890+0000] {logging_mixin.py:190} INFO - [2025-01-28T06:22:45.890+0000] {dag.py:3239} INFO - Sync 1 DAGs
[2025-01-28T06:22:45.901+0000] {logging_mixin.py:190} INFO - [2025-01-28T06:22:45.901+0000] {dag.py:4180} INFO - Setting next_dagrun for example_task_group_decorator to None, run_after=None
[2025-01-28T06:22:45.923+0000] {processor.py:208} INFO - Processing /home/ubuntu/.local/lib/python3.12/site-packages/airflow/example_dags/example_task_group_decorator.py took 0.078 seconds
[2025-01-28T06:23:38.119+0000] {processor.py:186} INFO - Started process (PID=4406) to work on /home/ubuntu/.local/lib/python3.12/site-packages/airflow/example_dags/example_task_group_decorator.py
[2025-01-28T06:23:38.122+0000] {processor.py:914} INFO - Processing file /home/ubuntu/.local/lib/python3.12/site-packages/airflow/example_dags/example_task_group_decorator.py for tasks to queue
[2025-01-28T06:23:38.124+0000] {logging_mixin.py:190} INFO - [2025-01-28T06:23:38.124+0000] {dagbag.py:588} INFO - Filling up the DagBag from /home/ubuntu/.local/lib/python3.12/site-packages/airflow/example_dags/example_task_group_decorator.py
[2025-01-28T06:23:38.140+0000] {processor.py:925} INFO - DAG(s) 'example_task_group_decorator' retrieved from /home/ubuntu/.local/lib/python3.12/site-packages/airflow/example_dags/example_task_group_decorator.py
[2025-01-28T06:23:38.159+0000] {logging_mixin.py:190} INFO - [2025-01-28T06:23:38.159+0000] {dag.py:3239} INFO - Sync 1 DAGs
[2025-01-28T06:23:38.170+0000] {logging_mixin.py:190} INFO - [2025-01-28T06:23:38.170+0000] {dag.py:4180} INFO - Setting next_dagrun for example_task_group_decorator to None, run_after=None
[2025-01-28T06:23:38.189+0000] {processor.py:208} INFO - Processing /home/ubuntu/.local/lib/python3.12/site-packages/airflow/example_dags/example_task_group_decorator.py took 0.075 seconds
[2025-01-28T06:24:34.333+0000] {processor.py:186} INFO - Started process (PID=4530) to work on /home/ubuntu/.local/lib/python3.12/site-packages/airflow/example_dags/example_task_group_decorator.py
[2025-01-28T06:24:34.335+0000] {processor.py:914} INFO - Processing file /home/ubuntu/.local/lib/python3.12/site-packages/airflow/example_dags/example_task_group_decorator.py for tasks to queue
[2025-01-28T06:24:34.337+0000] {logging_mixin.py:190} INFO - [2025-01-28T06:24:34.337+0000] {dagbag.py:588} INFO - Filling up the DagBag from /home/ubuntu/.local/lib/python3.12/site-packages/airflow/example_dags/example_task_group_decorator.py
[2025-01-28T06:24:34.352+0000] {processor.py:925} INFO - DAG(s) 'example_task_group_decorator' retrieved from /home/ubuntu/.local/lib/python3.12/site-packages/airflow/example_dags/example_task_group_decorator.py
[2025-01-28T06:24:34.370+0000] {logging_mixin.py:190} INFO - [2025-01-28T06:24:34.370+0000] {dag.py:3239} INFO - Sync 1 DAGs
[2025-01-28T06:24:34.382+0000] {logging_mixin.py:190} INFO - [2025-01-28T06:24:34.382+0000] {dag.py:4180} INFO - Setting next_dagrun for example_task_group_decorator to None, run_after=None
[2025-01-28T06:24:34.401+0000] {processor.py:208} INFO - Processing /home/ubuntu/.local/lib/python3.12/site-packages/airflow/example_dags/example_task_group_decorator.py took 0.072 seconds
[2025-01-28T06:25:27.793+0000] {processor.py:186} INFO - Started process (PID=4957) to work on /home/ubuntu/.local/lib/python3.12/site-packages/airflow/example_dags/example_task_group_decorator.py
[2025-01-28T06:25:27.795+0000] {processor.py:914} INFO - Processing file /home/ubuntu/.local/lib/python3.12/site-packages/airflow/example_dags/example_task_group_decorator.py for tasks to queue
[2025-01-28T06:25:27.797+0000] {logging_mixin.py:190} INFO - [2025-01-28T06:25:27.797+0000] {dagbag.py:588} INFO - Filling up the DagBag from /home/ubuntu/.local/lib/python3.12/site-packages/airflow/example_dags/example_task_group_decorator.py
[2025-01-28T06:25:27.812+0000] {processor.py:925} INFO - DAG(s) 'example_task_group_decorator' retrieved from /home/ubuntu/.local/lib/python3.12/site-packages/airflow/example_dags/example_task_group_decorator.py
[2025-01-28T06:25:27.832+0000] {logging_mixin.py:190} INFO - [2025-01-28T06:25:27.832+0000] {dag.py:3239} INFO - Sync 1 DAGs
[2025-01-28T06:25:27.844+0000] {logging_mixin.py:190} INFO - [2025-01-28T06:25:27.844+0000] {dag.py:4180} INFO - Setting next_dagrun for example_task_group_decorator to None, run_after=None
[2025-01-28T06:25:27.864+0000] {processor.py:208} INFO - Processing /home/ubuntu/.local/lib/python3.12/site-packages/airflow/example_dags/example_task_group_decorator.py took 0.076 seconds
[2025-01-28T06:26:22.428+0000] {processor.py:186} INFO - Started process (PID=5159) to work on /home/ubuntu/.local/lib/python3.12/site-packages/airflow/example_dags/example_task_group_decorator.py
[2025-01-28T06:26:22.429+0000] {processor.py:914} INFO - Processing file /home/ubuntu/.local/lib/python3.12/site-packages/airflow/example_dags/example_task_group_decorator.py for tasks to queue
[2025-01-28T06:26:22.432+0000] {logging_mixin.py:190} INFO - [2025-01-28T06:26:22.431+0000] {dagbag.py:588} INFO - Filling up the DagBag from /home/ubuntu/.local/lib/python3.12/site-packages/airflow/example_dags/example_task_group_decorator.py
[2025-01-28T06:26:22.446+0000] {processor.py:925} INFO - DAG(s) 'example_task_group_decorator' retrieved from /home/ubuntu/.local/lib/python3.12/site-packages/airflow/example_dags/example_task_group_decorator.py
[2025-01-28T06:26:22.466+0000] {logging_mixin.py:190} INFO - [2025-01-28T06:26:22.465+0000] {dag.py:3239} INFO - Sync 1 DAGs
[2025-01-28T06:26:22.477+0000] {logging_mixin.py:190} INFO - [2025-01-28T06:26:22.477+0000] {dag.py:4180} INFO - Setting next_dagrun for example_task_group_decorator to None, run_after=None
[2025-01-28T06:26:22.496+0000] {processor.py:208} INFO - Processing /home/ubuntu/.local/lib/python3.12/site-packages/airflow/example_dags/example_task_group_decorator.py took 0.073 seconds
[2025-01-28T06:27:15.762+0000] {processor.py:186} INFO - Started process (PID=5215) to work on /home/ubuntu/.local/lib/python3.12/site-packages/airflow/example_dags/example_task_group_decorator.py
[2025-01-28T06:27:15.763+0000] {processor.py:914} INFO - Processing file /home/ubuntu/.local/lib/python3.12/site-packages/airflow/example_dags/example_task_group_decorator.py for tasks to queue
[2025-01-28T06:27:15.765+0000] {logging_mixin.py:190} INFO - [2025-01-28T06:27:15.765+0000] {dagbag.py:588} INFO - Filling up the DagBag from /home/ubuntu/.local/lib/python3.12/site-packages/airflow/example_dags/example_task_group_decorator.py
[2025-01-28T06:27:15.780+0000] {processor.py:925} INFO - DAG(s) 'example_task_group_decorator' retrieved from /home/ubuntu/.local/lib/python3.12/site-packages/airflow/example_dags/example_task_group_decorator.py
[2025-01-28T06:27:15.798+0000] {logging_mixin.py:190} INFO - [2025-01-28T06:27:15.798+0000] {dag.py:3239} INFO - Sync 1 DAGs
[2025-01-28T06:27:15.809+0000] {logging_mixin.py:190} INFO - [2025-01-28T06:27:15.809+0000] {dag.py:4180} INFO - Setting next_dagrun for example_task_group_decorator to None, run_after=None
[2025-01-28T06:27:15.830+0000] {processor.py:208} INFO - Processing /home/ubuntu/.local/lib/python3.12/site-packages/airflow/example_dags/example_task_group_decorator.py took 0.074 seconds
[2025-01-28T06:28:07.469+0000] {processor.py:186} INFO - Started process (PID=5271) to work on /home/ubuntu/.local/lib/python3.12/site-packages/airflow/example_dags/example_task_group_decorator.py
[2025-01-28T06:28:07.471+0000] {processor.py:914} INFO - Processing file /home/ubuntu/.local/lib/python3.12/site-packages/airflow/example_dags/example_task_group_decorator.py for tasks to queue
[2025-01-28T06:28:07.472+0000] {logging_mixin.py:190} INFO - [2025-01-28T06:28:07.472+0000] {dagbag.py:588} INFO - Filling up the DagBag from /home/ubuntu/.local/lib/python3.12/site-packages/airflow/example_dags/example_task_group_decorator.py
[2025-01-28T06:28:07.488+0000] {processor.py:925} INFO - DAG(s) 'example_task_group_decorator' retrieved from /home/ubuntu/.local/lib/python3.12/site-packages/airflow/example_dags/example_task_group_decorator.py
[2025-01-28T06:28:07.507+0000] {logging_mixin.py:190} INFO - [2025-01-28T06:28:07.507+0000] {dag.py:3239} INFO - Sync 1 DAGs
[2025-01-28T06:28:07.518+0000] {logging_mixin.py:190} INFO - [2025-01-28T06:28:07.518+0000] {dag.py:4180} INFO - Setting next_dagrun for example_task_group_decorator to None, run_after=None
[2025-01-28T06:28:07.538+0000] {processor.py:208} INFO - Processing /home/ubuntu/.local/lib/python3.12/site-packages/airflow/example_dags/example_task_group_decorator.py took 0.075 seconds
[2025-01-28T06:29:01.145+0000] {processor.py:186} INFO - Started process (PID=5544) to work on /home/ubuntu/.local/lib/python3.12/site-packages/airflow/example_dags/example_task_group_decorator.py
[2025-01-28T06:29:01.147+0000] {processor.py:914} INFO - Processing file /home/ubuntu/.local/lib/python3.12/site-packages/airflow/example_dags/example_task_group_decorator.py for tasks to queue
[2025-01-28T06:29:01.149+0000] {logging_mixin.py:190} INFO - [2025-01-28T06:29:01.149+0000] {dagbag.py:588} INFO - Filling up the DagBag from /home/ubuntu/.local/lib/python3.12/site-packages/airflow/example_dags/example_task_group_decorator.py
[2025-01-28T06:29:01.164+0000] {processor.py:925} INFO - DAG(s) 'example_task_group_decorator' retrieved from /home/ubuntu/.local/lib/python3.12/site-packages/airflow/example_dags/example_task_group_decorator.py
[2025-01-28T06:29:01.185+0000] {logging_mixin.py:190} INFO - [2025-01-28T06:29:01.185+0000] {dag.py:3239} INFO - Sync 1 DAGs
[2025-01-28T06:29:01.196+0000] {logging_mixin.py:190} INFO - [2025-01-28T06:29:01.196+0000] {dag.py:4180} INFO - Setting next_dagrun for example_task_group_decorator to None, run_after=None
[2025-01-28T06:29:01.218+0000] {processor.py:208} INFO - Processing /home/ubuntu/.local/lib/python3.12/site-packages/airflow/example_dags/example_task_group_decorator.py took 0.079 seconds
[2025-01-28T06:29:56.949+0000] {processor.py:186} INFO - Started process (PID=5602) to work on /home/ubuntu/.local/lib/python3.12/site-packages/airflow/example_dags/example_task_group_decorator.py
[2025-01-28T06:29:56.950+0000] {processor.py:914} INFO - Processing file /home/ubuntu/.local/lib/python3.12/site-packages/airflow/example_dags/example_task_group_decorator.py for tasks to queue
[2025-01-28T06:29:56.953+0000] {logging_mixin.py:190} INFO - [2025-01-28T06:29:56.953+0000] {dagbag.py:588} INFO - Filling up the DagBag from /home/ubuntu/.local/lib/python3.12/site-packages/airflow/example_dags/example_task_group_decorator.py
[2025-01-28T06:29:56.968+0000] {processor.py:925} INFO - DAG(s) 'example_task_group_decorator' retrieved from /home/ubuntu/.local/lib/python3.12/site-packages/airflow/example_dags/example_task_group_decorator.py
[2025-01-28T06:29:56.986+0000] {logging_mixin.py:190} INFO - [2025-01-28T06:29:56.986+0000] {dag.py:3239} INFO - Sync 1 DAGs
[2025-01-28T06:29:56.997+0000] {logging_mixin.py:190} INFO - [2025-01-28T06:29:56.997+0000] {dag.py:4180} INFO - Setting next_dagrun for example_task_group_decorator to None, run_after=None
[2025-01-28T06:29:57.018+0000] {processor.py:208} INFO - Processing /home/ubuntu/.local/lib/python3.12/site-packages/airflow/example_dags/example_task_group_decorator.py took 0.074 seconds
[2025-01-28T06:30:50.922+0000] {processor.py:186} INFO - Started process (PID=5710) to work on /home/ubuntu/.local/lib/python3.12/site-packages/airflow/example_dags/example_task_group_decorator.py
[2025-01-28T06:30:50.924+0000] {processor.py:914} INFO - Processing file /home/ubuntu/.local/lib/python3.12/site-packages/airflow/example_dags/example_task_group_decorator.py for tasks to queue
[2025-01-28T06:30:50.926+0000] {logging_mixin.py:190} INFO - [2025-01-28T06:30:50.926+0000] {dagbag.py:588} INFO - Filling up the DagBag from /home/ubuntu/.local/lib/python3.12/site-packages/airflow/example_dags/example_task_group_decorator.py
[2025-01-28T06:30:50.941+0000] {processor.py:925} INFO - DAG(s) 'example_task_group_decorator' retrieved from /home/ubuntu/.local/lib/python3.12/site-packages/airflow/example_dags/example_task_group_decorator.py
[2025-01-28T06:30:50.961+0000] {logging_mixin.py:190} INFO - [2025-01-28T06:30:50.961+0000] {dag.py:3239} INFO - Sync 1 DAGs
[2025-01-28T06:30:50.972+0000] {logging_mixin.py:190} INFO - [2025-01-28T06:30:50.972+0000] {dag.py:4180} INFO - Setting next_dagrun for example_task_group_decorator to None, run_after=None
[2025-01-28T06:30:50.993+0000] {processor.py:208} INFO - Processing /home/ubuntu/.local/lib/python3.12/site-packages/airflow/example_dags/example_task_group_decorator.py took 0.076 seconds
[2025-01-28T06:31:34.795+0000] {processor.py:186} INFO - Started process (PID=5753) to work on /home/ubuntu/.local/lib/python3.12/site-packages/airflow/example_dags/example_task_group_decorator.py
[2025-01-28T06:31:34.798+0000] {processor.py:914} INFO - Processing file /home/ubuntu/.local/lib/python3.12/site-packages/airflow/example_dags/example_task_group_decorator.py for tasks to queue
[2025-01-28T06:31:34.800+0000] {logging_mixin.py:190} INFO - [2025-01-28T06:31:34.799+0000] {dagbag.py:588} INFO - Filling up the DagBag from /home/ubuntu/.local/lib/python3.12/site-packages/airflow/example_dags/example_task_group_decorator.py
[2025-01-28T06:31:34.815+0000] {processor.py:925} INFO - DAG(s) 'example_task_group_decorator' retrieved from /home/ubuntu/.local/lib/python3.12/site-packages/airflow/example_dags/example_task_group_decorator.py
[2025-01-28T06:31:34.834+0000] {logging_mixin.py:190} INFO - [2025-01-28T06:31:34.834+0000] {dag.py:3239} INFO - Sync 1 DAGs
[2025-01-28T06:31:34.846+0000] {logging_mixin.py:190} INFO - [2025-01-28T06:31:34.846+0000] {dag.py:4180} INFO - Setting next_dagrun for example_task_group_decorator to None, run_after=None
[2025-01-28T06:31:34.867+0000] {processor.py:208} INFO - Processing /home/ubuntu/.local/lib/python3.12/site-packages/airflow/example_dags/example_task_group_decorator.py took 0.077 seconds
[2025-01-28T06:32:16.242+0000] {processor.py:186} INFO - Started process (PID=5797) to work on /home/ubuntu/.local/lib/python3.12/site-packages/airflow/example_dags/example_task_group_decorator.py
[2025-01-28T06:32:16.244+0000] {processor.py:914} INFO - Processing file /home/ubuntu/.local/lib/python3.12/site-packages/airflow/example_dags/example_task_group_decorator.py for tasks to queue
[2025-01-28T06:32:16.246+0000] {logging_mixin.py:190} INFO - [2025-01-28T06:32:16.246+0000] {dagbag.py:588} INFO - Filling up the DagBag from /home/ubuntu/.local/lib/python3.12/site-packages/airflow/example_dags/example_task_group_decorator.py
[2025-01-28T06:32:16.267+0000] {processor.py:925} INFO - DAG(s) 'example_task_group_decorator' retrieved from /home/ubuntu/.local/lib/python3.12/site-packages/airflow/example_dags/example_task_group_decorator.py
[2025-01-28T06:32:16.286+0000] {logging_mixin.py:190} INFO - [2025-01-28T06:32:16.286+0000] {dag.py:3239} INFO - Sync 1 DAGs
[2025-01-28T06:32:16.297+0000] {logging_mixin.py:190} INFO - [2025-01-28T06:32:16.297+0000] {dag.py:4180} INFO - Setting next_dagrun for example_task_group_decorator to None, run_after=None
[2025-01-28T06:32:16.318+0000] {processor.py:208} INFO - Processing /home/ubuntu/.local/lib/python3.12/site-packages/airflow/example_dags/example_task_group_decorator.py took 0.081 seconds
[2025-01-28T06:33:10.998+0000] {processor.py:186} INFO - Started process (PID=5853) to work on /home/ubuntu/.local/lib/python3.12/site-packages/airflow/example_dags/example_task_group_decorator.py
[2025-01-28T06:33:11.001+0000] {processor.py:914} INFO - Processing file /home/ubuntu/.local/lib/python3.12/site-packages/airflow/example_dags/example_task_group_decorator.py for tasks to queue
[2025-01-28T06:33:11.003+0000] {logging_mixin.py:190} INFO - [2025-01-28T06:33:11.002+0000] {dagbag.py:588} INFO - Filling up the DagBag from /home/ubuntu/.local/lib/python3.12/site-packages/airflow/example_dags/example_task_group_decorator.py
[2025-01-28T06:33:11.017+0000] {processor.py:925} INFO - DAG(s) 'example_task_group_decorator' retrieved from /home/ubuntu/.local/lib/python3.12/site-packages/airflow/example_dags/example_task_group_decorator.py
[2025-01-28T06:33:11.036+0000] {logging_mixin.py:190} INFO - [2025-01-28T06:33:11.036+0000] {dag.py:3239} INFO - Sync 1 DAGs
[2025-01-28T06:33:11.047+0000] {logging_mixin.py:190} INFO - [2025-01-28T06:33:11.047+0000] {dag.py:4180} INFO - Setting next_dagrun for example_task_group_decorator to None, run_after=None
[2025-01-28T06:33:11.071+0000] {processor.py:208} INFO - Processing /home/ubuntu/.local/lib/python3.12/site-packages/airflow/example_dags/example_task_group_decorator.py took 0.077 seconds
[2025-01-28T06:34:11.374+0000] {processor.py:186} INFO - Started process (PID=5919) to work on /home/ubuntu/.local/lib/python3.12/site-packages/airflow/example_dags/example_task_group_decorator.py
[2025-01-28T06:34:11.376+0000] {processor.py:914} INFO - Processing file /home/ubuntu/.local/lib/python3.12/site-packages/airflow/example_dags/example_task_group_decorator.py for tasks to queue
[2025-01-28T06:34:11.378+0000] {logging_mixin.py:190} INFO - [2025-01-28T06:34:11.378+0000] {dagbag.py:588} INFO - Filling up the DagBag from /home/ubuntu/.local/lib/python3.12/site-packages/airflow/example_dags/example_task_group_decorator.py
[2025-01-28T06:34:11.393+0000] {processor.py:925} INFO - DAG(s) 'example_task_group_decorator' retrieved from /home/ubuntu/.local/lib/python3.12/site-packages/airflow/example_dags/example_task_group_decorator.py
[2025-01-28T06:34:11.412+0000] {logging_mixin.py:190} INFO - [2025-01-28T06:34:11.412+0000] {dag.py:3239} INFO - Sync 1 DAGs
[2025-01-28T06:34:11.424+0000] {logging_mixin.py:190} INFO - [2025-01-28T06:34:11.424+0000] {dag.py:4180} INFO - Setting next_dagrun for example_task_group_decorator to None, run_after=None
[2025-01-28T06:34:11.452+0000] {processor.py:208} INFO - Processing /home/ubuntu/.local/lib/python3.12/site-packages/airflow/example_dags/example_task_group_decorator.py took 0.084 seconds
[2025-01-28T06:35:07.955+0000] {processor.py:186} INFO - Started process (PID=5979) to work on /home/ubuntu/.local/lib/python3.12/site-packages/airflow/example_dags/example_task_group_decorator.py
[2025-01-28T06:35:07.957+0000] {processor.py:914} INFO - Processing file /home/ubuntu/.local/lib/python3.12/site-packages/airflow/example_dags/example_task_group_decorator.py for tasks to queue
[2025-01-28T06:35:07.960+0000] {logging_mixin.py:190} INFO - [2025-01-28T06:35:07.959+0000] {dagbag.py:588} INFO - Filling up the DagBag from /home/ubuntu/.local/lib/python3.12/site-packages/airflow/example_dags/example_task_group_decorator.py
[2025-01-28T06:35:07.974+0000] {processor.py:925} INFO - DAG(s) 'example_task_group_decorator' retrieved from /home/ubuntu/.local/lib/python3.12/site-packages/airflow/example_dags/example_task_group_decorator.py
[2025-01-28T06:35:07.994+0000] {logging_mixin.py:190} INFO - [2025-01-28T06:35:07.994+0000] {dag.py:3239} INFO - Sync 1 DAGs
[2025-01-28T06:35:08.004+0000] {logging_mixin.py:190} INFO - [2025-01-28T06:35:08.004+0000] {dag.py:4180} INFO - Setting next_dagrun for example_task_group_decorator to None, run_after=None
[2025-01-28T06:35:08.027+0000] {processor.py:208} INFO - Processing /home/ubuntu/.local/lib/python3.12/site-packages/airflow/example_dags/example_task_group_decorator.py took 0.077 seconds
[2025-01-28T06:36:01.039+0000] {processor.py:186} INFO - Started process (PID=6035) to work on /home/ubuntu/.local/lib/python3.12/site-packages/airflow/example_dags/example_task_group_decorator.py
[2025-01-28T06:36:01.041+0000] {processor.py:914} INFO - Processing file /home/ubuntu/.local/lib/python3.12/site-packages/airflow/example_dags/example_task_group_decorator.py for tasks to queue
[2025-01-28T06:36:01.042+0000] {logging_mixin.py:190} INFO - [2025-01-28T06:36:01.042+0000] {dagbag.py:588} INFO - Filling up the DagBag from /home/ubuntu/.local/lib/python3.12/site-packages/airflow/example_dags/example_task_group_decorator.py
[2025-01-28T06:36:01.058+0000] {processor.py:925} INFO - DAG(s) 'example_task_group_decorator' retrieved from /home/ubuntu/.local/lib/python3.12/site-packages/airflow/example_dags/example_task_group_decorator.py
[2025-01-28T06:36:01.077+0000] {logging_mixin.py:190} INFO - [2025-01-28T06:36:01.077+0000] {dag.py:3239} INFO - Sync 1 DAGs
[2025-01-28T06:36:01.089+0000] {logging_mixin.py:190} INFO - [2025-01-28T06:36:01.088+0000] {dag.py:4180} INFO - Setting next_dagrun for example_task_group_decorator to None, run_after=None
[2025-01-28T06:36:01.111+0000] {processor.py:208} INFO - Processing /home/ubuntu/.local/lib/python3.12/site-packages/airflow/example_dags/example_task_group_decorator.py took 0.078 seconds
[2025-01-28T06:36:52.790+0000] {processor.py:186} INFO - Started process (PID=6088) to work on /home/ubuntu/.local/lib/python3.12/site-packages/airflow/example_dags/example_task_group_decorator.py
[2025-01-28T06:36:52.791+0000] {processor.py:914} INFO - Processing file /home/ubuntu/.local/lib/python3.12/site-packages/airflow/example_dags/example_task_group_decorator.py for tasks to queue
[2025-01-28T06:36:52.793+0000] {logging_mixin.py:190} INFO - [2025-01-28T06:36:52.793+0000] {dagbag.py:588} INFO - Filling up the DagBag from /home/ubuntu/.local/lib/python3.12/site-packages/airflow/example_dags/example_task_group_decorator.py
[2025-01-28T06:36:52.809+0000] {processor.py:925} INFO - DAG(s) 'example_task_group_decorator' retrieved from /home/ubuntu/.local/lib/python3.12/site-packages/airflow/example_dags/example_task_group_decorator.py
[2025-01-28T06:36:52.828+0000] {logging_mixin.py:190} INFO - [2025-01-28T06:36:52.828+0000] {dag.py:3239} INFO - Sync 1 DAGs
[2025-01-28T06:36:52.839+0000] {logging_mixin.py:190} INFO - [2025-01-28T06:36:52.838+0000] {dag.py:4180} INFO - Setting next_dagrun for example_task_group_decorator to None, run_after=None
[2025-01-28T06:36:52.861+0000] {processor.py:208} INFO - Processing /home/ubuntu/.local/lib/python3.12/site-packages/airflow/example_dags/example_task_group_decorator.py took 0.076 seconds
[2025-01-28T06:37:45.823+0000] {processor.py:186} INFO - Started process (PID=6143) to work on /home/ubuntu/.local/lib/python3.12/site-packages/airflow/example_dags/example_task_group_decorator.py
[2025-01-28T06:37:45.825+0000] {processor.py:914} INFO - Processing file /home/ubuntu/.local/lib/python3.12/site-packages/airflow/example_dags/example_task_group_decorator.py for tasks to queue
[2025-01-28T06:37:45.827+0000] {logging_mixin.py:190} INFO - [2025-01-28T06:37:45.827+0000] {dagbag.py:588} INFO - Filling up the DagBag from /home/ubuntu/.local/lib/python3.12/site-packages/airflow/example_dags/example_task_group_decorator.py
[2025-01-28T06:37:45.842+0000] {processor.py:925} INFO - DAG(s) 'example_task_group_decorator' retrieved from /home/ubuntu/.local/lib/python3.12/site-packages/airflow/example_dags/example_task_group_decorator.py
[2025-01-28T06:37:45.861+0000] {logging_mixin.py:190} INFO - [2025-01-28T06:37:45.860+0000] {dag.py:3239} INFO - Sync 1 DAGs
[2025-01-28T06:37:45.872+0000] {logging_mixin.py:190} INFO - [2025-01-28T06:37:45.871+0000] {dag.py:4180} INFO - Setting next_dagrun for example_task_group_decorator to None, run_after=None
[2025-01-28T06:37:45.895+0000] {processor.py:208} INFO - Processing /home/ubuntu/.local/lib/python3.12/site-packages/airflow/example_dags/example_task_group_decorator.py took 0.077 seconds
[2025-01-28T06:38:39.860+0000] {processor.py:186} INFO - Started process (PID=6199) to work on /home/ubuntu/.local/lib/python3.12/site-packages/airflow/example_dags/example_task_group_decorator.py
[2025-01-28T06:38:39.862+0000] {processor.py:914} INFO - Processing file /home/ubuntu/.local/lib/python3.12/site-packages/airflow/example_dags/example_task_group_decorator.py for tasks to queue
[2025-01-28T06:38:39.864+0000] {logging_mixin.py:190} INFO - [2025-01-28T06:38:39.864+0000] {dagbag.py:588} INFO - Filling up the DagBag from /home/ubuntu/.local/lib/python3.12/site-packages/airflow/example_dags/example_task_group_decorator.py
[2025-01-28T06:38:39.879+0000] {processor.py:925} INFO - DAG(s) 'example_task_group_decorator' retrieved from /home/ubuntu/.local/lib/python3.12/site-packages/airflow/example_dags/example_task_group_decorator.py
[2025-01-28T06:38:39.898+0000] {logging_mixin.py:190} INFO - [2025-01-28T06:38:39.898+0000] {dag.py:3239} INFO - Sync 1 DAGs
[2025-01-28T06:38:39.910+0000] {logging_mixin.py:190} INFO - [2025-01-28T06:38:39.910+0000] {dag.py:4180} INFO - Setting next_dagrun for example_task_group_decorator to None, run_after=None
[2025-01-28T06:38:39.933+0000] {processor.py:208} INFO - Processing /home/ubuntu/.local/lib/python3.12/site-packages/airflow/example_dags/example_task_group_decorator.py took 0.077 seconds
[2025-01-28T06:39:35.569+0000] {processor.py:186} INFO - Started process (PID=6256) to work on /home/ubuntu/.local/lib/python3.12/site-packages/airflow/example_dags/example_task_group_decorator.py
[2025-01-28T06:39:35.571+0000] {processor.py:914} INFO - Processing file /home/ubuntu/.local/lib/python3.12/site-packages/airflow/example_dags/example_task_group_decorator.py for tasks to queue
[2025-01-28T06:39:35.574+0000] {logging_mixin.py:190} INFO - [2025-01-28T06:39:35.573+0000] {dagbag.py:588} INFO - Filling up the DagBag from /home/ubuntu/.local/lib/python3.12/site-packages/airflow/example_dags/example_task_group_decorator.py
[2025-01-28T06:39:35.589+0000] {processor.py:925} INFO - DAG(s) 'example_task_group_decorator' retrieved from /home/ubuntu/.local/lib/python3.12/site-packages/airflow/example_dags/example_task_group_decorator.py
[2025-01-28T06:39:35.607+0000] {logging_mixin.py:190} INFO - [2025-01-28T06:39:35.607+0000] {dag.py:3239} INFO - Sync 1 DAGs
[2025-01-28T06:39:35.618+0000] {logging_mixin.py:190} INFO - [2025-01-28T06:39:35.618+0000] {dag.py:4180} INFO - Setting next_dagrun for example_task_group_decorator to None, run_after=None
[2025-01-28T06:39:35.641+0000] {processor.py:208} INFO - Processing /home/ubuntu/.local/lib/python3.12/site-packages/airflow/example_dags/example_task_group_decorator.py took 0.077 seconds
[2025-01-28T06:40:32.302+0000] {processor.py:186} INFO - Started process (PID=6318) to work on /home/ubuntu/.local/lib/python3.12/site-packages/airflow/example_dags/example_task_group_decorator.py
[2025-01-28T06:40:32.304+0000] {processor.py:914} INFO - Processing file /home/ubuntu/.local/lib/python3.12/site-packages/airflow/example_dags/example_task_group_decorator.py for tasks to queue
[2025-01-28T06:40:32.306+0000] {logging_mixin.py:190} INFO - [2025-01-28T06:40:32.306+0000] {dagbag.py:588} INFO - Filling up the DagBag from /home/ubuntu/.local/lib/python3.12/site-packages/airflow/example_dags/example_task_group_decorator.py
[2025-01-28T06:40:32.322+0000] {processor.py:925} INFO - DAG(s) 'example_task_group_decorator' retrieved from /home/ubuntu/.local/lib/python3.12/site-packages/airflow/example_dags/example_task_group_decorator.py
[2025-01-28T06:40:32.347+0000] {logging_mixin.py:190} INFO - [2025-01-28T06:40:32.347+0000] {dag.py:3239} INFO - Sync 1 DAGs
[2025-01-28T06:40:32.359+0000] {logging_mixin.py:190} INFO - [2025-01-28T06:40:32.358+0000] {dag.py:4180} INFO - Setting next_dagrun for example_task_group_decorator to None, run_after=None
[2025-01-28T06:40:32.383+0000] {processor.py:208} INFO - Processing /home/ubuntu/.local/lib/python3.12/site-packages/airflow/example_dags/example_task_group_decorator.py took 0.087 seconds
[2025-01-28T06:41:33.040+0000] {processor.py:186} INFO - Started process (PID=6495) to work on /home/ubuntu/.local/lib/python3.12/site-packages/airflow/example_dags/example_task_group_decorator.py
[2025-01-28T06:41:33.042+0000] {processor.py:914} INFO - Processing file /home/ubuntu/.local/lib/python3.12/site-packages/airflow/example_dags/example_task_group_decorator.py for tasks to queue
[2025-01-28T06:41:33.044+0000] {logging_mixin.py:190} INFO - [2025-01-28T06:41:33.043+0000] {dagbag.py:588} INFO - Filling up the DagBag from /home/ubuntu/.local/lib/python3.12/site-packages/airflow/example_dags/example_task_group_decorator.py
[2025-01-28T06:41:33.059+0000] {processor.py:925} INFO - DAG(s) 'example_task_group_decorator' retrieved from /home/ubuntu/.local/lib/python3.12/site-packages/airflow/example_dags/example_task_group_decorator.py
[2025-01-28T06:41:33.078+0000] {logging_mixin.py:190} INFO - [2025-01-28T06:41:33.078+0000] {dag.py:3239} INFO - Sync 1 DAGs
[2025-01-28T06:41:33.089+0000] {logging_mixin.py:190} INFO - [2025-01-28T06:41:33.089+0000] {dag.py:4180} INFO - Setting next_dagrun for example_task_group_decorator to None, run_after=None
[2025-01-28T06:41:33.111+0000] {processor.py:208} INFO - Processing /home/ubuntu/.local/lib/python3.12/site-packages/airflow/example_dags/example_task_group_decorator.py took 0.077 seconds
[2025-01-28T06:42:32.349+0000] {processor.py:186} INFO - Started process (PID=6569) to work on /home/ubuntu/.local/lib/python3.12/site-packages/airflow/example_dags/example_task_group_decorator.py
[2025-01-28T06:42:32.350+0000] {processor.py:914} INFO - Processing file /home/ubuntu/.local/lib/python3.12/site-packages/airflow/example_dags/example_task_group_decorator.py for tasks to queue
[2025-01-28T06:42:32.353+0000] {logging_mixin.py:190} INFO - [2025-01-28T06:42:32.352+0000] {dagbag.py:588} INFO - Filling up the DagBag from /home/ubuntu/.local/lib/python3.12/site-packages/airflow/example_dags/example_task_group_decorator.py
[2025-01-28T06:42:32.368+0000] {processor.py:925} INFO - DAG(s) 'example_task_group_decorator' retrieved from /home/ubuntu/.local/lib/python3.12/site-packages/airflow/example_dags/example_task_group_decorator.py
[2025-01-28T06:42:32.388+0000] {logging_mixin.py:190} INFO - [2025-01-28T06:42:32.387+0000] {dag.py:3239} INFO - Sync 1 DAGs
[2025-01-28T06:42:32.399+0000] {logging_mixin.py:190} INFO - [2025-01-28T06:42:32.399+0000] {dag.py:4180} INFO - Setting next_dagrun for example_task_group_decorator to None, run_after=None
[2025-01-28T06:42:32.422+0000] {processor.py:208} INFO - Processing /home/ubuntu/.local/lib/python3.12/site-packages/airflow/example_dags/example_task_group_decorator.py took 0.079 seconds
[2025-01-28T06:43:28.966+0000] {processor.py:186} INFO - Started process (PID=6625) to work on /home/ubuntu/.local/lib/python3.12/site-packages/airflow/example_dags/example_task_group_decorator.py
[2025-01-28T06:43:28.968+0000] {processor.py:914} INFO - Processing file /home/ubuntu/.local/lib/python3.12/site-packages/airflow/example_dags/example_task_group_decorator.py for tasks to queue
[2025-01-28T06:43:28.970+0000] {logging_mixin.py:190} INFO - [2025-01-28T06:43:28.969+0000] {dagbag.py:588} INFO - Filling up the DagBag from /home/ubuntu/.local/lib/python3.12/site-packages/airflow/example_dags/example_task_group_decorator.py
[2025-01-28T06:43:28.984+0000] {processor.py:925} INFO - DAG(s) 'example_task_group_decorator' retrieved from /home/ubuntu/.local/lib/python3.12/site-packages/airflow/example_dags/example_task_group_decorator.py
[2025-01-28T06:43:29.004+0000] {logging_mixin.py:190} INFO - [2025-01-28T06:43:29.004+0000] {dag.py:3239} INFO - Sync 1 DAGs
[2025-01-28T06:43:29.148+0000] {logging_mixin.py:190} INFO - [2025-01-28T06:43:29.148+0000] {dag.py:4180} INFO - Setting next_dagrun for example_task_group_decorator to None, run_after=None
[2025-01-28T06:43:29.169+0000] {processor.py:208} INFO - Processing /home/ubuntu/.local/lib/python3.12/site-packages/airflow/example_dags/example_task_group_decorator.py took 0.208 seconds
[2025-01-28T06:44:38.032+0000] {processor.py:186} INFO - Started process (PID=6690) to work on /home/ubuntu/.local/lib/python3.12/site-packages/airflow/example_dags/example_task_group_decorator.py
[2025-01-28T06:44:38.034+0000] {processor.py:914} INFO - Processing file /home/ubuntu/.local/lib/python3.12/site-packages/airflow/example_dags/example_task_group_decorator.py for tasks to queue
[2025-01-28T06:44:38.036+0000] {logging_mixin.py:190} INFO - [2025-01-28T06:44:38.035+0000] {dagbag.py:588} INFO - Filling up the DagBag from /home/ubuntu/.local/lib/python3.12/site-packages/airflow/example_dags/example_task_group_decorator.py
[2025-01-28T06:44:38.051+0000] {processor.py:925} INFO - DAG(s) 'example_task_group_decorator' retrieved from /home/ubuntu/.local/lib/python3.12/site-packages/airflow/example_dags/example_task_group_decorator.py
[2025-01-28T06:44:38.070+0000] {logging_mixin.py:190} INFO - [2025-01-28T06:44:38.070+0000] {dag.py:3239} INFO - Sync 1 DAGs
[2025-01-28T06:44:38.082+0000] {logging_mixin.py:190} INFO - [2025-01-28T06:44:38.082+0000] {dag.py:4180} INFO - Setting next_dagrun for example_task_group_decorator to None, run_after=None
[2025-01-28T06:44:38.242+0000] {processor.py:208} INFO - Processing /home/ubuntu/.local/lib/python3.12/site-packages/airflow/example_dags/example_task_group_decorator.py took 0.216 seconds
[2025-01-28T06:45:37.586+0000] {processor.py:186} INFO - Started process (PID=6764) to work on /home/ubuntu/.local/lib/python3.12/site-packages/airflow/example_dags/example_task_group_decorator.py
[2025-01-28T06:45:37.587+0000] {processor.py:914} INFO - Processing file /home/ubuntu/.local/lib/python3.12/site-packages/airflow/example_dags/example_task_group_decorator.py for tasks to queue
[2025-01-28T06:45:37.590+0000] {logging_mixin.py:190} INFO - [2025-01-28T06:45:37.590+0000] {dagbag.py:588} INFO - Filling up the DagBag from /home/ubuntu/.local/lib/python3.12/site-packages/airflow/example_dags/example_task_group_decorator.py
[2025-01-28T06:45:37.604+0000] {processor.py:925} INFO - DAG(s) 'example_task_group_decorator' retrieved from /home/ubuntu/.local/lib/python3.12/site-packages/airflow/example_dags/example_task_group_decorator.py
[2025-01-28T06:45:37.623+0000] {logging_mixin.py:190} INFO - [2025-01-28T06:45:37.623+0000] {dag.py:3239} INFO - Sync 1 DAGs
[2025-01-28T06:45:37.635+0000] {logging_mixin.py:190} INFO - [2025-01-28T06:45:37.634+0000] {dag.py:4180} INFO - Setting next_dagrun for example_task_group_decorator to None, run_after=None
[2025-01-28T06:45:37.656+0000] {processor.py:208} INFO - Processing /home/ubuntu/.local/lib/python3.12/site-packages/airflow/example_dags/example_task_group_decorator.py took 0.077 seconds
[2025-01-28T06:46:30.352+0000] {processor.py:186} INFO - Started process (PID=6970) to work on /home/ubuntu/.local/lib/python3.12/site-packages/airflow/example_dags/example_task_group_decorator.py
[2025-01-28T06:46:30.353+0000] {processor.py:914} INFO - Processing file /home/ubuntu/.local/lib/python3.12/site-packages/airflow/example_dags/example_task_group_decorator.py for tasks to queue
[2025-01-28T06:46:30.356+0000] {logging_mixin.py:190} INFO - [2025-01-28T06:46:30.355+0000] {dagbag.py:588} INFO - Filling up the DagBag from /home/ubuntu/.local/lib/python3.12/site-packages/airflow/example_dags/example_task_group_decorator.py
[2025-01-28T06:46:30.370+0000] {processor.py:925} INFO - DAG(s) 'example_task_group_decorator' retrieved from /home/ubuntu/.local/lib/python3.12/site-packages/airflow/example_dags/example_task_group_decorator.py
[2025-01-28T06:46:30.390+0000] {logging_mixin.py:190} INFO - [2025-01-28T06:46:30.389+0000] {dag.py:3239} INFO - Sync 1 DAGs
[2025-01-28T06:46:30.401+0000] {logging_mixin.py:190} INFO - [2025-01-28T06:46:30.401+0000] {dag.py:4180} INFO - Setting next_dagrun for example_task_group_decorator to None, run_after=None
[2025-01-28T06:46:30.423+0000] {processor.py:208} INFO - Processing /home/ubuntu/.local/lib/python3.12/site-packages/airflow/example_dags/example_task_group_decorator.py took 0.076 seconds
