[2025-01-28T03:39:39.840+0000] {processor.py:186} INFO - Started process (PID=9639) to work on /home/ubuntu/airflow-venv/lib/python3.12/site-packages/airflow/example_dags/example_task_group.py
[2025-01-28T03:39:39.841+0000] {processor.py:914} INFO - Processing file /home/ubuntu/airflow-venv/lib/python3.12/site-packages/airflow/example_dags/example_task_group.py for tasks to queue
[2025-01-28T03:39:39.842+0000] {logging_mixin.py:190} INFO - [2025-01-28T03:39:39.842+0000] {dagbag.py:588} INFO - Filling up the DagBag from /home/ubuntu/airflow-venv/lib/python3.12/site-packages/airflow/example_dags/example_task_group.py
[2025-01-28T03:39:39.853+0000] {processor.py:925} INFO - DAG(s) 'example_task_group' retrieved from /home/ubuntu/airflow-venv/lib/python3.12/site-packages/airflow/example_dags/example_task_group.py
[2025-01-28T03:39:39.958+0000] {logging_mixin.py:190} INFO - [2025-01-28T03:39:39.958+0000] {override.py:1912} INFO - Created Permission View: can read on DAG:example_task_group
[2025-01-28T03:39:39.973+0000] {logging_mixin.py:190} INFO - [2025-01-28T03:39:39.973+0000] {override.py:1912} INFO - Created Permission View: can delete on DAG:example_task_group
[2025-01-28T03:39:39.985+0000] {logging_mixin.py:190} INFO - [2025-01-28T03:39:39.984+0000] {override.py:1912} INFO - Created Permission View: can edit on DAG:example_task_group
[2025-01-28T03:39:40.003+0000] {logging_mixin.py:190} INFO - [2025-01-28T03:39:40.002+0000] {override.py:1912} INFO - Created Permission View: menu access on DAG Run:example_task_group
[2025-01-28T03:39:40.013+0000] {logging_mixin.py:190} INFO - [2025-01-28T03:39:40.013+0000] {override.py:1912} INFO - Created Permission View: can read on DAG Run:example_task_group
[2025-01-28T03:39:40.022+0000] {logging_mixin.py:190} INFO - [2025-01-28T03:39:40.022+0000] {override.py:1912} INFO - Created Permission View: can delete on DAG Run:example_task_group
[2025-01-28T03:39:40.033+0000] {logging_mixin.py:190} INFO - [2025-01-28T03:39:40.033+0000] {override.py:1912} INFO - Created Permission View: can create on DAG Run:example_task_group
[2025-01-28T03:39:40.033+0000] {logging_mixin.py:190} INFO - [2025-01-28T03:39:40.033+0000] {dag.py:3239} INFO - Sync 1 DAGs
[2025-01-28T03:39:40.043+0000] {logging_mixin.py:190} INFO - [2025-01-28T03:39:40.042+0000] {dag.py:3262} INFO - Creating ORM DAG for example_task_group
[2025-01-28T03:39:40.043+0000] {logging_mixin.py:190} INFO - [2025-01-28T03:39:40.043+0000] {dag.py:4180} INFO - Setting next_dagrun for example_task_group to None, run_after=None
[2025-01-28T03:39:40.066+0000] {processor.py:208} INFO - Processing /home/ubuntu/airflow-venv/lib/python3.12/site-packages/airflow/example_dags/example_task_group.py took 0.231 seconds
[2025-01-28T03:40:45.142+0000] {processor.py:186} INFO - Started process (PID=9700) to work on /home/ubuntu/airflow-venv/lib/python3.12/site-packages/airflow/example_dags/example_task_group.py
[2025-01-28T03:40:45.143+0000] {processor.py:914} INFO - Processing file /home/ubuntu/airflow-venv/lib/python3.12/site-packages/airflow/example_dags/example_task_group.py for tasks to queue
[2025-01-28T03:40:45.145+0000] {logging_mixin.py:190} INFO - [2025-01-28T03:40:45.144+0000] {dagbag.py:588} INFO - Filling up the DagBag from /home/ubuntu/airflow-venv/lib/python3.12/site-packages/airflow/example_dags/example_task_group.py
[2025-01-28T03:40:45.154+0000] {processor.py:925} INFO - DAG(s) 'example_task_group' retrieved from /home/ubuntu/airflow-venv/lib/python3.12/site-packages/airflow/example_dags/example_task_group.py
[2025-01-28T03:40:45.170+0000] {logging_mixin.py:190} INFO - [2025-01-28T03:40:45.170+0000] {dag.py:3239} INFO - Sync 1 DAGs
[2025-01-28T03:40:45.181+0000] {logging_mixin.py:190} INFO - [2025-01-28T03:40:45.181+0000] {dag.py:4180} INFO - Setting next_dagrun for example_task_group to None, run_after=None
[2025-01-28T03:40:45.203+0000] {processor.py:208} INFO - Processing /home/ubuntu/airflow-venv/lib/python3.12/site-packages/airflow/example_dags/example_task_group.py took 0.067 seconds
[2025-01-28T03:43:23.480+0000] {processor.py:186} INFO - Started process (PID=9801) to work on /home/ubuntu/airflow-venv/lib/python3.12/site-packages/airflow/example_dags/example_task_group.py
[2025-01-28T03:43:23.483+0000] {processor.py:914} INFO - Processing file /home/ubuntu/airflow-venv/lib/python3.12/site-packages/airflow/example_dags/example_task_group.py for tasks to queue
[2025-01-28T03:43:23.484+0000] {logging_mixin.py:190} INFO - [2025-01-28T03:43:23.484+0000] {dagbag.py:588} INFO - Filling up the DagBag from /home/ubuntu/airflow-venv/lib/python3.12/site-packages/airflow/example_dags/example_task_group.py
[2025-01-28T03:43:23.493+0000] {processor.py:925} INFO - DAG(s) 'example_task_group' retrieved from /home/ubuntu/airflow-venv/lib/python3.12/site-packages/airflow/example_dags/example_task_group.py
[2025-01-28T03:43:23.511+0000] {logging_mixin.py:190} INFO - [2025-01-28T03:43:23.510+0000] {dag.py:3239} INFO - Sync 1 DAGs
[2025-01-28T03:43:23.523+0000] {logging_mixin.py:190} INFO - [2025-01-28T03:43:23.522+0000] {dag.py:4180} INFO - Setting next_dagrun for example_task_group to None, run_after=None
[2025-01-28T03:43:23.545+0000] {processor.py:208} INFO - Processing /home/ubuntu/airflow-venv/lib/python3.12/site-packages/airflow/example_dags/example_task_group.py took 0.069 seconds
[2025-01-28T03:44:19.913+0000] {processor.py:186} INFO - Started process (PID=9859) to work on /home/ubuntu/airflow-venv/lib/python3.12/site-packages/airflow/example_dags/example_task_group.py
[2025-01-28T03:44:19.914+0000] {processor.py:914} INFO - Processing file /home/ubuntu/airflow-venv/lib/python3.12/site-packages/airflow/example_dags/example_task_group.py for tasks to queue
[2025-01-28T03:44:19.916+0000] {logging_mixin.py:190} INFO - [2025-01-28T03:44:19.916+0000] {dagbag.py:588} INFO - Filling up the DagBag from /home/ubuntu/airflow-venv/lib/python3.12/site-packages/airflow/example_dags/example_task_group.py
[2025-01-28T03:44:19.925+0000] {processor.py:925} INFO - DAG(s) 'example_task_group' retrieved from /home/ubuntu/airflow-venv/lib/python3.12/site-packages/airflow/example_dags/example_task_group.py
[2025-01-28T03:44:19.940+0000] {logging_mixin.py:190} INFO - [2025-01-28T03:44:19.940+0000] {dag.py:3239} INFO - Sync 1 DAGs
[2025-01-28T03:44:19.952+0000] {logging_mixin.py:190} INFO - [2025-01-28T03:44:19.952+0000] {dag.py:4180} INFO - Setting next_dagrun for example_task_group to None, run_after=None
[2025-01-28T03:44:19.974+0000] {processor.py:208} INFO - Processing /home/ubuntu/airflow-venv/lib/python3.12/site-packages/airflow/example_dags/example_task_group.py took 0.066 seconds
[2025-01-28T03:45:11.701+0000] {processor.py:186} INFO - Started process (PID=9917) to work on /home/ubuntu/airflow-venv/lib/python3.12/site-packages/airflow/example_dags/example_task_group.py
[2025-01-28T03:45:11.703+0000] {processor.py:914} INFO - Processing file /home/ubuntu/airflow-venv/lib/python3.12/site-packages/airflow/example_dags/example_task_group.py for tasks to queue
[2025-01-28T03:45:11.705+0000] {logging_mixin.py:190} INFO - [2025-01-28T03:45:11.704+0000] {dagbag.py:588} INFO - Filling up the DagBag from /home/ubuntu/airflow-venv/lib/python3.12/site-packages/airflow/example_dags/example_task_group.py
[2025-01-28T03:45:11.713+0000] {processor.py:925} INFO - DAG(s) 'example_task_group' retrieved from /home/ubuntu/airflow-venv/lib/python3.12/site-packages/airflow/example_dags/example_task_group.py
[2025-01-28T03:45:11.730+0000] {logging_mixin.py:190} INFO - [2025-01-28T03:45:11.729+0000] {dag.py:3239} INFO - Sync 1 DAGs
[2025-01-28T03:45:11.741+0000] {logging_mixin.py:190} INFO - [2025-01-28T03:45:11.741+0000] {dag.py:4180} INFO - Setting next_dagrun for example_task_group to None, run_after=None
[2025-01-28T03:45:11.763+0000] {processor.py:208} INFO - Processing /home/ubuntu/airflow-venv/lib/python3.12/site-packages/airflow/example_dags/example_task_group.py took 0.067 seconds
[2025-01-28T03:46:03.307+0000] {processor.py:186} INFO - Started process (PID=9970) to work on /home/ubuntu/airflow-venv/lib/python3.12/site-packages/airflow/example_dags/example_task_group.py
[2025-01-28T03:46:03.308+0000] {processor.py:914} INFO - Processing file /home/ubuntu/airflow-venv/lib/python3.12/site-packages/airflow/example_dags/example_task_group.py for tasks to queue
[2025-01-28T03:46:03.311+0000] {logging_mixin.py:190} INFO - [2025-01-28T03:46:03.311+0000] {dagbag.py:588} INFO - Filling up the DagBag from /home/ubuntu/airflow-venv/lib/python3.12/site-packages/airflow/example_dags/example_task_group.py
[2025-01-28T03:46:03.320+0000] {processor.py:925} INFO - DAG(s) 'example_task_group' retrieved from /home/ubuntu/airflow-venv/lib/python3.12/site-packages/airflow/example_dags/example_task_group.py
[2025-01-28T03:46:03.336+0000] {logging_mixin.py:190} INFO - [2025-01-28T03:46:03.336+0000] {dag.py:3239} INFO - Sync 1 DAGs
[2025-01-28T03:46:03.348+0000] {logging_mixin.py:190} INFO - [2025-01-28T03:46:03.348+0000] {dag.py:4180} INFO - Setting next_dagrun for example_task_group to None, run_after=None
[2025-01-28T03:46:03.369+0000] {processor.py:208} INFO - Processing /home/ubuntu/airflow-venv/lib/python3.12/site-packages/airflow/example_dags/example_task_group.py took 0.067 seconds
[2025-01-28T03:46:56.395+0000] {processor.py:186} INFO - Started process (PID=10024) to work on /home/ubuntu/airflow-venv/lib/python3.12/site-packages/airflow/example_dags/example_task_group.py
[2025-01-28T03:46:56.397+0000] {processor.py:914} INFO - Processing file /home/ubuntu/airflow-venv/lib/python3.12/site-packages/airflow/example_dags/example_task_group.py for tasks to queue
[2025-01-28T03:46:56.399+0000] {logging_mixin.py:190} INFO - [2025-01-28T03:46:56.399+0000] {dagbag.py:588} INFO - Filling up the DagBag from /home/ubuntu/airflow-venv/lib/python3.12/site-packages/airflow/example_dags/example_task_group.py
[2025-01-28T03:46:56.408+0000] {processor.py:925} INFO - DAG(s) 'example_task_group' retrieved from /home/ubuntu/airflow-venv/lib/python3.12/site-packages/airflow/example_dags/example_task_group.py
[2025-01-28T03:46:56.424+0000] {logging_mixin.py:190} INFO - [2025-01-28T03:46:56.424+0000] {dag.py:3239} INFO - Sync 1 DAGs
[2025-01-28T03:46:56.435+0000] {logging_mixin.py:190} INFO - [2025-01-28T03:46:56.435+0000] {dag.py:4180} INFO - Setting next_dagrun for example_task_group to None, run_after=None
[2025-01-28T03:46:56.458+0000] {processor.py:208} INFO - Processing /home/ubuntu/airflow-venv/lib/python3.12/site-packages/airflow/example_dags/example_task_group.py took 0.067 seconds
[2025-01-28T03:47:49.471+0000] {processor.py:186} INFO - Started process (PID=10079) to work on /home/ubuntu/airflow-venv/lib/python3.12/site-packages/airflow/example_dags/example_task_group.py
[2025-01-28T03:47:49.472+0000] {processor.py:914} INFO - Processing file /home/ubuntu/airflow-venv/lib/python3.12/site-packages/airflow/example_dags/example_task_group.py for tasks to queue
[2025-01-28T03:47:49.475+0000] {logging_mixin.py:190} INFO - [2025-01-28T03:47:49.474+0000] {dagbag.py:588} INFO - Filling up the DagBag from /home/ubuntu/airflow-venv/lib/python3.12/site-packages/airflow/example_dags/example_task_group.py
[2025-01-28T03:47:49.483+0000] {processor.py:925} INFO - DAG(s) 'example_task_group' retrieved from /home/ubuntu/airflow-venv/lib/python3.12/site-packages/airflow/example_dags/example_task_group.py
[2025-01-28T03:47:49.500+0000] {logging_mixin.py:190} INFO - [2025-01-28T03:47:49.499+0000] {dag.py:3239} INFO - Sync 1 DAGs
[2025-01-28T03:47:49.512+0000] {logging_mixin.py:190} INFO - [2025-01-28T03:47:49.511+0000] {dag.py:4180} INFO - Setting next_dagrun for example_task_group to None, run_after=None
[2025-01-28T03:47:49.533+0000] {processor.py:208} INFO - Processing /home/ubuntu/airflow-venv/lib/python3.12/site-packages/airflow/example_dags/example_task_group.py took 0.067 seconds
[2025-01-28T03:48:42.663+0000] {processor.py:186} INFO - Started process (PID=10136) to work on /home/ubuntu/airflow-venv/lib/python3.12/site-packages/airflow/example_dags/example_task_group.py
[2025-01-28T03:48:42.665+0000] {processor.py:914} INFO - Processing file /home/ubuntu/airflow-venv/lib/python3.12/site-packages/airflow/example_dags/example_task_group.py for tasks to queue
[2025-01-28T03:48:42.667+0000] {logging_mixin.py:190} INFO - [2025-01-28T03:48:42.666+0000] {dagbag.py:588} INFO - Filling up the DagBag from /home/ubuntu/airflow-venv/lib/python3.12/site-packages/airflow/example_dags/example_task_group.py
[2025-01-28T03:48:42.675+0000] {processor.py:925} INFO - DAG(s) 'example_task_group' retrieved from /home/ubuntu/airflow-venv/lib/python3.12/site-packages/airflow/example_dags/example_task_group.py
[2025-01-28T03:48:42.691+0000] {logging_mixin.py:190} INFO - [2025-01-28T03:48:42.691+0000] {dag.py:3239} INFO - Sync 1 DAGs
[2025-01-28T03:48:42.703+0000] {logging_mixin.py:190} INFO - [2025-01-28T03:48:42.703+0000] {dag.py:4180} INFO - Setting next_dagrun for example_task_group to None, run_after=None
[2025-01-28T03:48:42.724+0000] {processor.py:208} INFO - Processing /home/ubuntu/airflow-venv/lib/python3.12/site-packages/airflow/example_dags/example_task_group.py took 0.066 seconds
[2025-01-28T03:49:32.915+0000] {processor.py:186} INFO - Started process (PID=10188) to work on /home/ubuntu/airflow-venv/lib/python3.12/site-packages/airflow/example_dags/example_task_group.py
[2025-01-28T03:49:32.916+0000] {processor.py:914} INFO - Processing file /home/ubuntu/airflow-venv/lib/python3.12/site-packages/airflow/example_dags/example_task_group.py for tasks to queue
[2025-01-28T03:49:32.918+0000] {logging_mixin.py:190} INFO - [2025-01-28T03:49:32.918+0000] {dagbag.py:588} INFO - Filling up the DagBag from /home/ubuntu/airflow-venv/lib/python3.12/site-packages/airflow/example_dags/example_task_group.py
[2025-01-28T03:49:32.927+0000] {processor.py:925} INFO - DAG(s) 'example_task_group' retrieved from /home/ubuntu/airflow-venv/lib/python3.12/site-packages/airflow/example_dags/example_task_group.py
[2025-01-28T03:49:32.944+0000] {logging_mixin.py:190} INFO - [2025-01-28T03:49:32.944+0000] {dag.py:3239} INFO - Sync 1 DAGs
[2025-01-28T03:49:32.955+0000] {logging_mixin.py:190} INFO - [2025-01-28T03:49:32.955+0000] {dag.py:4180} INFO - Setting next_dagrun for example_task_group to None, run_after=None
[2025-01-28T03:49:32.977+0000] {processor.py:208} INFO - Processing /home/ubuntu/airflow-venv/lib/python3.12/site-packages/airflow/example_dags/example_task_group.py took 0.067 seconds
[2025-01-28T05:55:05.542+0000] {processor.py:186} INFO - Started process (PID=1897) to work on /home/ubuntu/.local/lib/python3.12/site-packages/airflow/example_dags/example_task_group.py
[2025-01-28T05:55:05.544+0000] {processor.py:914} INFO - Processing file /home/ubuntu/.local/lib/python3.12/site-packages/airflow/example_dags/example_task_group.py for tasks to queue
[2025-01-28T05:55:05.549+0000] {logging_mixin.py:190} INFO - [2025-01-28T05:55:05.546+0000] {dagbag.py:588} INFO - Filling up the DagBag from /home/ubuntu/.local/lib/python3.12/site-packages/airflow/example_dags/example_task_group.py
[2025-01-28T05:55:05.557+0000] {processor.py:925} INFO - DAG(s) 'example_task_group' retrieved from /home/ubuntu/.local/lib/python3.12/site-packages/airflow/example_dags/example_task_group.py
[2025-01-28T05:55:05.652+0000] {logging_mixin.py:190} INFO - [2025-01-28T05:55:05.652+0000] {dag.py:3239} INFO - Sync 1 DAGs
[2025-01-28T05:55:05.662+0000] {logging_mixin.py:190} INFO - [2025-01-28T05:55:05.661+0000] {dag.py:4180} INFO - Setting next_dagrun for example_task_group to None, run_after=None
[2025-01-28T05:55:05.688+0000] {processor.py:208} INFO - Processing /home/ubuntu/.local/lib/python3.12/site-packages/airflow/example_dags/example_task_group.py took 0.152 seconds
[2025-01-28T05:56:05.273+0000] {processor.py:186} INFO - Started process (PID=1957) to work on /home/ubuntu/.local/lib/python3.12/site-packages/airflow/example_dags/example_task_group.py
[2025-01-28T05:56:05.275+0000] {processor.py:914} INFO - Processing file /home/ubuntu/.local/lib/python3.12/site-packages/airflow/example_dags/example_task_group.py for tasks to queue
[2025-01-28T05:56:05.277+0000] {logging_mixin.py:190} INFO - [2025-01-28T05:56:05.277+0000] {dagbag.py:588} INFO - Filling up the DagBag from /home/ubuntu/.local/lib/python3.12/site-packages/airflow/example_dags/example_task_group.py
[2025-01-28T05:56:05.286+0000] {processor.py:925} INFO - DAG(s) 'example_task_group' retrieved from /home/ubuntu/.local/lib/python3.12/site-packages/airflow/example_dags/example_task_group.py
[2025-01-28T05:56:05.303+0000] {logging_mixin.py:190} INFO - [2025-01-28T05:56:05.303+0000] {dag.py:3239} INFO - Sync 1 DAGs
[2025-01-28T05:56:05.314+0000] {logging_mixin.py:190} INFO - [2025-01-28T05:56:05.314+0000] {dag.py:4180} INFO - Setting next_dagrun for example_task_group to None, run_after=None
[2025-01-28T05:56:05.341+0000] {processor.py:208} INFO - Processing /home/ubuntu/.local/lib/python3.12/site-packages/airflow/example_dags/example_task_group.py took 0.074 seconds
[2025-01-28T05:57:01.923+0000] {processor.py:186} INFO - Started process (PID=2033) to work on /home/ubuntu/.local/lib/python3.12/site-packages/airflow/example_dags/example_task_group.py
[2025-01-28T05:57:01.924+0000] {processor.py:914} INFO - Processing file /home/ubuntu/.local/lib/python3.12/site-packages/airflow/example_dags/example_task_group.py for tasks to queue
[2025-01-28T05:57:01.927+0000] {logging_mixin.py:190} INFO - [2025-01-28T05:57:01.927+0000] {dagbag.py:588} INFO - Filling up the DagBag from /home/ubuntu/.local/lib/python3.12/site-packages/airflow/example_dags/example_task_group.py
[2025-01-28T05:57:01.936+0000] {processor.py:925} INFO - DAG(s) 'example_task_group' retrieved from /home/ubuntu/.local/lib/python3.12/site-packages/airflow/example_dags/example_task_group.py
[2025-01-28T05:57:01.952+0000] {logging_mixin.py:190} INFO - [2025-01-28T05:57:01.951+0000] {dag.py:3239} INFO - Sync 1 DAGs
[2025-01-28T05:57:01.964+0000] {logging_mixin.py:190} INFO - [2025-01-28T05:57:01.963+0000] {dag.py:4180} INFO - Setting next_dagrun for example_task_group to None, run_after=None
[2025-01-28T05:57:01.986+0000] {processor.py:208} INFO - Processing /home/ubuntu/.local/lib/python3.12/site-packages/airflow/example_dags/example_task_group.py took 0.069 seconds
[2025-01-28T05:57:56.119+0000] {processor.py:186} INFO - Started process (PID=2104) to work on /home/ubuntu/.local/lib/python3.12/site-packages/airflow/example_dags/example_task_group.py
[2025-01-28T05:57:56.120+0000] {processor.py:914} INFO - Processing file /home/ubuntu/.local/lib/python3.12/site-packages/airflow/example_dags/example_task_group.py for tasks to queue
[2025-01-28T05:57:56.122+0000] {logging_mixin.py:190} INFO - [2025-01-28T05:57:56.122+0000] {dagbag.py:588} INFO - Filling up the DagBag from /home/ubuntu/.local/lib/python3.12/site-packages/airflow/example_dags/example_task_group.py
[2025-01-28T05:57:56.131+0000] {processor.py:925} INFO - DAG(s) 'example_task_group' retrieved from /home/ubuntu/.local/lib/python3.12/site-packages/airflow/example_dags/example_task_group.py
[2025-01-28T05:57:56.148+0000] {logging_mixin.py:190} INFO - [2025-01-28T05:57:56.147+0000] {dag.py:3239} INFO - Sync 1 DAGs
[2025-01-28T05:57:56.158+0000] {logging_mixin.py:190} INFO - [2025-01-28T05:57:56.158+0000] {dag.py:4180} INFO - Setting next_dagrun for example_task_group to None, run_after=None
[2025-01-28T05:57:56.181+0000] {processor.py:208} INFO - Processing /home/ubuntu/.local/lib/python3.12/site-packages/airflow/example_dags/example_task_group.py took 0.067 seconds
[2025-01-28T05:58:52.764+0000] {processor.py:186} INFO - Started process (PID=2161) to work on /home/ubuntu/.local/lib/python3.12/site-packages/airflow/example_dags/example_task_group.py
[2025-01-28T05:58:52.766+0000] {processor.py:914} INFO - Processing file /home/ubuntu/.local/lib/python3.12/site-packages/airflow/example_dags/example_task_group.py for tasks to queue
[2025-01-28T05:58:52.769+0000] {logging_mixin.py:190} INFO - [2025-01-28T05:58:52.769+0000] {dagbag.py:588} INFO - Filling up the DagBag from /home/ubuntu/.local/lib/python3.12/site-packages/airflow/example_dags/example_task_group.py
[2025-01-28T05:58:52.777+0000] {processor.py:925} INFO - DAG(s) 'example_task_group' retrieved from /home/ubuntu/.local/lib/python3.12/site-packages/airflow/example_dags/example_task_group.py
[2025-01-28T05:58:52.793+0000] {logging_mixin.py:190} INFO - [2025-01-28T05:58:52.793+0000] {dag.py:3239} INFO - Sync 1 DAGs
[2025-01-28T05:58:52.804+0000] {logging_mixin.py:190} INFO - [2025-01-28T05:58:52.804+0000] {dag.py:4180} INFO - Setting next_dagrun for example_task_group to None, run_after=None
[2025-01-28T05:58:52.827+0000] {processor.py:208} INFO - Processing /home/ubuntu/.local/lib/python3.12/site-packages/airflow/example_dags/example_task_group.py took 0.069 seconds
[2025-01-28T05:59:48.193+0000] {processor.py:186} INFO - Started process (PID=2218) to work on /home/ubuntu/.local/lib/python3.12/site-packages/airflow/example_dags/example_task_group.py
[2025-01-28T05:59:48.195+0000] {processor.py:914} INFO - Processing file /home/ubuntu/.local/lib/python3.12/site-packages/airflow/example_dags/example_task_group.py for tasks to queue
[2025-01-28T05:59:48.198+0000] {logging_mixin.py:190} INFO - [2025-01-28T05:59:48.198+0000] {dagbag.py:588} INFO - Filling up the DagBag from /home/ubuntu/.local/lib/python3.12/site-packages/airflow/example_dags/example_task_group.py
[2025-01-28T05:59:48.206+0000] {processor.py:925} INFO - DAG(s) 'example_task_group' retrieved from /home/ubuntu/.local/lib/python3.12/site-packages/airflow/example_dags/example_task_group.py
[2025-01-28T05:59:48.223+0000] {logging_mixin.py:190} INFO - [2025-01-28T05:59:48.223+0000] {dag.py:3239} INFO - Sync 1 DAGs
[2025-01-28T05:59:48.234+0000] {logging_mixin.py:190} INFO - [2025-01-28T05:59:48.234+0000] {dag.py:4180} INFO - Setting next_dagrun for example_task_group to None, run_after=None
[2025-01-28T05:59:48.257+0000] {processor.py:208} INFO - Processing /home/ubuntu/.local/lib/python3.12/site-packages/airflow/example_dags/example_task_group.py took 0.068 seconds
[2025-01-28T06:00:40.829+0000] {processor.py:186} INFO - Started process (PID=2275) to work on /home/ubuntu/.local/lib/python3.12/site-packages/airflow/example_dags/example_task_group.py
[2025-01-28T06:00:40.830+0000] {processor.py:914} INFO - Processing file /home/ubuntu/.local/lib/python3.12/site-packages/airflow/example_dags/example_task_group.py for tasks to queue
[2025-01-28T06:00:40.832+0000] {logging_mixin.py:190} INFO - [2025-01-28T06:00:40.832+0000] {dagbag.py:588} INFO - Filling up the DagBag from /home/ubuntu/.local/lib/python3.12/site-packages/airflow/example_dags/example_task_group.py
[2025-01-28T06:00:40.841+0000] {processor.py:925} INFO - DAG(s) 'example_task_group' retrieved from /home/ubuntu/.local/lib/python3.12/site-packages/airflow/example_dags/example_task_group.py
[2025-01-28T06:00:40.857+0000] {logging_mixin.py:190} INFO - [2025-01-28T06:00:40.856+0000] {dag.py:3239} INFO - Sync 1 DAGs
[2025-01-28T06:00:40.868+0000] {logging_mixin.py:190} INFO - [2025-01-28T06:00:40.868+0000] {dag.py:4180} INFO - Setting next_dagrun for example_task_group to None, run_after=None
[2025-01-28T06:00:40.891+0000] {processor.py:208} INFO - Processing /home/ubuntu/.local/lib/python3.12/site-packages/airflow/example_dags/example_task_group.py took 0.068 seconds
[2025-01-28T06:01:29.642+0000] {processor.py:186} INFO - Started process (PID=2327) to work on /home/ubuntu/.local/lib/python3.12/site-packages/airflow/example_dags/example_task_group.py
[2025-01-28T06:01:29.643+0000] {processor.py:914} INFO - Processing file /home/ubuntu/.local/lib/python3.12/site-packages/airflow/example_dags/example_task_group.py for tasks to queue
[2025-01-28T06:01:29.646+0000] {logging_mixin.py:190} INFO - [2025-01-28T06:01:29.646+0000] {dagbag.py:588} INFO - Filling up the DagBag from /home/ubuntu/.local/lib/python3.12/site-packages/airflow/example_dags/example_task_group.py
[2025-01-28T06:01:29.655+0000] {processor.py:925} INFO - DAG(s) 'example_task_group' retrieved from /home/ubuntu/.local/lib/python3.12/site-packages/airflow/example_dags/example_task_group.py
[2025-01-28T06:01:29.671+0000] {logging_mixin.py:190} INFO - [2025-01-28T06:01:29.671+0000] {dag.py:3239} INFO - Sync 1 DAGs
[2025-01-28T06:01:29.682+0000] {logging_mixin.py:190} INFO - [2025-01-28T06:01:29.682+0000] {dag.py:4180} INFO - Setting next_dagrun for example_task_group to None, run_after=None
[2025-01-28T06:01:29.705+0000] {processor.py:208} INFO - Processing /home/ubuntu/.local/lib/python3.12/site-packages/airflow/example_dags/example_task_group.py took 0.069 seconds
[2025-01-28T06:02:17.991+0000] {processor.py:186} INFO - Started process (PID=2383) to work on /home/ubuntu/.local/lib/python3.12/site-packages/airflow/example_dags/example_task_group.py
[2025-01-28T06:02:17.993+0000] {processor.py:914} INFO - Processing file /home/ubuntu/.local/lib/python3.12/site-packages/airflow/example_dags/example_task_group.py for tasks to queue
[2025-01-28T06:02:17.995+0000] {logging_mixin.py:190} INFO - [2025-01-28T06:02:17.995+0000] {dagbag.py:588} INFO - Filling up the DagBag from /home/ubuntu/.local/lib/python3.12/site-packages/airflow/example_dags/example_task_group.py
[2025-01-28T06:02:18.004+0000] {processor.py:925} INFO - DAG(s) 'example_task_group' retrieved from /home/ubuntu/.local/lib/python3.12/site-packages/airflow/example_dags/example_task_group.py
[2025-01-28T06:02:18.020+0000] {logging_mixin.py:190} INFO - [2025-01-28T06:02:18.020+0000] {dag.py:3239} INFO - Sync 1 DAGs
[2025-01-28T06:02:18.031+0000] {logging_mixin.py:190} INFO - [2025-01-28T06:02:18.031+0000] {dag.py:4180} INFO - Setting next_dagrun for example_task_group to None, run_after=None
[2025-01-28T06:02:18.054+0000] {processor.py:208} INFO - Processing /home/ubuntu/.local/lib/python3.12/site-packages/airflow/example_dags/example_task_group.py took 0.069 seconds
[2025-01-28T06:03:09.820+0000] {processor.py:186} INFO - Started process (PID=2448) to work on /home/ubuntu/.local/lib/python3.12/site-packages/airflow/example_dags/example_task_group.py
[2025-01-28T06:03:09.822+0000] {processor.py:914} INFO - Processing file /home/ubuntu/.local/lib/python3.12/site-packages/airflow/example_dags/example_task_group.py for tasks to queue
[2025-01-28T06:03:09.825+0000] {logging_mixin.py:190} INFO - [2025-01-28T06:03:09.825+0000] {dagbag.py:588} INFO - Filling up the DagBag from /home/ubuntu/.local/lib/python3.12/site-packages/airflow/example_dags/example_task_group.py
[2025-01-28T06:03:09.834+0000] {processor.py:925} INFO - DAG(s) 'example_task_group' retrieved from /home/ubuntu/.local/lib/python3.12/site-packages/airflow/example_dags/example_task_group.py
[2025-01-28T06:03:09.850+0000] {logging_mixin.py:190} INFO - [2025-01-28T06:03:09.850+0000] {dag.py:3239} INFO - Sync 1 DAGs
[2025-01-28T06:03:09.861+0000] {logging_mixin.py:190} INFO - [2025-01-28T06:03:09.861+0000] {dag.py:4180} INFO - Setting next_dagrun for example_task_group to None, run_after=None
[2025-01-28T06:03:09.884+0000] {processor.py:208} INFO - Processing /home/ubuntu/.local/lib/python3.12/site-packages/airflow/example_dags/example_task_group.py took 0.069 seconds
[2025-01-28T06:04:24.957+0000] {processor.py:186} INFO - Started process (PID=2529) to work on /home/ubuntu/.local/lib/python3.12/site-packages/airflow/example_dags/example_task_group.py
[2025-01-28T06:04:24.958+0000] {processor.py:914} INFO - Processing file /home/ubuntu/.local/lib/python3.12/site-packages/airflow/example_dags/example_task_group.py for tasks to queue
[2025-01-28T06:04:24.961+0000] {logging_mixin.py:190} INFO - [2025-01-28T06:04:24.961+0000] {dagbag.py:588} INFO - Filling up the DagBag from /home/ubuntu/.local/lib/python3.12/site-packages/airflow/example_dags/example_task_group.py
[2025-01-28T06:04:24.969+0000] {processor.py:925} INFO - DAG(s) 'example_task_group' retrieved from /home/ubuntu/.local/lib/python3.12/site-packages/airflow/example_dags/example_task_group.py
[2025-01-28T06:04:24.987+0000] {logging_mixin.py:190} INFO - [2025-01-28T06:04:24.987+0000] {dag.py:3239} INFO - Sync 1 DAGs
[2025-01-28T06:04:24.998+0000] {logging_mixin.py:190} INFO - [2025-01-28T06:04:24.997+0000] {dag.py:4180} INFO - Setting next_dagrun for example_task_group to None, run_after=None
[2025-01-28T06:04:25.023+0000] {processor.py:208} INFO - Processing /home/ubuntu/.local/lib/python3.12/site-packages/airflow/example_dags/example_task_group.py took 0.071 seconds
[2025-01-28T06:05:21.995+0000] {processor.py:186} INFO - Started process (PID=2591) to work on /home/ubuntu/.local/lib/python3.12/site-packages/airflow/example_dags/example_task_group.py
[2025-01-28T06:05:21.998+0000] {processor.py:914} INFO - Processing file /home/ubuntu/.local/lib/python3.12/site-packages/airflow/example_dags/example_task_group.py for tasks to queue
[2025-01-28T06:05:22.002+0000] {logging_mixin.py:190} INFO - [2025-01-28T06:05:22.002+0000] {dagbag.py:588} INFO - Filling up the DagBag from /home/ubuntu/.local/lib/python3.12/site-packages/airflow/example_dags/example_task_group.py
[2025-01-28T06:05:22.014+0000] {processor.py:925} INFO - DAG(s) 'example_task_group' retrieved from /home/ubuntu/.local/lib/python3.12/site-packages/airflow/example_dags/example_task_group.py
[2025-01-28T06:05:22.031+0000] {logging_mixin.py:190} INFO - [2025-01-28T06:05:22.030+0000] {dag.py:3239} INFO - Sync 1 DAGs
[2025-01-28T06:05:22.042+0000] {logging_mixin.py:190} INFO - [2025-01-28T06:05:22.042+0000] {dag.py:4180} INFO - Setting next_dagrun for example_task_group to None, run_after=None
[2025-01-28T06:05:22.065+0000] {processor.py:208} INFO - Processing /home/ubuntu/.local/lib/python3.12/site-packages/airflow/example_dags/example_task_group.py took 0.080 seconds
[2025-01-28T06:06:35.214+0000] {processor.py:186} INFO - Started process (PID=2678) to work on /home/ubuntu/.local/lib/python3.12/site-packages/airflow/example_dags/example_task_group.py
[2025-01-28T06:06:35.216+0000] {processor.py:914} INFO - Processing file /home/ubuntu/.local/lib/python3.12/site-packages/airflow/example_dags/example_task_group.py for tasks to queue
[2025-01-28T06:06:35.218+0000] {logging_mixin.py:190} INFO - [2025-01-28T06:06:35.218+0000] {dagbag.py:588} INFO - Filling up the DagBag from /home/ubuntu/.local/lib/python3.12/site-packages/airflow/example_dags/example_task_group.py
[2025-01-28T06:06:35.227+0000] {processor.py:925} INFO - DAG(s) 'example_task_group' retrieved from /home/ubuntu/.local/lib/python3.12/site-packages/airflow/example_dags/example_task_group.py
[2025-01-28T06:06:35.243+0000] {logging_mixin.py:190} INFO - [2025-01-28T06:06:35.243+0000] {dag.py:3239} INFO - Sync 1 DAGs
[2025-01-28T06:06:35.255+0000] {logging_mixin.py:190} INFO - [2025-01-28T06:06:35.255+0000] {dag.py:4180} INFO - Setting next_dagrun for example_task_group to None, run_after=None
[2025-01-28T06:06:35.279+0000] {processor.py:208} INFO - Processing /home/ubuntu/.local/lib/python3.12/site-packages/airflow/example_dags/example_task_group.py took 0.070 seconds
[2025-01-28T06:07:34.419+0000] {processor.py:186} INFO - Started process (PID=2741) to work on /home/ubuntu/.local/lib/python3.12/site-packages/airflow/example_dags/example_task_group.py
[2025-01-28T06:07:34.421+0000] {processor.py:914} INFO - Processing file /home/ubuntu/.local/lib/python3.12/site-packages/airflow/example_dags/example_task_group.py for tasks to queue
[2025-01-28T06:07:34.423+0000] {logging_mixin.py:190} INFO - [2025-01-28T06:07:34.423+0000] {dagbag.py:588} INFO - Filling up the DagBag from /home/ubuntu/.local/lib/python3.12/site-packages/airflow/example_dags/example_task_group.py
[2025-01-28T06:07:34.431+0000] {processor.py:925} INFO - DAG(s) 'example_task_group' retrieved from /home/ubuntu/.local/lib/python3.12/site-packages/airflow/example_dags/example_task_group.py
[2025-01-28T06:07:34.447+0000] {logging_mixin.py:190} INFO - [2025-01-28T06:07:34.447+0000] {dag.py:3239} INFO - Sync 1 DAGs
[2025-01-28T06:07:34.458+0000] {logging_mixin.py:190} INFO - [2025-01-28T06:07:34.458+0000] {dag.py:4180} INFO - Setting next_dagrun for example_task_group to None, run_after=None
[2025-01-28T06:07:34.481+0000] {processor.py:208} INFO - Processing /home/ubuntu/.local/lib/python3.12/site-packages/airflow/example_dags/example_task_group.py took 0.068 seconds
[2025-01-28T06:08:32.131+0000] {processor.py:186} INFO - Started process (PID=2800) to work on /home/ubuntu/.local/lib/python3.12/site-packages/airflow/example_dags/example_task_group.py
[2025-01-28T06:08:32.133+0000] {processor.py:914} INFO - Processing file /home/ubuntu/.local/lib/python3.12/site-packages/airflow/example_dags/example_task_group.py for tasks to queue
[2025-01-28T06:08:32.136+0000] {logging_mixin.py:190} INFO - [2025-01-28T06:08:32.135+0000] {dagbag.py:588} INFO - Filling up the DagBag from /home/ubuntu/.local/lib/python3.12/site-packages/airflow/example_dags/example_task_group.py
[2025-01-28T06:08:32.150+0000] {processor.py:925} INFO - DAG(s) 'example_task_group' retrieved from /home/ubuntu/.local/lib/python3.12/site-packages/airflow/example_dags/example_task_group.py
[2025-01-28T06:08:32.166+0000] {logging_mixin.py:190} INFO - [2025-01-28T06:08:32.166+0000] {dag.py:3239} INFO - Sync 1 DAGs
[2025-01-28T06:08:32.177+0000] {logging_mixin.py:190} INFO - [2025-01-28T06:08:32.177+0000] {dag.py:4180} INFO - Setting next_dagrun for example_task_group to None, run_after=None
[2025-01-28T06:08:32.201+0000] {processor.py:208} INFO - Processing /home/ubuntu/.local/lib/python3.12/site-packages/airflow/example_dags/example_task_group.py took 0.075 seconds
[2025-01-28T06:09:27.561+0000] {processor.py:186} INFO - Started process (PID=2859) to work on /home/ubuntu/.local/lib/python3.12/site-packages/airflow/example_dags/example_task_group.py
[2025-01-28T06:09:27.563+0000] {processor.py:914} INFO - Processing file /home/ubuntu/.local/lib/python3.12/site-packages/airflow/example_dags/example_task_group.py for tasks to queue
[2025-01-28T06:09:27.565+0000] {logging_mixin.py:190} INFO - [2025-01-28T06:09:27.564+0000] {dagbag.py:588} INFO - Filling up the DagBag from /home/ubuntu/.local/lib/python3.12/site-packages/airflow/example_dags/example_task_group.py
[2025-01-28T06:09:27.573+0000] {processor.py:925} INFO - DAG(s) 'example_task_group' retrieved from /home/ubuntu/.local/lib/python3.12/site-packages/airflow/example_dags/example_task_group.py
[2025-01-28T06:09:27.590+0000] {logging_mixin.py:190} INFO - [2025-01-28T06:09:27.590+0000] {dag.py:3239} INFO - Sync 1 DAGs
[2025-01-28T06:09:27.600+0000] {logging_mixin.py:190} INFO - [2025-01-28T06:09:27.600+0000] {dag.py:4180} INFO - Setting next_dagrun for example_task_group to None, run_after=None
[2025-01-28T06:09:27.624+0000] {processor.py:208} INFO - Processing /home/ubuntu/.local/lib/python3.12/site-packages/airflow/example_dags/example_task_group.py took 0.068 seconds
[2025-01-28T06:10:19.055+0000] {processor.py:186} INFO - Started process (PID=2926) to work on /home/ubuntu/.local/lib/python3.12/site-packages/airflow/example_dags/example_task_group.py
[2025-01-28T06:10:19.056+0000] {processor.py:914} INFO - Processing file /home/ubuntu/.local/lib/python3.12/site-packages/airflow/example_dags/example_task_group.py for tasks to queue
[2025-01-28T06:10:19.059+0000] {logging_mixin.py:190} INFO - [2025-01-28T06:10:19.058+0000] {dagbag.py:588} INFO - Filling up the DagBag from /home/ubuntu/.local/lib/python3.12/site-packages/airflow/example_dags/example_task_group.py
[2025-01-28T06:10:19.068+0000] {processor.py:925} INFO - DAG(s) 'example_task_group' retrieved from /home/ubuntu/.local/lib/python3.12/site-packages/airflow/example_dags/example_task_group.py
[2025-01-28T06:10:19.084+0000] {logging_mixin.py:190} INFO - [2025-01-28T06:10:19.083+0000] {dag.py:3239} INFO - Sync 1 DAGs
[2025-01-28T06:10:19.094+0000] {logging_mixin.py:190} INFO - [2025-01-28T06:10:19.094+0000] {dag.py:4180} INFO - Setting next_dagrun for example_task_group to None, run_after=None
[2025-01-28T06:10:19.116+0000] {processor.py:208} INFO - Processing /home/ubuntu/.local/lib/python3.12/site-packages/airflow/example_dags/example_task_group.py took 0.067 seconds
[2025-01-28T06:11:13.405+0000] {processor.py:186} INFO - Started process (PID=2992) to work on /home/ubuntu/.local/lib/python3.12/site-packages/airflow/example_dags/example_task_group.py
[2025-01-28T06:11:13.407+0000] {processor.py:914} INFO - Processing file /home/ubuntu/.local/lib/python3.12/site-packages/airflow/example_dags/example_task_group.py for tasks to queue
[2025-01-28T06:11:13.408+0000] {logging_mixin.py:190} INFO - [2025-01-28T06:11:13.408+0000] {dagbag.py:588} INFO - Filling up the DagBag from /home/ubuntu/.local/lib/python3.12/site-packages/airflow/example_dags/example_task_group.py
[2025-01-28T06:11:13.418+0000] {processor.py:925} INFO - DAG(s) 'example_task_group' retrieved from /home/ubuntu/.local/lib/python3.12/site-packages/airflow/example_dags/example_task_group.py
[2025-01-28T06:11:13.434+0000] {logging_mixin.py:190} INFO - [2025-01-28T06:11:13.433+0000] {dag.py:3239} INFO - Sync 1 DAGs
[2025-01-28T06:11:13.444+0000] {logging_mixin.py:190} INFO - [2025-01-28T06:11:13.444+0000] {dag.py:4180} INFO - Setting next_dagrun for example_task_group to None, run_after=None
[2025-01-28T06:11:13.468+0000] {processor.py:208} INFO - Processing /home/ubuntu/.local/lib/python3.12/site-packages/airflow/example_dags/example_task_group.py took 0.069 seconds
[2025-01-28T06:12:05.893+0000] {processor.py:186} INFO - Started process (PID=3047) to work on /home/ubuntu/.local/lib/python3.12/site-packages/airflow/example_dags/example_task_group.py
[2025-01-28T06:12:05.894+0000] {processor.py:914} INFO - Processing file /home/ubuntu/.local/lib/python3.12/site-packages/airflow/example_dags/example_task_group.py for tasks to queue
[2025-01-28T06:12:05.896+0000] {logging_mixin.py:190} INFO - [2025-01-28T06:12:05.896+0000] {dagbag.py:588} INFO - Filling up the DagBag from /home/ubuntu/.local/lib/python3.12/site-packages/airflow/example_dags/example_task_group.py
[2025-01-28T06:12:05.905+0000] {processor.py:925} INFO - DAG(s) 'example_task_group' retrieved from /home/ubuntu/.local/lib/python3.12/site-packages/airflow/example_dags/example_task_group.py
[2025-01-28T06:12:05.922+0000] {logging_mixin.py:190} INFO - [2025-01-28T06:12:05.922+0000] {dag.py:3239} INFO - Sync 1 DAGs
[2025-01-28T06:12:05.933+0000] {logging_mixin.py:190} INFO - [2025-01-28T06:12:05.933+0000] {dag.py:4180} INFO - Setting next_dagrun for example_task_group to None, run_after=None
[2025-01-28T06:12:05.954+0000] {processor.py:208} INFO - Processing /home/ubuntu/.local/lib/python3.12/site-packages/airflow/example_dags/example_task_group.py took 0.066 seconds
[2025-01-28T06:13:02.472+0000] {processor.py:186} INFO - Started process (PID=3103) to work on /home/ubuntu/.local/lib/python3.12/site-packages/airflow/example_dags/example_task_group.py
[2025-01-28T06:13:02.473+0000] {processor.py:914} INFO - Processing file /home/ubuntu/.local/lib/python3.12/site-packages/airflow/example_dags/example_task_group.py for tasks to queue
[2025-01-28T06:13:02.475+0000] {logging_mixin.py:190} INFO - [2025-01-28T06:13:02.475+0000] {dagbag.py:588} INFO - Filling up the DagBag from /home/ubuntu/.local/lib/python3.12/site-packages/airflow/example_dags/example_task_group.py
[2025-01-28T06:13:02.485+0000] {processor.py:925} INFO - DAG(s) 'example_task_group' retrieved from /home/ubuntu/.local/lib/python3.12/site-packages/airflow/example_dags/example_task_group.py
[2025-01-28T06:13:02.502+0000] {logging_mixin.py:190} INFO - [2025-01-28T06:13:02.502+0000] {dag.py:3239} INFO - Sync 1 DAGs
[2025-01-28T06:13:02.513+0000] {logging_mixin.py:190} INFO - [2025-01-28T06:13:02.513+0000] {dag.py:4180} INFO - Setting next_dagrun for example_task_group to None, run_after=None
[2025-01-28T06:13:02.535+0000] {processor.py:208} INFO - Processing /home/ubuntu/.local/lib/python3.12/site-packages/airflow/example_dags/example_task_group.py took 0.069 seconds
[2025-01-28T06:13:54.080+0000] {processor.py:186} INFO - Started process (PID=3158) to work on /home/ubuntu/.local/lib/python3.12/site-packages/airflow/example_dags/example_task_group.py
[2025-01-28T06:13:54.082+0000] {processor.py:914} INFO - Processing file /home/ubuntu/.local/lib/python3.12/site-packages/airflow/example_dags/example_task_group.py for tasks to queue
[2025-01-28T06:13:54.084+0000] {logging_mixin.py:190} INFO - [2025-01-28T06:13:54.083+0000] {dagbag.py:588} INFO - Filling up the DagBag from /home/ubuntu/.local/lib/python3.12/site-packages/airflow/example_dags/example_task_group.py
[2025-01-28T06:13:54.092+0000] {processor.py:925} INFO - DAG(s) 'example_task_group' retrieved from /home/ubuntu/.local/lib/python3.12/site-packages/airflow/example_dags/example_task_group.py
[2025-01-28T06:13:54.112+0000] {logging_mixin.py:190} INFO - [2025-01-28T06:13:54.112+0000] {dag.py:3239} INFO - Sync 1 DAGs
[2025-01-28T06:13:54.127+0000] {logging_mixin.py:190} INFO - [2025-01-28T06:13:54.127+0000] {dag.py:4180} INFO - Setting next_dagrun for example_task_group to None, run_after=None
[2025-01-28T06:13:54.149+0000] {processor.py:208} INFO - Processing /home/ubuntu/.local/lib/python3.12/site-packages/airflow/example_dags/example_task_group.py took 0.075 seconds
[2025-01-28T06:14:47.681+0000] {processor.py:186} INFO - Started process (PID=3213) to work on /home/ubuntu/.local/lib/python3.12/site-packages/airflow/example_dags/example_task_group.py
[2025-01-28T06:14:47.682+0000] {processor.py:914} INFO - Processing file /home/ubuntu/.local/lib/python3.12/site-packages/airflow/example_dags/example_task_group.py for tasks to queue
[2025-01-28T06:14:47.684+0000] {logging_mixin.py:190} INFO - [2025-01-28T06:14:47.684+0000] {dagbag.py:588} INFO - Filling up the DagBag from /home/ubuntu/.local/lib/python3.12/site-packages/airflow/example_dags/example_task_group.py
[2025-01-28T06:14:47.693+0000] {processor.py:925} INFO - DAG(s) 'example_task_group' retrieved from /home/ubuntu/.local/lib/python3.12/site-packages/airflow/example_dags/example_task_group.py
[2025-01-28T06:14:47.710+0000] {logging_mixin.py:190} INFO - [2025-01-28T06:14:47.710+0000] {dag.py:3239} INFO - Sync 1 DAGs
[2025-01-28T06:14:47.721+0000] {logging_mixin.py:190} INFO - [2025-01-28T06:14:47.721+0000] {dag.py:4180} INFO - Setting next_dagrun for example_task_group to None, run_after=None
[2025-01-28T06:14:47.743+0000] {processor.py:208} INFO - Processing /home/ubuntu/.local/lib/python3.12/site-packages/airflow/example_dags/example_task_group.py took 0.068 seconds
[2025-01-28T06:15:40.074+0000] {processor.py:186} INFO - Started process (PID=3272) to work on /home/ubuntu/.local/lib/python3.12/site-packages/airflow/example_dags/example_task_group.py
[2025-01-28T06:15:40.077+0000] {processor.py:914} INFO - Processing file /home/ubuntu/.local/lib/python3.12/site-packages/airflow/example_dags/example_task_group.py for tasks to queue
[2025-01-28T06:15:40.079+0000] {logging_mixin.py:190} INFO - [2025-01-28T06:15:40.079+0000] {dagbag.py:588} INFO - Filling up the DagBag from /home/ubuntu/.local/lib/python3.12/site-packages/airflow/example_dags/example_task_group.py
[2025-01-28T06:15:40.088+0000] {processor.py:925} INFO - DAG(s) 'example_task_group' retrieved from /home/ubuntu/.local/lib/python3.12/site-packages/airflow/example_dags/example_task_group.py
[2025-01-28T06:15:40.105+0000] {logging_mixin.py:190} INFO - [2025-01-28T06:15:40.104+0000] {dag.py:3239} INFO - Sync 1 DAGs
[2025-01-28T06:15:40.116+0000] {logging_mixin.py:190} INFO - [2025-01-28T06:15:40.116+0000] {dag.py:4180} INFO - Setting next_dagrun for example_task_group to None, run_after=None
[2025-01-28T06:15:40.141+0000] {processor.py:208} INFO - Processing /home/ubuntu/.local/lib/python3.12/site-packages/airflow/example_dags/example_task_group.py took 0.072 seconds
[2025-01-28T06:16:32.637+0000] {processor.py:186} INFO - Started process (PID=3326) to work on /home/ubuntu/.local/lib/python3.12/site-packages/airflow/example_dags/example_task_group.py
[2025-01-28T06:16:32.639+0000] {processor.py:914} INFO - Processing file /home/ubuntu/.local/lib/python3.12/site-packages/airflow/example_dags/example_task_group.py for tasks to queue
[2025-01-28T06:16:32.641+0000] {logging_mixin.py:190} INFO - [2025-01-28T06:16:32.640+0000] {dagbag.py:588} INFO - Filling up the DagBag from /home/ubuntu/.local/lib/python3.12/site-packages/airflow/example_dags/example_task_group.py
[2025-01-28T06:16:32.651+0000] {processor.py:925} INFO - DAG(s) 'example_task_group' retrieved from /home/ubuntu/.local/lib/python3.12/site-packages/airflow/example_dags/example_task_group.py
[2025-01-28T06:16:32.672+0000] {logging_mixin.py:190} INFO - [2025-01-28T06:16:32.672+0000] {dag.py:3239} INFO - Sync 1 DAGs
[2025-01-28T06:16:32.687+0000] {logging_mixin.py:190} INFO - [2025-01-28T06:16:32.687+0000] {dag.py:4180} INFO - Setting next_dagrun for example_task_group to None, run_after=None
[2025-01-28T06:16:32.711+0000] {processor.py:208} INFO - Processing /home/ubuntu/.local/lib/python3.12/site-packages/airflow/example_dags/example_task_group.py took 0.079 seconds
[2025-01-28T06:17:26.943+0000] {processor.py:186} INFO - Started process (PID=3386) to work on /home/ubuntu/.local/lib/python3.12/site-packages/airflow/example_dags/example_task_group.py
[2025-01-28T06:17:26.944+0000] {processor.py:914} INFO - Processing file /home/ubuntu/.local/lib/python3.12/site-packages/airflow/example_dags/example_task_group.py for tasks to queue
[2025-01-28T06:17:26.947+0000] {logging_mixin.py:190} INFO - [2025-01-28T06:17:26.946+0000] {dagbag.py:588} INFO - Filling up the DagBag from /home/ubuntu/.local/lib/python3.12/site-packages/airflow/example_dags/example_task_group.py
[2025-01-28T06:17:26.955+0000] {processor.py:925} INFO - DAG(s) 'example_task_group' retrieved from /home/ubuntu/.local/lib/python3.12/site-packages/airflow/example_dags/example_task_group.py
[2025-01-28T06:17:26.971+0000] {logging_mixin.py:190} INFO - [2025-01-28T06:17:26.971+0000] {dag.py:3239} INFO - Sync 1 DAGs
[2025-01-28T06:17:26.982+0000] {logging_mixin.py:190} INFO - [2025-01-28T06:17:26.982+0000] {dag.py:4180} INFO - Setting next_dagrun for example_task_group to None, run_after=None
[2025-01-28T06:17:27.005+0000] {processor.py:208} INFO - Processing /home/ubuntu/.local/lib/python3.12/site-packages/airflow/example_dags/example_task_group.py took 0.068 seconds
[2025-01-28T06:18:12.340+0000] {processor.py:186} INFO - Started process (PID=3462) to work on /home/ubuntu/.local/lib/python3.12/site-packages/airflow/example_dags/example_task_group.py
[2025-01-28T06:18:12.342+0000] {processor.py:914} INFO - Processing file /home/ubuntu/.local/lib/python3.12/site-packages/airflow/example_dags/example_task_group.py for tasks to queue
[2025-01-28T06:18:12.344+0000] {logging_mixin.py:190} INFO - [2025-01-28T06:18:12.344+0000] {dagbag.py:588} INFO - Filling up the DagBag from /home/ubuntu/.local/lib/python3.12/site-packages/airflow/example_dags/example_task_group.py
[2025-01-28T06:18:12.353+0000] {processor.py:925} INFO - DAG(s) 'example_task_group' retrieved from /home/ubuntu/.local/lib/python3.12/site-packages/airflow/example_dags/example_task_group.py
[2025-01-28T06:18:12.369+0000] {logging_mixin.py:190} INFO - [2025-01-28T06:18:12.369+0000] {dag.py:3239} INFO - Sync 1 DAGs
[2025-01-28T06:18:12.380+0000] {logging_mixin.py:190} INFO - [2025-01-28T06:18:12.380+0000] {dag.py:4180} INFO - Setting next_dagrun for example_task_group to None, run_after=None
[2025-01-28T06:18:12.401+0000] {processor.py:208} INFO - Processing /home/ubuntu/.local/lib/python3.12/site-packages/airflow/example_dags/example_task_group.py took 0.066 seconds
[2025-01-28T06:19:07.533+0000] {processor.py:186} INFO - Started process (PID=3532) to work on /home/ubuntu/.local/lib/python3.12/site-packages/airflow/example_dags/example_task_group.py
[2025-01-28T06:19:07.534+0000] {processor.py:914} INFO - Processing file /home/ubuntu/.local/lib/python3.12/site-packages/airflow/example_dags/example_task_group.py for tasks to queue
[2025-01-28T06:19:07.537+0000] {logging_mixin.py:190} INFO - [2025-01-28T06:19:07.537+0000] {dagbag.py:588} INFO - Filling up the DagBag from /home/ubuntu/.local/lib/python3.12/site-packages/airflow/example_dags/example_task_group.py
[2025-01-28T06:19:07.546+0000] {processor.py:925} INFO - DAG(s) 'example_task_group' retrieved from /home/ubuntu/.local/lib/python3.12/site-packages/airflow/example_dags/example_task_group.py
[2025-01-28T06:19:07.561+0000] {logging_mixin.py:190} INFO - [2025-01-28T06:19:07.561+0000] {dag.py:3239} INFO - Sync 1 DAGs
[2025-01-28T06:19:07.572+0000] {logging_mixin.py:190} INFO - [2025-01-28T06:19:07.572+0000] {dag.py:4180} INFO - Setting next_dagrun for example_task_group to None, run_after=None
[2025-01-28T06:19:07.595+0000] {processor.py:208} INFO - Processing /home/ubuntu/.local/lib/python3.12/site-packages/airflow/example_dags/example_task_group.py took 0.067 seconds
[2025-01-28T06:19:59.777+0000] {processor.py:186} INFO - Started process (PID=3589) to work on /home/ubuntu/.local/lib/python3.12/site-packages/airflow/example_dags/example_task_group.py
[2025-01-28T06:19:59.779+0000] {processor.py:914} INFO - Processing file /home/ubuntu/.local/lib/python3.12/site-packages/airflow/example_dags/example_task_group.py for tasks to queue
[2025-01-28T06:19:59.781+0000] {logging_mixin.py:190} INFO - [2025-01-28T06:19:59.780+0000] {dagbag.py:588} INFO - Filling up the DagBag from /home/ubuntu/.local/lib/python3.12/site-packages/airflow/example_dags/example_task_group.py
[2025-01-28T06:19:59.793+0000] {processor.py:925} INFO - DAG(s) 'example_task_group' retrieved from /home/ubuntu/.local/lib/python3.12/site-packages/airflow/example_dags/example_task_group.py
[2025-01-28T06:19:59.812+0000] {logging_mixin.py:190} INFO - [2025-01-28T06:19:59.812+0000] {dag.py:3239} INFO - Sync 1 DAGs
[2025-01-28T06:19:59.828+0000] {logging_mixin.py:190} INFO - [2025-01-28T06:19:59.828+0000] {dag.py:4180} INFO - Setting next_dagrun for example_task_group to None, run_after=None
[2025-01-28T06:19:59.854+0000] {processor.py:208} INFO - Processing /home/ubuntu/.local/lib/python3.12/site-packages/airflow/example_dags/example_task_group.py took 0.082 seconds
[2025-01-28T06:20:57.083+0000] {processor.py:186} INFO - Started process (PID=3685) to work on /home/ubuntu/.local/lib/python3.12/site-packages/airflow/example_dags/example_task_group.py
[2025-01-28T06:20:57.084+0000] {processor.py:914} INFO - Processing file /home/ubuntu/.local/lib/python3.12/site-packages/airflow/example_dags/example_task_group.py for tasks to queue
[2025-01-28T06:20:57.087+0000] {logging_mixin.py:190} INFO - [2025-01-28T06:20:57.086+0000] {dagbag.py:588} INFO - Filling up the DagBag from /home/ubuntu/.local/lib/python3.12/site-packages/airflow/example_dags/example_task_group.py
[2025-01-28T06:20:57.099+0000] {processor.py:925} INFO - DAG(s) 'example_task_group' retrieved from /home/ubuntu/.local/lib/python3.12/site-packages/airflow/example_dags/example_task_group.py
[2025-01-28T06:20:57.124+0000] {logging_mixin.py:190} INFO - [2025-01-28T06:20:57.124+0000] {dag.py:3239} INFO - Sync 1 DAGs
[2025-01-28T06:20:57.135+0000] {logging_mixin.py:190} INFO - [2025-01-28T06:20:57.135+0000] {dag.py:4180} INFO - Setting next_dagrun for example_task_group to None, run_after=None
[2025-01-28T06:20:57.161+0000] {processor.py:208} INFO - Processing /home/ubuntu/.local/lib/python3.12/site-packages/airflow/example_dags/example_task_group.py took 0.083 seconds
[2025-01-28T06:21:49.398+0000] {processor.py:186} INFO - Started process (PID=3846) to work on /home/ubuntu/.local/lib/python3.12/site-packages/airflow/example_dags/example_task_group.py
[2025-01-28T06:21:49.400+0000] {processor.py:914} INFO - Processing file /home/ubuntu/.local/lib/python3.12/site-packages/airflow/example_dags/example_task_group.py for tasks to queue
[2025-01-28T06:21:49.402+0000] {logging_mixin.py:190} INFO - [2025-01-28T06:21:49.401+0000] {dagbag.py:588} INFO - Filling up the DagBag from /home/ubuntu/.local/lib/python3.12/site-packages/airflow/example_dags/example_task_group.py
[2025-01-28T06:21:49.411+0000] {processor.py:925} INFO - DAG(s) 'example_task_group' retrieved from /home/ubuntu/.local/lib/python3.12/site-packages/airflow/example_dags/example_task_group.py
[2025-01-28T06:21:49.428+0000] {logging_mixin.py:190} INFO - [2025-01-28T06:21:49.428+0000] {dag.py:3239} INFO - Sync 1 DAGs
[2025-01-28T06:21:49.439+0000] {logging_mixin.py:190} INFO - [2025-01-28T06:21:49.439+0000] {dag.py:4180} INFO - Setting next_dagrun for example_task_group to None, run_after=None
[2025-01-28T06:21:49.464+0000] {processor.py:208} INFO - Processing /home/ubuntu/.local/lib/python3.12/site-packages/airflow/example_dags/example_task_group.py took 0.072 seconds
[2025-01-28T06:22:49.858+0000] {processor.py:186} INFO - Started process (PID=3912) to work on /home/ubuntu/.local/lib/python3.12/site-packages/airflow/example_dags/example_task_group.py
[2025-01-28T06:22:49.861+0000] {processor.py:914} INFO - Processing file /home/ubuntu/.local/lib/python3.12/site-packages/airflow/example_dags/example_task_group.py for tasks to queue
[2025-01-28T06:22:49.864+0000] {logging_mixin.py:190} INFO - [2025-01-28T06:22:49.864+0000] {dagbag.py:588} INFO - Filling up the DagBag from /home/ubuntu/.local/lib/python3.12/site-packages/airflow/example_dags/example_task_group.py
[2025-01-28T06:22:49.873+0000] {processor.py:925} INFO - DAG(s) 'example_task_group' retrieved from /home/ubuntu/.local/lib/python3.12/site-packages/airflow/example_dags/example_task_group.py
[2025-01-28T06:22:49.889+0000] {logging_mixin.py:190} INFO - [2025-01-28T06:22:49.889+0000] {dag.py:3239} INFO - Sync 1 DAGs
[2025-01-28T06:22:49.900+0000] {logging_mixin.py:190} INFO - [2025-01-28T06:22:49.900+0000] {dag.py:4180} INFO - Setting next_dagrun for example_task_group to None, run_after=None
[2025-01-28T06:22:49.924+0000] {processor.py:208} INFO - Processing /home/ubuntu/.local/lib/python3.12/site-packages/airflow/example_dags/example_task_group.py took 0.071 seconds
[2025-01-28T06:23:43.265+0000] {processor.py:186} INFO - Started process (PID=4435) to work on /home/ubuntu/.local/lib/python3.12/site-packages/airflow/example_dags/example_task_group.py
[2025-01-28T06:23:43.267+0000] {processor.py:914} INFO - Processing file /home/ubuntu/.local/lib/python3.12/site-packages/airflow/example_dags/example_task_group.py for tasks to queue
[2025-01-28T06:23:43.270+0000] {logging_mixin.py:190} INFO - [2025-01-28T06:23:43.269+0000] {dagbag.py:588} INFO - Filling up the DagBag from /home/ubuntu/.local/lib/python3.12/site-packages/airflow/example_dags/example_task_group.py
[2025-01-28T06:23:43.280+0000] {processor.py:925} INFO - DAG(s) 'example_task_group' retrieved from /home/ubuntu/.local/lib/python3.12/site-packages/airflow/example_dags/example_task_group.py
[2025-01-28T06:23:43.305+0000] {logging_mixin.py:190} INFO - [2025-01-28T06:23:43.305+0000] {dag.py:3239} INFO - Sync 1 DAGs
[2025-01-28T06:23:43.316+0000] {logging_mixin.py:190} INFO - [2025-01-28T06:23:43.316+0000] {dag.py:4180} INFO - Setting next_dagrun for example_task_group to None, run_after=None
[2025-01-28T06:23:43.368+0000] {processor.py:208} INFO - Processing /home/ubuntu/.local/lib/python3.12/site-packages/airflow/example_dags/example_task_group.py took 0.107 seconds
[2025-01-28T06:24:38.774+0000] {processor.py:186} INFO - Started process (PID=4535) to work on /home/ubuntu/.local/lib/python3.12/site-packages/airflow/example_dags/example_task_group.py
[2025-01-28T06:24:38.776+0000] {processor.py:914} INFO - Processing file /home/ubuntu/.local/lib/python3.12/site-packages/airflow/example_dags/example_task_group.py for tasks to queue
[2025-01-28T06:24:38.779+0000] {logging_mixin.py:190} INFO - [2025-01-28T06:24:38.778+0000] {dagbag.py:588} INFO - Filling up the DagBag from /home/ubuntu/.local/lib/python3.12/site-packages/airflow/example_dags/example_task_group.py
[2025-01-28T06:24:38.788+0000] {processor.py:925} INFO - DAG(s) 'example_task_group' retrieved from /home/ubuntu/.local/lib/python3.12/site-packages/airflow/example_dags/example_task_group.py
[2025-01-28T06:24:38.804+0000] {logging_mixin.py:190} INFO - [2025-01-28T06:24:38.804+0000] {dag.py:3239} INFO - Sync 1 DAGs
[2025-01-28T06:24:38.816+0000] {logging_mixin.py:190} INFO - [2025-01-28T06:24:38.816+0000] {dag.py:4180} INFO - Setting next_dagrun for example_task_group to None, run_after=None
[2025-01-28T06:24:38.835+0000] {processor.py:208} INFO - Processing /home/ubuntu/.local/lib/python3.12/site-packages/airflow/example_dags/example_task_group.py took 0.065 seconds
[2025-01-28T06:25:32.903+0000] {processor.py:186} INFO - Started process (PID=4989) to work on /home/ubuntu/.local/lib/python3.12/site-packages/airflow/example_dags/example_task_group.py
[2025-01-28T06:25:32.905+0000] {processor.py:914} INFO - Processing file /home/ubuntu/.local/lib/python3.12/site-packages/airflow/example_dags/example_task_group.py for tasks to queue
[2025-01-28T06:25:32.908+0000] {logging_mixin.py:190} INFO - [2025-01-28T06:25:32.907+0000] {dagbag.py:588} INFO - Filling up the DagBag from /home/ubuntu/.local/lib/python3.12/site-packages/airflow/example_dags/example_task_group.py
[2025-01-28T06:25:32.918+0000] {processor.py:925} INFO - DAG(s) 'example_task_group' retrieved from /home/ubuntu/.local/lib/python3.12/site-packages/airflow/example_dags/example_task_group.py
[2025-01-28T06:25:32.936+0000] {logging_mixin.py:190} INFO - [2025-01-28T06:25:32.936+0000] {dag.py:3239} INFO - Sync 1 DAGs
[2025-01-28T06:25:32.948+0000] {logging_mixin.py:190} INFO - [2025-01-28T06:25:32.947+0000] {dag.py:4180} INFO - Setting next_dagrun for example_task_group to None, run_after=None
[2025-01-28T06:25:32.970+0000] {processor.py:208} INFO - Processing /home/ubuntu/.local/lib/python3.12/site-packages/airflow/example_dags/example_task_group.py took 0.072 seconds
[2025-01-28T06:26:26.727+0000] {processor.py:186} INFO - Started process (PID=5164) to work on /home/ubuntu/.local/lib/python3.12/site-packages/airflow/example_dags/example_task_group.py
[2025-01-28T06:26:26.729+0000] {processor.py:914} INFO - Processing file /home/ubuntu/.local/lib/python3.12/site-packages/airflow/example_dags/example_task_group.py for tasks to queue
[2025-01-28T06:26:26.731+0000] {logging_mixin.py:190} INFO - [2025-01-28T06:26:26.731+0000] {dagbag.py:588} INFO - Filling up the DagBag from /home/ubuntu/.local/lib/python3.12/site-packages/airflow/example_dags/example_task_group.py
[2025-01-28T06:26:26.740+0000] {processor.py:925} INFO - DAG(s) 'example_task_group' retrieved from /home/ubuntu/.local/lib/python3.12/site-packages/airflow/example_dags/example_task_group.py
[2025-01-28T06:26:26.755+0000] {logging_mixin.py:190} INFO - [2025-01-28T06:26:26.755+0000] {dag.py:3239} INFO - Sync 1 DAGs
[2025-01-28T06:26:26.767+0000] {logging_mixin.py:190} INFO - [2025-01-28T06:26:26.766+0000] {dag.py:4180} INFO - Setting next_dagrun for example_task_group to None, run_after=None
[2025-01-28T06:26:26.787+0000] {processor.py:208} INFO - Processing /home/ubuntu/.local/lib/python3.12/site-packages/airflow/example_dags/example_task_group.py took 0.066 seconds
[2025-01-28T06:27:20.915+0000] {processor.py:186} INFO - Started process (PID=5220) to work on /home/ubuntu/.local/lib/python3.12/site-packages/airflow/example_dags/example_task_group.py
[2025-01-28T06:27:20.917+0000] {processor.py:914} INFO - Processing file /home/ubuntu/.local/lib/python3.12/site-packages/airflow/example_dags/example_task_group.py for tasks to queue
[2025-01-28T06:27:20.919+0000] {logging_mixin.py:190} INFO - [2025-01-28T06:27:20.919+0000] {dagbag.py:588} INFO - Filling up the DagBag from /home/ubuntu/.local/lib/python3.12/site-packages/airflow/example_dags/example_task_group.py
[2025-01-28T06:27:20.928+0000] {processor.py:925} INFO - DAG(s) 'example_task_group' retrieved from /home/ubuntu/.local/lib/python3.12/site-packages/airflow/example_dags/example_task_group.py
[2025-01-28T06:27:20.944+0000] {logging_mixin.py:190} INFO - [2025-01-28T06:27:20.943+0000] {dag.py:3239} INFO - Sync 1 DAGs
[2025-01-28T06:27:20.955+0000] {logging_mixin.py:190} INFO - [2025-01-28T06:27:20.955+0000] {dag.py:4180} INFO - Setting next_dagrun for example_task_group to None, run_after=None
[2025-01-28T06:27:20.976+0000] {processor.py:208} INFO - Processing /home/ubuntu/.local/lib/python3.12/site-packages/airflow/example_dags/example_task_group.py took 0.066 seconds
[2025-01-28T06:28:11.233+0000] {processor.py:186} INFO - Started process (PID=5276) to work on /home/ubuntu/.local/lib/python3.12/site-packages/airflow/example_dags/example_task_group.py
[2025-01-28T06:28:11.235+0000] {processor.py:914} INFO - Processing file /home/ubuntu/.local/lib/python3.12/site-packages/airflow/example_dags/example_task_group.py for tasks to queue
[2025-01-28T06:28:11.237+0000] {logging_mixin.py:190} INFO - [2025-01-28T06:28:11.236+0000] {dagbag.py:588} INFO - Filling up the DagBag from /home/ubuntu/.local/lib/python3.12/site-packages/airflow/example_dags/example_task_group.py
[2025-01-28T06:28:11.246+0000] {processor.py:925} INFO - DAG(s) 'example_task_group' retrieved from /home/ubuntu/.local/lib/python3.12/site-packages/airflow/example_dags/example_task_group.py
[2025-01-28T06:28:11.262+0000] {logging_mixin.py:190} INFO - [2025-01-28T06:28:11.262+0000] {dag.py:3239} INFO - Sync 1 DAGs
[2025-01-28T06:28:11.274+0000] {logging_mixin.py:190} INFO - [2025-01-28T06:28:11.274+0000] {dag.py:4180} INFO - Setting next_dagrun for example_task_group to None, run_after=None
[2025-01-28T06:28:11.297+0000] {processor.py:208} INFO - Processing /home/ubuntu/.local/lib/python3.12/site-packages/airflow/example_dags/example_task_group.py took 0.068 seconds
[2025-01-28T06:29:06.349+0000] {processor.py:186} INFO - Started process (PID=5549) to work on /home/ubuntu/.local/lib/python3.12/site-packages/airflow/example_dags/example_task_group.py
[2025-01-28T06:29:06.351+0000] {processor.py:914} INFO - Processing file /home/ubuntu/.local/lib/python3.12/site-packages/airflow/example_dags/example_task_group.py for tasks to queue
[2025-01-28T06:29:06.354+0000] {logging_mixin.py:190} INFO - [2025-01-28T06:29:06.354+0000] {dagbag.py:588} INFO - Filling up the DagBag from /home/ubuntu/.local/lib/python3.12/site-packages/airflow/example_dags/example_task_group.py
[2025-01-28T06:29:06.363+0000] {processor.py:925} INFO - DAG(s) 'example_task_group' retrieved from /home/ubuntu/.local/lib/python3.12/site-packages/airflow/example_dags/example_task_group.py
[2025-01-28T06:29:06.379+0000] {logging_mixin.py:190} INFO - [2025-01-28T06:29:06.379+0000] {dag.py:3239} INFO - Sync 1 DAGs
[2025-01-28T06:29:06.391+0000] {logging_mixin.py:190} INFO - [2025-01-28T06:29:06.390+0000] {dag.py:4180} INFO - Setting next_dagrun for example_task_group to None, run_after=None
[2025-01-28T06:29:06.414+0000] {processor.py:208} INFO - Processing /home/ubuntu/.local/lib/python3.12/site-packages/airflow/example_dags/example_task_group.py took 0.070 seconds
[2025-01-28T06:30:01.986+0000] {processor.py:186} INFO - Started process (PID=5607) to work on /home/ubuntu/.local/lib/python3.12/site-packages/airflow/example_dags/example_task_group.py
[2025-01-28T06:30:01.987+0000] {processor.py:914} INFO - Processing file /home/ubuntu/.local/lib/python3.12/site-packages/airflow/example_dags/example_task_group.py for tasks to queue
[2025-01-28T06:30:01.990+0000] {logging_mixin.py:190} INFO - [2025-01-28T06:30:01.989+0000] {dagbag.py:588} INFO - Filling up the DagBag from /home/ubuntu/.local/lib/python3.12/site-packages/airflow/example_dags/example_task_group.py
[2025-01-28T06:30:01.999+0000] {processor.py:925} INFO - DAG(s) 'example_task_group' retrieved from /home/ubuntu/.local/lib/python3.12/site-packages/airflow/example_dags/example_task_group.py
[2025-01-28T06:30:02.017+0000] {logging_mixin.py:190} INFO - [2025-01-28T06:30:02.016+0000] {dag.py:3239} INFO - Sync 1 DAGs
[2025-01-28T06:30:02.028+0000] {logging_mixin.py:190} INFO - [2025-01-28T06:30:02.028+0000] {dag.py:4180} INFO - Setting next_dagrun for example_task_group to None, run_after=None
[2025-01-28T06:30:02.052+0000] {processor.py:208} INFO - Processing /home/ubuntu/.local/lib/python3.12/site-packages/airflow/example_dags/example_task_group.py took 0.072 seconds
[2025-01-28T06:30:55.201+0000] {processor.py:186} INFO - Started process (PID=5715) to work on /home/ubuntu/.local/lib/python3.12/site-packages/airflow/example_dags/example_task_group.py
[2025-01-28T06:30:55.204+0000] {processor.py:914} INFO - Processing file /home/ubuntu/.local/lib/python3.12/site-packages/airflow/example_dags/example_task_group.py for tasks to queue
[2025-01-28T06:30:55.206+0000] {logging_mixin.py:190} INFO - [2025-01-28T06:30:55.206+0000] {dagbag.py:588} INFO - Filling up the DagBag from /home/ubuntu/.local/lib/python3.12/site-packages/airflow/example_dags/example_task_group.py
[2025-01-28T06:30:55.215+0000] {processor.py:925} INFO - DAG(s) 'example_task_group' retrieved from /home/ubuntu/.local/lib/python3.12/site-packages/airflow/example_dags/example_task_group.py
[2025-01-28T06:30:55.232+0000] {logging_mixin.py:190} INFO - [2025-01-28T06:30:55.231+0000] {dag.py:3239} INFO - Sync 1 DAGs
[2025-01-28T06:30:55.243+0000] {logging_mixin.py:190} INFO - [2025-01-28T06:30:55.243+0000] {dag.py:4180} INFO - Setting next_dagrun for example_task_group to None, run_after=None
[2025-01-28T06:30:55.265+0000] {processor.py:208} INFO - Processing /home/ubuntu/.local/lib/python3.12/site-packages/airflow/example_dags/example_task_group.py took 0.069 seconds
[2025-01-28T06:31:39.955+0000] {processor.py:186} INFO - Started process (PID=5758) to work on /home/ubuntu/.local/lib/python3.12/site-packages/airflow/example_dags/example_task_group.py
[2025-01-28T06:31:39.956+0000] {processor.py:914} INFO - Processing file /home/ubuntu/.local/lib/python3.12/site-packages/airflow/example_dags/example_task_group.py for tasks to queue
[2025-01-28T06:31:39.960+0000] {logging_mixin.py:190} INFO - [2025-01-28T06:31:39.958+0000] {dagbag.py:588} INFO - Filling up the DagBag from /home/ubuntu/.local/lib/python3.12/site-packages/airflow/example_dags/example_task_group.py
[2025-01-28T06:31:39.968+0000] {processor.py:925} INFO - DAG(s) 'example_task_group' retrieved from /home/ubuntu/.local/lib/python3.12/site-packages/airflow/example_dags/example_task_group.py
[2025-01-28T06:31:39.986+0000] {logging_mixin.py:190} INFO - [2025-01-28T06:31:39.986+0000] {dag.py:3239} INFO - Sync 1 DAGs
[2025-01-28T06:31:39.997+0000] {logging_mixin.py:190} INFO - [2025-01-28T06:31:39.997+0000] {dag.py:4180} INFO - Setting next_dagrun for example_task_group to None, run_after=None
[2025-01-28T06:31:40.025+0000] {processor.py:208} INFO - Processing /home/ubuntu/.local/lib/python3.12/site-packages/airflow/example_dags/example_task_group.py took 0.076 seconds
[2025-01-28T06:32:38.126+0000] {processor.py:186} INFO - Started process (PID=5819) to work on /home/ubuntu/.local/lib/python3.12/site-packages/airflow/example_dags/example_task_group.py
[2025-01-28T06:32:38.128+0000] {processor.py:914} INFO - Processing file /home/ubuntu/.local/lib/python3.12/site-packages/airflow/example_dags/example_task_group.py for tasks to queue
[2025-01-28T06:32:38.132+0000] {logging_mixin.py:190} INFO - [2025-01-28T06:32:38.130+0000] {dagbag.py:588} INFO - Filling up the DagBag from /home/ubuntu/.local/lib/python3.12/site-packages/airflow/example_dags/example_task_group.py
[2025-01-28T06:32:38.140+0000] {processor.py:925} INFO - DAG(s) 'example_task_group' retrieved from /home/ubuntu/.local/lib/python3.12/site-packages/airflow/example_dags/example_task_group.py
[2025-01-28T06:32:38.156+0000] {logging_mixin.py:190} INFO - [2025-01-28T06:32:38.156+0000] {dag.py:3239} INFO - Sync 1 DAGs
[2025-01-28T06:32:38.168+0000] {logging_mixin.py:190} INFO - [2025-01-28T06:32:38.168+0000] {dag.py:4180} INFO - Setting next_dagrun for example_task_group to None, run_after=None
[2025-01-28T06:32:38.190+0000] {processor.py:208} INFO - Processing /home/ubuntu/.local/lib/python3.12/site-packages/airflow/example_dags/example_task_group.py took 0.069 seconds
[2025-01-28T06:33:38.773+0000] {processor.py:186} INFO - Started process (PID=5884) to work on /home/ubuntu/.local/lib/python3.12/site-packages/airflow/example_dags/example_task_group.py
[2025-01-28T06:33:38.777+0000] {processor.py:914} INFO - Processing file /home/ubuntu/.local/lib/python3.12/site-packages/airflow/example_dags/example_task_group.py for tasks to queue
[2025-01-28T06:33:38.781+0000] {logging_mixin.py:190} INFO - [2025-01-28T06:33:38.780+0000] {dagbag.py:588} INFO - Filling up the DagBag from /home/ubuntu/.local/lib/python3.12/site-packages/airflow/example_dags/example_task_group.py
[2025-01-28T06:33:38.789+0000] {processor.py:925} INFO - DAG(s) 'example_task_group' retrieved from /home/ubuntu/.local/lib/python3.12/site-packages/airflow/example_dags/example_task_group.py
[2025-01-28T06:33:38.806+0000] {logging_mixin.py:190} INFO - [2025-01-28T06:33:38.806+0000] {dag.py:3239} INFO - Sync 1 DAGs
[2025-01-28T06:33:38.817+0000] {logging_mixin.py:190} INFO - [2025-01-28T06:33:38.817+0000] {dag.py:4180} INFO - Setting next_dagrun for example_task_group to None, run_after=None
[2025-01-28T06:33:38.840+0000] {processor.py:208} INFO - Processing /home/ubuntu/.local/lib/python3.12/site-packages/airflow/example_dags/example_task_group.py took 0.073 seconds
[2025-01-28T06:34:35.405+0000] {processor.py:186} INFO - Started process (PID=5942) to work on /home/ubuntu/.local/lib/python3.12/site-packages/airflow/example_dags/example_task_group.py
[2025-01-28T06:34:35.407+0000] {processor.py:914} INFO - Processing file /home/ubuntu/.local/lib/python3.12/site-packages/airflow/example_dags/example_task_group.py for tasks to queue
[2025-01-28T06:34:35.409+0000] {logging_mixin.py:190} INFO - [2025-01-28T06:34:35.409+0000] {dagbag.py:588} INFO - Filling up the DagBag from /home/ubuntu/.local/lib/python3.12/site-packages/airflow/example_dags/example_task_group.py
[2025-01-28T06:34:35.418+0000] {processor.py:925} INFO - DAG(s) 'example_task_group' retrieved from /home/ubuntu/.local/lib/python3.12/site-packages/airflow/example_dags/example_task_group.py
[2025-01-28T06:34:35.434+0000] {logging_mixin.py:190} INFO - [2025-01-28T06:34:35.434+0000] {dag.py:3239} INFO - Sync 1 DAGs
[2025-01-28T06:34:35.445+0000] {logging_mixin.py:190} INFO - [2025-01-28T06:34:35.445+0000] {dag.py:4180} INFO - Setting next_dagrun for example_task_group to None, run_after=None
[2025-01-28T06:34:35.469+0000] {processor.py:208} INFO - Processing /home/ubuntu/.local/lib/python3.12/site-packages/airflow/example_dags/example_task_group.py took 0.069 seconds
[2025-01-28T06:35:30.621+0000] {processor.py:186} INFO - Started process (PID=6003) to work on /home/ubuntu/.local/lib/python3.12/site-packages/airflow/example_dags/example_task_group.py
[2025-01-28T06:35:30.623+0000] {processor.py:914} INFO - Processing file /home/ubuntu/.local/lib/python3.12/site-packages/airflow/example_dags/example_task_group.py for tasks to queue
[2025-01-28T06:35:30.625+0000] {logging_mixin.py:190} INFO - [2025-01-28T06:35:30.624+0000] {dagbag.py:588} INFO - Filling up the DagBag from /home/ubuntu/.local/lib/python3.12/site-packages/airflow/example_dags/example_task_group.py
[2025-01-28T06:35:30.634+0000] {processor.py:925} INFO - DAG(s) 'example_task_group' retrieved from /home/ubuntu/.local/lib/python3.12/site-packages/airflow/example_dags/example_task_group.py
[2025-01-28T06:35:30.649+0000] {logging_mixin.py:190} INFO - [2025-01-28T06:35:30.649+0000] {dag.py:3239} INFO - Sync 1 DAGs
[2025-01-28T06:35:30.661+0000] {logging_mixin.py:190} INFO - [2025-01-28T06:35:30.660+0000] {dag.py:4180} INFO - Setting next_dagrun for example_task_group to None, run_after=None
[2025-01-28T06:35:30.684+0000] {processor.py:208} INFO - Processing /home/ubuntu/.local/lib/python3.12/site-packages/airflow/example_dags/example_task_group.py took 0.068 seconds
[2025-01-28T06:36:22.373+0000] {processor.py:186} INFO - Started process (PID=6056) to work on /home/ubuntu/.local/lib/python3.12/site-packages/airflow/example_dags/example_task_group.py
[2025-01-28T06:36:22.375+0000] {processor.py:914} INFO - Processing file /home/ubuntu/.local/lib/python3.12/site-packages/airflow/example_dags/example_task_group.py for tasks to queue
[2025-01-28T06:36:22.377+0000] {logging_mixin.py:190} INFO - [2025-01-28T06:36:22.376+0000] {dagbag.py:588} INFO - Filling up the DagBag from /home/ubuntu/.local/lib/python3.12/site-packages/airflow/example_dags/example_task_group.py
[2025-01-28T06:36:22.385+0000] {processor.py:925} INFO - DAG(s) 'example_task_group' retrieved from /home/ubuntu/.local/lib/python3.12/site-packages/airflow/example_dags/example_task_group.py
[2025-01-28T06:36:22.402+0000] {logging_mixin.py:190} INFO - [2025-01-28T06:36:22.401+0000] {dag.py:3239} INFO - Sync 1 DAGs
[2025-01-28T06:36:22.413+0000] {logging_mixin.py:190} INFO - [2025-01-28T06:36:22.412+0000] {dag.py:4180} INFO - Setting next_dagrun for example_task_group to None, run_after=None
[2025-01-28T06:36:22.436+0000] {processor.py:208} INFO - Processing /home/ubuntu/.local/lib/python3.12/site-packages/airflow/example_dags/example_task_group.py took 0.068 seconds
[2025-01-28T06:37:14.208+0000] {processor.py:186} INFO - Started process (PID=6110) to work on /home/ubuntu/.local/lib/python3.12/site-packages/airflow/example_dags/example_task_group.py
[2025-01-28T06:37:14.210+0000] {processor.py:914} INFO - Processing file /home/ubuntu/.local/lib/python3.12/site-packages/airflow/example_dags/example_task_group.py for tasks to queue
[2025-01-28T06:37:14.212+0000] {logging_mixin.py:190} INFO - [2025-01-28T06:37:14.212+0000] {dagbag.py:588} INFO - Filling up the DagBag from /home/ubuntu/.local/lib/python3.12/site-packages/airflow/example_dags/example_task_group.py
[2025-01-28T06:37:14.220+0000] {processor.py:925} INFO - DAG(s) 'example_task_group' retrieved from /home/ubuntu/.local/lib/python3.12/site-packages/airflow/example_dags/example_task_group.py
[2025-01-28T06:37:14.237+0000] {logging_mixin.py:190} INFO - [2025-01-28T06:37:14.237+0000] {dag.py:3239} INFO - Sync 1 DAGs
[2025-01-28T06:37:14.248+0000] {logging_mixin.py:190} INFO - [2025-01-28T06:37:14.248+0000] {dag.py:4180} INFO - Setting next_dagrun for example_task_group to None, run_after=None
[2025-01-28T06:37:14.271+0000] {processor.py:208} INFO - Processing /home/ubuntu/.local/lib/python3.12/site-packages/airflow/example_dags/example_task_group.py took 0.068 seconds
[2025-01-28T06:38:07.817+0000] {processor.py:186} INFO - Started process (PID=6166) to work on /home/ubuntu/.local/lib/python3.12/site-packages/airflow/example_dags/example_task_group.py
[2025-01-28T06:38:07.818+0000] {processor.py:914} INFO - Processing file /home/ubuntu/.local/lib/python3.12/site-packages/airflow/example_dags/example_task_group.py for tasks to queue
[2025-01-28T06:38:07.820+0000] {logging_mixin.py:190} INFO - [2025-01-28T06:38:07.820+0000] {dagbag.py:588} INFO - Filling up the DagBag from /home/ubuntu/.local/lib/python3.12/site-packages/airflow/example_dags/example_task_group.py
[2025-01-28T06:38:07.830+0000] {processor.py:925} INFO - DAG(s) 'example_task_group' retrieved from /home/ubuntu/.local/lib/python3.12/site-packages/airflow/example_dags/example_task_group.py
[2025-01-28T06:38:07.846+0000] {logging_mixin.py:190} INFO - [2025-01-28T06:38:07.846+0000] {dag.py:3239} INFO - Sync 1 DAGs
[2025-01-28T06:38:07.857+0000] {logging_mixin.py:190} INFO - [2025-01-28T06:38:07.857+0000] {dag.py:4180} INFO - Setting next_dagrun for example_task_group to None, run_after=None
[2025-01-28T06:38:07.879+0000] {processor.py:208} INFO - Processing /home/ubuntu/.local/lib/python3.12/site-packages/airflow/example_dags/example_task_group.py took 0.068 seconds
[2025-01-28T06:39:02.654+0000] {processor.py:186} INFO - Started process (PID=6223) to work on /home/ubuntu/.local/lib/python3.12/site-packages/airflow/example_dags/example_task_group.py
[2025-01-28T06:39:02.655+0000] {processor.py:914} INFO - Processing file /home/ubuntu/.local/lib/python3.12/site-packages/airflow/example_dags/example_task_group.py for tasks to queue
[2025-01-28T06:39:02.658+0000] {logging_mixin.py:190} INFO - [2025-01-28T06:39:02.657+0000] {dagbag.py:588} INFO - Filling up the DagBag from /home/ubuntu/.local/lib/python3.12/site-packages/airflow/example_dags/example_task_group.py
[2025-01-28T06:39:02.666+0000] {processor.py:925} INFO - DAG(s) 'example_task_group' retrieved from /home/ubuntu/.local/lib/python3.12/site-packages/airflow/example_dags/example_task_group.py
[2025-01-28T06:39:02.683+0000] {logging_mixin.py:190} INFO - [2025-01-28T06:39:02.683+0000] {dag.py:3239} INFO - Sync 1 DAGs
[2025-01-28T06:39:02.695+0000] {logging_mixin.py:190} INFO - [2025-01-28T06:39:02.695+0000] {dag.py:4180} INFO - Setting next_dagrun for example_task_group to None, run_after=None
[2025-01-28T06:39:02.718+0000] {processor.py:208} INFO - Processing /home/ubuntu/.local/lib/python3.12/site-packages/airflow/example_dags/example_task_group.py took 0.070 seconds
[2025-01-28T06:40:01.448+0000] {processor.py:186} INFO - Started process (PID=6282) to work on /home/ubuntu/.local/lib/python3.12/site-packages/airflow/example_dags/example_task_group.py
[2025-01-28T06:40:01.449+0000] {processor.py:914} INFO - Processing file /home/ubuntu/.local/lib/python3.12/site-packages/airflow/example_dags/example_task_group.py for tasks to queue
[2025-01-28T06:40:01.451+0000] {logging_mixin.py:190} INFO - [2025-01-28T06:40:01.451+0000] {dagbag.py:588} INFO - Filling up the DagBag from /home/ubuntu/.local/lib/python3.12/site-packages/airflow/example_dags/example_task_group.py
[2025-01-28T06:40:01.461+0000] {processor.py:925} INFO - DAG(s) 'example_task_group' retrieved from /home/ubuntu/.local/lib/python3.12/site-packages/airflow/example_dags/example_task_group.py
[2025-01-28T06:40:01.476+0000] {logging_mixin.py:190} INFO - [2025-01-28T06:40:01.476+0000] {dag.py:3239} INFO - Sync 1 DAGs
[2025-01-28T06:40:01.488+0000] {logging_mixin.py:190} INFO - [2025-01-28T06:40:01.488+0000] {dag.py:4180} INFO - Setting next_dagrun for example_task_group to None, run_after=None
[2025-01-28T06:40:01.511+0000] {processor.py:208} INFO - Processing /home/ubuntu/.local/lib/python3.12/site-packages/airflow/example_dags/example_task_group.py took 0.068 seconds
[2025-01-28T06:40:54.808+0000] {processor.py:186} INFO - Started process (PID=6341) to work on /home/ubuntu/.local/lib/python3.12/site-packages/airflow/example_dags/example_task_group.py
[2025-01-28T06:40:54.809+0000] {processor.py:914} INFO - Processing file /home/ubuntu/.local/lib/python3.12/site-packages/airflow/example_dags/example_task_group.py for tasks to queue
[2025-01-28T06:40:54.811+0000] {logging_mixin.py:190} INFO - [2025-01-28T06:40:54.811+0000] {dagbag.py:588} INFO - Filling up the DagBag from /home/ubuntu/.local/lib/python3.12/site-packages/airflow/example_dags/example_task_group.py
[2025-01-28T06:40:54.820+0000] {processor.py:925} INFO - DAG(s) 'example_task_group' retrieved from /home/ubuntu/.local/lib/python3.12/site-packages/airflow/example_dags/example_task_group.py
[2025-01-28T06:40:54.836+0000] {logging_mixin.py:190} INFO - [2025-01-28T06:40:54.836+0000] {dag.py:3239} INFO - Sync 1 DAGs
[2025-01-28T06:40:54.848+0000] {logging_mixin.py:190} INFO - [2025-01-28T06:40:54.847+0000] {dag.py:4180} INFO - Setting next_dagrun for example_task_group to None, run_after=None
[2025-01-28T06:40:54.999+0000] {processor.py:208} INFO - Processing /home/ubuntu/.local/lib/python3.12/site-packages/airflow/example_dags/example_task_group.py took 0.197 seconds
[2025-01-28T06:42:00.960+0000] {processor.py:186} INFO - Started process (PID=6538) to work on /home/ubuntu/.local/lib/python3.12/site-packages/airflow/example_dags/example_task_group.py
[2025-01-28T06:42:00.961+0000] {processor.py:914} INFO - Processing file /home/ubuntu/.local/lib/python3.12/site-packages/airflow/example_dags/example_task_group.py for tasks to queue
[2025-01-28T06:42:00.963+0000] {logging_mixin.py:190} INFO - [2025-01-28T06:42:00.963+0000] {dagbag.py:588} INFO - Filling up the DagBag from /home/ubuntu/.local/lib/python3.12/site-packages/airflow/example_dags/example_task_group.py
[2025-01-28T06:42:00.972+0000] {processor.py:925} INFO - DAG(s) 'example_task_group' retrieved from /home/ubuntu/.local/lib/python3.12/site-packages/airflow/example_dags/example_task_group.py
[2025-01-28T06:42:00.988+0000] {logging_mixin.py:190} INFO - [2025-01-28T06:42:00.988+0000] {dag.py:3239} INFO - Sync 1 DAGs
[2025-01-28T06:42:00.999+0000] {logging_mixin.py:190} INFO - [2025-01-28T06:42:00.999+0000] {dag.py:4180} INFO - Setting next_dagrun for example_task_group to None, run_after=None
[2025-01-28T06:42:01.022+0000] {processor.py:208} INFO - Processing /home/ubuntu/.local/lib/python3.12/site-packages/airflow/example_dags/example_task_group.py took 0.067 seconds
[2025-01-28T06:42:59.199+0000] {processor.py:186} INFO - Started process (PID=6596) to work on /home/ubuntu/.local/lib/python3.12/site-packages/airflow/example_dags/example_task_group.py
[2025-01-28T06:42:59.201+0000] {processor.py:914} INFO - Processing file /home/ubuntu/.local/lib/python3.12/site-packages/airflow/example_dags/example_task_group.py for tasks to queue
[2025-01-28T06:42:59.202+0000] {logging_mixin.py:190} INFO - [2025-01-28T06:42:59.202+0000] {dagbag.py:588} INFO - Filling up the DagBag from /home/ubuntu/.local/lib/python3.12/site-packages/airflow/example_dags/example_task_group.py
[2025-01-28T06:42:59.212+0000] {processor.py:925} INFO - DAG(s) 'example_task_group' retrieved from /home/ubuntu/.local/lib/python3.12/site-packages/airflow/example_dags/example_task_group.py
[2025-01-28T06:42:59.229+0000] {logging_mixin.py:190} INFO - [2025-01-28T06:42:59.228+0000] {dag.py:3239} INFO - Sync 1 DAGs
[2025-01-28T06:42:59.240+0000] {logging_mixin.py:190} INFO - [2025-01-28T06:42:59.239+0000] {dag.py:4180} INFO - Setting next_dagrun for example_task_group to None, run_after=None
[2025-01-28T06:42:59.263+0000] {processor.py:208} INFO - Processing /home/ubuntu/.local/lib/python3.12/site-packages/airflow/example_dags/example_task_group.py took 0.069 seconds
[2025-01-28T06:44:03.353+0000] {processor.py:186} INFO - Started process (PID=6658) to work on /home/ubuntu/.local/lib/python3.12/site-packages/airflow/example_dags/example_task_group.py
[2025-01-28T06:44:03.354+0000] {processor.py:914} INFO - Processing file /home/ubuntu/.local/lib/python3.12/site-packages/airflow/example_dags/example_task_group.py for tasks to queue
[2025-01-28T06:44:03.357+0000] {logging_mixin.py:190} INFO - [2025-01-28T06:44:03.356+0000] {dagbag.py:588} INFO - Filling up the DagBag from /home/ubuntu/.local/lib/python3.12/site-packages/airflow/example_dags/example_task_group.py
[2025-01-28T06:44:03.367+0000] {processor.py:925} INFO - DAG(s) 'example_task_group' retrieved from /home/ubuntu/.local/lib/python3.12/site-packages/airflow/example_dags/example_task_group.py
[2025-01-28T06:44:03.383+0000] {logging_mixin.py:190} INFO - [2025-01-28T06:44:03.383+0000] {dag.py:3239} INFO - Sync 1 DAGs
[2025-01-28T06:44:03.394+0000] {logging_mixin.py:190} INFO - [2025-01-28T06:44:03.394+0000] {dag.py:4180} INFO - Setting next_dagrun for example_task_group to None, run_after=None
[2025-01-28T06:44:03.418+0000] {processor.py:208} INFO - Processing /home/ubuntu/.local/lib/python3.12/site-packages/airflow/example_dags/example_task_group.py took 0.071 seconds
[2025-01-28T06:45:11.142+0000] {processor.py:186} INFO - Started process (PID=6723) to work on /home/ubuntu/.local/lib/python3.12/site-packages/airflow/example_dags/example_task_group.py
[2025-01-28T06:45:11.144+0000] {processor.py:914} INFO - Processing file /home/ubuntu/.local/lib/python3.12/site-packages/airflow/example_dags/example_task_group.py for tasks to queue
[2025-01-28T06:45:11.146+0000] {logging_mixin.py:190} INFO - [2025-01-28T06:45:11.146+0000] {dagbag.py:588} INFO - Filling up the DagBag from /home/ubuntu/.local/lib/python3.12/site-packages/airflow/example_dags/example_task_group.py
[2025-01-28T06:45:11.156+0000] {processor.py:925} INFO - DAG(s) 'example_task_group' retrieved from /home/ubuntu/.local/lib/python3.12/site-packages/airflow/example_dags/example_task_group.py
[2025-01-28T06:45:11.171+0000] {logging_mixin.py:190} INFO - [2025-01-28T06:45:11.171+0000] {dag.py:3239} INFO - Sync 1 DAGs
[2025-01-28T06:45:11.183+0000] {logging_mixin.py:190} INFO - [2025-01-28T06:45:11.183+0000] {dag.py:4180} INFO - Setting next_dagrun for example_task_group to None, run_after=None
[2025-01-28T06:45:11.204+0000] {processor.py:208} INFO - Processing /home/ubuntu/.local/lib/python3.12/site-packages/airflow/example_dags/example_task_group.py took 0.067 seconds
[2025-01-28T06:46:06.326+0000] {processor.py:186} INFO - Started process (PID=6930) to work on /home/ubuntu/.local/lib/python3.12/site-packages/airflow/example_dags/example_task_group.py
[2025-01-28T06:46:06.329+0000] {processor.py:914} INFO - Processing file /home/ubuntu/.local/lib/python3.12/site-packages/airflow/example_dags/example_task_group.py for tasks to queue
[2025-01-28T06:46:06.331+0000] {logging_mixin.py:190} INFO - [2025-01-28T06:46:06.331+0000] {dagbag.py:588} INFO - Filling up the DagBag from /home/ubuntu/.local/lib/python3.12/site-packages/airflow/example_dags/example_task_group.py
[2025-01-28T06:46:06.341+0000] {processor.py:925} INFO - DAG(s) 'example_task_group' retrieved from /home/ubuntu/.local/lib/python3.12/site-packages/airflow/example_dags/example_task_group.py
[2025-01-28T06:46:06.358+0000] {logging_mixin.py:190} INFO - [2025-01-28T06:46:06.358+0000] {dag.py:3239} INFO - Sync 1 DAGs
[2025-01-28T06:46:06.369+0000] {logging_mixin.py:190} INFO - [2025-01-28T06:46:06.369+0000] {dag.py:4180} INFO - Setting next_dagrun for example_task_group to None, run_after=None
[2025-01-28T06:46:06.393+0000] {processor.py:208} INFO - Processing /home/ubuntu/.local/lib/python3.12/site-packages/airflow/example_dags/example_task_group.py took 0.071 seconds
