[2025-01-28T03:39:41.162+0000] {processor.py:186} INFO - Started process (PID=9640) to work on /home/ubuntu/airflow-venv/lib/python3.12/site-packages/airflow/example_dags/example_time_delta_sensor_async.py
[2025-01-28T03:39:41.163+0000] {processor.py:914} INFO - Processing file /home/ubuntu/airflow-venv/lib/python3.12/site-packages/airflow/example_dags/example_time_delta_sensor_async.py for tasks to queue
[2025-01-28T03:39:41.165+0000] {logging_mixin.py:190} INFO - [2025-01-28T03:39:41.165+0000] {dagbag.py:588} INFO - Filling up the DagBag from /home/ubuntu/airflow-venv/lib/python3.12/site-packages/airflow/example_dags/example_time_delta_sensor_async.py
[2025-01-28T03:39:41.174+0000] {processor.py:925} INFO - DAG(s) 'example_time_delta_sensor_async' retrieved from /home/ubuntu/airflow-venv/lib/python3.12/site-packages/airflow/example_dags/example_time_delta_sensor_async.py
[2025-01-28T03:39:41.281+0000] {logging_mixin.py:190} INFO - [2025-01-28T03:39:41.280+0000] {override.py:1912} INFO - Created Permission View: can read on DAG:example_time_delta_sensor_async
[2025-01-28T03:39:41.298+0000] {logging_mixin.py:190} INFO - [2025-01-28T03:39:41.298+0000] {override.py:1912} INFO - Created Permission View: can delete on DAG:example_time_delta_sensor_async
[2025-01-28T03:39:41.309+0000] {logging_mixin.py:190} INFO - [2025-01-28T03:39:41.309+0000] {override.py:1912} INFO - Created Permission View: can edit on DAG:example_time_delta_sensor_async
[2025-01-28T03:39:41.328+0000] {logging_mixin.py:190} INFO - [2025-01-28T03:39:41.327+0000] {override.py:1912} INFO - Created Permission View: menu access on DAG Run:example_time_delta_sensor_async
[2025-01-28T03:39:41.342+0000] {logging_mixin.py:190} INFO - [2025-01-28T03:39:41.342+0000] {override.py:1912} INFO - Created Permission View: can read on DAG Run:example_time_delta_sensor_async
[2025-01-28T03:39:41.353+0000] {logging_mixin.py:190} INFO - [2025-01-28T03:39:41.352+0000] {override.py:1912} INFO - Created Permission View: can delete on DAG Run:example_time_delta_sensor_async
[2025-01-28T03:39:41.363+0000] {logging_mixin.py:190} INFO - [2025-01-28T03:39:41.363+0000] {override.py:1912} INFO - Created Permission View: can create on DAG Run:example_time_delta_sensor_async
[2025-01-28T03:39:41.364+0000] {logging_mixin.py:190} INFO - [2025-01-28T03:39:41.364+0000] {dag.py:3239} INFO - Sync 1 DAGs
[2025-01-28T03:39:41.374+0000] {logging_mixin.py:190} INFO - [2025-01-28T03:39:41.374+0000] {dag.py:3262} INFO - Creating ORM DAG for example_time_delta_sensor_async
[2025-01-28T03:39:41.374+0000] {logging_mixin.py:190} INFO - [2025-01-28T03:39:41.374+0000] {dag.py:4180} INFO - Setting next_dagrun for example_time_delta_sensor_async to None, run_after=None
[2025-01-28T03:39:41.395+0000] {processor.py:208} INFO - Processing /home/ubuntu/airflow-venv/lib/python3.12/site-packages/airflow/example_dags/example_time_delta_sensor_async.py took 0.238 seconds
[2025-01-28T03:40:46.291+0000] {processor.py:186} INFO - Started process (PID=9701) to work on /home/ubuntu/airflow-venv/lib/python3.12/site-packages/airflow/example_dags/example_time_delta_sensor_async.py
[2025-01-28T03:40:46.292+0000] {processor.py:914} INFO - Processing file /home/ubuntu/airflow-venv/lib/python3.12/site-packages/airflow/example_dags/example_time_delta_sensor_async.py for tasks to queue
[2025-01-28T03:40:46.294+0000] {logging_mixin.py:190} INFO - [2025-01-28T03:40:46.294+0000] {dagbag.py:588} INFO - Filling up the DagBag from /home/ubuntu/airflow-venv/lib/python3.12/site-packages/airflow/example_dags/example_time_delta_sensor_async.py
[2025-01-28T03:40:46.302+0000] {processor.py:925} INFO - DAG(s) 'example_time_delta_sensor_async' retrieved from /home/ubuntu/airflow-venv/lib/python3.12/site-packages/airflow/example_dags/example_time_delta_sensor_async.py
[2025-01-28T03:40:46.316+0000] {logging_mixin.py:190} INFO - [2025-01-28T03:40:46.316+0000] {dag.py:3239} INFO - Sync 1 DAGs
[2025-01-28T03:40:46.327+0000] {logging_mixin.py:190} INFO - [2025-01-28T03:40:46.327+0000] {dag.py:4180} INFO - Setting next_dagrun for example_time_delta_sensor_async to None, run_after=None
[2025-01-28T03:40:46.350+0000] {processor.py:208} INFO - Processing /home/ubuntu/airflow-venv/lib/python3.12/site-packages/airflow/example_dags/example_time_delta_sensor_async.py took 0.064 seconds
[2025-01-28T03:43:23.635+0000] {processor.py:186} INFO - Started process (PID=9802) to work on /home/ubuntu/airflow-venv/lib/python3.12/site-packages/airflow/example_dags/example_time_delta_sensor_async.py
[2025-01-28T03:43:23.636+0000] {processor.py:914} INFO - Processing file /home/ubuntu/airflow-venv/lib/python3.12/site-packages/airflow/example_dags/example_time_delta_sensor_async.py for tasks to queue
[2025-01-28T03:43:23.638+0000] {logging_mixin.py:190} INFO - [2025-01-28T03:43:23.637+0000] {dagbag.py:588} INFO - Filling up the DagBag from /home/ubuntu/airflow-venv/lib/python3.12/site-packages/airflow/example_dags/example_time_delta_sensor_async.py
[2025-01-28T03:43:23.645+0000] {processor.py:925} INFO - DAG(s) 'example_time_delta_sensor_async' retrieved from /home/ubuntu/airflow-venv/lib/python3.12/site-packages/airflow/example_dags/example_time_delta_sensor_async.py
[2025-01-28T03:43:23.661+0000] {logging_mixin.py:190} INFO - [2025-01-28T03:43:23.661+0000] {dag.py:3239} INFO - Sync 1 DAGs
[2025-01-28T03:43:23.673+0000] {logging_mixin.py:190} INFO - [2025-01-28T03:43:23.672+0000] {dag.py:4180} INFO - Setting next_dagrun for example_time_delta_sensor_async to None, run_after=None
[2025-01-28T03:43:23.695+0000] {processor.py:208} INFO - Processing /home/ubuntu/airflow-venv/lib/python3.12/site-packages/airflow/example_dags/example_time_delta_sensor_async.py took 0.065 seconds
[2025-01-28T03:44:20.572+0000] {processor.py:186} INFO - Started process (PID=9860) to work on /home/ubuntu/airflow-venv/lib/python3.12/site-packages/airflow/example_dags/example_time_delta_sensor_async.py
[2025-01-28T03:44:20.574+0000] {processor.py:914} INFO - Processing file /home/ubuntu/airflow-venv/lib/python3.12/site-packages/airflow/example_dags/example_time_delta_sensor_async.py for tasks to queue
[2025-01-28T03:44:20.576+0000] {logging_mixin.py:190} INFO - [2025-01-28T03:44:20.576+0000] {dagbag.py:588} INFO - Filling up the DagBag from /home/ubuntu/airflow-venv/lib/python3.12/site-packages/airflow/example_dags/example_time_delta_sensor_async.py
[2025-01-28T03:44:20.583+0000] {processor.py:925} INFO - DAG(s) 'example_time_delta_sensor_async' retrieved from /home/ubuntu/airflow-venv/lib/python3.12/site-packages/airflow/example_dags/example_time_delta_sensor_async.py
[2025-01-28T03:44:20.598+0000] {logging_mixin.py:190} INFO - [2025-01-28T03:44:20.597+0000] {dag.py:3239} INFO - Sync 1 DAGs
[2025-01-28T03:44:20.609+0000] {logging_mixin.py:190} INFO - [2025-01-28T03:44:20.609+0000] {dag.py:4180} INFO - Setting next_dagrun for example_time_delta_sensor_async to None, run_after=None
[2025-01-28T03:44:20.630+0000] {processor.py:208} INFO - Processing /home/ubuntu/airflow-venv/lib/python3.12/site-packages/airflow/example_dags/example_time_delta_sensor_async.py took 0.064 seconds
[2025-01-28T03:45:12.279+0000] {processor.py:186} INFO - Started process (PID=9918) to work on /home/ubuntu/airflow-venv/lib/python3.12/site-packages/airflow/example_dags/example_time_delta_sensor_async.py
[2025-01-28T03:45:12.280+0000] {processor.py:914} INFO - Processing file /home/ubuntu/airflow-venv/lib/python3.12/site-packages/airflow/example_dags/example_time_delta_sensor_async.py for tasks to queue
[2025-01-28T03:45:12.283+0000] {logging_mixin.py:190} INFO - [2025-01-28T03:45:12.282+0000] {dagbag.py:588} INFO - Filling up the DagBag from /home/ubuntu/airflow-venv/lib/python3.12/site-packages/airflow/example_dags/example_time_delta_sensor_async.py
[2025-01-28T03:45:12.289+0000] {processor.py:925} INFO - DAG(s) 'example_time_delta_sensor_async' retrieved from /home/ubuntu/airflow-venv/lib/python3.12/site-packages/airflow/example_dags/example_time_delta_sensor_async.py
[2025-01-28T03:45:12.304+0000] {logging_mixin.py:190} INFO - [2025-01-28T03:45:12.304+0000] {dag.py:3239} INFO - Sync 1 DAGs
[2025-01-28T03:45:12.316+0000] {logging_mixin.py:190} INFO - [2025-01-28T03:45:12.315+0000] {dag.py:4180} INFO - Setting next_dagrun for example_time_delta_sensor_async to None, run_after=None
[2025-01-28T03:45:12.338+0000] {processor.py:208} INFO - Processing /home/ubuntu/airflow-venv/lib/python3.12/site-packages/airflow/example_dags/example_time_delta_sensor_async.py took 0.064 seconds
[2025-01-28T03:46:03.516+0000] {processor.py:186} INFO - Started process (PID=9971) to work on /home/ubuntu/airflow-venv/lib/python3.12/site-packages/airflow/example_dags/example_time_delta_sensor_async.py
[2025-01-28T03:46:03.517+0000] {processor.py:914} INFO - Processing file /home/ubuntu/airflow-venv/lib/python3.12/site-packages/airflow/example_dags/example_time_delta_sensor_async.py for tasks to queue
[2025-01-28T03:46:03.519+0000] {logging_mixin.py:190} INFO - [2025-01-28T03:46:03.519+0000] {dagbag.py:588} INFO - Filling up the DagBag from /home/ubuntu/airflow-venv/lib/python3.12/site-packages/airflow/example_dags/example_time_delta_sensor_async.py
[2025-01-28T03:46:03.526+0000] {processor.py:925} INFO - DAG(s) 'example_time_delta_sensor_async' retrieved from /home/ubuntu/airflow-venv/lib/python3.12/site-packages/airflow/example_dags/example_time_delta_sensor_async.py
[2025-01-28T03:46:03.541+0000] {logging_mixin.py:190} INFO - [2025-01-28T03:46:03.541+0000] {dag.py:3239} INFO - Sync 1 DAGs
[2025-01-28T03:46:03.553+0000] {logging_mixin.py:190} INFO - [2025-01-28T03:46:03.552+0000] {dag.py:4180} INFO - Setting next_dagrun for example_time_delta_sensor_async to None, run_after=None
[2025-01-28T03:46:03.576+0000] {processor.py:208} INFO - Processing /home/ubuntu/airflow-venv/lib/python3.12/site-packages/airflow/example_dags/example_time_delta_sensor_async.py took 0.067 seconds
[2025-01-28T03:46:57.535+0000] {processor.py:186} INFO - Started process (PID=10025) to work on /home/ubuntu/airflow-venv/lib/python3.12/site-packages/airflow/example_dags/example_time_delta_sensor_async.py
[2025-01-28T03:46:57.537+0000] {processor.py:914} INFO - Processing file /home/ubuntu/airflow-venv/lib/python3.12/site-packages/airflow/example_dags/example_time_delta_sensor_async.py for tasks to queue
[2025-01-28T03:46:57.539+0000] {logging_mixin.py:190} INFO - [2025-01-28T03:46:57.539+0000] {dagbag.py:588} INFO - Filling up the DagBag from /home/ubuntu/airflow-venv/lib/python3.12/site-packages/airflow/example_dags/example_time_delta_sensor_async.py
[2025-01-28T03:46:57.545+0000] {processor.py:925} INFO - DAG(s) 'example_time_delta_sensor_async' retrieved from /home/ubuntu/airflow-venv/lib/python3.12/site-packages/airflow/example_dags/example_time_delta_sensor_async.py
[2025-01-28T03:46:57.559+0000] {logging_mixin.py:190} INFO - [2025-01-28T03:46:57.559+0000] {dag.py:3239} INFO - Sync 1 DAGs
[2025-01-28T03:46:57.570+0000] {logging_mixin.py:190} INFO - [2025-01-28T03:46:57.570+0000] {dag.py:4180} INFO - Setting next_dagrun for example_time_delta_sensor_async to None, run_after=None
[2025-01-28T03:46:57.590+0000] {processor.py:208} INFO - Processing /home/ubuntu/airflow-venv/lib/python3.12/site-packages/airflow/example_dags/example_time_delta_sensor_async.py took 0.061 seconds
[2025-01-28T03:47:50.611+0000] {processor.py:186} INFO - Started process (PID=10080) to work on /home/ubuntu/airflow-venv/lib/python3.12/site-packages/airflow/example_dags/example_time_delta_sensor_async.py
[2025-01-28T03:47:50.612+0000] {processor.py:914} INFO - Processing file /home/ubuntu/airflow-venv/lib/python3.12/site-packages/airflow/example_dags/example_time_delta_sensor_async.py for tasks to queue
[2025-01-28T03:47:50.614+0000] {logging_mixin.py:190} INFO - [2025-01-28T03:47:50.614+0000] {dagbag.py:588} INFO - Filling up the DagBag from /home/ubuntu/airflow-venv/lib/python3.12/site-packages/airflow/example_dags/example_time_delta_sensor_async.py
[2025-01-28T03:47:50.621+0000] {processor.py:925} INFO - DAG(s) 'example_time_delta_sensor_async' retrieved from /home/ubuntu/airflow-venv/lib/python3.12/site-packages/airflow/example_dags/example_time_delta_sensor_async.py
[2025-01-28T03:47:50.635+0000] {logging_mixin.py:190} INFO - [2025-01-28T03:47:50.635+0000] {dag.py:3239} INFO - Sync 1 DAGs
[2025-01-28T03:47:50.647+0000] {logging_mixin.py:190} INFO - [2025-01-28T03:47:50.647+0000] {dag.py:4180} INFO - Setting next_dagrun for example_time_delta_sensor_async to None, run_after=None
[2025-01-28T03:47:50.668+0000] {processor.py:208} INFO - Processing /home/ubuntu/airflow-venv/lib/python3.12/site-packages/airflow/example_dags/example_time_delta_sensor_async.py took 0.063 seconds
[2025-01-28T03:48:43.258+0000] {processor.py:186} INFO - Started process (PID=10137) to work on /home/ubuntu/airflow-venv/lib/python3.12/site-packages/airflow/example_dags/example_time_delta_sensor_async.py
[2025-01-28T03:48:43.259+0000] {processor.py:914} INFO - Processing file /home/ubuntu/airflow-venv/lib/python3.12/site-packages/airflow/example_dags/example_time_delta_sensor_async.py for tasks to queue
[2025-01-28T03:48:43.260+0000] {logging_mixin.py:190} INFO - [2025-01-28T03:48:43.260+0000] {dagbag.py:588} INFO - Filling up the DagBag from /home/ubuntu/airflow-venv/lib/python3.12/site-packages/airflow/example_dags/example_time_delta_sensor_async.py
[2025-01-28T03:48:43.267+0000] {processor.py:925} INFO - DAG(s) 'example_time_delta_sensor_async' retrieved from /home/ubuntu/airflow-venv/lib/python3.12/site-packages/airflow/example_dags/example_time_delta_sensor_async.py
[2025-01-28T03:48:43.281+0000] {logging_mixin.py:190} INFO - [2025-01-28T03:48:43.281+0000] {dag.py:3239} INFO - Sync 1 DAGs
[2025-01-28T03:48:43.293+0000] {logging_mixin.py:190} INFO - [2025-01-28T03:48:43.293+0000] {dag.py:4180} INFO - Setting next_dagrun for example_time_delta_sensor_async to None, run_after=None
[2025-01-28T03:48:43.316+0000] {processor.py:208} INFO - Processing /home/ubuntu/airflow-venv/lib/python3.12/site-packages/airflow/example_dags/example_time_delta_sensor_async.py took 0.063 seconds
[2025-01-28T03:49:34.052+0000] {processor.py:186} INFO - Started process (PID=10189) to work on /home/ubuntu/airflow-venv/lib/python3.12/site-packages/airflow/example_dags/example_time_delta_sensor_async.py
[2025-01-28T03:49:34.054+0000] {processor.py:914} INFO - Processing file /home/ubuntu/airflow-venv/lib/python3.12/site-packages/airflow/example_dags/example_time_delta_sensor_async.py for tasks to queue
[2025-01-28T03:49:34.056+0000] {logging_mixin.py:190} INFO - [2025-01-28T03:49:34.055+0000] {dagbag.py:588} INFO - Filling up the DagBag from /home/ubuntu/airflow-venv/lib/python3.12/site-packages/airflow/example_dags/example_time_delta_sensor_async.py
[2025-01-28T03:49:34.063+0000] {processor.py:925} INFO - DAG(s) 'example_time_delta_sensor_async' retrieved from /home/ubuntu/airflow-venv/lib/python3.12/site-packages/airflow/example_dags/example_time_delta_sensor_async.py
[2025-01-28T03:49:34.077+0000] {logging_mixin.py:190} INFO - [2025-01-28T03:49:34.077+0000] {dag.py:3239} INFO - Sync 1 DAGs
[2025-01-28T03:49:34.088+0000] {logging_mixin.py:190} INFO - [2025-01-28T03:49:34.088+0000] {dag.py:4180} INFO - Setting next_dagrun for example_time_delta_sensor_async to None, run_after=None
[2025-01-28T03:49:34.110+0000] {processor.py:208} INFO - Processing /home/ubuntu/airflow-venv/lib/python3.12/site-packages/airflow/example_dags/example_time_delta_sensor_async.py took 0.063 seconds
[2025-01-28T05:55:08.324+0000] {processor.py:186} INFO - Started process (PID=1901) to work on /home/ubuntu/.local/lib/python3.12/site-packages/airflow/example_dags/example_time_delta_sensor_async.py
[2025-01-28T05:55:08.325+0000] {processor.py:914} INFO - Processing file /home/ubuntu/.local/lib/python3.12/site-packages/airflow/example_dags/example_time_delta_sensor_async.py for tasks to queue
[2025-01-28T05:55:08.327+0000] {logging_mixin.py:190} INFO - [2025-01-28T05:55:08.327+0000] {dagbag.py:588} INFO - Filling up the DagBag from /home/ubuntu/.local/lib/python3.12/site-packages/airflow/example_dags/example_time_delta_sensor_async.py
[2025-01-28T05:55:08.333+0000] {processor.py:925} INFO - DAG(s) 'example_time_delta_sensor_async' retrieved from /home/ubuntu/.local/lib/python3.12/site-packages/airflow/example_dags/example_time_delta_sensor_async.py
[2025-01-28T05:55:08.425+0000] {logging_mixin.py:190} INFO - [2025-01-28T05:55:08.425+0000] {dag.py:3239} INFO - Sync 1 DAGs
[2025-01-28T05:55:08.434+0000] {logging_mixin.py:190} INFO - [2025-01-28T05:55:08.434+0000] {dag.py:4180} INFO - Setting next_dagrun for example_time_delta_sensor_async to None, run_after=None
[2025-01-28T05:55:08.463+0000] {processor.py:208} INFO - Processing /home/ubuntu/.local/lib/python3.12/site-packages/airflow/example_dags/example_time_delta_sensor_async.py took 0.148 seconds
[2025-01-28T05:56:08.136+0000] {processor.py:186} INFO - Started process (PID=1960) to work on /home/ubuntu/.local/lib/python3.12/site-packages/airflow/example_dags/example_time_delta_sensor_async.py
[2025-01-28T05:56:08.137+0000] {processor.py:914} INFO - Processing file /home/ubuntu/.local/lib/python3.12/site-packages/airflow/example_dags/example_time_delta_sensor_async.py for tasks to queue
[2025-01-28T05:56:08.140+0000] {logging_mixin.py:190} INFO - [2025-01-28T05:56:08.139+0000] {dagbag.py:588} INFO - Filling up the DagBag from /home/ubuntu/.local/lib/python3.12/site-packages/airflow/example_dags/example_time_delta_sensor_async.py
[2025-01-28T05:56:08.147+0000] {processor.py:925} INFO - DAG(s) 'example_time_delta_sensor_async' retrieved from /home/ubuntu/.local/lib/python3.12/site-packages/airflow/example_dags/example_time_delta_sensor_async.py
[2025-01-28T05:56:08.161+0000] {logging_mixin.py:190} INFO - [2025-01-28T05:56:08.161+0000] {dag.py:3239} INFO - Sync 1 DAGs
[2025-01-28T05:56:08.173+0000] {logging_mixin.py:190} INFO - [2025-01-28T05:56:08.173+0000] {dag.py:4180} INFO - Setting next_dagrun for example_time_delta_sensor_async to None, run_after=None
[2025-01-28T05:56:08.196+0000] {processor.py:208} INFO - Processing /home/ubuntu/.local/lib/python3.12/site-packages/airflow/example_dags/example_time_delta_sensor_async.py took 0.066 seconds
[2025-01-28T05:57:04.684+0000] {processor.py:186} INFO - Started process (PID=2036) to work on /home/ubuntu/.local/lib/python3.12/site-packages/airflow/example_dags/example_time_delta_sensor_async.py
[2025-01-28T05:57:04.686+0000] {processor.py:914} INFO - Processing file /home/ubuntu/.local/lib/python3.12/site-packages/airflow/example_dags/example_time_delta_sensor_async.py for tasks to queue
[2025-01-28T05:57:04.688+0000] {logging_mixin.py:190} INFO - [2025-01-28T05:57:04.688+0000] {dagbag.py:588} INFO - Filling up the DagBag from /home/ubuntu/.local/lib/python3.12/site-packages/airflow/example_dags/example_time_delta_sensor_async.py
[2025-01-28T05:57:04.695+0000] {processor.py:925} INFO - DAG(s) 'example_time_delta_sensor_async' retrieved from /home/ubuntu/.local/lib/python3.12/site-packages/airflow/example_dags/example_time_delta_sensor_async.py
[2025-01-28T05:57:04.711+0000] {logging_mixin.py:190} INFO - [2025-01-28T05:57:04.711+0000] {dag.py:3239} INFO - Sync 1 DAGs
[2025-01-28T05:57:04.722+0000] {logging_mixin.py:190} INFO - [2025-01-28T05:57:04.722+0000] {dag.py:4180} INFO - Setting next_dagrun for example_time_delta_sensor_async to None, run_after=None
[2025-01-28T05:57:04.750+0000] {processor.py:208} INFO - Processing /home/ubuntu/.local/lib/python3.12/site-packages/airflow/example_dags/example_time_delta_sensor_async.py took 0.072 seconds
[2025-01-28T05:57:59.539+0000] {processor.py:186} INFO - Started process (PID=2107) to work on /home/ubuntu/.local/lib/python3.12/site-packages/airflow/example_dags/example_time_delta_sensor_async.py
[2025-01-28T05:57:59.540+0000] {processor.py:914} INFO - Processing file /home/ubuntu/.local/lib/python3.12/site-packages/airflow/example_dags/example_time_delta_sensor_async.py for tasks to queue
[2025-01-28T05:57:59.543+0000] {logging_mixin.py:190} INFO - [2025-01-28T05:57:59.542+0000] {dagbag.py:588} INFO - Filling up the DagBag from /home/ubuntu/.local/lib/python3.12/site-packages/airflow/example_dags/example_time_delta_sensor_async.py
[2025-01-28T05:57:59.550+0000] {processor.py:925} INFO - DAG(s) 'example_time_delta_sensor_async' retrieved from /home/ubuntu/.local/lib/python3.12/site-packages/airflow/example_dags/example_time_delta_sensor_async.py
[2025-01-28T05:57:59.565+0000] {logging_mixin.py:190} INFO - [2025-01-28T05:57:59.564+0000] {dag.py:3239} INFO - Sync 1 DAGs
[2025-01-28T05:57:59.575+0000] {logging_mixin.py:190} INFO - [2025-01-28T05:57:59.575+0000] {dag.py:4180} INFO - Setting next_dagrun for example_time_delta_sensor_async to None, run_after=None
[2025-01-28T05:57:59.599+0000] {processor.py:208} INFO - Processing /home/ubuntu/.local/lib/python3.12/site-packages/airflow/example_dags/example_time_delta_sensor_async.py took 0.066 seconds
[2025-01-28T05:58:55.348+0000] {processor.py:186} INFO - Started process (PID=2164) to work on /home/ubuntu/.local/lib/python3.12/site-packages/airflow/example_dags/example_time_delta_sensor_async.py
[2025-01-28T05:58:55.350+0000] {processor.py:914} INFO - Processing file /home/ubuntu/.local/lib/python3.12/site-packages/airflow/example_dags/example_time_delta_sensor_async.py for tasks to queue
[2025-01-28T05:58:55.352+0000] {logging_mixin.py:190} INFO - [2025-01-28T05:58:55.352+0000] {dagbag.py:588} INFO - Filling up the DagBag from /home/ubuntu/.local/lib/python3.12/site-packages/airflow/example_dags/example_time_delta_sensor_async.py
[2025-01-28T05:58:55.359+0000] {processor.py:925} INFO - DAG(s) 'example_time_delta_sensor_async' retrieved from /home/ubuntu/.local/lib/python3.12/site-packages/airflow/example_dags/example_time_delta_sensor_async.py
[2025-01-28T05:58:55.374+0000] {logging_mixin.py:190} INFO - [2025-01-28T05:58:55.374+0000] {dag.py:3239} INFO - Sync 1 DAGs
[2025-01-28T05:58:55.385+0000] {logging_mixin.py:190} INFO - [2025-01-28T05:58:55.385+0000] {dag.py:4180} INFO - Setting next_dagrun for example_time_delta_sensor_async to None, run_after=None
[2025-01-28T05:58:55.412+0000] {processor.py:208} INFO - Processing /home/ubuntu/.local/lib/python3.12/site-packages/airflow/example_dags/example_time_delta_sensor_async.py took 0.069 seconds
[2025-01-28T05:59:51.289+0000] {processor.py:186} INFO - Started process (PID=2221) to work on /home/ubuntu/.local/lib/python3.12/site-packages/airflow/example_dags/example_time_delta_sensor_async.py
[2025-01-28T05:59:51.291+0000] {processor.py:914} INFO - Processing file /home/ubuntu/.local/lib/python3.12/site-packages/airflow/example_dags/example_time_delta_sensor_async.py for tasks to queue
[2025-01-28T05:59:51.293+0000] {logging_mixin.py:190} INFO - [2025-01-28T05:59:51.293+0000] {dagbag.py:588} INFO - Filling up the DagBag from /home/ubuntu/.local/lib/python3.12/site-packages/airflow/example_dags/example_time_delta_sensor_async.py
[2025-01-28T05:59:51.300+0000] {processor.py:925} INFO - DAG(s) 'example_time_delta_sensor_async' retrieved from /home/ubuntu/.local/lib/python3.12/site-packages/airflow/example_dags/example_time_delta_sensor_async.py
[2025-01-28T05:59:51.314+0000] {logging_mixin.py:190} INFO - [2025-01-28T05:59:51.314+0000] {dag.py:3239} INFO - Sync 1 DAGs
[2025-01-28T05:59:51.326+0000] {logging_mixin.py:190} INFO - [2025-01-28T05:59:51.326+0000] {dag.py:4180} INFO - Setting next_dagrun for example_time_delta_sensor_async to None, run_after=None
[2025-01-28T05:59:51.349+0000] {processor.py:208} INFO - Processing /home/ubuntu/.local/lib/python3.12/site-packages/airflow/example_dags/example_time_delta_sensor_async.py took 0.065 seconds
[2025-01-28T06:00:44.256+0000] {processor.py:186} INFO - Started process (PID=2278) to work on /home/ubuntu/.local/lib/python3.12/site-packages/airflow/example_dags/example_time_delta_sensor_async.py
[2025-01-28T06:00:44.258+0000] {processor.py:914} INFO - Processing file /home/ubuntu/.local/lib/python3.12/site-packages/airflow/example_dags/example_time_delta_sensor_async.py for tasks to queue
[2025-01-28T06:00:44.260+0000] {logging_mixin.py:190} INFO - [2025-01-28T06:00:44.260+0000] {dagbag.py:588} INFO - Filling up the DagBag from /home/ubuntu/.local/lib/python3.12/site-packages/airflow/example_dags/example_time_delta_sensor_async.py
[2025-01-28T06:00:44.267+0000] {processor.py:925} INFO - DAG(s) 'example_time_delta_sensor_async' retrieved from /home/ubuntu/.local/lib/python3.12/site-packages/airflow/example_dags/example_time_delta_sensor_async.py
[2025-01-28T06:00:44.281+0000] {logging_mixin.py:190} INFO - [2025-01-28T06:00:44.281+0000] {dag.py:3239} INFO - Sync 1 DAGs
[2025-01-28T06:00:44.292+0000] {logging_mixin.py:190} INFO - [2025-01-28T06:00:44.292+0000] {dag.py:4180} INFO - Setting next_dagrun for example_time_delta_sensor_async to None, run_after=None
[2025-01-28T06:00:44.317+0000] {processor.py:208} INFO - Processing /home/ubuntu/.local/lib/python3.12/site-packages/airflow/example_dags/example_time_delta_sensor_async.py took 0.065 seconds
[2025-01-28T06:01:32.505+0000] {processor.py:186} INFO - Started process (PID=2330) to work on /home/ubuntu/.local/lib/python3.12/site-packages/airflow/example_dags/example_time_delta_sensor_async.py
[2025-01-28T06:01:32.506+0000] {processor.py:914} INFO - Processing file /home/ubuntu/.local/lib/python3.12/site-packages/airflow/example_dags/example_time_delta_sensor_async.py for tasks to queue
[2025-01-28T06:01:32.508+0000] {logging_mixin.py:190} INFO - [2025-01-28T06:01:32.508+0000] {dagbag.py:588} INFO - Filling up the DagBag from /home/ubuntu/.local/lib/python3.12/site-packages/airflow/example_dags/example_time_delta_sensor_async.py
[2025-01-28T06:01:32.515+0000] {processor.py:925} INFO - DAG(s) 'example_time_delta_sensor_async' retrieved from /home/ubuntu/.local/lib/python3.12/site-packages/airflow/example_dags/example_time_delta_sensor_async.py
[2025-01-28T06:01:32.530+0000] {logging_mixin.py:190} INFO - [2025-01-28T06:01:32.530+0000] {dag.py:3239} INFO - Sync 1 DAGs
[2025-01-28T06:01:32.542+0000] {logging_mixin.py:190} INFO - [2025-01-28T06:01:32.541+0000] {dag.py:4180} INFO - Setting next_dagrun for example_time_delta_sensor_async to None, run_after=None
[2025-01-28T06:01:32.564+0000] {processor.py:208} INFO - Processing /home/ubuntu/.local/lib/python3.12/site-packages/airflow/example_dags/example_time_delta_sensor_async.py took 0.063 seconds
[2025-01-28T06:02:21.137+0000] {processor.py:186} INFO - Started process (PID=2386) to work on /home/ubuntu/.local/lib/python3.12/site-packages/airflow/example_dags/example_time_delta_sensor_async.py
[2025-01-28T06:02:21.140+0000] {processor.py:914} INFO - Processing file /home/ubuntu/.local/lib/python3.12/site-packages/airflow/example_dags/example_time_delta_sensor_async.py for tasks to queue
[2025-01-28T06:02:21.142+0000] {logging_mixin.py:190} INFO - [2025-01-28T06:02:21.142+0000] {dagbag.py:588} INFO - Filling up the DagBag from /home/ubuntu/.local/lib/python3.12/site-packages/airflow/example_dags/example_time_delta_sensor_async.py
[2025-01-28T06:02:21.149+0000] {processor.py:925} INFO - DAG(s) 'example_time_delta_sensor_async' retrieved from /home/ubuntu/.local/lib/python3.12/site-packages/airflow/example_dags/example_time_delta_sensor_async.py
[2025-01-28T06:02:21.164+0000] {logging_mixin.py:190} INFO - [2025-01-28T06:02:21.164+0000] {dag.py:3239} INFO - Sync 1 DAGs
[2025-01-28T06:02:21.175+0000] {logging_mixin.py:190} INFO - [2025-01-28T06:02:21.175+0000] {dag.py:4180} INFO - Setting next_dagrun for example_time_delta_sensor_async to None, run_after=None
[2025-01-28T06:02:21.197+0000] {processor.py:208} INFO - Processing /home/ubuntu/.local/lib/python3.12/site-packages/airflow/example_dags/example_time_delta_sensor_async.py took 0.065 seconds
[2025-01-28T06:03:12.692+0000] {processor.py:186} INFO - Started process (PID=2451) to work on /home/ubuntu/.local/lib/python3.12/site-packages/airflow/example_dags/example_time_delta_sensor_async.py
[2025-01-28T06:03:12.694+0000] {processor.py:914} INFO - Processing file /home/ubuntu/.local/lib/python3.12/site-packages/airflow/example_dags/example_time_delta_sensor_async.py for tasks to queue
[2025-01-28T06:03:12.696+0000] {logging_mixin.py:190} INFO - [2025-01-28T06:03:12.696+0000] {dagbag.py:588} INFO - Filling up the DagBag from /home/ubuntu/.local/lib/python3.12/site-packages/airflow/example_dags/example_time_delta_sensor_async.py
[2025-01-28T06:03:12.703+0000] {processor.py:925} INFO - DAG(s) 'example_time_delta_sensor_async' retrieved from /home/ubuntu/.local/lib/python3.12/site-packages/airflow/example_dags/example_time_delta_sensor_async.py
[2025-01-28T06:03:12.718+0000] {logging_mixin.py:190} INFO - [2025-01-28T06:03:12.718+0000] {dag.py:3239} INFO - Sync 1 DAGs
[2025-01-28T06:03:12.729+0000] {logging_mixin.py:190} INFO - [2025-01-28T06:03:12.729+0000] {dag.py:4180} INFO - Setting next_dagrun for example_time_delta_sensor_async to None, run_after=None
[2025-01-28T06:03:12.750+0000] {processor.py:208} INFO - Processing /home/ubuntu/.local/lib/python3.12/site-packages/airflow/example_dags/example_time_delta_sensor_async.py took 0.064 seconds
[2025-01-28T06:04:27.912+0000] {processor.py:186} INFO - Started process (PID=2532) to work on /home/ubuntu/.local/lib/python3.12/site-packages/airflow/example_dags/example_time_delta_sensor_async.py
[2025-01-28T06:04:27.913+0000] {processor.py:914} INFO - Processing file /home/ubuntu/.local/lib/python3.12/site-packages/airflow/example_dags/example_time_delta_sensor_async.py for tasks to queue
[2025-01-28T06:04:27.916+0000] {logging_mixin.py:190} INFO - [2025-01-28T06:04:27.916+0000] {dagbag.py:588} INFO - Filling up the DagBag from /home/ubuntu/.local/lib/python3.12/site-packages/airflow/example_dags/example_time_delta_sensor_async.py
[2025-01-28T06:04:27.923+0000] {processor.py:925} INFO - DAG(s) 'example_time_delta_sensor_async' retrieved from /home/ubuntu/.local/lib/python3.12/site-packages/airflow/example_dags/example_time_delta_sensor_async.py
[2025-01-28T06:04:27.939+0000] {logging_mixin.py:190} INFO - [2025-01-28T06:04:27.939+0000] {dag.py:3239} INFO - Sync 1 DAGs
[2025-01-28T06:04:27.950+0000] {logging_mixin.py:190} INFO - [2025-01-28T06:04:27.950+0000] {dag.py:4180} INFO - Setting next_dagrun for example_time_delta_sensor_async to None, run_after=None
[2025-01-28T06:04:27.972+0000] {processor.py:208} INFO - Processing /home/ubuntu/.local/lib/python3.12/site-packages/airflow/example_dags/example_time_delta_sensor_async.py took 0.066 seconds
[2025-01-28T06:05:24.844+0000] {processor.py:186} INFO - Started process (PID=2594) to work on /home/ubuntu/.local/lib/python3.12/site-packages/airflow/example_dags/example_time_delta_sensor_async.py
[2025-01-28T06:05:24.845+0000] {processor.py:914} INFO - Processing file /home/ubuntu/.local/lib/python3.12/site-packages/airflow/example_dags/example_time_delta_sensor_async.py for tasks to queue
[2025-01-28T06:05:24.848+0000] {logging_mixin.py:190} INFO - [2025-01-28T06:05:24.847+0000] {dagbag.py:588} INFO - Filling up the DagBag from /home/ubuntu/.local/lib/python3.12/site-packages/airflow/example_dags/example_time_delta_sensor_async.py
[2025-01-28T06:05:24.854+0000] {processor.py:925} INFO - DAG(s) 'example_time_delta_sensor_async' retrieved from /home/ubuntu/.local/lib/python3.12/site-packages/airflow/example_dags/example_time_delta_sensor_async.py
[2025-01-28T06:05:24.870+0000] {logging_mixin.py:190} INFO - [2025-01-28T06:05:24.869+0000] {dag.py:3239} INFO - Sync 1 DAGs
[2025-01-28T06:05:24.880+0000] {logging_mixin.py:190} INFO - [2025-01-28T06:05:24.880+0000] {dag.py:4180} INFO - Setting next_dagrun for example_time_delta_sensor_async to None, run_after=None
[2025-01-28T06:05:24.903+0000] {processor.py:208} INFO - Processing /home/ubuntu/.local/lib/python3.12/site-packages/airflow/example_dags/example_time_delta_sensor_async.py took 0.063 seconds
[2025-01-28T06:06:38.639+0000] {processor.py:186} INFO - Started process (PID=2681) to work on /home/ubuntu/.local/lib/python3.12/site-packages/airflow/example_dags/example_time_delta_sensor_async.py
[2025-01-28T06:06:38.641+0000] {processor.py:914} INFO - Processing file /home/ubuntu/.local/lib/python3.12/site-packages/airflow/example_dags/example_time_delta_sensor_async.py for tasks to queue
[2025-01-28T06:06:38.644+0000] {logging_mixin.py:190} INFO - [2025-01-28T06:06:38.644+0000] {dagbag.py:588} INFO - Filling up the DagBag from /home/ubuntu/.local/lib/python3.12/site-packages/airflow/example_dags/example_time_delta_sensor_async.py
[2025-01-28T06:06:38.651+0000] {processor.py:925} INFO - DAG(s) 'example_time_delta_sensor_async' retrieved from /home/ubuntu/.local/lib/python3.12/site-packages/airflow/example_dags/example_time_delta_sensor_async.py
[2025-01-28T06:06:38.666+0000] {logging_mixin.py:190} INFO - [2025-01-28T06:06:38.666+0000] {dag.py:3239} INFO - Sync 1 DAGs
[2025-01-28T06:06:38.677+0000] {logging_mixin.py:190} INFO - [2025-01-28T06:06:38.677+0000] {dag.py:4180} INFO - Setting next_dagrun for example_time_delta_sensor_async to None, run_after=None
[2025-01-28T06:06:38.699+0000] {processor.py:208} INFO - Processing /home/ubuntu/.local/lib/python3.12/site-packages/airflow/example_dags/example_time_delta_sensor_async.py took 0.065 seconds
[2025-01-28T06:07:37.280+0000] {processor.py:186} INFO - Started process (PID=2744) to work on /home/ubuntu/.local/lib/python3.12/site-packages/airflow/example_dags/example_time_delta_sensor_async.py
[2025-01-28T06:07:37.282+0000] {processor.py:914} INFO - Processing file /home/ubuntu/.local/lib/python3.12/site-packages/airflow/example_dags/example_time_delta_sensor_async.py for tasks to queue
[2025-01-28T06:07:37.285+0000] {logging_mixin.py:190} INFO - [2025-01-28T06:07:37.284+0000] {dagbag.py:588} INFO - Filling up the DagBag from /home/ubuntu/.local/lib/python3.12/site-packages/airflow/example_dags/example_time_delta_sensor_async.py
[2025-01-28T06:07:37.291+0000] {processor.py:925} INFO - DAG(s) 'example_time_delta_sensor_async' retrieved from /home/ubuntu/.local/lib/python3.12/site-packages/airflow/example_dags/example_time_delta_sensor_async.py
[2025-01-28T06:07:37.306+0000] {logging_mixin.py:190} INFO - [2025-01-28T06:07:37.306+0000] {dag.py:3239} INFO - Sync 1 DAGs
[2025-01-28T06:07:37.317+0000] {logging_mixin.py:190} INFO - [2025-01-28T06:07:37.316+0000] {dag.py:4180} INFO - Setting next_dagrun for example_time_delta_sensor_async to None, run_after=None
[2025-01-28T06:07:37.342+0000] {processor.py:208} INFO - Processing /home/ubuntu/.local/lib/python3.12/site-packages/airflow/example_dags/example_time_delta_sensor_async.py took 0.067 seconds
[2025-01-28T06:08:34.978+0000] {processor.py:186} INFO - Started process (PID=2803) to work on /home/ubuntu/.local/lib/python3.12/site-packages/airflow/example_dags/example_time_delta_sensor_async.py
[2025-01-28T06:08:34.980+0000] {processor.py:914} INFO - Processing file /home/ubuntu/.local/lib/python3.12/site-packages/airflow/example_dags/example_time_delta_sensor_async.py for tasks to queue
[2025-01-28T06:08:34.982+0000] {logging_mixin.py:190} INFO - [2025-01-28T06:08:34.982+0000] {dagbag.py:588} INFO - Filling up the DagBag from /home/ubuntu/.local/lib/python3.12/site-packages/airflow/example_dags/example_time_delta_sensor_async.py
[2025-01-28T06:08:34.990+0000] {processor.py:925} INFO - DAG(s) 'example_time_delta_sensor_async' retrieved from /home/ubuntu/.local/lib/python3.12/site-packages/airflow/example_dags/example_time_delta_sensor_async.py
[2025-01-28T06:08:35.005+0000] {logging_mixin.py:190} INFO - [2025-01-28T06:08:35.005+0000] {dag.py:3239} INFO - Sync 1 DAGs
[2025-01-28T06:08:35.017+0000] {logging_mixin.py:190} INFO - [2025-01-28T06:08:35.016+0000] {dag.py:4180} INFO - Setting next_dagrun for example_time_delta_sensor_async to None, run_after=None
[2025-01-28T06:08:35.041+0000] {processor.py:208} INFO - Processing /home/ubuntu/.local/lib/python3.12/site-packages/airflow/example_dags/example_time_delta_sensor_async.py took 0.067 seconds
[2025-01-28T06:09:30.424+0000] {processor.py:186} INFO - Started process (PID=2862) to work on /home/ubuntu/.local/lib/python3.12/site-packages/airflow/example_dags/example_time_delta_sensor_async.py
[2025-01-28T06:09:30.426+0000] {processor.py:914} INFO - Processing file /home/ubuntu/.local/lib/python3.12/site-packages/airflow/example_dags/example_time_delta_sensor_async.py for tasks to queue
[2025-01-28T06:09:30.428+0000] {logging_mixin.py:190} INFO - [2025-01-28T06:09:30.428+0000] {dagbag.py:588} INFO - Filling up the DagBag from /home/ubuntu/.local/lib/python3.12/site-packages/airflow/example_dags/example_time_delta_sensor_async.py
[2025-01-28T06:09:30.435+0000] {processor.py:925} INFO - DAG(s) 'example_time_delta_sensor_async' retrieved from /home/ubuntu/.local/lib/python3.12/site-packages/airflow/example_dags/example_time_delta_sensor_async.py
[2025-01-28T06:09:30.451+0000] {logging_mixin.py:190} INFO - [2025-01-28T06:09:30.451+0000] {dag.py:3239} INFO - Sync 1 DAGs
[2025-01-28T06:09:30.462+0000] {logging_mixin.py:190} INFO - [2025-01-28T06:09:30.462+0000] {dag.py:4180} INFO - Setting next_dagrun for example_time_delta_sensor_async to None, run_after=None
[2025-01-28T06:09:30.485+0000] {processor.py:208} INFO - Processing /home/ubuntu/.local/lib/python3.12/site-packages/airflow/example_dags/example_time_delta_sensor_async.py took 0.066 seconds
[2025-01-28T06:10:21.915+0000] {processor.py:186} INFO - Started process (PID=2931) to work on /home/ubuntu/.local/lib/python3.12/site-packages/airflow/example_dags/example_time_delta_sensor_async.py
[2025-01-28T06:10:21.917+0000] {processor.py:914} INFO - Processing file /home/ubuntu/.local/lib/python3.12/site-packages/airflow/example_dags/example_time_delta_sensor_async.py for tasks to queue
[2025-01-28T06:10:21.919+0000] {logging_mixin.py:190} INFO - [2025-01-28T06:10:21.919+0000] {dagbag.py:588} INFO - Filling up the DagBag from /home/ubuntu/.local/lib/python3.12/site-packages/airflow/example_dags/example_time_delta_sensor_async.py
[2025-01-28T06:10:21.926+0000] {processor.py:925} INFO - DAG(s) 'example_time_delta_sensor_async' retrieved from /home/ubuntu/.local/lib/python3.12/site-packages/airflow/example_dags/example_time_delta_sensor_async.py
[2025-01-28T06:10:21.952+0000] {logging_mixin.py:190} INFO - [2025-01-28T06:10:21.952+0000] {dag.py:3239} INFO - Sync 1 DAGs
[2025-01-28T06:10:21.963+0000] {logging_mixin.py:190} INFO - [2025-01-28T06:10:21.963+0000] {dag.py:4180} INFO - Setting next_dagrun for example_time_delta_sensor_async to None, run_after=None
[2025-01-28T06:10:21.985+0000] {processor.py:208} INFO - Processing /home/ubuntu/.local/lib/python3.12/site-packages/airflow/example_dags/example_time_delta_sensor_async.py took 0.076 seconds
[2025-01-28T06:11:16.821+0000] {processor.py:186} INFO - Started process (PID=2995) to work on /home/ubuntu/.local/lib/python3.12/site-packages/airflow/example_dags/example_time_delta_sensor_async.py
[2025-01-28T06:11:16.823+0000] {processor.py:914} INFO - Processing file /home/ubuntu/.local/lib/python3.12/site-packages/airflow/example_dags/example_time_delta_sensor_async.py for tasks to queue
[2025-01-28T06:11:16.825+0000] {logging_mixin.py:190} INFO - [2025-01-28T06:11:16.825+0000] {dagbag.py:588} INFO - Filling up the DagBag from /home/ubuntu/.local/lib/python3.12/site-packages/airflow/example_dags/example_time_delta_sensor_async.py
[2025-01-28T06:11:16.832+0000] {processor.py:925} INFO - DAG(s) 'example_time_delta_sensor_async' retrieved from /home/ubuntu/.local/lib/python3.12/site-packages/airflow/example_dags/example_time_delta_sensor_async.py
[2025-01-28T06:11:16.847+0000] {logging_mixin.py:190} INFO - [2025-01-28T06:11:16.847+0000] {dag.py:3239} INFO - Sync 1 DAGs
[2025-01-28T06:11:16.858+0000] {logging_mixin.py:190} INFO - [2025-01-28T06:11:16.858+0000] {dag.py:4180} INFO - Setting next_dagrun for example_time_delta_sensor_async to None, run_after=None
[2025-01-28T06:11:16.881+0000] {processor.py:208} INFO - Processing /home/ubuntu/.local/lib/python3.12/site-packages/airflow/example_dags/example_time_delta_sensor_async.py took 0.065 seconds
[2025-01-28T06:12:09.319+0000] {processor.py:186} INFO - Started process (PID=3050) to work on /home/ubuntu/.local/lib/python3.12/site-packages/airflow/example_dags/example_time_delta_sensor_async.py
[2025-01-28T06:12:09.321+0000] {processor.py:914} INFO - Processing file /home/ubuntu/.local/lib/python3.12/site-packages/airflow/example_dags/example_time_delta_sensor_async.py for tasks to queue
[2025-01-28T06:12:09.323+0000] {logging_mixin.py:190} INFO - [2025-01-28T06:12:09.323+0000] {dagbag.py:588} INFO - Filling up the DagBag from /home/ubuntu/.local/lib/python3.12/site-packages/airflow/example_dags/example_time_delta_sensor_async.py
[2025-01-28T06:12:09.330+0000] {processor.py:925} INFO - DAG(s) 'example_time_delta_sensor_async' retrieved from /home/ubuntu/.local/lib/python3.12/site-packages/airflow/example_dags/example_time_delta_sensor_async.py
[2025-01-28T06:12:09.346+0000] {logging_mixin.py:190} INFO - [2025-01-28T06:12:09.345+0000] {dag.py:3239} INFO - Sync 1 DAGs
[2025-01-28T06:12:09.356+0000] {logging_mixin.py:190} INFO - [2025-01-28T06:12:09.356+0000] {dag.py:4180} INFO - Setting next_dagrun for example_time_delta_sensor_async to None, run_after=None
[2025-01-28T06:12:09.380+0000] {processor.py:208} INFO - Processing /home/ubuntu/.local/lib/python3.12/site-packages/airflow/example_dags/example_time_delta_sensor_async.py took 0.066 seconds
[2025-01-28T06:13:05.170+0000] {processor.py:186} INFO - Started process (PID=3106) to work on /home/ubuntu/.local/lib/python3.12/site-packages/airflow/example_dags/example_time_delta_sensor_async.py
[2025-01-28T06:13:05.172+0000] {processor.py:914} INFO - Processing file /home/ubuntu/.local/lib/python3.12/site-packages/airflow/example_dags/example_time_delta_sensor_async.py for tasks to queue
[2025-01-28T06:13:05.174+0000] {logging_mixin.py:190} INFO - [2025-01-28T06:13:05.174+0000] {dagbag.py:588} INFO - Filling up the DagBag from /home/ubuntu/.local/lib/python3.12/site-packages/airflow/example_dags/example_time_delta_sensor_async.py
[2025-01-28T06:13:05.182+0000] {processor.py:925} INFO - DAG(s) 'example_time_delta_sensor_async' retrieved from /home/ubuntu/.local/lib/python3.12/site-packages/airflow/example_dags/example_time_delta_sensor_async.py
[2025-01-28T06:13:05.197+0000] {logging_mixin.py:190} INFO - [2025-01-28T06:13:05.197+0000] {dag.py:3239} INFO - Sync 1 DAGs
[2025-01-28T06:13:05.208+0000] {logging_mixin.py:190} INFO - [2025-01-28T06:13:05.208+0000] {dag.py:4180} INFO - Setting next_dagrun for example_time_delta_sensor_async to None, run_after=None
[2025-01-28T06:13:05.232+0000] {processor.py:208} INFO - Processing /home/ubuntu/.local/lib/python3.12/site-packages/airflow/example_dags/example_time_delta_sensor_async.py took 0.067 seconds
[2025-01-28T06:13:57.006+0000] {processor.py:186} INFO - Started process (PID=3161) to work on /home/ubuntu/.local/lib/python3.12/site-packages/airflow/example_dags/example_time_delta_sensor_async.py
[2025-01-28T06:13:57.007+0000] {processor.py:914} INFO - Processing file /home/ubuntu/.local/lib/python3.12/site-packages/airflow/example_dags/example_time_delta_sensor_async.py for tasks to queue
[2025-01-28T06:13:57.009+0000] {logging_mixin.py:190} INFO - [2025-01-28T06:13:57.009+0000] {dagbag.py:588} INFO - Filling up the DagBag from /home/ubuntu/.local/lib/python3.12/site-packages/airflow/example_dags/example_time_delta_sensor_async.py
[2025-01-28T06:13:57.016+0000] {processor.py:925} INFO - DAG(s) 'example_time_delta_sensor_async' retrieved from /home/ubuntu/.local/lib/python3.12/site-packages/airflow/example_dags/example_time_delta_sensor_async.py
[2025-01-28T06:13:57.032+0000] {logging_mixin.py:190} INFO - [2025-01-28T06:13:57.031+0000] {dag.py:3239} INFO - Sync 1 DAGs
[2025-01-28T06:13:57.042+0000] {logging_mixin.py:190} INFO - [2025-01-28T06:13:57.042+0000] {dag.py:4180} INFO - Setting next_dagrun for example_time_delta_sensor_async to None, run_after=None
[2025-01-28T06:13:57.065+0000] {processor.py:208} INFO - Processing /home/ubuntu/.local/lib/python3.12/site-packages/airflow/example_dags/example_time_delta_sensor_async.py took 0.065 seconds
[2025-01-28T06:14:50.720+0000] {processor.py:186} INFO - Started process (PID=3216) to work on /home/ubuntu/.local/lib/python3.12/site-packages/airflow/example_dags/example_time_delta_sensor_async.py
[2025-01-28T06:14:50.722+0000] {processor.py:914} INFO - Processing file /home/ubuntu/.local/lib/python3.12/site-packages/airflow/example_dags/example_time_delta_sensor_async.py for tasks to queue
[2025-01-28T06:14:50.724+0000] {logging_mixin.py:190} INFO - [2025-01-28T06:14:50.724+0000] {dagbag.py:588} INFO - Filling up the DagBag from /home/ubuntu/.local/lib/python3.12/site-packages/airflow/example_dags/example_time_delta_sensor_async.py
[2025-01-28T06:14:50.732+0000] {processor.py:925} INFO - DAG(s) 'example_time_delta_sensor_async' retrieved from /home/ubuntu/.local/lib/python3.12/site-packages/airflow/example_dags/example_time_delta_sensor_async.py
[2025-01-28T06:14:50.746+0000] {logging_mixin.py:190} INFO - [2025-01-28T06:14:50.746+0000] {dag.py:3239} INFO - Sync 1 DAGs
[2025-01-28T06:14:50.757+0000] {logging_mixin.py:190} INFO - [2025-01-28T06:14:50.757+0000] {dag.py:4180} INFO - Setting next_dagrun for example_time_delta_sensor_async to None, run_after=None
[2025-01-28T06:14:50.779+0000] {processor.py:208} INFO - Processing /home/ubuntu/.local/lib/python3.12/site-packages/airflow/example_dags/example_time_delta_sensor_async.py took 0.064 seconds
[2025-01-28T06:15:43.477+0000] {processor.py:186} INFO - Started process (PID=3275) to work on /home/ubuntu/.local/lib/python3.12/site-packages/airflow/example_dags/example_time_delta_sensor_async.py
[2025-01-28T06:15:43.479+0000] {processor.py:914} INFO - Processing file /home/ubuntu/.local/lib/python3.12/site-packages/airflow/example_dags/example_time_delta_sensor_async.py for tasks to queue
[2025-01-28T06:15:43.482+0000] {logging_mixin.py:190} INFO - [2025-01-28T06:15:43.481+0000] {dagbag.py:588} INFO - Filling up the DagBag from /home/ubuntu/.local/lib/python3.12/site-packages/airflow/example_dags/example_time_delta_sensor_async.py
[2025-01-28T06:15:43.488+0000] {processor.py:925} INFO - DAG(s) 'example_time_delta_sensor_async' retrieved from /home/ubuntu/.local/lib/python3.12/site-packages/airflow/example_dags/example_time_delta_sensor_async.py
[2025-01-28T06:15:43.503+0000] {logging_mixin.py:190} INFO - [2025-01-28T06:15:43.503+0000] {dag.py:3239} INFO - Sync 1 DAGs
[2025-01-28T06:15:43.514+0000] {logging_mixin.py:190} INFO - [2025-01-28T06:15:43.513+0000] {dag.py:4180} INFO - Setting next_dagrun for example_time_delta_sensor_async to None, run_after=None
[2025-01-28T06:15:43.537+0000] {processor.py:208} INFO - Processing /home/ubuntu/.local/lib/python3.12/site-packages/airflow/example_dags/example_time_delta_sensor_async.py took 0.064 seconds
[2025-01-28T06:16:36.062+0000] {processor.py:186} INFO - Started process (PID=3329) to work on /home/ubuntu/.local/lib/python3.12/site-packages/airflow/example_dags/example_time_delta_sensor_async.py
[2025-01-28T06:16:36.063+0000] {processor.py:914} INFO - Processing file /home/ubuntu/.local/lib/python3.12/site-packages/airflow/example_dags/example_time_delta_sensor_async.py for tasks to queue
[2025-01-28T06:16:36.066+0000] {logging_mixin.py:190} INFO - [2025-01-28T06:16:36.066+0000] {dagbag.py:588} INFO - Filling up the DagBag from /home/ubuntu/.local/lib/python3.12/site-packages/airflow/example_dags/example_time_delta_sensor_async.py
[2025-01-28T06:16:36.073+0000] {processor.py:925} INFO - DAG(s) 'example_time_delta_sensor_async' retrieved from /home/ubuntu/.local/lib/python3.12/site-packages/airflow/example_dags/example_time_delta_sensor_async.py
[2025-01-28T06:16:36.094+0000] {logging_mixin.py:190} INFO - [2025-01-28T06:16:36.094+0000] {dag.py:3239} INFO - Sync 1 DAGs
[2025-01-28T06:16:36.105+0000] {logging_mixin.py:190} INFO - [2025-01-28T06:16:36.105+0000] {dag.py:4180} INFO - Setting next_dagrun for example_time_delta_sensor_async to None, run_after=None
[2025-01-28T06:16:36.127+0000] {processor.py:208} INFO - Processing /home/ubuntu/.local/lib/python3.12/site-packages/airflow/example_dags/example_time_delta_sensor_async.py took 0.071 seconds
[2025-01-28T06:17:29.132+0000] {processor.py:186} INFO - Started process (PID=3389) to work on /home/ubuntu/.local/lib/python3.12/site-packages/airflow/example_dags/example_time_delta_sensor_async.py
[2025-01-28T06:17:29.133+0000] {processor.py:914} INFO - Processing file /home/ubuntu/.local/lib/python3.12/site-packages/airflow/example_dags/example_time_delta_sensor_async.py for tasks to queue
[2025-01-28T06:17:29.136+0000] {logging_mixin.py:190} INFO - [2025-01-28T06:17:29.136+0000] {dagbag.py:588} INFO - Filling up the DagBag from /home/ubuntu/.local/lib/python3.12/site-packages/airflow/example_dags/example_time_delta_sensor_async.py
[2025-01-28T06:17:29.144+0000] {processor.py:925} INFO - DAG(s) 'example_time_delta_sensor_async' retrieved from /home/ubuntu/.local/lib/python3.12/site-packages/airflow/example_dags/example_time_delta_sensor_async.py
[2025-01-28T06:17:29.158+0000] {logging_mixin.py:190} INFO - [2025-01-28T06:17:29.156+0000] {dag.py:3239} INFO - Sync 1 DAGs
[2025-01-28T06:17:29.169+0000] {logging_mixin.py:190} INFO - [2025-01-28T06:17:29.169+0000] {dag.py:4180} INFO - Setting next_dagrun for example_time_delta_sensor_async to None, run_after=None
[2025-01-28T06:17:29.190+0000] {processor.py:208} INFO - Processing /home/ubuntu/.local/lib/python3.12/site-packages/airflow/example_dags/example_time_delta_sensor_async.py took 0.064 seconds
[2025-01-28T06:18:15.800+0000] {processor.py:186} INFO - Started process (PID=3477) to work on /home/ubuntu/.local/lib/python3.12/site-packages/airflow/example_dags/example_time_delta_sensor_async.py
[2025-01-28T06:18:15.802+0000] {processor.py:914} INFO - Processing file /home/ubuntu/.local/lib/python3.12/site-packages/airflow/example_dags/example_time_delta_sensor_async.py for tasks to queue
[2025-01-28T06:18:15.804+0000] {logging_mixin.py:190} INFO - [2025-01-28T06:18:15.804+0000] {dagbag.py:588} INFO - Filling up the DagBag from /home/ubuntu/.local/lib/python3.12/site-packages/airflow/example_dags/example_time_delta_sensor_async.py
[2025-01-28T06:18:15.811+0000] {processor.py:925} INFO - DAG(s) 'example_time_delta_sensor_async' retrieved from /home/ubuntu/.local/lib/python3.12/site-packages/airflow/example_dags/example_time_delta_sensor_async.py
[2025-01-28T06:18:15.826+0000] {logging_mixin.py:190} INFO - [2025-01-28T06:18:15.826+0000] {dag.py:3239} INFO - Sync 1 DAGs
[2025-01-28T06:18:15.837+0000] {logging_mixin.py:190} INFO - [2025-01-28T06:18:15.837+0000] {dag.py:4180} INFO - Setting next_dagrun for example_time_delta_sensor_async to None, run_after=None
[2025-01-28T06:18:15.859+0000] {processor.py:208} INFO - Processing /home/ubuntu/.local/lib/python3.12/site-packages/airflow/example_dags/example_time_delta_sensor_async.py took 0.063 seconds
[2025-01-28T06:19:10.390+0000] {processor.py:186} INFO - Started process (PID=3535) to work on /home/ubuntu/.local/lib/python3.12/site-packages/airflow/example_dags/example_time_delta_sensor_async.py
[2025-01-28T06:19:10.392+0000] {processor.py:914} INFO - Processing file /home/ubuntu/.local/lib/python3.12/site-packages/airflow/example_dags/example_time_delta_sensor_async.py for tasks to queue
[2025-01-28T06:19:10.395+0000] {logging_mixin.py:190} INFO - [2025-01-28T06:19:10.394+0000] {dagbag.py:588} INFO - Filling up the DagBag from /home/ubuntu/.local/lib/python3.12/site-packages/airflow/example_dags/example_time_delta_sensor_async.py
[2025-01-28T06:19:10.401+0000] {processor.py:925} INFO - DAG(s) 'example_time_delta_sensor_async' retrieved from /home/ubuntu/.local/lib/python3.12/site-packages/airflow/example_dags/example_time_delta_sensor_async.py
[2025-01-28T06:19:10.417+0000] {logging_mixin.py:190} INFO - [2025-01-28T06:19:10.416+0000] {dag.py:3239} INFO - Sync 1 DAGs
[2025-01-28T06:19:10.428+0000] {logging_mixin.py:190} INFO - [2025-01-28T06:19:10.428+0000] {dag.py:4180} INFO - Setting next_dagrun for example_time_delta_sensor_async to None, run_after=None
[2025-01-28T06:19:10.451+0000] {processor.py:208} INFO - Processing /home/ubuntu/.local/lib/python3.12/site-packages/airflow/example_dags/example_time_delta_sensor_async.py took 0.066 seconds
[2025-01-28T06:20:02.867+0000] {processor.py:186} INFO - Started process (PID=3592) to work on /home/ubuntu/.local/lib/python3.12/site-packages/airflow/example_dags/example_time_delta_sensor_async.py
[2025-01-28T06:20:02.869+0000] {processor.py:914} INFO - Processing file /home/ubuntu/.local/lib/python3.12/site-packages/airflow/example_dags/example_time_delta_sensor_async.py for tasks to queue
[2025-01-28T06:20:02.871+0000] {logging_mixin.py:190} INFO - [2025-01-28T06:20:02.871+0000] {dagbag.py:588} INFO - Filling up the DagBag from /home/ubuntu/.local/lib/python3.12/site-packages/airflow/example_dags/example_time_delta_sensor_async.py
[2025-01-28T06:20:02.879+0000] {processor.py:925} INFO - DAG(s) 'example_time_delta_sensor_async' retrieved from /home/ubuntu/.local/lib/python3.12/site-packages/airflow/example_dags/example_time_delta_sensor_async.py
[2025-01-28T06:20:02.894+0000] {logging_mixin.py:190} INFO - [2025-01-28T06:20:02.894+0000] {dag.py:3239} INFO - Sync 1 DAGs
[2025-01-28T06:20:02.906+0000] {logging_mixin.py:190} INFO - [2025-01-28T06:20:02.906+0000] {dag.py:4180} INFO - Setting next_dagrun for example_time_delta_sensor_async to None, run_after=None
[2025-01-28T06:20:02.930+0000] {processor.py:208} INFO - Processing /home/ubuntu/.local/lib/python3.12/site-packages/airflow/example_dags/example_time_delta_sensor_async.py took 0.068 seconds
[2025-01-28T06:20:59.772+0000] {processor.py:186} INFO - Started process (PID=3722) to work on /home/ubuntu/.local/lib/python3.12/site-packages/airflow/example_dags/example_time_delta_sensor_async.py
[2025-01-28T06:20:59.773+0000] {processor.py:914} INFO - Processing file /home/ubuntu/.local/lib/python3.12/site-packages/airflow/example_dags/example_time_delta_sensor_async.py for tasks to queue
[2025-01-28T06:20:59.776+0000] {logging_mixin.py:190} INFO - [2025-01-28T06:20:59.775+0000] {dagbag.py:588} INFO - Filling up the DagBag from /home/ubuntu/.local/lib/python3.12/site-packages/airflow/example_dags/example_time_delta_sensor_async.py
[2025-01-28T06:20:59.783+0000] {processor.py:925} INFO - DAG(s) 'example_time_delta_sensor_async' retrieved from /home/ubuntu/.local/lib/python3.12/site-packages/airflow/example_dags/example_time_delta_sensor_async.py
[2025-01-28T06:20:59.798+0000] {logging_mixin.py:190} INFO - [2025-01-28T06:20:59.798+0000] {dag.py:3239} INFO - Sync 1 DAGs
[2025-01-28T06:20:59.810+0000] {logging_mixin.py:190} INFO - [2025-01-28T06:20:59.809+0000] {dag.py:4180} INFO - Setting next_dagrun for example_time_delta_sensor_async to None, run_after=None
[2025-01-28T06:20:59.832+0000] {processor.py:208} INFO - Processing /home/ubuntu/.local/lib/python3.12/site-packages/airflow/example_dags/example_time_delta_sensor_async.py took 0.065 seconds
[2025-01-28T06:21:52.148+0000] {processor.py:186} INFO - Started process (PID=3849) to work on /home/ubuntu/.local/lib/python3.12/site-packages/airflow/example_dags/example_time_delta_sensor_async.py
[2025-01-28T06:21:52.149+0000] {processor.py:914} INFO - Processing file /home/ubuntu/.local/lib/python3.12/site-packages/airflow/example_dags/example_time_delta_sensor_async.py for tasks to queue
[2025-01-28T06:21:52.152+0000] {logging_mixin.py:190} INFO - [2025-01-28T06:21:52.151+0000] {dagbag.py:588} INFO - Filling up the DagBag from /home/ubuntu/.local/lib/python3.12/site-packages/airflow/example_dags/example_time_delta_sensor_async.py
[2025-01-28T06:21:52.159+0000] {processor.py:925} INFO - DAG(s) 'example_time_delta_sensor_async' retrieved from /home/ubuntu/.local/lib/python3.12/site-packages/airflow/example_dags/example_time_delta_sensor_async.py
[2025-01-28T06:21:52.173+0000] {logging_mixin.py:190} INFO - [2025-01-28T06:21:52.173+0000] {dag.py:3239} INFO - Sync 1 DAGs
[2025-01-28T06:21:52.185+0000] {logging_mixin.py:190} INFO - [2025-01-28T06:21:52.184+0000] {dag.py:4180} INFO - Setting next_dagrun for example_time_delta_sensor_async to None, run_after=None
[2025-01-28T06:21:52.205+0000] {processor.py:208} INFO - Processing /home/ubuntu/.local/lib/python3.12/site-packages/airflow/example_dags/example_time_delta_sensor_async.py took 0.063 seconds
[2025-01-28T06:22:52.537+0000] {processor.py:186} INFO - Started process (PID=3915) to work on /home/ubuntu/.local/lib/python3.12/site-packages/airflow/example_dags/example_time_delta_sensor_async.py
[2025-01-28T06:22:52.540+0000] {processor.py:914} INFO - Processing file /home/ubuntu/.local/lib/python3.12/site-packages/airflow/example_dags/example_time_delta_sensor_async.py for tasks to queue
[2025-01-28T06:22:52.542+0000] {logging_mixin.py:190} INFO - [2025-01-28T06:22:52.542+0000] {dagbag.py:588} INFO - Filling up the DagBag from /home/ubuntu/.local/lib/python3.12/site-packages/airflow/example_dags/example_time_delta_sensor_async.py
[2025-01-28T06:22:52.549+0000] {processor.py:925} INFO - DAG(s) 'example_time_delta_sensor_async' retrieved from /home/ubuntu/.local/lib/python3.12/site-packages/airflow/example_dags/example_time_delta_sensor_async.py
[2025-01-28T06:22:52.564+0000] {logging_mixin.py:190} INFO - [2025-01-28T06:22:52.564+0000] {dag.py:3239} INFO - Sync 1 DAGs
[2025-01-28T06:22:52.575+0000] {logging_mixin.py:190} INFO - [2025-01-28T06:22:52.575+0000] {dag.py:4180} INFO - Setting next_dagrun for example_time_delta_sensor_async to None, run_after=None
[2025-01-28T06:22:52.597+0000] {processor.py:208} INFO - Processing /home/ubuntu/.local/lib/python3.12/site-packages/airflow/example_dags/example_time_delta_sensor_async.py took 0.066 seconds
[2025-01-28T06:23:46.832+0000] {processor.py:186} INFO - Started process (PID=4438) to work on /home/ubuntu/.local/lib/python3.12/site-packages/airflow/example_dags/example_time_delta_sensor_async.py
[2025-01-28T06:23:46.834+0000] {processor.py:914} INFO - Processing file /home/ubuntu/.local/lib/python3.12/site-packages/airflow/example_dags/example_time_delta_sensor_async.py for tasks to queue
[2025-01-28T06:23:46.835+0000] {logging_mixin.py:190} INFO - [2025-01-28T06:23:46.835+0000] {dagbag.py:588} INFO - Filling up the DagBag from /home/ubuntu/.local/lib/python3.12/site-packages/airflow/example_dags/example_time_delta_sensor_async.py
[2025-01-28T06:23:46.843+0000] {processor.py:925} INFO - DAG(s) 'example_time_delta_sensor_async' retrieved from /home/ubuntu/.local/lib/python3.12/site-packages/airflow/example_dags/example_time_delta_sensor_async.py
[2025-01-28T06:23:46.857+0000] {logging_mixin.py:190} INFO - [2025-01-28T06:23:46.857+0000] {dag.py:3239} INFO - Sync 1 DAGs
[2025-01-28T06:23:46.869+0000] {logging_mixin.py:190} INFO - [2025-01-28T06:23:46.869+0000] {dag.py:4180} INFO - Setting next_dagrun for example_time_delta_sensor_async to None, run_after=None
[2025-01-28T06:23:46.889+0000] {processor.py:208} INFO - Processing /home/ubuntu/.local/lib/python3.12/site-packages/airflow/example_dags/example_time_delta_sensor_async.py took 0.062 seconds
[2025-01-28T06:24:41.209+0000] {processor.py:186} INFO - Started process (PID=4547) to work on /home/ubuntu/.local/lib/python3.12/site-packages/airflow/example_dags/example_time_delta_sensor_async.py
[2025-01-28T06:24:41.211+0000] {processor.py:914} INFO - Processing file /home/ubuntu/.local/lib/python3.12/site-packages/airflow/example_dags/example_time_delta_sensor_async.py for tasks to queue
[2025-01-28T06:24:41.213+0000] {logging_mixin.py:190} INFO - [2025-01-28T06:24:41.212+0000] {dagbag.py:588} INFO - Filling up the DagBag from /home/ubuntu/.local/lib/python3.12/site-packages/airflow/example_dags/example_time_delta_sensor_async.py
[2025-01-28T06:24:41.219+0000] {processor.py:925} INFO - DAG(s) 'example_time_delta_sensor_async' retrieved from /home/ubuntu/.local/lib/python3.12/site-packages/airflow/example_dags/example_time_delta_sensor_async.py
[2025-01-28T06:24:41.235+0000] {logging_mixin.py:190} INFO - [2025-01-28T06:24:41.234+0000] {dag.py:3239} INFO - Sync 1 DAGs
[2025-01-28T06:24:41.246+0000] {logging_mixin.py:190} INFO - [2025-01-28T06:24:41.246+0000] {dag.py:4180} INFO - Setting next_dagrun for example_time_delta_sensor_async to None, run_after=None
[2025-01-28T06:24:41.272+0000] {processor.py:208} INFO - Processing /home/ubuntu/.local/lib/python3.12/site-packages/airflow/example_dags/example_time_delta_sensor_async.py took 0.068 seconds
[2025-01-28T06:25:36.318+0000] {processor.py:186} INFO - Started process (PID=5013) to work on /home/ubuntu/.local/lib/python3.12/site-packages/airflow/example_dags/example_time_delta_sensor_async.py
[2025-01-28T06:25:36.319+0000] {processor.py:914} INFO - Processing file /home/ubuntu/.local/lib/python3.12/site-packages/airflow/example_dags/example_time_delta_sensor_async.py for tasks to queue
[2025-01-28T06:25:36.321+0000] {logging_mixin.py:190} INFO - [2025-01-28T06:25:36.321+0000] {dagbag.py:588} INFO - Filling up the DagBag from /home/ubuntu/.local/lib/python3.12/site-packages/airflow/example_dags/example_time_delta_sensor_async.py
[2025-01-28T06:25:36.328+0000] {processor.py:925} INFO - DAG(s) 'example_time_delta_sensor_async' retrieved from /home/ubuntu/.local/lib/python3.12/site-packages/airflow/example_dags/example_time_delta_sensor_async.py
[2025-01-28T06:25:36.343+0000] {logging_mixin.py:190} INFO - [2025-01-28T06:25:36.343+0000] {dag.py:3239} INFO - Sync 1 DAGs
[2025-01-28T06:25:36.355+0000] {logging_mixin.py:190} INFO - [2025-01-28T06:25:36.355+0000] {dag.py:4180} INFO - Setting next_dagrun for example_time_delta_sensor_async to None, run_after=None
[2025-01-28T06:25:36.375+0000] {processor.py:208} INFO - Processing /home/ubuntu/.local/lib/python3.12/site-packages/airflow/example_dags/example_time_delta_sensor_async.py took 0.063 seconds
[2025-01-28T06:26:29.155+0000] {processor.py:186} INFO - Started process (PID=5167) to work on /home/ubuntu/.local/lib/python3.12/site-packages/airflow/example_dags/example_time_delta_sensor_async.py
[2025-01-28T06:26:29.156+0000] {processor.py:914} INFO - Processing file /home/ubuntu/.local/lib/python3.12/site-packages/airflow/example_dags/example_time_delta_sensor_async.py for tasks to queue
[2025-01-28T06:26:29.158+0000] {logging_mixin.py:190} INFO - [2025-01-28T06:26:29.158+0000] {dagbag.py:588} INFO - Filling up the DagBag from /home/ubuntu/.local/lib/python3.12/site-packages/airflow/example_dags/example_time_delta_sensor_async.py
[2025-01-28T06:26:29.165+0000] {processor.py:925} INFO - DAG(s) 'example_time_delta_sensor_async' retrieved from /home/ubuntu/.local/lib/python3.12/site-packages/airflow/example_dags/example_time_delta_sensor_async.py
[2025-01-28T06:26:29.181+0000] {logging_mixin.py:190} INFO - [2025-01-28T06:26:29.180+0000] {dag.py:3239} INFO - Sync 1 DAGs
[2025-01-28T06:26:29.193+0000] {logging_mixin.py:190} INFO - [2025-01-28T06:26:29.192+0000] {dag.py:4180} INFO - Setting next_dagrun for example_time_delta_sensor_async to None, run_after=None
[2025-01-28T06:26:29.211+0000] {processor.py:208} INFO - Processing /home/ubuntu/.local/lib/python3.12/site-packages/airflow/example_dags/example_time_delta_sensor_async.py took 0.061 seconds
[2025-01-28T06:27:23.472+0000] {processor.py:186} INFO - Started process (PID=5223) to work on /home/ubuntu/.local/lib/python3.12/site-packages/airflow/example_dags/example_time_delta_sensor_async.py
[2025-01-28T06:27:23.473+0000] {processor.py:914} INFO - Processing file /home/ubuntu/.local/lib/python3.12/site-packages/airflow/example_dags/example_time_delta_sensor_async.py for tasks to queue
[2025-01-28T06:27:23.476+0000] {logging_mixin.py:190} INFO - [2025-01-28T06:27:23.475+0000] {dagbag.py:588} INFO - Filling up the DagBag from /home/ubuntu/.local/lib/python3.12/site-packages/airflow/example_dags/example_time_delta_sensor_async.py
[2025-01-28T06:27:23.482+0000] {processor.py:925} INFO - DAG(s) 'example_time_delta_sensor_async' retrieved from /home/ubuntu/.local/lib/python3.12/site-packages/airflow/example_dags/example_time_delta_sensor_async.py
[2025-01-28T06:27:23.498+0000] {logging_mixin.py:190} INFO - [2025-01-28T06:27:23.497+0000] {dag.py:3239} INFO - Sync 1 DAGs
[2025-01-28T06:27:23.509+0000] {logging_mixin.py:190} INFO - [2025-01-28T06:27:23.509+0000] {dag.py:4180} INFO - Setting next_dagrun for example_time_delta_sensor_async to None, run_after=None
[2025-01-28T06:27:23.528+0000] {processor.py:208} INFO - Processing /home/ubuntu/.local/lib/python3.12/site-packages/airflow/example_dags/example_time_delta_sensor_async.py took 0.061 seconds
[2025-01-28T06:28:14.658+0000] {processor.py:186} INFO - Started process (PID=5288) to work on /home/ubuntu/.local/lib/python3.12/site-packages/airflow/example_dags/example_time_delta_sensor_async.py
[2025-01-28T06:28:14.659+0000] {processor.py:914} INFO - Processing file /home/ubuntu/.local/lib/python3.12/site-packages/airflow/example_dags/example_time_delta_sensor_async.py for tasks to queue
[2025-01-28T06:28:14.663+0000] {logging_mixin.py:190} INFO - [2025-01-28T06:28:14.661+0000] {dagbag.py:588} INFO - Filling up the DagBag from /home/ubuntu/.local/lib/python3.12/site-packages/airflow/example_dags/example_time_delta_sensor_async.py
[2025-01-28T06:28:14.675+0000] {processor.py:925} INFO - DAG(s) 'example_time_delta_sensor_async' retrieved from /home/ubuntu/.local/lib/python3.12/site-packages/airflow/example_dags/example_time_delta_sensor_async.py
[2025-01-28T06:28:14.690+0000] {logging_mixin.py:190} INFO - [2025-01-28T06:28:14.690+0000] {dag.py:3239} INFO - Sync 1 DAGs
[2025-01-28T06:28:14.707+0000] {logging_mixin.py:190} INFO - [2025-01-28T06:28:14.707+0000] {dag.py:4180} INFO - Setting next_dagrun for example_time_delta_sensor_async to None, run_after=None
[2025-01-28T06:28:14.744+0000] {processor.py:208} INFO - Processing /home/ubuntu/.local/lib/python3.12/site-packages/airflow/example_dags/example_time_delta_sensor_async.py took 0.092 seconds
[2025-01-28T06:29:09.228+0000] {processor.py:186} INFO - Started process (PID=5552) to work on /home/ubuntu/.local/lib/python3.12/site-packages/airflow/example_dags/example_time_delta_sensor_async.py
[2025-01-28T06:29:09.230+0000] {processor.py:914} INFO - Processing file /home/ubuntu/.local/lib/python3.12/site-packages/airflow/example_dags/example_time_delta_sensor_async.py for tasks to queue
[2025-01-28T06:29:09.233+0000] {logging_mixin.py:190} INFO - [2025-01-28T06:29:09.232+0000] {dagbag.py:588} INFO - Filling up the DagBag from /home/ubuntu/.local/lib/python3.12/site-packages/airflow/example_dags/example_time_delta_sensor_async.py
[2025-01-28T06:29:09.240+0000] {processor.py:925} INFO - DAG(s) 'example_time_delta_sensor_async' retrieved from /home/ubuntu/.local/lib/python3.12/site-packages/airflow/example_dags/example_time_delta_sensor_async.py
[2025-01-28T06:29:09.255+0000] {logging_mixin.py:190} INFO - [2025-01-28T06:29:09.255+0000] {dag.py:3239} INFO - Sync 1 DAGs
[2025-01-28T06:29:09.266+0000] {logging_mixin.py:190} INFO - [2025-01-28T06:29:09.266+0000] {dag.py:4180} INFO - Setting next_dagrun for example_time_delta_sensor_async to None, run_after=None
[2025-01-28T06:29:09.289+0000] {processor.py:208} INFO - Processing /home/ubuntu/.local/lib/python3.12/site-packages/airflow/example_dags/example_time_delta_sensor_async.py took 0.066 seconds
[2025-01-28T06:30:04.480+0000] {processor.py:186} INFO - Started process (PID=5610) to work on /home/ubuntu/.local/lib/python3.12/site-packages/airflow/example_dags/example_time_delta_sensor_async.py
[2025-01-28T06:30:04.482+0000] {processor.py:914} INFO - Processing file /home/ubuntu/.local/lib/python3.12/site-packages/airflow/example_dags/example_time_delta_sensor_async.py for tasks to queue
[2025-01-28T06:30:04.484+0000] {logging_mixin.py:190} INFO - [2025-01-28T06:30:04.484+0000] {dagbag.py:588} INFO - Filling up the DagBag from /home/ubuntu/.local/lib/python3.12/site-packages/airflow/example_dags/example_time_delta_sensor_async.py
[2025-01-28T06:30:04.491+0000] {processor.py:925} INFO - DAG(s) 'example_time_delta_sensor_async' retrieved from /home/ubuntu/.local/lib/python3.12/site-packages/airflow/example_dags/example_time_delta_sensor_async.py
[2025-01-28T06:30:04.507+0000] {logging_mixin.py:190} INFO - [2025-01-28T06:30:04.506+0000] {dag.py:3239} INFO - Sync 1 DAGs
[2025-01-28T06:30:04.519+0000] {logging_mixin.py:190} INFO - [2025-01-28T06:30:04.518+0000] {dag.py:4180} INFO - Setting next_dagrun for example_time_delta_sensor_async to None, run_after=None
[2025-01-28T06:30:04.542+0000] {processor.py:208} INFO - Processing /home/ubuntu/.local/lib/python3.12/site-packages/airflow/example_dags/example_time_delta_sensor_async.py took 0.067 seconds
[2025-01-28T06:30:58.361+0000] {processor.py:186} INFO - Started process (PID=5718) to work on /home/ubuntu/.local/lib/python3.12/site-packages/airflow/example_dags/example_time_delta_sensor_async.py
[2025-01-28T06:30:58.362+0000] {processor.py:914} INFO - Processing file /home/ubuntu/.local/lib/python3.12/site-packages/airflow/example_dags/example_time_delta_sensor_async.py for tasks to queue
[2025-01-28T06:30:58.365+0000] {logging_mixin.py:190} INFO - [2025-01-28T06:30:58.364+0000] {dagbag.py:588} INFO - Filling up the DagBag from /home/ubuntu/.local/lib/python3.12/site-packages/airflow/example_dags/example_time_delta_sensor_async.py
[2025-01-28T06:30:58.372+0000] {processor.py:925} INFO - DAG(s) 'example_time_delta_sensor_async' retrieved from /home/ubuntu/.local/lib/python3.12/site-packages/airflow/example_dags/example_time_delta_sensor_async.py
[2025-01-28T06:30:58.388+0000] {logging_mixin.py:190} INFO - [2025-01-28T06:30:58.387+0000] {dag.py:3239} INFO - Sync 1 DAGs
[2025-01-28T06:30:58.399+0000] {logging_mixin.py:190} INFO - [2025-01-28T06:30:58.399+0000] {dag.py:4180} INFO - Setting next_dagrun for example_time_delta_sensor_async to None, run_after=None
[2025-01-28T06:30:58.422+0000] {processor.py:208} INFO - Processing /home/ubuntu/.local/lib/python3.12/site-packages/airflow/example_dags/example_time_delta_sensor_async.py took 0.067 seconds
[2025-01-28T06:32:21.291+0000] {processor.py:186} INFO - Started process (PID=5802) to work on /home/ubuntu/.local/lib/python3.12/site-packages/airflow/example_dags/example_time_delta_sensor_async.py
[2025-01-28T06:32:21.293+0000] {processor.py:914} INFO - Processing file /home/ubuntu/.local/lib/python3.12/site-packages/airflow/example_dags/example_time_delta_sensor_async.py for tasks to queue
[2025-01-28T06:32:21.296+0000] {logging_mixin.py:190} INFO - [2025-01-28T06:32:21.295+0000] {dagbag.py:588} INFO - Filling up the DagBag from /home/ubuntu/.local/lib/python3.12/site-packages/airflow/example_dags/example_time_delta_sensor_async.py
[2025-01-28T06:32:21.303+0000] {processor.py:925} INFO - DAG(s) 'example_time_delta_sensor_async' retrieved from /home/ubuntu/.local/lib/python3.12/site-packages/airflow/example_dags/example_time_delta_sensor_async.py
[2025-01-28T06:32:21.317+0000] {logging_mixin.py:190} INFO - [2025-01-28T06:32:21.317+0000] {dag.py:3239} INFO - Sync 1 DAGs
[2025-01-28T06:32:21.329+0000] {logging_mixin.py:190} INFO - [2025-01-28T06:32:21.328+0000] {dag.py:4180} INFO - Setting next_dagrun for example_time_delta_sensor_async to None, run_after=None
[2025-01-28T06:32:21.352+0000] {processor.py:208} INFO - Processing /home/ubuntu/.local/lib/python3.12/site-packages/airflow/example_dags/example_time_delta_sensor_async.py took 0.071 seconds
[2025-01-28T06:33:15.797+0000] {processor.py:186} INFO - Started process (PID=5859) to work on /home/ubuntu/.local/lib/python3.12/site-packages/airflow/example_dags/example_time_delta_sensor_async.py
[2025-01-28T06:33:15.799+0000] {processor.py:914} INFO - Processing file /home/ubuntu/.local/lib/python3.12/site-packages/airflow/example_dags/example_time_delta_sensor_async.py for tasks to queue
[2025-01-28T06:33:15.800+0000] {logging_mixin.py:190} INFO - [2025-01-28T06:33:15.800+0000] {dagbag.py:588} INFO - Filling up the DagBag from /home/ubuntu/.local/lib/python3.12/site-packages/airflow/example_dags/example_time_delta_sensor_async.py
[2025-01-28T06:33:15.807+0000] {processor.py:925} INFO - DAG(s) 'example_time_delta_sensor_async' retrieved from /home/ubuntu/.local/lib/python3.12/site-packages/airflow/example_dags/example_time_delta_sensor_async.py
[2025-01-28T06:33:15.823+0000] {logging_mixin.py:190} INFO - [2025-01-28T06:33:15.823+0000] {dag.py:3239} INFO - Sync 1 DAGs
[2025-01-28T06:33:15.834+0000] {logging_mixin.py:190} INFO - [2025-01-28T06:33:15.834+0000] {dag.py:4180} INFO - Setting next_dagrun for example_time_delta_sensor_async to None, run_after=None
[2025-01-28T06:33:15.856+0000] {processor.py:208} INFO - Processing /home/ubuntu/.local/lib/python3.12/site-packages/airflow/example_dags/example_time_delta_sensor_async.py took 0.065 seconds
[2025-01-28T06:34:16.533+0000] {processor.py:186} INFO - Started process (PID=5924) to work on /home/ubuntu/.local/lib/python3.12/site-packages/airflow/example_dags/example_time_delta_sensor_async.py
[2025-01-28T06:34:16.535+0000] {processor.py:914} INFO - Processing file /home/ubuntu/.local/lib/python3.12/site-packages/airflow/example_dags/example_time_delta_sensor_async.py for tasks to queue
[2025-01-28T06:34:16.538+0000] {logging_mixin.py:190} INFO - [2025-01-28T06:34:16.537+0000] {dagbag.py:588} INFO - Filling up the DagBag from /home/ubuntu/.local/lib/python3.12/site-packages/airflow/example_dags/example_time_delta_sensor_async.py
[2025-01-28T06:34:16.545+0000] {processor.py:925} INFO - DAG(s) 'example_time_delta_sensor_async' retrieved from /home/ubuntu/.local/lib/python3.12/site-packages/airflow/example_dags/example_time_delta_sensor_async.py
[2025-01-28T06:34:16.560+0000] {logging_mixin.py:190} INFO - [2025-01-28T06:34:16.560+0000] {dag.py:3239} INFO - Sync 1 DAGs
[2025-01-28T06:34:16.572+0000] {logging_mixin.py:190} INFO - [2025-01-28T06:34:16.572+0000] {dag.py:4180} INFO - Setting next_dagrun for example_time_delta_sensor_async to None, run_after=None
[2025-01-28T06:34:16.594+0000] {processor.py:208} INFO - Processing /home/ubuntu/.local/lib/python3.12/site-packages/airflow/example_dags/example_time_delta_sensor_async.py took 0.066 seconds
[2025-01-28T06:35:13.104+0000] {processor.py:186} INFO - Started process (PID=5984) to work on /home/ubuntu/.local/lib/python3.12/site-packages/airflow/example_dags/example_time_delta_sensor_async.py
[2025-01-28T06:35:13.106+0000] {processor.py:914} INFO - Processing file /home/ubuntu/.local/lib/python3.12/site-packages/airflow/example_dags/example_time_delta_sensor_async.py for tasks to queue
[2025-01-28T06:35:13.108+0000] {logging_mixin.py:190} INFO - [2025-01-28T06:35:13.108+0000] {dagbag.py:588} INFO - Filling up the DagBag from /home/ubuntu/.local/lib/python3.12/site-packages/airflow/example_dags/example_time_delta_sensor_async.py
[2025-01-28T06:35:13.115+0000] {processor.py:925} INFO - DAG(s) 'example_time_delta_sensor_async' retrieved from /home/ubuntu/.local/lib/python3.12/site-packages/airflow/example_dags/example_time_delta_sensor_async.py
[2025-01-28T06:35:13.129+0000] {logging_mixin.py:190} INFO - [2025-01-28T06:35:13.129+0000] {dag.py:3239} INFO - Sync 1 DAGs
[2025-01-28T06:35:13.140+0000] {logging_mixin.py:190} INFO - [2025-01-28T06:35:13.140+0000] {dag.py:4180} INFO - Setting next_dagrun for example_time_delta_sensor_async to None, run_after=None
[2025-01-28T06:35:13.171+0000] {processor.py:208} INFO - Processing /home/ubuntu/.local/lib/python3.12/site-packages/airflow/example_dags/example_time_delta_sensor_async.py took 0.073 seconds
[2025-01-28T06:36:05.944+0000] {processor.py:186} INFO - Started process (PID=6040) to work on /home/ubuntu/.local/lib/python3.12/site-packages/airflow/example_dags/example_time_delta_sensor_async.py
[2025-01-28T06:36:05.946+0000] {processor.py:914} INFO - Processing file /home/ubuntu/.local/lib/python3.12/site-packages/airflow/example_dags/example_time_delta_sensor_async.py for tasks to queue
[2025-01-28T06:36:05.948+0000] {logging_mixin.py:190} INFO - [2025-01-28T06:36:05.948+0000] {dagbag.py:588} INFO - Filling up the DagBag from /home/ubuntu/.local/lib/python3.12/site-packages/airflow/example_dags/example_time_delta_sensor_async.py
[2025-01-28T06:36:05.955+0000] {processor.py:925} INFO - DAG(s) 'example_time_delta_sensor_async' retrieved from /home/ubuntu/.local/lib/python3.12/site-packages/airflow/example_dags/example_time_delta_sensor_async.py
[2025-01-28T06:36:05.970+0000] {logging_mixin.py:190} INFO - [2025-01-28T06:36:05.970+0000] {dag.py:3239} INFO - Sync 1 DAGs
[2025-01-28T06:36:05.981+0000] {logging_mixin.py:190} INFO - [2025-01-28T06:36:05.981+0000] {dag.py:4180} INFO - Setting next_dagrun for example_time_delta_sensor_async to None, run_after=None
[2025-01-28T06:36:06.004+0000] {processor.py:208} INFO - Processing /home/ubuntu/.local/lib/python3.12/site-packages/airflow/example_dags/example_time_delta_sensor_async.py took 0.066 seconds
[2025-01-28T06:36:57.308+0000] {processor.py:186} INFO - Started process (PID=6093) to work on /home/ubuntu/.local/lib/python3.12/site-packages/airflow/example_dags/example_time_delta_sensor_async.py
[2025-01-28T06:36:57.310+0000] {processor.py:914} INFO - Processing file /home/ubuntu/.local/lib/python3.12/site-packages/airflow/example_dags/example_time_delta_sensor_async.py for tasks to queue
[2025-01-28T06:36:57.313+0000] {logging_mixin.py:190} INFO - [2025-01-28T06:36:57.313+0000] {dagbag.py:588} INFO - Filling up the DagBag from /home/ubuntu/.local/lib/python3.12/site-packages/airflow/example_dags/example_time_delta_sensor_async.py
[2025-01-28T06:36:57.320+0000] {processor.py:925} INFO - DAG(s) 'example_time_delta_sensor_async' retrieved from /home/ubuntu/.local/lib/python3.12/site-packages/airflow/example_dags/example_time_delta_sensor_async.py
[2025-01-28T06:36:57.334+0000] {logging_mixin.py:190} INFO - [2025-01-28T06:36:57.334+0000] {dag.py:3239} INFO - Sync 1 DAGs
[2025-01-28T06:36:57.345+0000] {logging_mixin.py:190} INFO - [2025-01-28T06:36:57.345+0000] {dag.py:4180} INFO - Setting next_dagrun for example_time_delta_sensor_async to None, run_after=None
[2025-01-28T06:36:57.367+0000] {processor.py:208} INFO - Processing /home/ubuntu/.local/lib/python3.12/site-packages/airflow/example_dags/example_time_delta_sensor_async.py took 0.064 seconds
[2025-01-28T06:37:50.782+0000] {processor.py:186} INFO - Started process (PID=6148) to work on /home/ubuntu/.local/lib/python3.12/site-packages/airflow/example_dags/example_time_delta_sensor_async.py
[2025-01-28T06:37:50.784+0000] {processor.py:914} INFO - Processing file /home/ubuntu/.local/lib/python3.12/site-packages/airflow/example_dags/example_time_delta_sensor_async.py for tasks to queue
[2025-01-28T06:37:50.787+0000] {logging_mixin.py:190} INFO - [2025-01-28T06:37:50.786+0000] {dagbag.py:588} INFO - Filling up the DagBag from /home/ubuntu/.local/lib/python3.12/site-packages/airflow/example_dags/example_time_delta_sensor_async.py
[2025-01-28T06:37:50.793+0000] {processor.py:925} INFO - DAG(s) 'example_time_delta_sensor_async' retrieved from /home/ubuntu/.local/lib/python3.12/site-packages/airflow/example_dags/example_time_delta_sensor_async.py
[2025-01-28T06:37:50.808+0000] {logging_mixin.py:190} INFO - [2025-01-28T06:37:50.808+0000] {dag.py:3239} INFO - Sync 1 DAGs
[2025-01-28T06:37:50.819+0000] {logging_mixin.py:190} INFO - [2025-01-28T06:37:50.819+0000] {dag.py:4180} INFO - Setting next_dagrun for example_time_delta_sensor_async to None, run_after=None
[2025-01-28T06:37:50.842+0000] {processor.py:208} INFO - Processing /home/ubuntu/.local/lib/python3.12/site-packages/airflow/example_dags/example_time_delta_sensor_async.py took 0.066 seconds
[2025-01-28T06:38:45.006+0000] {processor.py:186} INFO - Started process (PID=6205) to work on /home/ubuntu/.local/lib/python3.12/site-packages/airflow/example_dags/example_time_delta_sensor_async.py
[2025-01-28T06:38:45.008+0000] {processor.py:914} INFO - Processing file /home/ubuntu/.local/lib/python3.12/site-packages/airflow/example_dags/example_time_delta_sensor_async.py for tasks to queue
[2025-01-28T06:38:45.011+0000] {logging_mixin.py:190} INFO - [2025-01-28T06:38:45.010+0000] {dagbag.py:588} INFO - Filling up the DagBag from /home/ubuntu/.local/lib/python3.12/site-packages/airflow/example_dags/example_time_delta_sensor_async.py
[2025-01-28T06:38:45.017+0000] {processor.py:925} INFO - DAG(s) 'example_time_delta_sensor_async' retrieved from /home/ubuntu/.local/lib/python3.12/site-packages/airflow/example_dags/example_time_delta_sensor_async.py
[2025-01-28T06:38:45.032+0000] {logging_mixin.py:190} INFO - [2025-01-28T06:38:45.032+0000] {dag.py:3239} INFO - Sync 1 DAGs
[2025-01-28T06:38:45.044+0000] {logging_mixin.py:190} INFO - [2025-01-28T06:38:45.044+0000] {dag.py:4180} INFO - Setting next_dagrun for example_time_delta_sensor_async to None, run_after=None
[2025-01-28T06:38:45.067+0000] {processor.py:208} INFO - Processing /home/ubuntu/.local/lib/python3.12/site-packages/airflow/example_dags/example_time_delta_sensor_async.py took 0.066 seconds
[2025-01-28T06:39:40.716+0000] {processor.py:186} INFO - Started process (PID=6261) to work on /home/ubuntu/.local/lib/python3.12/site-packages/airflow/example_dags/example_time_delta_sensor_async.py
[2025-01-28T06:39:40.718+0000] {processor.py:914} INFO - Processing file /home/ubuntu/.local/lib/python3.12/site-packages/airflow/example_dags/example_time_delta_sensor_async.py for tasks to queue
[2025-01-28T06:39:40.721+0000] {logging_mixin.py:190} INFO - [2025-01-28T06:39:40.719+0000] {dagbag.py:588} INFO - Filling up the DagBag from /home/ubuntu/.local/lib/python3.12/site-packages/airflow/example_dags/example_time_delta_sensor_async.py
[2025-01-28T06:39:40.727+0000] {processor.py:925} INFO - DAG(s) 'example_time_delta_sensor_async' retrieved from /home/ubuntu/.local/lib/python3.12/site-packages/airflow/example_dags/example_time_delta_sensor_async.py
[2025-01-28T06:39:40.742+0000] {logging_mixin.py:190} INFO - [2025-01-28T06:39:40.741+0000] {dag.py:3239} INFO - Sync 1 DAGs
[2025-01-28T06:39:40.752+0000] {logging_mixin.py:190} INFO - [2025-01-28T06:39:40.752+0000] {dag.py:4180} INFO - Setting next_dagrun for example_time_delta_sensor_async to None, run_after=None
[2025-01-28T06:39:40.775+0000] {processor.py:208} INFO - Processing /home/ubuntu/.local/lib/python3.12/site-packages/airflow/example_dags/example_time_delta_sensor_async.py took 0.064 seconds
[2025-01-28T06:40:37.218+0000] {processor.py:186} INFO - Started process (PID=6323) to work on /home/ubuntu/.local/lib/python3.12/site-packages/airflow/example_dags/example_time_delta_sensor_async.py
[2025-01-28T06:40:37.219+0000] {processor.py:914} INFO - Processing file /home/ubuntu/.local/lib/python3.12/site-packages/airflow/example_dags/example_time_delta_sensor_async.py for tasks to queue
[2025-01-28T06:40:37.222+0000] {logging_mixin.py:190} INFO - [2025-01-28T06:40:37.222+0000] {dagbag.py:588} INFO - Filling up the DagBag from /home/ubuntu/.local/lib/python3.12/site-packages/airflow/example_dags/example_time_delta_sensor_async.py
[2025-01-28T06:40:37.229+0000] {processor.py:925} INFO - DAG(s) 'example_time_delta_sensor_async' retrieved from /home/ubuntu/.local/lib/python3.12/site-packages/airflow/example_dags/example_time_delta_sensor_async.py
[2025-01-28T06:40:37.243+0000] {logging_mixin.py:190} INFO - [2025-01-28T06:40:37.243+0000] {dag.py:3239} INFO - Sync 1 DAGs
[2025-01-28T06:40:37.254+0000] {logging_mixin.py:190} INFO - [2025-01-28T06:40:37.254+0000] {dag.py:4180} INFO - Setting next_dagrun for example_time_delta_sensor_async to None, run_after=None
[2025-01-28T06:40:37.276+0000] {processor.py:208} INFO - Processing /home/ubuntu/.local/lib/python3.12/site-packages/airflow/example_dags/example_time_delta_sensor_async.py took 0.064 seconds
[2025-01-28T06:41:39.494+0000] {processor.py:186} INFO - Started process (PID=6501) to work on /home/ubuntu/.local/lib/python3.12/site-packages/airflow/example_dags/example_time_delta_sensor_async.py
[2025-01-28T06:41:39.496+0000] {processor.py:914} INFO - Processing file /home/ubuntu/.local/lib/python3.12/site-packages/airflow/example_dags/example_time_delta_sensor_async.py for tasks to queue
[2025-01-28T06:41:39.498+0000] {logging_mixin.py:190} INFO - [2025-01-28T06:41:39.498+0000] {dagbag.py:588} INFO - Filling up the DagBag from /home/ubuntu/.local/lib/python3.12/site-packages/airflow/example_dags/example_time_delta_sensor_async.py
[2025-01-28T06:41:39.505+0000] {processor.py:925} INFO - DAG(s) 'example_time_delta_sensor_async' retrieved from /home/ubuntu/.local/lib/python3.12/site-packages/airflow/example_dags/example_time_delta_sensor_async.py
[2025-01-28T06:41:39.519+0000] {logging_mixin.py:190} INFO - [2025-01-28T06:41:39.519+0000] {dag.py:3239} INFO - Sync 1 DAGs
[2025-01-28T06:41:39.530+0000] {logging_mixin.py:190} INFO - [2025-01-28T06:41:39.530+0000] {dag.py:4180} INFO - Setting next_dagrun for example_time_delta_sensor_async to None, run_after=None
[2025-01-28T06:41:39.552+0000] {processor.py:208} INFO - Processing /home/ubuntu/.local/lib/python3.12/site-packages/airflow/example_dags/example_time_delta_sensor_async.py took 0.063 seconds
[2025-01-28T06:42:37.502+0000] {processor.py:186} INFO - Started process (PID=6575) to work on /home/ubuntu/.local/lib/python3.12/site-packages/airflow/example_dags/example_time_delta_sensor_async.py
[2025-01-28T06:42:37.504+0000] {processor.py:914} INFO - Processing file /home/ubuntu/.local/lib/python3.12/site-packages/airflow/example_dags/example_time_delta_sensor_async.py for tasks to queue
[2025-01-28T06:42:37.507+0000] {logging_mixin.py:190} INFO - [2025-01-28T06:42:37.505+0000] {dagbag.py:588} INFO - Filling up the DagBag from /home/ubuntu/.local/lib/python3.12/site-packages/airflow/example_dags/example_time_delta_sensor_async.py
[2025-01-28T06:42:37.513+0000] {processor.py:925} INFO - DAG(s) 'example_time_delta_sensor_async' retrieved from /home/ubuntu/.local/lib/python3.12/site-packages/airflow/example_dags/example_time_delta_sensor_async.py
[2025-01-28T06:42:37.528+0000] {logging_mixin.py:190} INFO - [2025-01-28T06:42:37.528+0000] {dag.py:3239} INFO - Sync 1 DAGs
[2025-01-28T06:42:37.539+0000] {logging_mixin.py:190} INFO - [2025-01-28T06:42:37.539+0000] {dag.py:4180} INFO - Setting next_dagrun for example_time_delta_sensor_async to None, run_after=None
[2025-01-28T06:42:37.561+0000] {processor.py:208} INFO - Processing /home/ubuntu/.local/lib/python3.12/site-packages/airflow/example_dags/example_time_delta_sensor_async.py took 0.064 seconds
[2025-01-28T06:43:36.907+0000] {processor.py:186} INFO - Started process (PID=6631) to work on /home/ubuntu/.local/lib/python3.12/site-packages/airflow/example_dags/example_time_delta_sensor_async.py
[2025-01-28T06:43:36.908+0000] {processor.py:914} INFO - Processing file /home/ubuntu/.local/lib/python3.12/site-packages/airflow/example_dags/example_time_delta_sensor_async.py for tasks to queue
[2025-01-28T06:43:36.911+0000] {logging_mixin.py:190} INFO - [2025-01-28T06:43:36.910+0000] {dagbag.py:588} INFO - Filling up the DagBag from /home/ubuntu/.local/lib/python3.12/site-packages/airflow/example_dags/example_time_delta_sensor_async.py
[2025-01-28T06:43:36.918+0000] {processor.py:925} INFO - DAG(s) 'example_time_delta_sensor_async' retrieved from /home/ubuntu/.local/lib/python3.12/site-packages/airflow/example_dags/example_time_delta_sensor_async.py
[2025-01-28T06:43:36.933+0000] {logging_mixin.py:190} INFO - [2025-01-28T06:43:36.933+0000] {dag.py:3239} INFO - Sync 1 DAGs
[2025-01-28T06:43:37.073+0000] {logging_mixin.py:190} INFO - [2025-01-28T06:43:37.073+0000] {dag.py:4180} INFO - Setting next_dagrun for example_time_delta_sensor_async to None, run_after=None
[2025-01-28T06:43:37.094+0000] {processor.py:208} INFO - Processing /home/ubuntu/.local/lib/python3.12/site-packages/airflow/example_dags/example_time_delta_sensor_async.py took 0.193 seconds
[2025-01-28T06:44:44.720+0000] {processor.py:186} INFO - Started process (PID=6696) to work on /home/ubuntu/.local/lib/python3.12/site-packages/airflow/example_dags/example_time_delta_sensor_async.py
[2025-01-28T06:44:44.722+0000] {processor.py:914} INFO - Processing file /home/ubuntu/.local/lib/python3.12/site-packages/airflow/example_dags/example_time_delta_sensor_async.py for tasks to queue
[2025-01-28T06:44:44.724+0000] {logging_mixin.py:190} INFO - [2025-01-28T06:44:44.724+0000] {dagbag.py:588} INFO - Filling up the DagBag from /home/ubuntu/.local/lib/python3.12/site-packages/airflow/example_dags/example_time_delta_sensor_async.py
[2025-01-28T06:44:44.731+0000] {processor.py:925} INFO - DAG(s) 'example_time_delta_sensor_async' retrieved from /home/ubuntu/.local/lib/python3.12/site-packages/airflow/example_dags/example_time_delta_sensor_async.py
[2025-01-28T06:44:44.746+0000] {logging_mixin.py:190} INFO - [2025-01-28T06:44:44.746+0000] {dag.py:3239} INFO - Sync 1 DAGs
[2025-01-28T06:44:44.758+0000] {logging_mixin.py:190} INFO - [2025-01-28T06:44:44.758+0000] {dag.py:4180} INFO - Setting next_dagrun for example_time_delta_sensor_async to None, run_after=None
[2025-01-28T06:44:44.911+0000] {processor.py:208} INFO - Processing /home/ubuntu/.local/lib/python3.12/site-packages/airflow/example_dags/example_time_delta_sensor_async.py took 0.196 seconds
[2025-01-28T06:45:43.842+0000] {processor.py:186} INFO - Started process (PID=6805) to work on /home/ubuntu/.local/lib/python3.12/site-packages/airflow/example_dags/example_time_delta_sensor_async.py
[2025-01-28T06:45:43.844+0000] {processor.py:914} INFO - Processing file /home/ubuntu/.local/lib/python3.12/site-packages/airflow/example_dags/example_time_delta_sensor_async.py for tasks to queue
[2025-01-28T06:45:43.848+0000] {logging_mixin.py:190} INFO - [2025-01-28T06:45:43.847+0000] {dagbag.py:588} INFO - Filling up the DagBag from /home/ubuntu/.local/lib/python3.12/site-packages/airflow/example_dags/example_time_delta_sensor_async.py
[2025-01-28T06:45:43.859+0000] {processor.py:925} INFO - DAG(s) 'example_time_delta_sensor_async' retrieved from /home/ubuntu/.local/lib/python3.12/site-packages/airflow/example_dags/example_time_delta_sensor_async.py
[2025-01-28T06:45:43.873+0000] {logging_mixin.py:190} INFO - [2025-01-28T06:45:43.873+0000] {dag.py:3239} INFO - Sync 1 DAGs
[2025-01-28T06:45:43.885+0000] {logging_mixin.py:190} INFO - [2025-01-28T06:45:43.885+0000] {dag.py:4180} INFO - Setting next_dagrun for example_time_delta_sensor_async to None, run_after=None
[2025-01-28T06:45:43.908+0000] {processor.py:208} INFO - Processing /home/ubuntu/.local/lib/python3.12/site-packages/airflow/example_dags/example_time_delta_sensor_async.py took 0.071 seconds
[2025-01-28T06:46:34.837+0000] {processor.py:186} INFO - Started process (PID=6976) to work on /home/ubuntu/.local/lib/python3.12/site-packages/airflow/example_dags/example_time_delta_sensor_async.py
[2025-01-28T06:46:34.838+0000] {processor.py:914} INFO - Processing file /home/ubuntu/.local/lib/python3.12/site-packages/airflow/example_dags/example_time_delta_sensor_async.py for tasks to queue
[2025-01-28T06:46:34.841+0000] {logging_mixin.py:190} INFO - [2025-01-28T06:46:34.841+0000] {dagbag.py:588} INFO - Filling up the DagBag from /home/ubuntu/.local/lib/python3.12/site-packages/airflow/example_dags/example_time_delta_sensor_async.py
[2025-01-28T06:46:34.849+0000] {processor.py:925} INFO - DAG(s) 'example_time_delta_sensor_async' retrieved from /home/ubuntu/.local/lib/python3.12/site-packages/airflow/example_dags/example_time_delta_sensor_async.py
[2025-01-28T06:46:34.863+0000] {logging_mixin.py:190} INFO - [2025-01-28T06:46:34.863+0000] {dag.py:3239} INFO - Sync 1 DAGs
[2025-01-28T06:46:34.873+0000] {logging_mixin.py:190} INFO - [2025-01-28T06:46:34.873+0000] {dag.py:4180} INFO - Setting next_dagrun for example_time_delta_sensor_async to None, run_after=None
[2025-01-28T06:46:34.895+0000] {processor.py:208} INFO - Processing /home/ubuntu/.local/lib/python3.12/site-packages/airflow/example_dags/example_time_delta_sensor_async.py took 0.064 seconds
