[2025-01-28T03:40:08.693+0000] {processor.py:186} INFO - Started process (PID=9661) to work on /home/ubuntu/airflow-venv/lib/python3.12/site-packages/airflow/example_dags/example_dag_decorator.py
[2025-01-28T03:40:08.693+0000] {processor.py:914} INFO - Processing file /home/ubuntu/airflow-venv/lib/python3.12/site-packages/airflow/example_dags/example_dag_decorator.py for tasks to queue
[2025-01-28T03:40:08.696+0000] {logging_mixin.py:190} INFO - [2025-01-28T03:40:08.695+0000] {dagbag.py:588} INFO - Filling up the DagBag from /home/ubuntu/airflow-venv/lib/python3.12/site-packages/airflow/example_dags/example_dag_decorator.py
[2025-01-28T03:40:08.708+0000] {processor.py:925} INFO - DAG(s) 'example_dag_decorator' retrieved from /home/ubuntu/airflow-venv/lib/python3.12/site-packages/airflow/example_dags/example_dag_decorator.py
[2025-01-28T03:40:08.812+0000] {logging_mixin.py:190} INFO - [2025-01-28T03:40:08.811+0000] {override.py:1912} INFO - Created Permission View: can read on DAG:example_dag_decorator
[2025-01-28T03:40:08.826+0000] {logging_mixin.py:190} INFO - [2025-01-28T03:40:08.826+0000] {override.py:1912} INFO - Created Permission View: can delete on DAG:example_dag_decorator
[2025-01-28T03:40:08.841+0000] {logging_mixin.py:190} INFO - [2025-01-28T03:40:08.840+0000] {override.py:1912} INFO - Created Permission View: can edit on DAG:example_dag_decorator
[2025-01-28T03:40:08.861+0000] {logging_mixin.py:190} INFO - [2025-01-28T03:40:08.861+0000] {override.py:1912} INFO - Created Permission View: menu access on DAG Run:example_dag_decorator
[2025-01-28T03:40:08.871+0000] {logging_mixin.py:190} INFO - [2025-01-28T03:40:08.870+0000] {override.py:1912} INFO - Created Permission View: can read on DAG Run:example_dag_decorator
[2025-01-28T03:40:08.881+0000] {logging_mixin.py:190} INFO - [2025-01-28T03:40:08.881+0000] {override.py:1912} INFO - Created Permission View: can delete on DAG Run:example_dag_decorator
[2025-01-28T03:40:08.892+0000] {logging_mixin.py:190} INFO - [2025-01-28T03:40:08.892+0000] {override.py:1912} INFO - Created Permission View: can create on DAG Run:example_dag_decorator
[2025-01-28T03:40:08.893+0000] {logging_mixin.py:190} INFO - [2025-01-28T03:40:08.893+0000] {dag.py:3239} INFO - Sync 1 DAGs
[2025-01-28T03:40:08.908+0000] {logging_mixin.py:190} INFO - [2025-01-28T03:40:08.908+0000] {dag.py:3262} INFO - Creating ORM DAG for example_dag_decorator
[2025-01-28T03:40:08.908+0000] {logging_mixin.py:190} INFO - [2025-01-28T03:40:08.908+0000] {dag.py:4180} INFO - Setting next_dagrun for example_dag_decorator to None, run_after=None
[2025-01-28T03:40:08.930+0000] {processor.py:208} INFO - Processing /home/ubuntu/airflow-venv/lib/python3.12/site-packages/airflow/example_dags/example_dag_decorator.py took 0.242 seconds
[2025-01-28T03:41:09.612+0000] {processor.py:186} INFO - Started process (PID=9724) to work on /home/ubuntu/airflow-venv/lib/python3.12/site-packages/airflow/example_dags/example_dag_decorator.py
[2025-01-28T03:41:09.614+0000] {processor.py:914} INFO - Processing file /home/ubuntu/airflow-venv/lib/python3.12/site-packages/airflow/example_dags/example_dag_decorator.py for tasks to queue
[2025-01-28T03:41:09.616+0000] {logging_mixin.py:190} INFO - [2025-01-28T03:41:09.615+0000] {dagbag.py:588} INFO - Filling up the DagBag from /home/ubuntu/airflow-venv/lib/python3.12/site-packages/airflow/example_dags/example_dag_decorator.py
[2025-01-28T03:41:09.627+0000] {processor.py:925} INFO - DAG(s) 'example_dag_decorator' retrieved from /home/ubuntu/airflow-venv/lib/python3.12/site-packages/airflow/example_dags/example_dag_decorator.py
[2025-01-28T03:41:09.646+0000] {logging_mixin.py:190} INFO - [2025-01-28T03:41:09.646+0000] {dag.py:3239} INFO - Sync 1 DAGs
[2025-01-28T03:41:09.665+0000] {logging_mixin.py:190} INFO - [2025-01-28T03:41:09.665+0000] {dag.py:4180} INFO - Setting next_dagrun for example_dag_decorator to None, run_after=None
[2025-01-28T03:41:09.688+0000] {processor.py:208} INFO - Processing /home/ubuntu/airflow-venv/lib/python3.12/site-packages/airflow/example_dags/example_dag_decorator.py took 0.080 seconds
[2025-01-28T03:43:44.232+0000] {processor.py:186} INFO - Started process (PID=9823) to work on /home/ubuntu/airflow-venv/lib/python3.12/site-packages/airflow/example_dags/example_dag_decorator.py
[2025-01-28T03:43:44.233+0000] {processor.py:914} INFO - Processing file /home/ubuntu/airflow-venv/lib/python3.12/site-packages/airflow/example_dags/example_dag_decorator.py for tasks to queue
[2025-01-28T03:43:44.236+0000] {logging_mixin.py:190} INFO - [2025-01-28T03:43:44.235+0000] {dagbag.py:588} INFO - Filling up the DagBag from /home/ubuntu/airflow-venv/lib/python3.12/site-packages/airflow/example_dags/example_dag_decorator.py
[2025-01-28T03:43:44.248+0000] {processor.py:925} INFO - DAG(s) 'example_dag_decorator' retrieved from /home/ubuntu/airflow-venv/lib/python3.12/site-packages/airflow/example_dags/example_dag_decorator.py
[2025-01-28T03:43:44.341+0000] {logging_mixin.py:190} INFO - [2025-01-28T03:43:44.341+0000] {dag.py:3239} INFO - Sync 1 DAGs
[2025-01-28T03:43:44.351+0000] {logging_mixin.py:190} INFO - [2025-01-28T03:43:44.351+0000] {dag.py:4180} INFO - Setting next_dagrun for example_dag_decorator to None, run_after=None
[2025-01-28T03:43:44.373+0000] {processor.py:208} INFO - Processing /home/ubuntu/airflow-venv/lib/python3.12/site-packages/airflow/example_dags/example_dag_decorator.py took 0.145 seconds
[2025-01-28T03:44:40.692+0000] {processor.py:186} INFO - Started process (PID=9881) to work on /home/ubuntu/airflow-venv/lib/python3.12/site-packages/airflow/example_dags/example_dag_decorator.py
[2025-01-28T03:44:40.694+0000] {processor.py:914} INFO - Processing file /home/ubuntu/airflow-venv/lib/python3.12/site-packages/airflow/example_dags/example_dag_decorator.py for tasks to queue
[2025-01-28T03:44:40.695+0000] {logging_mixin.py:190} INFO - [2025-01-28T03:44:40.695+0000] {dagbag.py:588} INFO - Filling up the DagBag from /home/ubuntu/airflow-venv/lib/python3.12/site-packages/airflow/example_dags/example_dag_decorator.py
[2025-01-28T03:44:40.707+0000] {processor.py:925} INFO - DAG(s) 'example_dag_decorator' retrieved from /home/ubuntu/airflow-venv/lib/python3.12/site-packages/airflow/example_dags/example_dag_decorator.py
[2025-01-28T03:44:40.800+0000] {logging_mixin.py:190} INFO - [2025-01-28T03:44:40.800+0000] {dag.py:3239} INFO - Sync 1 DAGs
[2025-01-28T03:44:40.811+0000] {logging_mixin.py:190} INFO - [2025-01-28T03:44:40.811+0000] {dag.py:4180} INFO - Setting next_dagrun for example_dag_decorator to None, run_after=None
[2025-01-28T03:44:40.832+0000] {processor.py:208} INFO - Processing /home/ubuntu/airflow-venv/lib/python3.12/site-packages/airflow/example_dags/example_dag_decorator.py took 0.145 seconds
[2025-01-28T03:45:36.536+0000] {processor.py:186} INFO - Started process (PID=9943) to work on /home/ubuntu/airflow-venv/lib/python3.12/site-packages/airflow/example_dags/example_dag_decorator.py
[2025-01-28T03:45:36.539+0000] {processor.py:914} INFO - Processing file /home/ubuntu/airflow-venv/lib/python3.12/site-packages/airflow/example_dags/example_dag_decorator.py for tasks to queue
[2025-01-28T03:45:36.541+0000] {logging_mixin.py:190} INFO - [2025-01-28T03:45:36.541+0000] {dagbag.py:588} INFO - Filling up the DagBag from /home/ubuntu/airflow-venv/lib/python3.12/site-packages/airflow/example_dags/example_dag_decorator.py
[2025-01-28T03:45:36.552+0000] {processor.py:925} INFO - DAG(s) 'example_dag_decorator' retrieved from /home/ubuntu/airflow-venv/lib/python3.12/site-packages/airflow/example_dags/example_dag_decorator.py
[2025-01-28T03:45:36.644+0000] {logging_mixin.py:190} INFO - [2025-01-28T03:45:36.644+0000] {dag.py:3239} INFO - Sync 1 DAGs
[2025-01-28T03:45:36.654+0000] {logging_mixin.py:190} INFO - [2025-01-28T03:45:36.653+0000] {dag.py:4180} INFO - Setting next_dagrun for example_dag_decorator to None, run_after=None
[2025-01-28T03:45:36.675+0000] {processor.py:208} INFO - Processing /home/ubuntu/airflow-venv/lib/python3.12/site-packages/airflow/example_dags/example_dag_decorator.py took 0.144 seconds
[2025-01-28T03:46:29.555+0000] {processor.py:186} INFO - Started process (PID=9997) to work on /home/ubuntu/airflow-venv/lib/python3.12/site-packages/airflow/example_dags/example_dag_decorator.py
[2025-01-28T03:46:29.556+0000] {processor.py:914} INFO - Processing file /home/ubuntu/airflow-venv/lib/python3.12/site-packages/airflow/example_dags/example_dag_decorator.py for tasks to queue
[2025-01-28T03:46:29.558+0000] {logging_mixin.py:190} INFO - [2025-01-28T03:46:29.558+0000] {dagbag.py:588} INFO - Filling up the DagBag from /home/ubuntu/airflow-venv/lib/python3.12/site-packages/airflow/example_dags/example_dag_decorator.py
[2025-01-28T03:46:29.570+0000] {processor.py:925} INFO - DAG(s) 'example_dag_decorator' retrieved from /home/ubuntu/airflow-venv/lib/python3.12/site-packages/airflow/example_dags/example_dag_decorator.py
[2025-01-28T03:46:29.672+0000] {logging_mixin.py:190} INFO - [2025-01-28T03:46:29.672+0000] {dag.py:3239} INFO - Sync 1 DAGs
[2025-01-28T03:46:29.682+0000] {logging_mixin.py:190} INFO - [2025-01-28T03:46:29.681+0000] {dag.py:4180} INFO - Setting next_dagrun for example_dag_decorator to None, run_after=None
[2025-01-28T03:46:29.703+0000] {processor.py:208} INFO - Processing /home/ubuntu/airflow-venv/lib/python3.12/site-packages/airflow/example_dags/example_dag_decorator.py took 0.154 seconds
[2025-01-28T03:47:21.093+0000] {processor.py:186} INFO - Started process (PID=10051) to work on /home/ubuntu/airflow-venv/lib/python3.12/site-packages/airflow/example_dags/example_dag_decorator.py
[2025-01-28T03:47:21.094+0000] {processor.py:914} INFO - Processing file /home/ubuntu/airflow-venv/lib/python3.12/site-packages/airflow/example_dags/example_dag_decorator.py for tasks to queue
[2025-01-28T03:47:21.096+0000] {logging_mixin.py:190} INFO - [2025-01-28T03:47:21.096+0000] {dagbag.py:588} INFO - Filling up the DagBag from /home/ubuntu/airflow-venv/lib/python3.12/site-packages/airflow/example_dags/example_dag_decorator.py
[2025-01-28T03:47:21.108+0000] {processor.py:925} INFO - DAG(s) 'example_dag_decorator' retrieved from /home/ubuntu/airflow-venv/lib/python3.12/site-packages/airflow/example_dags/example_dag_decorator.py
[2025-01-28T03:47:21.125+0000] {logging_mixin.py:190} INFO - [2025-01-28T03:47:21.125+0000] {dag.py:3239} INFO - Sync 1 DAGs
[2025-01-28T03:47:21.137+0000] {logging_mixin.py:190} INFO - [2025-01-28T03:47:21.136+0000] {dag.py:4180} INFO - Setting next_dagrun for example_dag_decorator to None, run_after=None
[2025-01-28T03:47:21.158+0000] {processor.py:208} INFO - Processing /home/ubuntu/airflow-venv/lib/python3.12/site-packages/airflow/example_dags/example_dag_decorator.py took 0.070 seconds
[2025-01-28T03:48:10.777+0000] {processor.py:186} INFO - Started process (PID=10103) to work on /home/ubuntu/airflow-venv/lib/python3.12/site-packages/airflow/example_dags/example_dag_decorator.py
[2025-01-28T03:48:10.779+0000] {processor.py:914} INFO - Processing file /home/ubuntu/airflow-venv/lib/python3.12/site-packages/airflow/example_dags/example_dag_decorator.py for tasks to queue
[2025-01-28T03:48:10.781+0000] {logging_mixin.py:190} INFO - [2025-01-28T03:48:10.781+0000] {dagbag.py:588} INFO - Filling up the DagBag from /home/ubuntu/airflow-venv/lib/python3.12/site-packages/airflow/example_dags/example_dag_decorator.py
[2025-01-28T03:48:10.794+0000] {processor.py:925} INFO - DAG(s) 'example_dag_decorator' retrieved from /home/ubuntu/airflow-venv/lib/python3.12/site-packages/airflow/example_dags/example_dag_decorator.py
[2025-01-28T03:48:10.895+0000] {logging_mixin.py:190} INFO - [2025-01-28T03:48:10.895+0000] {dag.py:3239} INFO - Sync 1 DAGs
[2025-01-28T03:48:10.905+0000] {logging_mixin.py:190} INFO - [2025-01-28T03:48:10.905+0000] {dag.py:4180} INFO - Setting next_dagrun for example_dag_decorator to None, run_after=None
[2025-01-28T03:48:10.927+0000] {processor.py:208} INFO - Processing /home/ubuntu/airflow-venv/lib/python3.12/site-packages/airflow/example_dags/example_dag_decorator.py took 0.155 seconds
[2025-01-28T03:49:03.742+0000] {processor.py:186} INFO - Started process (PID=10158) to work on /home/ubuntu/airflow-venv/lib/python3.12/site-packages/airflow/example_dags/example_dag_decorator.py
[2025-01-28T03:49:03.744+0000] {processor.py:914} INFO - Processing file /home/ubuntu/airflow-venv/lib/python3.12/site-packages/airflow/example_dags/example_dag_decorator.py for tasks to queue
[2025-01-28T03:49:03.746+0000] {logging_mixin.py:190} INFO - [2025-01-28T03:49:03.745+0000] {dagbag.py:588} INFO - Filling up the DagBag from /home/ubuntu/airflow-venv/lib/python3.12/site-packages/airflow/example_dags/example_dag_decorator.py
[2025-01-28T03:49:03.757+0000] {processor.py:925} INFO - DAG(s) 'example_dag_decorator' retrieved from /home/ubuntu/airflow-venv/lib/python3.12/site-packages/airflow/example_dags/example_dag_decorator.py
[2025-01-28T03:49:03.775+0000] {logging_mixin.py:190} INFO - [2025-01-28T03:49:03.775+0000] {dag.py:3239} INFO - Sync 1 DAGs
[2025-01-28T03:49:03.787+0000] {logging_mixin.py:190} INFO - [2025-01-28T03:49:03.787+0000] {dag.py:4180} INFO - Setting next_dagrun for example_dag_decorator to None, run_after=None
[2025-01-28T03:49:03.809+0000] {processor.py:208} INFO - Processing /home/ubuntu/airflow-venv/lib/python3.12/site-packages/airflow/example_dags/example_dag_decorator.py took 0.073 seconds
[2025-01-28T05:55:42.183+0000] {processor.py:186} INFO - Started process (PID=1934) to work on /home/ubuntu/.local/lib/python3.12/site-packages/airflow/example_dags/example_dag_decorator.py
[2025-01-28T05:55:42.185+0000] {processor.py:914} INFO - Processing file /home/ubuntu/.local/lib/python3.12/site-packages/airflow/example_dags/example_dag_decorator.py for tasks to queue
[2025-01-28T05:55:42.187+0000] {logging_mixin.py:190} INFO - [2025-01-28T05:55:42.187+0000] {dagbag.py:588} INFO - Filling up the DagBag from /home/ubuntu/.local/lib/python3.12/site-packages/airflow/example_dags/example_dag_decorator.py
[2025-01-28T05:55:42.200+0000] {processor.py:925} INFO - DAG(s) 'example_dag_decorator' retrieved from /home/ubuntu/.local/lib/python3.12/site-packages/airflow/example_dags/example_dag_decorator.py
[2025-01-28T05:55:42.291+0000] {logging_mixin.py:190} INFO - [2025-01-28T05:55:42.291+0000] {dag.py:3239} INFO - Sync 1 DAGs
[2025-01-28T05:55:42.300+0000] {logging_mixin.py:190} INFO - [2025-01-28T05:55:42.300+0000] {dag.py:4180} INFO - Setting next_dagrun for example_dag_decorator to None, run_after=None
[2025-01-28T05:55:42.328+0000] {processor.py:208} INFO - Processing /home/ubuntu/.local/lib/python3.12/site-packages/airflow/example_dags/example_dag_decorator.py took 0.151 seconds
[2025-01-28T05:56:41.114+0000] {processor.py:186} INFO - Started process (PID=2006) to work on /home/ubuntu/.local/lib/python3.12/site-packages/airflow/example_dags/example_dag_decorator.py
[2025-01-28T05:56:41.116+0000] {processor.py:914} INFO - Processing file /home/ubuntu/.local/lib/python3.12/site-packages/airflow/example_dags/example_dag_decorator.py for tasks to queue
[2025-01-28T05:56:41.118+0000] {logging_mixin.py:190} INFO - [2025-01-28T05:56:41.117+0000] {dagbag.py:588} INFO - Filling up the DagBag from /home/ubuntu/.local/lib/python3.12/site-packages/airflow/example_dags/example_dag_decorator.py
[2025-01-28T05:56:41.129+0000] {processor.py:925} INFO - DAG(s) 'example_dag_decorator' retrieved from /home/ubuntu/.local/lib/python3.12/site-packages/airflow/example_dags/example_dag_decorator.py
[2025-01-28T05:56:41.222+0000] {logging_mixin.py:190} INFO - [2025-01-28T05:56:41.222+0000] {dag.py:3239} INFO - Sync 1 DAGs
[2025-01-28T05:56:41.233+0000] {logging_mixin.py:190} INFO - [2025-01-28T05:56:41.233+0000] {dag.py:4180} INFO - Setting next_dagrun for example_dag_decorator to None, run_after=None
[2025-01-28T05:56:41.257+0000] {processor.py:208} INFO - Processing /home/ubuntu/.local/lib/python3.12/site-packages/airflow/example_dags/example_dag_decorator.py took 0.148 seconds
[2025-01-28T05:57:37.354+0000] {processor.py:186} INFO - Started process (PID=2084) to work on /home/ubuntu/.local/lib/python3.12/site-packages/airflow/example_dags/example_dag_decorator.py
[2025-01-28T05:57:37.357+0000] {processor.py:914} INFO - Processing file /home/ubuntu/.local/lib/python3.12/site-packages/airflow/example_dags/example_dag_decorator.py for tasks to queue
[2025-01-28T05:57:37.359+0000] {logging_mixin.py:190} INFO - [2025-01-28T05:57:37.359+0000] {dagbag.py:588} INFO - Filling up the DagBag from /home/ubuntu/.local/lib/python3.12/site-packages/airflow/example_dags/example_dag_decorator.py
[2025-01-28T05:57:37.370+0000] {processor.py:925} INFO - DAG(s) 'example_dag_decorator' retrieved from /home/ubuntu/.local/lib/python3.12/site-packages/airflow/example_dags/example_dag_decorator.py
[2025-01-28T05:57:37.388+0000] {logging_mixin.py:190} INFO - [2025-01-28T05:57:37.388+0000] {dag.py:3239} INFO - Sync 1 DAGs
[2025-01-28T05:57:37.399+0000] {logging_mixin.py:190} INFO - [2025-01-28T05:57:37.399+0000] {dag.py:4180} INFO - Setting next_dagrun for example_dag_decorator to None, run_after=None
[2025-01-28T05:57:37.422+0000] {processor.py:208} INFO - Processing /home/ubuntu/.local/lib/python3.12/site-packages/airflow/example_dags/example_dag_decorator.py took 0.072 seconds
[2025-01-28T05:58:35.202+0000] {processor.py:186} INFO - Started process (PID=2142) to work on /home/ubuntu/.local/lib/python3.12/site-packages/airflow/example_dags/example_dag_decorator.py
[2025-01-28T05:58:35.204+0000] {processor.py:914} INFO - Processing file /home/ubuntu/.local/lib/python3.12/site-packages/airflow/example_dags/example_dag_decorator.py for tasks to queue
[2025-01-28T05:58:35.207+0000] {logging_mixin.py:190} INFO - [2025-01-28T05:58:35.206+0000] {dagbag.py:588} INFO - Filling up the DagBag from /home/ubuntu/.local/lib/python3.12/site-packages/airflow/example_dags/example_dag_decorator.py
[2025-01-28T05:58:35.218+0000] {processor.py:925} INFO - DAG(s) 'example_dag_decorator' retrieved from /home/ubuntu/.local/lib/python3.12/site-packages/airflow/example_dags/example_dag_decorator.py
[2025-01-28T05:58:35.319+0000] {logging_mixin.py:190} INFO - [2025-01-28T05:58:35.318+0000] {dag.py:3239} INFO - Sync 1 DAGs
[2025-01-28T05:58:35.329+0000] {logging_mixin.py:190} INFO - [2025-01-28T05:58:35.328+0000] {dag.py:4180} INFO - Setting next_dagrun for example_dag_decorator to None, run_after=None
[2025-01-28T05:58:35.351+0000] {processor.py:208} INFO - Processing /home/ubuntu/.local/lib/python3.12/site-packages/airflow/example_dags/example_dag_decorator.py took 0.155 seconds
[2025-01-28T05:59:29.953+0000] {processor.py:186} INFO - Started process (PID=2199) to work on /home/ubuntu/.local/lib/python3.12/site-packages/airflow/example_dags/example_dag_decorator.py
[2025-01-28T05:59:29.955+0000] {processor.py:914} INFO - Processing file /home/ubuntu/.local/lib/python3.12/site-packages/airflow/example_dags/example_dag_decorator.py for tasks to queue
[2025-01-28T05:59:29.957+0000] {logging_mixin.py:190} INFO - [2025-01-28T05:59:29.957+0000] {dagbag.py:588} INFO - Filling up the DagBag from /home/ubuntu/.local/lib/python3.12/site-packages/airflow/example_dags/example_dag_decorator.py
[2025-01-28T05:59:29.969+0000] {processor.py:925} INFO - DAG(s) 'example_dag_decorator' retrieved from /home/ubuntu/.local/lib/python3.12/site-packages/airflow/example_dags/example_dag_decorator.py
[2025-01-28T05:59:30.060+0000] {logging_mixin.py:190} INFO - [2025-01-28T05:59:30.060+0000] {dag.py:3239} INFO - Sync 1 DAGs
[2025-01-28T05:59:30.070+0000] {logging_mixin.py:190} INFO - [2025-01-28T05:59:30.070+0000] {dag.py:4180} INFO - Setting next_dagrun for example_dag_decorator to None, run_after=None
[2025-01-28T05:59:30.093+0000] {processor.py:208} INFO - Processing /home/ubuntu/.local/lib/python3.12/site-packages/airflow/example_dags/example_dag_decorator.py took 0.145 seconds
[2025-01-28T06:00:23.950+0000] {processor.py:186} INFO - Started process (PID=2257) to work on /home/ubuntu/.local/lib/python3.12/site-packages/airflow/example_dags/example_dag_decorator.py
[2025-01-28T06:00:23.952+0000] {processor.py:914} INFO - Processing file /home/ubuntu/.local/lib/python3.12/site-packages/airflow/example_dags/example_dag_decorator.py for tasks to queue
[2025-01-28T06:00:23.955+0000] {logging_mixin.py:190} INFO - [2025-01-28T06:00:23.955+0000] {dagbag.py:588} INFO - Filling up the DagBag from /home/ubuntu/.local/lib/python3.12/site-packages/airflow/example_dags/example_dag_decorator.py
[2025-01-28T06:00:23.973+0000] {processor.py:925} INFO - DAG(s) 'example_dag_decorator' retrieved from /home/ubuntu/.local/lib/python3.12/site-packages/airflow/example_dags/example_dag_decorator.py
[2025-01-28T06:00:24.065+0000] {logging_mixin.py:190} INFO - [2025-01-28T06:00:24.064+0000] {dag.py:3239} INFO - Sync 1 DAGs
[2025-01-28T06:00:24.075+0000] {logging_mixin.py:190} INFO - [2025-01-28T06:00:24.075+0000] {dag.py:4180} INFO - Setting next_dagrun for example_dag_decorator to None, run_after=None
[2025-01-28T06:00:24.098+0000] {processor.py:208} INFO - Processing /home/ubuntu/.local/lib/python3.12/site-packages/airflow/example_dags/example_dag_decorator.py took 0.153 seconds
[2025-01-28T06:01:36.189+0000] {processor.py:186} INFO - Started process (PID=2334) to work on /home/ubuntu/.local/lib/python3.12/site-packages/airflow/example_dags/example_dag_decorator.py
[2025-01-28T06:01:36.190+0000] {processor.py:914} INFO - Processing file /home/ubuntu/.local/lib/python3.12/site-packages/airflow/example_dags/example_dag_decorator.py for tasks to queue
[2025-01-28T06:01:36.193+0000] {logging_mixin.py:190} INFO - [2025-01-28T06:01:36.192+0000] {dagbag.py:588} INFO - Filling up the DagBag from /home/ubuntu/.local/lib/python3.12/site-packages/airflow/example_dags/example_dag_decorator.py
[2025-01-28T06:01:36.204+0000] {processor.py:925} INFO - DAG(s) 'example_dag_decorator' retrieved from /home/ubuntu/.local/lib/python3.12/site-packages/airflow/example_dags/example_dag_decorator.py
[2025-01-28T06:01:36.295+0000] {logging_mixin.py:190} INFO - [2025-01-28T06:01:36.295+0000] {dag.py:3239} INFO - Sync 1 DAGs
[2025-01-28T06:01:36.306+0000] {logging_mixin.py:190} INFO - [2025-01-28T06:01:36.306+0000] {dag.py:4180} INFO - Setting next_dagrun for example_dag_decorator to None, run_after=None
[2025-01-28T06:01:36.329+0000] {processor.py:208} INFO - Processing /home/ubuntu/.local/lib/python3.12/site-packages/airflow/example_dags/example_dag_decorator.py took 0.145 seconds
[2025-01-28T06:02:52.846+0000] {processor.py:186} INFO - Started process (PID=2431) to work on /home/ubuntu/.local/lib/python3.12/site-packages/airflow/example_dags/example_dag_decorator.py
[2025-01-28T06:02:52.848+0000] {processor.py:914} INFO - Processing file /home/ubuntu/.local/lib/python3.12/site-packages/airflow/example_dags/example_dag_decorator.py for tasks to queue
[2025-01-28T06:02:52.850+0000] {logging_mixin.py:190} INFO - [2025-01-28T06:02:52.850+0000] {dagbag.py:588} INFO - Filling up the DagBag from /home/ubuntu/.local/lib/python3.12/site-packages/airflow/example_dags/example_dag_decorator.py
[2025-01-28T06:02:52.868+0000] {processor.py:925} INFO - DAG(s) 'example_dag_decorator' retrieved from /home/ubuntu/.local/lib/python3.12/site-packages/airflow/example_dags/example_dag_decorator.py
[2025-01-28T06:02:52.961+0000] {logging_mixin.py:190} INFO - [2025-01-28T06:02:52.961+0000] {dag.py:3239} INFO - Sync 1 DAGs
[2025-01-28T06:02:52.972+0000] {logging_mixin.py:190} INFO - [2025-01-28T06:02:52.972+0000] {dag.py:4180} INFO - Setting next_dagrun for example_dag_decorator to None, run_after=None
[2025-01-28T06:02:53.005+0000] {processor.py:208} INFO - Processing /home/ubuntu/.local/lib/python3.12/site-packages/airflow/example_dags/example_dag_decorator.py took 0.164 seconds
[2025-01-28T06:04:07.287+0000] {processor.py:186} INFO - Started process (PID=2511) to work on /home/ubuntu/.local/lib/python3.12/site-packages/airflow/example_dags/example_dag_decorator.py
[2025-01-28T06:04:07.288+0000] {processor.py:914} INFO - Processing file /home/ubuntu/.local/lib/python3.12/site-packages/airflow/example_dags/example_dag_decorator.py for tasks to queue
[2025-01-28T06:04:07.290+0000] {logging_mixin.py:190} INFO - [2025-01-28T06:04:07.290+0000] {dagbag.py:588} INFO - Filling up the DagBag from /home/ubuntu/.local/lib/python3.12/site-packages/airflow/example_dags/example_dag_decorator.py
[2025-01-28T06:04:07.302+0000] {processor.py:925} INFO - DAG(s) 'example_dag_decorator' retrieved from /home/ubuntu/.local/lib/python3.12/site-packages/airflow/example_dags/example_dag_decorator.py
[2025-01-28T06:04:07.507+0000] {logging_mixin.py:190} INFO - [2025-01-28T06:04:07.507+0000] {dag.py:3239} INFO - Sync 1 DAGs
[2025-01-28T06:04:07.517+0000] {logging_mixin.py:190} INFO - [2025-01-28T06:04:07.517+0000] {dag.py:4180} INFO - Setting next_dagrun for example_dag_decorator to None, run_after=None
[2025-01-28T06:04:07.538+0000] {processor.py:208} INFO - Processing /home/ubuntu/.local/lib/python3.12/site-packages/airflow/example_dags/example_dag_decorator.py took 0.256 seconds
[2025-01-28T06:05:15.739+0000] {processor.py:186} INFO - Started process (PID=2585) to work on /home/ubuntu/.local/lib/python3.12/site-packages/airflow/example_dags/example_dag_decorator.py
[2025-01-28T06:05:15.740+0000] {processor.py:914} INFO - Processing file /home/ubuntu/.local/lib/python3.12/site-packages/airflow/example_dags/example_dag_decorator.py for tasks to queue
[2025-01-28T06:05:15.742+0000] {logging_mixin.py:190} INFO - [2025-01-28T06:05:15.742+0000] {dagbag.py:588} INFO - Filling up the DagBag from /home/ubuntu/.local/lib/python3.12/site-packages/airflow/example_dags/example_dag_decorator.py
[2025-01-28T06:05:15.754+0000] {processor.py:925} INFO - DAG(s) 'example_dag_decorator' retrieved from /home/ubuntu/.local/lib/python3.12/site-packages/airflow/example_dags/example_dag_decorator.py
[2025-01-28T06:05:15.846+0000] {logging_mixin.py:190} INFO - [2025-01-28T06:05:15.846+0000] {dag.py:3239} INFO - Sync 1 DAGs
[2025-01-28T06:05:15.862+0000] {logging_mixin.py:190} INFO - [2025-01-28T06:05:15.862+0000] {dag.py:4180} INFO - Setting next_dagrun for example_dag_decorator to None, run_after=None
[2025-01-28T06:05:15.885+0000] {processor.py:208} INFO - Processing /home/ubuntu/.local/lib/python3.12/site-packages/airflow/example_dags/example_dag_decorator.py took 0.151 seconds
[2025-01-28T06:06:22.037+0000] {processor.py:186} INFO - Started process (PID=2661) to work on /home/ubuntu/.local/lib/python3.12/site-packages/airflow/example_dags/example_dag_decorator.py
[2025-01-28T06:06:22.039+0000] {processor.py:914} INFO - Processing file /home/ubuntu/.local/lib/python3.12/site-packages/airflow/example_dags/example_dag_decorator.py for tasks to queue
[2025-01-28T06:06:22.041+0000] {logging_mixin.py:190} INFO - [2025-01-28T06:06:22.041+0000] {dagbag.py:588} INFO - Filling up the DagBag from /home/ubuntu/.local/lib/python3.12/site-packages/airflow/example_dags/example_dag_decorator.py
[2025-01-28T06:06:22.052+0000] {processor.py:925} INFO - DAG(s) 'example_dag_decorator' retrieved from /home/ubuntu/.local/lib/python3.12/site-packages/airflow/example_dags/example_dag_decorator.py
[2025-01-28T06:06:22.143+0000] {logging_mixin.py:190} INFO - [2025-01-28T06:06:22.143+0000] {dag.py:3239} INFO - Sync 1 DAGs
[2025-01-28T06:06:22.152+0000] {logging_mixin.py:190} INFO - [2025-01-28T06:06:22.152+0000] {dag.py:4180} INFO - Setting next_dagrun for example_dag_decorator to None, run_after=None
[2025-01-28T06:06:22.174+0000] {processor.py:208} INFO - Processing /home/ubuntu/.local/lib/python3.12/site-packages/airflow/example_dags/example_dag_decorator.py took 0.142 seconds
[2025-01-28T06:07:26.883+0000] {processor.py:186} INFO - Started process (PID=2734) to work on /home/ubuntu/.local/lib/python3.12/site-packages/airflow/example_dags/example_dag_decorator.py
[2025-01-28T06:07:26.884+0000] {processor.py:914} INFO - Processing file /home/ubuntu/.local/lib/python3.12/site-packages/airflow/example_dags/example_dag_decorator.py for tasks to queue
[2025-01-28T06:07:26.887+0000] {logging_mixin.py:190} INFO - [2025-01-28T06:07:26.886+0000] {dagbag.py:588} INFO - Filling up the DagBag from /home/ubuntu/.local/lib/python3.12/site-packages/airflow/example_dags/example_dag_decorator.py
[2025-01-28T06:07:26.898+0000] {processor.py:925} INFO - DAG(s) 'example_dag_decorator' retrieved from /home/ubuntu/.local/lib/python3.12/site-packages/airflow/example_dags/example_dag_decorator.py
[2025-01-28T06:07:26.989+0000] {logging_mixin.py:190} INFO - [2025-01-28T06:07:26.989+0000] {dag.py:3239} INFO - Sync 1 DAGs
[2025-01-28T06:07:26.998+0000] {logging_mixin.py:190} INFO - [2025-01-28T06:07:26.998+0000] {dag.py:4180} INFO - Setting next_dagrun for example_dag_decorator to None, run_after=None
[2025-01-28T06:07:27.022+0000] {processor.py:208} INFO - Processing /home/ubuntu/.local/lib/python3.12/site-packages/airflow/example_dags/example_dag_decorator.py took 0.145 seconds
[2025-01-28T06:08:24.707+0000] {processor.py:186} INFO - Started process (PID=2793) to work on /home/ubuntu/.local/lib/python3.12/site-packages/airflow/example_dags/example_dag_decorator.py
[2025-01-28T06:08:24.709+0000] {processor.py:914} INFO - Processing file /home/ubuntu/.local/lib/python3.12/site-packages/airflow/example_dags/example_dag_decorator.py for tasks to queue
[2025-01-28T06:08:24.711+0000] {logging_mixin.py:190} INFO - [2025-01-28T06:08:24.711+0000] {dagbag.py:588} INFO - Filling up the DagBag from /home/ubuntu/.local/lib/python3.12/site-packages/airflow/example_dags/example_dag_decorator.py
[2025-01-28T06:08:24.723+0000] {processor.py:925} INFO - DAG(s) 'example_dag_decorator' retrieved from /home/ubuntu/.local/lib/python3.12/site-packages/airflow/example_dags/example_dag_decorator.py
[2025-01-28T06:08:24.817+0000] {logging_mixin.py:190} INFO - [2025-01-28T06:08:24.816+0000] {dag.py:3239} INFO - Sync 1 DAGs
[2025-01-28T06:08:24.826+0000] {logging_mixin.py:190} INFO - [2025-01-28T06:08:24.825+0000] {dag.py:4180} INFO - Setting next_dagrun for example_dag_decorator to None, run_after=None
[2025-01-28T06:08:24.848+0000] {processor.py:208} INFO - Processing /home/ubuntu/.local/lib/python3.12/site-packages/airflow/example_dags/example_dag_decorator.py took 0.146 seconds
[2025-01-28T06:09:21.651+0000] {processor.py:186} INFO - Started process (PID=2853) to work on /home/ubuntu/.local/lib/python3.12/site-packages/airflow/example_dags/example_dag_decorator.py
[2025-01-28T06:09:21.653+0000] {processor.py:914} INFO - Processing file /home/ubuntu/.local/lib/python3.12/site-packages/airflow/example_dags/example_dag_decorator.py for tasks to queue
[2025-01-28T06:09:21.655+0000] {logging_mixin.py:190} INFO - [2025-01-28T06:09:21.655+0000] {dagbag.py:588} INFO - Filling up the DagBag from /home/ubuntu/.local/lib/python3.12/site-packages/airflow/example_dags/example_dag_decorator.py
[2025-01-28T06:09:21.667+0000] {processor.py:925} INFO - DAG(s) 'example_dag_decorator' retrieved from /home/ubuntu/.local/lib/python3.12/site-packages/airflow/example_dags/example_dag_decorator.py
[2025-01-28T06:09:21.684+0000] {logging_mixin.py:190} INFO - [2025-01-28T06:09:21.684+0000] {dag.py:3239} INFO - Sync 1 DAGs
[2025-01-28T06:09:21.695+0000] {logging_mixin.py:190} INFO - [2025-01-28T06:09:21.695+0000] {dag.py:4180} INFO - Setting next_dagrun for example_dag_decorator to None, run_after=None
[2025-01-28T06:09:21.718+0000] {processor.py:208} INFO - Processing /home/ubuntu/.local/lib/python3.12/site-packages/airflow/example_dags/example_dag_decorator.py took 0.072 seconds
[2025-01-28T06:10:41.940+0000] {processor.py:186} INFO - Started process (PID=2957) to work on /home/ubuntu/.local/lib/python3.12/site-packages/airflow/example_dags/example_dag_decorator.py
[2025-01-28T06:10:41.941+0000] {processor.py:914} INFO - Processing file /home/ubuntu/.local/lib/python3.12/site-packages/airflow/example_dags/example_dag_decorator.py for tasks to queue
[2025-01-28T06:10:41.943+0000] {logging_mixin.py:190} INFO - [2025-01-28T06:10:41.942+0000] {dagbag.py:588} INFO - Filling up the DagBag from /home/ubuntu/.local/lib/python3.12/site-packages/airflow/example_dags/example_dag_decorator.py
[2025-01-28T06:10:41.954+0000] {processor.py:925} INFO - DAG(s) 'example_dag_decorator' retrieved from /home/ubuntu/.local/lib/python3.12/site-packages/airflow/example_dags/example_dag_decorator.py
[2025-01-28T06:10:42.048+0000] {logging_mixin.py:190} INFO - [2025-01-28T06:10:42.048+0000] {dag.py:3239} INFO - Sync 1 DAGs
[2025-01-28T06:10:42.059+0000] {logging_mixin.py:190} INFO - [2025-01-28T06:10:42.059+0000] {dag.py:4180} INFO - Setting next_dagrun for example_dag_decorator to None, run_after=None
[2025-01-28T06:10:42.083+0000] {processor.py:208} INFO - Processing /home/ubuntu/.local/lib/python3.12/site-packages/airflow/example_dags/example_dag_decorator.py took 0.153 seconds
[2025-01-28T06:11:34.996+0000] {processor.py:186} INFO - Started process (PID=3014) to work on /home/ubuntu/.local/lib/python3.12/site-packages/airflow/example_dags/example_dag_decorator.py
[2025-01-28T06:11:34.997+0000] {processor.py:914} INFO - Processing file /home/ubuntu/.local/lib/python3.12/site-packages/airflow/example_dags/example_dag_decorator.py for tasks to queue
[2025-01-28T06:11:35.000+0000] {logging_mixin.py:190} INFO - [2025-01-28T06:11:34.999+0000] {dagbag.py:588} INFO - Filling up the DagBag from /home/ubuntu/.local/lib/python3.12/site-packages/airflow/example_dags/example_dag_decorator.py
[2025-01-28T06:11:35.012+0000] {processor.py:925} INFO - DAG(s) 'example_dag_decorator' retrieved from /home/ubuntu/.local/lib/python3.12/site-packages/airflow/example_dags/example_dag_decorator.py
[2025-01-28T06:11:35.103+0000] {logging_mixin.py:190} INFO - [2025-01-28T06:11:35.103+0000] {dag.py:3239} INFO - Sync 1 DAGs
[2025-01-28T06:11:35.113+0000] {logging_mixin.py:190} INFO - [2025-01-28T06:11:35.112+0000] {dag.py:4180} INFO - Setting next_dagrun for example_dag_decorator to None, run_after=None
[2025-01-28T06:11:35.136+0000] {processor.py:208} INFO - Processing /home/ubuntu/.local/lib/python3.12/site-packages/airflow/example_dags/example_dag_decorator.py took 0.146 seconds
[2025-01-28T06:12:57.320+0000] {processor.py:186} INFO - Started process (PID=3098) to work on /home/ubuntu/.local/lib/python3.12/site-packages/airflow/example_dags/example_dag_decorator.py
[2025-01-28T06:12:57.322+0000] {processor.py:914} INFO - Processing file /home/ubuntu/.local/lib/python3.12/site-packages/airflow/example_dags/example_dag_decorator.py for tasks to queue
[2025-01-28T06:12:57.325+0000] {logging_mixin.py:190} INFO - [2025-01-28T06:12:57.325+0000] {dagbag.py:588} INFO - Filling up the DagBag from /home/ubuntu/.local/lib/python3.12/site-packages/airflow/example_dags/example_dag_decorator.py
[2025-01-28T06:12:57.336+0000] {processor.py:925} INFO - DAG(s) 'example_dag_decorator' retrieved from /home/ubuntu/.local/lib/python3.12/site-packages/airflow/example_dags/example_dag_decorator.py
[2025-01-28T06:12:57.428+0000] {logging_mixin.py:190} INFO - [2025-01-28T06:12:57.428+0000] {dag.py:3239} INFO - Sync 1 DAGs
[2025-01-28T06:12:57.439+0000] {logging_mixin.py:190} INFO - [2025-01-28T06:12:57.438+0000] {dag.py:4180} INFO - Setting next_dagrun for example_dag_decorator to None, run_after=None
[2025-01-28T06:12:57.461+0000] {processor.py:208} INFO - Processing /home/ubuntu/.local/lib/python3.12/site-packages/airflow/example_dags/example_dag_decorator.py took 0.146 seconds
[2025-01-28T06:14:15.806+0000] {processor.py:186} INFO - Started process (PID=3180) to work on /home/ubuntu/.local/lib/python3.12/site-packages/airflow/example_dags/example_dag_decorator.py
[2025-01-28T06:14:15.808+0000] {processor.py:914} INFO - Processing file /home/ubuntu/.local/lib/python3.12/site-packages/airflow/example_dags/example_dag_decorator.py for tasks to queue
[2025-01-28T06:14:15.810+0000] {logging_mixin.py:190} INFO - [2025-01-28T06:14:15.810+0000] {dagbag.py:588} INFO - Filling up the DagBag from /home/ubuntu/.local/lib/python3.12/site-packages/airflow/example_dags/example_dag_decorator.py
[2025-01-28T06:14:15.822+0000] {processor.py:925} INFO - DAG(s) 'example_dag_decorator' retrieved from /home/ubuntu/.local/lib/python3.12/site-packages/airflow/example_dags/example_dag_decorator.py
[2025-01-28T06:14:15.911+0000] {logging_mixin.py:190} INFO - [2025-01-28T06:14:15.911+0000] {dag.py:3239} INFO - Sync 1 DAGs
[2025-01-28T06:14:15.931+0000] {logging_mixin.py:190} INFO - [2025-01-28T06:14:15.931+0000] {dag.py:4180} INFO - Setting next_dagrun for example_dag_decorator to None, run_after=None
[2025-01-28T06:14:15.956+0000] {processor.py:208} INFO - Processing /home/ubuntu/.local/lib/python3.12/site-packages/airflow/example_dags/example_dag_decorator.py took 0.154 seconds
[2025-01-28T06:15:10.192+0000] {processor.py:186} INFO - Started process (PID=3240) to work on /home/ubuntu/.local/lib/python3.12/site-packages/airflow/example_dags/example_dag_decorator.py
[2025-01-28T06:15:10.193+0000] {processor.py:914} INFO - Processing file /home/ubuntu/.local/lib/python3.12/site-packages/airflow/example_dags/example_dag_decorator.py for tasks to queue
[2025-01-28T06:15:10.196+0000] {logging_mixin.py:190} INFO - [2025-01-28T06:15:10.195+0000] {dagbag.py:588} INFO - Filling up the DagBag from /home/ubuntu/.local/lib/python3.12/site-packages/airflow/example_dags/example_dag_decorator.py
[2025-01-28T06:15:10.207+0000] {processor.py:925} INFO - DAG(s) 'example_dag_decorator' retrieved from /home/ubuntu/.local/lib/python3.12/site-packages/airflow/example_dags/example_dag_decorator.py
[2025-01-28T06:15:10.299+0000] {logging_mixin.py:190} INFO - [2025-01-28T06:15:10.299+0000] {dag.py:3239} INFO - Sync 1 DAGs
[2025-01-28T06:15:10.311+0000] {logging_mixin.py:190} INFO - [2025-01-28T06:15:10.311+0000] {dag.py:4180} INFO - Setting next_dagrun for example_dag_decorator to None, run_after=None
[2025-01-28T06:15:10.335+0000] {processor.py:208} INFO - Processing /home/ubuntu/.local/lib/python3.12/site-packages/airflow/example_dags/example_dag_decorator.py took 0.148 seconds
[2025-01-28T06:16:27.985+0000] {processor.py:186} INFO - Started process (PID=3322) to work on /home/ubuntu/.local/lib/python3.12/site-packages/airflow/example_dags/example_dag_decorator.py
[2025-01-28T06:16:27.987+0000] {processor.py:914} INFO - Processing file /home/ubuntu/.local/lib/python3.12/site-packages/airflow/example_dags/example_dag_decorator.py for tasks to queue
[2025-01-28T06:16:27.990+0000] {logging_mixin.py:190} INFO - [2025-01-28T06:16:27.989+0000] {dagbag.py:588} INFO - Filling up the DagBag from /home/ubuntu/.local/lib/python3.12/site-packages/airflow/example_dags/example_dag_decorator.py
[2025-01-28T06:16:28.001+0000] {processor.py:925} INFO - DAG(s) 'example_dag_decorator' retrieved from /home/ubuntu/.local/lib/python3.12/site-packages/airflow/example_dags/example_dag_decorator.py
[2025-01-28T06:16:28.101+0000] {logging_mixin.py:190} INFO - [2025-01-28T06:16:28.100+0000] {dag.py:3239} INFO - Sync 1 DAGs
[2025-01-28T06:16:28.111+0000] {logging_mixin.py:190} INFO - [2025-01-28T06:16:28.111+0000] {dag.py:4180} INFO - Setting next_dagrun for example_dag_decorator to None, run_after=None
[2025-01-28T06:16:28.134+0000] {processor.py:208} INFO - Processing /home/ubuntu/.local/lib/python3.12/site-packages/airflow/example_dags/example_dag_decorator.py took 0.154 seconds
[2025-01-28T06:17:22.262+0000] {processor.py:186} INFO - Started process (PID=3381) to work on /home/ubuntu/.local/lib/python3.12/site-packages/airflow/example_dags/example_dag_decorator.py
[2025-01-28T06:17:22.264+0000] {processor.py:914} INFO - Processing file /home/ubuntu/.local/lib/python3.12/site-packages/airflow/example_dags/example_dag_decorator.py for tasks to queue
[2025-01-28T06:17:22.266+0000] {logging_mixin.py:190} INFO - [2025-01-28T06:17:22.265+0000] {dagbag.py:588} INFO - Filling up the DagBag from /home/ubuntu/.local/lib/python3.12/site-packages/airflow/example_dags/example_dag_decorator.py
[2025-01-28T06:17:22.277+0000] {processor.py:925} INFO - DAG(s) 'example_dag_decorator' retrieved from /home/ubuntu/.local/lib/python3.12/site-packages/airflow/example_dags/example_dag_decorator.py
[2025-01-28T06:17:22.305+0000] {logging_mixin.py:190} INFO - [2025-01-28T06:17:22.305+0000] {dag.py:3239} INFO - Sync 1 DAGs
[2025-01-28T06:17:22.317+0000] {logging_mixin.py:190} INFO - [2025-01-28T06:17:22.317+0000] {dag.py:4180} INFO - Setting next_dagrun for example_dag_decorator to None, run_after=None
[2025-01-28T06:17:22.339+0000] {processor.py:208} INFO - Processing /home/ubuntu/.local/lib/python3.12/site-packages/airflow/example_dags/example_dag_decorator.py took 0.082 seconds
[2025-01-28T06:18:28.995+0000] {processor.py:186} INFO - Started process (PID=3491) to work on /home/ubuntu/.local/lib/python3.12/site-packages/airflow/example_dags/example_dag_decorator.py
[2025-01-28T06:18:28.997+0000] {processor.py:914} INFO - Processing file /home/ubuntu/.local/lib/python3.12/site-packages/airflow/example_dags/example_dag_decorator.py for tasks to queue
[2025-01-28T06:18:29.000+0000] {logging_mixin.py:190} INFO - [2025-01-28T06:18:28.999+0000] {dagbag.py:588} INFO - Filling up the DagBag from /home/ubuntu/.local/lib/python3.12/site-packages/airflow/example_dags/example_dag_decorator.py
[2025-01-28T06:18:29.011+0000] {processor.py:925} INFO - DAG(s) 'example_dag_decorator' retrieved from /home/ubuntu/.local/lib/python3.12/site-packages/airflow/example_dags/example_dag_decorator.py
[2025-01-28T06:18:29.029+0000] {logging_mixin.py:190} INFO - [2025-01-28T06:18:29.029+0000] {dag.py:3239} INFO - Sync 1 DAGs
[2025-01-28T06:18:29.040+0000] {logging_mixin.py:190} INFO - [2025-01-28T06:18:29.040+0000] {dag.py:4180} INFO - Setting next_dagrun for example_dag_decorator to None, run_after=None
[2025-01-28T06:18:29.062+0000] {processor.py:208} INFO - Processing /home/ubuntu/.local/lib/python3.12/site-packages/airflow/example_dags/example_dag_decorator.py took 0.071 seconds
[2025-01-28T06:19:43.060+0000] {processor.py:186} INFO - Started process (PID=3570) to work on /home/ubuntu/.local/lib/python3.12/site-packages/airflow/example_dags/example_dag_decorator.py
[2025-01-28T06:19:43.061+0000] {processor.py:914} INFO - Processing file /home/ubuntu/.local/lib/python3.12/site-packages/airflow/example_dags/example_dag_decorator.py for tasks to queue
[2025-01-28T06:19:43.063+0000] {logging_mixin.py:190} INFO - [2025-01-28T06:19:43.063+0000] {dagbag.py:588} INFO - Filling up the DagBag from /home/ubuntu/.local/lib/python3.12/site-packages/airflow/example_dags/example_dag_decorator.py
[2025-01-28T06:19:43.075+0000] {processor.py:925} INFO - DAG(s) 'example_dag_decorator' retrieved from /home/ubuntu/.local/lib/python3.12/site-packages/airflow/example_dags/example_dag_decorator.py
[2025-01-28T06:19:43.191+0000] {logging_mixin.py:190} INFO - [2025-01-28T06:19:43.190+0000] {dag.py:3239} INFO - Sync 1 DAGs
[2025-01-28T06:19:43.202+0000] {logging_mixin.py:190} INFO - [2025-01-28T06:19:43.201+0000] {dag.py:4180} INFO - Setting next_dagrun for example_dag_decorator to None, run_after=None
[2025-01-28T06:19:43.223+0000] {processor.py:208} INFO - Processing /home/ubuntu/.local/lib/python3.12/site-packages/airflow/example_dags/example_dag_decorator.py took 0.169 seconds
[2025-01-28T06:20:42.313+0000] {processor.py:186} INFO - Started process (PID=3636) to work on /home/ubuntu/.local/lib/python3.12/site-packages/airflow/example_dags/example_dag_decorator.py
[2025-01-28T06:20:42.314+0000] {processor.py:914} INFO - Processing file /home/ubuntu/.local/lib/python3.12/site-packages/airflow/example_dags/example_dag_decorator.py for tasks to queue
[2025-01-28T06:20:42.317+0000] {logging_mixin.py:190} INFO - [2025-01-28T06:20:42.317+0000] {dagbag.py:588} INFO - Filling up the DagBag from /home/ubuntu/.local/lib/python3.12/site-packages/airflow/example_dags/example_dag_decorator.py
[2025-01-28T06:20:42.331+0000] {processor.py:925} INFO - DAG(s) 'example_dag_decorator' retrieved from /home/ubuntu/.local/lib/python3.12/site-packages/airflow/example_dags/example_dag_decorator.py
[2025-01-28T06:20:42.348+0000] {logging_mixin.py:190} INFO - [2025-01-28T06:20:42.348+0000] {dag.py:3239} INFO - Sync 1 DAGs
[2025-01-28T06:20:42.359+0000] {logging_mixin.py:190} INFO - [2025-01-28T06:20:42.359+0000] {dag.py:4180} INFO - Setting next_dagrun for example_dag_decorator to None, run_after=None
[2025-01-28T06:20:42.382+0000] {processor.py:208} INFO - Processing /home/ubuntu/.local/lib/python3.12/site-packages/airflow/example_dags/example_dag_decorator.py took 0.075 seconds
[2025-01-28T06:21:36.652+0000] {processor.py:186} INFO - Started process (PID=3832) to work on /home/ubuntu/.local/lib/python3.12/site-packages/airflow/example_dags/example_dag_decorator.py
[2025-01-28T06:21:36.653+0000] {processor.py:914} INFO - Processing file /home/ubuntu/.local/lib/python3.12/site-packages/airflow/example_dags/example_dag_decorator.py for tasks to queue
[2025-01-28T06:21:36.656+0000] {logging_mixin.py:190} INFO - [2025-01-28T06:21:36.656+0000] {dagbag.py:588} INFO - Filling up the DagBag from /home/ubuntu/.local/lib/python3.12/site-packages/airflow/example_dags/example_dag_decorator.py
[2025-01-28T06:21:36.668+0000] {processor.py:925} INFO - DAG(s) 'example_dag_decorator' retrieved from /home/ubuntu/.local/lib/python3.12/site-packages/airflow/example_dags/example_dag_decorator.py
[2025-01-28T06:21:36.686+0000] {logging_mixin.py:190} INFO - [2025-01-28T06:21:36.685+0000] {dag.py:3239} INFO - Sync 1 DAGs
[2025-01-28T06:21:36.697+0000] {logging_mixin.py:190} INFO - [2025-01-28T06:21:36.697+0000] {dag.py:4180} INFO - Setting next_dagrun for example_dag_decorator to None, run_after=None
[2025-01-28T06:21:36.720+0000] {processor.py:208} INFO - Processing /home/ubuntu/.local/lib/python3.12/site-packages/airflow/example_dags/example_dag_decorator.py took 0.073 seconds
[2025-01-28T06:22:34.526+0000] {processor.py:186} INFO - Started process (PID=3894) to work on /home/ubuntu/.local/lib/python3.12/site-packages/airflow/example_dags/example_dag_decorator.py
[2025-01-28T06:22:34.528+0000] {processor.py:914} INFO - Processing file /home/ubuntu/.local/lib/python3.12/site-packages/airflow/example_dags/example_dag_decorator.py for tasks to queue
[2025-01-28T06:22:34.530+0000] {logging_mixin.py:190} INFO - [2025-01-28T06:22:34.530+0000] {dagbag.py:588} INFO - Filling up the DagBag from /home/ubuntu/.local/lib/python3.12/site-packages/airflow/example_dags/example_dag_decorator.py
[2025-01-28T06:22:34.542+0000] {processor.py:925} INFO - DAG(s) 'example_dag_decorator' retrieved from /home/ubuntu/.local/lib/python3.12/site-packages/airflow/example_dags/example_dag_decorator.py
[2025-01-28T06:22:34.559+0000] {logging_mixin.py:190} INFO - [2025-01-28T06:22:34.559+0000] {dag.py:3239} INFO - Sync 1 DAGs
[2025-01-28T06:22:34.571+0000] {logging_mixin.py:190} INFO - [2025-01-28T06:22:34.571+0000] {dag.py:4180} INFO - Setting next_dagrun for example_dag_decorator to None, run_after=None
[2025-01-28T06:22:34.594+0000] {processor.py:208} INFO - Processing /home/ubuntu/.local/lib/python3.12/site-packages/airflow/example_dags/example_dag_decorator.py took 0.072 seconds
[2025-01-28T06:23:30.113+0000] {processor.py:186} INFO - Started process (PID=4382) to work on /home/ubuntu/.local/lib/python3.12/site-packages/airflow/example_dags/example_dag_decorator.py
[2025-01-28T06:23:30.115+0000] {processor.py:914} INFO - Processing file /home/ubuntu/.local/lib/python3.12/site-packages/airflow/example_dags/example_dag_decorator.py for tasks to queue
[2025-01-28T06:23:30.117+0000] {logging_mixin.py:190} INFO - [2025-01-28T06:23:30.117+0000] {dagbag.py:588} INFO - Filling up the DagBag from /home/ubuntu/.local/lib/python3.12/site-packages/airflow/example_dags/example_dag_decorator.py
[2025-01-28T06:23:30.129+0000] {processor.py:925} INFO - DAG(s) 'example_dag_decorator' retrieved from /home/ubuntu/.local/lib/python3.12/site-packages/airflow/example_dags/example_dag_decorator.py
[2025-01-28T06:23:30.147+0000] {logging_mixin.py:190} INFO - [2025-01-28T06:23:30.147+0000] {dag.py:3239} INFO - Sync 1 DAGs
[2025-01-28T06:23:30.158+0000] {logging_mixin.py:190} INFO - [2025-01-28T06:23:30.158+0000] {dag.py:4180} INFO - Setting next_dagrun for example_dag_decorator to None, run_after=None
[2025-01-28T06:23:30.178+0000] {processor.py:208} INFO - Processing /home/ubuntu/.local/lib/python3.12/site-packages/airflow/example_dags/example_dag_decorator.py took 0.070 seconds
[2025-01-28T06:24:24.683+0000] {processor.py:186} INFO - Started process (PID=4521) to work on /home/ubuntu/.local/lib/python3.12/site-packages/airflow/example_dags/example_dag_decorator.py
[2025-01-28T06:24:24.686+0000] {processor.py:914} INFO - Processing file /home/ubuntu/.local/lib/python3.12/site-packages/airflow/example_dags/example_dag_decorator.py for tasks to queue
[2025-01-28T06:24:24.688+0000] {logging_mixin.py:190} INFO - [2025-01-28T06:24:24.687+0000] {dagbag.py:588} INFO - Filling up the DagBag from /home/ubuntu/.local/lib/python3.12/site-packages/airflow/example_dags/example_dag_decorator.py
[2025-01-28T06:24:24.701+0000] {processor.py:925} INFO - DAG(s) 'example_dag_decorator' retrieved from /home/ubuntu/.local/lib/python3.12/site-packages/airflow/example_dags/example_dag_decorator.py
[2025-01-28T06:24:24.720+0000] {logging_mixin.py:190} INFO - [2025-01-28T06:24:24.719+0000] {dag.py:3239} INFO - Sync 1 DAGs
[2025-01-28T06:24:24.731+0000] {logging_mixin.py:190} INFO - [2025-01-28T06:24:24.731+0000] {dag.py:4180} INFO - Setting next_dagrun for example_dag_decorator to None, run_after=None
[2025-01-28T06:24:24.751+0000] {processor.py:208} INFO - Processing /home/ubuntu/.local/lib/python3.12/site-packages/airflow/example_dags/example_dag_decorator.py took 0.073 seconds
[2025-01-28T06:25:19.339+0000] {processor.py:186} INFO - Started process (PID=4949) to work on /home/ubuntu/.local/lib/python3.12/site-packages/airflow/example_dags/example_dag_decorator.py
[2025-01-28T06:25:19.341+0000] {processor.py:914} INFO - Processing file /home/ubuntu/.local/lib/python3.12/site-packages/airflow/example_dags/example_dag_decorator.py for tasks to queue
[2025-01-28T06:25:19.343+0000] {logging_mixin.py:190} INFO - [2025-01-28T06:25:19.343+0000] {dagbag.py:588} INFO - Filling up the DagBag from /home/ubuntu/.local/lib/python3.12/site-packages/airflow/example_dags/example_dag_decorator.py
[2025-01-28T06:25:19.356+0000] {processor.py:925} INFO - DAG(s) 'example_dag_decorator' retrieved from /home/ubuntu/.local/lib/python3.12/site-packages/airflow/example_dags/example_dag_decorator.py
[2025-01-28T06:25:19.591+0000] {logging_mixin.py:190} INFO - [2025-01-28T06:25:19.590+0000] {dag.py:3239} INFO - Sync 1 DAGs
[2025-01-28T06:25:19.600+0000] {logging_mixin.py:190} INFO - [2025-01-28T06:25:19.600+0000] {dag.py:4180} INFO - Setting next_dagrun for example_dag_decorator to None, run_after=None
[2025-01-28T06:25:19.622+0000] {processor.py:208} INFO - Processing /home/ubuntu/.local/lib/python3.12/site-packages/airflow/example_dags/example_dag_decorator.py took 0.288 seconds
[2025-01-28T06:26:12.906+0000] {processor.py:186} INFO - Started process (PID=5126) to work on /home/ubuntu/.local/lib/python3.12/site-packages/airflow/example_dags/example_dag_decorator.py
[2025-01-28T06:26:12.909+0000] {processor.py:914} INFO - Processing file /home/ubuntu/.local/lib/python3.12/site-packages/airflow/example_dags/example_dag_decorator.py for tasks to queue
[2025-01-28T06:26:12.912+0000] {logging_mixin.py:190} INFO - [2025-01-28T06:26:12.910+0000] {dagbag.py:588} INFO - Filling up the DagBag from /home/ubuntu/.local/lib/python3.12/site-packages/airflow/example_dags/example_dag_decorator.py
[2025-01-28T06:26:12.925+0000] {processor.py:925} INFO - DAG(s) 'example_dag_decorator' retrieved from /home/ubuntu/.local/lib/python3.12/site-packages/airflow/example_dags/example_dag_decorator.py
[2025-01-28T06:26:13.017+0000] {logging_mixin.py:190} INFO - [2025-01-28T06:26:13.017+0000] {dag.py:3239} INFO - Sync 1 DAGs
[2025-01-28T06:26:13.028+0000] {logging_mixin.py:190} INFO - [2025-01-28T06:26:13.028+0000] {dag.py:4180} INFO - Setting next_dagrun for example_dag_decorator to None, run_after=None
[2025-01-28T06:26:13.047+0000] {processor.py:208} INFO - Processing /home/ubuntu/.local/lib/python3.12/site-packages/airflow/example_dags/example_dag_decorator.py took 0.149 seconds
[2025-01-28T06:27:07.332+0000] {processor.py:186} INFO - Started process (PID=5206) to work on /home/ubuntu/.local/lib/python3.12/site-packages/airflow/example_dags/example_dag_decorator.py
[2025-01-28T06:27:07.333+0000] {processor.py:914} INFO - Processing file /home/ubuntu/.local/lib/python3.12/site-packages/airflow/example_dags/example_dag_decorator.py for tasks to queue
[2025-01-28T06:27:07.335+0000] {logging_mixin.py:190} INFO - [2025-01-28T06:27:07.335+0000] {dagbag.py:588} INFO - Filling up the DagBag from /home/ubuntu/.local/lib/python3.12/site-packages/airflow/example_dags/example_dag_decorator.py
[2025-01-28T06:27:07.347+0000] {processor.py:925} INFO - DAG(s) 'example_dag_decorator' retrieved from /home/ubuntu/.local/lib/python3.12/site-packages/airflow/example_dags/example_dag_decorator.py
[2025-01-28T06:27:07.365+0000] {logging_mixin.py:190} INFO - [2025-01-28T06:27:07.365+0000] {dag.py:3239} INFO - Sync 1 DAGs
[2025-01-28T06:27:07.375+0000] {logging_mixin.py:190} INFO - [2025-01-28T06:27:07.375+0000] {dag.py:4180} INFO - Setting next_dagrun for example_dag_decorator to None, run_after=None
[2025-01-28T06:27:07.396+0000] {processor.py:208} INFO - Processing /home/ubuntu/.local/lib/python3.12/site-packages/airflow/example_dags/example_dag_decorator.py took 0.070 seconds
[2025-01-28T06:28:26.189+0000] {processor.py:186} INFO - Started process (PID=5365) to work on /home/ubuntu/.local/lib/python3.12/site-packages/airflow/example_dags/example_dag_decorator.py
[2025-01-28T06:28:26.191+0000] {processor.py:914} INFO - Processing file /home/ubuntu/.local/lib/python3.12/site-packages/airflow/example_dags/example_dag_decorator.py for tasks to queue
[2025-01-28T06:28:26.194+0000] {logging_mixin.py:190} INFO - [2025-01-28T06:28:26.194+0000] {dagbag.py:588} INFO - Filling up the DagBag from /home/ubuntu/.local/lib/python3.12/site-packages/airflow/example_dags/example_dag_decorator.py
[2025-01-28T06:28:26.205+0000] {processor.py:925} INFO - DAG(s) 'example_dag_decorator' retrieved from /home/ubuntu/.local/lib/python3.12/site-packages/airflow/example_dags/example_dag_decorator.py
[2025-01-28T06:28:26.223+0000] {logging_mixin.py:190} INFO - [2025-01-28T06:28:26.223+0000] {dag.py:3239} INFO - Sync 1 DAGs
[2025-01-28T06:28:26.234+0000] {logging_mixin.py:190} INFO - [2025-01-28T06:28:26.234+0000] {dag.py:4180} INFO - Setting next_dagrun for example_dag_decorator to None, run_after=None
[2025-01-28T06:28:26.256+0000] {processor.py:208} INFO - Processing /home/ubuntu/.local/lib/python3.12/site-packages/airflow/example_dags/example_dag_decorator.py took 0.071 seconds
[2025-01-28T06:29:20.682+0000] {processor.py:186} INFO - Started process (PID=5563) to work on /home/ubuntu/.local/lib/python3.12/site-packages/airflow/example_dags/example_dag_decorator.py
[2025-01-28T06:29:20.684+0000] {processor.py:914} INFO - Processing file /home/ubuntu/.local/lib/python3.12/site-packages/airflow/example_dags/example_dag_decorator.py for tasks to queue
[2025-01-28T06:29:20.686+0000] {logging_mixin.py:190} INFO - [2025-01-28T06:29:20.685+0000] {dagbag.py:588} INFO - Filling up the DagBag from /home/ubuntu/.local/lib/python3.12/site-packages/airflow/example_dags/example_dag_decorator.py
[2025-01-28T06:29:20.698+0000] {processor.py:925} INFO - DAG(s) 'example_dag_decorator' retrieved from /home/ubuntu/.local/lib/python3.12/site-packages/airflow/example_dags/example_dag_decorator.py
[2025-01-28T06:29:20.716+0000] {logging_mixin.py:190} INFO - [2025-01-28T06:29:20.716+0000] {dag.py:3239} INFO - Sync 1 DAGs
[2025-01-28T06:29:20.728+0000] {logging_mixin.py:190} INFO - [2025-01-28T06:29:20.727+0000] {dag.py:4180} INFO - Setting next_dagrun for example_dag_decorator to None, run_after=None
[2025-01-28T06:29:20.751+0000] {processor.py:208} INFO - Processing /home/ubuntu/.local/lib/python3.12/site-packages/airflow/example_dags/example_dag_decorator.py took 0.074 seconds
[2025-01-28T06:30:14.781+0000] {processor.py:186} INFO - Started process (PID=5621) to work on /home/ubuntu/.local/lib/python3.12/site-packages/airflow/example_dags/example_dag_decorator.py
[2025-01-28T06:30:14.783+0000] {processor.py:914} INFO - Processing file /home/ubuntu/.local/lib/python3.12/site-packages/airflow/example_dags/example_dag_decorator.py for tasks to queue
[2025-01-28T06:30:14.785+0000] {logging_mixin.py:190} INFO - [2025-01-28T06:30:14.785+0000] {dagbag.py:588} INFO - Filling up the DagBag from /home/ubuntu/.local/lib/python3.12/site-packages/airflow/example_dags/example_dag_decorator.py
[2025-01-28T06:30:14.796+0000] {processor.py:925} INFO - DAG(s) 'example_dag_decorator' retrieved from /home/ubuntu/.local/lib/python3.12/site-packages/airflow/example_dags/example_dag_decorator.py
[2025-01-28T06:30:14.886+0000] {logging_mixin.py:190} INFO - [2025-01-28T06:30:14.886+0000] {dag.py:3239} INFO - Sync 1 DAGs
[2025-01-28T06:30:14.896+0000] {logging_mixin.py:190} INFO - [2025-01-28T06:30:14.896+0000] {dag.py:4180} INFO - Setting next_dagrun for example_dag_decorator to None, run_after=None
[2025-01-28T06:30:14.918+0000] {processor.py:208} INFO - Processing /home/ubuntu/.local/lib/python3.12/site-packages/airflow/example_dags/example_dag_decorator.py took 0.143 seconds
[2025-01-28T06:31:23.286+0000] {processor.py:186} INFO - Started process (PID=5741) to work on /home/ubuntu/.local/lib/python3.12/site-packages/airflow/example_dags/example_dag_decorator.py
[2025-01-28T06:31:23.289+0000] {processor.py:914} INFO - Processing file /home/ubuntu/.local/lib/python3.12/site-packages/airflow/example_dags/example_dag_decorator.py for tasks to queue
[2025-01-28T06:31:23.291+0000] {logging_mixin.py:190} INFO - [2025-01-28T06:31:23.291+0000] {dagbag.py:588} INFO - Filling up the DagBag from /home/ubuntu/.local/lib/python3.12/site-packages/airflow/example_dags/example_dag_decorator.py
[2025-01-28T06:31:23.303+0000] {processor.py:925} INFO - DAG(s) 'example_dag_decorator' retrieved from /home/ubuntu/.local/lib/python3.12/site-packages/airflow/example_dags/example_dag_decorator.py
[2025-01-28T06:31:23.531+0000] {logging_mixin.py:190} INFO - [2025-01-28T06:31:23.531+0000] {dag.py:3239} INFO - Sync 1 DAGs
[2025-01-28T06:31:23.541+0000] {logging_mixin.py:190} INFO - [2025-01-28T06:31:23.541+0000] {dag.py:4180} INFO - Setting next_dagrun for example_dag_decorator to None, run_after=None
[2025-01-28T06:31:23.565+0000] {processor.py:208} INFO - Processing /home/ubuntu/.local/lib/python3.12/site-packages/airflow/example_dags/example_dag_decorator.py took 0.284 seconds
[2025-01-28T06:32:32.694+0000] {processor.py:186} INFO - Started process (PID=5813) to work on /home/ubuntu/.local/lib/python3.12/site-packages/airflow/example_dags/example_dag_decorator.py
[2025-01-28T06:32:32.695+0000] {processor.py:914} INFO - Processing file /home/ubuntu/.local/lib/python3.12/site-packages/airflow/example_dags/example_dag_decorator.py for tasks to queue
[2025-01-28T06:32:32.697+0000] {logging_mixin.py:190} INFO - [2025-01-28T06:32:32.697+0000] {dagbag.py:588} INFO - Filling up the DagBag from /home/ubuntu/.local/lib/python3.12/site-packages/airflow/example_dags/example_dag_decorator.py
[2025-01-28T06:32:32.709+0000] {processor.py:925} INFO - DAG(s) 'example_dag_decorator' retrieved from /home/ubuntu/.local/lib/python3.12/site-packages/airflow/example_dags/example_dag_decorator.py
[2025-01-28T06:32:32.802+0000] {logging_mixin.py:190} INFO - [2025-01-28T06:32:32.802+0000] {dag.py:3239} INFO - Sync 1 DAGs
[2025-01-28T06:32:32.811+0000] {logging_mixin.py:190} INFO - [2025-01-28T06:32:32.811+0000] {dag.py:4180} INFO - Setting next_dagrun for example_dag_decorator to None, run_after=None
[2025-01-28T06:32:32.835+0000] {processor.py:208} INFO - Processing /home/ubuntu/.local/lib/python3.12/site-packages/airflow/example_dags/example_dag_decorator.py took 0.147 seconds
[2025-01-28T06:33:29.994+0000] {processor.py:186} INFO - Started process (PID=5876) to work on /home/ubuntu/.local/lib/python3.12/site-packages/airflow/example_dags/example_dag_decorator.py
[2025-01-28T06:33:29.996+0000] {processor.py:914} INFO - Processing file /home/ubuntu/.local/lib/python3.12/site-packages/airflow/example_dags/example_dag_decorator.py for tasks to queue
[2025-01-28T06:33:29.998+0000] {logging_mixin.py:190} INFO - [2025-01-28T06:33:29.998+0000] {dagbag.py:588} INFO - Filling up the DagBag from /home/ubuntu/.local/lib/python3.12/site-packages/airflow/example_dags/example_dag_decorator.py
[2025-01-28T06:33:30.010+0000] {processor.py:925} INFO - DAG(s) 'example_dag_decorator' retrieved from /home/ubuntu/.local/lib/python3.12/site-packages/airflow/example_dags/example_dag_decorator.py
[2025-01-28T06:33:30.205+0000] {logging_mixin.py:190} INFO - [2025-01-28T06:33:30.204+0000] {dag.py:3239} INFO - Sync 1 DAGs
[2025-01-28T06:33:30.216+0000] {logging_mixin.py:190} INFO - [2025-01-28T06:33:30.215+0000] {dag.py:4180} INFO - Setting next_dagrun for example_dag_decorator to None, run_after=None
[2025-01-28T06:33:30.238+0000] {processor.py:208} INFO - Processing /home/ubuntu/.local/lib/python3.12/site-packages/airflow/example_dags/example_dag_decorator.py took 0.249 seconds
[2025-01-28T06:34:27.630+0000] {processor.py:186} INFO - Started process (PID=5935) to work on /home/ubuntu/.local/lib/python3.12/site-packages/airflow/example_dags/example_dag_decorator.py
[2025-01-28T06:34:27.632+0000] {processor.py:914} INFO - Processing file /home/ubuntu/.local/lib/python3.12/site-packages/airflow/example_dags/example_dag_decorator.py for tasks to queue
[2025-01-28T06:34:27.634+0000] {logging_mixin.py:190} INFO - [2025-01-28T06:34:27.634+0000] {dagbag.py:588} INFO - Filling up the DagBag from /home/ubuntu/.local/lib/python3.12/site-packages/airflow/example_dags/example_dag_decorator.py
[2025-01-28T06:34:27.655+0000] {processor.py:925} INFO - DAG(s) 'example_dag_decorator' retrieved from /home/ubuntu/.local/lib/python3.12/site-packages/airflow/example_dags/example_dag_decorator.py
[2025-01-28T06:34:27.747+0000] {logging_mixin.py:190} INFO - [2025-01-28T06:34:27.747+0000] {dag.py:3239} INFO - Sync 1 DAGs
[2025-01-28T06:34:27.758+0000] {logging_mixin.py:190} INFO - [2025-01-28T06:34:27.758+0000] {dag.py:4180} INFO - Setting next_dagrun for example_dag_decorator to None, run_after=None
[2025-01-28T06:34:27.910+0000] {processor.py:208} INFO - Processing /home/ubuntu/.local/lib/python3.12/site-packages/airflow/example_dags/example_dag_decorator.py took 0.285 seconds
[2025-01-28T06:35:23.400+0000] {processor.py:186} INFO - Started process (PID=5995) to work on /home/ubuntu/.local/lib/python3.12/site-packages/airflow/example_dags/example_dag_decorator.py
[2025-01-28T06:35:23.402+0000] {processor.py:914} INFO - Processing file /home/ubuntu/.local/lib/python3.12/site-packages/airflow/example_dags/example_dag_decorator.py for tasks to queue
[2025-01-28T06:35:23.405+0000] {logging_mixin.py:190} INFO - [2025-01-28T06:35:23.405+0000] {dagbag.py:588} INFO - Filling up the DagBag from /home/ubuntu/.local/lib/python3.12/site-packages/airflow/example_dags/example_dag_decorator.py
[2025-01-28T06:35:23.416+0000] {processor.py:925} INFO - DAG(s) 'example_dag_decorator' retrieved from /home/ubuntu/.local/lib/python3.12/site-packages/airflow/example_dags/example_dag_decorator.py
[2025-01-28T06:35:23.514+0000] {logging_mixin.py:190} INFO - [2025-01-28T06:35:23.514+0000] {dag.py:3239} INFO - Sync 1 DAGs
[2025-01-28T06:35:23.525+0000] {logging_mixin.py:190} INFO - [2025-01-28T06:35:23.525+0000] {dag.py:4180} INFO - Setting next_dagrun for example_dag_decorator to None, run_after=None
[2025-01-28T06:35:23.684+0000] {processor.py:208} INFO - Processing /home/ubuntu/.local/lib/python3.12/site-packages/airflow/example_dags/example_dag_decorator.py took 0.290 seconds
[2025-01-28T06:36:17.245+0000] {processor.py:186} INFO - Started process (PID=6051) to work on /home/ubuntu/.local/lib/python3.12/site-packages/airflow/example_dags/example_dag_decorator.py
[2025-01-28T06:36:17.247+0000] {processor.py:914} INFO - Processing file /home/ubuntu/.local/lib/python3.12/site-packages/airflow/example_dags/example_dag_decorator.py for tasks to queue
[2025-01-28T06:36:17.249+0000] {logging_mixin.py:190} INFO - [2025-01-28T06:36:17.249+0000] {dagbag.py:588} INFO - Filling up the DagBag from /home/ubuntu/.local/lib/python3.12/site-packages/airflow/example_dags/example_dag_decorator.py
[2025-01-28T06:36:17.261+0000] {processor.py:925} INFO - DAG(s) 'example_dag_decorator' retrieved from /home/ubuntu/.local/lib/python3.12/site-packages/airflow/example_dags/example_dag_decorator.py
[2025-01-28T06:36:17.279+0000] {logging_mixin.py:190} INFO - [2025-01-28T06:36:17.279+0000] {dag.py:3239} INFO - Sync 1 DAGs
[2025-01-28T06:36:17.290+0000] {logging_mixin.py:190} INFO - [2025-01-28T06:36:17.290+0000] {dag.py:4180} INFO - Setting next_dagrun for example_dag_decorator to None, run_after=None
[2025-01-28T06:36:17.314+0000] {processor.py:208} INFO - Processing /home/ubuntu/.local/lib/python3.12/site-packages/airflow/example_dags/example_dag_decorator.py took 0.074 seconds
[2025-01-28T06:37:34.487+0000] {processor.py:186} INFO - Started process (PID=6131) to work on /home/ubuntu/.local/lib/python3.12/site-packages/airflow/example_dags/example_dag_decorator.py
[2025-01-28T06:37:34.488+0000] {processor.py:914} INFO - Processing file /home/ubuntu/.local/lib/python3.12/site-packages/airflow/example_dags/example_dag_decorator.py for tasks to queue
[2025-01-28T06:37:34.490+0000] {logging_mixin.py:190} INFO - [2025-01-28T06:37:34.490+0000] {dagbag.py:588} INFO - Filling up the DagBag from /home/ubuntu/.local/lib/python3.12/site-packages/airflow/example_dags/example_dag_decorator.py
[2025-01-28T06:37:34.501+0000] {processor.py:925} INFO - DAG(s) 'example_dag_decorator' retrieved from /home/ubuntu/.local/lib/python3.12/site-packages/airflow/example_dags/example_dag_decorator.py
[2025-01-28T06:37:34.594+0000] {logging_mixin.py:190} INFO - [2025-01-28T06:37:34.593+0000] {dag.py:3239} INFO - Sync 1 DAGs
[2025-01-28T06:37:34.604+0000] {logging_mixin.py:190} INFO - [2025-01-28T06:37:34.603+0000] {dag.py:4180} INFO - Setting next_dagrun for example_dag_decorator to None, run_after=None
[2025-01-28T06:37:34.758+0000] {processor.py:208} INFO - Processing /home/ubuntu/.local/lib/python3.12/site-packages/airflow/example_dags/example_dag_decorator.py took 0.276 seconds
[2025-01-28T06:38:29.565+0000] {processor.py:186} INFO - Started process (PID=6188) to work on /home/ubuntu/.local/lib/python3.12/site-packages/airflow/example_dags/example_dag_decorator.py
[2025-01-28T06:38:29.567+0000] {processor.py:914} INFO - Processing file /home/ubuntu/.local/lib/python3.12/site-packages/airflow/example_dags/example_dag_decorator.py for tasks to queue
[2025-01-28T06:38:29.570+0000] {logging_mixin.py:190} INFO - [2025-01-28T06:38:29.570+0000] {dagbag.py:588} INFO - Filling up the DagBag from /home/ubuntu/.local/lib/python3.12/site-packages/airflow/example_dags/example_dag_decorator.py
[2025-01-28T06:38:29.585+0000] {processor.py:925} INFO - DAG(s) 'example_dag_decorator' retrieved from /home/ubuntu/.local/lib/python3.12/site-packages/airflow/example_dags/example_dag_decorator.py
[2025-01-28T06:38:29.604+0000] {logging_mixin.py:190} INFO - [2025-01-28T06:38:29.604+0000] {dag.py:3239} INFO - Sync 1 DAGs
[2025-01-28T06:38:29.615+0000] {logging_mixin.py:190} INFO - [2025-01-28T06:38:29.615+0000] {dag.py:4180} INFO - Setting next_dagrun for example_dag_decorator to None, run_after=None
[2025-01-28T06:38:29.638+0000] {processor.py:208} INFO - Processing /home/ubuntu/.local/lib/python3.12/site-packages/airflow/example_dags/example_dag_decorator.py took 0.079 seconds
[2025-01-28T06:39:25.066+0000] {processor.py:186} INFO - Started process (PID=6245) to work on /home/ubuntu/.local/lib/python3.12/site-packages/airflow/example_dags/example_dag_decorator.py
[2025-01-28T06:39:25.069+0000] {processor.py:914} INFO - Processing file /home/ubuntu/.local/lib/python3.12/site-packages/airflow/example_dags/example_dag_decorator.py for tasks to queue
[2025-01-28T06:39:25.071+0000] {logging_mixin.py:190} INFO - [2025-01-28T06:39:25.071+0000] {dagbag.py:588} INFO - Filling up the DagBag from /home/ubuntu/.local/lib/python3.12/site-packages/airflow/example_dags/example_dag_decorator.py
[2025-01-28T06:39:25.083+0000] {processor.py:925} INFO - DAG(s) 'example_dag_decorator' retrieved from /home/ubuntu/.local/lib/python3.12/site-packages/airflow/example_dags/example_dag_decorator.py
[2025-01-28T06:39:25.315+0000] {logging_mixin.py:190} INFO - [2025-01-28T06:39:25.315+0000] {dag.py:3239} INFO - Sync 1 DAGs
[2025-01-28T06:39:25.324+0000] {logging_mixin.py:190} INFO - [2025-01-28T06:39:25.324+0000] {dag.py:4180} INFO - Setting next_dagrun for example_dag_decorator to None, run_after=None
[2025-01-28T06:39:25.345+0000] {processor.py:208} INFO - Processing /home/ubuntu/.local/lib/python3.12/site-packages/airflow/example_dags/example_dag_decorator.py took 0.283 seconds
[2025-01-28T06:40:22.156+0000] {processor.py:186} INFO - Started process (PID=6307) to work on /home/ubuntu/.local/lib/python3.12/site-packages/airflow/example_dags/example_dag_decorator.py
[2025-01-28T06:40:22.158+0000] {processor.py:914} INFO - Processing file /home/ubuntu/.local/lib/python3.12/site-packages/airflow/example_dags/example_dag_decorator.py for tasks to queue
[2025-01-28T06:40:22.160+0000] {logging_mixin.py:190} INFO - [2025-01-28T06:40:22.160+0000] {dagbag.py:588} INFO - Filling up the DagBag from /home/ubuntu/.local/lib/python3.12/site-packages/airflow/example_dags/example_dag_decorator.py
[2025-01-28T06:40:22.171+0000] {processor.py:925} INFO - DAG(s) 'example_dag_decorator' retrieved from /home/ubuntu/.local/lib/python3.12/site-packages/airflow/example_dags/example_dag_decorator.py
[2025-01-28T06:40:22.402+0000] {logging_mixin.py:190} INFO - [2025-01-28T06:40:22.401+0000] {dag.py:3239} INFO - Sync 1 DAGs
[2025-01-28T06:40:22.410+0000] {logging_mixin.py:190} INFO - [2025-01-28T06:40:22.410+0000] {dag.py:4180} INFO - Setting next_dagrun for example_dag_decorator to None, run_after=None
[2025-01-28T06:40:22.432+0000] {processor.py:208} INFO - Processing /home/ubuntu/.local/lib/python3.12/site-packages/airflow/example_dags/example_dag_decorator.py took 0.281 seconds
[2025-01-28T06:41:20.924+0000] {processor.py:186} INFO - Started process (PID=6460) to work on /home/ubuntu/.local/lib/python3.12/site-packages/airflow/example_dags/example_dag_decorator.py
[2025-01-28T06:41:20.928+0000] {processor.py:914} INFO - Processing file /home/ubuntu/.local/lib/python3.12/site-packages/airflow/example_dags/example_dag_decorator.py for tasks to queue
[2025-01-28T06:41:20.932+0000] {logging_mixin.py:190} INFO - [2025-01-28T06:41:20.932+0000] {dagbag.py:588} INFO - Filling up the DagBag from /home/ubuntu/.local/lib/python3.12/site-packages/airflow/example_dags/example_dag_decorator.py
[2025-01-28T06:41:20.952+0000] {processor.py:925} INFO - DAG(s) 'example_dag_decorator' retrieved from /home/ubuntu/.local/lib/python3.12/site-packages/airflow/example_dags/example_dag_decorator.py
[2025-01-28T06:41:20.983+0000] {logging_mixin.py:190} INFO - [2025-01-28T06:41:20.983+0000] {dag.py:3239} INFO - Sync 1 DAGs
[2025-01-28T06:41:21.005+0000] {logging_mixin.py:190} INFO - [2025-01-28T06:41:21.004+0000] {dag.py:4180} INFO - Setting next_dagrun for example_dag_decorator to None, run_after=None
[2025-01-28T06:41:21.043+0000] {processor.py:208} INFO - Processing /home/ubuntu/.local/lib/python3.12/site-packages/airflow/example_dags/example_dag_decorator.py took 0.129 seconds
[2025-01-28T06:42:24.339+0000] {processor.py:186} INFO - Started process (PID=6560) to work on /home/ubuntu/.local/lib/python3.12/site-packages/airflow/example_dags/example_dag_decorator.py
[2025-01-28T06:42:24.340+0000] {processor.py:914} INFO - Processing file /home/ubuntu/.local/lib/python3.12/site-packages/airflow/example_dags/example_dag_decorator.py for tasks to queue
[2025-01-28T06:42:24.342+0000] {logging_mixin.py:190} INFO - [2025-01-28T06:42:24.342+0000] {dagbag.py:588} INFO - Filling up the DagBag from /home/ubuntu/.local/lib/python3.12/site-packages/airflow/example_dags/example_dag_decorator.py
[2025-01-28T06:42:24.353+0000] {processor.py:925} INFO - DAG(s) 'example_dag_decorator' retrieved from /home/ubuntu/.local/lib/python3.12/site-packages/airflow/example_dags/example_dag_decorator.py
[2025-01-28T06:42:24.371+0000] {logging_mixin.py:190} INFO - [2025-01-28T06:42:24.371+0000] {dag.py:3239} INFO - Sync 1 DAGs
[2025-01-28T06:42:24.382+0000] {logging_mixin.py:190} INFO - [2025-01-28T06:42:24.382+0000] {dag.py:4180} INFO - Setting next_dagrun for example_dag_decorator to None, run_after=None
[2025-01-28T06:42:24.404+0000] {processor.py:208} INFO - Processing /home/ubuntu/.local/lib/python3.12/site-packages/airflow/example_dags/example_dag_decorator.py took 0.071 seconds
[2025-01-28T06:43:21.138+0000] {processor.py:186} INFO - Started process (PID=6618) to work on /home/ubuntu/.local/lib/python3.12/site-packages/airflow/example_dags/example_dag_decorator.py
[2025-01-28T06:43:21.140+0000] {processor.py:914} INFO - Processing file /home/ubuntu/.local/lib/python3.12/site-packages/airflow/example_dags/example_dag_decorator.py for tasks to queue
[2025-01-28T06:43:21.142+0000] {logging_mixin.py:190} INFO - [2025-01-28T06:43:21.141+0000] {dagbag.py:588} INFO - Filling up the DagBag from /home/ubuntu/.local/lib/python3.12/site-packages/airflow/example_dags/example_dag_decorator.py
[2025-01-28T06:43:21.153+0000] {processor.py:925} INFO - DAG(s) 'example_dag_decorator' retrieved from /home/ubuntu/.local/lib/python3.12/site-packages/airflow/example_dags/example_dag_decorator.py
[2025-01-28T06:43:21.170+0000] {logging_mixin.py:190} INFO - [2025-01-28T06:43:21.170+0000] {dag.py:3239} INFO - Sync 1 DAGs
[2025-01-28T06:43:21.309+0000] {logging_mixin.py:190} INFO - [2025-01-28T06:43:21.309+0000] {dag.py:4180} INFO - Setting next_dagrun for example_dag_decorator to None, run_after=None
[2025-01-28T06:43:21.337+0000] {processor.py:208} INFO - Processing /home/ubuntu/.local/lib/python3.12/site-packages/airflow/example_dags/example_dag_decorator.py took 0.204 seconds
[2025-01-28T06:44:26.123+0000] {processor.py:186} INFO - Started process (PID=6680) to work on /home/ubuntu/.local/lib/python3.12/site-packages/airflow/example_dags/example_dag_decorator.py
[2025-01-28T06:44:26.124+0000] {processor.py:914} INFO - Processing file /home/ubuntu/.local/lib/python3.12/site-packages/airflow/example_dags/example_dag_decorator.py for tasks to queue
[2025-01-28T06:44:26.126+0000] {logging_mixin.py:190} INFO - [2025-01-28T06:44:26.126+0000] {dagbag.py:588} INFO - Filling up the DagBag from /home/ubuntu/.local/lib/python3.12/site-packages/airflow/example_dags/example_dag_decorator.py
[2025-01-28T06:44:26.139+0000] {processor.py:925} INFO - DAG(s) 'example_dag_decorator' retrieved from /home/ubuntu/.local/lib/python3.12/site-packages/airflow/example_dags/example_dag_decorator.py
[2025-01-28T06:44:26.370+0000] {logging_mixin.py:190} INFO - [2025-01-28T06:44:26.370+0000] {dag.py:3239} INFO - Sync 1 DAGs
[2025-01-28T06:44:26.381+0000] {logging_mixin.py:190} INFO - [2025-01-28T06:44:26.381+0000] {dag.py:4180} INFO - Setting next_dagrun for example_dag_decorator to None, run_after=None
[2025-01-28T06:44:26.402+0000] {processor.py:208} INFO - Processing /home/ubuntu/.local/lib/python3.12/site-packages/airflow/example_dags/example_dag_decorator.py took 0.284 seconds
[2025-01-28T06:45:31.422+0000] {processor.py:186} INFO - Started process (PID=6746) to work on /home/ubuntu/.local/lib/python3.12/site-packages/airflow/example_dags/example_dag_decorator.py
[2025-01-28T06:45:31.424+0000] {processor.py:914} INFO - Processing file /home/ubuntu/.local/lib/python3.12/site-packages/airflow/example_dags/example_dag_decorator.py for tasks to queue
[2025-01-28T06:45:31.426+0000] {logging_mixin.py:190} INFO - [2025-01-28T06:45:31.425+0000] {dagbag.py:588} INFO - Filling up the DagBag from /home/ubuntu/.local/lib/python3.12/site-packages/airflow/example_dags/example_dag_decorator.py
[2025-01-28T06:45:31.438+0000] {processor.py:925} INFO - DAG(s) 'example_dag_decorator' retrieved from /home/ubuntu/.local/lib/python3.12/site-packages/airflow/example_dags/example_dag_decorator.py
[2025-01-28T06:45:31.530+0000] {logging_mixin.py:190} INFO - [2025-01-28T06:45:31.530+0000] {dag.py:3239} INFO - Sync 1 DAGs
[2025-01-28T06:45:31.541+0000] {logging_mixin.py:190} INFO - [2025-01-28T06:45:31.541+0000] {dag.py:4180} INFO - Setting next_dagrun for example_dag_decorator to None, run_after=None
[2025-01-28T06:45:31.564+0000] {processor.py:208} INFO - Processing /home/ubuntu/.local/lib/python3.12/site-packages/airflow/example_dags/example_dag_decorator.py took 0.148 seconds
[2025-01-28T06:46:46.475+0000] {processor.py:186} INFO - Started process (PID=7037) to work on /home/ubuntu/.local/lib/python3.12/site-packages/airflow/example_dags/example_dag_decorator.py
[2025-01-28T06:46:46.477+0000] {processor.py:914} INFO - Processing file /home/ubuntu/.local/lib/python3.12/site-packages/airflow/example_dags/example_dag_decorator.py for tasks to queue
[2025-01-28T06:46:46.478+0000] {logging_mixin.py:190} INFO - [2025-01-28T06:46:46.478+0000] {dagbag.py:588} INFO - Filling up the DagBag from /home/ubuntu/.local/lib/python3.12/site-packages/airflow/example_dags/example_dag_decorator.py
[2025-01-28T06:46:46.490+0000] {processor.py:925} INFO - DAG(s) 'example_dag_decorator' retrieved from /home/ubuntu/.local/lib/python3.12/site-packages/airflow/example_dags/example_dag_decorator.py
[2025-01-28T06:46:46.670+0000] {logging_mixin.py:190} INFO - [2025-01-28T06:46:46.669+0000] {dag.py:3239} INFO - Sync 1 DAGs
[2025-01-28T06:46:46.679+0000] {logging_mixin.py:190} INFO - [2025-01-28T06:46:46.679+0000] {dag.py:4180} INFO - Setting next_dagrun for example_dag_decorator to None, run_after=None
[2025-01-28T06:46:46.702+0000] {processor.py:208} INFO - Processing /home/ubuntu/.local/lib/python3.12/site-packages/airflow/example_dags/example_dag_decorator.py took 0.232 seconds
