[2025-01-28T03:39:29.264+0000] {processor.py:186} INFO - Started process (PID=9630) to work on /home/ubuntu/airflow-venv/lib/python3.12/site-packages/airflow/example_dags/example_workday_timetable.py
[2025-01-28T03:39:29.264+0000] {processor.py:914} INFO - Processing file /home/ubuntu/airflow-venv/lib/python3.12/site-packages/airflow/example_dags/example_workday_timetable.py for tasks to queue
[2025-01-28T03:39:29.266+0000] {logging_mixin.py:190} INFO - [2025-01-28T03:39:29.266+0000] {dagbag.py:588} INFO - Filling up the DagBag from /home/ubuntu/airflow-venv/lib/python3.12/site-packages/airflow/example_dags/example_workday_timetable.py
[2025-01-28T03:39:29.272+0000] {processor.py:925} INFO - DAG(s) 'example_workday_timetable' retrieved from /home/ubuntu/airflow-venv/lib/python3.12/site-packages/airflow/example_dags/example_workday_timetable.py
[2025-01-28T03:39:29.375+0000] {logging_mixin.py:190} INFO - [2025-01-28T03:39:29.375+0000] {override.py:1912} INFO - Created Permission View: can read on DAG:example_workday_timetable
[2025-01-28T03:39:29.389+0000] {logging_mixin.py:190} INFO - [2025-01-28T03:39:29.389+0000] {override.py:1912} INFO - Created Permission View: can delete on DAG:example_workday_timetable
[2025-01-28T03:39:29.400+0000] {logging_mixin.py:190} INFO - [2025-01-28T03:39:29.400+0000] {override.py:1912} INFO - Created Permission View: can edit on DAG:example_workday_timetable
[2025-01-28T03:39:29.418+0000] {logging_mixin.py:190} INFO - [2025-01-28T03:39:29.418+0000] {override.py:1912} INFO - Created Permission View: menu access on DAG Run:example_workday_timetable
[2025-01-28T03:39:29.429+0000] {logging_mixin.py:190} INFO - [2025-01-28T03:39:29.429+0000] {override.py:1912} INFO - Created Permission View: can read on DAG Run:example_workday_timetable
[2025-01-28T03:39:29.440+0000] {logging_mixin.py:190} INFO - [2025-01-28T03:39:29.440+0000] {override.py:1912} INFO - Created Permission View: can delete on DAG Run:example_workday_timetable
[2025-01-28T03:39:29.452+0000] {logging_mixin.py:190} INFO - [2025-01-28T03:39:29.452+0000] {override.py:1912} INFO - Created Permission View: can create on DAG Run:example_workday_timetable
[2025-01-28T03:39:29.453+0000] {logging_mixin.py:190} INFO - [2025-01-28T03:39:29.453+0000] {dag.py:3239} INFO - Sync 1 DAGs
[2025-01-28T03:39:29.462+0000] {logging_mixin.py:190} INFO - [2025-01-28T03:39:29.462+0000] {dag.py:3262} INFO - Creating ORM DAG for example_workday_timetable
[2025-01-28T03:39:30.178+0000] {logging_mixin.py:190} INFO - [2025-01-28T03:39:30.178+0000] {dag.py:4180} INFO - Setting next_dagrun for example_workday_timetable to 2021-01-04 00:00:00+00:00, run_after=2021-01-05 00:00:00+00:00
[2025-01-28T03:39:30.198+0000] {processor.py:208} INFO - Processing /home/ubuntu/airflow-venv/lib/python3.12/site-packages/airflow/example_dags/example_workday_timetable.py took 0.942 seconds
[2025-01-28T03:40:35.993+0000] {processor.py:186} INFO - Started process (PID=9691) to work on /home/ubuntu/airflow-venv/lib/python3.12/site-packages/airflow/example_dags/example_workday_timetable.py
[2025-01-28T03:40:36.058+0000] {processor.py:914} INFO - Processing file /home/ubuntu/airflow-venv/lib/python3.12/site-packages/airflow/example_dags/example_workday_timetable.py for tasks to queue
[2025-01-28T03:40:36.060+0000] {logging_mixin.py:190} INFO - [2025-01-28T03:40:36.059+0000] {dagbag.py:588} INFO - Filling up the DagBag from /home/ubuntu/airflow-venv/lib/python3.12/site-packages/airflow/example_dags/example_workday_timetable.py
[2025-01-28T03:40:36.067+0000] {processor.py:925} INFO - DAG(s) 'example_workday_timetable' retrieved from /home/ubuntu/airflow-venv/lib/python3.12/site-packages/airflow/example_dags/example_workday_timetable.py
[2025-01-28T03:40:36.081+0000] {logging_mixin.py:190} INFO - [2025-01-28T03:40:36.081+0000] {dag.py:3239} INFO - Sync 1 DAGs
[2025-01-28T03:40:36.130+0000] {logging_mixin.py:190} INFO - [2025-01-28T03:40:36.130+0000] {dag.py:4180} INFO - Setting next_dagrun for example_workday_timetable to 2021-01-04 00:00:00+00:00, run_after=2021-01-05 00:00:00+00:00
[2025-01-28T03:40:36.152+0000] {processor.py:208} INFO - Processing /home/ubuntu/airflow-venv/lib/python3.12/site-packages/airflow/example_dags/example_workday_timetable.py took 0.164 seconds
[2025-01-28T03:41:31.447+0000] {processor.py:186} INFO - Started process (PID=9748) to work on /home/ubuntu/airflow-venv/lib/python3.12/site-packages/airflow/example_dags/example_workday_timetable.py
[2025-01-28T03:41:31.448+0000] {processor.py:914} INFO - Processing file /home/ubuntu/airflow-venv/lib/python3.12/site-packages/airflow/example_dags/example_workday_timetable.py for tasks to queue
[2025-01-28T03:41:31.450+0000] {logging_mixin.py:190} INFO - [2025-01-28T03:41:31.450+0000] {dagbag.py:588} INFO - Filling up the DagBag from /home/ubuntu/airflow-venv/lib/python3.12/site-packages/airflow/example_dags/example_workday_timetable.py
[2025-01-28T03:41:31.456+0000] {processor.py:925} INFO - DAG(s) 'example_workday_timetable' retrieved from /home/ubuntu/airflow-venv/lib/python3.12/site-packages/airflow/example_dags/example_workday_timetable.py
[2025-01-28T03:41:31.470+0000] {logging_mixin.py:190} INFO - [2025-01-28T03:41:31.469+0000] {dag.py:3239} INFO - Sync 1 DAGs
[2025-01-28T03:41:31.519+0000] {logging_mixin.py:190} INFO - [2025-01-28T03:41:31.519+0000] {dag.py:4180} INFO - Setting next_dagrun for example_workday_timetable to 2021-01-04 00:00:00+00:00, run_after=2021-01-05 00:00:00+00:00
[2025-01-28T03:41:31.542+0000] {processor.py:208} INFO - Processing /home/ubuntu/airflow-venv/lib/python3.12/site-packages/airflow/example_dags/example_workday_timetable.py took 0.100 seconds
[2025-01-28T03:43:15.622+0000] {processor.py:186} INFO - Started process (PID=9792) to work on /home/ubuntu/airflow-venv/lib/python3.12/site-packages/airflow/example_dags/example_workday_timetable.py
[2025-01-28T03:43:15.623+0000] {processor.py:914} INFO - Processing file /home/ubuntu/airflow-venv/lib/python3.12/site-packages/airflow/example_dags/example_workday_timetable.py for tasks to queue
[2025-01-28T03:43:15.625+0000] {logging_mixin.py:190} INFO - [2025-01-28T03:43:15.625+0000] {dagbag.py:588} INFO - Filling up the DagBag from /home/ubuntu/airflow-venv/lib/python3.12/site-packages/airflow/example_dags/example_workday_timetable.py
[2025-01-28T03:43:15.633+0000] {processor.py:925} INFO - DAG(s) 'example_workday_timetable' retrieved from /home/ubuntu/airflow-venv/lib/python3.12/site-packages/airflow/example_dags/example_workday_timetable.py
[2025-01-28T03:43:15.649+0000] {logging_mixin.py:190} INFO - [2025-01-28T03:43:15.649+0000] {dag.py:3239} INFO - Sync 1 DAGs
[2025-01-28T03:43:15.698+0000] {logging_mixin.py:190} INFO - [2025-01-28T03:43:15.697+0000] {dag.py:4180} INFO - Setting next_dagrun for example_workday_timetable to 2021-01-04 00:00:00+00:00, run_after=2021-01-05 00:00:00+00:00
[2025-01-28T03:43:15.720+0000] {processor.py:208} INFO - Processing /home/ubuntu/airflow-venv/lib/python3.12/site-packages/airflow/example_dags/example_workday_timetable.py took 0.103 seconds
[2025-01-28T03:44:10.218+0000] {processor.py:186} INFO - Started process (PID=9850) to work on /home/ubuntu/airflow-venv/lib/python3.12/site-packages/airflow/example_dags/example_workday_timetable.py
[2025-01-28T03:44:10.219+0000] {processor.py:914} INFO - Processing file /home/ubuntu/airflow-venv/lib/python3.12/site-packages/airflow/example_dags/example_workday_timetable.py for tasks to queue
[2025-01-28T03:44:10.221+0000] {logging_mixin.py:190} INFO - [2025-01-28T03:44:10.221+0000] {dagbag.py:588} INFO - Filling up the DagBag from /home/ubuntu/airflow-venv/lib/python3.12/site-packages/airflow/example_dags/example_workday_timetable.py
[2025-01-28T03:44:10.227+0000] {processor.py:925} INFO - DAG(s) 'example_workday_timetable' retrieved from /home/ubuntu/airflow-venv/lib/python3.12/site-packages/airflow/example_dags/example_workday_timetable.py
[2025-01-28T03:44:10.242+0000] {logging_mixin.py:190} INFO - [2025-01-28T03:44:10.242+0000] {dag.py:3239} INFO - Sync 1 DAGs
[2025-01-28T03:44:10.294+0000] {logging_mixin.py:190} INFO - [2025-01-28T03:44:10.294+0000] {dag.py:4180} INFO - Setting next_dagrun for example_workday_timetable to 2021-01-04 00:00:00+00:00, run_after=2021-01-05 00:00:00+00:00
[2025-01-28T03:44:10.318+0000] {processor.py:208} INFO - Processing /home/ubuntu/airflow-venv/lib/python3.12/site-packages/airflow/example_dags/example_workday_timetable.py took 0.106 seconds
[2025-01-28T03:45:03.130+0000] {processor.py:186} INFO - Started process (PID=9908) to work on /home/ubuntu/airflow-venv/lib/python3.12/site-packages/airflow/example_dags/example_workday_timetable.py
[2025-01-28T03:45:03.131+0000] {processor.py:914} INFO - Processing file /home/ubuntu/airflow-venv/lib/python3.12/site-packages/airflow/example_dags/example_workday_timetable.py for tasks to queue
[2025-01-28T03:45:03.133+0000] {logging_mixin.py:190} INFO - [2025-01-28T03:45:03.133+0000] {dagbag.py:588} INFO - Filling up the DagBag from /home/ubuntu/airflow-venv/lib/python3.12/site-packages/airflow/example_dags/example_workday_timetable.py
[2025-01-28T03:45:03.139+0000] {processor.py:925} INFO - DAG(s) 'example_workday_timetable' retrieved from /home/ubuntu/airflow-venv/lib/python3.12/site-packages/airflow/example_dags/example_workday_timetable.py
[2025-01-28T03:45:03.154+0000] {logging_mixin.py:190} INFO - [2025-01-28T03:45:03.154+0000] {dag.py:3239} INFO - Sync 1 DAGs
[2025-01-28T03:45:03.204+0000] {logging_mixin.py:190} INFO - [2025-01-28T03:45:03.204+0000] {dag.py:4180} INFO - Setting next_dagrun for example_workday_timetable to 2021-01-04 00:00:00+00:00, run_after=2021-01-05 00:00:00+00:00
[2025-01-28T03:45:03.227+0000] {processor.py:208} INFO - Processing /home/ubuntu/airflow-venv/lib/python3.12/site-packages/airflow/example_dags/example_workday_timetable.py took 0.102 seconds
[2025-01-28T03:45:53.487+0000] {processor.py:186} INFO - Started process (PID=9961) to work on /home/ubuntu/airflow-venv/lib/python3.12/site-packages/airflow/example_dags/example_workday_timetable.py
[2025-01-28T03:45:53.488+0000] {processor.py:914} INFO - Processing file /home/ubuntu/airflow-venv/lib/python3.12/site-packages/airflow/example_dags/example_workday_timetable.py for tasks to queue
[2025-01-28T03:45:53.490+0000] {logging_mixin.py:190} INFO - [2025-01-28T03:45:53.490+0000] {dagbag.py:588} INFO - Filling up the DagBag from /home/ubuntu/airflow-venv/lib/python3.12/site-packages/airflow/example_dags/example_workday_timetable.py
[2025-01-28T03:45:53.496+0000] {processor.py:925} INFO - DAG(s) 'example_workday_timetable' retrieved from /home/ubuntu/airflow-venv/lib/python3.12/site-packages/airflow/example_dags/example_workday_timetable.py
[2025-01-28T03:45:53.511+0000] {logging_mixin.py:190} INFO - [2025-01-28T03:45:53.510+0000] {dag.py:3239} INFO - Sync 1 DAGs
[2025-01-28T03:45:53.560+0000] {logging_mixin.py:190} INFO - [2025-01-28T03:45:53.560+0000] {dag.py:4180} INFO - Setting next_dagrun for example_workday_timetable to 2021-01-04 00:00:00+00:00, run_after=2021-01-05 00:00:00+00:00
[2025-01-28T03:45:53.585+0000] {processor.py:208} INFO - Processing /home/ubuntu/airflow-venv/lib/python3.12/site-packages/airflow/example_dags/example_workday_timetable.py took 0.103 seconds
[2025-01-28T03:46:47.395+0000] {processor.py:186} INFO - Started process (PID=10015) to work on /home/ubuntu/airflow-venv/lib/python3.12/site-packages/airflow/example_dags/example_workday_timetable.py
[2025-01-28T03:46:47.396+0000] {processor.py:914} INFO - Processing file /home/ubuntu/airflow-venv/lib/python3.12/site-packages/airflow/example_dags/example_workday_timetable.py for tasks to queue
[2025-01-28T03:46:47.398+0000] {logging_mixin.py:190} INFO - [2025-01-28T03:46:47.397+0000] {dagbag.py:588} INFO - Filling up the DagBag from /home/ubuntu/airflow-venv/lib/python3.12/site-packages/airflow/example_dags/example_workday_timetable.py
[2025-01-28T03:46:47.404+0000] {processor.py:925} INFO - DAG(s) 'example_workday_timetable' retrieved from /home/ubuntu/airflow-venv/lib/python3.12/site-packages/airflow/example_dags/example_workday_timetable.py
[2025-01-28T03:46:47.418+0000] {logging_mixin.py:190} INFO - [2025-01-28T03:46:47.418+0000] {dag.py:3239} INFO - Sync 1 DAGs
[2025-01-28T03:46:47.467+0000] {logging_mixin.py:190} INFO - [2025-01-28T03:46:47.466+0000] {dag.py:4180} INFO - Setting next_dagrun for example_workday_timetable to 2021-01-04 00:00:00+00:00, run_after=2021-01-05 00:00:00+00:00
[2025-01-28T03:46:47.490+0000] {processor.py:208} INFO - Processing /home/ubuntu/airflow-venv/lib/python3.12/site-packages/airflow/example_dags/example_workday_timetable.py took 0.101 seconds
[2025-01-28T03:47:40.489+0000] {processor.py:186} INFO - Started process (PID=10070) to work on /home/ubuntu/airflow-venv/lib/python3.12/site-packages/airflow/example_dags/example_workday_timetable.py
[2025-01-28T03:47:40.491+0000] {processor.py:914} INFO - Processing file /home/ubuntu/airflow-venv/lib/python3.12/site-packages/airflow/example_dags/example_workday_timetable.py for tasks to queue
[2025-01-28T03:47:40.493+0000] {logging_mixin.py:190} INFO - [2025-01-28T03:47:40.492+0000] {dagbag.py:588} INFO - Filling up the DagBag from /home/ubuntu/airflow-venv/lib/python3.12/site-packages/airflow/example_dags/example_workday_timetable.py
[2025-01-28T03:47:40.498+0000] {processor.py:925} INFO - DAG(s) 'example_workday_timetable' retrieved from /home/ubuntu/airflow-venv/lib/python3.12/site-packages/airflow/example_dags/example_workday_timetable.py
[2025-01-28T03:47:40.513+0000] {logging_mixin.py:190} INFO - [2025-01-28T03:47:40.513+0000] {dag.py:3239} INFO - Sync 1 DAGs
[2025-01-28T03:47:40.561+0000] {logging_mixin.py:190} INFO - [2025-01-28T03:47:40.561+0000] {dag.py:4180} INFO - Setting next_dagrun for example_workday_timetable to 2021-01-04 00:00:00+00:00, run_after=2021-01-05 00:00:00+00:00
[2025-01-28T03:47:40.585+0000] {processor.py:208} INFO - Processing /home/ubuntu/airflow-venv/lib/python3.12/site-packages/airflow/example_dags/example_workday_timetable.py took 0.101 seconds
[2025-01-28T03:48:28.952+0000] {processor.py:186} INFO - Started process (PID=10122) to work on /home/ubuntu/airflow-venv/lib/python3.12/site-packages/airflow/example_dags/example_workday_timetable.py
[2025-01-28T03:48:28.954+0000] {processor.py:914} INFO - Processing file /home/ubuntu/airflow-venv/lib/python3.12/site-packages/airflow/example_dags/example_workday_timetable.py for tasks to queue
[2025-01-28T03:48:28.955+0000] {logging_mixin.py:190} INFO - [2025-01-28T03:48:28.955+0000] {dagbag.py:588} INFO - Filling up the DagBag from /home/ubuntu/airflow-venv/lib/python3.12/site-packages/airflow/example_dags/example_workday_timetable.py
[2025-01-28T03:48:28.961+0000] {processor.py:925} INFO - DAG(s) 'example_workday_timetable' retrieved from /home/ubuntu/airflow-venv/lib/python3.12/site-packages/airflow/example_dags/example_workday_timetable.py
[2025-01-28T03:48:28.976+0000] {logging_mixin.py:190} INFO - [2025-01-28T03:48:28.976+0000] {dag.py:3239} INFO - Sync 1 DAGs
[2025-01-28T03:48:29.024+0000] {logging_mixin.py:190} INFO - [2025-01-28T03:48:29.024+0000] {dag.py:4180} INFO - Setting next_dagrun for example_workday_timetable to 2021-01-04 00:00:00+00:00, run_after=2021-01-05 00:00:00+00:00
[2025-01-28T03:48:29.055+0000] {processor.py:208} INFO - Processing /home/ubuntu/airflow-venv/lib/python3.12/site-packages/airflow/example_dags/example_workday_timetable.py took 0.108 seconds
[2025-01-28T03:49:17.462+0000] {processor.py:186} INFO - Started process (PID=10173) to work on /home/ubuntu/airflow-venv/lib/python3.12/site-packages/airflow/example_dags/example_workday_timetable.py
[2025-01-28T03:49:17.464+0000] {processor.py:914} INFO - Processing file /home/ubuntu/airflow-venv/lib/python3.12/site-packages/airflow/example_dags/example_workday_timetable.py for tasks to queue
[2025-01-28T03:49:17.466+0000] {logging_mixin.py:190} INFO - [2025-01-28T03:49:17.466+0000] {dagbag.py:588} INFO - Filling up the DagBag from /home/ubuntu/airflow-venv/lib/python3.12/site-packages/airflow/example_dags/example_workday_timetable.py
[2025-01-28T03:49:17.471+0000] {processor.py:925} INFO - DAG(s) 'example_workday_timetable' retrieved from /home/ubuntu/airflow-venv/lib/python3.12/site-packages/airflow/example_dags/example_workday_timetable.py
[2025-01-28T03:49:17.486+0000] {logging_mixin.py:190} INFO - [2025-01-28T03:49:17.486+0000] {dag.py:3239} INFO - Sync 1 DAGs
[2025-01-28T03:49:17.541+0000] {logging_mixin.py:190} INFO - [2025-01-28T03:49:17.541+0000] {dag.py:4180} INFO - Setting next_dagrun for example_workday_timetable to 2021-01-04 00:00:00+00:00, run_after=2021-01-05 00:00:00+00:00
[2025-01-28T03:49:17.564+0000] {processor.py:208} INFO - Processing /home/ubuntu/airflow-venv/lib/python3.12/site-packages/airflow/example_dags/example_workday_timetable.py took 0.107 seconds
[2025-01-28T05:55:10.802+0000] {processor.py:186} INFO - Started process (PID=1903) to work on /home/ubuntu/.local/lib/python3.12/site-packages/airflow/example_dags/example_workday_timetable.py
[2025-01-28T05:55:10.804+0000] {processor.py:914} INFO - Processing file /home/ubuntu/.local/lib/python3.12/site-packages/airflow/example_dags/example_workday_timetable.py for tasks to queue
[2025-01-28T05:55:10.807+0000] {logging_mixin.py:190} INFO - [2025-01-28T05:55:10.806+0000] {dagbag.py:588} INFO - Filling up the DagBag from /home/ubuntu/.local/lib/python3.12/site-packages/airflow/example_dags/example_workday_timetable.py
[2025-01-28T05:55:10.812+0000] {processor.py:925} INFO - DAG(s) 'example_workday_timetable' retrieved from /home/ubuntu/.local/lib/python3.12/site-packages/airflow/example_dags/example_workday_timetable.py
[2025-01-28T05:55:10.901+0000] {logging_mixin.py:190} INFO - [2025-01-28T05:55:10.901+0000] {dag.py:3239} INFO - Sync 1 DAGs
[2025-01-28T05:55:10.967+0000] {logging_mixin.py:190} INFO - [2025-01-28T05:55:10.967+0000] {dag.py:4180} INFO - Setting next_dagrun for example_workday_timetable to 2021-01-04 00:00:00+00:00, run_after=2021-01-05 00:00:00+00:00
[2025-01-28T05:55:10.995+0000] {processor.py:208} INFO - Processing /home/ubuntu/.local/lib/python3.12/site-packages/airflow/example_dags/example_workday_timetable.py took 0.201 seconds
[2025-01-28T05:56:10.420+0000] {processor.py:186} INFO - Started process (PID=1962) to work on /home/ubuntu/.local/lib/python3.12/site-packages/airflow/example_dags/example_workday_timetable.py
[2025-01-28T05:56:10.423+0000] {processor.py:914} INFO - Processing file /home/ubuntu/.local/lib/python3.12/site-packages/airflow/example_dags/example_workday_timetable.py for tasks to queue
[2025-01-28T05:56:10.424+0000] {logging_mixin.py:190} INFO - [2025-01-28T05:56:10.424+0000] {dagbag.py:588} INFO - Filling up the DagBag from /home/ubuntu/.local/lib/python3.12/site-packages/airflow/example_dags/example_workday_timetable.py
[2025-01-28T05:56:10.431+0000] {processor.py:925} INFO - DAG(s) 'example_workday_timetable' retrieved from /home/ubuntu/.local/lib/python3.12/site-packages/airflow/example_dags/example_workday_timetable.py
[2025-01-28T05:56:10.445+0000] {logging_mixin.py:190} INFO - [2025-01-28T05:56:10.445+0000] {dag.py:3239} INFO - Sync 1 DAGs
[2025-01-28T05:56:10.494+0000] {logging_mixin.py:190} INFO - [2025-01-28T05:56:10.494+0000] {dag.py:4180} INFO - Setting next_dagrun for example_workday_timetable to 2021-01-04 00:00:00+00:00, run_after=2021-01-05 00:00:00+00:00
[2025-01-28T05:56:10.516+0000] {processor.py:208} INFO - Processing /home/ubuntu/.local/lib/python3.12/site-packages/airflow/example_dags/example_workday_timetable.py took 0.101 seconds
[2025-01-28T05:57:06.973+0000] {processor.py:186} INFO - Started process (PID=2038) to work on /home/ubuntu/.local/lib/python3.12/site-packages/airflow/example_dags/example_workday_timetable.py
[2025-01-28T05:57:06.974+0000] {processor.py:914} INFO - Processing file /home/ubuntu/.local/lib/python3.12/site-packages/airflow/example_dags/example_workday_timetable.py for tasks to queue
[2025-01-28T05:57:06.976+0000] {logging_mixin.py:190} INFO - [2025-01-28T05:57:06.976+0000] {dagbag.py:588} INFO - Filling up the DagBag from /home/ubuntu/.local/lib/python3.12/site-packages/airflow/example_dags/example_workday_timetable.py
[2025-01-28T05:57:06.982+0000] {processor.py:925} INFO - DAG(s) 'example_workday_timetable' retrieved from /home/ubuntu/.local/lib/python3.12/site-packages/airflow/example_dags/example_workday_timetable.py
[2025-01-28T05:57:06.996+0000] {logging_mixin.py:190} INFO - [2025-01-28T05:57:06.996+0000] {dag.py:3239} INFO - Sync 1 DAGs
[2025-01-28T05:57:07.046+0000] {logging_mixin.py:190} INFO - [2025-01-28T05:57:07.046+0000] {dag.py:4180} INFO - Setting next_dagrun for example_workday_timetable to 2021-01-04 00:00:00+00:00, run_after=2021-01-05 00:00:00+00:00
[2025-01-28T05:57:07.068+0000] {processor.py:208} INFO - Processing /home/ubuntu/.local/lib/python3.12/site-packages/airflow/example_dags/example_workday_timetable.py took 0.101 seconds
[2025-01-28T05:58:01.265+0000] {processor.py:186} INFO - Started process (PID=2109) to work on /home/ubuntu/.local/lib/python3.12/site-packages/airflow/example_dags/example_workday_timetable.py
[2025-01-28T05:58:01.267+0000] {processor.py:914} INFO - Processing file /home/ubuntu/.local/lib/python3.12/site-packages/airflow/example_dags/example_workday_timetable.py for tasks to queue
[2025-01-28T05:58:01.269+0000] {logging_mixin.py:190} INFO - [2025-01-28T05:58:01.269+0000] {dagbag.py:588} INFO - Filling up the DagBag from /home/ubuntu/.local/lib/python3.12/site-packages/airflow/example_dags/example_workday_timetable.py
[2025-01-28T05:58:01.275+0000] {processor.py:925} INFO - DAG(s) 'example_workday_timetable' retrieved from /home/ubuntu/.local/lib/python3.12/site-packages/airflow/example_dags/example_workday_timetable.py
[2025-01-28T05:58:01.290+0000] {logging_mixin.py:190} INFO - [2025-01-28T05:58:01.290+0000] {dag.py:3239} INFO - Sync 1 DAGs
[2025-01-28T05:58:01.344+0000] {logging_mixin.py:190} INFO - [2025-01-28T05:58:01.343+0000] {dag.py:4180} INFO - Setting next_dagrun for example_workday_timetable to 2021-01-04 00:00:00+00:00, run_after=2021-01-05 00:00:00+00:00
[2025-01-28T05:58:01.367+0000] {processor.py:208} INFO - Processing /home/ubuntu/.local/lib/python3.12/site-packages/airflow/example_dags/example_workday_timetable.py took 0.108 seconds
[2025-01-28T05:58:57.625+0000] {processor.py:186} INFO - Started process (PID=2166) to work on /home/ubuntu/.local/lib/python3.12/site-packages/airflow/example_dags/example_workday_timetable.py
[2025-01-28T05:58:57.626+0000] {processor.py:914} INFO - Processing file /home/ubuntu/.local/lib/python3.12/site-packages/airflow/example_dags/example_workday_timetable.py for tasks to queue
[2025-01-28T05:58:57.629+0000] {logging_mixin.py:190} INFO - [2025-01-28T05:58:57.628+0000] {dagbag.py:588} INFO - Filling up the DagBag from /home/ubuntu/.local/lib/python3.12/site-packages/airflow/example_dags/example_workday_timetable.py
[2025-01-28T05:58:57.634+0000] {processor.py:925} INFO - DAG(s) 'example_workday_timetable' retrieved from /home/ubuntu/.local/lib/python3.12/site-packages/airflow/example_dags/example_workday_timetable.py
[2025-01-28T05:58:57.650+0000] {logging_mixin.py:190} INFO - [2025-01-28T05:58:57.650+0000] {dag.py:3239} INFO - Sync 1 DAGs
[2025-01-28T05:58:57.698+0000] {logging_mixin.py:190} INFO - [2025-01-28T05:58:57.698+0000] {dag.py:4180} INFO - Setting next_dagrun for example_workday_timetable to 2021-01-04 00:00:00+00:00, run_after=2021-01-05 00:00:00+00:00
[2025-01-28T05:58:57.722+0000] {processor.py:208} INFO - Processing /home/ubuntu/.local/lib/python3.12/site-packages/airflow/example_dags/example_workday_timetable.py took 0.103 seconds
[2025-01-28T05:59:53.567+0000] {processor.py:186} INFO - Started process (PID=2223) to work on /home/ubuntu/.local/lib/python3.12/site-packages/airflow/example_dags/example_workday_timetable.py
[2025-01-28T05:59:53.569+0000] {processor.py:914} INFO - Processing file /home/ubuntu/.local/lib/python3.12/site-packages/airflow/example_dags/example_workday_timetable.py for tasks to queue
[2025-01-28T05:59:53.572+0000] {logging_mixin.py:190} INFO - [2025-01-28T05:59:53.571+0000] {dagbag.py:588} INFO - Filling up the DagBag from /home/ubuntu/.local/lib/python3.12/site-packages/airflow/example_dags/example_workday_timetable.py
[2025-01-28T05:59:53.577+0000] {processor.py:925} INFO - DAG(s) 'example_workday_timetable' retrieved from /home/ubuntu/.local/lib/python3.12/site-packages/airflow/example_dags/example_workday_timetable.py
[2025-01-28T05:59:53.592+0000] {logging_mixin.py:190} INFO - [2025-01-28T05:59:53.592+0000] {dag.py:3239} INFO - Sync 1 DAGs
[2025-01-28T05:59:53.640+0000] {logging_mixin.py:190} INFO - [2025-01-28T05:59:53.640+0000] {dag.py:4180} INFO - Setting next_dagrun for example_workday_timetable to 2021-01-04 00:00:00+00:00, run_after=2021-01-05 00:00:00+00:00
[2025-01-28T05:59:53.662+0000] {processor.py:208} INFO - Processing /home/ubuntu/.local/lib/python3.12/site-packages/airflow/example_dags/example_workday_timetable.py took 0.101 seconds
[2025-01-28T06:00:45.977+0000] {processor.py:186} INFO - Started process (PID=2280) to work on /home/ubuntu/.local/lib/python3.12/site-packages/airflow/example_dags/example_workday_timetable.py
[2025-01-28T06:00:45.979+0000] {processor.py:914} INFO - Processing file /home/ubuntu/.local/lib/python3.12/site-packages/airflow/example_dags/example_workday_timetable.py for tasks to queue
[2025-01-28T06:00:45.981+0000] {logging_mixin.py:190} INFO - [2025-01-28T06:00:45.981+0000] {dagbag.py:588} INFO - Filling up the DagBag from /home/ubuntu/.local/lib/python3.12/site-packages/airflow/example_dags/example_workday_timetable.py
[2025-01-28T06:00:45.987+0000] {processor.py:925} INFO - DAG(s) 'example_workday_timetable' retrieved from /home/ubuntu/.local/lib/python3.12/site-packages/airflow/example_dags/example_workday_timetable.py
[2025-01-28T06:00:46.002+0000] {logging_mixin.py:190} INFO - [2025-01-28T06:00:46.002+0000] {dag.py:3239} INFO - Sync 1 DAGs
[2025-01-28T06:00:46.052+0000] {logging_mixin.py:190} INFO - [2025-01-28T06:00:46.052+0000] {dag.py:4180} INFO - Setting next_dagrun for example_workday_timetable to 2021-01-04 00:00:00+00:00, run_after=2021-01-05 00:00:00+00:00
[2025-01-28T06:00:46.075+0000] {processor.py:208} INFO - Processing /home/ubuntu/.local/lib/python3.12/site-packages/airflow/example_dags/example_workday_timetable.py took 0.102 seconds
[2025-01-28T06:01:34.789+0000] {processor.py:186} INFO - Started process (PID=2332) to work on /home/ubuntu/.local/lib/python3.12/site-packages/airflow/example_dags/example_workday_timetable.py
[2025-01-28T06:01:34.790+0000] {processor.py:914} INFO - Processing file /home/ubuntu/.local/lib/python3.12/site-packages/airflow/example_dags/example_workday_timetable.py for tasks to queue
[2025-01-28T06:01:34.793+0000] {logging_mixin.py:190} INFO - [2025-01-28T06:01:34.792+0000] {dagbag.py:588} INFO - Filling up the DagBag from /home/ubuntu/.local/lib/python3.12/site-packages/airflow/example_dags/example_workday_timetable.py
[2025-01-28T06:01:34.798+0000] {processor.py:925} INFO - DAG(s) 'example_workday_timetable' retrieved from /home/ubuntu/.local/lib/python3.12/site-packages/airflow/example_dags/example_workday_timetable.py
[2025-01-28T06:01:34.812+0000] {logging_mixin.py:190} INFO - [2025-01-28T06:01:34.812+0000] {dag.py:3239} INFO - Sync 1 DAGs
[2025-01-28T06:01:34.861+0000] {logging_mixin.py:190} INFO - [2025-01-28T06:01:34.861+0000] {dag.py:4180} INFO - Setting next_dagrun for example_workday_timetable to 2021-01-04 00:00:00+00:00, run_after=2021-01-05 00:00:00+00:00
[2025-01-28T06:01:34.886+0000] {processor.py:208} INFO - Processing /home/ubuntu/.local/lib/python3.12/site-packages/airflow/example_dags/example_workday_timetable.py took 0.103 seconds
[2025-01-28T06:02:23.413+0000] {processor.py:186} INFO - Started process (PID=2388) to work on /home/ubuntu/.local/lib/python3.12/site-packages/airflow/example_dags/example_workday_timetable.py
[2025-01-28T06:02:23.415+0000] {processor.py:914} INFO - Processing file /home/ubuntu/.local/lib/python3.12/site-packages/airflow/example_dags/example_workday_timetable.py for tasks to queue
[2025-01-28T06:02:23.417+0000] {logging_mixin.py:190} INFO - [2025-01-28T06:02:23.417+0000] {dagbag.py:588} INFO - Filling up the DagBag from /home/ubuntu/.local/lib/python3.12/site-packages/airflow/example_dags/example_workday_timetable.py
[2025-01-28T06:02:23.424+0000] {processor.py:925} INFO - DAG(s) 'example_workday_timetable' retrieved from /home/ubuntu/.local/lib/python3.12/site-packages/airflow/example_dags/example_workday_timetable.py
[2025-01-28T06:02:23.440+0000] {logging_mixin.py:190} INFO - [2025-01-28T06:02:23.440+0000] {dag.py:3239} INFO - Sync 1 DAGs
[2025-01-28T06:02:23.488+0000] {logging_mixin.py:190} INFO - [2025-01-28T06:02:23.488+0000] {dag.py:4180} INFO - Setting next_dagrun for example_workday_timetable to 2021-01-04 00:00:00+00:00, run_after=2021-01-05 00:00:00+00:00
[2025-01-28T06:02:23.511+0000] {processor.py:208} INFO - Processing /home/ubuntu/.local/lib/python3.12/site-packages/airflow/example_dags/example_workday_timetable.py took 0.103 seconds
[2025-01-28T06:03:14.964+0000] {processor.py:186} INFO - Started process (PID=2453) to work on /home/ubuntu/.local/lib/python3.12/site-packages/airflow/example_dags/example_workday_timetable.py
[2025-01-28T06:03:14.966+0000] {processor.py:914} INFO - Processing file /home/ubuntu/.local/lib/python3.12/site-packages/airflow/example_dags/example_workday_timetable.py for tasks to queue
[2025-01-28T06:03:14.968+0000] {logging_mixin.py:190} INFO - [2025-01-28T06:03:14.968+0000] {dagbag.py:588} INFO - Filling up the DagBag from /home/ubuntu/.local/lib/python3.12/site-packages/airflow/example_dags/example_workday_timetable.py
[2025-01-28T06:03:14.974+0000] {processor.py:925} INFO - DAG(s) 'example_workday_timetable' retrieved from /home/ubuntu/.local/lib/python3.12/site-packages/airflow/example_dags/example_workday_timetable.py
[2025-01-28T06:03:14.995+0000] {logging_mixin.py:190} INFO - [2025-01-28T06:03:14.994+0000] {dag.py:3239} INFO - Sync 1 DAGs
[2025-01-28T06:03:15.046+0000] {logging_mixin.py:190} INFO - [2025-01-28T06:03:15.045+0000] {dag.py:4180} INFO - Setting next_dagrun for example_workday_timetable to 2021-01-04 00:00:00+00:00, run_after=2021-01-05 00:00:00+00:00
[2025-01-28T06:03:15.069+0000] {processor.py:208} INFO - Processing /home/ubuntu/.local/lib/python3.12/site-packages/airflow/example_dags/example_workday_timetable.py took 0.110 seconds
[2025-01-28T06:04:30.224+0000] {processor.py:186} INFO - Started process (PID=2534) to work on /home/ubuntu/.local/lib/python3.12/site-packages/airflow/example_dags/example_workday_timetable.py
[2025-01-28T06:04:30.225+0000] {processor.py:914} INFO - Processing file /home/ubuntu/.local/lib/python3.12/site-packages/airflow/example_dags/example_workday_timetable.py for tasks to queue
[2025-01-28T06:04:30.227+0000] {logging_mixin.py:190} INFO - [2025-01-28T06:04:30.227+0000] {dagbag.py:588} INFO - Filling up the DagBag from /home/ubuntu/.local/lib/python3.12/site-packages/airflow/example_dags/example_workday_timetable.py
[2025-01-28T06:04:30.233+0000] {processor.py:925} INFO - DAG(s) 'example_workday_timetable' retrieved from /home/ubuntu/.local/lib/python3.12/site-packages/airflow/example_dags/example_workday_timetable.py
[2025-01-28T06:04:30.247+0000] {logging_mixin.py:190} INFO - [2025-01-28T06:04:30.247+0000] {dag.py:3239} INFO - Sync 1 DAGs
[2025-01-28T06:04:30.297+0000] {logging_mixin.py:190} INFO - [2025-01-28T06:04:30.297+0000] {dag.py:4180} INFO - Setting next_dagrun for example_workday_timetable to 2021-01-04 00:00:00+00:00, run_after=2021-01-05 00:00:00+00:00
[2025-01-28T06:04:30.320+0000] {processor.py:208} INFO - Processing /home/ubuntu/.local/lib/python3.12/site-packages/airflow/example_dags/example_workday_timetable.py took 0.101 seconds
[2025-01-28T06:05:27.148+0000] {processor.py:186} INFO - Started process (PID=2596) to work on /home/ubuntu/.local/lib/python3.12/site-packages/airflow/example_dags/example_workday_timetable.py
[2025-01-28T06:05:27.150+0000] {processor.py:914} INFO - Processing file /home/ubuntu/.local/lib/python3.12/site-packages/airflow/example_dags/example_workday_timetable.py for tasks to queue
[2025-01-28T06:05:27.152+0000] {logging_mixin.py:190} INFO - [2025-01-28T06:05:27.152+0000] {dagbag.py:588} INFO - Filling up the DagBag from /home/ubuntu/.local/lib/python3.12/site-packages/airflow/example_dags/example_workday_timetable.py
[2025-01-28T06:05:27.158+0000] {processor.py:925} INFO - DAG(s) 'example_workday_timetable' retrieved from /home/ubuntu/.local/lib/python3.12/site-packages/airflow/example_dags/example_workday_timetable.py
[2025-01-28T06:05:27.174+0000] {logging_mixin.py:190} INFO - [2025-01-28T06:05:27.173+0000] {dag.py:3239} INFO - Sync 1 DAGs
[2025-01-28T06:05:27.223+0000] {logging_mixin.py:190} INFO - [2025-01-28T06:05:27.223+0000] {dag.py:4180} INFO - Setting next_dagrun for example_workday_timetable to 2021-01-04 00:00:00+00:00, run_after=2021-01-05 00:00:00+00:00
[2025-01-28T06:05:27.245+0000] {processor.py:208} INFO - Processing /home/ubuntu/.local/lib/python3.12/site-packages/airflow/example_dags/example_workday_timetable.py took 0.102 seconds
[2025-01-28T06:06:40.364+0000] {processor.py:186} INFO - Started process (PID=2683) to work on /home/ubuntu/.local/lib/python3.12/site-packages/airflow/example_dags/example_workday_timetable.py
[2025-01-28T06:06:40.366+0000] {processor.py:914} INFO - Processing file /home/ubuntu/.local/lib/python3.12/site-packages/airflow/example_dags/example_workday_timetable.py for tasks to queue
[2025-01-28T06:06:40.369+0000] {logging_mixin.py:190} INFO - [2025-01-28T06:06:40.368+0000] {dagbag.py:588} INFO - Filling up the DagBag from /home/ubuntu/.local/lib/python3.12/site-packages/airflow/example_dags/example_workday_timetable.py
[2025-01-28T06:06:40.374+0000] {processor.py:925} INFO - DAG(s) 'example_workday_timetable' retrieved from /home/ubuntu/.local/lib/python3.12/site-packages/airflow/example_dags/example_workday_timetable.py
[2025-01-28T06:06:40.389+0000] {logging_mixin.py:190} INFO - [2025-01-28T06:06:40.389+0000] {dag.py:3239} INFO - Sync 1 DAGs
[2025-01-28T06:06:40.437+0000] {logging_mixin.py:190} INFO - [2025-01-28T06:06:40.437+0000] {dag.py:4180} INFO - Setting next_dagrun for example_workday_timetable to 2021-01-04 00:00:00+00:00, run_after=2021-01-05 00:00:00+00:00
[2025-01-28T06:06:40.461+0000] {processor.py:208} INFO - Processing /home/ubuntu/.local/lib/python3.12/site-packages/airflow/example_dags/example_workday_timetable.py took 0.102 seconds
[2025-01-28T06:07:39.565+0000] {processor.py:186} INFO - Started process (PID=2746) to work on /home/ubuntu/.local/lib/python3.12/site-packages/airflow/example_dags/example_workday_timetable.py
[2025-01-28T06:07:39.567+0000] {processor.py:914} INFO - Processing file /home/ubuntu/.local/lib/python3.12/site-packages/airflow/example_dags/example_workday_timetable.py for tasks to queue
[2025-01-28T06:07:39.569+0000] {logging_mixin.py:190} INFO - [2025-01-28T06:07:39.569+0000] {dagbag.py:588} INFO - Filling up the DagBag from /home/ubuntu/.local/lib/python3.12/site-packages/airflow/example_dags/example_workday_timetable.py
[2025-01-28T06:07:39.575+0000] {processor.py:925} INFO - DAG(s) 'example_workday_timetable' retrieved from /home/ubuntu/.local/lib/python3.12/site-packages/airflow/example_dags/example_workday_timetable.py
[2025-01-28T06:07:39.591+0000] {logging_mixin.py:190} INFO - [2025-01-28T06:07:39.590+0000] {dag.py:3239} INFO - Sync 1 DAGs
[2025-01-28T06:07:39.639+0000] {logging_mixin.py:190} INFO - [2025-01-28T06:07:39.639+0000] {dag.py:4180} INFO - Setting next_dagrun for example_workday_timetable to 2021-01-04 00:00:00+00:00, run_after=2021-01-05 00:00:00+00:00
[2025-01-28T06:07:39.662+0000] {processor.py:208} INFO - Processing /home/ubuntu/.local/lib/python3.12/site-packages/airflow/example_dags/example_workday_timetable.py took 0.102 seconds
[2025-01-28T06:08:37.259+0000] {processor.py:186} INFO - Started process (PID=2805) to work on /home/ubuntu/.local/lib/python3.12/site-packages/airflow/example_dags/example_workday_timetable.py
[2025-01-28T06:08:37.261+0000] {processor.py:914} INFO - Processing file /home/ubuntu/.local/lib/python3.12/site-packages/airflow/example_dags/example_workday_timetable.py for tasks to queue
[2025-01-28T06:08:37.263+0000] {logging_mixin.py:190} INFO - [2025-01-28T06:08:37.263+0000] {dagbag.py:588} INFO - Filling up the DagBag from /home/ubuntu/.local/lib/python3.12/site-packages/airflow/example_dags/example_workday_timetable.py
[2025-01-28T06:08:37.269+0000] {processor.py:925} INFO - DAG(s) 'example_workday_timetable' retrieved from /home/ubuntu/.local/lib/python3.12/site-packages/airflow/example_dags/example_workday_timetable.py
[2025-01-28T06:08:37.283+0000] {logging_mixin.py:190} INFO - [2025-01-28T06:08:37.283+0000] {dag.py:3239} INFO - Sync 1 DAGs
[2025-01-28T06:08:37.332+0000] {logging_mixin.py:190} INFO - [2025-01-28T06:08:37.332+0000] {dag.py:4180} INFO - Setting next_dagrun for example_workday_timetable to 2021-01-04 00:00:00+00:00, run_after=2021-01-05 00:00:00+00:00
[2025-01-28T06:08:37.356+0000] {processor.py:208} INFO - Processing /home/ubuntu/.local/lib/python3.12/site-packages/airflow/example_dags/example_workday_timetable.py took 0.103 seconds
[2025-01-28T06:09:31.790+0000] {processor.py:186} INFO - Started process (PID=2864) to work on /home/ubuntu/.local/lib/python3.12/site-packages/airflow/example_dags/example_workday_timetable.py
[2025-01-28T06:09:31.792+0000] {processor.py:914} INFO - Processing file /home/ubuntu/.local/lib/python3.12/site-packages/airflow/example_dags/example_workday_timetable.py for tasks to queue
[2025-01-28T06:09:31.795+0000] {logging_mixin.py:190} INFO - [2025-01-28T06:09:31.795+0000] {dagbag.py:588} INFO - Filling up the DagBag from /home/ubuntu/.local/lib/python3.12/site-packages/airflow/example_dags/example_workday_timetable.py
[2025-01-28T06:09:31.801+0000] {processor.py:925} INFO - DAG(s) 'example_workday_timetable' retrieved from /home/ubuntu/.local/lib/python3.12/site-packages/airflow/example_dags/example_workday_timetable.py
[2025-01-28T06:09:31.815+0000] {logging_mixin.py:190} INFO - [2025-01-28T06:09:31.815+0000] {dag.py:3239} INFO - Sync 1 DAGs
[2025-01-28T06:09:31.865+0000] {logging_mixin.py:190} INFO - [2025-01-28T06:09:31.865+0000] {dag.py:4180} INFO - Setting next_dagrun for example_workday_timetable to 2021-01-04 00:00:00+00:00, run_after=2021-01-05 00:00:00+00:00
[2025-01-28T06:09:31.888+0000] {processor.py:208} INFO - Processing /home/ubuntu/.local/lib/python3.12/site-packages/airflow/example_dags/example_workday_timetable.py took 0.102 seconds
[2025-01-28T06:10:23.745+0000] {processor.py:186} INFO - Started process (PID=2933) to work on /home/ubuntu/.local/lib/python3.12/site-packages/airflow/example_dags/example_workday_timetable.py
[2025-01-28T06:10:23.746+0000] {processor.py:914} INFO - Processing file /home/ubuntu/.local/lib/python3.12/site-packages/airflow/example_dags/example_workday_timetable.py for tasks to queue
[2025-01-28T06:10:23.749+0000] {logging_mixin.py:190} INFO - [2025-01-28T06:10:23.749+0000] {dagbag.py:588} INFO - Filling up the DagBag from /home/ubuntu/.local/lib/python3.12/site-packages/airflow/example_dags/example_workday_timetable.py
[2025-01-28T06:10:23.755+0000] {processor.py:925} INFO - DAG(s) 'example_workday_timetable' retrieved from /home/ubuntu/.local/lib/python3.12/site-packages/airflow/example_dags/example_workday_timetable.py
[2025-01-28T06:10:23.769+0000] {logging_mixin.py:190} INFO - [2025-01-28T06:10:23.769+0000] {dag.py:3239} INFO - Sync 1 DAGs
[2025-01-28T06:10:23.817+0000] {logging_mixin.py:190} INFO - [2025-01-28T06:10:23.817+0000] {dag.py:4180} INFO - Setting next_dagrun for example_workday_timetable to 2021-01-04 00:00:00+00:00, run_after=2021-01-05 00:00:00+00:00
[2025-01-28T06:10:23.845+0000] {processor.py:208} INFO - Processing /home/ubuntu/.local/lib/python3.12/site-packages/airflow/example_dags/example_workday_timetable.py took 0.106 seconds
[2025-01-28T06:11:18.390+0000] {processor.py:186} INFO - Started process (PID=2997) to work on /home/ubuntu/.local/lib/python3.12/site-packages/airflow/example_dags/example_workday_timetable.py
[2025-01-28T06:11:18.392+0000] {processor.py:914} INFO - Processing file /home/ubuntu/.local/lib/python3.12/site-packages/airflow/example_dags/example_workday_timetable.py for tasks to queue
[2025-01-28T06:11:18.393+0000] {logging_mixin.py:190} INFO - [2025-01-28T06:11:18.393+0000] {dagbag.py:588} INFO - Filling up the DagBag from /home/ubuntu/.local/lib/python3.12/site-packages/airflow/example_dags/example_workday_timetable.py
[2025-01-28T06:11:18.399+0000] {processor.py:925} INFO - DAG(s) 'example_workday_timetable' retrieved from /home/ubuntu/.local/lib/python3.12/site-packages/airflow/example_dags/example_workday_timetable.py
[2025-01-28T06:11:18.414+0000] {logging_mixin.py:190} INFO - [2025-01-28T06:11:18.414+0000] {dag.py:3239} INFO - Sync 1 DAGs
[2025-01-28T06:11:18.461+0000] {logging_mixin.py:190} INFO - [2025-01-28T06:11:18.461+0000] {dag.py:4180} INFO - Setting next_dagrun for example_workday_timetable to 2021-01-04 00:00:00+00:00, run_after=2021-01-05 00:00:00+00:00
[2025-01-28T06:11:18.483+0000] {processor.py:208} INFO - Processing /home/ubuntu/.local/lib/python3.12/site-packages/airflow/example_dags/example_workday_timetable.py took 0.099 seconds
[2025-01-28T06:12:11.041+0000] {processor.py:186} INFO - Started process (PID=3052) to work on /home/ubuntu/.local/lib/python3.12/site-packages/airflow/example_dags/example_workday_timetable.py
[2025-01-28T06:12:11.043+0000] {processor.py:914} INFO - Processing file /home/ubuntu/.local/lib/python3.12/site-packages/airflow/example_dags/example_workday_timetable.py for tasks to queue
[2025-01-28T06:12:11.045+0000] {logging_mixin.py:190} INFO - [2025-01-28T06:12:11.045+0000] {dagbag.py:588} INFO - Filling up the DagBag from /home/ubuntu/.local/lib/python3.12/site-packages/airflow/example_dags/example_workday_timetable.py
[2025-01-28T06:12:11.051+0000] {processor.py:925} INFO - DAG(s) 'example_workday_timetable' retrieved from /home/ubuntu/.local/lib/python3.12/site-packages/airflow/example_dags/example_workday_timetable.py
[2025-01-28T06:12:11.066+0000] {logging_mixin.py:190} INFO - [2025-01-28T06:12:11.066+0000] {dag.py:3239} INFO - Sync 1 DAGs
[2025-01-28T06:12:11.116+0000] {logging_mixin.py:190} INFO - [2025-01-28T06:12:11.116+0000] {dag.py:4180} INFO - Setting next_dagrun for example_workday_timetable to 2021-01-04 00:00:00+00:00, run_after=2021-01-05 00:00:00+00:00
[2025-01-28T06:12:11.138+0000] {processor.py:208} INFO - Processing /home/ubuntu/.local/lib/python3.12/site-packages/airflow/example_dags/example_workday_timetable.py took 0.102 seconds
[2025-01-28T06:13:06.471+0000] {processor.py:186} INFO - Started process (PID=3108) to work on /home/ubuntu/.local/lib/python3.12/site-packages/airflow/example_dags/example_workday_timetable.py
[2025-01-28T06:13:06.473+0000] {processor.py:914} INFO - Processing file /home/ubuntu/.local/lib/python3.12/site-packages/airflow/example_dags/example_workday_timetable.py for tasks to queue
[2025-01-28T06:13:06.475+0000] {logging_mixin.py:190} INFO - [2025-01-28T06:13:06.475+0000] {dagbag.py:588} INFO - Filling up the DagBag from /home/ubuntu/.local/lib/python3.12/site-packages/airflow/example_dags/example_workday_timetable.py
[2025-01-28T06:13:06.481+0000] {processor.py:925} INFO - DAG(s) 'example_workday_timetable' retrieved from /home/ubuntu/.local/lib/python3.12/site-packages/airflow/example_dags/example_workday_timetable.py
[2025-01-28T06:13:06.495+0000] {logging_mixin.py:190} INFO - [2025-01-28T06:13:06.495+0000] {dag.py:3239} INFO - Sync 1 DAGs
[2025-01-28T06:13:06.545+0000] {logging_mixin.py:190} INFO - [2025-01-28T06:13:06.545+0000] {dag.py:4180} INFO - Setting next_dagrun for example_workday_timetable to 2021-01-04 00:00:00+00:00, run_after=2021-01-05 00:00:00+00:00
[2025-01-28T06:13:06.568+0000] {processor.py:208} INFO - Processing /home/ubuntu/.local/lib/python3.12/site-packages/airflow/example_dags/example_workday_timetable.py took 0.103 seconds
[2025-01-28T06:13:58.702+0000] {processor.py:186} INFO - Started process (PID=3163) to work on /home/ubuntu/.local/lib/python3.12/site-packages/airflow/example_dags/example_workday_timetable.py
[2025-01-28T06:13:58.703+0000] {processor.py:914} INFO - Processing file /home/ubuntu/.local/lib/python3.12/site-packages/airflow/example_dags/example_workday_timetable.py for tasks to queue
[2025-01-28T06:13:58.706+0000] {logging_mixin.py:190} INFO - [2025-01-28T06:13:58.706+0000] {dagbag.py:588} INFO - Filling up the DagBag from /home/ubuntu/.local/lib/python3.12/site-packages/airflow/example_dags/example_workday_timetable.py
[2025-01-28T06:13:58.719+0000] {processor.py:925} INFO - DAG(s) 'example_workday_timetable' retrieved from /home/ubuntu/.local/lib/python3.12/site-packages/airflow/example_dags/example_workday_timetable.py
[2025-01-28T06:13:58.744+0000] {logging_mixin.py:190} INFO - [2025-01-28T06:13:58.744+0000] {dag.py:3239} INFO - Sync 1 DAGs
[2025-01-28T06:13:58.793+0000] {logging_mixin.py:190} INFO - [2025-01-28T06:13:58.793+0000] {dag.py:4180} INFO - Setting next_dagrun for example_workday_timetable to 2021-01-04 00:00:00+00:00, run_after=2021-01-05 00:00:00+00:00
[2025-01-28T06:13:58.817+0000] {processor.py:208} INFO - Processing /home/ubuntu/.local/lib/python3.12/site-packages/airflow/example_dags/example_workday_timetable.py took 0.122 seconds
[2025-01-28T06:14:51.851+0000] {processor.py:186} INFO - Started process (PID=3218) to work on /home/ubuntu/.local/lib/python3.12/site-packages/airflow/example_dags/example_workday_timetable.py
[2025-01-28T06:14:51.853+0000] {processor.py:914} INFO - Processing file /home/ubuntu/.local/lib/python3.12/site-packages/airflow/example_dags/example_workday_timetable.py for tasks to queue
[2025-01-28T06:14:51.855+0000] {logging_mixin.py:190} INFO - [2025-01-28T06:14:51.855+0000] {dagbag.py:588} INFO - Filling up the DagBag from /home/ubuntu/.local/lib/python3.12/site-packages/airflow/example_dags/example_workday_timetable.py
[2025-01-28T06:14:51.861+0000] {processor.py:925} INFO - DAG(s) 'example_workday_timetable' retrieved from /home/ubuntu/.local/lib/python3.12/site-packages/airflow/example_dags/example_workday_timetable.py
[2025-01-28T06:14:51.876+0000] {logging_mixin.py:190} INFO - [2025-01-28T06:14:51.876+0000] {dag.py:3239} INFO - Sync 1 DAGs
[2025-01-28T06:14:51.925+0000] {logging_mixin.py:190} INFO - [2025-01-28T06:14:51.925+0000] {dag.py:4180} INFO - Setting next_dagrun for example_workday_timetable to 2021-01-04 00:00:00+00:00, run_after=2021-01-05 00:00:00+00:00
[2025-01-28T06:14:51.947+0000] {processor.py:208} INFO - Processing /home/ubuntu/.local/lib/python3.12/site-packages/airflow/example_dags/example_workday_timetable.py took 0.100 seconds
[2025-01-28T06:15:45.751+0000] {processor.py:186} INFO - Started process (PID=3277) to work on /home/ubuntu/.local/lib/python3.12/site-packages/airflow/example_dags/example_workday_timetable.py
[2025-01-28T06:15:45.753+0000] {processor.py:914} INFO - Processing file /home/ubuntu/.local/lib/python3.12/site-packages/airflow/example_dags/example_workday_timetable.py for tasks to queue
[2025-01-28T06:15:45.755+0000] {logging_mixin.py:190} INFO - [2025-01-28T06:15:45.755+0000] {dagbag.py:588} INFO - Filling up the DagBag from /home/ubuntu/.local/lib/python3.12/site-packages/airflow/example_dags/example_workday_timetable.py
[2025-01-28T06:15:45.761+0000] {processor.py:925} INFO - DAG(s) 'example_workday_timetable' retrieved from /home/ubuntu/.local/lib/python3.12/site-packages/airflow/example_dags/example_workday_timetable.py
[2025-01-28T06:15:45.777+0000] {logging_mixin.py:190} INFO - [2025-01-28T06:15:45.777+0000] {dag.py:3239} INFO - Sync 1 DAGs
[2025-01-28T06:15:45.831+0000] {logging_mixin.py:190} INFO - [2025-01-28T06:15:45.830+0000] {dag.py:4180} INFO - Setting next_dagrun for example_workday_timetable to 2021-01-04 00:00:00+00:00, run_after=2021-01-05 00:00:00+00:00
[2025-01-28T06:15:45.853+0000] {processor.py:208} INFO - Processing /home/ubuntu/.local/lib/python3.12/site-packages/airflow/example_dags/example_workday_timetable.py took 0.107 seconds
[2025-01-28T06:16:37.783+0000] {processor.py:186} INFO - Started process (PID=3331) to work on /home/ubuntu/.local/lib/python3.12/site-packages/airflow/example_dags/example_workday_timetable.py
[2025-01-28T06:16:37.786+0000] {processor.py:914} INFO - Processing file /home/ubuntu/.local/lib/python3.12/site-packages/airflow/example_dags/example_workday_timetable.py for tasks to queue
[2025-01-28T06:16:37.787+0000] {logging_mixin.py:190} INFO - [2025-01-28T06:16:37.787+0000] {dagbag.py:588} INFO - Filling up the DagBag from /home/ubuntu/.local/lib/python3.12/site-packages/airflow/example_dags/example_workday_timetable.py
[2025-01-28T06:16:37.794+0000] {processor.py:925} INFO - DAG(s) 'example_workday_timetable' retrieved from /home/ubuntu/.local/lib/python3.12/site-packages/airflow/example_dags/example_workday_timetable.py
[2025-01-28T06:16:37.809+0000] {logging_mixin.py:190} INFO - [2025-01-28T06:16:37.809+0000] {dag.py:3239} INFO - Sync 1 DAGs
[2025-01-28T06:16:37.859+0000] {logging_mixin.py:190} INFO - [2025-01-28T06:16:37.858+0000] {dag.py:4180} INFO - Setting next_dagrun for example_workday_timetable to 2021-01-04 00:00:00+00:00, run_after=2021-01-05 00:00:00+00:00
[2025-01-28T06:16:37.880+0000] {processor.py:208} INFO - Processing /home/ubuntu/.local/lib/python3.12/site-packages/airflow/example_dags/example_workday_timetable.py took 0.101 seconds
[2025-01-28T06:17:31.434+0000] {processor.py:186} INFO - Started process (PID=3391) to work on /home/ubuntu/.local/lib/python3.12/site-packages/airflow/example_dags/example_workday_timetable.py
[2025-01-28T06:17:31.436+0000] {processor.py:914} INFO - Processing file /home/ubuntu/.local/lib/python3.12/site-packages/airflow/example_dags/example_workday_timetable.py for tasks to queue
[2025-01-28T06:17:31.439+0000] {logging_mixin.py:190} INFO - [2025-01-28T06:17:31.438+0000] {dagbag.py:588} INFO - Filling up the DagBag from /home/ubuntu/.local/lib/python3.12/site-packages/airflow/example_dags/example_workday_timetable.py
[2025-01-28T06:17:31.445+0000] {processor.py:925} INFO - DAG(s) 'example_workday_timetable' retrieved from /home/ubuntu/.local/lib/python3.12/site-packages/airflow/example_dags/example_workday_timetable.py
[2025-01-28T06:17:31.460+0000] {logging_mixin.py:190} INFO - [2025-01-28T06:17:31.459+0000] {dag.py:3239} INFO - Sync 1 DAGs
[2025-01-28T06:17:31.509+0000] {logging_mixin.py:190} INFO - [2025-01-28T06:17:31.509+0000] {dag.py:4180} INFO - Setting next_dagrun for example_workday_timetable to 2021-01-04 00:00:00+00:00, run_after=2021-01-05 00:00:00+00:00
[2025-01-28T06:17:31.532+0000] {processor.py:208} INFO - Processing /home/ubuntu/.local/lib/python3.12/site-packages/airflow/example_dags/example_workday_timetable.py took 0.104 seconds
[2025-01-28T06:18:38.158+0000] {processor.py:186} INFO - Started process (PID=3501) to work on /home/ubuntu/.local/lib/python3.12/site-packages/airflow/example_dags/example_workday_timetable.py
[2025-01-28T06:18:38.161+0000] {processor.py:914} INFO - Processing file /home/ubuntu/.local/lib/python3.12/site-packages/airflow/example_dags/example_workday_timetable.py for tasks to queue
[2025-01-28T06:18:38.162+0000] {logging_mixin.py:190} INFO - [2025-01-28T06:18:38.162+0000] {dagbag.py:588} INFO - Filling up the DagBag from /home/ubuntu/.local/lib/python3.12/site-packages/airflow/example_dags/example_workday_timetable.py
[2025-01-28T06:18:38.168+0000] {processor.py:925} INFO - DAG(s) 'example_workday_timetable' retrieved from /home/ubuntu/.local/lib/python3.12/site-packages/airflow/example_dags/example_workday_timetable.py
[2025-01-28T06:18:38.184+0000] {logging_mixin.py:190} INFO - [2025-01-28T06:18:38.184+0000] {dag.py:3239} INFO - Sync 1 DAGs
[2025-01-28T06:18:38.232+0000] {logging_mixin.py:190} INFO - [2025-01-28T06:18:38.232+0000] {dag.py:4180} INFO - Setting next_dagrun for example_workday_timetable to 2021-01-04 00:00:00+00:00, run_after=2021-01-05 00:00:00+00:00
[2025-01-28T06:18:38.256+0000] {processor.py:208} INFO - Processing /home/ubuntu/.local/lib/python3.12/site-packages/airflow/example_dags/example_workday_timetable.py took 0.102 seconds
[2025-01-28T06:19:27.806+0000] {processor.py:186} INFO - Started process (PID=3553) to work on /home/ubuntu/.local/lib/python3.12/site-packages/airflow/example_dags/example_workday_timetable.py
[2025-01-28T06:19:27.808+0000] {processor.py:914} INFO - Processing file /home/ubuntu/.local/lib/python3.12/site-packages/airflow/example_dags/example_workday_timetable.py for tasks to queue
[2025-01-28T06:19:27.810+0000] {logging_mixin.py:190} INFO - [2025-01-28T06:19:27.810+0000] {dagbag.py:588} INFO - Filling up the DagBag from /home/ubuntu/.local/lib/python3.12/site-packages/airflow/example_dags/example_workday_timetable.py
[2025-01-28T06:19:27.816+0000] {processor.py:925} INFO - DAG(s) 'example_workday_timetable' retrieved from /home/ubuntu/.local/lib/python3.12/site-packages/airflow/example_dags/example_workday_timetable.py
[2025-01-28T06:19:27.831+0000] {logging_mixin.py:190} INFO - [2025-01-28T06:19:27.831+0000] {dag.py:3239} INFO - Sync 1 DAGs
[2025-01-28T06:19:27.880+0000] {logging_mixin.py:190} INFO - [2025-01-28T06:19:27.879+0000] {dag.py:4180} INFO - Setting next_dagrun for example_workday_timetable to 2021-01-04 00:00:00+00:00, run_after=2021-01-05 00:00:00+00:00
[2025-01-28T06:19:27.904+0000] {processor.py:208} INFO - Processing /home/ubuntu/.local/lib/python3.12/site-packages/airflow/example_dags/example_workday_timetable.py took 0.104 seconds
[2025-01-28T06:20:23.173+0000] {processor.py:186} INFO - Started process (PID=3616) to work on /home/ubuntu/.local/lib/python3.12/site-packages/airflow/example_dags/example_workday_timetable.py
[2025-01-28T06:20:23.175+0000] {processor.py:914} INFO - Processing file /home/ubuntu/.local/lib/python3.12/site-packages/airflow/example_dags/example_workday_timetable.py for tasks to queue
[2025-01-28T06:20:23.177+0000] {logging_mixin.py:190} INFO - [2025-01-28T06:20:23.177+0000] {dagbag.py:588} INFO - Filling up the DagBag from /home/ubuntu/.local/lib/python3.12/site-packages/airflow/example_dags/example_workday_timetable.py
[2025-01-28T06:20:23.184+0000] {processor.py:925} INFO - DAG(s) 'example_workday_timetable' retrieved from /home/ubuntu/.local/lib/python3.12/site-packages/airflow/example_dags/example_workday_timetable.py
[2025-01-28T06:20:23.200+0000] {logging_mixin.py:190} INFO - [2025-01-28T06:20:23.199+0000] {dag.py:3239} INFO - Sync 1 DAGs
[2025-01-28T06:20:23.250+0000] {logging_mixin.py:190} INFO - [2025-01-28T06:20:23.249+0000] {dag.py:4180} INFO - Setting next_dagrun for example_workday_timetable to 2021-01-04 00:00:00+00:00, run_after=2021-01-05 00:00:00+00:00
[2025-01-28T06:20:23.273+0000] {processor.py:208} INFO - Processing /home/ubuntu/.local/lib/python3.12/site-packages/airflow/example_dags/example_workday_timetable.py took 0.104 seconds
[2025-01-28T06:21:18.762+0000] {processor.py:186} INFO - Started process (PID=3774) to work on /home/ubuntu/.local/lib/python3.12/site-packages/airflow/example_dags/example_workday_timetable.py
[2025-01-28T06:21:18.763+0000] {processor.py:914} INFO - Processing file /home/ubuntu/.local/lib/python3.12/site-packages/airflow/example_dags/example_workday_timetable.py for tasks to queue
[2025-01-28T06:21:18.765+0000] {logging_mixin.py:190} INFO - [2025-01-28T06:21:18.764+0000] {dagbag.py:588} INFO - Filling up the DagBag from /home/ubuntu/.local/lib/python3.12/site-packages/airflow/example_dags/example_workday_timetable.py
[2025-01-28T06:21:18.771+0000] {processor.py:925} INFO - DAG(s) 'example_workday_timetable' retrieved from /home/ubuntu/.local/lib/python3.12/site-packages/airflow/example_dags/example_workday_timetable.py
[2025-01-28T06:21:18.788+0000] {logging_mixin.py:190} INFO - [2025-01-28T06:21:18.788+0000] {dag.py:3239} INFO - Sync 1 DAGs
[2025-01-28T06:21:18.908+0000] {logging_mixin.py:190} INFO - [2025-01-28T06:21:18.908+0000] {dag.py:4180} INFO - Setting next_dagrun for example_workday_timetable to 2021-01-04 00:00:00+00:00, run_after=2021-01-05 00:00:00+00:00
[2025-01-28T06:21:18.947+0000] {processor.py:208} INFO - Processing /home/ubuntu/.local/lib/python3.12/site-packages/airflow/example_dags/example_workday_timetable.py took 0.191 seconds
[2025-01-28T06:22:15.093+0000] {processor.py:186} INFO - Started process (PID=3873) to work on /home/ubuntu/.local/lib/python3.12/site-packages/airflow/example_dags/example_workday_timetable.py
[2025-01-28T06:22:15.096+0000] {processor.py:914} INFO - Processing file /home/ubuntu/.local/lib/python3.12/site-packages/airflow/example_dags/example_workday_timetable.py for tasks to queue
[2025-01-28T06:22:15.098+0000] {logging_mixin.py:190} INFO - [2025-01-28T06:22:15.098+0000] {dagbag.py:588} INFO - Filling up the DagBag from /home/ubuntu/.local/lib/python3.12/site-packages/airflow/example_dags/example_workday_timetable.py
[2025-01-28T06:22:15.105+0000] {processor.py:925} INFO - DAG(s) 'example_workday_timetable' retrieved from /home/ubuntu/.local/lib/python3.12/site-packages/airflow/example_dags/example_workday_timetable.py
[2025-01-28T06:22:15.121+0000] {logging_mixin.py:190} INFO - [2025-01-28T06:22:15.121+0000] {dag.py:3239} INFO - Sync 1 DAGs
[2025-01-28T06:22:15.181+0000] {logging_mixin.py:190} INFO - [2025-01-28T06:22:15.181+0000] {dag.py:4180} INFO - Setting next_dagrun for example_workday_timetable to 2021-01-04 00:00:00+00:00, run_after=2021-01-05 00:00:00+00:00
[2025-01-28T06:22:15.205+0000] {processor.py:208} INFO - Processing /home/ubuntu/.local/lib/python3.12/site-packages/airflow/example_dags/example_workday_timetable.py took 0.116 seconds
[2025-01-28T06:23:09.315+0000] {processor.py:186} INFO - Started process (PID=4273) to work on /home/ubuntu/.local/lib/python3.12/site-packages/airflow/example_dags/example_workday_timetable.py
[2025-01-28T06:23:09.317+0000] {processor.py:914} INFO - Processing file /home/ubuntu/.local/lib/python3.12/site-packages/airflow/example_dags/example_workday_timetable.py for tasks to queue
[2025-01-28T06:23:09.320+0000] {logging_mixin.py:190} INFO - [2025-01-28T06:23:09.319+0000] {dagbag.py:588} INFO - Filling up the DagBag from /home/ubuntu/.local/lib/python3.12/site-packages/airflow/example_dags/example_workday_timetable.py
[2025-01-28T06:23:09.326+0000] {processor.py:925} INFO - DAG(s) 'example_workday_timetable' retrieved from /home/ubuntu/.local/lib/python3.12/site-packages/airflow/example_dags/example_workday_timetable.py
[2025-01-28T06:23:09.342+0000] {logging_mixin.py:190} INFO - [2025-01-28T06:23:09.341+0000] {dag.py:3239} INFO - Sync 1 DAGs
[2025-01-28T06:23:09.462+0000] {logging_mixin.py:190} INFO - [2025-01-28T06:23:09.461+0000] {dag.py:4180} INFO - Setting next_dagrun for example_workday_timetable to 2021-01-04 00:00:00+00:00, run_after=2021-01-05 00:00:00+00:00
[2025-01-28T06:23:09.483+0000] {processor.py:208} INFO - Processing /home/ubuntu/.local/lib/python3.12/site-packages/airflow/example_dags/example_workday_timetable.py took 0.173 seconds
[2025-01-28T06:24:03.998+0000] {processor.py:186} INFO - Started process (PID=4500) to work on /home/ubuntu/.local/lib/python3.12/site-packages/airflow/example_dags/example_workday_timetable.py
[2025-01-28T06:24:03.999+0000] {processor.py:914} INFO - Processing file /home/ubuntu/.local/lib/python3.12/site-packages/airflow/example_dags/example_workday_timetable.py for tasks to queue
[2025-01-28T06:24:04.002+0000] {logging_mixin.py:190} INFO - [2025-01-28T06:24:04.001+0000] {dagbag.py:588} INFO - Filling up the DagBag from /home/ubuntu/.local/lib/python3.12/site-packages/airflow/example_dags/example_workday_timetable.py
[2025-01-28T06:24:04.008+0000] {processor.py:925} INFO - DAG(s) 'example_workday_timetable' retrieved from /home/ubuntu/.local/lib/python3.12/site-packages/airflow/example_dags/example_workday_timetable.py
[2025-01-28T06:24:04.023+0000] {logging_mixin.py:190} INFO - [2025-01-28T06:24:04.023+0000] {dag.py:3239} INFO - Sync 1 DAGs
[2025-01-28T06:24:04.081+0000] {logging_mixin.py:190} INFO - [2025-01-28T06:24:04.080+0000] {dag.py:4180} INFO - Setting next_dagrun for example_workday_timetable to 2021-01-04 00:00:00+00:00, run_after=2021-01-05 00:00:00+00:00
[2025-01-28T06:24:04.101+0000] {processor.py:208} INFO - Processing /home/ubuntu/.local/lib/python3.12/site-packages/airflow/example_dags/example_workday_timetable.py took 0.108 seconds
[2025-01-28T06:24:59.054+0000] {processor.py:186} INFO - Started process (PID=4902) to work on /home/ubuntu/.local/lib/python3.12/site-packages/airflow/example_dags/example_workday_timetable.py
[2025-01-28T06:24:59.056+0000] {processor.py:914} INFO - Processing file /home/ubuntu/.local/lib/python3.12/site-packages/airflow/example_dags/example_workday_timetable.py for tasks to queue
[2025-01-28T06:24:59.058+0000] {logging_mixin.py:190} INFO - [2025-01-28T06:24:59.058+0000] {dagbag.py:588} INFO - Filling up the DagBag from /home/ubuntu/.local/lib/python3.12/site-packages/airflow/example_dags/example_workday_timetable.py
[2025-01-28T06:24:59.064+0000] {processor.py:925} INFO - DAG(s) 'example_workday_timetable' retrieved from /home/ubuntu/.local/lib/python3.12/site-packages/airflow/example_dags/example_workday_timetable.py
[2025-01-28T06:24:59.080+0000] {logging_mixin.py:190} INFO - [2025-01-28T06:24:59.080+0000] {dag.py:3239} INFO - Sync 1 DAGs
[2025-01-28T06:24:59.130+0000] {logging_mixin.py:190} INFO - [2025-01-28T06:24:59.129+0000] {dag.py:4180} INFO - Setting next_dagrun for example_workday_timetable to 2021-01-04 00:00:00+00:00, run_after=2021-01-05 00:00:00+00:00
[2025-01-28T06:24:59.150+0000] {processor.py:208} INFO - Processing /home/ubuntu/.local/lib/python3.12/site-packages/airflow/example_dags/example_workday_timetable.py took 0.101 seconds
[2025-01-28T06:25:52.343+0000] {processor.py:186} INFO - Started process (PID=5052) to work on /home/ubuntu/.local/lib/python3.12/site-packages/airflow/example_dags/example_workday_timetable.py
[2025-01-28T06:25:52.346+0000] {processor.py:914} INFO - Processing file /home/ubuntu/.local/lib/python3.12/site-packages/airflow/example_dags/example_workday_timetable.py for tasks to queue
[2025-01-28T06:25:52.348+0000] {logging_mixin.py:190} INFO - [2025-01-28T06:25:52.348+0000] {dagbag.py:588} INFO - Filling up the DagBag from /home/ubuntu/.local/lib/python3.12/site-packages/airflow/example_dags/example_workday_timetable.py
[2025-01-28T06:25:52.354+0000] {processor.py:925} INFO - DAG(s) 'example_workday_timetable' retrieved from /home/ubuntu/.local/lib/python3.12/site-packages/airflow/example_dags/example_workday_timetable.py
[2025-01-28T06:25:52.369+0000] {logging_mixin.py:190} INFO - [2025-01-28T06:25:52.369+0000] {dag.py:3239} INFO - Sync 1 DAGs
[2025-01-28T06:25:52.417+0000] {logging_mixin.py:190} INFO - [2025-01-28T06:25:52.417+0000] {dag.py:4180} INFO - Setting next_dagrun for example_workday_timetable to 2021-01-04 00:00:00+00:00, run_after=2021-01-05 00:00:00+00:00
[2025-01-28T06:25:52.438+0000] {processor.py:208} INFO - Processing /home/ubuntu/.local/lib/python3.12/site-packages/airflow/example_dags/example_workday_timetable.py took 0.101 seconds
[2025-01-28T06:26:48.415+0000] {processor.py:186} INFO - Started process (PID=5185) to work on /home/ubuntu/.local/lib/python3.12/site-packages/airflow/example_dags/example_workday_timetable.py
[2025-01-28T06:26:48.417+0000] {processor.py:914} INFO - Processing file /home/ubuntu/.local/lib/python3.12/site-packages/airflow/example_dags/example_workday_timetable.py for tasks to queue
[2025-01-28T06:26:48.418+0000] {logging_mixin.py:190} INFO - [2025-01-28T06:26:48.418+0000] {dagbag.py:588} INFO - Filling up the DagBag from /home/ubuntu/.local/lib/python3.12/site-packages/airflow/example_dags/example_workday_timetable.py
[2025-01-28T06:26:48.424+0000] {processor.py:925} INFO - DAG(s) 'example_workday_timetable' retrieved from /home/ubuntu/.local/lib/python3.12/site-packages/airflow/example_dags/example_workday_timetable.py
[2025-01-28T06:26:48.440+0000] {logging_mixin.py:190} INFO - [2025-01-28T06:26:48.440+0000] {dag.py:3239} INFO - Sync 1 DAGs
[2025-01-28T06:26:48.489+0000] {logging_mixin.py:190} INFO - [2025-01-28T06:26:48.489+0000] {dag.py:4180} INFO - Setting next_dagrun for example_workday_timetable to 2021-01-04 00:00:00+00:00, run_after=2021-01-05 00:00:00+00:00
[2025-01-28T06:26:48.509+0000] {processor.py:208} INFO - Processing /home/ubuntu/.local/lib/python3.12/site-packages/airflow/example_dags/example_workday_timetable.py took 0.099 seconds
[2025-01-28T06:27:39.748+0000] {processor.py:186} INFO - Started process (PID=5240) to work on /home/ubuntu/.local/lib/python3.12/site-packages/airflow/example_dags/example_workday_timetable.py
[2025-01-28T06:27:39.749+0000] {processor.py:914} INFO - Processing file /home/ubuntu/.local/lib/python3.12/site-packages/airflow/example_dags/example_workday_timetable.py for tasks to queue
[2025-01-28T06:27:39.751+0000] {logging_mixin.py:190} INFO - [2025-01-28T06:27:39.751+0000] {dagbag.py:588} INFO - Filling up the DagBag from /home/ubuntu/.local/lib/python3.12/site-packages/airflow/example_dags/example_workday_timetable.py
[2025-01-28T06:27:39.757+0000] {processor.py:925} INFO - DAG(s) 'example_workday_timetable' retrieved from /home/ubuntu/.local/lib/python3.12/site-packages/airflow/example_dags/example_workday_timetable.py
[2025-01-28T06:27:39.772+0000] {logging_mixin.py:190} INFO - [2025-01-28T06:27:39.772+0000] {dag.py:3239} INFO - Sync 1 DAGs
[2025-01-28T06:27:39.821+0000] {logging_mixin.py:190} INFO - [2025-01-28T06:27:39.821+0000] {dag.py:4180} INFO - Setting next_dagrun for example_workday_timetable to 2021-01-04 00:00:00+00:00, run_after=2021-01-05 00:00:00+00:00
[2025-01-28T06:27:39.840+0000] {processor.py:208} INFO - Processing /home/ubuntu/.local/lib/python3.12/site-packages/airflow/example_dags/example_workday_timetable.py took 0.098 seconds
[2025-01-28T06:28:31.932+0000] {processor.py:186} INFO - Started process (PID=5408) to work on /home/ubuntu/.local/lib/python3.12/site-packages/airflow/example_dags/example_workday_timetable.py
[2025-01-28T06:28:31.934+0000] {processor.py:914} INFO - Processing file /home/ubuntu/.local/lib/python3.12/site-packages/airflow/example_dags/example_workday_timetable.py for tasks to queue
[2025-01-28T06:28:31.936+0000] {logging_mixin.py:190} INFO - [2025-01-28T06:28:31.936+0000] {dagbag.py:588} INFO - Filling up the DagBag from /home/ubuntu/.local/lib/python3.12/site-packages/airflow/example_dags/example_workday_timetable.py
[2025-01-28T06:28:31.941+0000] {processor.py:925} INFO - DAG(s) 'example_workday_timetable' retrieved from /home/ubuntu/.local/lib/python3.12/site-packages/airflow/example_dags/example_workday_timetable.py
[2025-01-28T06:28:31.956+0000] {logging_mixin.py:190} INFO - [2025-01-28T06:28:31.956+0000] {dag.py:3239} INFO - Sync 1 DAGs
[2025-01-28T06:28:32.011+0000] {logging_mixin.py:190} INFO - [2025-01-28T06:28:32.011+0000] {dag.py:4180} INFO - Setting next_dagrun for example_workday_timetable to 2021-01-04 00:00:00+00:00, run_after=2021-01-05 00:00:00+00:00
[2025-01-28T06:28:32.039+0000] {processor.py:208} INFO - Processing /home/ubuntu/.local/lib/python3.12/site-packages/airflow/example_dags/example_workday_timetable.py took 0.112 seconds
[2025-01-28T06:29:26.645+0000] {processor.py:186} INFO - Started process (PID=5569) to work on /home/ubuntu/.local/lib/python3.12/site-packages/airflow/example_dags/example_workday_timetable.py
[2025-01-28T06:29:26.647+0000] {processor.py:914} INFO - Processing file /home/ubuntu/.local/lib/python3.12/site-packages/airflow/example_dags/example_workday_timetable.py for tasks to queue
[2025-01-28T06:29:26.648+0000] {logging_mixin.py:190} INFO - [2025-01-28T06:29:26.648+0000] {dagbag.py:588} INFO - Filling up the DagBag from /home/ubuntu/.local/lib/python3.12/site-packages/airflow/example_dags/example_workday_timetable.py
[2025-01-28T06:29:26.654+0000] {processor.py:925} INFO - DAG(s) 'example_workday_timetable' retrieved from /home/ubuntu/.local/lib/python3.12/site-packages/airflow/example_dags/example_workday_timetable.py
[2025-01-28T06:29:26.669+0000] {logging_mixin.py:190} INFO - [2025-01-28T06:29:26.669+0000] {dag.py:3239} INFO - Sync 1 DAGs
[2025-01-28T06:29:26.719+0000] {logging_mixin.py:190} INFO - [2025-01-28T06:29:26.719+0000] {dag.py:4180} INFO - Setting next_dagrun for example_workday_timetable to 2021-01-04 00:00:00+00:00, run_after=2021-01-05 00:00:00+00:00
[2025-01-28T06:29:26.754+0000] {processor.py:208} INFO - Processing /home/ubuntu/.local/lib/python3.12/site-packages/airflow/example_dags/example_workday_timetable.py took 0.114 seconds
[2025-01-28T06:30:23.344+0000] {processor.py:186} INFO - Started process (PID=5631) to work on /home/ubuntu/.local/lib/python3.12/site-packages/airflow/example_dags/example_workday_timetable.py
[2025-01-28T06:30:23.346+0000] {processor.py:914} INFO - Processing file /home/ubuntu/.local/lib/python3.12/site-packages/airflow/example_dags/example_workday_timetable.py for tasks to queue
[2025-01-28T06:30:23.348+0000] {logging_mixin.py:190} INFO - [2025-01-28T06:30:23.348+0000] {dagbag.py:588} INFO - Filling up the DagBag from /home/ubuntu/.local/lib/python3.12/site-packages/airflow/example_dags/example_workday_timetable.py
[2025-01-28T06:30:23.353+0000] {processor.py:925} INFO - DAG(s) 'example_workday_timetable' retrieved from /home/ubuntu/.local/lib/python3.12/site-packages/airflow/example_dags/example_workday_timetable.py
[2025-01-28T06:30:23.369+0000] {logging_mixin.py:190} INFO - [2025-01-28T06:30:23.369+0000] {dag.py:3239} INFO - Sync 1 DAGs
[2025-01-28T06:30:23.418+0000] {logging_mixin.py:190} INFO - [2025-01-28T06:30:23.418+0000] {dag.py:4180} INFO - Setting next_dagrun for example_workday_timetable to 2021-01-04 00:00:00+00:00, run_after=2021-01-05 00:00:00+00:00
[2025-01-28T06:30:23.441+0000] {processor.py:208} INFO - Processing /home/ubuntu/.local/lib/python3.12/site-packages/airflow/example_dags/example_workday_timetable.py took 0.102 seconds
[2025-01-28T06:31:42.096+0000] {processor.py:186} INFO - Started process (PID=5761) to work on /home/ubuntu/.local/lib/python3.12/site-packages/airflow/example_dags/example_workday_timetable.py
[2025-01-28T06:31:42.098+0000] {processor.py:914} INFO - Processing file /home/ubuntu/.local/lib/python3.12/site-packages/airflow/example_dags/example_workday_timetable.py for tasks to queue
[2025-01-28T06:31:42.101+0000] {logging_mixin.py:190} INFO - [2025-01-28T06:31:42.101+0000] {dagbag.py:588} INFO - Filling up the DagBag from /home/ubuntu/.local/lib/python3.12/site-packages/airflow/example_dags/example_workday_timetable.py
[2025-01-28T06:31:42.107+0000] {processor.py:925} INFO - DAG(s) 'example_workday_timetable' retrieved from /home/ubuntu/.local/lib/python3.12/site-packages/airflow/example_dags/example_workday_timetable.py
[2025-01-28T06:31:42.123+0000] {logging_mixin.py:190} INFO - [2025-01-28T06:31:42.123+0000] {dag.py:3239} INFO - Sync 1 DAGs
[2025-01-28T06:31:42.186+0000] {logging_mixin.py:190} INFO - [2025-01-28T06:31:42.186+0000] {dag.py:4180} INFO - Setting next_dagrun for example_workday_timetable to 2021-01-04 00:00:00+00:00, run_after=2021-01-05 00:00:00+00:00
[2025-01-28T06:31:42.209+0000] {processor.py:208} INFO - Processing /home/ubuntu/.local/lib/python3.12/site-packages/airflow/example_dags/example_workday_timetable.py took 0.117 seconds
[2025-01-28T06:32:39.553+0000] {processor.py:186} INFO - Started process (PID=5821) to work on /home/ubuntu/.local/lib/python3.12/site-packages/airflow/example_dags/example_workday_timetable.py
[2025-01-28T06:32:39.555+0000] {processor.py:914} INFO - Processing file /home/ubuntu/.local/lib/python3.12/site-packages/airflow/example_dags/example_workday_timetable.py for tasks to queue
[2025-01-28T06:32:39.556+0000] {logging_mixin.py:190} INFO - [2025-01-28T06:32:39.556+0000] {dagbag.py:588} INFO - Filling up the DagBag from /home/ubuntu/.local/lib/python3.12/site-packages/airflow/example_dags/example_workday_timetable.py
[2025-01-28T06:32:39.562+0000] {processor.py:925} INFO - DAG(s) 'example_workday_timetable' retrieved from /home/ubuntu/.local/lib/python3.12/site-packages/airflow/example_dags/example_workday_timetable.py
[2025-01-28T06:32:39.577+0000] {logging_mixin.py:190} INFO - [2025-01-28T06:32:39.577+0000] {dag.py:3239} INFO - Sync 1 DAGs
[2025-01-28T06:32:39.626+0000] {logging_mixin.py:190} INFO - [2025-01-28T06:32:39.626+0000] {dag.py:4180} INFO - Setting next_dagrun for example_workday_timetable to 2021-01-04 00:00:00+00:00, run_after=2021-01-05 00:00:00+00:00
[2025-01-28T06:32:39.649+0000] {processor.py:208} INFO - Processing /home/ubuntu/.local/lib/python3.12/site-packages/airflow/example_dags/example_workday_timetable.py took 0.100 seconds
[2025-01-28T06:33:40.282+0000] {processor.py:186} INFO - Started process (PID=5886) to work on /home/ubuntu/.local/lib/python3.12/site-packages/airflow/example_dags/example_workday_timetable.py
[2025-01-28T06:33:40.284+0000] {processor.py:914} INFO - Processing file /home/ubuntu/.local/lib/python3.12/site-packages/airflow/example_dags/example_workday_timetable.py for tasks to queue
[2025-01-28T06:33:40.286+0000] {logging_mixin.py:190} INFO - [2025-01-28T06:33:40.286+0000] {dagbag.py:588} INFO - Filling up the DagBag from /home/ubuntu/.local/lib/python3.12/site-packages/airflow/example_dags/example_workday_timetable.py
[2025-01-28T06:33:40.293+0000] {processor.py:925} INFO - DAG(s) 'example_workday_timetable' retrieved from /home/ubuntu/.local/lib/python3.12/site-packages/airflow/example_dags/example_workday_timetable.py
[2025-01-28T06:33:40.309+0000] {logging_mixin.py:190} INFO - [2025-01-28T06:33:40.309+0000] {dag.py:3239} INFO - Sync 1 DAGs
[2025-01-28T06:33:40.358+0000] {logging_mixin.py:190} INFO - [2025-01-28T06:33:40.358+0000] {dag.py:4180} INFO - Setting next_dagrun for example_workday_timetable to 2021-01-04 00:00:00+00:00, run_after=2021-01-05 00:00:00+00:00
[2025-01-28T06:33:40.380+0000] {processor.py:208} INFO - Processing /home/ubuntu/.local/lib/python3.12/site-packages/airflow/example_dags/example_workday_timetable.py took 0.104 seconds
[2025-01-28T06:34:37.134+0000] {processor.py:186} INFO - Started process (PID=5944) to work on /home/ubuntu/.local/lib/python3.12/site-packages/airflow/example_dags/example_workday_timetable.py
[2025-01-28T06:34:37.135+0000] {processor.py:914} INFO - Processing file /home/ubuntu/.local/lib/python3.12/site-packages/airflow/example_dags/example_workday_timetable.py for tasks to queue
[2025-01-28T06:34:37.138+0000] {logging_mixin.py:190} INFO - [2025-01-28T06:34:37.138+0000] {dagbag.py:588} INFO - Filling up the DagBag from /home/ubuntu/.local/lib/python3.12/site-packages/airflow/example_dags/example_workday_timetable.py
[2025-01-28T06:34:37.144+0000] {processor.py:925} INFO - DAG(s) 'example_workday_timetable' retrieved from /home/ubuntu/.local/lib/python3.12/site-packages/airflow/example_dags/example_workday_timetable.py
[2025-01-28T06:34:37.159+0000] {logging_mixin.py:190} INFO - [2025-01-28T06:34:37.159+0000] {dag.py:3239} INFO - Sync 1 DAGs
[2025-01-28T06:34:37.208+0000] {logging_mixin.py:190} INFO - [2025-01-28T06:34:37.208+0000] {dag.py:4180} INFO - Setting next_dagrun for example_workday_timetable to 2021-01-04 00:00:00+00:00, run_after=2021-01-05 00:00:00+00:00
[2025-01-28T06:34:37.231+0000] {processor.py:208} INFO - Processing /home/ubuntu/.local/lib/python3.12/site-packages/airflow/example_dags/example_workday_timetable.py took 0.107 seconds
[2025-01-28T06:35:32.897+0000] {processor.py:186} INFO - Started process (PID=6005) to work on /home/ubuntu/.local/lib/python3.12/site-packages/airflow/example_dags/example_workday_timetable.py
[2025-01-28T06:35:32.898+0000] {processor.py:914} INFO - Processing file /home/ubuntu/.local/lib/python3.12/site-packages/airflow/example_dags/example_workday_timetable.py for tasks to queue
[2025-01-28T06:35:32.900+0000] {logging_mixin.py:190} INFO - [2025-01-28T06:35:32.900+0000] {dagbag.py:588} INFO - Filling up the DagBag from /home/ubuntu/.local/lib/python3.12/site-packages/airflow/example_dags/example_workday_timetable.py
[2025-01-28T06:35:32.906+0000] {processor.py:925} INFO - DAG(s) 'example_workday_timetable' retrieved from /home/ubuntu/.local/lib/python3.12/site-packages/airflow/example_dags/example_workday_timetable.py
[2025-01-28T06:35:32.922+0000] {logging_mixin.py:190} INFO - [2025-01-28T06:35:32.921+0000] {dag.py:3239} INFO - Sync 1 DAGs
[2025-01-28T06:35:32.971+0000] {logging_mixin.py:190} INFO - [2025-01-28T06:35:32.971+0000] {dag.py:4180} INFO - Setting next_dagrun for example_workday_timetable to 2021-01-04 00:00:00+00:00, run_after=2021-01-05 00:00:00+00:00
[2025-01-28T06:35:32.996+0000] {processor.py:208} INFO - Processing /home/ubuntu/.local/lib/python3.12/site-packages/airflow/example_dags/example_workday_timetable.py took 0.105 seconds
[2025-01-28T06:36:24.647+0000] {processor.py:186} INFO - Started process (PID=6058) to work on /home/ubuntu/.local/lib/python3.12/site-packages/airflow/example_dags/example_workday_timetable.py
[2025-01-28T06:36:24.648+0000] {processor.py:914} INFO - Processing file /home/ubuntu/.local/lib/python3.12/site-packages/airflow/example_dags/example_workday_timetable.py for tasks to queue
[2025-01-28T06:36:24.651+0000] {logging_mixin.py:190} INFO - [2025-01-28T06:36:24.650+0000] {dagbag.py:588} INFO - Filling up the DagBag from /home/ubuntu/.local/lib/python3.12/site-packages/airflow/example_dags/example_workday_timetable.py
[2025-01-28T06:36:24.656+0000] {processor.py:925} INFO - DAG(s) 'example_workday_timetable' retrieved from /home/ubuntu/.local/lib/python3.12/site-packages/airflow/example_dags/example_workday_timetable.py
[2025-01-28T06:36:24.671+0000] {logging_mixin.py:190} INFO - [2025-01-28T06:36:24.670+0000] {dag.py:3239} INFO - Sync 1 DAGs
[2025-01-28T06:36:24.719+0000] {logging_mixin.py:190} INFO - [2025-01-28T06:36:24.719+0000] {dag.py:4180} INFO - Setting next_dagrun for example_workday_timetable to 2021-01-04 00:00:00+00:00, run_after=2021-01-05 00:00:00+00:00
[2025-01-28T06:36:24.743+0000] {processor.py:208} INFO - Processing /home/ubuntu/.local/lib/python3.12/site-packages/airflow/example_dags/example_workday_timetable.py took 0.101 seconds
[2025-01-28T06:37:16.483+0000] {processor.py:186} INFO - Started process (PID=6112) to work on /home/ubuntu/.local/lib/python3.12/site-packages/airflow/example_dags/example_workday_timetable.py
[2025-01-28T06:37:16.484+0000] {processor.py:914} INFO - Processing file /home/ubuntu/.local/lib/python3.12/site-packages/airflow/example_dags/example_workday_timetable.py for tasks to queue
[2025-01-28T06:37:16.486+0000] {logging_mixin.py:190} INFO - [2025-01-28T06:37:16.486+0000] {dagbag.py:588} INFO - Filling up the DagBag from /home/ubuntu/.local/lib/python3.12/site-packages/airflow/example_dags/example_workday_timetable.py
[2025-01-28T06:37:16.492+0000] {processor.py:925} INFO - DAG(s) 'example_workday_timetable' retrieved from /home/ubuntu/.local/lib/python3.12/site-packages/airflow/example_dags/example_workday_timetable.py
[2025-01-28T06:37:16.507+0000] {logging_mixin.py:190} INFO - [2025-01-28T06:37:16.507+0000] {dag.py:3239} INFO - Sync 1 DAGs
[2025-01-28T06:37:16.555+0000] {logging_mixin.py:190} INFO - [2025-01-28T06:37:16.555+0000] {dag.py:4180} INFO - Setting next_dagrun for example_workday_timetable to 2021-01-04 00:00:00+00:00, run_after=2021-01-05 00:00:00+00:00
[2025-01-28T06:37:16.580+0000] {processor.py:208} INFO - Processing /home/ubuntu/.local/lib/python3.12/site-packages/airflow/example_dags/example_workday_timetable.py took 0.103 seconds
[2025-01-28T06:38:10.103+0000] {processor.py:186} INFO - Started process (PID=6168) to work on /home/ubuntu/.local/lib/python3.12/site-packages/airflow/example_dags/example_workday_timetable.py
[2025-01-28T06:38:10.105+0000] {processor.py:914} INFO - Processing file /home/ubuntu/.local/lib/python3.12/site-packages/airflow/example_dags/example_workday_timetable.py for tasks to queue
[2025-01-28T06:38:10.107+0000] {logging_mixin.py:190} INFO - [2025-01-28T06:38:10.107+0000] {dagbag.py:588} INFO - Filling up the DagBag from /home/ubuntu/.local/lib/python3.12/site-packages/airflow/example_dags/example_workday_timetable.py
[2025-01-28T06:38:10.113+0000] {processor.py:925} INFO - DAG(s) 'example_workday_timetable' retrieved from /home/ubuntu/.local/lib/python3.12/site-packages/airflow/example_dags/example_workday_timetable.py
[2025-01-28T06:38:10.128+0000] {logging_mixin.py:190} INFO - [2025-01-28T06:38:10.127+0000] {dag.py:3239} INFO - Sync 1 DAGs
[2025-01-28T06:38:10.177+0000] {logging_mixin.py:190} INFO - [2025-01-28T06:38:10.177+0000] {dag.py:4180} INFO - Setting next_dagrun for example_workday_timetable to 2021-01-04 00:00:00+00:00, run_after=2021-01-05 00:00:00+00:00
[2025-01-28T06:38:10.202+0000] {processor.py:208} INFO - Processing /home/ubuntu/.local/lib/python3.12/site-packages/airflow/example_dags/example_workday_timetable.py took 0.103 seconds
[2025-01-28T06:39:04.497+0000] {processor.py:186} INFO - Started process (PID=6225) to work on /home/ubuntu/.local/lib/python3.12/site-packages/airflow/example_dags/example_workday_timetable.py
[2025-01-28T06:39:04.499+0000] {processor.py:914} INFO - Processing file /home/ubuntu/.local/lib/python3.12/site-packages/airflow/example_dags/example_workday_timetable.py for tasks to queue
[2025-01-28T06:39:04.502+0000] {logging_mixin.py:190} INFO - [2025-01-28T06:39:04.501+0000] {dagbag.py:588} INFO - Filling up the DagBag from /home/ubuntu/.local/lib/python3.12/site-packages/airflow/example_dags/example_workday_timetable.py
[2025-01-28T06:39:04.508+0000] {processor.py:925} INFO - DAG(s) 'example_workday_timetable' retrieved from /home/ubuntu/.local/lib/python3.12/site-packages/airflow/example_dags/example_workday_timetable.py
[2025-01-28T06:39:04.522+0000] {logging_mixin.py:190} INFO - [2025-01-28T06:39:04.522+0000] {dag.py:3239} INFO - Sync 1 DAGs
[2025-01-28T06:39:04.571+0000] {logging_mixin.py:190} INFO - [2025-01-28T06:39:04.571+0000] {dag.py:4180} INFO - Setting next_dagrun for example_workday_timetable to 2021-01-04 00:00:00+00:00, run_after=2021-01-05 00:00:00+00:00
[2025-01-28T06:39:04.595+0000] {processor.py:208} INFO - Processing /home/ubuntu/.local/lib/python3.12/site-packages/airflow/example_dags/example_workday_timetable.py took 0.102 seconds
[2025-01-28T06:40:03.734+0000] {processor.py:186} INFO - Started process (PID=6284) to work on /home/ubuntu/.local/lib/python3.12/site-packages/airflow/example_dags/example_workday_timetable.py
[2025-01-28T06:40:03.736+0000] {processor.py:914} INFO - Processing file /home/ubuntu/.local/lib/python3.12/site-packages/airflow/example_dags/example_workday_timetable.py for tasks to queue
[2025-01-28T06:40:03.738+0000] {logging_mixin.py:190} INFO - [2025-01-28T06:40:03.738+0000] {dagbag.py:588} INFO - Filling up the DagBag from /home/ubuntu/.local/lib/python3.12/site-packages/airflow/example_dags/example_workday_timetable.py
[2025-01-28T06:40:03.749+0000] {processor.py:925} INFO - DAG(s) 'example_workday_timetable' retrieved from /home/ubuntu/.local/lib/python3.12/site-packages/airflow/example_dags/example_workday_timetable.py
[2025-01-28T06:40:03.781+0000] {logging_mixin.py:190} INFO - [2025-01-28T06:40:03.781+0000] {dag.py:3239} INFO - Sync 1 DAGs
[2025-01-28T06:40:03.832+0000] {logging_mixin.py:190} INFO - [2025-01-28T06:40:03.832+0000] {dag.py:4180} INFO - Setting next_dagrun for example_workday_timetable to 2021-01-04 00:00:00+00:00, run_after=2021-01-05 00:00:00+00:00
[2025-01-28T06:40:03.855+0000] {processor.py:208} INFO - Processing /home/ubuntu/.local/lib/python3.12/site-packages/airflow/example_dags/example_workday_timetable.py took 0.126 seconds
[2025-01-28T06:40:56.358+0000] {processor.py:186} INFO - Started process (PID=6343) to work on /home/ubuntu/.local/lib/python3.12/site-packages/airflow/example_dags/example_workday_timetable.py
[2025-01-28T06:40:56.361+0000] {processor.py:914} INFO - Processing file /home/ubuntu/.local/lib/python3.12/site-packages/airflow/example_dags/example_workday_timetable.py for tasks to queue
[2025-01-28T06:40:56.363+0000] {logging_mixin.py:190} INFO - [2025-01-28T06:40:56.362+0000] {dagbag.py:588} INFO - Filling up the DagBag from /home/ubuntu/.local/lib/python3.12/site-packages/airflow/example_dags/example_workday_timetable.py
[2025-01-28T06:40:56.368+0000] {processor.py:925} INFO - DAG(s) 'example_workday_timetable' retrieved from /home/ubuntu/.local/lib/python3.12/site-packages/airflow/example_dags/example_workday_timetable.py
[2025-01-28T06:40:56.385+0000] {logging_mixin.py:190} INFO - [2025-01-28T06:40:56.385+0000] {dag.py:3239} INFO - Sync 1 DAGs
[2025-01-28T06:40:56.585+0000] {logging_mixin.py:190} INFO - [2025-01-28T06:40:56.585+0000] {dag.py:4180} INFO - Setting next_dagrun for example_workday_timetable to 2021-01-04 00:00:00+00:00, run_after=2021-01-05 00:00:00+00:00
[2025-01-28T06:40:56.607+0000] {processor.py:208} INFO - Processing /home/ubuntu/.local/lib/python3.12/site-packages/airflow/example_dags/example_workday_timetable.py took 0.254 seconds
[2025-01-28T06:42:03.253+0000] {processor.py:186} INFO - Started process (PID=6540) to work on /home/ubuntu/.local/lib/python3.12/site-packages/airflow/example_dags/example_workday_timetable.py
[2025-01-28T06:42:03.254+0000] {processor.py:914} INFO - Processing file /home/ubuntu/.local/lib/python3.12/site-packages/airflow/example_dags/example_workday_timetable.py for tasks to queue
[2025-01-28T06:42:03.256+0000] {logging_mixin.py:190} INFO - [2025-01-28T06:42:03.256+0000] {dagbag.py:588} INFO - Filling up the DagBag from /home/ubuntu/.local/lib/python3.12/site-packages/airflow/example_dags/example_workday_timetable.py
[2025-01-28T06:42:03.262+0000] {processor.py:925} INFO - DAG(s) 'example_workday_timetable' retrieved from /home/ubuntu/.local/lib/python3.12/site-packages/airflow/example_dags/example_workday_timetable.py
[2025-01-28T06:42:03.277+0000] {logging_mixin.py:190} INFO - [2025-01-28T06:42:03.277+0000] {dag.py:3239} INFO - Sync 1 DAGs
[2025-01-28T06:42:03.335+0000] {logging_mixin.py:190} INFO - [2025-01-28T06:42:03.334+0000] {dag.py:4180} INFO - Setting next_dagrun for example_workday_timetable to 2021-01-04 00:00:00+00:00, run_after=2021-01-05 00:00:00+00:00
[2025-01-28T06:42:03.505+0000] {processor.py:208} INFO - Processing /home/ubuntu/.local/lib/python3.12/site-packages/airflow/example_dags/example_workday_timetable.py took 0.257 seconds
[2025-01-28T06:43:01.471+0000] {processor.py:186} INFO - Started process (PID=6598) to work on /home/ubuntu/.local/lib/python3.12/site-packages/airflow/example_dags/example_workday_timetable.py
[2025-01-28T06:43:01.472+0000] {processor.py:914} INFO - Processing file /home/ubuntu/.local/lib/python3.12/site-packages/airflow/example_dags/example_workday_timetable.py for tasks to queue
[2025-01-28T06:43:01.474+0000] {logging_mixin.py:190} INFO - [2025-01-28T06:43:01.474+0000] {dagbag.py:588} INFO - Filling up the DagBag from /home/ubuntu/.local/lib/python3.12/site-packages/airflow/example_dags/example_workday_timetable.py
[2025-01-28T06:43:01.480+0000] {processor.py:925} INFO - DAG(s) 'example_workday_timetable' retrieved from /home/ubuntu/.local/lib/python3.12/site-packages/airflow/example_dags/example_workday_timetable.py
[2025-01-28T06:43:01.495+0000] {logging_mixin.py:190} INFO - [2025-01-28T06:43:01.495+0000] {dag.py:3239} INFO - Sync 1 DAGs
[2025-01-28T06:43:01.542+0000] {logging_mixin.py:190} INFO - [2025-01-28T06:43:01.542+0000] {dag.py:4180} INFO - Setting next_dagrun for example_workday_timetable to 2021-01-04 00:00:00+00:00, run_after=2021-01-05 00:00:00+00:00
[2025-01-28T06:43:01.565+0000] {processor.py:208} INFO - Processing /home/ubuntu/.local/lib/python3.12/site-packages/airflow/example_dags/example_workday_timetable.py took 0.100 seconds
[2025-01-28T06:44:05.633+0000] {processor.py:186} INFO - Started process (PID=6660) to work on /home/ubuntu/.local/lib/python3.12/site-packages/airflow/example_dags/example_workday_timetable.py
[2025-01-28T06:44:05.635+0000] {processor.py:914} INFO - Processing file /home/ubuntu/.local/lib/python3.12/site-packages/airflow/example_dags/example_workday_timetable.py for tasks to queue
[2025-01-28T06:44:05.636+0000] {logging_mixin.py:190} INFO - [2025-01-28T06:44:05.636+0000] {dagbag.py:588} INFO - Filling up the DagBag from /home/ubuntu/.local/lib/python3.12/site-packages/airflow/example_dags/example_workday_timetable.py
[2025-01-28T06:44:05.643+0000] {processor.py:925} INFO - DAG(s) 'example_workday_timetable' retrieved from /home/ubuntu/.local/lib/python3.12/site-packages/airflow/example_dags/example_workday_timetable.py
[2025-01-28T06:44:05.659+0000] {logging_mixin.py:190} INFO - [2025-01-28T06:44:05.659+0000] {dag.py:3239} INFO - Sync 1 DAGs
[2025-01-28T06:44:05.718+0000] {logging_mixin.py:190} INFO - [2025-01-28T06:44:05.717+0000] {dag.py:4180} INFO - Setting next_dagrun for example_workday_timetable to 2021-01-04 00:00:00+00:00, run_after=2021-01-05 00:00:00+00:00
[2025-01-28T06:44:05.741+0000] {processor.py:208} INFO - Processing /home/ubuntu/.local/lib/python3.12/site-packages/airflow/example_dags/example_workday_timetable.py took 0.113 seconds
[2025-01-28T06:45:12.641+0000] {processor.py:186} INFO - Started process (PID=6725) to work on /home/ubuntu/.local/lib/python3.12/site-packages/airflow/example_dags/example_workday_timetable.py
[2025-01-28T06:45:12.642+0000] {processor.py:914} INFO - Processing file /home/ubuntu/.local/lib/python3.12/site-packages/airflow/example_dags/example_workday_timetable.py for tasks to queue
[2025-01-28T06:45:12.645+0000] {logging_mixin.py:190} INFO - [2025-01-28T06:45:12.645+0000] {dagbag.py:588} INFO - Filling up the DagBag from /home/ubuntu/.local/lib/python3.12/site-packages/airflow/example_dags/example_workday_timetable.py
[2025-01-28T06:45:12.652+0000] {processor.py:925} INFO - DAG(s) 'example_workday_timetable' retrieved from /home/ubuntu/.local/lib/python3.12/site-packages/airflow/example_dags/example_workday_timetable.py
[2025-01-28T06:45:12.666+0000] {logging_mixin.py:190} INFO - [2025-01-28T06:45:12.666+0000] {dag.py:3239} INFO - Sync 1 DAGs
[2025-01-28T06:45:12.715+0000] {logging_mixin.py:190} INFO - [2025-01-28T06:45:12.715+0000] {dag.py:4180} INFO - Setting next_dagrun for example_workday_timetable to 2021-01-04 00:00:00+00:00, run_after=2021-01-05 00:00:00+00:00
[2025-01-28T06:45:12.737+0000] {processor.py:208} INFO - Processing /home/ubuntu/.local/lib/python3.12/site-packages/airflow/example_dags/example_workday_timetable.py took 0.102 seconds
[2025-01-28T06:46:08.600+0000] {processor.py:186} INFO - Started process (PID=6944) to work on /home/ubuntu/.local/lib/python3.12/site-packages/airflow/example_dags/example_workday_timetable.py
[2025-01-28T06:46:08.603+0000] {processor.py:914} INFO - Processing file /home/ubuntu/.local/lib/python3.12/site-packages/airflow/example_dags/example_workday_timetable.py for tasks to queue
[2025-01-28T06:46:08.606+0000] {logging_mixin.py:190} INFO - [2025-01-28T06:46:08.605+0000] {dagbag.py:588} INFO - Filling up the DagBag from /home/ubuntu/.local/lib/python3.12/site-packages/airflow/example_dags/example_workday_timetable.py
[2025-01-28T06:46:08.612+0000] {processor.py:925} INFO - DAG(s) 'example_workday_timetable' retrieved from /home/ubuntu/.local/lib/python3.12/site-packages/airflow/example_dags/example_workday_timetable.py
[2025-01-28T06:46:08.626+0000] {logging_mixin.py:190} INFO - [2025-01-28T06:46:08.626+0000] {dag.py:3239} INFO - Sync 1 DAGs
[2025-01-28T06:46:08.697+0000] {logging_mixin.py:190} INFO - [2025-01-28T06:46:08.697+0000] {dag.py:4180} INFO - Setting next_dagrun for example_workday_timetable to 2021-01-04 00:00:00+00:00, run_after=2021-01-05 00:00:00+00:00
[2025-01-28T06:46:08.722+0000] {processor.py:208} INFO - Processing /home/ubuntu/.local/lib/python3.12/site-packages/airflow/example_dags/example_workday_timetable.py took 0.127 seconds
