[2025-01-28T03:40:21.881+0000] {processor.py:186} INFO - Started process (PID=9677) to work on /home/ubuntu/airflow-venv/lib/python3.12/site-packages/airflow/example_dags/example_branch_day_of_week_operator.py
[2025-01-28T03:40:21.881+0000] {processor.py:914} INFO - Processing file /home/ubuntu/airflow-venv/lib/python3.12/site-packages/airflow/example_dags/example_branch_day_of_week_operator.py for tasks to queue
[2025-01-28T03:40:21.883+0000] {logging_mixin.py:190} INFO - [2025-01-28T03:40:21.883+0000] {dagbag.py:588} INFO - Filling up the DagBag from /home/ubuntu/airflow-venv/lib/python3.12/site-packages/airflow/example_dags/example_branch_day_of_week_operator.py
[2025-01-28T03:40:21.893+0000] {processor.py:925} INFO - DAG(s) 'example_weekday_branch_operator' retrieved from /home/ubuntu/airflow-venv/lib/python3.12/site-packages/airflow/example_dags/example_branch_day_of_week_operator.py
[2025-01-28T03:40:21.993+0000] {logging_mixin.py:190} INFO - [2025-01-28T03:40:21.992+0000] {override.py:1912} INFO - Created Permission View: can read on DAG:example_weekday_branch_operator
[2025-01-28T03:40:22.010+0000] {logging_mixin.py:190} INFO - [2025-01-28T03:40:22.009+0000] {override.py:1912} INFO - Created Permission View: can delete on DAG:example_weekday_branch_operator
[2025-01-28T03:40:22.021+0000] {logging_mixin.py:190} INFO - [2025-01-28T03:40:22.021+0000] {override.py:1912} INFO - Created Permission View: can edit on DAG:example_weekday_branch_operator
[2025-01-28T03:40:22.040+0000] {logging_mixin.py:190} INFO - [2025-01-28T03:40:22.039+0000] {override.py:1912} INFO - Created Permission View: menu access on DAG Run:example_weekday_branch_operator
[2025-01-28T03:40:22.051+0000] {logging_mixin.py:190} INFO - [2025-01-28T03:40:22.051+0000] {override.py:1912} INFO - Created Permission View: can read on DAG Run:example_weekday_branch_operator
[2025-01-28T03:40:22.061+0000] {logging_mixin.py:190} INFO - [2025-01-28T03:40:22.061+0000] {override.py:1912} INFO - Created Permission View: can delete on DAG Run:example_weekday_branch_operator
[2025-01-28T03:40:22.071+0000] {logging_mixin.py:190} INFO - [2025-01-28T03:40:22.071+0000] {override.py:1912} INFO - Created Permission View: can create on DAG Run:example_weekday_branch_operator
[2025-01-28T03:40:22.071+0000] {logging_mixin.py:190} INFO - [2025-01-28T03:40:22.071+0000] {dag.py:3239} INFO - Sync 1 DAGs
[2025-01-28T03:40:22.085+0000] {logging_mixin.py:190} INFO - [2025-01-28T03:40:22.085+0000] {dag.py:3262} INFO - Creating ORM DAG for example_weekday_branch_operator
[2025-01-28T03:40:22.099+0000] {logging_mixin.py:190} INFO - [2025-01-28T03:40:22.098+0000] {dag.py:4180} INFO - Setting next_dagrun for example_weekday_branch_operator to 2025-01-27 00:00:00+00:00, run_after=2025-01-28 00:00:00+00:00
[2025-01-28T03:40:22.120+0000] {processor.py:208} INFO - Processing /home/ubuntu/airflow-venv/lib/python3.12/site-packages/airflow/example_dags/example_branch_day_of_week_operator.py took 0.244 seconds
[2025-01-28T03:41:20.892+0000] {processor.py:186} INFO - Started process (PID=9736) to work on /home/ubuntu/airflow-venv/lib/python3.12/site-packages/airflow/example_dags/example_branch_day_of_week_operator.py
[2025-01-28T03:41:20.894+0000] {processor.py:914} INFO - Processing file /home/ubuntu/airflow-venv/lib/python3.12/site-packages/airflow/example_dags/example_branch_day_of_week_operator.py for tasks to queue
[2025-01-28T03:41:20.896+0000] {logging_mixin.py:190} INFO - [2025-01-28T03:41:20.895+0000] {dagbag.py:588} INFO - Filling up the DagBag from /home/ubuntu/airflow-venv/lib/python3.12/site-packages/airflow/example_dags/example_branch_day_of_week_operator.py
[2025-01-28T03:41:20.905+0000] {processor.py:925} INFO - DAG(s) 'example_weekday_branch_operator' retrieved from /home/ubuntu/airflow-venv/lib/python3.12/site-packages/airflow/example_dags/example_branch_day_of_week_operator.py
[2025-01-28T03:41:20.927+0000] {logging_mixin.py:190} INFO - [2025-01-28T03:41:20.926+0000] {dag.py:3239} INFO - Sync 1 DAGs
[2025-01-28T03:41:20.945+0000] {logging_mixin.py:190} INFO - [2025-01-28T03:41:20.945+0000] {dag.py:4180} INFO - Setting next_dagrun for example_weekday_branch_operator to 2025-01-27 00:00:00+00:00, run_after=2025-01-28 00:00:00+00:00
[2025-01-28T03:41:20.967+0000] {processor.py:208} INFO - Processing /home/ubuntu/airflow-venv/lib/python3.12/site-packages/airflow/example_dags/example_branch_day_of_week_operator.py took 0.081 seconds
[2025-01-28T03:43:57.093+0000] {processor.py:186} INFO - Started process (PID=9836) to work on /home/ubuntu/airflow-venv/lib/python3.12/site-packages/airflow/example_dags/example_branch_day_of_week_operator.py
[2025-01-28T03:43:57.095+0000] {processor.py:914} INFO - Processing file /home/ubuntu/airflow-venv/lib/python3.12/site-packages/airflow/example_dags/example_branch_day_of_week_operator.py for tasks to queue
[2025-01-28T03:43:57.097+0000] {logging_mixin.py:190} INFO - [2025-01-28T03:43:57.096+0000] {dagbag.py:588} INFO - Filling up the DagBag from /home/ubuntu/airflow-venv/lib/python3.12/site-packages/airflow/example_dags/example_branch_day_of_week_operator.py
[2025-01-28T03:43:57.107+0000] {processor.py:925} INFO - DAG(s) 'example_weekday_branch_operator' retrieved from /home/ubuntu/airflow-venv/lib/python3.12/site-packages/airflow/example_dags/example_branch_day_of_week_operator.py
[2025-01-28T03:43:57.123+0000] {logging_mixin.py:190} INFO - [2025-01-28T03:43:57.122+0000] {dag.py:3239} INFO - Sync 1 DAGs
[2025-01-28T03:43:57.141+0000] {logging_mixin.py:190} INFO - [2025-01-28T03:43:57.140+0000] {dag.py:4180} INFO - Setting next_dagrun for example_weekday_branch_operator to 2025-01-27 00:00:00+00:00, run_after=2025-01-28 00:00:00+00:00
[2025-01-28T03:43:57.162+0000] {processor.py:208} INFO - Processing /home/ubuntu/airflow-venv/lib/python3.12/site-packages/airflow/example_dags/example_branch_day_of_week_operator.py took 0.075 seconds
[2025-01-28T03:45:14.569+0000] {processor.py:186} INFO - Started process (PID=9920) to work on /home/ubuntu/airflow-venv/lib/python3.12/site-packages/airflow/example_dags/example_branch_day_of_week_operator.py
[2025-01-28T03:45:14.570+0000] {processor.py:914} INFO - Processing file /home/ubuntu/airflow-venv/lib/python3.12/site-packages/airflow/example_dags/example_branch_day_of_week_operator.py for tasks to queue
[2025-01-28T03:45:14.573+0000] {logging_mixin.py:190} INFO - [2025-01-28T03:45:14.572+0000] {dagbag.py:588} INFO - Filling up the DagBag from /home/ubuntu/airflow-venv/lib/python3.12/site-packages/airflow/example_dags/example_branch_day_of_week_operator.py
[2025-01-28T03:45:14.582+0000] {processor.py:925} INFO - DAG(s) 'example_weekday_branch_operator' retrieved from /home/ubuntu/airflow-venv/lib/python3.12/site-packages/airflow/example_dags/example_branch_day_of_week_operator.py
[2025-01-28T03:45:14.596+0000] {logging_mixin.py:190} INFO - [2025-01-28T03:45:14.596+0000] {dag.py:3239} INFO - Sync 1 DAGs
[2025-01-28T03:45:14.615+0000] {logging_mixin.py:190} INFO - [2025-01-28T03:45:14.615+0000] {dag.py:4180} INFO - Setting next_dagrun for example_weekday_branch_operator to 2025-01-27 00:00:00+00:00, run_after=2025-01-28 00:00:00+00:00
[2025-01-28T03:45:14.636+0000] {processor.py:208} INFO - Processing /home/ubuntu/airflow-venv/lib/python3.12/site-packages/airflow/example_dags/example_branch_day_of_week_operator.py took 0.073 seconds
[2025-01-28T03:46:34.220+0000] {processor.py:186} INFO - Started process (PID=10001) to work on /home/ubuntu/airflow-venv/lib/python3.12/site-packages/airflow/example_dags/example_branch_day_of_week_operator.py
[2025-01-28T03:46:34.221+0000] {processor.py:914} INFO - Processing file /home/ubuntu/airflow-venv/lib/python3.12/site-packages/airflow/example_dags/example_branch_day_of_week_operator.py for tasks to queue
[2025-01-28T03:46:34.223+0000] {logging_mixin.py:190} INFO - [2025-01-28T03:46:34.223+0000] {dagbag.py:588} INFO - Filling up the DagBag from /home/ubuntu/airflow-venv/lib/python3.12/site-packages/airflow/example_dags/example_branch_day_of_week_operator.py
[2025-01-28T03:46:34.232+0000] {processor.py:925} INFO - DAG(s) 'example_weekday_branch_operator' retrieved from /home/ubuntu/airflow-venv/lib/python3.12/site-packages/airflow/example_dags/example_branch_day_of_week_operator.py
[2025-01-28T03:46:34.249+0000] {logging_mixin.py:190} INFO - [2025-01-28T03:46:34.248+0000] {dag.py:3239} INFO - Sync 1 DAGs
[2025-01-28T03:46:34.266+0000] {logging_mixin.py:190} INFO - [2025-01-28T03:46:34.266+0000] {dag.py:4180} INFO - Setting next_dagrun for example_weekday_branch_operator to 2025-01-27 00:00:00+00:00, run_after=2025-01-28 00:00:00+00:00
[2025-01-28T03:46:34.287+0000] {processor.py:208} INFO - Processing /home/ubuntu/airflow-venv/lib/python3.12/site-packages/airflow/example_dags/example_branch_day_of_week_operator.py took 0.074 seconds
[2025-01-28T03:47:50.765+0000] {processor.py:186} INFO - Started process (PID=10081) to work on /home/ubuntu/airflow-venv/lib/python3.12/site-packages/airflow/example_dags/example_branch_day_of_week_operator.py
[2025-01-28T03:47:50.767+0000] {processor.py:914} INFO - Processing file /home/ubuntu/airflow-venv/lib/python3.12/site-packages/airflow/example_dags/example_branch_day_of_week_operator.py for tasks to queue
[2025-01-28T03:47:50.769+0000] {logging_mixin.py:190} INFO - [2025-01-28T03:47:50.769+0000] {dagbag.py:588} INFO - Filling up the DagBag from /home/ubuntu/airflow-venv/lib/python3.12/site-packages/airflow/example_dags/example_branch_day_of_week_operator.py
[2025-01-28T03:47:50.778+0000] {processor.py:925} INFO - DAG(s) 'example_weekday_branch_operator' retrieved from /home/ubuntu/airflow-venv/lib/python3.12/site-packages/airflow/example_dags/example_branch_day_of_week_operator.py
[2025-01-28T03:47:50.793+0000] {logging_mixin.py:190} INFO - [2025-01-28T03:47:50.793+0000] {dag.py:3239} INFO - Sync 1 DAGs
[2025-01-28T03:47:50.812+0000] {logging_mixin.py:190} INFO - [2025-01-28T03:47:50.812+0000] {dag.py:4180} INFO - Setting next_dagrun for example_weekday_branch_operator to 2025-01-27 00:00:00+00:00, run_after=2025-01-28 00:00:00+00:00
[2025-01-28T03:47:50.832+0000] {processor.py:208} INFO - Processing /home/ubuntu/airflow-venv/lib/python3.12/site-packages/airflow/example_dags/example_branch_day_of_week_operator.py took 0.073 seconds
[2025-01-28T03:49:03.933+0000] {processor.py:186} INFO - Started process (PID=10159) to work on /home/ubuntu/airflow-venv/lib/python3.12/site-packages/airflow/example_dags/example_branch_day_of_week_operator.py
[2025-01-28T03:49:03.934+0000] {processor.py:914} INFO - Processing file /home/ubuntu/airflow-venv/lib/python3.12/site-packages/airflow/example_dags/example_branch_day_of_week_operator.py for tasks to queue
[2025-01-28T03:49:03.936+0000] {logging_mixin.py:190} INFO - [2025-01-28T03:49:03.936+0000] {dagbag.py:588} INFO - Filling up the DagBag from /home/ubuntu/airflow-venv/lib/python3.12/site-packages/airflow/example_dags/example_branch_day_of_week_operator.py
[2025-01-28T03:49:03.946+0000] {processor.py:925} INFO - DAG(s) 'example_weekday_branch_operator' retrieved from /home/ubuntu/airflow-venv/lib/python3.12/site-packages/airflow/example_dags/example_branch_day_of_week_operator.py
[2025-01-28T03:49:03.961+0000] {logging_mixin.py:190} INFO - [2025-01-28T03:49:03.961+0000] {dag.py:3239} INFO - Sync 1 DAGs
[2025-01-28T03:49:03.980+0000] {logging_mixin.py:190} INFO - [2025-01-28T03:49:03.980+0000] {dag.py:4180} INFO - Setting next_dagrun for example_weekday_branch_operator to 2025-01-27 00:00:00+00:00, run_after=2025-01-28 00:00:00+00:00
[2025-01-28T03:49:04.003+0000] {processor.py:208} INFO - Processing /home/ubuntu/airflow-venv/lib/python3.12/site-packages/airflow/example_dags/example_branch_day_of_week_operator.py took 0.076 seconds
[2025-01-28T05:55:50.584+0000] {processor.py:186} INFO - Started process (PID=1942) to work on /home/ubuntu/.local/lib/python3.12/site-packages/airflow/example_dags/example_branch_day_of_week_operator.py
[2025-01-28T05:55:50.585+0000] {processor.py:914} INFO - Processing file /home/ubuntu/.local/lib/python3.12/site-packages/airflow/example_dags/example_branch_day_of_week_operator.py for tasks to queue
[2025-01-28T05:55:50.588+0000] {logging_mixin.py:190} INFO - [2025-01-28T05:55:50.588+0000] {dagbag.py:588} INFO - Filling up the DagBag from /home/ubuntu/.local/lib/python3.12/site-packages/airflow/example_dags/example_branch_day_of_week_operator.py
[2025-01-28T05:55:50.598+0000] {processor.py:925} INFO - DAG(s) 'example_weekday_branch_operator' retrieved from /home/ubuntu/.local/lib/python3.12/site-packages/airflow/example_dags/example_branch_day_of_week_operator.py
[2025-01-28T05:55:50.688+0000] {logging_mixin.py:190} INFO - [2025-01-28T05:55:50.687+0000] {dag.py:3239} INFO - Sync 1 DAGs
[2025-01-28T05:55:50.704+0000] {logging_mixin.py:190} INFO - [2025-01-28T05:55:50.703+0000] {dag.py:4180} INFO - Setting next_dagrun for example_weekday_branch_operator to 2025-01-27 00:00:00+00:00, run_after=2025-01-28 00:00:00+00:00
[2025-01-28T05:55:50.729+0000] {processor.py:208} INFO - Processing /home/ubuntu/.local/lib/python3.12/site-packages/airflow/example_dags/example_branch_day_of_week_operator.py took 0.150 seconds
[2025-01-28T05:56:48.533+0000] {processor.py:186} INFO - Started process (PID=2016) to work on /home/ubuntu/.local/lib/python3.12/site-packages/airflow/example_dags/example_branch_day_of_week_operator.py
[2025-01-28T05:56:48.535+0000] {processor.py:914} INFO - Processing file /home/ubuntu/.local/lib/python3.12/site-packages/airflow/example_dags/example_branch_day_of_week_operator.py for tasks to queue
[2025-01-28T05:56:48.537+0000] {logging_mixin.py:190} INFO - [2025-01-28T05:56:48.537+0000] {dagbag.py:588} INFO - Filling up the DagBag from /home/ubuntu/.local/lib/python3.12/site-packages/airflow/example_dags/example_branch_day_of_week_operator.py
[2025-01-28T05:56:48.548+0000] {processor.py:925} INFO - DAG(s) 'example_weekday_branch_operator' retrieved from /home/ubuntu/.local/lib/python3.12/site-packages/airflow/example_dags/example_branch_day_of_week_operator.py
[2025-01-28T05:56:48.573+0000] {logging_mixin.py:190} INFO - [2025-01-28T05:56:48.572+0000] {dag.py:3239} INFO - Sync 1 DAGs
[2025-01-28T05:56:48.593+0000] {logging_mixin.py:190} INFO - [2025-01-28T05:56:48.593+0000] {dag.py:4180} INFO - Setting next_dagrun for example_weekday_branch_operator to 2025-01-27 00:00:00+00:00, run_after=2025-01-28 00:00:00+00:00
[2025-01-28T05:56:48.621+0000] {processor.py:208} INFO - Processing /home/ubuntu/.local/lib/python3.12/site-packages/airflow/example_dags/example_branch_day_of_week_operator.py took 0.094 seconds
[2025-01-28T05:58:11.055+0000] {processor.py:186} INFO - Started process (PID=2118) to work on /home/ubuntu/.local/lib/python3.12/site-packages/airflow/example_dags/example_branch_day_of_week_operator.py
[2025-01-28T05:58:11.057+0000] {processor.py:914} INFO - Processing file /home/ubuntu/.local/lib/python3.12/site-packages/airflow/example_dags/example_branch_day_of_week_operator.py for tasks to queue
[2025-01-28T05:58:11.059+0000] {logging_mixin.py:190} INFO - [2025-01-28T05:58:11.058+0000] {dagbag.py:588} INFO - Filling up the DagBag from /home/ubuntu/.local/lib/python3.12/site-packages/airflow/example_dags/example_branch_day_of_week_operator.py
[2025-01-28T05:58:11.068+0000] {processor.py:925} INFO - DAG(s) 'example_weekday_branch_operator' retrieved from /home/ubuntu/.local/lib/python3.12/site-packages/airflow/example_dags/example_branch_day_of_week_operator.py
[2025-01-28T05:58:11.084+0000] {logging_mixin.py:190} INFO - [2025-01-28T05:58:11.083+0000] {dag.py:3239} INFO - Sync 1 DAGs
[2025-01-28T05:58:11.103+0000] {logging_mixin.py:190} INFO - [2025-01-28T05:58:11.103+0000] {dag.py:4180} INFO - Setting next_dagrun for example_weekday_branch_operator to 2025-01-27 00:00:00+00:00, run_after=2025-01-28 00:00:00+00:00
[2025-01-28T05:58:11.132+0000] {processor.py:208} INFO - Processing /home/ubuntu/.local/lib/python3.12/site-packages/airflow/example_dags/example_branch_day_of_week_operator.py took 0.082 seconds
[2025-01-28T05:59:33.952+0000] {processor.py:186} INFO - Started process (PID=2203) to work on /home/ubuntu/.local/lib/python3.12/site-packages/airflow/example_dags/example_branch_day_of_week_operator.py
[2025-01-28T05:59:33.954+0000] {processor.py:914} INFO - Processing file /home/ubuntu/.local/lib/python3.12/site-packages/airflow/example_dags/example_branch_day_of_week_operator.py for tasks to queue
[2025-01-28T05:59:33.956+0000] {logging_mixin.py:190} INFO - [2025-01-28T05:59:33.956+0000] {dagbag.py:588} INFO - Filling up the DagBag from /home/ubuntu/.local/lib/python3.12/site-packages/airflow/example_dags/example_branch_day_of_week_operator.py
[2025-01-28T05:59:33.966+0000] {processor.py:925} INFO - DAG(s) 'example_weekday_branch_operator' retrieved from /home/ubuntu/.local/lib/python3.12/site-packages/airflow/example_dags/example_branch_day_of_week_operator.py
[2025-01-28T05:59:33.981+0000] {logging_mixin.py:190} INFO - [2025-01-28T05:59:33.981+0000] {dag.py:3239} INFO - Sync 1 DAGs
[2025-01-28T05:59:34.000+0000] {logging_mixin.py:190} INFO - [2025-01-28T05:59:33.999+0000] {dag.py:4180} INFO - Setting next_dagrun for example_weekday_branch_operator to 2025-01-27 00:00:00+00:00, run_after=2025-01-28 00:00:00+00:00
[2025-01-28T05:59:34.023+0000] {processor.py:208} INFO - Processing /home/ubuntu/.local/lib/python3.12/site-packages/airflow/example_dags/example_branch_day_of_week_operator.py took 0.076 seconds
[2025-01-28T06:00:51.427+0000] {processor.py:186} INFO - Started process (PID=2287) to work on /home/ubuntu/.local/lib/python3.12/site-packages/airflow/example_dags/example_branch_day_of_week_operator.py
[2025-01-28T06:00:51.428+0000] {processor.py:914} INFO - Processing file /home/ubuntu/.local/lib/python3.12/site-packages/airflow/example_dags/example_branch_day_of_week_operator.py for tasks to queue
[2025-01-28T06:00:51.430+0000] {logging_mixin.py:190} INFO - [2025-01-28T06:00:51.430+0000] {dagbag.py:588} INFO - Filling up the DagBag from /home/ubuntu/.local/lib/python3.12/site-packages/airflow/example_dags/example_branch_day_of_week_operator.py
[2025-01-28T06:00:51.440+0000] {processor.py:925} INFO - DAG(s) 'example_weekday_branch_operator' retrieved from /home/ubuntu/.local/lib/python3.12/site-packages/airflow/example_dags/example_branch_day_of_week_operator.py
[2025-01-28T06:00:51.456+0000] {logging_mixin.py:190} INFO - [2025-01-28T06:00:51.456+0000] {dag.py:3239} INFO - Sync 1 DAGs
[2025-01-28T06:00:51.475+0000] {logging_mixin.py:190} INFO - [2025-01-28T06:00:51.474+0000] {dag.py:4180} INFO - Setting next_dagrun for example_weekday_branch_operator to 2025-01-27 00:00:00+00:00, run_after=2025-01-28 00:00:00+00:00
[2025-01-28T06:00:51.508+0000] {processor.py:208} INFO - Processing /home/ubuntu/.local/lib/python3.12/site-packages/airflow/example_dags/example_branch_day_of_week_operator.py took 0.087 seconds
[2025-01-28T06:02:03.413+0000] {processor.py:186} INFO - Started process (PID=2368) to work on /home/ubuntu/.local/lib/python3.12/site-packages/airflow/example_dags/example_branch_day_of_week_operator.py
[2025-01-28T06:02:03.416+0000] {processor.py:914} INFO - Processing file /home/ubuntu/.local/lib/python3.12/site-packages/airflow/example_dags/example_branch_day_of_week_operator.py for tasks to queue
[2025-01-28T06:02:03.418+0000] {logging_mixin.py:190} INFO - [2025-01-28T06:02:03.418+0000] {dagbag.py:588} INFO - Filling up the DagBag from /home/ubuntu/.local/lib/python3.12/site-packages/airflow/example_dags/example_branch_day_of_week_operator.py
[2025-01-28T06:02:03.428+0000] {processor.py:925} INFO - DAG(s) 'example_weekday_branch_operator' retrieved from /home/ubuntu/.local/lib/python3.12/site-packages/airflow/example_dags/example_branch_day_of_week_operator.py
[2025-01-28T06:02:03.444+0000] {logging_mixin.py:190} INFO - [2025-01-28T06:02:03.444+0000] {dag.py:3239} INFO - Sync 1 DAGs
[2025-01-28T06:02:03.463+0000] {logging_mixin.py:190} INFO - [2025-01-28T06:02:03.462+0000] {dag.py:4180} INFO - Setting next_dagrun for example_weekday_branch_operator to 2025-01-27 00:00:00+00:00, run_after=2025-01-28 00:00:00+00:00
[2025-01-28T06:02:03.487+0000] {processor.py:208} INFO - Processing /home/ubuntu/.local/lib/python3.12/site-packages/airflow/example_dags/example_branch_day_of_week_operator.py took 0.084 seconds
[2025-01-28T06:03:23.095+0000] {processor.py:186} INFO - Started process (PID=2461) to work on /home/ubuntu/.local/lib/python3.12/site-packages/airflow/example_dags/example_branch_day_of_week_operator.py
[2025-01-28T06:03:23.097+0000] {processor.py:914} INFO - Processing file /home/ubuntu/.local/lib/python3.12/site-packages/airflow/example_dags/example_branch_day_of_week_operator.py for tasks to queue
[2025-01-28T06:03:23.101+0000] {logging_mixin.py:190} INFO - [2025-01-28T06:03:23.100+0000] {dagbag.py:588} INFO - Filling up the DagBag from /home/ubuntu/.local/lib/python3.12/site-packages/airflow/example_dags/example_branch_day_of_week_operator.py
[2025-01-28T06:03:23.112+0000] {processor.py:925} INFO - DAG(s) 'example_weekday_branch_operator' retrieved from /home/ubuntu/.local/lib/python3.12/site-packages/airflow/example_dags/example_branch_day_of_week_operator.py
[2025-01-28T06:03:23.127+0000] {logging_mixin.py:190} INFO - [2025-01-28T06:03:23.127+0000] {dag.py:3239} INFO - Sync 1 DAGs
[2025-01-28T06:03:23.145+0000] {logging_mixin.py:190} INFO - [2025-01-28T06:03:23.145+0000] {dag.py:4180} INFO - Setting next_dagrun for example_weekday_branch_operator to 2025-01-27 00:00:00+00:00, run_after=2025-01-28 00:00:00+00:00
[2025-01-28T06:03:23.168+0000] {processor.py:208} INFO - Processing /home/ubuntu/.local/lib/python3.12/site-packages/airflow/example_dags/example_branch_day_of_week_operator.py took 0.078 seconds
[2025-01-28T06:04:51.581+0000] {processor.py:186} INFO - Started process (PID=2557) to work on /home/ubuntu/.local/lib/python3.12/site-packages/airflow/example_dags/example_branch_day_of_week_operator.py
[2025-01-28T06:04:51.583+0000] {processor.py:914} INFO - Processing file /home/ubuntu/.local/lib/python3.12/site-packages/airflow/example_dags/example_branch_day_of_week_operator.py for tasks to queue
[2025-01-28T06:04:51.584+0000] {logging_mixin.py:190} INFO - [2025-01-28T06:04:51.584+0000] {dagbag.py:588} INFO - Filling up the DagBag from /home/ubuntu/.local/lib/python3.12/site-packages/airflow/example_dags/example_branch_day_of_week_operator.py
[2025-01-28T06:04:51.594+0000] {processor.py:925} INFO - DAG(s) 'example_weekday_branch_operator' retrieved from /home/ubuntu/.local/lib/python3.12/site-packages/airflow/example_dags/example_branch_day_of_week_operator.py
[2025-01-28T06:04:51.620+0000] {logging_mixin.py:190} INFO - [2025-01-28T06:04:51.619+0000] {dag.py:3239} INFO - Sync 1 DAGs
[2025-01-28T06:04:51.642+0000] {logging_mixin.py:190} INFO - [2025-01-28T06:04:51.641+0000] {dag.py:4180} INFO - Setting next_dagrun for example_weekday_branch_operator to 2025-01-27 00:00:00+00:00, run_after=2025-01-28 00:00:00+00:00
[2025-01-28T06:04:51.665+0000] {processor.py:208} INFO - Processing /home/ubuntu/.local/lib/python3.12/site-packages/airflow/example_dags/example_branch_day_of_week_operator.py took 0.089 seconds
[2025-01-28T06:06:26.064+0000] {processor.py:186} INFO - Started process (PID=2667) to work on /home/ubuntu/.local/lib/python3.12/site-packages/airflow/example_dags/example_branch_day_of_week_operator.py
[2025-01-28T06:06:26.066+0000] {processor.py:914} INFO - Processing file /home/ubuntu/.local/lib/python3.12/site-packages/airflow/example_dags/example_branch_day_of_week_operator.py for tasks to queue
[2025-01-28T06:06:26.068+0000] {logging_mixin.py:190} INFO - [2025-01-28T06:06:26.068+0000] {dagbag.py:588} INFO - Filling up the DagBag from /home/ubuntu/.local/lib/python3.12/site-packages/airflow/example_dags/example_branch_day_of_week_operator.py
[2025-01-28T06:06:26.078+0000] {processor.py:925} INFO - DAG(s) 'example_weekday_branch_operator' retrieved from /home/ubuntu/.local/lib/python3.12/site-packages/airflow/example_dags/example_branch_day_of_week_operator.py
[2025-01-28T06:06:26.093+0000] {logging_mixin.py:190} INFO - [2025-01-28T06:06:26.093+0000] {dag.py:3239} INFO - Sync 1 DAGs
[2025-01-28T06:06:26.113+0000] {logging_mixin.py:190} INFO - [2025-01-28T06:06:26.112+0000] {dag.py:4180} INFO - Setting next_dagrun for example_weekday_branch_operator to 2025-01-27 00:00:00+00:00, run_after=2025-01-28 00:00:00+00:00
[2025-01-28T06:06:26.136+0000] {processor.py:208} INFO - Processing /home/ubuntu/.local/lib/python3.12/site-packages/airflow/example_dags/example_branch_day_of_week_operator.py took 0.078 seconds
[2025-01-28T06:07:31.546+0000] {processor.py:186} INFO - Started process (PID=2738) to work on /home/ubuntu/.local/lib/python3.12/site-packages/airflow/example_dags/example_branch_day_of_week_operator.py
[2025-01-28T06:07:31.547+0000] {processor.py:914} INFO - Processing file /home/ubuntu/.local/lib/python3.12/site-packages/airflow/example_dags/example_branch_day_of_week_operator.py for tasks to queue
[2025-01-28T06:07:31.549+0000] {logging_mixin.py:190} INFO - [2025-01-28T06:07:31.549+0000] {dagbag.py:588} INFO - Filling up the DagBag from /home/ubuntu/.local/lib/python3.12/site-packages/airflow/example_dags/example_branch_day_of_week_operator.py
[2025-01-28T06:07:31.559+0000] {processor.py:925} INFO - DAG(s) 'example_weekday_branch_operator' retrieved from /home/ubuntu/.local/lib/python3.12/site-packages/airflow/example_dags/example_branch_day_of_week_operator.py
[2025-01-28T06:07:31.574+0000] {logging_mixin.py:190} INFO - [2025-01-28T06:07:31.574+0000] {dag.py:3239} INFO - Sync 1 DAGs
[2025-01-28T06:07:31.593+0000] {logging_mixin.py:190} INFO - [2025-01-28T06:07:31.592+0000] {dag.py:4180} INFO - Setting next_dagrun for example_weekday_branch_operator to 2025-01-27 00:00:00+00:00, run_after=2025-01-28 00:00:00+00:00
[2025-01-28T06:07:31.615+0000] {processor.py:208} INFO - Processing /home/ubuntu/.local/lib/python3.12/site-packages/airflow/example_dags/example_branch_day_of_week_operator.py took 0.074 seconds
[2025-01-28T06:08:29.854+0000] {processor.py:186} INFO - Started process (PID=2798) to work on /home/ubuntu/.local/lib/python3.12/site-packages/airflow/example_dags/example_branch_day_of_week_operator.py
[2025-01-28T06:08:29.855+0000] {processor.py:914} INFO - Processing file /home/ubuntu/.local/lib/python3.12/site-packages/airflow/example_dags/example_branch_day_of_week_operator.py for tasks to queue
[2025-01-28T06:08:29.857+0000] {logging_mixin.py:190} INFO - [2025-01-28T06:08:29.857+0000] {dagbag.py:588} INFO - Filling up the DagBag from /home/ubuntu/.local/lib/python3.12/site-packages/airflow/example_dags/example_branch_day_of_week_operator.py
[2025-01-28T06:08:29.867+0000] {processor.py:925} INFO - DAG(s) 'example_weekday_branch_operator' retrieved from /home/ubuntu/.local/lib/python3.12/site-packages/airflow/example_dags/example_branch_day_of_week_operator.py
[2025-01-28T06:08:29.882+0000] {logging_mixin.py:190} INFO - [2025-01-28T06:08:29.882+0000] {dag.py:3239} INFO - Sync 1 DAGs
[2025-01-28T06:08:29.902+0000] {logging_mixin.py:190} INFO - [2025-01-28T06:08:29.902+0000] {dag.py:4180} INFO - Setting next_dagrun for example_weekday_branch_operator to 2025-01-27 00:00:00+00:00, run_after=2025-01-28 00:00:00+00:00
[2025-01-28T06:08:29.925+0000] {processor.py:208} INFO - Processing /home/ubuntu/.local/lib/python3.12/site-packages/airflow/example_dags/example_branch_day_of_week_operator.py took 0.075 seconds
[2025-01-28T06:09:50.729+0000] {processor.py:186} INFO - Started process (PID=2896) to work on /home/ubuntu/.local/lib/python3.12/site-packages/airflow/example_dags/example_branch_day_of_week_operator.py
[2025-01-28T06:09:50.730+0000] {processor.py:914} INFO - Processing file /home/ubuntu/.local/lib/python3.12/site-packages/airflow/example_dags/example_branch_day_of_week_operator.py for tasks to queue
[2025-01-28T06:09:50.732+0000] {logging_mixin.py:190} INFO - [2025-01-28T06:09:50.732+0000] {dagbag.py:588} INFO - Filling up the DagBag from /home/ubuntu/.local/lib/python3.12/site-packages/airflow/example_dags/example_branch_day_of_week_operator.py
[2025-01-28T06:09:50.742+0000] {processor.py:925} INFO - DAG(s) 'example_weekday_branch_operator' retrieved from /home/ubuntu/.local/lib/python3.12/site-packages/airflow/example_dags/example_branch_day_of_week_operator.py
[2025-01-28T06:09:50.756+0000] {logging_mixin.py:190} INFO - [2025-01-28T06:09:50.756+0000] {dag.py:3239} INFO - Sync 1 DAGs
[2025-01-28T06:09:50.775+0000] {logging_mixin.py:190} INFO - [2025-01-28T06:09:50.775+0000] {dag.py:4180} INFO - Setting next_dagrun for example_weekday_branch_operator to 2025-01-27 00:00:00+00:00, run_after=2025-01-28 00:00:00+00:00
[2025-01-28T06:09:50.799+0000] {processor.py:208} INFO - Processing /home/ubuntu/.local/lib/python3.12/site-packages/airflow/example_dags/example_branch_day_of_week_operator.py took 0.076 seconds
[2025-01-28T06:11:12.755+0000] {processor.py:186} INFO - Started process (PID=2990) to work on /home/ubuntu/.local/lib/python3.12/site-packages/airflow/example_dags/example_branch_day_of_week_operator.py
[2025-01-28T06:11:12.757+0000] {processor.py:914} INFO - Processing file /home/ubuntu/.local/lib/python3.12/site-packages/airflow/example_dags/example_branch_day_of_week_operator.py for tasks to queue
[2025-01-28T06:11:12.759+0000] {logging_mixin.py:190} INFO - [2025-01-28T06:11:12.759+0000] {dagbag.py:588} INFO - Filling up the DagBag from /home/ubuntu/.local/lib/python3.12/site-packages/airflow/example_dags/example_branch_day_of_week_operator.py
[2025-01-28T06:11:12.769+0000] {processor.py:925} INFO - DAG(s) 'example_weekday_branch_operator' retrieved from /home/ubuntu/.local/lib/python3.12/site-packages/airflow/example_dags/example_branch_day_of_week_operator.py
[2025-01-28T06:11:12.784+0000] {logging_mixin.py:190} INFO - [2025-01-28T06:11:12.784+0000] {dag.py:3239} INFO - Sync 1 DAGs
[2025-01-28T06:11:12.802+0000] {logging_mixin.py:190} INFO - [2025-01-28T06:11:12.802+0000] {dag.py:4180} INFO - Setting next_dagrun for example_weekday_branch_operator to 2025-01-27 00:00:00+00:00, run_after=2025-01-28 00:00:00+00:00
[2025-01-28T06:11:12.824+0000] {processor.py:208} INFO - Processing /home/ubuntu/.local/lib/python3.12/site-packages/airflow/example_dags/example_branch_day_of_week_operator.py took 0.074 seconds
[2025-01-28T06:12:31.645+0000] {processor.py:186} INFO - Started process (PID=3072) to work on /home/ubuntu/.local/lib/python3.12/site-packages/airflow/example_dags/example_branch_day_of_week_operator.py
[2025-01-28T06:12:31.647+0000] {processor.py:914} INFO - Processing file /home/ubuntu/.local/lib/python3.12/site-packages/airflow/example_dags/example_branch_day_of_week_operator.py for tasks to queue
[2025-01-28T06:12:31.649+0000] {logging_mixin.py:190} INFO - [2025-01-28T06:12:31.649+0000] {dagbag.py:588} INFO - Filling up the DagBag from /home/ubuntu/.local/lib/python3.12/site-packages/airflow/example_dags/example_branch_day_of_week_operator.py
[2025-01-28T06:12:31.659+0000] {processor.py:925} INFO - DAG(s) 'example_weekday_branch_operator' retrieved from /home/ubuntu/.local/lib/python3.12/site-packages/airflow/example_dags/example_branch_day_of_week_operator.py
[2025-01-28T06:12:31.674+0000] {logging_mixin.py:190} INFO - [2025-01-28T06:12:31.674+0000] {dag.py:3239} INFO - Sync 1 DAGs
[2025-01-28T06:12:31.694+0000] {logging_mixin.py:190} INFO - [2025-01-28T06:12:31.694+0000] {dag.py:4180} INFO - Setting next_dagrun for example_weekday_branch_operator to 2025-01-27 00:00:00+00:00, run_after=2025-01-28 00:00:00+00:00
[2025-01-28T06:12:31.715+0000] {processor.py:208} INFO - Processing /home/ubuntu/.local/lib/python3.12/site-packages/airflow/example_dags/example_branch_day_of_week_operator.py took 0.075 seconds
[2025-01-28T06:13:52.444+0000] {processor.py:186} INFO - Started process (PID=3156) to work on /home/ubuntu/.local/lib/python3.12/site-packages/airflow/example_dags/example_branch_day_of_week_operator.py
[2025-01-28T06:13:52.446+0000] {processor.py:914} INFO - Processing file /home/ubuntu/.local/lib/python3.12/site-packages/airflow/example_dags/example_branch_day_of_week_operator.py for tasks to queue
[2025-01-28T06:13:52.448+0000] {logging_mixin.py:190} INFO - [2025-01-28T06:13:52.448+0000] {dagbag.py:588} INFO - Filling up the DagBag from /home/ubuntu/.local/lib/python3.12/site-packages/airflow/example_dags/example_branch_day_of_week_operator.py
[2025-01-28T06:13:52.459+0000] {processor.py:925} INFO - DAG(s) 'example_weekday_branch_operator' retrieved from /home/ubuntu/.local/lib/python3.12/site-packages/airflow/example_dags/example_branch_day_of_week_operator.py
[2025-01-28T06:13:52.474+0000] {logging_mixin.py:190} INFO - [2025-01-28T06:13:52.474+0000] {dag.py:3239} INFO - Sync 1 DAGs
[2025-01-28T06:13:52.492+0000] {logging_mixin.py:190} INFO - [2025-01-28T06:13:52.492+0000] {dag.py:4180} INFO - Setting next_dagrun for example_weekday_branch_operator to 2025-01-27 00:00:00+00:00, run_after=2025-01-28 00:00:00+00:00
[2025-01-28T06:13:52.517+0000] {processor.py:208} INFO - Processing /home/ubuntu/.local/lib/python3.12/site-packages/airflow/example_dags/example_branch_day_of_week_operator.py took 0.078 seconds
[2025-01-28T06:15:12.576+0000] {processor.py:186} INFO - Started process (PID=3242) to work on /home/ubuntu/.local/lib/python3.12/site-packages/airflow/example_dags/example_branch_day_of_week_operator.py
[2025-01-28T06:15:12.578+0000] {processor.py:914} INFO - Processing file /home/ubuntu/.local/lib/python3.12/site-packages/airflow/example_dags/example_branch_day_of_week_operator.py for tasks to queue
[2025-01-28T06:15:12.582+0000] {logging_mixin.py:190} INFO - [2025-01-28T06:15:12.580+0000] {dagbag.py:588} INFO - Filling up the DagBag from /home/ubuntu/.local/lib/python3.12/site-packages/airflow/example_dags/example_branch_day_of_week_operator.py
[2025-01-28T06:15:12.596+0000] {processor.py:925} INFO - DAG(s) 'example_weekday_branch_operator' retrieved from /home/ubuntu/.local/lib/python3.12/site-packages/airflow/example_dags/example_branch_day_of_week_operator.py
[2025-01-28T06:15:12.612+0000] {logging_mixin.py:190} INFO - [2025-01-28T06:15:12.612+0000] {dag.py:3239} INFO - Sync 1 DAGs
[2025-01-28T06:15:12.641+0000] {logging_mixin.py:190} INFO - [2025-01-28T06:15:12.641+0000] {dag.py:4180} INFO - Setting next_dagrun for example_weekday_branch_operator to 2025-01-27 00:00:00+00:00, run_after=2025-01-28 00:00:00+00:00
[2025-01-28T06:15:12.664+0000] {processor.py:208} INFO - Processing /home/ubuntu/.local/lib/python3.12/site-packages/airflow/example_dags/example_branch_day_of_week_operator.py took 0.093 seconds
[2025-01-28T06:16:30.363+0000] {processor.py:186} INFO - Started process (PID=3324) to work on /home/ubuntu/.local/lib/python3.12/site-packages/airflow/example_dags/example_branch_day_of_week_operator.py
[2025-01-28T06:16:30.365+0000] {processor.py:914} INFO - Processing file /home/ubuntu/.local/lib/python3.12/site-packages/airflow/example_dags/example_branch_day_of_week_operator.py for tasks to queue
[2025-01-28T06:16:30.368+0000] {logging_mixin.py:190} INFO - [2025-01-28T06:16:30.367+0000] {dagbag.py:588} INFO - Filling up the DagBag from /home/ubuntu/.local/lib/python3.12/site-packages/airflow/example_dags/example_branch_day_of_week_operator.py
[2025-01-28T06:16:30.376+0000] {processor.py:925} INFO - DAG(s) 'example_weekday_branch_operator' retrieved from /home/ubuntu/.local/lib/python3.12/site-packages/airflow/example_dags/example_branch_day_of_week_operator.py
[2025-01-28T06:16:30.393+0000] {logging_mixin.py:190} INFO - [2025-01-28T06:16:30.392+0000] {dag.py:3239} INFO - Sync 1 DAGs
[2025-01-28T06:16:30.411+0000] {logging_mixin.py:190} INFO - [2025-01-28T06:16:30.411+0000] {dag.py:4180} INFO - Setting next_dagrun for example_weekday_branch_operator to 2025-01-27 00:00:00+00:00, run_after=2025-01-28 00:00:00+00:00
[2025-01-28T06:16:30.432+0000] {processor.py:208} INFO - Processing /home/ubuntu/.local/lib/python3.12/site-packages/airflow/example_dags/example_branch_day_of_week_operator.py took 0.074 seconds
[2025-01-28T06:17:59.359+0000] {processor.py:186} INFO - Started process (PID=3424) to work on /home/ubuntu/.local/lib/python3.12/site-packages/airflow/example_dags/example_branch_day_of_week_operator.py
[2025-01-28T06:17:59.360+0000] {processor.py:914} INFO - Processing file /home/ubuntu/.local/lib/python3.12/site-packages/airflow/example_dags/example_branch_day_of_week_operator.py for tasks to queue
[2025-01-28T06:17:59.363+0000] {logging_mixin.py:190} INFO - [2025-01-28T06:17:59.363+0000] {dagbag.py:588} INFO - Filling up the DagBag from /home/ubuntu/.local/lib/python3.12/site-packages/airflow/example_dags/example_branch_day_of_week_operator.py
[2025-01-28T06:17:59.373+0000] {processor.py:925} INFO - DAG(s) 'example_weekday_branch_operator' retrieved from /home/ubuntu/.local/lib/python3.12/site-packages/airflow/example_dags/example_branch_day_of_week_operator.py
[2025-01-28T06:17:59.389+0000] {logging_mixin.py:190} INFO - [2025-01-28T06:17:59.389+0000] {dag.py:3239} INFO - Sync 1 DAGs
[2025-01-28T06:17:59.407+0000] {logging_mixin.py:190} INFO - [2025-01-28T06:17:59.407+0000] {dag.py:4180} INFO - Setting next_dagrun for example_weekday_branch_operator to 2025-01-27 00:00:00+00:00, run_after=2025-01-28 00:00:00+00:00
[2025-01-28T06:17:59.429+0000] {processor.py:208} INFO - Processing /home/ubuntu/.local/lib/python3.12/site-packages/airflow/example_dags/example_branch_day_of_week_operator.py took 0.075 seconds
[2025-01-28T06:18:58.644+0000] {processor.py:186} INFO - Started process (PID=3522) to work on /home/ubuntu/.local/lib/python3.12/site-packages/airflow/example_dags/example_branch_day_of_week_operator.py
[2025-01-28T06:18:58.646+0000] {processor.py:914} INFO - Processing file /home/ubuntu/.local/lib/python3.12/site-packages/airflow/example_dags/example_branch_day_of_week_operator.py for tasks to queue
[2025-01-28T06:18:58.648+0000] {logging_mixin.py:190} INFO - [2025-01-28T06:18:58.648+0000] {dagbag.py:588} INFO - Filling up the DagBag from /home/ubuntu/.local/lib/python3.12/site-packages/airflow/example_dags/example_branch_day_of_week_operator.py
[2025-01-28T06:18:58.658+0000] {processor.py:925} INFO - DAG(s) 'example_weekday_branch_operator' retrieved from /home/ubuntu/.local/lib/python3.12/site-packages/airflow/example_dags/example_branch_day_of_week_operator.py
[2025-01-28T06:18:58.673+0000] {logging_mixin.py:190} INFO - [2025-01-28T06:18:58.673+0000] {dag.py:3239} INFO - Sync 1 DAGs
[2025-01-28T06:18:58.692+0000] {logging_mixin.py:190} INFO - [2025-01-28T06:18:58.692+0000] {dag.py:4180} INFO - Setting next_dagrun for example_weekday_branch_operator to 2025-01-27 00:00:00+00:00, run_after=2025-01-28 00:00:00+00:00
[2025-01-28T06:18:58.714+0000] {processor.py:208} INFO - Processing /home/ubuntu/.local/lib/python3.12/site-packages/airflow/example_dags/example_branch_day_of_week_operator.py took 0.075 seconds
[2025-01-28T06:20:18.803+0000] {processor.py:186} INFO - Started process (PID=3608) to work on /home/ubuntu/.local/lib/python3.12/site-packages/airflow/example_dags/example_branch_day_of_week_operator.py
[2025-01-28T06:20:18.804+0000] {processor.py:914} INFO - Processing file /home/ubuntu/.local/lib/python3.12/site-packages/airflow/example_dags/example_branch_day_of_week_operator.py for tasks to queue
[2025-01-28T06:20:18.806+0000] {logging_mixin.py:190} INFO - [2025-01-28T06:20:18.806+0000] {dagbag.py:588} INFO - Filling up the DagBag from /home/ubuntu/.local/lib/python3.12/site-packages/airflow/example_dags/example_branch_day_of_week_operator.py
[2025-01-28T06:20:18.816+0000] {processor.py:925} INFO - DAG(s) 'example_weekday_branch_operator' retrieved from /home/ubuntu/.local/lib/python3.12/site-packages/airflow/example_dags/example_branch_day_of_week_operator.py
[2025-01-28T06:20:18.833+0000] {logging_mixin.py:190} INFO - [2025-01-28T06:20:18.833+0000] {dag.py:3239} INFO - Sync 1 DAGs
[2025-01-28T06:20:18.852+0000] {logging_mixin.py:190} INFO - [2025-01-28T06:20:18.852+0000] {dag.py:4180} INFO - Setting next_dagrun for example_weekday_branch_operator to 2025-01-27 00:00:00+00:00, run_after=2025-01-28 00:00:00+00:00
[2025-01-28T06:20:18.878+0000] {processor.py:208} INFO - Processing /home/ubuntu/.local/lib/python3.12/site-packages/airflow/example_dags/example_branch_day_of_week_operator.py took 0.081 seconds
[2025-01-28T06:21:39.509+0000] {processor.py:186} INFO - Started process (PID=3835) to work on /home/ubuntu/.local/lib/python3.12/site-packages/airflow/example_dags/example_branch_day_of_week_operator.py
[2025-01-28T06:21:39.511+0000] {processor.py:914} INFO - Processing file /home/ubuntu/.local/lib/python3.12/site-packages/airflow/example_dags/example_branch_day_of_week_operator.py for tasks to queue
[2025-01-28T06:21:39.513+0000] {logging_mixin.py:190} INFO - [2025-01-28T06:21:39.513+0000] {dagbag.py:588} INFO - Filling up the DagBag from /home/ubuntu/.local/lib/python3.12/site-packages/airflow/example_dags/example_branch_day_of_week_operator.py
[2025-01-28T06:21:39.529+0000] {processor.py:925} INFO - DAG(s) 'example_weekday_branch_operator' retrieved from /home/ubuntu/.local/lib/python3.12/site-packages/airflow/example_dags/example_branch_day_of_week_operator.py
[2025-01-28T06:21:39.546+0000] {logging_mixin.py:190} INFO - [2025-01-28T06:21:39.546+0000] {dag.py:3239} INFO - Sync 1 DAGs
[2025-01-28T06:21:39.565+0000] {logging_mixin.py:190} INFO - [2025-01-28T06:21:39.564+0000] {dag.py:4180} INFO - Setting next_dagrun for example_weekday_branch_operator to 2025-01-27 00:00:00+00:00, run_after=2025-01-28 00:00:00+00:00
[2025-01-28T06:21:39.589+0000] {processor.py:208} INFO - Processing /home/ubuntu/.local/lib/python3.12/site-packages/airflow/example_dags/example_branch_day_of_week_operator.py took 0.086 seconds
[2025-01-28T06:22:39.574+0000] {processor.py:186} INFO - Started process (PID=3900) to work on /home/ubuntu/.local/lib/python3.12/site-packages/airflow/example_dags/example_branch_day_of_week_operator.py
[2025-01-28T06:22:39.576+0000] {processor.py:914} INFO - Processing file /home/ubuntu/.local/lib/python3.12/site-packages/airflow/example_dags/example_branch_day_of_week_operator.py for tasks to queue
[2025-01-28T06:22:39.578+0000] {logging_mixin.py:190} INFO - [2025-01-28T06:22:39.577+0000] {dagbag.py:588} INFO - Filling up the DagBag from /home/ubuntu/.local/lib/python3.12/site-packages/airflow/example_dags/example_branch_day_of_week_operator.py
[2025-01-28T06:22:39.588+0000] {processor.py:925} INFO - DAG(s) 'example_weekday_branch_operator' retrieved from /home/ubuntu/.local/lib/python3.12/site-packages/airflow/example_dags/example_branch_day_of_week_operator.py
[2025-01-28T06:22:39.604+0000] {logging_mixin.py:190} INFO - [2025-01-28T06:22:39.604+0000] {dag.py:3239} INFO - Sync 1 DAGs
[2025-01-28T06:22:39.622+0000] {logging_mixin.py:190} INFO - [2025-01-28T06:22:39.622+0000] {dag.py:4180} INFO - Setting next_dagrun for example_weekday_branch_operator to 2025-01-27 00:00:00+00:00, run_after=2025-01-28 00:00:00+00:00
[2025-01-28T06:22:39.644+0000] {processor.py:208} INFO - Processing /home/ubuntu/.local/lib/python3.12/site-packages/airflow/example_dags/example_branch_day_of_week_operator.py took 0.075 seconds
[2025-01-28T06:23:59.999+0000] {processor.py:186} INFO - Started process (PID=4496) to work on /home/ubuntu/.local/lib/python3.12/site-packages/airflow/example_dags/example_branch_day_of_week_operator.py
[2025-01-28T06:24:00.001+0000] {processor.py:914} INFO - Processing file /home/ubuntu/.local/lib/python3.12/site-packages/airflow/example_dags/example_branch_day_of_week_operator.py for tasks to queue
[2025-01-28T06:24:00.007+0000] {logging_mixin.py:190} INFO - [2025-01-28T06:24:00.006+0000] {dagbag.py:588} INFO - Filling up the DagBag from /home/ubuntu/.local/lib/python3.12/site-packages/airflow/example_dags/example_branch_day_of_week_operator.py
[2025-01-28T06:24:00.020+0000] {processor.py:925} INFO - DAG(s) 'example_weekday_branch_operator' retrieved from /home/ubuntu/.local/lib/python3.12/site-packages/airflow/example_dags/example_branch_day_of_week_operator.py
[2025-01-28T06:24:00.038+0000] {logging_mixin.py:190} INFO - [2025-01-28T06:24:00.037+0000] {dag.py:3239} INFO - Sync 1 DAGs
[2025-01-28T06:24:00.058+0000] {logging_mixin.py:190} INFO - [2025-01-28T06:24:00.057+0000] {dag.py:4180} INFO - Setting next_dagrun for example_weekday_branch_operator to 2025-01-27 00:00:00+00:00, run_after=2025-01-28 00:00:00+00:00
[2025-01-28T06:24:00.082+0000] {processor.py:208} INFO - Processing /home/ubuntu/.local/lib/python3.12/site-packages/airflow/example_dags/example_branch_day_of_week_operator.py took 0.088 seconds
[2025-01-28T06:25:21.502+0000] {processor.py:186} INFO - Started process (PID=4951) to work on /home/ubuntu/.local/lib/python3.12/site-packages/airflow/example_dags/example_branch_day_of_week_operator.py
[2025-01-28T06:25:21.503+0000] {processor.py:914} INFO - Processing file /home/ubuntu/.local/lib/python3.12/site-packages/airflow/example_dags/example_branch_day_of_week_operator.py for tasks to queue
[2025-01-28T06:25:21.506+0000] {logging_mixin.py:190} INFO - [2025-01-28T06:25:21.506+0000] {dagbag.py:588} INFO - Filling up the DagBag from /home/ubuntu/.local/lib/python3.12/site-packages/airflow/example_dags/example_branch_day_of_week_operator.py
[2025-01-28T06:25:21.516+0000] {processor.py:925} INFO - DAG(s) 'example_weekday_branch_operator' retrieved from /home/ubuntu/.local/lib/python3.12/site-packages/airflow/example_dags/example_branch_day_of_week_operator.py
[2025-01-28T06:25:21.531+0000] {logging_mixin.py:190} INFO - [2025-01-28T06:25:21.530+0000] {dag.py:3239} INFO - Sync 1 DAGs
[2025-01-28T06:25:21.549+0000] {logging_mixin.py:190} INFO - [2025-01-28T06:25:21.549+0000] {dag.py:4180} INFO - Setting next_dagrun for example_weekday_branch_operator to 2025-01-27 00:00:00+00:00, run_after=2025-01-28 00:00:00+00:00
[2025-01-28T06:25:21.575+0000] {processor.py:208} INFO - Processing /home/ubuntu/.local/lib/python3.12/site-packages/airflow/example_dags/example_branch_day_of_week_operator.py took 0.079 seconds
[2025-01-28T06:26:43.850+0000] {processor.py:186} INFO - Started process (PID=5181) to work on /home/ubuntu/.local/lib/python3.12/site-packages/airflow/example_dags/example_branch_day_of_week_operator.py
[2025-01-28T06:26:43.851+0000] {processor.py:914} INFO - Processing file /home/ubuntu/.local/lib/python3.12/site-packages/airflow/example_dags/example_branch_day_of_week_operator.py for tasks to queue
[2025-01-28T06:26:43.854+0000] {logging_mixin.py:190} INFO - [2025-01-28T06:26:43.853+0000] {dagbag.py:588} INFO - Filling up the DagBag from /home/ubuntu/.local/lib/python3.12/site-packages/airflow/example_dags/example_branch_day_of_week_operator.py
[2025-01-28T06:26:43.864+0000] {processor.py:925} INFO - DAG(s) 'example_weekday_branch_operator' retrieved from /home/ubuntu/.local/lib/python3.12/site-packages/airflow/example_dags/example_branch_day_of_week_operator.py
[2025-01-28T06:26:43.879+0000] {logging_mixin.py:190} INFO - [2025-01-28T06:26:43.879+0000] {dag.py:3239} INFO - Sync 1 DAGs
[2025-01-28T06:26:43.898+0000] {logging_mixin.py:190} INFO - [2025-01-28T06:26:43.898+0000] {dag.py:4180} INFO - Setting next_dagrun for example_weekday_branch_operator to 2025-01-27 00:00:00+00:00, run_after=2025-01-28 00:00:00+00:00
[2025-01-28T06:26:43.919+0000] {processor.py:208} INFO - Processing /home/ubuntu/.local/lib/python3.12/site-packages/airflow/example_dags/example_branch_day_of_week_operator.py took 0.075 seconds
[2025-01-28T06:28:02.087+0000] {processor.py:186} INFO - Started process (PID=5265) to work on /home/ubuntu/.local/lib/python3.12/site-packages/airflow/example_dags/example_branch_day_of_week_operator.py
[2025-01-28T06:28:02.088+0000] {processor.py:914} INFO - Processing file /home/ubuntu/.local/lib/python3.12/site-packages/airflow/example_dags/example_branch_day_of_week_operator.py for tasks to queue
[2025-01-28T06:28:02.091+0000] {logging_mixin.py:190} INFO - [2025-01-28T06:28:02.090+0000] {dagbag.py:588} INFO - Filling up the DagBag from /home/ubuntu/.local/lib/python3.12/site-packages/airflow/example_dags/example_branch_day_of_week_operator.py
[2025-01-28T06:28:02.101+0000] {processor.py:925} INFO - DAG(s) 'example_weekday_branch_operator' retrieved from /home/ubuntu/.local/lib/python3.12/site-packages/airflow/example_dags/example_branch_day_of_week_operator.py
[2025-01-28T06:28:02.116+0000] {logging_mixin.py:190} INFO - [2025-01-28T06:28:02.116+0000] {dag.py:3239} INFO - Sync 1 DAGs
[2025-01-28T06:28:02.135+0000] {logging_mixin.py:190} INFO - [2025-01-28T06:28:02.135+0000] {dag.py:4180} INFO - Setting next_dagrun for example_weekday_branch_operator to 2025-01-27 00:00:00+00:00, run_after=2025-01-28 00:00:00+00:00
[2025-01-28T06:28:02.156+0000] {processor.py:208} INFO - Processing /home/ubuntu/.local/lib/python3.12/site-packages/airflow/example_dags/example_branch_day_of_week_operator.py took 0.075 seconds
[2025-01-28T06:29:22.566+0000] {processor.py:186} INFO - Started process (PID=5565) to work on /home/ubuntu/.local/lib/python3.12/site-packages/airflow/example_dags/example_branch_day_of_week_operator.py
[2025-01-28T06:29:22.568+0000] {processor.py:914} INFO - Processing file /home/ubuntu/.local/lib/python3.12/site-packages/airflow/example_dags/example_branch_day_of_week_operator.py for tasks to queue
[2025-01-28T06:29:22.570+0000] {logging_mixin.py:190} INFO - [2025-01-28T06:29:22.570+0000] {dagbag.py:588} INFO - Filling up the DagBag from /home/ubuntu/.local/lib/python3.12/site-packages/airflow/example_dags/example_branch_day_of_week_operator.py
[2025-01-28T06:29:22.579+0000] {processor.py:925} INFO - DAG(s) 'example_weekday_branch_operator' retrieved from /home/ubuntu/.local/lib/python3.12/site-packages/airflow/example_dags/example_branch_day_of_week_operator.py
[2025-01-28T06:29:22.595+0000] {logging_mixin.py:190} INFO - [2025-01-28T06:29:22.595+0000] {dag.py:3239} INFO - Sync 1 DAGs
[2025-01-28T06:29:22.613+0000] {logging_mixin.py:190} INFO - [2025-01-28T06:29:22.613+0000] {dag.py:4180} INFO - Setting next_dagrun for example_weekday_branch_operator to 2025-01-27 00:00:00+00:00, run_after=2025-01-28 00:00:00+00:00
[2025-01-28T06:29:22.637+0000] {processor.py:208} INFO - Processing /home/ubuntu/.local/lib/python3.12/site-packages/airflow/example_dags/example_branch_day_of_week_operator.py took 0.076 seconds
[2025-01-28T06:30:19.452+0000] {processor.py:186} INFO - Started process (PID=5627) to work on /home/ubuntu/.local/lib/python3.12/site-packages/airflow/example_dags/example_branch_day_of_week_operator.py
[2025-01-28T06:30:19.454+0000] {processor.py:914} INFO - Processing file /home/ubuntu/.local/lib/python3.12/site-packages/airflow/example_dags/example_branch_day_of_week_operator.py for tasks to queue
[2025-01-28T06:30:19.456+0000] {logging_mixin.py:190} INFO - [2025-01-28T06:30:19.456+0000] {dagbag.py:588} INFO - Filling up the DagBag from /home/ubuntu/.local/lib/python3.12/site-packages/airflow/example_dags/example_branch_day_of_week_operator.py
[2025-01-28T06:30:19.466+0000] {processor.py:925} INFO - DAG(s) 'example_weekday_branch_operator' retrieved from /home/ubuntu/.local/lib/python3.12/site-packages/airflow/example_dags/example_branch_day_of_week_operator.py
[2025-01-28T06:30:19.481+0000] {logging_mixin.py:190} INFO - [2025-01-28T06:30:19.481+0000] {dag.py:3239} INFO - Sync 1 DAGs
[2025-01-28T06:30:19.500+0000] {logging_mixin.py:190} INFO - [2025-01-28T06:30:19.500+0000] {dag.py:4180} INFO - Setting next_dagrun for example_weekday_branch_operator to 2025-01-27 00:00:00+00:00, run_after=2025-01-28 00:00:00+00:00
[2025-01-28T06:30:19.524+0000] {processor.py:208} INFO - Processing /home/ubuntu/.local/lib/python3.12/site-packages/airflow/example_dags/example_branch_day_of_week_operator.py took 0.080 seconds
[2025-01-28T06:32:07.669+0000] {processor.py:186} INFO - Started process (PID=5788) to work on /home/ubuntu/.local/lib/python3.12/site-packages/airflow/example_dags/example_branch_day_of_week_operator.py
[2025-01-28T06:32:07.672+0000] {processor.py:914} INFO - Processing file /home/ubuntu/.local/lib/python3.12/site-packages/airflow/example_dags/example_branch_day_of_week_operator.py for tasks to queue
[2025-01-28T06:32:07.674+0000] {logging_mixin.py:190} INFO - [2025-01-28T06:32:07.674+0000] {dagbag.py:588} INFO - Filling up the DagBag from /home/ubuntu/.local/lib/python3.12/site-packages/airflow/example_dags/example_branch_day_of_week_operator.py
[2025-01-28T06:32:07.683+0000] {processor.py:925} INFO - DAG(s) 'example_weekday_branch_operator' retrieved from /home/ubuntu/.local/lib/python3.12/site-packages/airflow/example_dags/example_branch_day_of_week_operator.py
[2025-01-28T06:32:07.700+0000] {logging_mixin.py:190} INFO - [2025-01-28T06:32:07.699+0000] {dag.py:3239} INFO - Sync 1 DAGs
[2025-01-28T06:32:07.718+0000] {logging_mixin.py:190} INFO - [2025-01-28T06:32:07.717+0000] {dag.py:4180} INFO - Setting next_dagrun for example_weekday_branch_operator to 2025-01-27 00:00:00+00:00, run_after=2025-01-28 00:00:00+00:00
[2025-01-28T06:32:07.741+0000] {processor.py:208} INFO - Processing /home/ubuntu/.local/lib/python3.12/site-packages/airflow/example_dags/example_branch_day_of_week_operator.py took 0.077 seconds
[2025-01-28T06:33:34.762+0000] {processor.py:186} INFO - Started process (PID=5880) to work on /home/ubuntu/.local/lib/python3.12/site-packages/airflow/example_dags/example_branch_day_of_week_operator.py
[2025-01-28T06:33:34.764+0000] {processor.py:914} INFO - Processing file /home/ubuntu/.local/lib/python3.12/site-packages/airflow/example_dags/example_branch_day_of_week_operator.py for tasks to queue
[2025-01-28T06:33:34.766+0000] {logging_mixin.py:190} INFO - [2025-01-28T06:33:34.766+0000] {dagbag.py:588} INFO - Filling up the DagBag from /home/ubuntu/.local/lib/python3.12/site-packages/airflow/example_dags/example_branch_day_of_week_operator.py
[2025-01-28T06:33:34.776+0000] {processor.py:925} INFO - DAG(s) 'example_weekday_branch_operator' retrieved from /home/ubuntu/.local/lib/python3.12/site-packages/airflow/example_dags/example_branch_day_of_week_operator.py
[2025-01-28T06:33:34.792+0000] {logging_mixin.py:190} INFO - [2025-01-28T06:33:34.792+0000] {dag.py:3239} INFO - Sync 1 DAGs
[2025-01-28T06:33:34.810+0000] {logging_mixin.py:190} INFO - [2025-01-28T06:33:34.810+0000] {dag.py:4180} INFO - Setting next_dagrun for example_weekday_branch_operator to 2025-01-27 00:00:00+00:00, run_after=2025-01-28 00:00:00+00:00
[2025-01-28T06:33:34.834+0000] {processor.py:208} INFO - Processing /home/ubuntu/.local/lib/python3.12/site-packages/airflow/example_dags/example_branch_day_of_week_operator.py took 0.077 seconds
[2025-01-28T06:34:31.978+0000] {processor.py:186} INFO - Started process (PID=5939) to work on /home/ubuntu/.local/lib/python3.12/site-packages/airflow/example_dags/example_branch_day_of_week_operator.py
[2025-01-28T06:34:31.980+0000] {processor.py:914} INFO - Processing file /home/ubuntu/.local/lib/python3.12/site-packages/airflow/example_dags/example_branch_day_of_week_operator.py for tasks to queue
[2025-01-28T06:34:31.982+0000] {logging_mixin.py:190} INFO - [2025-01-28T06:34:31.982+0000] {dagbag.py:588} INFO - Filling up the DagBag from /home/ubuntu/.local/lib/python3.12/site-packages/airflow/example_dags/example_branch_day_of_week_operator.py
[2025-01-28T06:34:31.992+0000] {processor.py:925} INFO - DAG(s) 'example_weekday_branch_operator' retrieved from /home/ubuntu/.local/lib/python3.12/site-packages/airflow/example_dags/example_branch_day_of_week_operator.py
[2025-01-28T06:34:32.007+0000] {logging_mixin.py:190} INFO - [2025-01-28T06:34:32.006+0000] {dag.py:3239} INFO - Sync 1 DAGs
[2025-01-28T06:34:32.027+0000] {logging_mixin.py:190} INFO - [2025-01-28T06:34:32.027+0000] {dag.py:4180} INFO - Setting next_dagrun for example_weekday_branch_operator to 2025-01-27 00:00:00+00:00, run_after=2025-01-28 00:00:00+00:00
[2025-01-28T06:34:32.049+0000] {processor.py:208} INFO - Processing /home/ubuntu/.local/lib/python3.12/site-packages/airflow/example_dags/example_branch_day_of_week_operator.py took 0.076 seconds
[2025-01-28T06:35:54.312+0000] {processor.py:186} INFO - Started process (PID=6027) to work on /home/ubuntu/.local/lib/python3.12/site-packages/airflow/example_dags/example_branch_day_of_week_operator.py
[2025-01-28T06:35:54.314+0000] {processor.py:914} INFO - Processing file /home/ubuntu/.local/lib/python3.12/site-packages/airflow/example_dags/example_branch_day_of_week_operator.py for tasks to queue
[2025-01-28T06:35:54.316+0000] {logging_mixin.py:190} INFO - [2025-01-28T06:35:54.316+0000] {dagbag.py:588} INFO - Filling up the DagBag from /home/ubuntu/.local/lib/python3.12/site-packages/airflow/example_dags/example_branch_day_of_week_operator.py
[2025-01-28T06:35:54.327+0000] {processor.py:925} INFO - DAG(s) 'example_weekday_branch_operator' retrieved from /home/ubuntu/.local/lib/python3.12/site-packages/airflow/example_dags/example_branch_day_of_week_operator.py
[2025-01-28T06:35:54.342+0000] {logging_mixin.py:190} INFO - [2025-01-28T06:35:54.342+0000] {dag.py:3239} INFO - Sync 1 DAGs
[2025-01-28T06:35:54.361+0000] {logging_mixin.py:190} INFO - [2025-01-28T06:35:54.361+0000] {dag.py:4180} INFO - Setting next_dagrun for example_weekday_branch_operator to 2025-01-27 00:00:00+00:00, run_after=2025-01-28 00:00:00+00:00
[2025-01-28T06:35:54.385+0000] {processor.py:208} INFO - Processing /home/ubuntu/.local/lib/python3.12/site-packages/airflow/example_dags/example_branch_day_of_week_operator.py took 0.078 seconds
[2025-01-28T06:37:11.487+0000] {processor.py:186} INFO - Started process (PID=6107) to work on /home/ubuntu/.local/lib/python3.12/site-packages/airflow/example_dags/example_branch_day_of_week_operator.py
[2025-01-28T06:37:11.488+0000] {processor.py:914} INFO - Processing file /home/ubuntu/.local/lib/python3.12/site-packages/airflow/example_dags/example_branch_day_of_week_operator.py for tasks to queue
[2025-01-28T06:37:11.490+0000] {logging_mixin.py:190} INFO - [2025-01-28T06:37:11.490+0000] {dagbag.py:588} INFO - Filling up the DagBag from /home/ubuntu/.local/lib/python3.12/site-packages/airflow/example_dags/example_branch_day_of_week_operator.py
[2025-01-28T06:37:11.500+0000] {processor.py:925} INFO - DAG(s) 'example_weekday_branch_operator' retrieved from /home/ubuntu/.local/lib/python3.12/site-packages/airflow/example_dags/example_branch_day_of_week_operator.py
[2025-01-28T06:37:11.515+0000] {logging_mixin.py:190} INFO - [2025-01-28T06:37:11.515+0000] {dag.py:3239} INFO - Sync 1 DAGs
[2025-01-28T06:37:11.534+0000] {logging_mixin.py:190} INFO - [2025-01-28T06:37:11.534+0000] {dag.py:4180} INFO - Setting next_dagrun for example_weekday_branch_operator to 2025-01-27 00:00:00+00:00, run_after=2025-01-28 00:00:00+00:00
[2025-01-28T06:37:11.558+0000] {processor.py:208} INFO - Processing /home/ubuntu/.local/lib/python3.12/site-packages/airflow/example_dags/example_branch_day_of_week_operator.py took 0.076 seconds
[2025-01-28T06:38:32.579+0000] {processor.py:186} INFO - Started process (PID=6191) to work on /home/ubuntu/.local/lib/python3.12/site-packages/airflow/example_dags/example_branch_day_of_week_operator.py
[2025-01-28T06:38:32.583+0000] {processor.py:914} INFO - Processing file /home/ubuntu/.local/lib/python3.12/site-packages/airflow/example_dags/example_branch_day_of_week_operator.py for tasks to queue
[2025-01-28T06:38:32.584+0000] {logging_mixin.py:190} INFO - [2025-01-28T06:38:32.584+0000] {dagbag.py:588} INFO - Filling up the DagBag from /home/ubuntu/.local/lib/python3.12/site-packages/airflow/example_dags/example_branch_day_of_week_operator.py
[2025-01-28T06:38:32.604+0000] {processor.py:925} INFO - DAG(s) 'example_weekday_branch_operator' retrieved from /home/ubuntu/.local/lib/python3.12/site-packages/airflow/example_dags/example_branch_day_of_week_operator.py
[2025-01-28T06:38:32.621+0000] {logging_mixin.py:190} INFO - [2025-01-28T06:38:32.621+0000] {dag.py:3239} INFO - Sync 1 DAGs
[2025-01-28T06:38:32.639+0000] {logging_mixin.py:190} INFO - [2025-01-28T06:38:32.639+0000] {dag.py:4180} INFO - Setting next_dagrun for example_weekday_branch_operator to 2025-01-27 00:00:00+00:00, run_after=2025-01-28 00:00:00+00:00
[2025-01-28T06:38:32.662+0000] {processor.py:208} INFO - Processing /home/ubuntu/.local/lib/python3.12/site-packages/airflow/example_dags/example_branch_day_of_week_operator.py took 0.092 seconds
[2025-01-28T06:39:58.607+0000] {processor.py:186} INFO - Started process (PID=6278) to work on /home/ubuntu/.local/lib/python3.12/site-packages/airflow/example_dags/example_branch_day_of_week_operator.py
[2025-01-28T06:39:58.608+0000] {processor.py:914} INFO - Processing file /home/ubuntu/.local/lib/python3.12/site-packages/airflow/example_dags/example_branch_day_of_week_operator.py for tasks to queue
[2025-01-28T06:39:58.611+0000] {logging_mixin.py:190} INFO - [2025-01-28T06:39:58.611+0000] {dagbag.py:588} INFO - Filling up the DagBag from /home/ubuntu/.local/lib/python3.12/site-packages/airflow/example_dags/example_branch_day_of_week_operator.py
[2025-01-28T06:39:58.621+0000] {processor.py:925} INFO - DAG(s) 'example_weekday_branch_operator' retrieved from /home/ubuntu/.local/lib/python3.12/site-packages/airflow/example_dags/example_branch_day_of_week_operator.py
[2025-01-28T06:39:58.636+0000] {logging_mixin.py:190} INFO - [2025-01-28T06:39:58.636+0000] {dag.py:3239} INFO - Sync 1 DAGs
[2025-01-28T06:39:58.655+0000] {logging_mixin.py:190} INFO - [2025-01-28T06:39:58.654+0000] {dag.py:4180} INFO - Setting next_dagrun for example_weekday_branch_operator to 2025-01-27 00:00:00+00:00, run_after=2025-01-28 00:00:00+00:00
[2025-01-28T06:39:58.681+0000] {processor.py:208} INFO - Processing /home/ubuntu/.local/lib/python3.12/site-packages/airflow/example_dags/example_branch_day_of_week_operator.py took 0.079 seconds
[2025-01-28T06:41:24.452+0000] {processor.py:186} INFO - Started process (PID=6486) to work on /home/ubuntu/.local/lib/python3.12/site-packages/airflow/example_dags/example_branch_day_of_week_operator.py
[2025-01-28T06:41:24.453+0000] {processor.py:914} INFO - Processing file /home/ubuntu/.local/lib/python3.12/site-packages/airflow/example_dags/example_branch_day_of_week_operator.py for tasks to queue
[2025-01-28T06:41:24.455+0000] {logging_mixin.py:190} INFO - [2025-01-28T06:41:24.455+0000] {dagbag.py:588} INFO - Filling up the DagBag from /home/ubuntu/.local/lib/python3.12/site-packages/airflow/example_dags/example_branch_day_of_week_operator.py
[2025-01-28T06:41:24.466+0000] {processor.py:925} INFO - DAG(s) 'example_weekday_branch_operator' retrieved from /home/ubuntu/.local/lib/python3.12/site-packages/airflow/example_dags/example_branch_day_of_week_operator.py
[2025-01-28T06:41:24.481+0000] {logging_mixin.py:190} INFO - [2025-01-28T06:41:24.481+0000] {dag.py:3239} INFO - Sync 1 DAGs
[2025-01-28T06:41:24.499+0000] {logging_mixin.py:190} INFO - [2025-01-28T06:41:24.499+0000] {dag.py:4180} INFO - Setting next_dagrun for example_weekday_branch_operator to 2025-01-27 00:00:00+00:00, run_after=2025-01-28 00:00:00+00:00
[2025-01-28T06:41:24.525+0000] {processor.py:208} INFO - Processing /home/ubuntu/.local/lib/python3.12/site-packages/airflow/example_dags/example_branch_day_of_week_operator.py took 0.079 seconds
[2025-01-28T06:42:26.855+0000] {processor.py:186} INFO - Started process (PID=6563) to work on /home/ubuntu/.local/lib/python3.12/site-packages/airflow/example_dags/example_branch_day_of_week_operator.py
[2025-01-28T06:42:26.857+0000] {processor.py:914} INFO - Processing file /home/ubuntu/.local/lib/python3.12/site-packages/airflow/example_dags/example_branch_day_of_week_operator.py for tasks to queue
[2025-01-28T06:42:26.859+0000] {logging_mixin.py:190} INFO - [2025-01-28T06:42:26.859+0000] {dagbag.py:588} INFO - Filling up the DagBag from /home/ubuntu/.local/lib/python3.12/site-packages/airflow/example_dags/example_branch_day_of_week_operator.py
[2025-01-28T06:42:26.869+0000] {processor.py:925} INFO - DAG(s) 'example_weekday_branch_operator' retrieved from /home/ubuntu/.local/lib/python3.12/site-packages/airflow/example_dags/example_branch_day_of_week_operator.py
[2025-01-28T06:42:26.884+0000] {logging_mixin.py:190} INFO - [2025-01-28T06:42:26.884+0000] {dag.py:3239} INFO - Sync 1 DAGs
[2025-01-28T06:42:26.903+0000] {logging_mixin.py:190} INFO - [2025-01-28T06:42:26.902+0000] {dag.py:4180} INFO - Setting next_dagrun for example_weekday_branch_operator to 2025-01-27 00:00:00+00:00, run_after=2025-01-28 00:00:00+00:00
[2025-01-28T06:42:26.925+0000] {processor.py:208} INFO - Processing /home/ubuntu/.local/lib/python3.12/site-packages/airflow/example_dags/example_branch_day_of_week_operator.py took 0.075 seconds
[2025-01-28T06:43:55.511+0000] {processor.py:186} INFO - Started process (PID=6649) to work on /home/ubuntu/.local/lib/python3.12/site-packages/airflow/example_dags/example_branch_day_of_week_operator.py
[2025-01-28T06:43:55.513+0000] {processor.py:914} INFO - Processing file /home/ubuntu/.local/lib/python3.12/site-packages/airflow/example_dags/example_branch_day_of_week_operator.py for tasks to queue
[2025-01-28T06:43:55.515+0000] {logging_mixin.py:190} INFO - [2025-01-28T06:43:55.515+0000] {dagbag.py:588} INFO - Filling up the DagBag from /home/ubuntu/.local/lib/python3.12/site-packages/airflow/example_dags/example_branch_day_of_week_operator.py
[2025-01-28T06:43:55.525+0000] {processor.py:925} INFO - DAG(s) 'example_weekday_branch_operator' retrieved from /home/ubuntu/.local/lib/python3.12/site-packages/airflow/example_dags/example_branch_day_of_week_operator.py
[2025-01-28T06:43:55.540+0000] {logging_mixin.py:190} INFO - [2025-01-28T06:43:55.539+0000] {dag.py:3239} INFO - Sync 1 DAGs
[2025-01-28T06:43:55.557+0000] {logging_mixin.py:190} INFO - [2025-01-28T06:43:55.557+0000] {dag.py:4180} INFO - Setting next_dagrun for example_weekday_branch_operator to 2025-01-27 00:00:00+00:00, run_after=2025-01-28 00:00:00+00:00
[2025-01-28T06:43:55.581+0000] {processor.py:208} INFO - Processing /home/ubuntu/.local/lib/python3.12/site-packages/airflow/example_dags/example_branch_day_of_week_operator.py took 0.075 seconds
[2025-01-28T06:45:03.793+0000] {processor.py:186} INFO - Started process (PID=6716) to work on /home/ubuntu/.local/lib/python3.12/site-packages/airflow/example_dags/example_branch_day_of_week_operator.py
[2025-01-28T06:45:03.795+0000] {processor.py:914} INFO - Processing file /home/ubuntu/.local/lib/python3.12/site-packages/airflow/example_dags/example_branch_day_of_week_operator.py for tasks to queue
[2025-01-28T06:45:03.797+0000] {logging_mixin.py:190} INFO - [2025-01-28T06:45:03.796+0000] {dagbag.py:588} INFO - Filling up the DagBag from /home/ubuntu/.local/lib/python3.12/site-packages/airflow/example_dags/example_branch_day_of_week_operator.py
[2025-01-28T06:45:03.967+0000] {processor.py:925} INFO - DAG(s) 'example_weekday_branch_operator' retrieved from /home/ubuntu/.local/lib/python3.12/site-packages/airflow/example_dags/example_branch_day_of_week_operator.py
[2025-01-28T06:45:03.980+0000] {logging_mixin.py:190} INFO - [2025-01-28T06:45:03.980+0000] {dag.py:3239} INFO - Sync 1 DAGs
[2025-01-28T06:45:03.996+0000] {logging_mixin.py:190} INFO - [2025-01-28T06:45:03.996+0000] {dag.py:4180} INFO - Setting next_dagrun for example_weekday_branch_operator to 2025-01-27 00:00:00+00:00, run_after=2025-01-28 00:00:00+00:00
[2025-01-28T06:45:04.018+0000] {processor.py:208} INFO - Processing /home/ubuntu/.local/lib/python3.12/site-packages/airflow/example_dags/example_branch_day_of_week_operator.py took 0.230 seconds
[2025-01-28T06:45:59.918+0000] {processor.py:186} INFO - Started process (PID=6895) to work on /home/ubuntu/.local/lib/python3.12/site-packages/airflow/example_dags/example_branch_day_of_week_operator.py
[2025-01-28T06:45:59.919+0000] {processor.py:914} INFO - Processing file /home/ubuntu/.local/lib/python3.12/site-packages/airflow/example_dags/example_branch_day_of_week_operator.py for tasks to queue
[2025-01-28T06:45:59.922+0000] {logging_mixin.py:190} INFO - [2025-01-28T06:45:59.921+0000] {dagbag.py:588} INFO - Filling up the DagBag from /home/ubuntu/.local/lib/python3.12/site-packages/airflow/example_dags/example_branch_day_of_week_operator.py
[2025-01-28T06:45:59.934+0000] {processor.py:925} INFO - DAG(s) 'example_weekday_branch_operator' retrieved from /home/ubuntu/.local/lib/python3.12/site-packages/airflow/example_dags/example_branch_day_of_week_operator.py
[2025-01-28T06:45:59.954+0000] {logging_mixin.py:190} INFO - [2025-01-28T06:45:59.953+0000] {dag.py:3239} INFO - Sync 1 DAGs
[2025-01-28T06:45:59.978+0000] {logging_mixin.py:190} INFO - [2025-01-28T06:45:59.978+0000] {dag.py:4180} INFO - Setting next_dagrun for example_weekday_branch_operator to 2025-01-27 00:00:00+00:00, run_after=2025-01-28 00:00:00+00:00
[2025-01-28T06:46:00.013+0000] {processor.py:208} INFO - Processing /home/ubuntu/.local/lib/python3.12/site-packages/airflow/example_dags/example_branch_day_of_week_operator.py took 0.102 seconds
