[2025-01-28T03:40:23.220+0000] {processor.py:186} INFO - Started process (PID=9678) to work on /home/ubuntu/airflow-venv/lib/python3.12/site-packages/airflow/example_dags/example_branch_labels.py
[2025-01-28T03:40:23.220+0000] {processor.py:914} INFO - Processing file /home/ubuntu/airflow-venv/lib/python3.12/site-packages/airflow/example_dags/example_branch_labels.py for tasks to queue
[2025-01-28T03:40:23.222+0000] {logging_mixin.py:190} INFO - [2025-01-28T03:40:23.221+0000] {dagbag.py:588} INFO - Filling up the DagBag from /home/ubuntu/airflow-venv/lib/python3.12/site-packages/airflow/example_dags/example_branch_labels.py
[2025-01-28T03:40:23.232+0000] {processor.py:925} INFO - DAG(s) 'example_branch_labels' retrieved from /home/ubuntu/airflow-venv/lib/python3.12/site-packages/airflow/example_dags/example_branch_labels.py
[2025-01-28T03:40:23.334+0000] {logging_mixin.py:190} INFO - [2025-01-28T03:40:23.333+0000] {override.py:1912} INFO - Created Permission View: can read on DAG:example_branch_labels
[2025-01-28T03:40:23.350+0000] {logging_mixin.py:190} INFO - [2025-01-28T03:40:23.350+0000] {override.py:1912} INFO - Created Permission View: can delete on DAG:example_branch_labels
[2025-01-28T03:40:23.361+0000] {logging_mixin.py:190} INFO - [2025-01-28T03:40:23.361+0000] {override.py:1912} INFO - Created Permission View: can edit on DAG:example_branch_labels
[2025-01-28T03:40:23.378+0000] {logging_mixin.py:190} INFO - [2025-01-28T03:40:23.378+0000] {override.py:1912} INFO - Created Permission View: menu access on DAG Run:example_branch_labels
[2025-01-28T03:40:23.390+0000] {logging_mixin.py:190} INFO - [2025-01-28T03:40:23.389+0000] {override.py:1912} INFO - Created Permission View: can read on DAG Run:example_branch_labels
[2025-01-28T03:40:23.400+0000] {logging_mixin.py:190} INFO - [2025-01-28T03:40:23.400+0000] {override.py:1912} INFO - Created Permission View: can delete on DAG Run:example_branch_labels
[2025-01-28T03:40:23.410+0000] {logging_mixin.py:190} INFO - [2025-01-28T03:40:23.410+0000] {override.py:1912} INFO - Created Permission View: can create on DAG Run:example_branch_labels
[2025-01-28T03:40:23.410+0000] {logging_mixin.py:190} INFO - [2025-01-28T03:40:23.410+0000] {dag.py:3239} INFO - Sync 1 DAGs
[2025-01-28T03:40:23.421+0000] {logging_mixin.py:190} INFO - [2025-01-28T03:40:23.421+0000] {dag.py:3262} INFO - Creating ORM DAG for example_branch_labels
[2025-01-28T03:40:23.429+0000] {logging_mixin.py:190} INFO - [2025-01-28T03:40:23.429+0000] {dag.py:4180} INFO - Setting next_dagrun for example_branch_labels to 2025-01-27 00:00:00+00:00, run_after=2025-01-28 00:00:00+00:00
[2025-01-28T03:40:23.450+0000] {processor.py:208} INFO - Processing /home/ubuntu/airflow-venv/lib/python3.12/site-packages/airflow/example_dags/example_branch_labels.py took 0.235 seconds
[2025-01-28T03:41:21.150+0000] {processor.py:186} INFO - Started process (PID=9737) to work on /home/ubuntu/airflow-venv/lib/python3.12/site-packages/airflow/example_dags/example_branch_labels.py
[2025-01-28T03:41:21.151+0000] {processor.py:914} INFO - Processing file /home/ubuntu/airflow-venv/lib/python3.12/site-packages/airflow/example_dags/example_branch_labels.py for tasks to queue
[2025-01-28T03:41:21.153+0000] {logging_mixin.py:190} INFO - [2025-01-28T03:41:21.152+0000] {dagbag.py:588} INFO - Filling up the DagBag from /home/ubuntu/airflow-venv/lib/python3.12/site-packages/airflow/example_dags/example_branch_labels.py
[2025-01-28T03:41:21.163+0000] {processor.py:925} INFO - DAG(s) 'example_branch_labels' retrieved from /home/ubuntu/airflow-venv/lib/python3.12/site-packages/airflow/example_dags/example_branch_labels.py
[2025-01-28T03:41:21.177+0000] {logging_mixin.py:190} INFO - [2025-01-28T03:41:21.177+0000] {dag.py:3239} INFO - Sync 1 DAGs
[2025-01-28T03:41:21.197+0000] {logging_mixin.py:190} INFO - [2025-01-28T03:41:21.197+0000] {dag.py:4180} INFO - Setting next_dagrun for example_branch_labels to 2025-01-27 00:00:00+00:00, run_after=2025-01-28 00:00:00+00:00
[2025-01-28T03:41:21.218+0000] {processor.py:208} INFO - Processing /home/ubuntu/airflow-venv/lib/python3.12/site-packages/airflow/example_dags/example_branch_labels.py took 0.073 seconds
[2025-01-28T03:43:58.229+0000] {processor.py:186} INFO - Started process (PID=9837) to work on /home/ubuntu/airflow-venv/lib/python3.12/site-packages/airflow/example_dags/example_branch_labels.py
[2025-01-28T03:43:58.230+0000] {processor.py:914} INFO - Processing file /home/ubuntu/airflow-venv/lib/python3.12/site-packages/airflow/example_dags/example_branch_labels.py for tasks to queue
[2025-01-28T03:43:58.233+0000] {logging_mixin.py:190} INFO - [2025-01-28T03:43:58.232+0000] {dagbag.py:588} INFO - Filling up the DagBag from /home/ubuntu/airflow-venv/lib/python3.12/site-packages/airflow/example_dags/example_branch_labels.py
[2025-01-28T03:43:58.243+0000] {processor.py:925} INFO - DAG(s) 'example_branch_labels' retrieved from /home/ubuntu/airflow-venv/lib/python3.12/site-packages/airflow/example_dags/example_branch_labels.py
[2025-01-28T03:43:58.258+0000] {logging_mixin.py:190} INFO - [2025-01-28T03:43:58.258+0000] {dag.py:3239} INFO - Sync 1 DAGs
[2025-01-28T03:43:58.277+0000] {logging_mixin.py:190} INFO - [2025-01-28T03:43:58.277+0000] {dag.py:4180} INFO - Setting next_dagrun for example_branch_labels to 2025-01-27 00:00:00+00:00, run_after=2025-01-28 00:00:00+00:00
[2025-01-28T03:43:58.299+0000] {processor.py:208} INFO - Processing /home/ubuntu/airflow-venv/lib/python3.12/site-packages/airflow/example_dags/example_branch_labels.py took 0.075 seconds
[2025-01-28T03:45:15.125+0000] {processor.py:186} INFO - Started process (PID=9922) to work on /home/ubuntu/airflow-venv/lib/python3.12/site-packages/airflow/example_dags/example_branch_labels.py
[2025-01-28T03:45:15.127+0000] {processor.py:914} INFO - Processing file /home/ubuntu/airflow-venv/lib/python3.12/site-packages/airflow/example_dags/example_branch_labels.py for tasks to queue
[2025-01-28T03:45:15.128+0000] {logging_mixin.py:190} INFO - [2025-01-28T03:45:15.128+0000] {dagbag.py:588} INFO - Filling up the DagBag from /home/ubuntu/airflow-venv/lib/python3.12/site-packages/airflow/example_dags/example_branch_labels.py
[2025-01-28T03:45:15.138+0000] {processor.py:925} INFO - DAG(s) 'example_branch_labels' retrieved from /home/ubuntu/airflow-venv/lib/python3.12/site-packages/airflow/example_dags/example_branch_labels.py
[2025-01-28T03:45:15.153+0000] {logging_mixin.py:190} INFO - [2025-01-28T03:45:15.153+0000] {dag.py:3239} INFO - Sync 1 DAGs
[2025-01-28T03:45:15.172+0000] {logging_mixin.py:190} INFO - [2025-01-28T03:45:15.172+0000] {dag.py:4180} INFO - Setting next_dagrun for example_branch_labels to 2025-01-27 00:00:00+00:00, run_after=2025-01-28 00:00:00+00:00
[2025-01-28T03:45:15.193+0000] {processor.py:208} INFO - Processing /home/ubuntu/airflow-venv/lib/python3.12/site-packages/airflow/example_dags/example_branch_labels.py took 0.077 seconds
[2025-01-28T03:46:34.804+0000] {processor.py:186} INFO - Started process (PID=10002) to work on /home/ubuntu/airflow-venv/lib/python3.12/site-packages/airflow/example_dags/example_branch_labels.py
[2025-01-28T03:46:34.806+0000] {processor.py:914} INFO - Processing file /home/ubuntu/airflow-venv/lib/python3.12/site-packages/airflow/example_dags/example_branch_labels.py for tasks to queue
[2025-01-28T03:46:34.807+0000] {logging_mixin.py:190} INFO - [2025-01-28T03:46:34.807+0000] {dagbag.py:588} INFO - Filling up the DagBag from /home/ubuntu/airflow-venv/lib/python3.12/site-packages/airflow/example_dags/example_branch_labels.py
[2025-01-28T03:46:34.818+0000] {processor.py:925} INFO - DAG(s) 'example_branch_labels' retrieved from /home/ubuntu/airflow-venv/lib/python3.12/site-packages/airflow/example_dags/example_branch_labels.py
[2025-01-28T03:46:34.834+0000] {logging_mixin.py:190} INFO - [2025-01-28T03:46:34.834+0000] {dag.py:3239} INFO - Sync 1 DAGs
[2025-01-28T03:46:34.853+0000] {logging_mixin.py:190} INFO - [2025-01-28T03:46:34.853+0000] {dag.py:4180} INFO - Setting next_dagrun for example_branch_labels to 2025-01-27 00:00:00+00:00, run_after=2025-01-28 00:00:00+00:00
[2025-01-28T03:46:34.875+0000] {processor.py:208} INFO - Processing /home/ubuntu/airflow-venv/lib/python3.12/site-packages/airflow/example_dags/example_branch_labels.py took 0.076 seconds
[2025-01-28T03:47:51.905+0000] {processor.py:186} INFO - Started process (PID=10082) to work on /home/ubuntu/airflow-venv/lib/python3.12/site-packages/airflow/example_dags/example_branch_labels.py
[2025-01-28T03:47:51.907+0000] {processor.py:914} INFO - Processing file /home/ubuntu/airflow-venv/lib/python3.12/site-packages/airflow/example_dags/example_branch_labels.py for tasks to queue
[2025-01-28T03:47:51.909+0000] {logging_mixin.py:190} INFO - [2025-01-28T03:47:51.908+0000] {dagbag.py:588} INFO - Filling up the DagBag from /home/ubuntu/airflow-venv/lib/python3.12/site-packages/airflow/example_dags/example_branch_labels.py
[2025-01-28T03:47:51.918+0000] {processor.py:925} INFO - DAG(s) 'example_branch_labels' retrieved from /home/ubuntu/airflow-venv/lib/python3.12/site-packages/airflow/example_dags/example_branch_labels.py
[2025-01-28T03:47:51.934+0000] {logging_mixin.py:190} INFO - [2025-01-28T03:47:51.934+0000] {dag.py:3239} INFO - Sync 1 DAGs
[2025-01-28T03:47:51.952+0000] {logging_mixin.py:190} INFO - [2025-01-28T03:47:51.952+0000] {dag.py:4180} INFO - Setting next_dagrun for example_branch_labels to 2025-01-27 00:00:00+00:00, run_after=2025-01-28 00:00:00+00:00
[2025-01-28T03:47:51.973+0000] {processor.py:208} INFO - Processing /home/ubuntu/airflow-venv/lib/python3.12/site-packages/airflow/example_dags/example_branch_labels.py took 0.073 seconds
[2025-01-28T03:49:05.074+0000] {processor.py:186} INFO - Started process (PID=10160) to work on /home/ubuntu/airflow-venv/lib/python3.12/site-packages/airflow/example_dags/example_branch_labels.py
[2025-01-28T03:49:05.076+0000] {processor.py:914} INFO - Processing file /home/ubuntu/airflow-venv/lib/python3.12/site-packages/airflow/example_dags/example_branch_labels.py for tasks to queue
[2025-01-28T03:49:05.078+0000] {logging_mixin.py:190} INFO - [2025-01-28T03:49:05.078+0000] {dagbag.py:588} INFO - Filling up the DagBag from /home/ubuntu/airflow-venv/lib/python3.12/site-packages/airflow/example_dags/example_branch_labels.py
[2025-01-28T03:49:05.088+0000] {processor.py:925} INFO - DAG(s) 'example_branch_labels' retrieved from /home/ubuntu/airflow-venv/lib/python3.12/site-packages/airflow/example_dags/example_branch_labels.py
[2025-01-28T03:49:05.103+0000] {logging_mixin.py:190} INFO - [2025-01-28T03:49:05.103+0000] {dag.py:3239} INFO - Sync 1 DAGs
[2025-01-28T03:49:05.122+0000] {logging_mixin.py:190} INFO - [2025-01-28T03:49:05.122+0000] {dag.py:4180} INFO - Setting next_dagrun for example_branch_labels to 2025-01-27 00:00:00+00:00, run_after=2025-01-28 00:00:00+00:00
[2025-01-28T03:49:05.143+0000] {processor.py:208} INFO - Processing /home/ubuntu/airflow-venv/lib/python3.12/site-packages/airflow/example_dags/example_branch_labels.py took 0.075 seconds
[2025-01-28T05:55:51.291+0000] {processor.py:186} INFO - Started process (PID=1943) to work on /home/ubuntu/.local/lib/python3.12/site-packages/airflow/example_dags/example_branch_labels.py
[2025-01-28T05:55:51.293+0000] {processor.py:914} INFO - Processing file /home/ubuntu/.local/lib/python3.12/site-packages/airflow/example_dags/example_branch_labels.py for tasks to queue
[2025-01-28T05:55:51.295+0000] {logging_mixin.py:190} INFO - [2025-01-28T05:55:51.294+0000] {dagbag.py:588} INFO - Filling up the DagBag from /home/ubuntu/.local/lib/python3.12/site-packages/airflow/example_dags/example_branch_labels.py
[2025-01-28T05:55:51.305+0000] {processor.py:925} INFO - DAG(s) 'example_branch_labels' retrieved from /home/ubuntu/.local/lib/python3.12/site-packages/airflow/example_dags/example_branch_labels.py
[2025-01-28T05:55:51.395+0000] {logging_mixin.py:190} INFO - [2025-01-28T05:55:51.395+0000] {dag.py:3239} INFO - Sync 1 DAGs
[2025-01-28T05:55:51.411+0000] {logging_mixin.py:190} INFO - [2025-01-28T05:55:51.411+0000] {dag.py:4180} INFO - Setting next_dagrun for example_branch_labels to 2025-01-27 00:00:00+00:00, run_after=2025-01-28 00:00:00+00:00
[2025-01-28T05:55:51.436+0000] {processor.py:208} INFO - Processing /home/ubuntu/.local/lib/python3.12/site-packages/airflow/example_dags/example_branch_labels.py took 0.150 seconds
[2025-01-28T05:56:49.140+0000] {processor.py:186} INFO - Started process (PID=2019) to work on /home/ubuntu/.local/lib/python3.12/site-packages/airflow/example_dags/example_branch_labels.py
[2025-01-28T05:56:49.151+0000] {processor.py:914} INFO - Processing file /home/ubuntu/.local/lib/python3.12/site-packages/airflow/example_dags/example_branch_labels.py for tasks to queue
[2025-01-28T05:56:49.153+0000] {logging_mixin.py:190} INFO - [2025-01-28T05:56:49.152+0000] {dagbag.py:588} INFO - Filling up the DagBag from /home/ubuntu/.local/lib/python3.12/site-packages/airflow/example_dags/example_branch_labels.py
[2025-01-28T05:56:49.170+0000] {processor.py:925} INFO - DAG(s) 'example_branch_labels' retrieved from /home/ubuntu/.local/lib/python3.12/site-packages/airflow/example_dags/example_branch_labels.py
[2025-01-28T05:56:49.198+0000] {logging_mixin.py:190} INFO - [2025-01-28T05:56:49.197+0000] {dag.py:3239} INFO - Sync 1 DAGs
[2025-01-28T05:56:49.220+0000] {logging_mixin.py:190} INFO - [2025-01-28T05:56:49.219+0000] {dag.py:4180} INFO - Setting next_dagrun for example_branch_labels to 2025-01-27 00:00:00+00:00, run_after=2025-01-28 00:00:00+00:00
[2025-01-28T05:56:49.243+0000] {processor.py:208} INFO - Processing /home/ubuntu/.local/lib/python3.12/site-packages/airflow/example_dags/example_branch_labels.py took 0.113 seconds
[2025-01-28T05:58:11.671+0000] {processor.py:186} INFO - Started process (PID=2119) to work on /home/ubuntu/.local/lib/python3.12/site-packages/airflow/example_dags/example_branch_labels.py
[2025-01-28T05:58:11.672+0000] {processor.py:914} INFO - Processing file /home/ubuntu/.local/lib/python3.12/site-packages/airflow/example_dags/example_branch_labels.py for tasks to queue
[2025-01-28T05:58:11.674+0000] {logging_mixin.py:190} INFO - [2025-01-28T05:58:11.674+0000] {dagbag.py:588} INFO - Filling up the DagBag from /home/ubuntu/.local/lib/python3.12/site-packages/airflow/example_dags/example_branch_labels.py
[2025-01-28T05:58:11.684+0000] {processor.py:925} INFO - DAG(s) 'example_branch_labels' retrieved from /home/ubuntu/.local/lib/python3.12/site-packages/airflow/example_dags/example_branch_labels.py
[2025-01-28T05:58:11.701+0000] {logging_mixin.py:190} INFO - [2025-01-28T05:58:11.700+0000] {dag.py:3239} INFO - Sync 1 DAGs
[2025-01-28T05:58:11.719+0000] {logging_mixin.py:190} INFO - [2025-01-28T05:58:11.719+0000] {dag.py:4180} INFO - Setting next_dagrun for example_branch_labels to 2025-01-27 00:00:00+00:00, run_after=2025-01-28 00:00:00+00:00
[2025-01-28T05:58:11.744+0000] {processor.py:208} INFO - Processing /home/ubuntu/.local/lib/python3.12/site-packages/airflow/example_dags/example_branch_labels.py took 0.078 seconds
[2025-01-28T05:59:34.643+0000] {processor.py:186} INFO - Started process (PID=2204) to work on /home/ubuntu/.local/lib/python3.12/site-packages/airflow/example_dags/example_branch_labels.py
[2025-01-28T05:59:34.645+0000] {processor.py:914} INFO - Processing file /home/ubuntu/.local/lib/python3.12/site-packages/airflow/example_dags/example_branch_labels.py for tasks to queue
[2025-01-28T05:59:34.647+0000] {logging_mixin.py:190} INFO - [2025-01-28T05:59:34.646+0000] {dagbag.py:588} INFO - Filling up the DagBag from /home/ubuntu/.local/lib/python3.12/site-packages/airflow/example_dags/example_branch_labels.py
[2025-01-28T05:59:34.656+0000] {processor.py:925} INFO - DAG(s) 'example_branch_labels' retrieved from /home/ubuntu/.local/lib/python3.12/site-packages/airflow/example_dags/example_branch_labels.py
[2025-01-28T05:59:34.678+0000] {logging_mixin.py:190} INFO - [2025-01-28T05:59:34.677+0000] {dag.py:3239} INFO - Sync 1 DAGs
[2025-01-28T05:59:34.696+0000] {logging_mixin.py:190} INFO - [2025-01-28T05:59:34.696+0000] {dag.py:4180} INFO - Setting next_dagrun for example_branch_labels to 2025-01-27 00:00:00+00:00, run_after=2025-01-28 00:00:00+00:00
[2025-01-28T05:59:34.718+0000] {processor.py:208} INFO - Processing /home/ubuntu/.local/lib/python3.12/site-packages/airflow/example_dags/example_branch_labels.py took 0.080 seconds
[2025-01-28T06:00:52.569+0000] {processor.py:186} INFO - Started process (PID=2288) to work on /home/ubuntu/.local/lib/python3.12/site-packages/airflow/example_dags/example_branch_labels.py
[2025-01-28T06:00:52.571+0000] {processor.py:914} INFO - Processing file /home/ubuntu/.local/lib/python3.12/site-packages/airflow/example_dags/example_branch_labels.py for tasks to queue
[2025-01-28T06:00:52.573+0000] {logging_mixin.py:190} INFO - [2025-01-28T06:00:52.573+0000] {dagbag.py:588} INFO - Filling up the DagBag from /home/ubuntu/.local/lib/python3.12/site-packages/airflow/example_dags/example_branch_labels.py
[2025-01-28T06:00:52.583+0000] {processor.py:925} INFO - DAG(s) 'example_branch_labels' retrieved from /home/ubuntu/.local/lib/python3.12/site-packages/airflow/example_dags/example_branch_labels.py
[2025-01-28T06:00:52.599+0000] {logging_mixin.py:190} INFO - [2025-01-28T06:00:52.599+0000] {dag.py:3239} INFO - Sync 1 DAGs
[2025-01-28T06:00:52.617+0000] {logging_mixin.py:190} INFO - [2025-01-28T06:00:52.616+0000] {dag.py:4180} INFO - Setting next_dagrun for example_branch_labels to 2025-01-27 00:00:00+00:00, run_after=2025-01-28 00:00:00+00:00
[2025-01-28T06:00:52.638+0000] {processor.py:208} INFO - Processing /home/ubuntu/.local/lib/python3.12/site-packages/airflow/example_dags/example_branch_labels.py took 0.075 seconds
[2025-01-28T06:02:04.557+0000] {processor.py:186} INFO - Started process (PID=2369) to work on /home/ubuntu/.local/lib/python3.12/site-packages/airflow/example_dags/example_branch_labels.py
[2025-01-28T06:02:04.559+0000] {processor.py:914} INFO - Processing file /home/ubuntu/.local/lib/python3.12/site-packages/airflow/example_dags/example_branch_labels.py for tasks to queue
[2025-01-28T06:02:04.562+0000] {logging_mixin.py:190} INFO - [2025-01-28T06:02:04.561+0000] {dagbag.py:588} INFO - Filling up the DagBag from /home/ubuntu/.local/lib/python3.12/site-packages/airflow/example_dags/example_branch_labels.py
[2025-01-28T06:02:04.575+0000] {processor.py:925} INFO - DAG(s) 'example_branch_labels' retrieved from /home/ubuntu/.local/lib/python3.12/site-packages/airflow/example_dags/example_branch_labels.py
[2025-01-28T06:02:04.594+0000] {logging_mixin.py:190} INFO - [2025-01-28T06:02:04.593+0000] {dag.py:3239} INFO - Sync 1 DAGs
[2025-01-28T06:02:04.611+0000] {logging_mixin.py:190} INFO - [2025-01-28T06:02:04.611+0000] {dag.py:4180} INFO - Setting next_dagrun for example_branch_labels to 2025-01-27 00:00:00+00:00, run_after=2025-01-28 00:00:00+00:00
[2025-01-28T06:02:04.634+0000] {processor.py:208} INFO - Processing /home/ubuntu/.local/lib/python3.12/site-packages/airflow/example_dags/example_branch_labels.py took 0.082 seconds
[2025-01-28T06:03:24.234+0000] {processor.py:186} INFO - Started process (PID=2462) to work on /home/ubuntu/.local/lib/python3.12/site-packages/airflow/example_dags/example_branch_labels.py
[2025-01-28T06:03:24.235+0000] {processor.py:914} INFO - Processing file /home/ubuntu/.local/lib/python3.12/site-packages/airflow/example_dags/example_branch_labels.py for tasks to queue
[2025-01-28T06:03:24.237+0000] {logging_mixin.py:190} INFO - [2025-01-28T06:03:24.237+0000] {dagbag.py:588} INFO - Filling up the DagBag from /home/ubuntu/.local/lib/python3.12/site-packages/airflow/example_dags/example_branch_labels.py
[2025-01-28T06:03:24.247+0000] {processor.py:925} INFO - DAG(s) 'example_branch_labels' retrieved from /home/ubuntu/.local/lib/python3.12/site-packages/airflow/example_dags/example_branch_labels.py
[2025-01-28T06:03:24.263+0000] {logging_mixin.py:190} INFO - [2025-01-28T06:03:24.263+0000] {dag.py:3239} INFO - Sync 1 DAGs
[2025-01-28T06:03:24.282+0000] {logging_mixin.py:190} INFO - [2025-01-28T06:03:24.281+0000] {dag.py:4180} INFO - Setting next_dagrun for example_branch_labels to 2025-01-27 00:00:00+00:00, run_after=2025-01-28 00:00:00+00:00
[2025-01-28T06:03:24.304+0000] {processor.py:208} INFO - Processing /home/ubuntu/.local/lib/python3.12/site-packages/airflow/example_dags/example_branch_labels.py took 0.075 seconds
[2025-01-28T06:04:52.745+0000] {processor.py:186} INFO - Started process (PID=2558) to work on /home/ubuntu/.local/lib/python3.12/site-packages/airflow/example_dags/example_branch_labels.py
[2025-01-28T06:04:52.747+0000] {processor.py:914} INFO - Processing file /home/ubuntu/.local/lib/python3.12/site-packages/airflow/example_dags/example_branch_labels.py for tasks to queue
[2025-01-28T06:04:52.749+0000] {logging_mixin.py:190} INFO - [2025-01-28T06:04:52.749+0000] {dagbag.py:588} INFO - Filling up the DagBag from /home/ubuntu/.local/lib/python3.12/site-packages/airflow/example_dags/example_branch_labels.py
[2025-01-28T06:04:52.759+0000] {processor.py:925} INFO - DAG(s) 'example_branch_labels' retrieved from /home/ubuntu/.local/lib/python3.12/site-packages/airflow/example_dags/example_branch_labels.py
[2025-01-28T06:04:52.774+0000] {logging_mixin.py:190} INFO - [2025-01-28T06:04:52.774+0000] {dag.py:3239} INFO - Sync 1 DAGs
[2025-01-28T06:04:52.793+0000] {logging_mixin.py:190} INFO - [2025-01-28T06:04:52.793+0000] {dag.py:4180} INFO - Setting next_dagrun for example_branch_labels to 2025-01-27 00:00:00+00:00, run_after=2025-01-28 00:00:00+00:00
[2025-01-28T06:04:52.815+0000] {processor.py:208} INFO - Processing /home/ubuntu/.local/lib/python3.12/site-packages/airflow/example_dags/example_branch_labels.py took 0.075 seconds
[2025-01-28T06:06:27.200+0000] {processor.py:186} INFO - Started process (PID=2668) to work on /home/ubuntu/.local/lib/python3.12/site-packages/airflow/example_dags/example_branch_labels.py
[2025-01-28T06:06:27.202+0000] {processor.py:914} INFO - Processing file /home/ubuntu/.local/lib/python3.12/site-packages/airflow/example_dags/example_branch_labels.py for tasks to queue
[2025-01-28T06:06:27.203+0000] {logging_mixin.py:190} INFO - [2025-01-28T06:06:27.203+0000] {dagbag.py:588} INFO - Filling up the DagBag from /home/ubuntu/.local/lib/python3.12/site-packages/airflow/example_dags/example_branch_labels.py
[2025-01-28T06:06:27.213+0000] {processor.py:925} INFO - DAG(s) 'example_branch_labels' retrieved from /home/ubuntu/.local/lib/python3.12/site-packages/airflow/example_dags/example_branch_labels.py
[2025-01-28T06:06:27.229+0000] {logging_mixin.py:190} INFO - [2025-01-28T06:06:27.229+0000] {dag.py:3239} INFO - Sync 1 DAGs
[2025-01-28T06:06:27.247+0000] {logging_mixin.py:190} INFO - [2025-01-28T06:06:27.247+0000] {dag.py:4180} INFO - Setting next_dagrun for example_branch_labels to 2025-01-27 00:00:00+00:00, run_after=2025-01-28 00:00:00+00:00
[2025-01-28T06:06:27.268+0000] {processor.py:208} INFO - Processing /home/ubuntu/.local/lib/python3.12/site-packages/airflow/example_dags/example_branch_labels.py took 0.074 seconds
[2025-01-28T06:07:32.131+0000] {processor.py:186} INFO - Started process (PID=2739) to work on /home/ubuntu/.local/lib/python3.12/site-packages/airflow/example_dags/example_branch_labels.py
[2025-01-28T06:07:32.132+0000] {processor.py:914} INFO - Processing file /home/ubuntu/.local/lib/python3.12/site-packages/airflow/example_dags/example_branch_labels.py for tasks to queue
[2025-01-28T06:07:32.134+0000] {logging_mixin.py:190} INFO - [2025-01-28T06:07:32.134+0000] {dagbag.py:588} INFO - Filling up the DagBag from /home/ubuntu/.local/lib/python3.12/site-packages/airflow/example_dags/example_branch_labels.py
[2025-01-28T06:07:32.145+0000] {processor.py:925} INFO - DAG(s) 'example_branch_labels' retrieved from /home/ubuntu/.local/lib/python3.12/site-packages/airflow/example_dags/example_branch_labels.py
[2025-01-28T06:07:32.161+0000] {logging_mixin.py:190} INFO - [2025-01-28T06:07:32.161+0000] {dag.py:3239} INFO - Sync 1 DAGs
[2025-01-28T06:07:32.180+0000] {logging_mixin.py:190} INFO - [2025-01-28T06:07:32.180+0000] {dag.py:4180} INFO - Setting next_dagrun for example_branch_labels to 2025-01-27 00:00:00+00:00, run_after=2025-01-28 00:00:00+00:00
[2025-01-28T06:07:32.202+0000] {processor.py:208} INFO - Processing /home/ubuntu/.local/lib/python3.12/site-packages/airflow/example_dags/example_branch_labels.py took 0.076 seconds
[2025-01-28T06:08:58.108+0000] {processor.py:186} INFO - Started process (PID=2827) to work on /home/ubuntu/.local/lib/python3.12/site-packages/airflow/example_dags/example_branch_labels.py
[2025-01-28T06:08:58.109+0000] {processor.py:914} INFO - Processing file /home/ubuntu/.local/lib/python3.12/site-packages/airflow/example_dags/example_branch_labels.py for tasks to queue
[2025-01-28T06:08:58.111+0000] {logging_mixin.py:190} INFO - [2025-01-28T06:08:58.111+0000] {dagbag.py:588} INFO - Filling up the DagBag from /home/ubuntu/.local/lib/python3.12/site-packages/airflow/example_dags/example_branch_labels.py
[2025-01-28T06:08:58.122+0000] {processor.py:925} INFO - DAG(s) 'example_branch_labels' retrieved from /home/ubuntu/.local/lib/python3.12/site-packages/airflow/example_dags/example_branch_labels.py
[2025-01-28T06:08:58.138+0000] {logging_mixin.py:190} INFO - [2025-01-28T06:08:58.137+0000] {dag.py:3239} INFO - Sync 1 DAGs
[2025-01-28T06:08:58.156+0000] {logging_mixin.py:190} INFO - [2025-01-28T06:08:58.156+0000] {dag.py:4180} INFO - Setting next_dagrun for example_branch_labels to 2025-01-27 00:00:00+00:00, run_after=2025-01-28 00:00:00+00:00
[2025-01-28T06:08:58.176+0000] {processor.py:208} INFO - Processing /home/ubuntu/.local/lib/python3.12/site-packages/airflow/example_dags/example_branch_labels.py took 0.073 seconds
[2025-01-28T06:10:16.765+0000] {processor.py:186} INFO - Started process (PID=2924) to work on /home/ubuntu/.local/lib/python3.12/site-packages/airflow/example_dags/example_branch_labels.py
[2025-01-28T06:10:16.766+0000] {processor.py:914} INFO - Processing file /home/ubuntu/.local/lib/python3.12/site-packages/airflow/example_dags/example_branch_labels.py for tasks to queue
[2025-01-28T06:10:16.768+0000] {logging_mixin.py:190} INFO - [2025-01-28T06:10:16.768+0000] {dagbag.py:588} INFO - Filling up the DagBag from /home/ubuntu/.local/lib/python3.12/site-packages/airflow/example_dags/example_branch_labels.py
[2025-01-28T06:10:16.782+0000] {processor.py:925} INFO - DAG(s) 'example_branch_labels' retrieved from /home/ubuntu/.local/lib/python3.12/site-packages/airflow/example_dags/example_branch_labels.py
[2025-01-28T06:10:16.799+0000] {logging_mixin.py:190} INFO - [2025-01-28T06:10:16.799+0000] {dag.py:3239} INFO - Sync 1 DAGs
[2025-01-28T06:10:16.817+0000] {logging_mixin.py:190} INFO - [2025-01-28T06:10:16.817+0000] {dag.py:4180} INFO - Setting next_dagrun for example_branch_labels to 2025-01-27 00:00:00+00:00, run_after=2025-01-28 00:00:00+00:00
[2025-01-28T06:10:16.839+0000] {processor.py:208} INFO - Processing /home/ubuntu/.local/lib/python3.12/site-packages/airflow/example_dags/example_branch_labels.py took 0.079 seconds
[2025-01-28T06:11:37.967+0000] {processor.py:186} INFO - Started process (PID=3017) to work on /home/ubuntu/.local/lib/python3.12/site-packages/airflow/example_dags/example_branch_labels.py
[2025-01-28T06:11:37.969+0000] {processor.py:914} INFO - Processing file /home/ubuntu/.local/lib/python3.12/site-packages/airflow/example_dags/example_branch_labels.py for tasks to queue
[2025-01-28T06:11:37.971+0000] {logging_mixin.py:190} INFO - [2025-01-28T06:11:37.971+0000] {dagbag.py:588} INFO - Filling up the DagBag from /home/ubuntu/.local/lib/python3.12/site-packages/airflow/example_dags/example_branch_labels.py
[2025-01-28T06:11:37.982+0000] {processor.py:925} INFO - DAG(s) 'example_branch_labels' retrieved from /home/ubuntu/.local/lib/python3.12/site-packages/airflow/example_dags/example_branch_labels.py
[2025-01-28T06:11:37.997+0000] {logging_mixin.py:190} INFO - [2025-01-28T06:11:37.996+0000] {dag.py:3239} INFO - Sync 1 DAGs
[2025-01-28T06:11:38.016+0000] {logging_mixin.py:190} INFO - [2025-01-28T06:11:38.016+0000] {dag.py:4180} INFO - Setting next_dagrun for example_branch_labels to 2025-01-27 00:00:00+00:00, run_after=2025-01-28 00:00:00+00:00
[2025-01-28T06:11:38.040+0000] {processor.py:208} INFO - Processing /home/ubuntu/.local/lib/python3.12/site-packages/airflow/example_dags/example_branch_labels.py took 0.077 seconds
[2025-01-28T06:13:00.845+0000] {processor.py:186} INFO - Started process (PID=3101) to work on /home/ubuntu/.local/lib/python3.12/site-packages/airflow/example_dags/example_branch_labels.py
[2025-01-28T06:13:00.847+0000] {processor.py:914} INFO - Processing file /home/ubuntu/.local/lib/python3.12/site-packages/airflow/example_dags/example_branch_labels.py for tasks to queue
[2025-01-28T06:13:00.850+0000] {logging_mixin.py:190} INFO - [2025-01-28T06:13:00.849+0000] {dagbag.py:588} INFO - Filling up the DagBag from /home/ubuntu/.local/lib/python3.12/site-packages/airflow/example_dags/example_branch_labels.py
[2025-01-28T06:13:00.860+0000] {processor.py:925} INFO - DAG(s) 'example_branch_labels' retrieved from /home/ubuntu/.local/lib/python3.12/site-packages/airflow/example_dags/example_branch_labels.py
[2025-01-28T06:13:00.875+0000] {logging_mixin.py:190} INFO - [2025-01-28T06:13:00.875+0000] {dag.py:3239} INFO - Sync 1 DAGs
[2025-01-28T06:13:00.894+0000] {logging_mixin.py:190} INFO - [2025-01-28T06:13:00.894+0000] {dag.py:4180} INFO - Setting next_dagrun for example_branch_labels to 2025-01-27 00:00:00+00:00, run_after=2025-01-28 00:00:00+00:00
[2025-01-28T06:13:00.916+0000] {processor.py:208} INFO - Processing /home/ubuntu/.local/lib/python3.12/site-packages/airflow/example_dags/example_branch_labels.py took 0.075 seconds
[2025-01-28T06:14:18.669+0000] {processor.py:186} INFO - Started process (PID=3184) to work on /home/ubuntu/.local/lib/python3.12/site-packages/airflow/example_dags/example_branch_labels.py
[2025-01-28T06:14:18.670+0000] {processor.py:914} INFO - Processing file /home/ubuntu/.local/lib/python3.12/site-packages/airflow/example_dags/example_branch_labels.py for tasks to queue
[2025-01-28T06:14:18.673+0000] {logging_mixin.py:190} INFO - [2025-01-28T06:14:18.672+0000] {dagbag.py:588} INFO - Filling up the DagBag from /home/ubuntu/.local/lib/python3.12/site-packages/airflow/example_dags/example_branch_labels.py
[2025-01-28T06:14:18.683+0000] {processor.py:925} INFO - DAG(s) 'example_branch_labels' retrieved from /home/ubuntu/.local/lib/python3.12/site-packages/airflow/example_dags/example_branch_labels.py
[2025-01-28T06:14:18.699+0000] {logging_mixin.py:190} INFO - [2025-01-28T06:14:18.699+0000] {dag.py:3239} INFO - Sync 1 DAGs
[2025-01-28T06:14:18.718+0000] {logging_mixin.py:190} INFO - [2025-01-28T06:14:18.717+0000] {dag.py:4180} INFO - Setting next_dagrun for example_branch_labels to 2025-01-27 00:00:00+00:00, run_after=2025-01-28 00:00:00+00:00
[2025-01-28T06:14:18.740+0000] {processor.py:208} INFO - Processing /home/ubuntu/.local/lib/python3.12/site-packages/airflow/example_dags/example_branch_labels.py took 0.075 seconds
[2025-01-28T06:15:38.328+0000] {processor.py:186} INFO - Started process (PID=3270) to work on /home/ubuntu/.local/lib/python3.12/site-packages/airflow/example_dags/example_branch_labels.py
[2025-01-28T06:15:38.330+0000] {processor.py:914} INFO - Processing file /home/ubuntu/.local/lib/python3.12/site-packages/airflow/example_dags/example_branch_labels.py for tasks to queue
[2025-01-28T06:15:38.332+0000] {logging_mixin.py:190} INFO - [2025-01-28T06:15:38.332+0000] {dagbag.py:588} INFO - Filling up the DagBag from /home/ubuntu/.local/lib/python3.12/site-packages/airflow/example_dags/example_branch_labels.py
[2025-01-28T06:15:38.342+0000] {processor.py:925} INFO - DAG(s) 'example_branch_labels' retrieved from /home/ubuntu/.local/lib/python3.12/site-packages/airflow/example_dags/example_branch_labels.py
[2025-01-28T06:15:38.358+0000] {logging_mixin.py:190} INFO - [2025-01-28T06:15:38.357+0000] {dag.py:3239} INFO - Sync 1 DAGs
[2025-01-28T06:15:38.376+0000] {logging_mixin.py:190} INFO - [2025-01-28T06:15:38.376+0000] {dag.py:4180} INFO - Setting next_dagrun for example_branch_labels to 2025-01-27 00:00:00+00:00, run_after=2025-01-28 00:00:00+00:00
[2025-01-28T06:15:38.399+0000] {processor.py:208} INFO - Processing /home/ubuntu/.local/lib/python3.12/site-packages/airflow/example_dags/example_branch_labels.py took 0.076 seconds
[2025-01-28T06:16:57.801+0000] {processor.py:186} INFO - Started process (PID=3353) to work on /home/ubuntu/.local/lib/python3.12/site-packages/airflow/example_dags/example_branch_labels.py
[2025-01-28T06:16:57.802+0000] {processor.py:914} INFO - Processing file /home/ubuntu/.local/lib/python3.12/site-packages/airflow/example_dags/example_branch_labels.py for tasks to queue
[2025-01-28T06:16:57.805+0000] {logging_mixin.py:190} INFO - [2025-01-28T06:16:57.805+0000] {dagbag.py:588} INFO - Filling up the DagBag from /home/ubuntu/.local/lib/python3.12/site-packages/airflow/example_dags/example_branch_labels.py
[2025-01-28T06:16:57.814+0000] {processor.py:925} INFO - DAG(s) 'example_branch_labels' retrieved from /home/ubuntu/.local/lib/python3.12/site-packages/airflow/example_dags/example_branch_labels.py
[2025-01-28T06:16:57.831+0000] {logging_mixin.py:190} INFO - [2025-01-28T06:16:57.831+0000] {dag.py:3239} INFO - Sync 1 DAGs
[2025-01-28T06:16:57.848+0000] {logging_mixin.py:190} INFO - [2025-01-28T06:16:57.848+0000] {dag.py:4180} INFO - Setting next_dagrun for example_branch_labels to 2025-01-27 00:00:00+00:00, run_after=2025-01-28 00:00:00+00:00
[2025-01-28T06:16:57.871+0000] {processor.py:208} INFO - Processing /home/ubuntu/.local/lib/python3.12/site-packages/airflow/example_dags/example_branch_labels.py took 0.076 seconds
[2025-01-28T06:18:32.996+0000] {processor.py:186} INFO - Started process (PID=3496) to work on /home/ubuntu/.local/lib/python3.12/site-packages/airflow/example_dags/example_branch_labels.py
[2025-01-28T06:18:32.997+0000] {processor.py:914} INFO - Processing file /home/ubuntu/.local/lib/python3.12/site-packages/airflow/example_dags/example_branch_labels.py for tasks to queue
[2025-01-28T06:18:33.000+0000] {logging_mixin.py:190} INFO - [2025-01-28T06:18:32.999+0000] {dagbag.py:588} INFO - Filling up the DagBag from /home/ubuntu/.local/lib/python3.12/site-packages/airflow/example_dags/example_branch_labels.py
[2025-01-28T06:18:33.010+0000] {processor.py:925} INFO - DAG(s) 'example_branch_labels' retrieved from /home/ubuntu/.local/lib/python3.12/site-packages/airflow/example_dags/example_branch_labels.py
[2025-01-28T06:18:33.026+0000] {logging_mixin.py:190} INFO - [2025-01-28T06:18:33.026+0000] {dag.py:3239} INFO - Sync 1 DAGs
[2025-01-28T06:18:33.045+0000] {logging_mixin.py:190} INFO - [2025-01-28T06:18:33.044+0000] {dag.py:4180} INFO - Setting next_dagrun for example_branch_labels to 2025-01-27 00:00:00+00:00, run_after=2025-01-28 00:00:00+00:00
[2025-01-28T06:18:33.068+0000] {processor.py:208} INFO - Processing /home/ubuntu/.local/lib/python3.12/site-packages/airflow/example_dags/example_branch_labels.py took 0.078 seconds
[2025-01-28T06:19:48.872+0000] {processor.py:186} INFO - Started process (PID=3575) to work on /home/ubuntu/.local/lib/python3.12/site-packages/airflow/example_dags/example_branch_labels.py
[2025-01-28T06:19:48.874+0000] {processor.py:914} INFO - Processing file /home/ubuntu/.local/lib/python3.12/site-packages/airflow/example_dags/example_branch_labels.py for tasks to queue
[2025-01-28T06:19:48.877+0000] {logging_mixin.py:190} INFO - [2025-01-28T06:19:48.876+0000] {dagbag.py:588} INFO - Filling up the DagBag from /home/ubuntu/.local/lib/python3.12/site-packages/airflow/example_dags/example_branch_labels.py
[2025-01-28T06:19:48.886+0000] {processor.py:925} INFO - DAG(s) 'example_branch_labels' retrieved from /home/ubuntu/.local/lib/python3.12/site-packages/airflow/example_dags/example_branch_labels.py
[2025-01-28T06:19:48.902+0000] {logging_mixin.py:190} INFO - [2025-01-28T06:19:48.902+0000] {dag.py:3239} INFO - Sync 1 DAGs
[2025-01-28T06:19:48.922+0000] {logging_mixin.py:190} INFO - [2025-01-28T06:19:48.922+0000] {dag.py:4180} INFO - Setting next_dagrun for example_branch_labels to 2025-01-27 00:00:00+00:00, run_after=2025-01-28 00:00:00+00:00
[2025-01-28T06:19:48.944+0000] {processor.py:208} INFO - Processing /home/ubuntu/.local/lib/python3.12/site-packages/airflow/example_dags/example_branch_labels.py took 0.077 seconds
[2025-01-28T06:20:47.473+0000] {processor.py:186} INFO - Started process (PID=3653) to work on /home/ubuntu/.local/lib/python3.12/site-packages/airflow/example_dags/example_branch_labels.py
[2025-01-28T06:20:47.475+0000] {processor.py:914} INFO - Processing file /home/ubuntu/.local/lib/python3.12/site-packages/airflow/example_dags/example_branch_labels.py for tasks to queue
[2025-01-28T06:20:47.477+0000] {logging_mixin.py:190} INFO - [2025-01-28T06:20:47.476+0000] {dagbag.py:588} INFO - Filling up the DagBag from /home/ubuntu/.local/lib/python3.12/site-packages/airflow/example_dags/example_branch_labels.py
[2025-01-28T06:20:47.487+0000] {processor.py:925} INFO - DAG(s) 'example_branch_labels' retrieved from /home/ubuntu/.local/lib/python3.12/site-packages/airflow/example_dags/example_branch_labels.py
[2025-01-28T06:20:47.502+0000] {logging_mixin.py:190} INFO - [2025-01-28T06:20:47.502+0000] {dag.py:3239} INFO - Sync 1 DAGs
[2025-01-28T06:20:47.521+0000] {logging_mixin.py:190} INFO - [2025-01-28T06:20:47.521+0000] {dag.py:4180} INFO - Setting next_dagrun for example_branch_labels to 2025-01-27 00:00:00+00:00, run_after=2025-01-28 00:00:00+00:00
[2025-01-28T06:20:47.543+0000] {processor.py:208} INFO - Processing /home/ubuntu/.local/lib/python3.12/site-packages/airflow/example_dags/example_branch_labels.py took 0.075 seconds
[2025-01-28T06:22:10.248+0000] {processor.py:186} INFO - Started process (PID=3868) to work on /home/ubuntu/.local/lib/python3.12/site-packages/airflow/example_dags/example_branch_labels.py
[2025-01-28T06:22:10.250+0000] {processor.py:914} INFO - Processing file /home/ubuntu/.local/lib/python3.12/site-packages/airflow/example_dags/example_branch_labels.py for tasks to queue
[2025-01-28T06:22:10.253+0000] {logging_mixin.py:190} INFO - [2025-01-28T06:22:10.252+0000] {dagbag.py:588} INFO - Filling up the DagBag from /home/ubuntu/.local/lib/python3.12/site-packages/airflow/example_dags/example_branch_labels.py
[2025-01-28T06:22:10.263+0000] {processor.py:925} INFO - DAG(s) 'example_branch_labels' retrieved from /home/ubuntu/.local/lib/python3.12/site-packages/airflow/example_dags/example_branch_labels.py
[2025-01-28T06:22:10.280+0000] {logging_mixin.py:190} INFO - [2025-01-28T06:22:10.280+0000] {dag.py:3239} INFO - Sync 1 DAGs
[2025-01-28T06:22:10.298+0000] {logging_mixin.py:190} INFO - [2025-01-28T06:22:10.297+0000] {dag.py:4180} INFO - Setting next_dagrun for example_branch_labels to 2025-01-27 00:00:00+00:00, run_after=2025-01-28 00:00:00+00:00
[2025-01-28T06:22:10.321+0000] {processor.py:208} INFO - Processing /home/ubuntu/.local/lib/python3.12/site-packages/airflow/example_dags/example_branch_labels.py took 0.079 seconds
[2025-01-28T06:23:05.943+0000] {processor.py:186} INFO - Started process (PID=4260) to work on /home/ubuntu/.local/lib/python3.12/site-packages/airflow/example_dags/example_branch_labels.py
[2025-01-28T06:23:05.946+0000] {processor.py:914} INFO - Processing file /home/ubuntu/.local/lib/python3.12/site-packages/airflow/example_dags/example_branch_labels.py for tasks to queue
[2025-01-28T06:23:05.948+0000] {logging_mixin.py:190} INFO - [2025-01-28T06:23:05.948+0000] {dagbag.py:588} INFO - Filling up the DagBag from /home/ubuntu/.local/lib/python3.12/site-packages/airflow/example_dags/example_branch_labels.py
[2025-01-28T06:23:05.958+0000] {processor.py:925} INFO - DAG(s) 'example_branch_labels' retrieved from /home/ubuntu/.local/lib/python3.12/site-packages/airflow/example_dags/example_branch_labels.py
[2025-01-28T06:23:05.982+0000] {logging_mixin.py:190} INFO - [2025-01-28T06:23:05.982+0000] {dag.py:3239} INFO - Sync 1 DAGs
[2025-01-28T06:23:06.006+0000] {logging_mixin.py:190} INFO - [2025-01-28T06:23:06.006+0000] {dag.py:4180} INFO - Setting next_dagrun for example_branch_labels to 2025-01-27 00:00:00+00:00, run_after=2025-01-28 00:00:00+00:00
[2025-01-28T06:23:06.028+0000] {processor.py:208} INFO - Processing /home/ubuntu/.local/lib/python3.12/site-packages/airflow/example_dags/example_branch_labels.py took 0.090 seconds
[2025-01-28T06:24:27.495+0000] {processor.py:186} INFO - Started process (PID=4524) to work on /home/ubuntu/.local/lib/python3.12/site-packages/airflow/example_dags/example_branch_labels.py
[2025-01-28T06:24:27.496+0000] {processor.py:914} INFO - Processing file /home/ubuntu/.local/lib/python3.12/site-packages/airflow/example_dags/example_branch_labels.py for tasks to queue
[2025-01-28T06:24:27.499+0000] {logging_mixin.py:190} INFO - [2025-01-28T06:24:27.499+0000] {dagbag.py:588} INFO - Filling up the DagBag from /home/ubuntu/.local/lib/python3.12/site-packages/airflow/example_dags/example_branch_labels.py
[2025-01-28T06:24:27.509+0000] {processor.py:925} INFO - DAG(s) 'example_branch_labels' retrieved from /home/ubuntu/.local/lib/python3.12/site-packages/airflow/example_dags/example_branch_labels.py
[2025-01-28T06:24:27.524+0000] {logging_mixin.py:190} INFO - [2025-01-28T06:24:27.524+0000] {dag.py:3239} INFO - Sync 1 DAGs
[2025-01-28T06:24:27.543+0000] {logging_mixin.py:190} INFO - [2025-01-28T06:24:27.543+0000] {dag.py:4180} INFO - Setting next_dagrun for example_branch_labels to 2025-01-27 00:00:00+00:00, run_after=2025-01-28 00:00:00+00:00
[2025-01-28T06:24:27.561+0000] {processor.py:208} INFO - Processing /home/ubuntu/.local/lib/python3.12/site-packages/airflow/example_dags/example_branch_labels.py took 0.071 seconds
[2025-01-28T06:25:48.618+0000] {processor.py:186} INFO - Started process (PID=5031) to work on /home/ubuntu/.local/lib/python3.12/site-packages/airflow/example_dags/example_branch_labels.py
[2025-01-28T06:25:48.619+0000] {processor.py:914} INFO - Processing file /home/ubuntu/.local/lib/python3.12/site-packages/airflow/example_dags/example_branch_labels.py for tasks to queue
[2025-01-28T06:25:48.622+0000] {logging_mixin.py:190} INFO - [2025-01-28T06:25:48.621+0000] {dagbag.py:588} INFO - Filling up the DagBag from /home/ubuntu/.local/lib/python3.12/site-packages/airflow/example_dags/example_branch_labels.py
[2025-01-28T06:25:48.632+0000] {processor.py:925} INFO - DAG(s) 'example_branch_labels' retrieved from /home/ubuntu/.local/lib/python3.12/site-packages/airflow/example_dags/example_branch_labels.py
[2025-01-28T06:25:48.647+0000] {logging_mixin.py:190} INFO - [2025-01-28T06:25:48.647+0000] {dag.py:3239} INFO - Sync 1 DAGs
[2025-01-28T06:25:48.667+0000] {logging_mixin.py:190} INFO - [2025-01-28T06:25:48.666+0000] {dag.py:4180} INFO - Setting next_dagrun for example_branch_labels to 2025-01-27 00:00:00+00:00, run_after=2025-01-28 00:00:00+00:00
[2025-01-28T06:25:48.686+0000] {processor.py:208} INFO - Processing /home/ubuntu/.local/lib/python3.12/site-packages/airflow/example_dags/example_branch_labels.py took 0.074 seconds
[2025-01-28T06:27:09.713+0000] {processor.py:186} INFO - Started process (PID=5209) to work on /home/ubuntu/.local/lib/python3.12/site-packages/airflow/example_dags/example_branch_labels.py
[2025-01-28T06:27:09.714+0000] {processor.py:914} INFO - Processing file /home/ubuntu/.local/lib/python3.12/site-packages/airflow/example_dags/example_branch_labels.py for tasks to queue
[2025-01-28T06:27:09.717+0000] {logging_mixin.py:190} INFO - [2025-01-28T06:27:09.717+0000] {dagbag.py:588} INFO - Filling up the DagBag from /home/ubuntu/.local/lib/python3.12/site-packages/airflow/example_dags/example_branch_labels.py
[2025-01-28T06:27:09.727+0000] {processor.py:925} INFO - DAG(s) 'example_branch_labels' retrieved from /home/ubuntu/.local/lib/python3.12/site-packages/airflow/example_dags/example_branch_labels.py
[2025-01-28T06:27:09.743+0000] {logging_mixin.py:190} INFO - [2025-01-28T06:27:09.743+0000] {dag.py:3239} INFO - Sync 1 DAGs
[2025-01-28T06:27:09.761+0000] {logging_mixin.py:190} INFO - [2025-01-28T06:27:09.761+0000] {dag.py:4180} INFO - Setting next_dagrun for example_branch_labels to 2025-01-27 00:00:00+00:00, run_after=2025-01-28 00:00:00+00:00
[2025-01-28T06:27:09.782+0000] {processor.py:208} INFO - Processing /home/ubuntu/.local/lib/python3.12/site-packages/airflow/example_dags/example_branch_labels.py took 0.074 seconds
[2025-01-28T06:28:29.204+0000] {processor.py:186} INFO - Started process (PID=5392) to work on /home/ubuntu/.local/lib/python3.12/site-packages/airflow/example_dags/example_branch_labels.py
[2025-01-28T06:28:29.206+0000] {processor.py:914} INFO - Processing file /home/ubuntu/.local/lib/python3.12/site-packages/airflow/example_dags/example_branch_labels.py for tasks to queue
[2025-01-28T06:28:29.207+0000] {logging_mixin.py:190} INFO - [2025-01-28T06:28:29.207+0000] {dagbag.py:588} INFO - Filling up the DagBag from /home/ubuntu/.local/lib/python3.12/site-packages/airflow/example_dags/example_branch_labels.py
[2025-01-28T06:28:29.218+0000] {processor.py:925} INFO - DAG(s) 'example_branch_labels' retrieved from /home/ubuntu/.local/lib/python3.12/site-packages/airflow/example_dags/example_branch_labels.py
[2025-01-28T06:28:29.233+0000] {logging_mixin.py:190} INFO - [2025-01-28T06:28:29.233+0000] {dag.py:3239} INFO - Sync 1 DAGs
[2025-01-28T06:28:29.251+0000] {logging_mixin.py:190} INFO - [2025-01-28T06:28:29.251+0000] {dag.py:4180} INFO - Setting next_dagrun for example_branch_labels to 2025-01-27 00:00:00+00:00, run_after=2025-01-28 00:00:00+00:00
[2025-01-28T06:28:29.273+0000] {processor.py:208} INFO - Processing /home/ubuntu/.local/lib/python3.12/site-packages/airflow/example_dags/example_branch_labels.py took 0.075 seconds
[2025-01-28T06:29:51.842+0000] {processor.py:186} INFO - Started process (PID=5596) to work on /home/ubuntu/.local/lib/python3.12/site-packages/airflow/example_dags/example_branch_labels.py
[2025-01-28T06:29:51.845+0000] {processor.py:914} INFO - Processing file /home/ubuntu/.local/lib/python3.12/site-packages/airflow/example_dags/example_branch_labels.py for tasks to queue
[2025-01-28T06:29:51.847+0000] {logging_mixin.py:190} INFO - [2025-01-28T06:29:51.846+0000] {dagbag.py:588} INFO - Filling up the DagBag from /home/ubuntu/.local/lib/python3.12/site-packages/airflow/example_dags/example_branch_labels.py
[2025-01-28T06:29:51.857+0000] {processor.py:925} INFO - DAG(s) 'example_branch_labels' retrieved from /home/ubuntu/.local/lib/python3.12/site-packages/airflow/example_dags/example_branch_labels.py
[2025-01-28T06:29:51.872+0000] {logging_mixin.py:190} INFO - [2025-01-28T06:29:51.872+0000] {dag.py:3239} INFO - Sync 1 DAGs
[2025-01-28T06:29:51.890+0000] {logging_mixin.py:190} INFO - [2025-01-28T06:29:51.890+0000] {dag.py:4180} INFO - Setting next_dagrun for example_branch_labels to 2025-01-27 00:00:00+00:00, run_after=2025-01-28 00:00:00+00:00
[2025-01-28T06:29:51.912+0000] {processor.py:208} INFO - Processing /home/ubuntu/.local/lib/python3.12/site-packages/airflow/example_dags/example_branch_labels.py took 0.074 seconds
[2025-01-28T06:31:26.953+0000] {processor.py:186} INFO - Started process (PID=5744) to work on /home/ubuntu/.local/lib/python3.12/site-packages/airflow/example_dags/example_branch_labels.py
[2025-01-28T06:31:26.955+0000] {processor.py:914} INFO - Processing file /home/ubuntu/.local/lib/python3.12/site-packages/airflow/example_dags/example_branch_labels.py for tasks to queue
[2025-01-28T06:31:26.957+0000] {logging_mixin.py:190} INFO - [2025-01-28T06:31:26.957+0000] {dagbag.py:588} INFO - Filling up the DagBag from /home/ubuntu/.local/lib/python3.12/site-packages/airflow/example_dags/example_branch_labels.py
[2025-01-28T06:31:26.967+0000] {processor.py:925} INFO - DAG(s) 'example_branch_labels' retrieved from /home/ubuntu/.local/lib/python3.12/site-packages/airflow/example_dags/example_branch_labels.py
[2025-01-28T06:31:26.986+0000] {logging_mixin.py:190} INFO - [2025-01-28T06:31:26.986+0000] {dag.py:3239} INFO - Sync 1 DAGs
[2025-01-28T06:31:27.005+0000] {logging_mixin.py:190} INFO - [2025-01-28T06:31:27.004+0000] {dag.py:4180} INFO - Setting next_dagrun for example_branch_labels to 2025-01-27 00:00:00+00:00, run_after=2025-01-28 00:00:00+00:00
[2025-01-28T06:31:27.029+0000] {processor.py:208} INFO - Processing /home/ubuntu/.local/lib/python3.12/site-packages/airflow/example_dags/example_branch_labels.py took 0.082 seconds
[2025-01-28T06:32:35.554+0000] {processor.py:186} INFO - Started process (PID=5816) to work on /home/ubuntu/.local/lib/python3.12/site-packages/airflow/example_dags/example_branch_labels.py
[2025-01-28T06:32:35.556+0000] {processor.py:914} INFO - Processing file /home/ubuntu/.local/lib/python3.12/site-packages/airflow/example_dags/example_branch_labels.py for tasks to queue
[2025-01-28T06:32:35.557+0000] {logging_mixin.py:190} INFO - [2025-01-28T06:32:35.557+0000] {dagbag.py:588} INFO - Filling up the DagBag from /home/ubuntu/.local/lib/python3.12/site-packages/airflow/example_dags/example_branch_labels.py
[2025-01-28T06:32:35.567+0000] {processor.py:925} INFO - DAG(s) 'example_branch_labels' retrieved from /home/ubuntu/.local/lib/python3.12/site-packages/airflow/example_dags/example_branch_labels.py
[2025-01-28T06:32:35.584+0000] {logging_mixin.py:190} INFO - [2025-01-28T06:32:35.584+0000] {dag.py:3239} INFO - Sync 1 DAGs
[2025-01-28T06:32:35.603+0000] {logging_mixin.py:190} INFO - [2025-01-28T06:32:35.602+0000] {dag.py:4180} INFO - Setting next_dagrun for example_branch_labels to 2025-01-27 00:00:00+00:00, run_after=2025-01-28 00:00:00+00:00
[2025-01-28T06:32:35.624+0000] {processor.py:208} INFO - Processing /home/ubuntu/.local/lib/python3.12/site-packages/airflow/example_dags/example_branch_labels.py took 0.076 seconds
[2025-01-28T06:34:04.513+0000] {processor.py:186} INFO - Started process (PID=5911) to work on /home/ubuntu/.local/lib/python3.12/site-packages/airflow/example_dags/example_branch_labels.py
[2025-01-28T06:34:04.515+0000] {processor.py:914} INFO - Processing file /home/ubuntu/.local/lib/python3.12/site-packages/airflow/example_dags/example_branch_labels.py for tasks to queue
[2025-01-28T06:34:04.517+0000] {logging_mixin.py:190} INFO - [2025-01-28T06:34:04.517+0000] {dagbag.py:588} INFO - Filling up the DagBag from /home/ubuntu/.local/lib/python3.12/site-packages/airflow/example_dags/example_branch_labels.py
[2025-01-28T06:34:04.527+0000] {processor.py:925} INFO - DAG(s) 'example_branch_labels' retrieved from /home/ubuntu/.local/lib/python3.12/site-packages/airflow/example_dags/example_branch_labels.py
[2025-01-28T06:34:04.544+0000] {logging_mixin.py:190} INFO - [2025-01-28T06:34:04.543+0000] {dag.py:3239} INFO - Sync 1 DAGs
[2025-01-28T06:34:04.563+0000] {logging_mixin.py:190} INFO - [2025-01-28T06:34:04.562+0000] {dag.py:4180} INFO - Setting next_dagrun for example_branch_labels to 2025-01-27 00:00:00+00:00, run_after=2025-01-28 00:00:00+00:00
[2025-01-28T06:34:04.584+0000] {processor.py:208} INFO - Processing /home/ubuntu/.local/lib/python3.12/site-packages/airflow/example_dags/example_branch_labels.py took 0.077 seconds
[2025-01-28T06:35:28.396+0000] {processor.py:186} INFO - Started process (PID=6000) to work on /home/ubuntu/.local/lib/python3.12/site-packages/airflow/example_dags/example_branch_labels.py
[2025-01-28T06:35:28.397+0000] {processor.py:914} INFO - Processing file /home/ubuntu/.local/lib/python3.12/site-packages/airflow/example_dags/example_branch_labels.py for tasks to queue
[2025-01-28T06:35:28.400+0000] {logging_mixin.py:190} INFO - [2025-01-28T06:35:28.399+0000] {dagbag.py:588} INFO - Filling up the DagBag from /home/ubuntu/.local/lib/python3.12/site-packages/airflow/example_dags/example_branch_labels.py
[2025-01-28T06:35:28.409+0000] {processor.py:925} INFO - DAG(s) 'example_branch_labels' retrieved from /home/ubuntu/.local/lib/python3.12/site-packages/airflow/example_dags/example_branch_labels.py
[2025-01-28T06:35:28.425+0000] {logging_mixin.py:190} INFO - [2025-01-28T06:35:28.424+0000] {dag.py:3239} INFO - Sync 1 DAGs
[2025-01-28T06:35:28.444+0000] {logging_mixin.py:190} INFO - [2025-01-28T06:35:28.444+0000] {dag.py:4180} INFO - Setting next_dagrun for example_branch_labels to 2025-01-27 00:00:00+00:00, run_after=2025-01-28 00:00:00+00:00
[2025-01-28T06:35:28.467+0000] {processor.py:208} INFO - Processing /home/ubuntu/.local/lib/python3.12/site-packages/airflow/example_dags/example_branch_labels.py took 0.077 seconds
[2025-01-28T06:36:45.144+0000] {processor.py:186} INFO - Started process (PID=6080) to work on /home/ubuntu/.local/lib/python3.12/site-packages/airflow/example_dags/example_branch_labels.py
[2025-01-28T06:36:45.146+0000] {processor.py:914} INFO - Processing file /home/ubuntu/.local/lib/python3.12/site-packages/airflow/example_dags/example_branch_labels.py for tasks to queue
[2025-01-28T06:36:45.148+0000] {logging_mixin.py:190} INFO - [2025-01-28T06:36:45.148+0000] {dagbag.py:588} INFO - Filling up the DagBag from /home/ubuntu/.local/lib/python3.12/site-packages/airflow/example_dags/example_branch_labels.py
[2025-01-28T06:36:45.158+0000] {processor.py:925} INFO - DAG(s) 'example_branch_labels' retrieved from /home/ubuntu/.local/lib/python3.12/site-packages/airflow/example_dags/example_branch_labels.py
[2025-01-28T06:36:45.173+0000] {logging_mixin.py:190} INFO - [2025-01-28T06:36:45.173+0000] {dag.py:3239} INFO - Sync 1 DAGs
[2025-01-28T06:36:45.192+0000] {logging_mixin.py:190} INFO - [2025-01-28T06:36:45.192+0000] {dag.py:4180} INFO - Setting next_dagrun for example_branch_labels to 2025-01-27 00:00:00+00:00, run_after=2025-01-28 00:00:00+00:00
[2025-01-28T06:36:45.214+0000] {processor.py:208} INFO - Processing /home/ubuntu/.local/lib/python3.12/site-packages/airflow/example_dags/example_branch_labels.py took 0.075 seconds
[2025-01-28T06:38:04.955+0000] {processor.py:186} INFO - Started process (PID=6163) to work on /home/ubuntu/.local/lib/python3.12/site-packages/airflow/example_dags/example_branch_labels.py
[2025-01-28T06:38:04.958+0000] {processor.py:914} INFO - Processing file /home/ubuntu/.local/lib/python3.12/site-packages/airflow/example_dags/example_branch_labels.py for tasks to queue
[2025-01-28T06:38:04.959+0000] {logging_mixin.py:190} INFO - [2025-01-28T06:38:04.959+0000] {dagbag.py:588} INFO - Filling up the DagBag from /home/ubuntu/.local/lib/python3.12/site-packages/airflow/example_dags/example_branch_labels.py
[2025-01-28T06:38:04.969+0000] {processor.py:925} INFO - DAG(s) 'example_branch_labels' retrieved from /home/ubuntu/.local/lib/python3.12/site-packages/airflow/example_dags/example_branch_labels.py
[2025-01-28T06:38:04.985+0000] {logging_mixin.py:190} INFO - [2025-01-28T06:38:04.984+0000] {dag.py:3239} INFO - Sync 1 DAGs
[2025-01-28T06:38:05.003+0000] {logging_mixin.py:190} INFO - [2025-01-28T06:38:05.003+0000] {dag.py:4180} INFO - Setting next_dagrun for example_branch_labels to 2025-01-27 00:00:00+00:00, run_after=2025-01-28 00:00:00+00:00
[2025-01-28T06:38:05.026+0000] {processor.py:208} INFO - Processing /home/ubuntu/.local/lib/python3.12/site-packages/airflow/example_dags/example_branch_labels.py took 0.075 seconds
[2025-01-28T06:39:28.693+0000] {processor.py:186} INFO - Started process (PID=6248) to work on /home/ubuntu/.local/lib/python3.12/site-packages/airflow/example_dags/example_branch_labels.py
[2025-01-28T06:39:28.695+0000] {processor.py:914} INFO - Processing file /home/ubuntu/.local/lib/python3.12/site-packages/airflow/example_dags/example_branch_labels.py for tasks to queue
[2025-01-28T06:39:28.697+0000] {logging_mixin.py:190} INFO - [2025-01-28T06:39:28.697+0000] {dagbag.py:588} INFO - Filling up the DagBag from /home/ubuntu/.local/lib/python3.12/site-packages/airflow/example_dags/example_branch_labels.py
[2025-01-28T06:39:28.707+0000] {processor.py:925} INFO - DAG(s) 'example_branch_labels' retrieved from /home/ubuntu/.local/lib/python3.12/site-packages/airflow/example_dags/example_branch_labels.py
[2025-01-28T06:39:28.723+0000] {logging_mixin.py:190} INFO - [2025-01-28T06:39:28.723+0000] {dag.py:3239} INFO - Sync 1 DAGs
[2025-01-28T06:39:28.741+0000] {logging_mixin.py:190} INFO - [2025-01-28T06:39:28.741+0000] {dag.py:4180} INFO - Setting next_dagrun for example_branch_labels to 2025-01-27 00:00:00+00:00, run_after=2025-01-28 00:00:00+00:00
[2025-01-28T06:39:28.763+0000] {processor.py:208} INFO - Processing /home/ubuntu/.local/lib/python3.12/site-packages/airflow/example_dags/example_branch_labels.py took 0.075 seconds
[2025-01-28T06:40:24.809+0000] {processor.py:186} INFO - Started process (PID=6310) to work on /home/ubuntu/.local/lib/python3.12/site-packages/airflow/example_dags/example_branch_labels.py
[2025-01-28T06:40:24.811+0000] {processor.py:914} INFO - Processing file /home/ubuntu/.local/lib/python3.12/site-packages/airflow/example_dags/example_branch_labels.py for tasks to queue
[2025-01-28T06:40:24.813+0000] {logging_mixin.py:190} INFO - [2025-01-28T06:40:24.813+0000] {dagbag.py:588} INFO - Filling up the DagBag from /home/ubuntu/.local/lib/python3.12/site-packages/airflow/example_dags/example_branch_labels.py
[2025-01-28T06:40:24.822+0000] {processor.py:925} INFO - DAG(s) 'example_branch_labels' retrieved from /home/ubuntu/.local/lib/python3.12/site-packages/airflow/example_dags/example_branch_labels.py
[2025-01-28T06:40:24.838+0000] {logging_mixin.py:190} INFO - [2025-01-28T06:40:24.838+0000] {dag.py:3239} INFO - Sync 1 DAGs
[2025-01-28T06:40:24.856+0000] {logging_mixin.py:190} INFO - [2025-01-28T06:40:24.856+0000] {dag.py:4180} INFO - Setting next_dagrun for example_branch_labels to 2025-01-27 00:00:00+00:00, run_after=2025-01-28 00:00:00+00:00
[2025-01-28T06:40:24.878+0000] {processor.py:208} INFO - Processing /home/ubuntu/.local/lib/python3.12/site-packages/airflow/example_dags/example_branch_labels.py took 0.075 seconds
[2025-01-28T06:41:56.358+0000] {processor.py:186} INFO - Started process (PID=6534) to work on /home/ubuntu/.local/lib/python3.12/site-packages/airflow/example_dags/example_branch_labels.py
[2025-01-28T06:41:56.359+0000] {processor.py:914} INFO - Processing file /home/ubuntu/.local/lib/python3.12/site-packages/airflow/example_dags/example_branch_labels.py for tasks to queue
[2025-01-28T06:41:56.361+0000] {logging_mixin.py:190} INFO - [2025-01-28T06:41:56.361+0000] {dagbag.py:588} INFO - Filling up the DagBag from /home/ubuntu/.local/lib/python3.12/site-packages/airflow/example_dags/example_branch_labels.py
[2025-01-28T06:41:56.371+0000] {processor.py:925} INFO - DAG(s) 'example_branch_labels' retrieved from /home/ubuntu/.local/lib/python3.12/site-packages/airflow/example_dags/example_branch_labels.py
[2025-01-28T06:41:56.386+0000] {logging_mixin.py:190} INFO - [2025-01-28T06:41:56.386+0000] {dag.py:3239} INFO - Sync 1 DAGs
[2025-01-28T06:41:56.404+0000] {logging_mixin.py:190} INFO - [2025-01-28T06:41:56.404+0000] {dag.py:4180} INFO - Setting next_dagrun for example_branch_labels to 2025-01-27 00:00:00+00:00, run_after=2025-01-28 00:00:00+00:00
[2025-01-28T06:41:56.426+0000] {processor.py:208} INFO - Processing /home/ubuntu/.local/lib/python3.12/site-packages/airflow/example_dags/example_branch_labels.py took 0.073 seconds
[2025-01-28T06:42:54.948+0000] {processor.py:186} INFO - Started process (PID=6592) to work on /home/ubuntu/.local/lib/python3.12/site-packages/airflow/example_dags/example_branch_labels.py
[2025-01-28T06:42:54.949+0000] {processor.py:914} INFO - Processing file /home/ubuntu/.local/lib/python3.12/site-packages/airflow/example_dags/example_branch_labels.py for tasks to queue
[2025-01-28T06:42:54.952+0000] {logging_mixin.py:190} INFO - [2025-01-28T06:42:54.951+0000] {dagbag.py:588} INFO - Filling up the DagBag from /home/ubuntu/.local/lib/python3.12/site-packages/airflow/example_dags/example_branch_labels.py
[2025-01-28T06:42:54.961+0000] {processor.py:925} INFO - DAG(s) 'example_branch_labels' retrieved from /home/ubuntu/.local/lib/python3.12/site-packages/airflow/example_dags/example_branch_labels.py
[2025-01-28T06:42:54.977+0000] {logging_mixin.py:190} INFO - [2025-01-28T06:42:54.977+0000] {dag.py:3239} INFO - Sync 1 DAGs
[2025-01-28T06:42:55.005+0000] {logging_mixin.py:190} INFO - [2025-01-28T06:42:55.005+0000] {dag.py:4180} INFO - Setting next_dagrun for example_branch_labels to 2025-01-27 00:00:00+00:00, run_after=2025-01-28 00:00:00+00:00
[2025-01-28T06:42:55.029+0000] {processor.py:208} INFO - Processing /home/ubuntu/.local/lib/python3.12/site-packages/airflow/example_dags/example_branch_labels.py took 0.086 seconds
[2025-01-28T06:44:29.978+0000] {processor.py:186} INFO - Started process (PID=6683) to work on /home/ubuntu/.local/lib/python3.12/site-packages/airflow/example_dags/example_branch_labels.py
[2025-01-28T06:44:29.981+0000] {processor.py:914} INFO - Processing file /home/ubuntu/.local/lib/python3.12/site-packages/airflow/example_dags/example_branch_labels.py for tasks to queue
[2025-01-28T06:44:29.983+0000] {logging_mixin.py:190} INFO - [2025-01-28T06:44:29.982+0000] {dagbag.py:588} INFO - Filling up the DagBag from /home/ubuntu/.local/lib/python3.12/site-packages/airflow/example_dags/example_branch_labels.py
[2025-01-28T06:44:29.992+0000] {processor.py:925} INFO - DAG(s) 'example_branch_labels' retrieved from /home/ubuntu/.local/lib/python3.12/site-packages/airflow/example_dags/example_branch_labels.py
[2025-01-28T06:44:30.007+0000] {logging_mixin.py:190} INFO - [2025-01-28T06:44:30.007+0000] {dag.py:3239} INFO - Sync 1 DAGs
[2025-01-28T06:44:30.026+0000] {logging_mixin.py:190} INFO - [2025-01-28T06:44:30.026+0000] {dag.py:4180} INFO - Setting next_dagrun for example_branch_labels to 2025-01-27 00:00:00+00:00, run_after=2025-01-28 00:00:00+00:00
[2025-01-28T06:44:30.177+0000] {processor.py:208} INFO - Processing /home/ubuntu/.local/lib/python3.12/site-packages/airflow/example_dags/example_branch_labels.py took 0.204 seconds
[2025-01-28T06:45:34.138+0000] {processor.py:186} INFO - Started process (PID=6749) to work on /home/ubuntu/.local/lib/python3.12/site-packages/airflow/example_dags/example_branch_labels.py
[2025-01-28T06:45:34.141+0000] {processor.py:914} INFO - Processing file /home/ubuntu/.local/lib/python3.12/site-packages/airflow/example_dags/example_branch_labels.py for tasks to queue
[2025-01-28T06:45:34.143+0000] {logging_mixin.py:190} INFO - [2025-01-28T06:45:34.142+0000] {dagbag.py:588} INFO - Filling up the DagBag from /home/ubuntu/.local/lib/python3.12/site-packages/airflow/example_dags/example_branch_labels.py
[2025-01-28T06:45:34.153+0000] {processor.py:925} INFO - DAG(s) 'example_branch_labels' retrieved from /home/ubuntu/.local/lib/python3.12/site-packages/airflow/example_dags/example_branch_labels.py
[2025-01-28T06:45:34.169+0000] {logging_mixin.py:190} INFO - [2025-01-28T06:45:34.169+0000] {dag.py:3239} INFO - Sync 1 DAGs
[2025-01-28T06:45:34.188+0000] {logging_mixin.py:190} INFO - [2025-01-28T06:45:34.188+0000] {dag.py:4180} INFO - Setting next_dagrun for example_branch_labels to 2025-01-27 00:00:00+00:00, run_after=2025-01-28 00:00:00+00:00
[2025-01-28T06:45:34.214+0000] {processor.py:208} INFO - Processing /home/ubuntu/.local/lib/python3.12/site-packages/airflow/example_dags/example_branch_labels.py took 0.080 seconds
[2025-01-28T06:46:51.825+0000] {processor.py:186} INFO - Started process (PID=7047) to work on /home/ubuntu/.local/lib/python3.12/site-packages/airflow/example_dags/example_branch_labels.py
[2025-01-28T06:46:51.826+0000] {processor.py:914} INFO - Processing file /home/ubuntu/.local/lib/python3.12/site-packages/airflow/example_dags/example_branch_labels.py for tasks to queue
[2025-01-28T06:46:51.828+0000] {logging_mixin.py:190} INFO - [2025-01-28T06:46:51.828+0000] {dagbag.py:588} INFO - Filling up the DagBag from /home/ubuntu/.local/lib/python3.12/site-packages/airflow/example_dags/example_branch_labels.py
[2025-01-28T06:46:51.844+0000] {processor.py:925} INFO - DAG(s) 'example_branch_labels' retrieved from /home/ubuntu/.local/lib/python3.12/site-packages/airflow/example_dags/example_branch_labels.py
[2025-01-28T06:46:51.860+0000] {logging_mixin.py:190} INFO - [2025-01-28T06:46:51.860+0000] {dag.py:3239} INFO - Sync 1 DAGs
[2025-01-28T06:46:51.878+0000] {logging_mixin.py:190} INFO - [2025-01-28T06:46:51.878+0000] {dag.py:4180} INFO - Setting next_dagrun for example_branch_labels to 2025-01-27 00:00:00+00:00, run_after=2025-01-28 00:00:00+00:00
[2025-01-28T06:46:51.900+0000] {processor.py:208} INFO - Processing /home/ubuntu/.local/lib/python3.12/site-packages/airflow/example_dags/example_branch_labels.py took 0.080 seconds
