[2025-01-28T03:39:59.776+0000] {processor.py:186} INFO - Started process (PID=9654) to work on /home/ubuntu/airflow-venv/lib/python3.12/site-packages/airflow/example_dags/example_params_trigger_ui.py
[2025-01-28T03:39:59.777+0000] {processor.py:914} INFO - Processing file /home/ubuntu/airflow-venv/lib/python3.12/site-packages/airflow/example_dags/example_params_trigger_ui.py for tasks to queue
[2025-01-28T03:39:59.779+0000] {logging_mixin.py:190} INFO - [2025-01-28T03:39:59.779+0000] {dagbag.py:588} INFO - Filling up the DagBag from /home/ubuntu/airflow-venv/lib/python3.12/site-packages/airflow/example_dags/example_params_trigger_ui.py
[2025-01-28T03:39:59.789+0000] {processor.py:925} INFO - DAG(s) 'example_params_trigger_ui' retrieved from /home/ubuntu/airflow-venv/lib/python3.12/site-packages/airflow/example_dags/example_params_trigger_ui.py
[2025-01-28T03:39:59.912+0000] {logging_mixin.py:190} INFO - [2025-01-28T03:39:59.911+0000] {override.py:1912} INFO - Created Permission View: can read on DAG:example_params_trigger_ui
[2025-01-28T03:39:59.925+0000] {logging_mixin.py:190} INFO - [2025-01-28T03:39:59.925+0000] {override.py:1912} INFO - Created Permission View: can delete on DAG:example_params_trigger_ui
[2025-01-28T03:39:59.936+0000] {logging_mixin.py:190} INFO - [2025-01-28T03:39:59.936+0000] {override.py:1912} INFO - Created Permission View: can edit on DAG:example_params_trigger_ui
[2025-01-28T03:39:59.953+0000] {logging_mixin.py:190} INFO - [2025-01-28T03:39:59.953+0000] {override.py:1912} INFO - Created Permission View: menu access on DAG Run:example_params_trigger_ui
[2025-01-28T03:39:59.964+0000] {logging_mixin.py:190} INFO - [2025-01-28T03:39:59.964+0000] {override.py:1912} INFO - Created Permission View: can read on DAG Run:example_params_trigger_ui
[2025-01-28T03:39:59.975+0000] {logging_mixin.py:190} INFO - [2025-01-28T03:39:59.974+0000] {override.py:1912} INFO - Created Permission View: can delete on DAG Run:example_params_trigger_ui
[2025-01-28T03:39:59.985+0000] {logging_mixin.py:190} INFO - [2025-01-28T03:39:59.985+0000] {override.py:1912} INFO - Created Permission View: can create on DAG Run:example_params_trigger_ui
[2025-01-28T03:39:59.985+0000] {logging_mixin.py:190} INFO - [2025-01-28T03:39:59.985+0000] {dag.py:3239} INFO - Sync 1 DAGs
[2025-01-28T03:39:59.998+0000] {logging_mixin.py:190} INFO - [2025-01-28T03:39:59.998+0000] {dag.py:3262} INFO - Creating ORM DAG for example_params_trigger_ui
[2025-01-28T03:39:59.998+0000] {logging_mixin.py:190} INFO - [2025-01-28T03:39:59.998+0000] {dag.py:4180} INFO - Setting next_dagrun for example_params_trigger_ui to None, run_after=None
[2025-01-28T03:40:00.021+0000] {processor.py:208} INFO - Processing /home/ubuntu/airflow-venv/lib/python3.12/site-packages/airflow/example_dags/example_params_trigger_ui.py took 0.251 seconds
[2025-01-28T03:41:02.590+0000] {processor.py:186} INFO - Started process (PID=9717) to work on /home/ubuntu/airflow-venv/lib/python3.12/site-packages/airflow/example_dags/example_params_trigger_ui.py
[2025-01-28T03:41:02.591+0000] {processor.py:914} INFO - Processing file /home/ubuntu/airflow-venv/lib/python3.12/site-packages/airflow/example_dags/example_params_trigger_ui.py for tasks to queue
[2025-01-28T03:41:02.593+0000] {logging_mixin.py:190} INFO - [2025-01-28T03:41:02.593+0000] {dagbag.py:588} INFO - Filling up the DagBag from /home/ubuntu/airflow-venv/lib/python3.12/site-packages/airflow/example_dags/example_params_trigger_ui.py
[2025-01-28T03:41:02.604+0000] {processor.py:925} INFO - DAG(s) 'example_params_trigger_ui' retrieved from /home/ubuntu/airflow-venv/lib/python3.12/site-packages/airflow/example_dags/example_params_trigger_ui.py
[2025-01-28T03:41:02.639+0000] {logging_mixin.py:190} INFO - [2025-01-28T03:41:02.639+0000] {dag.py:3239} INFO - Sync 1 DAGs
[2025-01-28T03:41:02.651+0000] {logging_mixin.py:190} INFO - [2025-01-28T03:41:02.651+0000] {dag.py:4180} INFO - Setting next_dagrun for example_params_trigger_ui to None, run_after=None
[2025-01-28T03:41:02.673+0000] {processor.py:208} INFO - Processing /home/ubuntu/airflow-venv/lib/python3.12/site-packages/airflow/example_dags/example_params_trigger_ui.py took 0.088 seconds
[2025-01-28T03:43:37.359+0000] {processor.py:186} INFO - Started process (PID=9816) to work on /home/ubuntu/airflow-venv/lib/python3.12/site-packages/airflow/example_dags/example_params_trigger_ui.py
[2025-01-28T03:43:37.361+0000] {processor.py:914} INFO - Processing file /home/ubuntu/airflow-venv/lib/python3.12/site-packages/airflow/example_dags/example_params_trigger_ui.py for tasks to queue
[2025-01-28T03:43:37.363+0000] {logging_mixin.py:190} INFO - [2025-01-28T03:43:37.362+0000] {dagbag.py:588} INFO - Filling up the DagBag from /home/ubuntu/airflow-venv/lib/python3.12/site-packages/airflow/example_dags/example_params_trigger_ui.py
[2025-01-28T03:43:37.373+0000] {processor.py:925} INFO - DAG(s) 'example_params_trigger_ui' retrieved from /home/ubuntu/airflow-venv/lib/python3.12/site-packages/airflow/example_dags/example_params_trigger_ui.py
[2025-01-28T03:43:37.411+0000] {logging_mixin.py:190} INFO - [2025-01-28T03:43:37.411+0000] {dag.py:3239} INFO - Sync 1 DAGs
[2025-01-28T03:43:37.423+0000] {logging_mixin.py:190} INFO - [2025-01-28T03:43:37.422+0000] {dag.py:4180} INFO - Setting next_dagrun for example_params_trigger_ui to None, run_after=None
[2025-01-28T03:43:37.448+0000] {processor.py:208} INFO - Processing /home/ubuntu/airflow-venv/lib/python3.12/site-packages/airflow/example_dags/example_params_trigger_ui.py took 0.093 seconds
[2025-01-28T03:44:33.912+0000] {processor.py:186} INFO - Started process (PID=9874) to work on /home/ubuntu/airflow-venv/lib/python3.12/site-packages/airflow/example_dags/example_params_trigger_ui.py
[2025-01-28T03:44:33.914+0000] {processor.py:914} INFO - Processing file /home/ubuntu/airflow-venv/lib/python3.12/site-packages/airflow/example_dags/example_params_trigger_ui.py for tasks to queue
[2025-01-28T03:44:33.916+0000] {logging_mixin.py:190} INFO - [2025-01-28T03:44:33.916+0000] {dagbag.py:588} INFO - Filling up the DagBag from /home/ubuntu/airflow-venv/lib/python3.12/site-packages/airflow/example_dags/example_params_trigger_ui.py
[2025-01-28T03:44:33.927+0000] {processor.py:925} INFO - DAG(s) 'example_params_trigger_ui' retrieved from /home/ubuntu/airflow-venv/lib/python3.12/site-packages/airflow/example_dags/example_params_trigger_ui.py
[2025-01-28T03:44:33.962+0000] {logging_mixin.py:190} INFO - [2025-01-28T03:44:33.962+0000] {dag.py:3239} INFO - Sync 1 DAGs
[2025-01-28T03:44:33.974+0000] {logging_mixin.py:190} INFO - [2025-01-28T03:44:33.974+0000] {dag.py:4180} INFO - Setting next_dagrun for example_params_trigger_ui to None, run_after=None
[2025-01-28T03:44:33.998+0000] {processor.py:208} INFO - Processing /home/ubuntu/airflow-venv/lib/python3.12/site-packages/airflow/example_dags/example_params_trigger_ui.py took 0.091 seconds
[2025-01-28T03:45:29.933+0000] {processor.py:186} INFO - Started process (PID=9936) to work on /home/ubuntu/airflow-venv/lib/python3.12/site-packages/airflow/example_dags/example_params_trigger_ui.py
[2025-01-28T03:45:29.934+0000] {processor.py:914} INFO - Processing file /home/ubuntu/airflow-venv/lib/python3.12/site-packages/airflow/example_dags/example_params_trigger_ui.py for tasks to queue
[2025-01-28T03:45:29.936+0000] {logging_mixin.py:190} INFO - [2025-01-28T03:45:29.936+0000] {dagbag.py:588} INFO - Filling up the DagBag from /home/ubuntu/airflow-venv/lib/python3.12/site-packages/airflow/example_dags/example_params_trigger_ui.py
[2025-01-28T03:45:29.947+0000] {processor.py:925} INFO - DAG(s) 'example_params_trigger_ui' retrieved from /home/ubuntu/airflow-venv/lib/python3.12/site-packages/airflow/example_dags/example_params_trigger_ui.py
[2025-01-28T03:45:29.983+0000] {logging_mixin.py:190} INFO - [2025-01-28T03:45:29.982+0000] {dag.py:3239} INFO - Sync 1 DAGs
[2025-01-28T03:45:29.994+0000] {logging_mixin.py:190} INFO - [2025-01-28T03:45:29.994+0000] {dag.py:4180} INFO - Setting next_dagrun for example_params_trigger_ui to None, run_after=None
[2025-01-28T03:45:30.016+0000] {processor.py:208} INFO - Processing /home/ubuntu/airflow-venv/lib/python3.12/site-packages/airflow/example_dags/example_params_trigger_ui.py took 0.087 seconds
[2025-01-28T03:46:22.190+0000] {processor.py:186} INFO - Started process (PID=9990) to work on /home/ubuntu/airflow-venv/lib/python3.12/site-packages/airflow/example_dags/example_params_trigger_ui.py
[2025-01-28T03:46:22.192+0000] {processor.py:914} INFO - Processing file /home/ubuntu/airflow-venv/lib/python3.12/site-packages/airflow/example_dags/example_params_trigger_ui.py for tasks to queue
[2025-01-28T03:46:22.193+0000] {logging_mixin.py:190} INFO - [2025-01-28T03:46:22.193+0000] {dagbag.py:588} INFO - Filling up the DagBag from /home/ubuntu/airflow-venv/lib/python3.12/site-packages/airflow/example_dags/example_params_trigger_ui.py
[2025-01-28T03:46:22.205+0000] {processor.py:925} INFO - DAG(s) 'example_params_trigger_ui' retrieved from /home/ubuntu/airflow-venv/lib/python3.12/site-packages/airflow/example_dags/example_params_trigger_ui.py
[2025-01-28T03:46:22.240+0000] {logging_mixin.py:190} INFO - [2025-01-28T03:46:22.240+0000] {dag.py:3239} INFO - Sync 1 DAGs
[2025-01-28T03:46:22.251+0000] {logging_mixin.py:190} INFO - [2025-01-28T03:46:22.251+0000] {dag.py:4180} INFO - Setting next_dagrun for example_params_trigger_ui to None, run_after=None
[2025-01-28T03:46:22.273+0000] {processor.py:208} INFO - Processing /home/ubuntu/airflow-venv/lib/python3.12/site-packages/airflow/example_dags/example_params_trigger_ui.py took 0.088 seconds
[2025-01-28T03:47:15.459+0000] {processor.py:186} INFO - Started process (PID=10044) to work on /home/ubuntu/airflow-venv/lib/python3.12/site-packages/airflow/example_dags/example_params_trigger_ui.py
[2025-01-28T03:47:15.461+0000] {processor.py:914} INFO - Processing file /home/ubuntu/airflow-venv/lib/python3.12/site-packages/airflow/example_dags/example_params_trigger_ui.py for tasks to queue
[2025-01-28T03:47:15.463+0000] {logging_mixin.py:190} INFO - [2025-01-28T03:47:15.463+0000] {dagbag.py:588} INFO - Filling up the DagBag from /home/ubuntu/airflow-venv/lib/python3.12/site-packages/airflow/example_dags/example_params_trigger_ui.py
[2025-01-28T03:47:15.474+0000] {processor.py:925} INFO - DAG(s) 'example_params_trigger_ui' retrieved from /home/ubuntu/airflow-venv/lib/python3.12/site-packages/airflow/example_dags/example_params_trigger_ui.py
[2025-01-28T03:47:15.509+0000] {logging_mixin.py:190} INFO - [2025-01-28T03:47:15.508+0000] {dag.py:3239} INFO - Sync 1 DAGs
[2025-01-28T03:47:15.520+0000] {logging_mixin.py:190} INFO - [2025-01-28T03:47:15.520+0000] {dag.py:4180} INFO - Setting next_dagrun for example_params_trigger_ui to None, run_after=None
[2025-01-28T03:47:15.543+0000] {processor.py:208} INFO - Processing /home/ubuntu/airflow-venv/lib/python3.12/site-packages/airflow/example_dags/example_params_trigger_ui.py took 0.089 seconds
[2025-01-28T03:48:03.794+0000] {processor.py:186} INFO - Started process (PID=10096) to work on /home/ubuntu/airflow-venv/lib/python3.12/site-packages/airflow/example_dags/example_params_trigger_ui.py
[2025-01-28T03:48:03.796+0000] {processor.py:914} INFO - Processing file /home/ubuntu/airflow-venv/lib/python3.12/site-packages/airflow/example_dags/example_params_trigger_ui.py for tasks to queue
[2025-01-28T03:48:03.797+0000] {logging_mixin.py:190} INFO - [2025-01-28T03:48:03.797+0000] {dagbag.py:588} INFO - Filling up the DagBag from /home/ubuntu/airflow-venv/lib/python3.12/site-packages/airflow/example_dags/example_params_trigger_ui.py
[2025-01-28T03:48:03.808+0000] {processor.py:925} INFO - DAG(s) 'example_params_trigger_ui' retrieved from /home/ubuntu/airflow-venv/lib/python3.12/site-packages/airflow/example_dags/example_params_trigger_ui.py
[2025-01-28T03:48:03.843+0000] {logging_mixin.py:190} INFO - [2025-01-28T03:48:03.843+0000] {dag.py:3239} INFO - Sync 1 DAGs
[2025-01-28T03:48:03.855+0000] {logging_mixin.py:190} INFO - [2025-01-28T03:48:03.854+0000] {dag.py:4180} INFO - Setting next_dagrun for example_params_trigger_ui to None, run_after=None
[2025-01-28T03:48:03.875+0000] {processor.py:208} INFO - Processing /home/ubuntu/airflow-venv/lib/python3.12/site-packages/airflow/example_dags/example_params_trigger_ui.py took 0.086 seconds
[2025-01-28T03:48:57.959+0000] {processor.py:186} INFO - Started process (PID=10151) to work on /home/ubuntu/airflow-venv/lib/python3.12/site-packages/airflow/example_dags/example_params_trigger_ui.py
[2025-01-28T03:48:57.961+0000] {processor.py:914} INFO - Processing file /home/ubuntu/airflow-venv/lib/python3.12/site-packages/airflow/example_dags/example_params_trigger_ui.py for tasks to queue
[2025-01-28T03:48:57.963+0000] {logging_mixin.py:190} INFO - [2025-01-28T03:48:57.963+0000] {dagbag.py:588} INFO - Filling up the DagBag from /home/ubuntu/airflow-venv/lib/python3.12/site-packages/airflow/example_dags/example_params_trigger_ui.py
[2025-01-28T03:48:57.974+0000] {processor.py:925} INFO - DAG(s) 'example_params_trigger_ui' retrieved from /home/ubuntu/airflow-venv/lib/python3.12/site-packages/airflow/example_dags/example_params_trigger_ui.py
[2025-01-28T03:48:58.008+0000] {logging_mixin.py:190} INFO - [2025-01-28T03:48:58.008+0000] {dag.py:3239} INFO - Sync 1 DAGs
[2025-01-28T03:48:58.020+0000] {logging_mixin.py:190} INFO - [2025-01-28T03:48:58.020+0000] {dag.py:4180} INFO - Setting next_dagrun for example_params_trigger_ui to None, run_after=None
[2025-01-28T03:48:58.042+0000] {processor.py:208} INFO - Processing /home/ubuntu/airflow-venv/lib/python3.12/site-packages/airflow/example_dags/example_params_trigger_ui.py took 0.088 seconds
[2025-01-28T03:49:48.339+0000] {processor.py:186} INFO - Started process (PID=10203) to work on /home/ubuntu/airflow-venv/lib/python3.12/site-packages/airflow/example_dags/example_params_trigger_ui.py
[2025-01-28T03:49:48.341+0000] {processor.py:914} INFO - Processing file /home/ubuntu/airflow-venv/lib/python3.12/site-packages/airflow/example_dags/example_params_trigger_ui.py for tasks to queue
[2025-01-28T03:49:48.343+0000] {logging_mixin.py:190} INFO - [2025-01-28T03:49:48.342+0000] {dagbag.py:588} INFO - Filling up the DagBag from /home/ubuntu/airflow-venv/lib/python3.12/site-packages/airflow/example_dags/example_params_trigger_ui.py
[2025-01-28T03:49:48.354+0000] {processor.py:925} INFO - DAG(s) 'example_params_trigger_ui' retrieved from /home/ubuntu/airflow-venv/lib/python3.12/site-packages/airflow/example_dags/example_params_trigger_ui.py
[2025-01-28T03:49:48.388+0000] {logging_mixin.py:190} INFO - [2025-01-28T03:49:48.388+0000] {dag.py:3239} INFO - Sync 1 DAGs
[2025-01-28T03:49:48.399+0000] {logging_mixin.py:190} INFO - [2025-01-28T03:49:48.399+0000] {dag.py:4180} INFO - Setting next_dagrun for example_params_trigger_ui to None, run_after=None
[2025-01-28T03:49:48.421+0000] {processor.py:208} INFO - Processing /home/ubuntu/airflow-venv/lib/python3.12/site-packages/airflow/example_dags/example_params_trigger_ui.py took 0.088 seconds
[2025-01-28T05:55:31.674+0000] {processor.py:186} INFO - Started process (PID=1923) to work on /home/ubuntu/.local/lib/python3.12/site-packages/airflow/example_dags/example_params_trigger_ui.py
[2025-01-28T05:55:31.676+0000] {processor.py:914} INFO - Processing file /home/ubuntu/.local/lib/python3.12/site-packages/airflow/example_dags/example_params_trigger_ui.py for tasks to queue
[2025-01-28T05:55:31.678+0000] {logging_mixin.py:190} INFO - [2025-01-28T05:55:31.678+0000] {dagbag.py:588} INFO - Filling up the DagBag from /home/ubuntu/.local/lib/python3.12/site-packages/airflow/example_dags/example_params_trigger_ui.py
[2025-01-28T05:55:31.690+0000] {processor.py:925} INFO - DAG(s) 'example_params_trigger_ui' retrieved from /home/ubuntu/.local/lib/python3.12/site-packages/airflow/example_dags/example_params_trigger_ui.py
[2025-01-28T05:55:31.802+0000] {logging_mixin.py:190} INFO - [2025-01-28T05:55:31.801+0000] {dag.py:3239} INFO - Sync 1 DAGs
[2025-01-28T05:55:31.813+0000] {logging_mixin.py:190} INFO - [2025-01-28T05:55:31.812+0000] {dag.py:4180} INFO - Setting next_dagrun for example_params_trigger_ui to None, run_after=None
[2025-01-28T05:55:31.839+0000] {processor.py:208} INFO - Processing /home/ubuntu/.local/lib/python3.12/site-packages/airflow/example_dags/example_params_trigger_ui.py took 0.170 seconds
[2025-01-28T05:56:30.866+0000] {processor.py:186} INFO - Started process (PID=1994) to work on /home/ubuntu/.local/lib/python3.12/site-packages/airflow/example_dags/example_params_trigger_ui.py
[2025-01-28T05:56:30.868+0000] {processor.py:914} INFO - Processing file /home/ubuntu/.local/lib/python3.12/site-packages/airflow/example_dags/example_params_trigger_ui.py for tasks to queue
[2025-01-28T05:56:30.870+0000] {logging_mixin.py:190} INFO - [2025-01-28T05:56:30.870+0000] {dagbag.py:588} INFO - Filling up the DagBag from /home/ubuntu/.local/lib/python3.12/site-packages/airflow/example_dags/example_params_trigger_ui.py
[2025-01-28T05:56:30.881+0000] {processor.py:925} INFO - DAG(s) 'example_params_trigger_ui' retrieved from /home/ubuntu/.local/lib/python3.12/site-packages/airflow/example_dags/example_params_trigger_ui.py
[2025-01-28T05:56:30.916+0000] {logging_mixin.py:190} INFO - [2025-01-28T05:56:30.916+0000] {dag.py:3239} INFO - Sync 1 DAGs
[2025-01-28T05:56:30.927+0000] {logging_mixin.py:190} INFO - [2025-01-28T05:56:30.927+0000] {dag.py:4180} INFO - Setting next_dagrun for example_params_trigger_ui to None, run_after=None
[2025-01-28T05:56:30.948+0000] {processor.py:208} INFO - Processing /home/ubuntu/.local/lib/python3.12/site-packages/airflow/example_dags/example_params_trigger_ui.py took 0.086 seconds
[2025-01-28T05:57:27.562+0000] {processor.py:186} INFO - Started process (PID=2074) to work on /home/ubuntu/.local/lib/python3.12/site-packages/airflow/example_dags/example_params_trigger_ui.py
[2025-01-28T05:57:27.563+0000] {processor.py:914} INFO - Processing file /home/ubuntu/.local/lib/python3.12/site-packages/airflow/example_dags/example_params_trigger_ui.py for tasks to queue
[2025-01-28T05:57:27.566+0000] {logging_mixin.py:190} INFO - [2025-01-28T05:57:27.565+0000] {dagbag.py:588} INFO - Filling up the DagBag from /home/ubuntu/.local/lib/python3.12/site-packages/airflow/example_dags/example_params_trigger_ui.py
[2025-01-28T05:57:27.575+0000] {processor.py:925} INFO - DAG(s) 'example_params_trigger_ui' retrieved from /home/ubuntu/.local/lib/python3.12/site-packages/airflow/example_dags/example_params_trigger_ui.py
[2025-01-28T05:57:27.612+0000] {logging_mixin.py:190} INFO - [2025-01-28T05:57:27.612+0000] {dag.py:3239} INFO - Sync 1 DAGs
[2025-01-28T05:57:27.623+0000] {logging_mixin.py:190} INFO - [2025-01-28T05:57:27.623+0000] {dag.py:4180} INFO - Setting next_dagrun for example_params_trigger_ui to None, run_after=None
[2025-01-28T05:57:27.646+0000] {processor.py:208} INFO - Processing /home/ubuntu/.local/lib/python3.12/site-packages/airflow/example_dags/example_params_trigger_ui.py took 0.090 seconds
[2025-01-28T05:58:25.062+0000] {processor.py:186} INFO - Started process (PID=2132) to work on /home/ubuntu/.local/lib/python3.12/site-packages/airflow/example_dags/example_params_trigger_ui.py
[2025-01-28T05:58:25.064+0000] {processor.py:914} INFO - Processing file /home/ubuntu/.local/lib/python3.12/site-packages/airflow/example_dags/example_params_trigger_ui.py for tasks to queue
[2025-01-28T05:58:25.065+0000] {logging_mixin.py:190} INFO - [2025-01-28T05:58:25.065+0000] {dagbag.py:588} INFO - Filling up the DagBag from /home/ubuntu/.local/lib/python3.12/site-packages/airflow/example_dags/example_params_trigger_ui.py
[2025-01-28T05:58:25.077+0000] {processor.py:925} INFO - DAG(s) 'example_params_trigger_ui' retrieved from /home/ubuntu/.local/lib/python3.12/site-packages/airflow/example_dags/example_params_trigger_ui.py
[2025-01-28T05:58:25.111+0000] {logging_mixin.py:190} INFO - [2025-01-28T05:58:25.111+0000] {dag.py:3239} INFO - Sync 1 DAGs
[2025-01-28T05:58:25.123+0000] {logging_mixin.py:190} INFO - [2025-01-28T05:58:25.123+0000] {dag.py:4180} INFO - Setting next_dagrun for example_params_trigger_ui to None, run_after=None
[2025-01-28T05:58:25.148+0000] {processor.py:208} INFO - Processing /home/ubuntu/.local/lib/python3.12/site-packages/airflow/example_dags/example_params_trigger_ui.py took 0.092 seconds
[2025-01-28T05:59:20.795+0000] {processor.py:186} INFO - Started process (PID=2189) to work on /home/ubuntu/.local/lib/python3.12/site-packages/airflow/example_dags/example_params_trigger_ui.py
[2025-01-28T05:59:20.798+0000] {processor.py:914} INFO - Processing file /home/ubuntu/.local/lib/python3.12/site-packages/airflow/example_dags/example_params_trigger_ui.py for tasks to queue
[2025-01-28T05:59:20.800+0000] {logging_mixin.py:190} INFO - [2025-01-28T05:59:20.800+0000] {dagbag.py:588} INFO - Filling up the DagBag from /home/ubuntu/.local/lib/python3.12/site-packages/airflow/example_dags/example_params_trigger_ui.py
[2025-01-28T05:59:20.811+0000] {processor.py:925} INFO - DAG(s) 'example_params_trigger_ui' retrieved from /home/ubuntu/.local/lib/python3.12/site-packages/airflow/example_dags/example_params_trigger_ui.py
[2025-01-28T05:59:20.846+0000] {logging_mixin.py:190} INFO - [2025-01-28T05:59:20.846+0000] {dag.py:3239} INFO - Sync 1 DAGs
[2025-01-28T05:59:20.858+0000] {logging_mixin.py:190} INFO - [2025-01-28T05:59:20.858+0000] {dag.py:4180} INFO - Setting next_dagrun for example_params_trigger_ui to None, run_after=None
[2025-01-28T05:59:20.882+0000] {processor.py:208} INFO - Processing /home/ubuntu/.local/lib/python3.12/site-packages/airflow/example_dags/example_params_trigger_ui.py took 0.092 seconds
[2025-01-28T06:00:14.481+0000] {processor.py:186} INFO - Started process (PID=2245) to work on /home/ubuntu/.local/lib/python3.12/site-packages/airflow/example_dags/example_params_trigger_ui.py
[2025-01-28T06:00:14.483+0000] {processor.py:914} INFO - Processing file /home/ubuntu/.local/lib/python3.12/site-packages/airflow/example_dags/example_params_trigger_ui.py for tasks to queue
[2025-01-28T06:00:14.485+0000] {logging_mixin.py:190} INFO - [2025-01-28T06:00:14.484+0000] {dagbag.py:588} INFO - Filling up the DagBag from /home/ubuntu/.local/lib/python3.12/site-packages/airflow/example_dags/example_params_trigger_ui.py
[2025-01-28T06:00:14.496+0000] {processor.py:925} INFO - DAG(s) 'example_params_trigger_ui' retrieved from /home/ubuntu/.local/lib/python3.12/site-packages/airflow/example_dags/example_params_trigger_ui.py
[2025-01-28T06:00:14.531+0000] {logging_mixin.py:190} INFO - [2025-01-28T06:00:14.531+0000] {dag.py:3239} INFO - Sync 1 DAGs
[2025-01-28T06:00:14.544+0000] {logging_mixin.py:190} INFO - [2025-01-28T06:00:14.544+0000] {dag.py:4180} INFO - Setting next_dagrun for example_params_trigger_ui to None, run_after=None
[2025-01-28T06:00:14.569+0000] {processor.py:208} INFO - Processing /home/ubuntu/.local/lib/python3.12/site-packages/airflow/example_dags/example_params_trigger_ui.py took 0.093 seconds
[2025-01-28T06:01:06.685+0000] {processor.py:186} INFO - Started process (PID=2303) to work on /home/ubuntu/.local/lib/python3.12/site-packages/airflow/example_dags/example_params_trigger_ui.py
[2025-01-28T06:01:06.687+0000] {processor.py:914} INFO - Processing file /home/ubuntu/.local/lib/python3.12/site-packages/airflow/example_dags/example_params_trigger_ui.py for tasks to queue
[2025-01-28T06:01:06.689+0000] {logging_mixin.py:190} INFO - [2025-01-28T06:01:06.689+0000] {dagbag.py:588} INFO - Filling up the DagBag from /home/ubuntu/.local/lib/python3.12/site-packages/airflow/example_dags/example_params_trigger_ui.py
[2025-01-28T06:01:06.700+0000] {processor.py:925} INFO - DAG(s) 'example_params_trigger_ui' retrieved from /home/ubuntu/.local/lib/python3.12/site-packages/airflow/example_dags/example_params_trigger_ui.py
[2025-01-28T06:01:06.745+0000] {logging_mixin.py:190} INFO - [2025-01-28T06:01:06.744+0000] {dag.py:3239} INFO - Sync 1 DAGs
[2025-01-28T06:01:06.756+0000] {logging_mixin.py:190} INFO - [2025-01-28T06:01:06.756+0000] {dag.py:4180} INFO - Setting next_dagrun for example_params_trigger_ui to None, run_after=None
[2025-01-28T06:01:06.779+0000] {processor.py:208} INFO - Processing /home/ubuntu/.local/lib/python3.12/site-packages/airflow/example_dags/example_params_trigger_ui.py took 0.100 seconds
[2025-01-28T06:01:57.712+0000] {processor.py:186} INFO - Started process (PID=2362) to work on /home/ubuntu/.local/lib/python3.12/site-packages/airflow/example_dags/example_params_trigger_ui.py
[2025-01-28T06:01:57.714+0000] {processor.py:914} INFO - Processing file /home/ubuntu/.local/lib/python3.12/site-packages/airflow/example_dags/example_params_trigger_ui.py for tasks to queue
[2025-01-28T06:01:57.716+0000] {logging_mixin.py:190} INFO - [2025-01-28T06:01:57.716+0000] {dagbag.py:588} INFO - Filling up the DagBag from /home/ubuntu/.local/lib/python3.12/site-packages/airflow/example_dags/example_params_trigger_ui.py
[2025-01-28T06:01:57.727+0000] {processor.py:925} INFO - DAG(s) 'example_params_trigger_ui' retrieved from /home/ubuntu/.local/lib/python3.12/site-packages/airflow/example_dags/example_params_trigger_ui.py
[2025-01-28T06:01:57.761+0000] {logging_mixin.py:190} INFO - [2025-01-28T06:01:57.761+0000] {dag.py:3239} INFO - Sync 1 DAGs
[2025-01-28T06:01:57.773+0000] {logging_mixin.py:190} INFO - [2025-01-28T06:01:57.773+0000] {dag.py:4180} INFO - Setting next_dagrun for example_params_trigger_ui to None, run_after=None
[2025-01-28T06:01:57.795+0000] {processor.py:208} INFO - Processing /home/ubuntu/.local/lib/python3.12/site-packages/airflow/example_dags/example_params_trigger_ui.py took 0.088 seconds
[2025-01-28T06:02:49.702+0000] {processor.py:186} INFO - Started process (PID=2427) to work on /home/ubuntu/.local/lib/python3.12/site-packages/airflow/example_dags/example_params_trigger_ui.py
[2025-01-28T06:02:49.704+0000] {processor.py:914} INFO - Processing file /home/ubuntu/.local/lib/python3.12/site-packages/airflow/example_dags/example_params_trigger_ui.py for tasks to queue
[2025-01-28T06:02:49.705+0000] {logging_mixin.py:190} INFO - [2025-01-28T06:02:49.705+0000] {dagbag.py:588} INFO - Filling up the DagBag from /home/ubuntu/.local/lib/python3.12/site-packages/airflow/example_dags/example_params_trigger_ui.py
[2025-01-28T06:02:49.717+0000] {processor.py:925} INFO - DAG(s) 'example_params_trigger_ui' retrieved from /home/ubuntu/.local/lib/python3.12/site-packages/airflow/example_dags/example_params_trigger_ui.py
[2025-01-28T06:02:49.752+0000] {logging_mixin.py:190} INFO - [2025-01-28T06:02:49.751+0000] {dag.py:3239} INFO - Sync 1 DAGs
[2025-01-28T06:02:49.763+0000] {logging_mixin.py:190} INFO - [2025-01-28T06:02:49.763+0000] {dag.py:4180} INFO - Setting next_dagrun for example_params_trigger_ui to None, run_after=None
[2025-01-28T06:02:49.787+0000] {processor.py:208} INFO - Processing /home/ubuntu/.local/lib/python3.12/site-packages/airflow/example_dags/example_params_trigger_ui.py took 0.090 seconds
[2025-01-28T06:04:03.382+0000] {processor.py:186} INFO - Started process (PID=2507) to work on /home/ubuntu/.local/lib/python3.12/site-packages/airflow/example_dags/example_params_trigger_ui.py
[2025-01-28T06:04:03.385+0000] {processor.py:914} INFO - Processing file /home/ubuntu/.local/lib/python3.12/site-packages/airflow/example_dags/example_params_trigger_ui.py for tasks to queue
[2025-01-28T06:04:03.387+0000] {logging_mixin.py:190} INFO - [2025-01-28T06:04:03.387+0000] {dagbag.py:588} INFO - Filling up the DagBag from /home/ubuntu/.local/lib/python3.12/site-packages/airflow/example_dags/example_params_trigger_ui.py
[2025-01-28T06:04:03.398+0000] {processor.py:925} INFO - DAG(s) 'example_params_trigger_ui' retrieved from /home/ubuntu/.local/lib/python3.12/site-packages/airflow/example_dags/example_params_trigger_ui.py
[2025-01-28T06:04:03.442+0000] {logging_mixin.py:190} INFO - [2025-01-28T06:04:03.442+0000] {dag.py:3239} INFO - Sync 1 DAGs
[2025-01-28T06:04:03.454+0000] {logging_mixin.py:190} INFO - [2025-01-28T06:04:03.454+0000] {dag.py:4180} INFO - Setting next_dagrun for example_params_trigger_ui to None, run_after=None
[2025-01-28T06:04:03.479+0000] {processor.py:208} INFO - Processing /home/ubuntu/.local/lib/python3.12/site-packages/airflow/example_dags/example_params_trigger_ui.py took 0.102 seconds
[2025-01-28T06:05:12.100+0000] {processor.py:186} INFO - Started process (PID=2581) to work on /home/ubuntu/.local/lib/python3.12/site-packages/airflow/example_dags/example_params_trigger_ui.py
[2025-01-28T06:05:12.101+0000] {processor.py:914} INFO - Processing file /home/ubuntu/.local/lib/python3.12/site-packages/airflow/example_dags/example_params_trigger_ui.py for tasks to queue
[2025-01-28T06:05:12.103+0000] {logging_mixin.py:190} INFO - [2025-01-28T06:05:12.103+0000] {dagbag.py:588} INFO - Filling up the DagBag from /home/ubuntu/.local/lib/python3.12/site-packages/airflow/example_dags/example_params_trigger_ui.py
[2025-01-28T06:05:12.114+0000] {processor.py:925} INFO - DAG(s) 'example_params_trigger_ui' retrieved from /home/ubuntu/.local/lib/python3.12/site-packages/airflow/example_dags/example_params_trigger_ui.py
[2025-01-28T06:05:12.149+0000] {logging_mixin.py:190} INFO - [2025-01-28T06:05:12.149+0000] {dag.py:3239} INFO - Sync 1 DAGs
[2025-01-28T06:05:12.160+0000] {logging_mixin.py:190} INFO - [2025-01-28T06:05:12.160+0000] {dag.py:4180} INFO - Setting next_dagrun for example_params_trigger_ui to None, run_after=None
[2025-01-28T06:05:12.183+0000] {processor.py:208} INFO - Processing /home/ubuntu/.local/lib/python3.12/site-packages/airflow/example_dags/example_params_trigger_ui.py took 0.088 seconds
[2025-01-28T06:06:18.721+0000] {processor.py:186} INFO - Started process (PID=2657) to work on /home/ubuntu/.local/lib/python3.12/site-packages/airflow/example_dags/example_params_trigger_ui.py
[2025-01-28T06:06:18.723+0000] {processor.py:914} INFO - Processing file /home/ubuntu/.local/lib/python3.12/site-packages/airflow/example_dags/example_params_trigger_ui.py for tasks to queue
[2025-01-28T06:06:18.725+0000] {logging_mixin.py:190} INFO - [2025-01-28T06:06:18.724+0000] {dagbag.py:588} INFO - Filling up the DagBag from /home/ubuntu/.local/lib/python3.12/site-packages/airflow/example_dags/example_params_trigger_ui.py
[2025-01-28T06:06:18.736+0000] {processor.py:925} INFO - DAG(s) 'example_params_trigger_ui' retrieved from /home/ubuntu/.local/lib/python3.12/site-packages/airflow/example_dags/example_params_trigger_ui.py
[2025-01-28T06:06:18.771+0000] {logging_mixin.py:190} INFO - [2025-01-28T06:06:18.771+0000] {dag.py:3239} INFO - Sync 1 DAGs
[2025-01-28T06:06:18.783+0000] {logging_mixin.py:190} INFO - [2025-01-28T06:06:18.783+0000] {dag.py:4180} INFO - Setting next_dagrun for example_params_trigger_ui to None, run_after=None
[2025-01-28T06:06:18.805+0000] {processor.py:208} INFO - Processing /home/ubuntu/.local/lib/python3.12/site-packages/airflow/example_dags/example_params_trigger_ui.py took 0.089 seconds
[2025-01-28T06:07:22.883+0000] {processor.py:186} INFO - Started process (PID=2730) to work on /home/ubuntu/.local/lib/python3.12/site-packages/airflow/example_dags/example_params_trigger_ui.py
[2025-01-28T06:07:22.885+0000] {processor.py:914} INFO - Processing file /home/ubuntu/.local/lib/python3.12/site-packages/airflow/example_dags/example_params_trigger_ui.py for tasks to queue
[2025-01-28T06:07:22.887+0000] {logging_mixin.py:190} INFO - [2025-01-28T06:07:22.887+0000] {dagbag.py:588} INFO - Filling up the DagBag from /home/ubuntu/.local/lib/python3.12/site-packages/airflow/example_dags/example_params_trigger_ui.py
[2025-01-28T06:07:22.898+0000] {processor.py:925} INFO - DAG(s) 'example_params_trigger_ui' retrieved from /home/ubuntu/.local/lib/python3.12/site-packages/airflow/example_dags/example_params_trigger_ui.py
[2025-01-28T06:07:22.932+0000] {logging_mixin.py:190} INFO - [2025-01-28T06:07:22.932+0000] {dag.py:3239} INFO - Sync 1 DAGs
[2025-01-28T06:07:22.943+0000] {logging_mixin.py:190} INFO - [2025-01-28T06:07:22.943+0000] {dag.py:4180} INFO - Setting next_dagrun for example_params_trigger_ui to None, run_after=None
[2025-01-28T06:07:22.966+0000] {processor.py:208} INFO - Processing /home/ubuntu/.local/lib/python3.12/site-packages/airflow/example_dags/example_params_trigger_ui.py took 0.088 seconds
[2025-01-28T06:08:20.979+0000] {processor.py:186} INFO - Started process (PID=2789) to work on /home/ubuntu/.local/lib/python3.12/site-packages/airflow/example_dags/example_params_trigger_ui.py
[2025-01-28T06:08:20.981+0000] {processor.py:914} INFO - Processing file /home/ubuntu/.local/lib/python3.12/site-packages/airflow/example_dags/example_params_trigger_ui.py for tasks to queue
[2025-01-28T06:08:20.984+0000] {logging_mixin.py:190} INFO - [2025-01-28T06:08:20.983+0000] {dagbag.py:588} INFO - Filling up the DagBag from /home/ubuntu/.local/lib/python3.12/site-packages/airflow/example_dags/example_params_trigger_ui.py
[2025-01-28T06:08:20.995+0000] {processor.py:925} INFO - DAG(s) 'example_params_trigger_ui' retrieved from /home/ubuntu/.local/lib/python3.12/site-packages/airflow/example_dags/example_params_trigger_ui.py
[2025-01-28T06:08:21.029+0000] {logging_mixin.py:190} INFO - [2025-01-28T06:08:21.029+0000] {dag.py:3239} INFO - Sync 1 DAGs
[2025-01-28T06:08:21.041+0000] {logging_mixin.py:190} INFO - [2025-01-28T06:08:21.041+0000] {dag.py:4180} INFO - Setting next_dagrun for example_params_trigger_ui to None, run_after=None
[2025-01-28T06:08:21.064+0000] {processor.py:208} INFO - Processing /home/ubuntu/.local/lib/python3.12/site-packages/airflow/example_dags/example_params_trigger_ui.py took 0.090 seconds
[2025-01-28T06:09:18.388+0000] {processor.py:186} INFO - Started process (PID=2849) to work on /home/ubuntu/.local/lib/python3.12/site-packages/airflow/example_dags/example_params_trigger_ui.py
[2025-01-28T06:09:18.390+0000] {processor.py:914} INFO - Processing file /home/ubuntu/.local/lib/python3.12/site-packages/airflow/example_dags/example_params_trigger_ui.py for tasks to queue
[2025-01-28T06:09:18.392+0000] {logging_mixin.py:190} INFO - [2025-01-28T06:09:18.392+0000] {dagbag.py:588} INFO - Filling up the DagBag from /home/ubuntu/.local/lib/python3.12/site-packages/airflow/example_dags/example_params_trigger_ui.py
[2025-01-28T06:09:18.404+0000] {processor.py:925} INFO - DAG(s) 'example_params_trigger_ui' retrieved from /home/ubuntu/.local/lib/python3.12/site-packages/airflow/example_dags/example_params_trigger_ui.py
[2025-01-28T06:09:18.444+0000] {logging_mixin.py:190} INFO - [2025-01-28T06:09:18.444+0000] {dag.py:3239} INFO - Sync 1 DAGs
[2025-01-28T06:09:18.455+0000] {logging_mixin.py:190} INFO - [2025-01-28T06:09:18.455+0000] {dag.py:4180} INFO - Setting next_dagrun for example_params_trigger_ui to None, run_after=None
[2025-01-28T06:09:18.478+0000] {processor.py:208} INFO - Processing /home/ubuntu/.local/lib/python3.12/site-packages/airflow/example_dags/example_params_trigger_ui.py took 0.096 seconds
[2025-01-28T06:10:11.042+0000] {processor.py:186} INFO - Started process (PID=2917) to work on /home/ubuntu/.local/lib/python3.12/site-packages/airflow/example_dags/example_params_trigger_ui.py
[2025-01-28T06:10:11.044+0000] {processor.py:914} INFO - Processing file /home/ubuntu/.local/lib/python3.12/site-packages/airflow/example_dags/example_params_trigger_ui.py for tasks to queue
[2025-01-28T06:10:11.047+0000] {logging_mixin.py:190} INFO - [2025-01-28T06:10:11.046+0000] {dagbag.py:588} INFO - Filling up the DagBag from /home/ubuntu/.local/lib/python3.12/site-packages/airflow/example_dags/example_params_trigger_ui.py
[2025-01-28T06:10:11.057+0000] {processor.py:925} INFO - DAG(s) 'example_params_trigger_ui' retrieved from /home/ubuntu/.local/lib/python3.12/site-packages/airflow/example_dags/example_params_trigger_ui.py
[2025-01-28T06:10:11.092+0000] {logging_mixin.py:190} INFO - [2025-01-28T06:10:11.092+0000] {dag.py:3239} INFO - Sync 1 DAGs
[2025-01-28T06:10:11.104+0000] {logging_mixin.py:190} INFO - [2025-01-28T06:10:11.103+0000] {dag.py:4180} INFO - Setting next_dagrun for example_params_trigger_ui to None, run_after=None
[2025-01-28T06:10:11.128+0000] {processor.py:208} INFO - Processing /home/ubuntu/.local/lib/python3.12/site-packages/airflow/example_dags/example_params_trigger_ui.py took 0.090 seconds
[2025-01-28T06:11:03.265+0000] {processor.py:186} INFO - Started process (PID=2981) to work on /home/ubuntu/.local/lib/python3.12/site-packages/airflow/example_dags/example_params_trigger_ui.py
[2025-01-28T06:11:03.267+0000] {processor.py:914} INFO - Processing file /home/ubuntu/.local/lib/python3.12/site-packages/airflow/example_dags/example_params_trigger_ui.py for tasks to queue
[2025-01-28T06:11:03.270+0000] {logging_mixin.py:190} INFO - [2025-01-28T06:11:03.269+0000] {dagbag.py:588} INFO - Filling up the DagBag from /home/ubuntu/.local/lib/python3.12/site-packages/airflow/example_dags/example_params_trigger_ui.py
[2025-01-28T06:11:03.280+0000] {processor.py:925} INFO - DAG(s) 'example_params_trigger_ui' retrieved from /home/ubuntu/.local/lib/python3.12/site-packages/airflow/example_dags/example_params_trigger_ui.py
[2025-01-28T06:11:03.315+0000] {logging_mixin.py:190} INFO - [2025-01-28T06:11:03.315+0000] {dag.py:3239} INFO - Sync 1 DAGs
[2025-01-28T06:11:03.327+0000] {logging_mixin.py:190} INFO - [2025-01-28T06:11:03.327+0000] {dag.py:4180} INFO - Setting next_dagrun for example_params_trigger_ui to None, run_after=None
[2025-01-28T06:11:03.349+0000] {processor.py:208} INFO - Processing /home/ubuntu/.local/lib/python3.12/site-packages/airflow/example_dags/example_params_trigger_ui.py took 0.090 seconds
[2025-01-28T06:11:56.732+0000] {processor.py:186} INFO - Started process (PID=3038) to work on /home/ubuntu/.local/lib/python3.12/site-packages/airflow/example_dags/example_params_trigger_ui.py
[2025-01-28T06:11:56.734+0000] {processor.py:914} INFO - Processing file /home/ubuntu/.local/lib/python3.12/site-packages/airflow/example_dags/example_params_trigger_ui.py for tasks to queue
[2025-01-28T06:11:56.736+0000] {logging_mixin.py:190} INFO - [2025-01-28T06:11:56.736+0000] {dagbag.py:588} INFO - Filling up the DagBag from /home/ubuntu/.local/lib/python3.12/site-packages/airflow/example_dags/example_params_trigger_ui.py
[2025-01-28T06:11:56.748+0000] {processor.py:925} INFO - DAG(s) 'example_params_trigger_ui' retrieved from /home/ubuntu/.local/lib/python3.12/site-packages/airflow/example_dags/example_params_trigger_ui.py
[2025-01-28T06:11:56.783+0000] {logging_mixin.py:190} INFO - [2025-01-28T06:11:56.783+0000] {dag.py:3239} INFO - Sync 1 DAGs
[2025-01-28T06:11:56.795+0000] {logging_mixin.py:190} INFO - [2025-01-28T06:11:56.794+0000] {dag.py:4180} INFO - Setting next_dagrun for example_params_trigger_ui to None, run_after=None
[2025-01-28T06:11:56.818+0000] {processor.py:208} INFO - Processing /home/ubuntu/.local/lib/python3.12/site-packages/airflow/example_dags/example_params_trigger_ui.py took 0.091 seconds
[2025-01-28T06:12:51.712+0000] {processor.py:186} INFO - Started process (PID=3092) to work on /home/ubuntu/.local/lib/python3.12/site-packages/airflow/example_dags/example_params_trigger_ui.py
[2025-01-28T06:12:51.714+0000] {processor.py:914} INFO - Processing file /home/ubuntu/.local/lib/python3.12/site-packages/airflow/example_dags/example_params_trigger_ui.py for tasks to queue
[2025-01-28T06:12:51.717+0000] {logging_mixin.py:190} INFO - [2025-01-28T06:12:51.716+0000] {dagbag.py:588} INFO - Filling up the DagBag from /home/ubuntu/.local/lib/python3.12/site-packages/airflow/example_dags/example_params_trigger_ui.py
[2025-01-28T06:12:51.729+0000] {processor.py:925} INFO - DAG(s) 'example_params_trigger_ui' retrieved from /home/ubuntu/.local/lib/python3.12/site-packages/airflow/example_dags/example_params_trigger_ui.py
[2025-01-28T06:12:51.769+0000] {logging_mixin.py:190} INFO - [2025-01-28T06:12:51.769+0000] {dag.py:3239} INFO - Sync 1 DAGs
[2025-01-28T06:12:51.780+0000] {logging_mixin.py:190} INFO - [2025-01-28T06:12:51.780+0000] {dag.py:4180} INFO - Setting next_dagrun for example_params_trigger_ui to None, run_after=None
[2025-01-28T06:12:51.802+0000] {processor.py:208} INFO - Processing /home/ubuntu/.local/lib/python3.12/site-packages/airflow/example_dags/example_params_trigger_ui.py took 0.095 seconds
[2025-01-28T06:13:45.727+0000] {processor.py:186} INFO - Started process (PID=3150) to work on /home/ubuntu/.local/lib/python3.12/site-packages/airflow/example_dags/example_params_trigger_ui.py
[2025-01-28T06:13:45.728+0000] {processor.py:914} INFO - Processing file /home/ubuntu/.local/lib/python3.12/site-packages/airflow/example_dags/example_params_trigger_ui.py for tasks to queue
[2025-01-28T06:13:45.730+0000] {logging_mixin.py:190} INFO - [2025-01-28T06:13:45.729+0000] {dagbag.py:588} INFO - Filling up the DagBag from /home/ubuntu/.local/lib/python3.12/site-packages/airflow/example_dags/example_params_trigger_ui.py
[2025-01-28T06:13:45.742+0000] {processor.py:925} INFO - DAG(s) 'example_params_trigger_ui' retrieved from /home/ubuntu/.local/lib/python3.12/site-packages/airflow/example_dags/example_params_trigger_ui.py
[2025-01-28T06:13:45.776+0000] {logging_mixin.py:190} INFO - [2025-01-28T06:13:45.776+0000] {dag.py:3239} INFO - Sync 1 DAGs
[2025-01-28T06:13:45.787+0000] {logging_mixin.py:190} INFO - [2025-01-28T06:13:45.787+0000] {dag.py:4180} INFO - Setting next_dagrun for example_params_trigger_ui to None, run_after=None
[2025-01-28T06:13:45.809+0000] {processor.py:208} INFO - Processing /home/ubuntu/.local/lib/python3.12/site-packages/airflow/example_dags/example_params_trigger_ui.py took 0.087 seconds
[2025-01-28T06:14:38.363+0000] {processor.py:186} INFO - Started process (PID=3204) to work on /home/ubuntu/.local/lib/python3.12/site-packages/airflow/example_dags/example_params_trigger_ui.py
[2025-01-28T06:14:38.364+0000] {processor.py:914} INFO - Processing file /home/ubuntu/.local/lib/python3.12/site-packages/airflow/example_dags/example_params_trigger_ui.py for tasks to queue
[2025-01-28T06:14:38.367+0000] {logging_mixin.py:190} INFO - [2025-01-28T06:14:38.366+0000] {dagbag.py:588} INFO - Filling up the DagBag from /home/ubuntu/.local/lib/python3.12/site-packages/airflow/example_dags/example_params_trigger_ui.py
[2025-01-28T06:14:38.377+0000] {processor.py:925} INFO - DAG(s) 'example_params_trigger_ui' retrieved from /home/ubuntu/.local/lib/python3.12/site-packages/airflow/example_dags/example_params_trigger_ui.py
[2025-01-28T06:14:38.419+0000] {logging_mixin.py:190} INFO - [2025-01-28T06:14:38.418+0000] {dag.py:3239} INFO - Sync 1 DAGs
[2025-01-28T06:14:38.430+0000] {logging_mixin.py:190} INFO - [2025-01-28T06:14:38.430+0000] {dag.py:4180} INFO - Setting next_dagrun for example_params_trigger_ui to None, run_after=None
[2025-01-28T06:14:38.451+0000] {processor.py:208} INFO - Processing /home/ubuntu/.local/lib/python3.12/site-packages/airflow/example_dags/example_params_trigger_ui.py took 0.094 seconds
[2025-01-28T06:15:30.889+0000] {processor.py:186} INFO - Started process (PID=3263) to work on /home/ubuntu/.local/lib/python3.12/site-packages/airflow/example_dags/example_params_trigger_ui.py
[2025-01-28T06:15:30.891+0000] {processor.py:914} INFO - Processing file /home/ubuntu/.local/lib/python3.12/site-packages/airflow/example_dags/example_params_trigger_ui.py for tasks to queue
[2025-01-28T06:15:30.894+0000] {logging_mixin.py:190} INFO - [2025-01-28T06:15:30.893+0000] {dagbag.py:588} INFO - Filling up the DagBag from /home/ubuntu/.local/lib/python3.12/site-packages/airflow/example_dags/example_params_trigger_ui.py
[2025-01-28T06:15:30.904+0000] {processor.py:925} INFO - DAG(s) 'example_params_trigger_ui' retrieved from /home/ubuntu/.local/lib/python3.12/site-packages/airflow/example_dags/example_params_trigger_ui.py
[2025-01-28T06:15:30.939+0000] {logging_mixin.py:190} INFO - [2025-01-28T06:15:30.939+0000] {dag.py:3239} INFO - Sync 1 DAGs
[2025-01-28T06:15:30.950+0000] {logging_mixin.py:190} INFO - [2025-01-28T06:15:30.950+0000] {dag.py:4180} INFO - Setting next_dagrun for example_params_trigger_ui to None, run_after=None
[2025-01-28T06:15:30.974+0000] {processor.py:208} INFO - Processing /home/ubuntu/.local/lib/python3.12/site-packages/airflow/example_dags/example_params_trigger_ui.py took 0.089 seconds
[2025-01-28T06:16:23.554+0000] {processor.py:186} INFO - Started process (PID=3317) to work on /home/ubuntu/.local/lib/python3.12/site-packages/airflow/example_dags/example_params_trigger_ui.py
[2025-01-28T06:16:23.555+0000] {processor.py:914} INFO - Processing file /home/ubuntu/.local/lib/python3.12/site-packages/airflow/example_dags/example_params_trigger_ui.py for tasks to queue
[2025-01-28T06:16:23.557+0000] {logging_mixin.py:190} INFO - [2025-01-28T06:16:23.557+0000] {dagbag.py:588} INFO - Filling up the DagBag from /home/ubuntu/.local/lib/python3.12/site-packages/airflow/example_dags/example_params_trigger_ui.py
[2025-01-28T06:16:23.569+0000] {processor.py:925} INFO - DAG(s) 'example_params_trigger_ui' retrieved from /home/ubuntu/.local/lib/python3.12/site-packages/airflow/example_dags/example_params_trigger_ui.py
[2025-01-28T06:16:23.604+0000] {logging_mixin.py:190} INFO - [2025-01-28T06:16:23.604+0000] {dag.py:3239} INFO - Sync 1 DAGs
[2025-01-28T06:16:23.616+0000] {logging_mixin.py:190} INFO - [2025-01-28T06:16:23.616+0000] {dag.py:4180} INFO - Setting next_dagrun for example_params_trigger_ui to None, run_after=None
[2025-01-28T06:16:23.639+0000] {processor.py:208} INFO - Processing /home/ubuntu/.local/lib/python3.12/site-packages/airflow/example_dags/example_params_trigger_ui.py took 0.093 seconds
[2025-01-28T06:17:18.258+0000] {processor.py:186} INFO - Started process (PID=3376) to work on /home/ubuntu/.local/lib/python3.12/site-packages/airflow/example_dags/example_params_trigger_ui.py
[2025-01-28T06:17:18.260+0000] {processor.py:914} INFO - Processing file /home/ubuntu/.local/lib/python3.12/site-packages/airflow/example_dags/example_params_trigger_ui.py for tasks to queue
[2025-01-28T06:17:18.261+0000] {logging_mixin.py:190} INFO - [2025-01-28T06:17:18.261+0000] {dagbag.py:588} INFO - Filling up the DagBag from /home/ubuntu/.local/lib/python3.12/site-packages/airflow/example_dags/example_params_trigger_ui.py
[2025-01-28T06:17:18.272+0000] {processor.py:925} INFO - DAG(s) 'example_params_trigger_ui' retrieved from /home/ubuntu/.local/lib/python3.12/site-packages/airflow/example_dags/example_params_trigger_ui.py
[2025-01-28T06:17:18.308+0000] {logging_mixin.py:190} INFO - [2025-01-28T06:17:18.308+0000] {dag.py:3239} INFO - Sync 1 DAGs
[2025-01-28T06:17:18.319+0000] {logging_mixin.py:190} INFO - [2025-01-28T06:17:18.319+0000] {dag.py:4180} INFO - Setting next_dagrun for example_params_trigger_ui to None, run_after=None
[2025-01-28T06:17:18.347+0000] {processor.py:208} INFO - Processing /home/ubuntu/.local/lib/python3.12/site-packages/airflow/example_dags/example_params_trigger_ui.py took 0.094 seconds
[2025-01-28T06:18:23.837+0000] {processor.py:186} INFO - Started process (PID=3486) to work on /home/ubuntu/.local/lib/python3.12/site-packages/airflow/example_dags/example_params_trigger_ui.py
[2025-01-28T06:18:23.839+0000] {processor.py:914} INFO - Processing file /home/ubuntu/.local/lib/python3.12/site-packages/airflow/example_dags/example_params_trigger_ui.py for tasks to queue
[2025-01-28T06:18:23.841+0000] {logging_mixin.py:190} INFO - [2025-01-28T06:18:23.840+0000] {dagbag.py:588} INFO - Filling up the DagBag from /home/ubuntu/.local/lib/python3.12/site-packages/airflow/example_dags/example_params_trigger_ui.py
[2025-01-28T06:18:23.852+0000] {processor.py:925} INFO - DAG(s) 'example_params_trigger_ui' retrieved from /home/ubuntu/.local/lib/python3.12/site-packages/airflow/example_dags/example_params_trigger_ui.py
[2025-01-28T06:18:23.887+0000] {logging_mixin.py:190} INFO - [2025-01-28T06:18:23.886+0000] {dag.py:3239} INFO - Sync 1 DAGs
[2025-01-28T06:18:23.898+0000] {logging_mixin.py:190} INFO - [2025-01-28T06:18:23.898+0000] {dag.py:4180} INFO - Setting next_dagrun for example_params_trigger_ui to None, run_after=None
[2025-01-28T06:18:23.921+0000] {processor.py:208} INFO - Processing /home/ubuntu/.local/lib/python3.12/site-packages/airflow/example_dags/example_params_trigger_ui.py took 0.090 seconds
[2025-01-28T06:19:19.017+0000] {processor.py:186} INFO - Started process (PID=3544) to work on /home/ubuntu/.local/lib/python3.12/site-packages/airflow/example_dags/example_params_trigger_ui.py
[2025-01-28T06:19:19.018+0000] {processor.py:914} INFO - Processing file /home/ubuntu/.local/lib/python3.12/site-packages/airflow/example_dags/example_params_trigger_ui.py for tasks to queue
[2025-01-28T06:19:19.021+0000] {logging_mixin.py:190} INFO - [2025-01-28T06:19:19.021+0000] {dagbag.py:588} INFO - Filling up the DagBag from /home/ubuntu/.local/lib/python3.12/site-packages/airflow/example_dags/example_params_trigger_ui.py
[2025-01-28T06:19:19.032+0000] {processor.py:925} INFO - DAG(s) 'example_params_trigger_ui' retrieved from /home/ubuntu/.local/lib/python3.12/site-packages/airflow/example_dags/example_params_trigger_ui.py
[2025-01-28T06:19:19.067+0000] {logging_mixin.py:190} INFO - [2025-01-28T06:19:19.066+0000] {dag.py:3239} INFO - Sync 1 DAGs
[2025-01-28T06:19:19.079+0000] {logging_mixin.py:190} INFO - [2025-01-28T06:19:19.078+0000] {dag.py:4180} INFO - Setting next_dagrun for example_params_trigger_ui to None, run_after=None
[2025-01-28T06:19:19.104+0000] {processor.py:208} INFO - Processing /home/ubuntu/.local/lib/python3.12/site-packages/airflow/example_dags/example_params_trigger_ui.py took 0.092 seconds
[2025-01-28T06:20:12.384+0000] {processor.py:186} INFO - Started process (PID=3601) to work on /home/ubuntu/.local/lib/python3.12/site-packages/airflow/example_dags/example_params_trigger_ui.py
[2025-01-28T06:20:12.385+0000] {processor.py:914} INFO - Processing file /home/ubuntu/.local/lib/python3.12/site-packages/airflow/example_dags/example_params_trigger_ui.py for tasks to queue
[2025-01-28T06:20:12.388+0000] {logging_mixin.py:190} INFO - [2025-01-28T06:20:12.388+0000] {dagbag.py:588} INFO - Filling up the DagBag from /home/ubuntu/.local/lib/python3.12/site-packages/airflow/example_dags/example_params_trigger_ui.py
[2025-01-28T06:20:12.400+0000] {processor.py:925} INFO - DAG(s) 'example_params_trigger_ui' retrieved from /home/ubuntu/.local/lib/python3.12/site-packages/airflow/example_dags/example_params_trigger_ui.py
[2025-01-28T06:20:12.444+0000] {logging_mixin.py:190} INFO - [2025-01-28T06:20:12.444+0000] {dag.py:3239} INFO - Sync 1 DAGs
[2025-01-28T06:20:12.455+0000] {logging_mixin.py:190} INFO - [2025-01-28T06:20:12.455+0000] {dag.py:4180} INFO - Setting next_dagrun for example_params_trigger_ui to None, run_after=None
[2025-01-28T06:20:12.478+0000] {processor.py:208} INFO - Processing /home/ubuntu/.local/lib/python3.12/site-packages/airflow/example_dags/example_params_trigger_ui.py took 0.099 seconds
[2025-01-28T06:21:08.429+0000] {processor.py:186} INFO - Started process (PID=3744) to work on /home/ubuntu/.local/lib/python3.12/site-packages/airflow/example_dags/example_params_trigger_ui.py
[2025-01-28T06:21:08.431+0000] {processor.py:914} INFO - Processing file /home/ubuntu/.local/lib/python3.12/site-packages/airflow/example_dags/example_params_trigger_ui.py for tasks to queue
[2025-01-28T06:21:08.433+0000] {logging_mixin.py:190} INFO - [2025-01-28T06:21:08.433+0000] {dagbag.py:588} INFO - Filling up the DagBag from /home/ubuntu/.local/lib/python3.12/site-packages/airflow/example_dags/example_params_trigger_ui.py
[2025-01-28T06:21:08.444+0000] {processor.py:925} INFO - DAG(s) 'example_params_trigger_ui' retrieved from /home/ubuntu/.local/lib/python3.12/site-packages/airflow/example_dags/example_params_trigger_ui.py
[2025-01-28T06:21:08.479+0000] {logging_mixin.py:190} INFO - [2025-01-28T06:21:08.479+0000] {dag.py:3239} INFO - Sync 1 DAGs
[2025-01-28T06:21:08.491+0000] {logging_mixin.py:190} INFO - [2025-01-28T06:21:08.491+0000] {dag.py:4180} INFO - Setting next_dagrun for example_params_trigger_ui to None, run_after=None
[2025-01-28T06:21:08.513+0000] {processor.py:208} INFO - Processing /home/ubuntu/.local/lib/python3.12/site-packages/airflow/example_dags/example_params_trigger_ui.py took 0.089 seconds
[2025-01-28T06:22:05.561+0000] {processor.py:186} INFO - Started process (PID=3864) to work on /home/ubuntu/.local/lib/python3.12/site-packages/airflow/example_dags/example_params_trigger_ui.py
[2025-01-28T06:22:05.564+0000] {processor.py:914} INFO - Processing file /home/ubuntu/.local/lib/python3.12/site-packages/airflow/example_dags/example_params_trigger_ui.py for tasks to queue
[2025-01-28T06:22:05.566+0000] {logging_mixin.py:190} INFO - [2025-01-28T06:22:05.566+0000] {dagbag.py:588} INFO - Filling up the DagBag from /home/ubuntu/.local/lib/python3.12/site-packages/airflow/example_dags/example_params_trigger_ui.py
[2025-01-28T06:22:05.578+0000] {processor.py:925} INFO - DAG(s) 'example_params_trigger_ui' retrieved from /home/ubuntu/.local/lib/python3.12/site-packages/airflow/example_dags/example_params_trigger_ui.py
[2025-01-28T06:22:05.617+0000] {logging_mixin.py:190} INFO - [2025-01-28T06:22:05.617+0000] {dag.py:3239} INFO - Sync 1 DAGs
[2025-01-28T06:22:05.633+0000] {logging_mixin.py:190} INFO - [2025-01-28T06:22:05.633+0000] {dag.py:4180} INFO - Setting next_dagrun for example_params_trigger_ui to None, run_after=None
[2025-01-28T06:22:05.663+0000] {processor.py:208} INFO - Processing /home/ubuntu/.local/lib/python3.12/site-packages/airflow/example_dags/example_params_trigger_ui.py took 0.106 seconds
[2025-01-28T06:23:01.651+0000] {processor.py:186} INFO - Started process (PID=4222) to work on /home/ubuntu/.local/lib/python3.12/site-packages/airflow/example_dags/example_params_trigger_ui.py
[2025-01-28T06:23:01.653+0000] {processor.py:914} INFO - Processing file /home/ubuntu/.local/lib/python3.12/site-packages/airflow/example_dags/example_params_trigger_ui.py for tasks to queue
[2025-01-28T06:23:01.655+0000] {logging_mixin.py:190} INFO - [2025-01-28T06:23:01.655+0000] {dagbag.py:588} INFO - Filling up the DagBag from /home/ubuntu/.local/lib/python3.12/site-packages/airflow/example_dags/example_params_trigger_ui.py
[2025-01-28T06:23:01.689+0000] {processor.py:925} INFO - DAG(s) 'example_params_trigger_ui' retrieved from /home/ubuntu/.local/lib/python3.12/site-packages/airflow/example_dags/example_params_trigger_ui.py
[2025-01-28T06:23:01.765+0000] {logging_mixin.py:190} INFO - [2025-01-28T06:23:01.765+0000] {dag.py:3239} INFO - Sync 1 DAGs
[2025-01-28T06:23:01.794+0000] {logging_mixin.py:190} INFO - [2025-01-28T06:23:01.792+0000] {dag.py:4180} INFO - Setting next_dagrun for example_params_trigger_ui to None, run_after=None
[2025-01-28T06:23:01.836+0000] {processor.py:208} INFO - Processing /home/ubuntu/.local/lib/python3.12/site-packages/airflow/example_dags/example_params_trigger_ui.py took 0.197 seconds
[2025-01-28T06:23:55.993+0000] {processor.py:186} INFO - Started process (PID=4492) to work on /home/ubuntu/.local/lib/python3.12/site-packages/airflow/example_dags/example_params_trigger_ui.py
[2025-01-28T06:23:55.995+0000] {processor.py:914} INFO - Processing file /home/ubuntu/.local/lib/python3.12/site-packages/airflow/example_dags/example_params_trigger_ui.py for tasks to queue
[2025-01-28T06:23:55.998+0000] {logging_mixin.py:190} INFO - [2025-01-28T06:23:55.997+0000] {dagbag.py:588} INFO - Filling up the DagBag from /home/ubuntu/.local/lib/python3.12/site-packages/airflow/example_dags/example_params_trigger_ui.py
[2025-01-28T06:23:56.009+0000] {processor.py:925} INFO - DAG(s) 'example_params_trigger_ui' retrieved from /home/ubuntu/.local/lib/python3.12/site-packages/airflow/example_dags/example_params_trigger_ui.py
[2025-01-28T06:23:56.046+0000] {logging_mixin.py:190} INFO - [2025-01-28T06:23:56.045+0000] {dag.py:3239} INFO - Sync 1 DAGs
[2025-01-28T06:23:56.057+0000] {logging_mixin.py:190} INFO - [2025-01-28T06:23:56.057+0000] {dag.py:4180} INFO - Setting next_dagrun for example_params_trigger_ui to None, run_after=None
[2025-01-28T06:23:56.078+0000] {processor.py:208} INFO - Processing /home/ubuntu/.local/lib/python3.12/site-packages/airflow/example_dags/example_params_trigger_ui.py took 0.090 seconds
[2025-01-28T06:24:50.625+0000] {processor.py:186} INFO - Started process (PID=4878) to work on /home/ubuntu/.local/lib/python3.12/site-packages/airflow/example_dags/example_params_trigger_ui.py
[2025-01-28T06:24:50.627+0000] {processor.py:914} INFO - Processing file /home/ubuntu/.local/lib/python3.12/site-packages/airflow/example_dags/example_params_trigger_ui.py for tasks to queue
[2025-01-28T06:24:50.629+0000] {logging_mixin.py:190} INFO - [2025-01-28T06:24:50.629+0000] {dagbag.py:588} INFO - Filling up the DagBag from /home/ubuntu/.local/lib/python3.12/site-packages/airflow/example_dags/example_params_trigger_ui.py
[2025-01-28T06:24:50.640+0000] {processor.py:925} INFO - DAG(s) 'example_params_trigger_ui' retrieved from /home/ubuntu/.local/lib/python3.12/site-packages/airflow/example_dags/example_params_trigger_ui.py
[2025-01-28T06:24:50.676+0000] {logging_mixin.py:190} INFO - [2025-01-28T06:24:50.676+0000] {dag.py:3239} INFO - Sync 1 DAGs
[2025-01-28T06:24:50.686+0000] {logging_mixin.py:190} INFO - [2025-01-28T06:24:50.686+0000] {dag.py:4180} INFO - Setting next_dagrun for example_params_trigger_ui to None, run_after=None
[2025-01-28T06:24:50.707+0000] {processor.py:208} INFO - Processing /home/ubuntu/.local/lib/python3.12/site-packages/airflow/example_dags/example_params_trigger_ui.py took 0.086 seconds
[2025-01-28T06:25:44.333+0000] {processor.py:186} INFO - Started process (PID=5026) to work on /home/ubuntu/.local/lib/python3.12/site-packages/airflow/example_dags/example_params_trigger_ui.py
[2025-01-28T06:25:44.335+0000] {processor.py:914} INFO - Processing file /home/ubuntu/.local/lib/python3.12/site-packages/airflow/example_dags/example_params_trigger_ui.py for tasks to queue
[2025-01-28T06:25:44.336+0000] {logging_mixin.py:190} INFO - [2025-01-28T06:25:44.336+0000] {dagbag.py:588} INFO - Filling up the DagBag from /home/ubuntu/.local/lib/python3.12/site-packages/airflow/example_dags/example_params_trigger_ui.py
[2025-01-28T06:25:44.347+0000] {processor.py:925} INFO - DAG(s) 'example_params_trigger_ui' retrieved from /home/ubuntu/.local/lib/python3.12/site-packages/airflow/example_dags/example_params_trigger_ui.py
[2025-01-28T06:25:44.382+0000] {logging_mixin.py:190} INFO - [2025-01-28T06:25:44.382+0000] {dag.py:3239} INFO - Sync 1 DAGs
[2025-01-28T06:25:44.394+0000] {logging_mixin.py:190} INFO - [2025-01-28T06:25:44.394+0000] {dag.py:4180} INFO - Setting next_dagrun for example_params_trigger_ui to None, run_after=None
[2025-01-28T06:25:44.414+0000] {processor.py:208} INFO - Processing /home/ubuntu/.local/lib/python3.12/site-packages/airflow/example_dags/example_params_trigger_ui.py took 0.085 seconds
[2025-01-28T06:26:38.754+0000] {processor.py:186} INFO - Started process (PID=5176) to work on /home/ubuntu/.local/lib/python3.12/site-packages/airflow/example_dags/example_params_trigger_ui.py
[2025-01-28T06:26:38.756+0000] {processor.py:914} INFO - Processing file /home/ubuntu/.local/lib/python3.12/site-packages/airflow/example_dags/example_params_trigger_ui.py for tasks to queue
[2025-01-28T06:26:38.758+0000] {logging_mixin.py:190} INFO - [2025-01-28T06:26:38.757+0000] {dagbag.py:588} INFO - Filling up the DagBag from /home/ubuntu/.local/lib/python3.12/site-packages/airflow/example_dags/example_params_trigger_ui.py
[2025-01-28T06:26:38.770+0000] {processor.py:925} INFO - DAG(s) 'example_params_trigger_ui' retrieved from /home/ubuntu/.local/lib/python3.12/site-packages/airflow/example_dags/example_params_trigger_ui.py
[2025-01-28T06:26:38.804+0000] {logging_mixin.py:190} INFO - [2025-01-28T06:26:38.804+0000] {dag.py:3239} INFO - Sync 1 DAGs
[2025-01-28T06:26:38.816+0000] {logging_mixin.py:190} INFO - [2025-01-28T06:26:38.815+0000] {dag.py:4180} INFO - Setting next_dagrun for example_params_trigger_ui to None, run_after=None
[2025-01-28T06:26:38.836+0000] {processor.py:208} INFO - Processing /home/ubuntu/.local/lib/python3.12/site-packages/airflow/example_dags/example_params_trigger_ui.py took 0.087 seconds
[2025-01-28T06:27:31.221+0000] {processor.py:186} INFO - Started process (PID=5232) to work on /home/ubuntu/.local/lib/python3.12/site-packages/airflow/example_dags/example_params_trigger_ui.py
[2025-01-28T06:27:31.223+0000] {processor.py:914} INFO - Processing file /home/ubuntu/.local/lib/python3.12/site-packages/airflow/example_dags/example_params_trigger_ui.py for tasks to queue
[2025-01-28T06:27:31.225+0000] {logging_mixin.py:190} INFO - [2025-01-28T06:27:31.224+0000] {dagbag.py:588} INFO - Filling up the DagBag from /home/ubuntu/.local/lib/python3.12/site-packages/airflow/example_dags/example_params_trigger_ui.py
[2025-01-28T06:27:31.236+0000] {processor.py:925} INFO - DAG(s) 'example_params_trigger_ui' retrieved from /home/ubuntu/.local/lib/python3.12/site-packages/airflow/example_dags/example_params_trigger_ui.py
[2025-01-28T06:27:31.271+0000] {logging_mixin.py:190} INFO - [2025-01-28T06:27:31.271+0000] {dag.py:3239} INFO - Sync 1 DAGs
[2025-01-28T06:27:31.283+0000] {logging_mixin.py:190} INFO - [2025-01-28T06:27:31.282+0000] {dag.py:4180} INFO - Setting next_dagrun for example_params_trigger_ui to None, run_after=None
[2025-01-28T06:27:31.301+0000] {processor.py:208} INFO - Processing /home/ubuntu/.local/lib/python3.12/site-packages/airflow/example_dags/example_params_trigger_ui.py took 0.086 seconds
[2025-01-28T06:28:23.914+0000] {processor.py:186} INFO - Started process (PID=5363) to work on /home/ubuntu/.local/lib/python3.12/site-packages/airflow/example_dags/example_params_trigger_ui.py
[2025-01-28T06:28:23.916+0000] {processor.py:914} INFO - Processing file /home/ubuntu/.local/lib/python3.12/site-packages/airflow/example_dags/example_params_trigger_ui.py for tasks to queue
[2025-01-28T06:28:23.918+0000] {logging_mixin.py:190} INFO - [2025-01-28T06:28:23.918+0000] {dagbag.py:588} INFO - Filling up the DagBag from /home/ubuntu/.local/lib/python3.12/site-packages/airflow/example_dags/example_params_trigger_ui.py
[2025-01-28T06:28:23.929+0000] {processor.py:925} INFO - DAG(s) 'example_params_trigger_ui' retrieved from /home/ubuntu/.local/lib/python3.12/site-packages/airflow/example_dags/example_params_trigger_ui.py
[2025-01-28T06:28:23.964+0000] {logging_mixin.py:190} INFO - [2025-01-28T06:28:23.964+0000] {dag.py:3239} INFO - Sync 1 DAGs
[2025-01-28T06:28:23.975+0000] {logging_mixin.py:190} INFO - [2025-01-28T06:28:23.975+0000] {dag.py:4180} INFO - Setting next_dagrun for example_params_trigger_ui to None, run_after=None
[2025-01-28T06:28:24.000+0000] {processor.py:208} INFO - Processing /home/ubuntu/.local/lib/python3.12/site-packages/airflow/example_dags/example_params_trigger_ui.py took 0.091 seconds
[2025-01-28T06:29:18.377+0000] {processor.py:186} INFO - Started process (PID=5561) to work on /home/ubuntu/.local/lib/python3.12/site-packages/airflow/example_dags/example_params_trigger_ui.py
[2025-01-28T06:29:18.379+0000] {processor.py:914} INFO - Processing file /home/ubuntu/.local/lib/python3.12/site-packages/airflow/example_dags/example_params_trigger_ui.py for tasks to queue
[2025-01-28T06:29:18.382+0000] {logging_mixin.py:190} INFO - [2025-01-28T06:29:18.382+0000] {dagbag.py:588} INFO - Filling up the DagBag from /home/ubuntu/.local/lib/python3.12/site-packages/airflow/example_dags/example_params_trigger_ui.py
[2025-01-28T06:29:18.393+0000] {processor.py:925} INFO - DAG(s) 'example_params_trigger_ui' retrieved from /home/ubuntu/.local/lib/python3.12/site-packages/airflow/example_dags/example_params_trigger_ui.py
[2025-01-28T06:29:18.428+0000] {logging_mixin.py:190} INFO - [2025-01-28T06:29:18.428+0000] {dag.py:3239} INFO - Sync 1 DAGs
[2025-01-28T06:29:18.440+0000] {logging_mixin.py:190} INFO - [2025-01-28T06:29:18.440+0000] {dag.py:4180} INFO - Setting next_dagrun for example_params_trigger_ui to None, run_after=None
[2025-01-28T06:29:18.464+0000] {processor.py:208} INFO - Processing /home/ubuntu/.local/lib/python3.12/site-packages/airflow/example_dags/example_params_trigger_ui.py took 0.093 seconds
[2025-01-28T06:30:13.201+0000] {processor.py:186} INFO - Started process (PID=5619) to work on /home/ubuntu/.local/lib/python3.12/site-packages/airflow/example_dags/example_params_trigger_ui.py
[2025-01-28T06:30:13.203+0000] {processor.py:914} INFO - Processing file /home/ubuntu/.local/lib/python3.12/site-packages/airflow/example_dags/example_params_trigger_ui.py for tasks to queue
[2025-01-28T06:30:13.205+0000] {logging_mixin.py:190} INFO - [2025-01-28T06:30:13.204+0000] {dagbag.py:588} INFO - Filling up the DagBag from /home/ubuntu/.local/lib/python3.12/site-packages/airflow/example_dags/example_params_trigger_ui.py
[2025-01-28T06:30:13.216+0000] {processor.py:925} INFO - DAG(s) 'example_params_trigger_ui' retrieved from /home/ubuntu/.local/lib/python3.12/site-packages/airflow/example_dags/example_params_trigger_ui.py
[2025-01-28T06:30:13.251+0000] {logging_mixin.py:190} INFO - [2025-01-28T06:30:13.250+0000] {dag.py:3239} INFO - Sync 1 DAGs
[2025-01-28T06:30:13.264+0000] {logging_mixin.py:190} INFO - [2025-01-28T06:30:13.263+0000] {dag.py:4180} INFO - Setting next_dagrun for example_params_trigger_ui to None, run_after=None
[2025-01-28T06:30:13.287+0000] {processor.py:208} INFO - Processing /home/ubuntu/.local/lib/python3.12/site-packages/airflow/example_dags/example_params_trigger_ui.py took 0.091 seconds
[2025-01-28T06:31:21.507+0000] {processor.py:186} INFO - Started process (PID=5739) to work on /home/ubuntu/.local/lib/python3.12/site-packages/airflow/example_dags/example_params_trigger_ui.py
[2025-01-28T06:31:21.509+0000] {processor.py:914} INFO - Processing file /home/ubuntu/.local/lib/python3.12/site-packages/airflow/example_dags/example_params_trigger_ui.py for tasks to queue
[2025-01-28T06:31:21.511+0000] {logging_mixin.py:190} INFO - [2025-01-28T06:31:21.511+0000] {dagbag.py:588} INFO - Filling up the DagBag from /home/ubuntu/.local/lib/python3.12/site-packages/airflow/example_dags/example_params_trigger_ui.py
[2025-01-28T06:31:21.522+0000] {processor.py:925} INFO - DAG(s) 'example_params_trigger_ui' retrieved from /home/ubuntu/.local/lib/python3.12/site-packages/airflow/example_dags/example_params_trigger_ui.py
[2025-01-28T06:31:21.561+0000] {logging_mixin.py:190} INFO - [2025-01-28T06:31:21.560+0000] {dag.py:3239} INFO - Sync 1 DAGs
[2025-01-28T06:31:21.574+0000] {logging_mixin.py:190} INFO - [2025-01-28T06:31:21.574+0000] {dag.py:4180} INFO - Setting next_dagrun for example_params_trigger_ui to None, run_after=None
[2025-01-28T06:31:21.599+0000] {processor.py:208} INFO - Processing /home/ubuntu/.local/lib/python3.12/site-packages/airflow/example_dags/example_params_trigger_ui.py took 0.097 seconds
[2025-01-28T06:32:30.394+0000] {processor.py:186} INFO - Started process (PID=5811) to work on /home/ubuntu/.local/lib/python3.12/site-packages/airflow/example_dags/example_params_trigger_ui.py
[2025-01-28T06:32:30.396+0000] {processor.py:914} INFO - Processing file /home/ubuntu/.local/lib/python3.12/site-packages/airflow/example_dags/example_params_trigger_ui.py for tasks to queue
[2025-01-28T06:32:30.397+0000] {logging_mixin.py:190} INFO - [2025-01-28T06:32:30.397+0000] {dagbag.py:588} INFO - Filling up the DagBag from /home/ubuntu/.local/lib/python3.12/site-packages/airflow/example_dags/example_params_trigger_ui.py
[2025-01-28T06:32:30.408+0000] {processor.py:925} INFO - DAG(s) 'example_params_trigger_ui' retrieved from /home/ubuntu/.local/lib/python3.12/site-packages/airflow/example_dags/example_params_trigger_ui.py
[2025-01-28T06:32:30.443+0000] {logging_mixin.py:190} INFO - [2025-01-28T06:32:30.443+0000] {dag.py:3239} INFO - Sync 1 DAGs
[2025-01-28T06:32:30.455+0000] {logging_mixin.py:190} INFO - [2025-01-28T06:32:30.455+0000] {dag.py:4180} INFO - Setting next_dagrun for example_params_trigger_ui to None, run_after=None
[2025-01-28T06:32:30.478+0000] {processor.py:208} INFO - Processing /home/ubuntu/.local/lib/python3.12/site-packages/airflow/example_dags/example_params_trigger_ui.py took 0.090 seconds
[2025-01-28T06:33:28.205+0000] {processor.py:186} INFO - Started process (PID=5874) to work on /home/ubuntu/.local/lib/python3.12/site-packages/airflow/example_dags/example_params_trigger_ui.py
[2025-01-28T06:33:28.206+0000] {processor.py:914} INFO - Processing file /home/ubuntu/.local/lib/python3.12/site-packages/airflow/example_dags/example_params_trigger_ui.py for tasks to queue
[2025-01-28T06:33:28.209+0000] {logging_mixin.py:190} INFO - [2025-01-28T06:33:28.209+0000] {dagbag.py:588} INFO - Filling up the DagBag from /home/ubuntu/.local/lib/python3.12/site-packages/airflow/example_dags/example_params_trigger_ui.py
[2025-01-28T06:33:28.219+0000] {processor.py:925} INFO - DAG(s) 'example_params_trigger_ui' retrieved from /home/ubuntu/.local/lib/python3.12/site-packages/airflow/example_dags/example_params_trigger_ui.py
[2025-01-28T06:33:28.255+0000] {logging_mixin.py:190} INFO - [2025-01-28T06:33:28.255+0000] {dag.py:3239} INFO - Sync 1 DAGs
[2025-01-28T06:33:28.266+0000] {logging_mixin.py:190} INFO - [2025-01-28T06:33:28.266+0000] {dag.py:4180} INFO - Setting next_dagrun for example_params_trigger_ui to None, run_after=None
[2025-01-28T06:33:28.292+0000] {processor.py:208} INFO - Processing /home/ubuntu/.local/lib/python3.12/site-packages/airflow/example_dags/example_params_trigger_ui.py took 0.093 seconds
[2025-01-28T06:34:26.244+0000] {processor.py:186} INFO - Started process (PID=5933) to work on /home/ubuntu/.local/lib/python3.12/site-packages/airflow/example_dags/example_params_trigger_ui.py
[2025-01-28T06:34:26.246+0000] {processor.py:914} INFO - Processing file /home/ubuntu/.local/lib/python3.12/site-packages/airflow/example_dags/example_params_trigger_ui.py for tasks to queue
[2025-01-28T06:34:26.248+0000] {logging_mixin.py:190} INFO - [2025-01-28T06:34:26.248+0000] {dagbag.py:588} INFO - Filling up the DagBag from /home/ubuntu/.local/lib/python3.12/site-packages/airflow/example_dags/example_params_trigger_ui.py
[2025-01-28T06:34:26.259+0000] {processor.py:925} INFO - DAG(s) 'example_params_trigger_ui' retrieved from /home/ubuntu/.local/lib/python3.12/site-packages/airflow/example_dags/example_params_trigger_ui.py
[2025-01-28T06:34:26.294+0000] {logging_mixin.py:190} INFO - [2025-01-28T06:34:26.293+0000] {dag.py:3239} INFO - Sync 1 DAGs
[2025-01-28T06:34:26.306+0000] {logging_mixin.py:190} INFO - [2025-01-28T06:34:26.306+0000] {dag.py:4180} INFO - Setting next_dagrun for example_params_trigger_ui to None, run_after=None
[2025-01-28T06:34:26.330+0000] {processor.py:208} INFO - Processing /home/ubuntu/.local/lib/python3.12/site-packages/airflow/example_dags/example_params_trigger_ui.py took 0.092 seconds
[2025-01-28T06:35:21.622+0000] {processor.py:186} INFO - Started process (PID=5993) to work on /home/ubuntu/.local/lib/python3.12/site-packages/airflow/example_dags/example_params_trigger_ui.py
[2025-01-28T06:35:21.624+0000] {processor.py:914} INFO - Processing file /home/ubuntu/.local/lib/python3.12/site-packages/airflow/example_dags/example_params_trigger_ui.py for tasks to queue
[2025-01-28T06:35:21.626+0000] {logging_mixin.py:190} INFO - [2025-01-28T06:35:21.626+0000] {dagbag.py:588} INFO - Filling up the DagBag from /home/ubuntu/.local/lib/python3.12/site-packages/airflow/example_dags/example_params_trigger_ui.py
[2025-01-28T06:35:21.638+0000] {processor.py:925} INFO - DAG(s) 'example_params_trigger_ui' retrieved from /home/ubuntu/.local/lib/python3.12/site-packages/airflow/example_dags/example_params_trigger_ui.py
[2025-01-28T06:35:21.672+0000] {logging_mixin.py:190} INFO - [2025-01-28T06:35:21.672+0000] {dag.py:3239} INFO - Sync 1 DAGs
[2025-01-28T06:35:21.684+0000] {logging_mixin.py:190} INFO - [2025-01-28T06:35:21.683+0000] {dag.py:4180} INFO - Setting next_dagrun for example_params_trigger_ui to None, run_after=None
[2025-01-28T06:35:21.705+0000] {processor.py:208} INFO - Processing /home/ubuntu/.local/lib/python3.12/site-packages/airflow/example_dags/example_params_trigger_ui.py took 0.089 seconds
[2025-01-28T06:36:14.858+0000] {processor.py:186} INFO - Started process (PID=6049) to work on /home/ubuntu/.local/lib/python3.12/site-packages/airflow/example_dags/example_params_trigger_ui.py
[2025-01-28T06:36:14.860+0000] {processor.py:914} INFO - Processing file /home/ubuntu/.local/lib/python3.12/site-packages/airflow/example_dags/example_params_trigger_ui.py for tasks to queue
[2025-01-28T06:36:14.862+0000] {logging_mixin.py:190} INFO - [2025-01-28T06:36:14.861+0000] {dagbag.py:588} INFO - Filling up the DagBag from /home/ubuntu/.local/lib/python3.12/site-packages/airflow/example_dags/example_params_trigger_ui.py
[2025-01-28T06:36:14.873+0000] {processor.py:925} INFO - DAG(s) 'example_params_trigger_ui' retrieved from /home/ubuntu/.local/lib/python3.12/site-packages/airflow/example_dags/example_params_trigger_ui.py
[2025-01-28T06:36:14.908+0000] {logging_mixin.py:190} INFO - [2025-01-28T06:36:14.908+0000] {dag.py:3239} INFO - Sync 1 DAGs
[2025-01-28T06:36:14.921+0000] {logging_mixin.py:190} INFO - [2025-01-28T06:36:14.921+0000] {dag.py:4180} INFO - Setting next_dagrun for example_params_trigger_ui to None, run_after=None
[2025-01-28T06:36:14.952+0000] {processor.py:208} INFO - Processing /home/ubuntu/.local/lib/python3.12/site-packages/airflow/example_dags/example_params_trigger_ui.py took 0.099 seconds
[2025-01-28T06:37:06.339+0000] {processor.py:186} INFO - Started process (PID=6102) to work on /home/ubuntu/.local/lib/python3.12/site-packages/airflow/example_dags/example_params_trigger_ui.py
[2025-01-28T06:37:06.341+0000] {processor.py:914} INFO - Processing file /home/ubuntu/.local/lib/python3.12/site-packages/airflow/example_dags/example_params_trigger_ui.py for tasks to queue
[2025-01-28T06:37:06.343+0000] {logging_mixin.py:190} INFO - [2025-01-28T06:37:06.343+0000] {dagbag.py:588} INFO - Filling up the DagBag from /home/ubuntu/.local/lib/python3.12/site-packages/airflow/example_dags/example_params_trigger_ui.py
[2025-01-28T06:37:06.354+0000] {processor.py:925} INFO - DAG(s) 'example_params_trigger_ui' retrieved from /home/ubuntu/.local/lib/python3.12/site-packages/airflow/example_dags/example_params_trigger_ui.py
[2025-01-28T06:37:06.389+0000] {logging_mixin.py:190} INFO - [2025-01-28T06:37:06.388+0000] {dag.py:3239} INFO - Sync 1 DAGs
[2025-01-28T06:37:06.400+0000] {logging_mixin.py:190} INFO - [2025-01-28T06:37:06.400+0000] {dag.py:4180} INFO - Setting next_dagrun for example_params_trigger_ui to None, run_after=None
[2025-01-28T06:37:06.423+0000] {processor.py:208} INFO - Processing /home/ubuntu/.local/lib/python3.12/site-packages/airflow/example_dags/example_params_trigger_ui.py took 0.089 seconds
[2025-01-28T06:37:59.804+0000] {processor.py:186} INFO - Started process (PID=6157) to work on /home/ubuntu/.local/lib/python3.12/site-packages/airflow/example_dags/example_params_trigger_ui.py
[2025-01-28T06:37:59.805+0000] {processor.py:914} INFO - Processing file /home/ubuntu/.local/lib/python3.12/site-packages/airflow/example_dags/example_params_trigger_ui.py for tasks to queue
[2025-01-28T06:37:59.807+0000] {logging_mixin.py:190} INFO - [2025-01-28T06:37:59.807+0000] {dagbag.py:588} INFO - Filling up the DagBag from /home/ubuntu/.local/lib/python3.12/site-packages/airflow/example_dags/example_params_trigger_ui.py
[2025-01-28T06:37:59.818+0000] {processor.py:925} INFO - DAG(s) 'example_params_trigger_ui' retrieved from /home/ubuntu/.local/lib/python3.12/site-packages/airflow/example_dags/example_params_trigger_ui.py
[2025-01-28T06:37:59.854+0000] {logging_mixin.py:190} INFO - [2025-01-28T06:37:59.854+0000] {dag.py:3239} INFO - Sync 1 DAGs
[2025-01-28T06:37:59.865+0000] {logging_mixin.py:190} INFO - [2025-01-28T06:37:59.864+0000] {dag.py:4180} INFO - Setting next_dagrun for example_params_trigger_ui to None, run_after=None
[2025-01-28T06:37:59.888+0000] {processor.py:208} INFO - Processing /home/ubuntu/.local/lib/python3.12/site-packages/airflow/example_dags/example_params_trigger_ui.py took 0.089 seconds
[2025-01-28T06:38:53.661+0000] {processor.py:186} INFO - Started process (PID=6214) to work on /home/ubuntu/.local/lib/python3.12/site-packages/airflow/example_dags/example_params_trigger_ui.py
[2025-01-28T06:38:53.663+0000] {processor.py:914} INFO - Processing file /home/ubuntu/.local/lib/python3.12/site-packages/airflow/example_dags/example_params_trigger_ui.py for tasks to queue
[2025-01-28T06:38:53.664+0000] {logging_mixin.py:190} INFO - [2025-01-28T06:38:53.664+0000] {dagbag.py:588} INFO - Filling up the DagBag from /home/ubuntu/.local/lib/python3.12/site-packages/airflow/example_dags/example_params_trigger_ui.py
[2025-01-28T06:38:53.675+0000] {processor.py:925} INFO - DAG(s) 'example_params_trigger_ui' retrieved from /home/ubuntu/.local/lib/python3.12/site-packages/airflow/example_dags/example_params_trigger_ui.py
[2025-01-28T06:38:53.711+0000] {logging_mixin.py:190} INFO - [2025-01-28T06:38:53.711+0000] {dag.py:3239} INFO - Sync 1 DAGs
[2025-01-28T06:38:53.723+0000] {logging_mixin.py:190} INFO - [2025-01-28T06:38:53.723+0000] {dag.py:4180} INFO - Setting next_dagrun for example_params_trigger_ui to None, run_after=None
[2025-01-28T06:38:53.748+0000] {processor.py:208} INFO - Processing /home/ubuntu/.local/lib/python3.12/site-packages/airflow/example_dags/example_params_trigger_ui.py took 0.092 seconds
[2025-01-28T06:39:50.363+0000] {processor.py:186} INFO - Started process (PID=6270) to work on /home/ubuntu/.local/lib/python3.12/site-packages/airflow/example_dags/example_params_trigger_ui.py
[2025-01-28T06:39:50.364+0000] {processor.py:914} INFO - Processing file /home/ubuntu/.local/lib/python3.12/site-packages/airflow/example_dags/example_params_trigger_ui.py for tasks to queue
[2025-01-28T06:39:50.366+0000] {logging_mixin.py:190} INFO - [2025-01-28T06:39:50.366+0000] {dagbag.py:588} INFO - Filling up the DagBag from /home/ubuntu/.local/lib/python3.12/site-packages/airflow/example_dags/example_params_trigger_ui.py
[2025-01-28T06:39:50.377+0000] {processor.py:925} INFO - DAG(s) 'example_params_trigger_ui' retrieved from /home/ubuntu/.local/lib/python3.12/site-packages/airflow/example_dags/example_params_trigger_ui.py
[2025-01-28T06:39:50.412+0000] {logging_mixin.py:190} INFO - [2025-01-28T06:39:50.412+0000] {dag.py:3239} INFO - Sync 1 DAGs
[2025-01-28T06:39:50.423+0000] {logging_mixin.py:190} INFO - [2025-01-28T06:39:50.423+0000] {dag.py:4180} INFO - Setting next_dagrun for example_params_trigger_ui to None, run_after=None
[2025-01-28T06:39:50.446+0000] {processor.py:208} INFO - Processing /home/ubuntu/.local/lib/python3.12/site-packages/airflow/example_dags/example_params_trigger_ui.py took 0.089 seconds
[2025-01-28T06:40:46.222+0000] {processor.py:186} INFO - Started process (PID=6333) to work on /home/ubuntu/.local/lib/python3.12/site-packages/airflow/example_dags/example_params_trigger_ui.py
[2025-01-28T06:40:46.224+0000] {processor.py:914} INFO - Processing file /home/ubuntu/.local/lib/python3.12/site-packages/airflow/example_dags/example_params_trigger_ui.py for tasks to queue
[2025-01-28T06:40:46.226+0000] {logging_mixin.py:190} INFO - [2025-01-28T06:40:46.226+0000] {dagbag.py:588} INFO - Filling up the DagBag from /home/ubuntu/.local/lib/python3.12/site-packages/airflow/example_dags/example_params_trigger_ui.py
[2025-01-28T06:40:46.236+0000] {processor.py:925} INFO - DAG(s) 'example_params_trigger_ui' retrieved from /home/ubuntu/.local/lib/python3.12/site-packages/airflow/example_dags/example_params_trigger_ui.py
[2025-01-28T06:40:46.271+0000] {logging_mixin.py:190} INFO - [2025-01-28T06:40:46.270+0000] {dag.py:3239} INFO - Sync 1 DAGs
[2025-01-28T06:40:46.284+0000] {logging_mixin.py:190} INFO - [2025-01-28T06:40:46.284+0000] {dag.py:4180} INFO - Setting next_dagrun for example_params_trigger_ui to None, run_after=None
[2025-01-28T06:40:46.316+0000] {processor.py:208} INFO - Processing /home/ubuntu/.local/lib/python3.12/site-packages/airflow/example_dags/example_params_trigger_ui.py took 0.099 seconds
[2025-01-28T06:41:48.189+0000] {processor.py:186} INFO - Started process (PID=6526) to work on /home/ubuntu/.local/lib/python3.12/site-packages/airflow/example_dags/example_params_trigger_ui.py
[2025-01-28T06:41:48.191+0000] {processor.py:914} INFO - Processing file /home/ubuntu/.local/lib/python3.12/site-packages/airflow/example_dags/example_params_trigger_ui.py for tasks to queue
[2025-01-28T06:41:48.192+0000] {logging_mixin.py:190} INFO - [2025-01-28T06:41:48.192+0000] {dagbag.py:588} INFO - Filling up the DagBag from /home/ubuntu/.local/lib/python3.12/site-packages/airflow/example_dags/example_params_trigger_ui.py
[2025-01-28T06:41:48.203+0000] {processor.py:925} INFO - DAG(s) 'example_params_trigger_ui' retrieved from /home/ubuntu/.local/lib/python3.12/site-packages/airflow/example_dags/example_params_trigger_ui.py
[2025-01-28T06:41:48.238+0000] {logging_mixin.py:190} INFO - [2025-01-28T06:41:48.238+0000] {dag.py:3239} INFO - Sync 1 DAGs
[2025-01-28T06:41:48.249+0000] {logging_mixin.py:190} INFO - [2025-01-28T06:41:48.249+0000] {dag.py:4180} INFO - Setting next_dagrun for example_params_trigger_ui to None, run_after=None
[2025-01-28T06:41:48.270+0000] {processor.py:208} INFO - Processing /home/ubuntu/.local/lib/python3.12/site-packages/airflow/example_dags/example_params_trigger_ui.py took 0.086 seconds
[2025-01-28T06:42:47.133+0000] {processor.py:186} INFO - Started process (PID=6584) to work on /home/ubuntu/.local/lib/python3.12/site-packages/airflow/example_dags/example_params_trigger_ui.py
[2025-01-28T06:42:47.135+0000] {processor.py:914} INFO - Processing file /home/ubuntu/.local/lib/python3.12/site-packages/airflow/example_dags/example_params_trigger_ui.py for tasks to queue
[2025-01-28T06:42:47.137+0000] {logging_mixin.py:190} INFO - [2025-01-28T06:42:47.136+0000] {dagbag.py:588} INFO - Filling up the DagBag from /home/ubuntu/.local/lib/python3.12/site-packages/airflow/example_dags/example_params_trigger_ui.py
[2025-01-28T06:42:47.148+0000] {processor.py:925} INFO - DAG(s) 'example_params_trigger_ui' retrieved from /home/ubuntu/.local/lib/python3.12/site-packages/airflow/example_dags/example_params_trigger_ui.py
[2025-01-28T06:42:47.183+0000] {logging_mixin.py:190} INFO - [2025-01-28T06:42:47.183+0000] {dag.py:3239} INFO - Sync 1 DAGs
[2025-01-28T06:42:47.194+0000] {logging_mixin.py:190} INFO - [2025-01-28T06:42:47.194+0000] {dag.py:4180} INFO - Setting next_dagrun for example_params_trigger_ui to None, run_after=None
[2025-01-28T06:42:47.219+0000] {processor.py:208} INFO - Processing /home/ubuntu/.local/lib/python3.12/site-packages/airflow/example_dags/example_params_trigger_ui.py took 0.091 seconds
[2025-01-28T06:43:47.703+0000] {processor.py:186} INFO - Started process (PID=6641) to work on /home/ubuntu/.local/lib/python3.12/site-packages/airflow/example_dags/example_params_trigger_ui.py
[2025-01-28T06:43:47.704+0000] {processor.py:914} INFO - Processing file /home/ubuntu/.local/lib/python3.12/site-packages/airflow/example_dags/example_params_trigger_ui.py for tasks to queue
[2025-01-28T06:43:47.706+0000] {logging_mixin.py:190} INFO - [2025-01-28T06:43:47.706+0000] {dagbag.py:588} INFO - Filling up the DagBag from /home/ubuntu/.local/lib/python3.12/site-packages/airflow/example_dags/example_params_trigger_ui.py
[2025-01-28T06:43:47.718+0000] {processor.py:925} INFO - DAG(s) 'example_params_trigger_ui' retrieved from /home/ubuntu/.local/lib/python3.12/site-packages/airflow/example_dags/example_params_trigger_ui.py
[2025-01-28T06:43:47.895+0000] {logging_mixin.py:190} INFO - [2025-01-28T06:43:47.895+0000] {dag.py:3239} INFO - Sync 1 DAGs
[2025-01-28T06:43:47.905+0000] {logging_mixin.py:190} INFO - [2025-01-28T06:43:47.905+0000] {dag.py:4180} INFO - Setting next_dagrun for example_params_trigger_ui to None, run_after=None
[2025-01-28T06:43:47.927+0000] {processor.py:208} INFO - Processing /home/ubuntu/.local/lib/python3.12/site-packages/airflow/example_dags/example_params_trigger_ui.py took 0.230 seconds
[2025-01-28T06:44:55.143+0000] {processor.py:186} INFO - Started process (PID=6705) to work on /home/ubuntu/.local/lib/python3.12/site-packages/airflow/example_dags/example_params_trigger_ui.py
[2025-01-28T06:44:55.145+0000] {processor.py:914} INFO - Processing file /home/ubuntu/.local/lib/python3.12/site-packages/airflow/example_dags/example_params_trigger_ui.py for tasks to queue
[2025-01-28T06:44:55.147+0000] {logging_mixin.py:190} INFO - [2025-01-28T06:44:55.146+0000] {dagbag.py:588} INFO - Filling up the DagBag from /home/ubuntu/.local/lib/python3.12/site-packages/airflow/example_dags/example_params_trigger_ui.py
[2025-01-28T06:44:55.158+0000] {processor.py:925} INFO - DAG(s) 'example_params_trigger_ui' retrieved from /home/ubuntu/.local/lib/python3.12/site-packages/airflow/example_dags/example_params_trigger_ui.py
[2025-01-28T06:44:55.194+0000] {logging_mixin.py:190} INFO - [2025-01-28T06:44:55.194+0000] {dag.py:3239} INFO - Sync 1 DAGs
[2025-01-28T06:44:55.336+0000] {logging_mixin.py:190} INFO - [2025-01-28T06:44:55.335+0000] {dag.py:4180} INFO - Setting next_dagrun for example_params_trigger_ui to None, run_after=None
[2025-01-28T06:44:55.358+0000] {processor.py:208} INFO - Processing /home/ubuntu/.local/lib/python3.12/site-packages/airflow/example_dags/example_params_trigger_ui.py took 0.220 seconds
[2025-01-28T06:45:51.703+0000] {processor.py:186} INFO - Started process (PID=6858) to work on /home/ubuntu/.local/lib/python3.12/site-packages/airflow/example_dags/example_params_trigger_ui.py
[2025-01-28T06:45:51.704+0000] {processor.py:914} INFO - Processing file /home/ubuntu/.local/lib/python3.12/site-packages/airflow/example_dags/example_params_trigger_ui.py for tasks to queue
[2025-01-28T06:45:51.707+0000] {logging_mixin.py:190} INFO - [2025-01-28T06:45:51.707+0000] {dagbag.py:588} INFO - Filling up the DagBag from /home/ubuntu/.local/lib/python3.12/site-packages/airflow/example_dags/example_params_trigger_ui.py
[2025-01-28T06:45:51.718+0000] {processor.py:925} INFO - DAG(s) 'example_params_trigger_ui' retrieved from /home/ubuntu/.local/lib/python3.12/site-packages/airflow/example_dags/example_params_trigger_ui.py
[2025-01-28T06:45:51.754+0000] {logging_mixin.py:190} INFO - [2025-01-28T06:45:51.754+0000] {dag.py:3239} INFO - Sync 1 DAGs
[2025-01-28T06:45:51.765+0000] {logging_mixin.py:190} INFO - [2025-01-28T06:45:51.765+0000] {dag.py:4180} INFO - Setting next_dagrun for example_params_trigger_ui to None, run_after=None
[2025-01-28T06:45:51.790+0000] {processor.py:208} INFO - Processing /home/ubuntu/.local/lib/python3.12/site-packages/airflow/example_dags/example_params_trigger_ui.py took 0.092 seconds
[2025-01-28T06:46:43.715+0000] {processor.py:186} INFO - Started process (PID=7015) to work on /home/ubuntu/.local/lib/python3.12/site-packages/airflow/example_dags/example_params_trigger_ui.py
[2025-01-28T06:46:43.717+0000] {processor.py:914} INFO - Processing file /home/ubuntu/.local/lib/python3.12/site-packages/airflow/example_dags/example_params_trigger_ui.py for tasks to queue
[2025-01-28T06:46:43.719+0000] {logging_mixin.py:190} INFO - [2025-01-28T06:46:43.718+0000] {dagbag.py:588} INFO - Filling up the DagBag from /home/ubuntu/.local/lib/python3.12/site-packages/airflow/example_dags/example_params_trigger_ui.py
[2025-01-28T06:46:43.730+0000] {processor.py:925} INFO - DAG(s) 'example_params_trigger_ui' retrieved from /home/ubuntu/.local/lib/python3.12/site-packages/airflow/example_dags/example_params_trigger_ui.py
[2025-01-28T06:46:43.792+0000] {logging_mixin.py:190} INFO - [2025-01-28T06:46:43.792+0000] {dag.py:3239} INFO - Sync 1 DAGs
[2025-01-28T06:46:43.815+0000] {logging_mixin.py:190} INFO - [2025-01-28T06:46:43.815+0000] {dag.py:4180} INFO - Setting next_dagrun for example_params_trigger_ui to None, run_after=None
[2025-01-28T06:46:43.839+0000] {processor.py:208} INFO - Processing /home/ubuntu/.local/lib/python3.12/site-packages/airflow/example_dags/example_params_trigger_ui.py took 0.129 seconds
