[2025-01-28T03:39:31.822+0000] {processor.py:186} INFO - Started process (PID=9632) to work on /home/ubuntu/airflow-venv/lib/python3.12/site-packages/airflow/example_dags/example_trigger_target_dag.py
[2025-01-28T03:39:31.822+0000] {processor.py:914} INFO - Processing file /home/ubuntu/airflow-venv/lib/python3.12/site-packages/airflow/example_dags/example_trigger_target_dag.py for tasks to queue
[2025-01-28T03:39:31.825+0000] {logging_mixin.py:190} INFO - [2025-01-28T03:39:31.824+0000] {dagbag.py:588} INFO - Filling up the DagBag from /home/ubuntu/airflow-venv/lib/python3.12/site-packages/airflow/example_dags/example_trigger_target_dag.py
[2025-01-28T03:39:31.832+0000] {processor.py:925} INFO - DAG(s) 'example_trigger_target_dag' retrieved from /home/ubuntu/airflow-venv/lib/python3.12/site-packages/airflow/example_dags/example_trigger_target_dag.py
[2025-01-28T03:39:31.936+0000] {logging_mixin.py:190} INFO - [2025-01-28T03:39:31.936+0000] {override.py:1912} INFO - Created Permission View: can read on DAG:example_trigger_target_dag
[2025-01-28T03:39:31.949+0000] {logging_mixin.py:190} INFO - [2025-01-28T03:39:31.948+0000] {override.py:1912} INFO - Created Permission View: can delete on DAG:example_trigger_target_dag
[2025-01-28T03:39:31.960+0000] {logging_mixin.py:190} INFO - [2025-01-28T03:39:31.960+0000] {override.py:1912} INFO - Created Permission View: can edit on DAG:example_trigger_target_dag
[2025-01-28T03:39:31.977+0000] {logging_mixin.py:190} INFO - [2025-01-28T03:39:31.977+0000] {override.py:1912} INFO - Created Permission View: menu access on DAG Run:example_trigger_target_dag
[2025-01-28T03:39:31.989+0000] {logging_mixin.py:190} INFO - [2025-01-28T03:39:31.989+0000] {override.py:1912} INFO - Created Permission View: can read on DAG Run:example_trigger_target_dag
[2025-01-28T03:39:32.000+0000] {logging_mixin.py:190} INFO - [2025-01-28T03:39:31.999+0000] {override.py:1912} INFO - Created Permission View: can delete on DAG Run:example_trigger_target_dag
[2025-01-28T03:39:32.010+0000] {logging_mixin.py:190} INFO - [2025-01-28T03:39:32.009+0000] {override.py:1912} INFO - Created Permission View: can create on DAG Run:example_trigger_target_dag
[2025-01-28T03:39:32.010+0000] {logging_mixin.py:190} INFO - [2025-01-28T03:39:32.010+0000] {dag.py:3239} INFO - Sync 1 DAGs
[2025-01-28T03:39:32.020+0000] {logging_mixin.py:190} INFO - [2025-01-28T03:39:32.020+0000] {dag.py:3262} INFO - Creating ORM DAG for example_trigger_target_dag
[2025-01-28T03:39:32.021+0000] {logging_mixin.py:190} INFO - [2025-01-28T03:39:32.021+0000] {dag.py:4180} INFO - Setting next_dagrun for example_trigger_target_dag to None, run_after=None
[2025-01-28T03:39:32.042+0000] {processor.py:208} INFO - Processing /home/ubuntu/airflow-venv/lib/python3.12/site-packages/airflow/example_dags/example_trigger_target_dag.py took 0.226 seconds
[2025-01-28T03:40:37.952+0000] {processor.py:186} INFO - Started process (PID=9693) to work on /home/ubuntu/airflow-venv/lib/python3.12/site-packages/airflow/example_dags/example_trigger_target_dag.py
[2025-01-28T03:40:37.953+0000] {processor.py:914} INFO - Processing file /home/ubuntu/airflow-venv/lib/python3.12/site-packages/airflow/example_dags/example_trigger_target_dag.py for tasks to queue
[2025-01-28T03:40:37.956+0000] {logging_mixin.py:190} INFO - [2025-01-28T03:40:37.956+0000] {dagbag.py:588} INFO - Filling up the DagBag from /home/ubuntu/airflow-venv/lib/python3.12/site-packages/airflow/example_dags/example_trigger_target_dag.py
[2025-01-28T03:40:37.964+0000] {processor.py:925} INFO - DAG(s) 'example_trigger_target_dag' retrieved from /home/ubuntu/airflow-venv/lib/python3.12/site-packages/airflow/example_dags/example_trigger_target_dag.py
[2025-01-28T03:40:37.978+0000] {logging_mixin.py:190} INFO - [2025-01-28T03:40:37.978+0000] {dag.py:3239} INFO - Sync 1 DAGs
[2025-01-28T03:40:37.990+0000] {logging_mixin.py:190} INFO - [2025-01-28T03:40:37.990+0000] {dag.py:4180} INFO - Setting next_dagrun for example_trigger_target_dag to None, run_after=None
[2025-01-28T03:40:38.011+0000] {processor.py:208} INFO - Processing /home/ubuntu/airflow-venv/lib/python3.12/site-packages/airflow/example_dags/example_trigger_target_dag.py took 0.064 seconds
[2025-01-28T03:41:32.863+0000] {processor.py:186} INFO - Started process (PID=9750) to work on /home/ubuntu/airflow-venv/lib/python3.12/site-packages/airflow/example_dags/example_trigger_target_dag.py
[2025-01-28T03:41:32.864+0000] {processor.py:914} INFO - Processing file /home/ubuntu/airflow-venv/lib/python3.12/site-packages/airflow/example_dags/example_trigger_target_dag.py for tasks to queue
[2025-01-28T03:41:32.867+0000] {logging_mixin.py:190} INFO - [2025-01-28T03:41:32.866+0000] {dagbag.py:588} INFO - Filling up the DagBag from /home/ubuntu/airflow-venv/lib/python3.12/site-packages/airflow/example_dags/example_trigger_target_dag.py
[2025-01-28T03:41:32.874+0000] {processor.py:925} INFO - DAG(s) 'example_trigger_target_dag' retrieved from /home/ubuntu/airflow-venv/lib/python3.12/site-packages/airflow/example_dags/example_trigger_target_dag.py
[2025-01-28T03:41:32.889+0000] {logging_mixin.py:190} INFO - [2025-01-28T03:41:32.888+0000] {dag.py:3239} INFO - Sync 1 DAGs
[2025-01-28T03:41:32.900+0000] {logging_mixin.py:190} INFO - [2025-01-28T03:41:32.900+0000] {dag.py:4180} INFO - Setting next_dagrun for example_trigger_target_dag to None, run_after=None
[2025-01-28T03:41:32.922+0000] {processor.py:208} INFO - Processing /home/ubuntu/airflow-venv/lib/python3.12/site-packages/airflow/example_dags/example_trigger_target_dag.py took 0.065 seconds
[2025-01-28T03:43:17.996+0000] {processor.py:186} INFO - Started process (PID=9794) to work on /home/ubuntu/airflow-venv/lib/python3.12/site-packages/airflow/example_dags/example_trigger_target_dag.py
[2025-01-28T03:43:17.998+0000] {processor.py:914} INFO - Processing file /home/ubuntu/airflow-venv/lib/python3.12/site-packages/airflow/example_dags/example_trigger_target_dag.py for tasks to queue
[2025-01-28T03:43:18.002+0000] {logging_mixin.py:190} INFO - [2025-01-28T03:43:18.002+0000] {dagbag.py:588} INFO - Filling up the DagBag from /home/ubuntu/airflow-venv/lib/python3.12/site-packages/airflow/example_dags/example_trigger_target_dag.py
[2025-01-28T03:43:18.009+0000] {processor.py:925} INFO - DAG(s) 'example_trigger_target_dag' retrieved from /home/ubuntu/airflow-venv/lib/python3.12/site-packages/airflow/example_dags/example_trigger_target_dag.py
[2025-01-28T03:43:18.025+0000] {logging_mixin.py:190} INFO - [2025-01-28T03:43:18.025+0000] {dag.py:3239} INFO - Sync 1 DAGs
[2025-01-28T03:43:18.036+0000] {logging_mixin.py:190} INFO - [2025-01-28T03:43:18.035+0000] {dag.py:4180} INFO - Setting next_dagrun for example_trigger_target_dag to None, run_after=None
[2025-01-28T03:43:18.058+0000] {processor.py:208} INFO - Processing /home/ubuntu/airflow-venv/lib/python3.12/site-packages/airflow/example_dags/example_trigger_target_dag.py took 0.067 seconds
[2025-01-28T03:44:12.603+0000] {processor.py:186} INFO - Started process (PID=9852) to work on /home/ubuntu/airflow-venv/lib/python3.12/site-packages/airflow/example_dags/example_trigger_target_dag.py
[2025-01-28T03:44:12.605+0000] {processor.py:914} INFO - Processing file /home/ubuntu/airflow-venv/lib/python3.12/site-packages/airflow/example_dags/example_trigger_target_dag.py for tasks to queue
[2025-01-28T03:44:12.608+0000] {logging_mixin.py:190} INFO - [2025-01-28T03:44:12.607+0000] {dagbag.py:588} INFO - Filling up the DagBag from /home/ubuntu/airflow-venv/lib/python3.12/site-packages/airflow/example_dags/example_trigger_target_dag.py
[2025-01-28T03:44:12.615+0000] {processor.py:925} INFO - DAG(s) 'example_trigger_target_dag' retrieved from /home/ubuntu/airflow-venv/lib/python3.12/site-packages/airflow/example_dags/example_trigger_target_dag.py
[2025-01-28T03:44:12.631+0000] {logging_mixin.py:190} INFO - [2025-01-28T03:44:12.630+0000] {dag.py:3239} INFO - Sync 1 DAGs
[2025-01-28T03:44:12.642+0000] {logging_mixin.py:190} INFO - [2025-01-28T03:44:12.642+0000] {dag.py:4180} INFO - Setting next_dagrun for example_trigger_target_dag to None, run_after=None
[2025-01-28T03:44:12.663+0000] {processor.py:208} INFO - Processing /home/ubuntu/airflow-venv/lib/python3.12/site-packages/airflow/example_dags/example_trigger_target_dag.py took 0.065 seconds
[2025-01-28T03:45:04.198+0000] {processor.py:186} INFO - Started process (PID=9910) to work on /home/ubuntu/airflow-venv/lib/python3.12/site-packages/airflow/example_dags/example_trigger_target_dag.py
[2025-01-28T03:45:04.199+0000] {processor.py:914} INFO - Processing file /home/ubuntu/airflow-venv/lib/python3.12/site-packages/airflow/example_dags/example_trigger_target_dag.py for tasks to queue
[2025-01-28T03:45:04.202+0000] {logging_mixin.py:190} INFO - [2025-01-28T03:45:04.201+0000] {dagbag.py:588} INFO - Filling up the DagBag from /home/ubuntu/airflow-venv/lib/python3.12/site-packages/airflow/example_dags/example_trigger_target_dag.py
[2025-01-28T03:45:04.209+0000] {processor.py:925} INFO - DAG(s) 'example_trigger_target_dag' retrieved from /home/ubuntu/airflow-venv/lib/python3.12/site-packages/airflow/example_dags/example_trigger_target_dag.py
[2025-01-28T03:45:04.225+0000] {logging_mixin.py:190} INFO - [2025-01-28T03:45:04.225+0000] {dag.py:3239} INFO - Sync 1 DAGs
[2025-01-28T03:45:04.237+0000] {logging_mixin.py:190} INFO - [2025-01-28T03:45:04.237+0000] {dag.py:4180} INFO - Setting next_dagrun for example_trigger_target_dag to None, run_after=None
[2025-01-28T03:45:04.259+0000] {processor.py:208} INFO - Processing /home/ubuntu/airflow-venv/lib/python3.12/site-packages/airflow/example_dags/example_trigger_target_dag.py took 0.066 seconds
[2025-01-28T03:45:55.615+0000] {processor.py:186} INFO - Started process (PID=9963) to work on /home/ubuntu/airflow-venv/lib/python3.12/site-packages/airflow/example_dags/example_trigger_target_dag.py
[2025-01-28T03:45:55.616+0000] {processor.py:914} INFO - Processing file /home/ubuntu/airflow-venv/lib/python3.12/site-packages/airflow/example_dags/example_trigger_target_dag.py for tasks to queue
[2025-01-28T03:45:55.619+0000] {logging_mixin.py:190} INFO - [2025-01-28T03:45:55.618+0000] {dagbag.py:588} INFO - Filling up the DagBag from /home/ubuntu/airflow-venv/lib/python3.12/site-packages/airflow/example_dags/example_trigger_target_dag.py
[2025-01-28T03:45:55.626+0000] {processor.py:925} INFO - DAG(s) 'example_trigger_target_dag' retrieved from /home/ubuntu/airflow-venv/lib/python3.12/site-packages/airflow/example_dags/example_trigger_target_dag.py
[2025-01-28T03:45:55.640+0000] {logging_mixin.py:190} INFO - [2025-01-28T03:45:55.640+0000] {dag.py:3239} INFO - Sync 1 DAGs
[2025-01-28T03:45:55.652+0000] {logging_mixin.py:190} INFO - [2025-01-28T03:45:55.651+0000] {dag.py:4180} INFO - Setting next_dagrun for example_trigger_target_dag to None, run_after=None
[2025-01-28T03:45:55.672+0000] {processor.py:208} INFO - Processing /home/ubuntu/airflow-venv/lib/python3.12/site-packages/airflow/example_dags/example_trigger_target_dag.py took 0.063 seconds
[2025-01-28T03:46:49.768+0000] {processor.py:186} INFO - Started process (PID=10017) to work on /home/ubuntu/airflow-venv/lib/python3.12/site-packages/airflow/example_dags/example_trigger_target_dag.py
[2025-01-28T03:46:49.770+0000] {processor.py:914} INFO - Processing file /home/ubuntu/airflow-venv/lib/python3.12/site-packages/airflow/example_dags/example_trigger_target_dag.py for tasks to queue
[2025-01-28T03:46:49.771+0000] {logging_mixin.py:190} INFO - [2025-01-28T03:46:49.771+0000] {dagbag.py:588} INFO - Filling up the DagBag from /home/ubuntu/airflow-venv/lib/python3.12/site-packages/airflow/example_dags/example_trigger_target_dag.py
[2025-01-28T03:46:49.779+0000] {processor.py:925} INFO - DAG(s) 'example_trigger_target_dag' retrieved from /home/ubuntu/airflow-venv/lib/python3.12/site-packages/airflow/example_dags/example_trigger_target_dag.py
[2025-01-28T03:46:49.794+0000] {logging_mixin.py:190} INFO - [2025-01-28T03:46:49.794+0000] {dag.py:3239} INFO - Sync 1 DAGs
[2025-01-28T03:46:49.805+0000] {logging_mixin.py:190} INFO - [2025-01-28T03:46:49.805+0000] {dag.py:4180} INFO - Setting next_dagrun for example_trigger_target_dag to None, run_after=None
[2025-01-28T03:46:49.828+0000] {processor.py:208} INFO - Processing /home/ubuntu/airflow-venv/lib/python3.12/site-packages/airflow/example_dags/example_trigger_target_dag.py took 0.065 seconds
[2025-01-28T03:47:42.840+0000] {processor.py:186} INFO - Started process (PID=10072) to work on /home/ubuntu/airflow-venv/lib/python3.12/site-packages/airflow/example_dags/example_trigger_target_dag.py
[2025-01-28T03:47:42.882+0000] {processor.py:914} INFO - Processing file /home/ubuntu/airflow-venv/lib/python3.12/site-packages/airflow/example_dags/example_trigger_target_dag.py for tasks to queue
[2025-01-28T03:47:42.885+0000] {logging_mixin.py:190} INFO - [2025-01-28T03:47:42.884+0000] {dagbag.py:588} INFO - Filling up the DagBag from /home/ubuntu/airflow-venv/lib/python3.12/site-packages/airflow/example_dags/example_trigger_target_dag.py
[2025-01-28T03:47:42.892+0000] {processor.py:925} INFO - DAG(s) 'example_trigger_target_dag' retrieved from /home/ubuntu/airflow-venv/lib/python3.12/site-packages/airflow/example_dags/example_trigger_target_dag.py
[2025-01-28T03:47:42.907+0000] {logging_mixin.py:190} INFO - [2025-01-28T03:47:42.907+0000] {dag.py:3239} INFO - Sync 1 DAGs
[2025-01-28T03:47:42.918+0000] {logging_mixin.py:190} INFO - [2025-01-28T03:47:42.918+0000] {dag.py:4180} INFO - Setting next_dagrun for example_trigger_target_dag to None, run_after=None
[2025-01-28T03:47:42.946+0000] {processor.py:208} INFO - Processing /home/ubuntu/airflow-venv/lib/python3.12/site-packages/airflow/example_dags/example_trigger_target_dag.py took 0.112 seconds
[2025-01-28T03:48:31.327+0000] {processor.py:186} INFO - Started process (PID=10124) to work on /home/ubuntu/airflow-venv/lib/python3.12/site-packages/airflow/example_dags/example_trigger_target_dag.py
[2025-01-28T03:48:31.328+0000] {processor.py:914} INFO - Processing file /home/ubuntu/airflow-venv/lib/python3.12/site-packages/airflow/example_dags/example_trigger_target_dag.py for tasks to queue
[2025-01-28T03:48:31.331+0000] {logging_mixin.py:190} INFO - [2025-01-28T03:48:31.331+0000] {dagbag.py:588} INFO - Filling up the DagBag from /home/ubuntu/airflow-venv/lib/python3.12/site-packages/airflow/example_dags/example_trigger_target_dag.py
[2025-01-28T03:48:31.339+0000] {processor.py:925} INFO - DAG(s) 'example_trigger_target_dag' retrieved from /home/ubuntu/airflow-venv/lib/python3.12/site-packages/airflow/example_dags/example_trigger_target_dag.py
[2025-01-28T03:48:31.353+0000] {logging_mixin.py:190} INFO - [2025-01-28T03:48:31.353+0000] {dag.py:3239} INFO - Sync 1 DAGs
[2025-01-28T03:48:31.364+0000] {logging_mixin.py:190} INFO - [2025-01-28T03:48:31.364+0000] {dag.py:4180} INFO - Setting next_dagrun for example_trigger_target_dag to None, run_after=None
[2025-01-28T03:48:31.386+0000] {processor.py:208} INFO - Processing /home/ubuntu/airflow-venv/lib/python3.12/site-packages/airflow/example_dags/example_trigger_target_dag.py took 0.064 seconds
[2025-01-28T03:49:19.188+0000] {processor.py:186} INFO - Started process (PID=10175) to work on /home/ubuntu/airflow-venv/lib/python3.12/site-packages/airflow/example_dags/example_trigger_target_dag.py
[2025-01-28T03:49:19.190+0000] {processor.py:914} INFO - Processing file /home/ubuntu/airflow-venv/lib/python3.12/site-packages/airflow/example_dags/example_trigger_target_dag.py for tasks to queue
[2025-01-28T03:49:19.192+0000] {logging_mixin.py:190} INFO - [2025-01-28T03:49:19.191+0000] {dagbag.py:588} INFO - Filling up the DagBag from /home/ubuntu/airflow-venv/lib/python3.12/site-packages/airflow/example_dags/example_trigger_target_dag.py
[2025-01-28T03:49:19.200+0000] {processor.py:925} INFO - DAG(s) 'example_trigger_target_dag' retrieved from /home/ubuntu/airflow-venv/lib/python3.12/site-packages/airflow/example_dags/example_trigger_target_dag.py
[2025-01-28T03:49:19.214+0000] {logging_mixin.py:190} INFO - [2025-01-28T03:49:19.214+0000] {dag.py:3239} INFO - Sync 1 DAGs
[2025-01-28T03:49:19.225+0000] {logging_mixin.py:190} INFO - [2025-01-28T03:49:19.224+0000] {dag.py:4180} INFO - Setting next_dagrun for example_trigger_target_dag to None, run_after=None
[2025-01-28T03:49:19.248+0000] {processor.py:208} INFO - Processing /home/ubuntu/airflow-venv/lib/python3.12/site-packages/airflow/example_dags/example_trigger_target_dag.py took 0.065 seconds
[2025-01-28T05:55:14.554+0000] {processor.py:186} INFO - Started process (PID=1906) to work on /home/ubuntu/.local/lib/python3.12/site-packages/airflow/example_dags/example_trigger_target_dag.py
[2025-01-28T05:55:14.556+0000] {processor.py:914} INFO - Processing file /home/ubuntu/.local/lib/python3.12/site-packages/airflow/example_dags/example_trigger_target_dag.py for tasks to queue
[2025-01-28T05:55:14.560+0000] {logging_mixin.py:190} INFO - [2025-01-28T05:55:14.559+0000] {dagbag.py:588} INFO - Filling up the DagBag from /home/ubuntu/.local/lib/python3.12/site-packages/airflow/example_dags/example_trigger_target_dag.py
[2025-01-28T05:55:14.576+0000] {processor.py:925} INFO - DAG(s) 'example_trigger_target_dag' retrieved from /home/ubuntu/.local/lib/python3.12/site-packages/airflow/example_dags/example_trigger_target_dag.py
[2025-01-28T05:55:14.716+0000] {logging_mixin.py:190} INFO - [2025-01-28T05:55:14.715+0000] {dag.py:3239} INFO - Sync 1 DAGs
[2025-01-28T05:55:14.725+0000] {logging_mixin.py:190} INFO - [2025-01-28T05:55:14.724+0000] {dag.py:4180} INFO - Setting next_dagrun for example_trigger_target_dag to None, run_after=None
[2025-01-28T05:55:14.759+0000] {processor.py:208} INFO - Processing /home/ubuntu/.local/lib/python3.12/site-packages/airflow/example_dags/example_trigger_target_dag.py took 0.217 seconds
[2025-01-28T05:56:13.193+0000] {processor.py:186} INFO - Started process (PID=1965) to work on /home/ubuntu/.local/lib/python3.12/site-packages/airflow/example_dags/example_trigger_target_dag.py
[2025-01-28T05:56:13.197+0000] {processor.py:914} INFO - Processing file /home/ubuntu/.local/lib/python3.12/site-packages/airflow/example_dags/example_trigger_target_dag.py for tasks to queue
[2025-01-28T05:56:13.199+0000] {logging_mixin.py:190} INFO - [2025-01-28T05:56:13.198+0000] {dagbag.py:588} INFO - Filling up the DagBag from /home/ubuntu/.local/lib/python3.12/site-packages/airflow/example_dags/example_trigger_target_dag.py
[2025-01-28T05:56:13.207+0000] {processor.py:925} INFO - DAG(s) 'example_trigger_target_dag' retrieved from /home/ubuntu/.local/lib/python3.12/site-packages/airflow/example_dags/example_trigger_target_dag.py
[2025-01-28T05:56:13.223+0000] {logging_mixin.py:190} INFO - [2025-01-28T05:56:13.223+0000] {dag.py:3239} INFO - Sync 1 DAGs
[2025-01-28T05:56:13.234+0000] {logging_mixin.py:190} INFO - [2025-01-28T05:56:13.234+0000] {dag.py:4180} INFO - Setting next_dagrun for example_trigger_target_dag to None, run_after=None
[2025-01-28T05:56:13.258+0000] {processor.py:208} INFO - Processing /home/ubuntu/.local/lib/python3.12/site-packages/airflow/example_dags/example_trigger_target_dag.py took 0.070 seconds
[2025-01-28T05:57:09.836+0000] {processor.py:186} INFO - Started process (PID=2041) to work on /home/ubuntu/.local/lib/python3.12/site-packages/airflow/example_dags/example_trigger_target_dag.py
[2025-01-28T05:57:09.838+0000] {processor.py:914} INFO - Processing file /home/ubuntu/.local/lib/python3.12/site-packages/airflow/example_dags/example_trigger_target_dag.py for tasks to queue
[2025-01-28T05:57:09.840+0000] {logging_mixin.py:190} INFO - [2025-01-28T05:57:09.840+0000] {dagbag.py:588} INFO - Filling up the DagBag from /home/ubuntu/.local/lib/python3.12/site-packages/airflow/example_dags/example_trigger_target_dag.py
[2025-01-28T05:57:09.848+0000] {processor.py:925} INFO - DAG(s) 'example_trigger_target_dag' retrieved from /home/ubuntu/.local/lib/python3.12/site-packages/airflow/example_dags/example_trigger_target_dag.py
[2025-01-28T05:57:09.873+0000] {logging_mixin.py:190} INFO - [2025-01-28T05:57:09.873+0000] {dag.py:3239} INFO - Sync 1 DAGs
[2025-01-28T05:57:09.884+0000] {logging_mixin.py:190} INFO - [2025-01-28T05:57:09.884+0000] {dag.py:4180} INFO - Setting next_dagrun for example_trigger_target_dag to None, run_after=None
[2025-01-28T05:57:09.906+0000] {processor.py:208} INFO - Processing /home/ubuntu/.local/lib/python3.12/site-packages/airflow/example_dags/example_trigger_target_dag.py took 0.075 seconds
[2025-01-28T05:58:04.793+0000] {processor.py:186} INFO - Started process (PID=2112) to work on /home/ubuntu/.local/lib/python3.12/site-packages/airflow/example_dags/example_trigger_target_dag.py
[2025-01-28T05:58:04.795+0000] {processor.py:914} INFO - Processing file /home/ubuntu/.local/lib/python3.12/site-packages/airflow/example_dags/example_trigger_target_dag.py for tasks to queue
[2025-01-28T05:58:04.797+0000] {logging_mixin.py:190} INFO - [2025-01-28T05:58:04.796+0000] {dagbag.py:588} INFO - Filling up the DagBag from /home/ubuntu/.local/lib/python3.12/site-packages/airflow/example_dags/example_trigger_target_dag.py
[2025-01-28T05:58:04.805+0000] {processor.py:925} INFO - DAG(s) 'example_trigger_target_dag' retrieved from /home/ubuntu/.local/lib/python3.12/site-packages/airflow/example_dags/example_trigger_target_dag.py
[2025-01-28T05:58:04.819+0000] {logging_mixin.py:190} INFO - [2025-01-28T05:58:04.819+0000] {dag.py:3239} INFO - Sync 1 DAGs
[2025-01-28T05:58:04.830+0000] {logging_mixin.py:190} INFO - [2025-01-28T05:58:04.830+0000] {dag.py:4180} INFO - Setting next_dagrun for example_trigger_target_dag to None, run_after=None
[2025-01-28T05:58:04.853+0000] {processor.py:208} INFO - Processing /home/ubuntu/.local/lib/python3.12/site-packages/airflow/example_dags/example_trigger_target_dag.py took 0.066 seconds
[2025-01-28T05:59:00.202+0000] {processor.py:186} INFO - Started process (PID=2169) to work on /home/ubuntu/.local/lib/python3.12/site-packages/airflow/example_dags/example_trigger_target_dag.py
[2025-01-28T05:59:00.203+0000] {processor.py:914} INFO - Processing file /home/ubuntu/.local/lib/python3.12/site-packages/airflow/example_dags/example_trigger_target_dag.py for tasks to queue
[2025-01-28T05:59:00.205+0000] {logging_mixin.py:190} INFO - [2025-01-28T05:59:00.205+0000] {dagbag.py:588} INFO - Filling up the DagBag from /home/ubuntu/.local/lib/python3.12/site-packages/airflow/example_dags/example_trigger_target_dag.py
[2025-01-28T05:59:00.214+0000] {processor.py:925} INFO - DAG(s) 'example_trigger_target_dag' retrieved from /home/ubuntu/.local/lib/python3.12/site-packages/airflow/example_dags/example_trigger_target_dag.py
[2025-01-28T05:59:00.228+0000] {logging_mixin.py:190} INFO - [2025-01-28T05:59:00.228+0000] {dag.py:3239} INFO - Sync 1 DAGs
[2025-01-28T05:59:00.240+0000] {logging_mixin.py:190} INFO - [2025-01-28T05:59:00.240+0000] {dag.py:4180} INFO - Setting next_dagrun for example_trigger_target_dag to None, run_after=None
[2025-01-28T05:59:00.261+0000] {processor.py:208} INFO - Processing /home/ubuntu/.local/lib/python3.12/site-packages/airflow/example_dags/example_trigger_target_dag.py took 0.065 seconds
[2025-01-28T05:59:56.057+0000] {processor.py:186} INFO - Started process (PID=2226) to work on /home/ubuntu/.local/lib/python3.12/site-packages/airflow/example_dags/example_trigger_target_dag.py
[2025-01-28T05:59:56.059+0000] {processor.py:914} INFO - Processing file /home/ubuntu/.local/lib/python3.12/site-packages/airflow/example_dags/example_trigger_target_dag.py for tasks to queue
[2025-01-28T05:59:56.062+0000] {logging_mixin.py:190} INFO - [2025-01-28T05:59:56.062+0000] {dagbag.py:588} INFO - Filling up the DagBag from /home/ubuntu/.local/lib/python3.12/site-packages/airflow/example_dags/example_trigger_target_dag.py
[2025-01-28T05:59:56.070+0000] {processor.py:925} INFO - DAG(s) 'example_trigger_target_dag' retrieved from /home/ubuntu/.local/lib/python3.12/site-packages/airflow/example_dags/example_trigger_target_dag.py
[2025-01-28T05:59:56.084+0000] {logging_mixin.py:190} INFO - [2025-01-28T05:59:56.084+0000] {dag.py:3239} INFO - Sync 1 DAGs
[2025-01-28T05:59:56.095+0000] {logging_mixin.py:190} INFO - [2025-01-28T05:59:56.095+0000] {dag.py:4180} INFO - Setting next_dagrun for example_trigger_target_dag to None, run_after=None
[2025-01-28T05:59:56.118+0000] {processor.py:208} INFO - Processing /home/ubuntu/.local/lib/python3.12/site-packages/airflow/example_dags/example_trigger_target_dag.py took 0.066 seconds
[2025-01-28T06:00:49.507+0000] {processor.py:186} INFO - Started process (PID=2283) to work on /home/ubuntu/.local/lib/python3.12/site-packages/airflow/example_dags/example_trigger_target_dag.py
[2025-01-28T06:00:49.508+0000] {processor.py:914} INFO - Processing file /home/ubuntu/.local/lib/python3.12/site-packages/airflow/example_dags/example_trigger_target_dag.py for tasks to queue
[2025-01-28T06:00:49.510+0000] {logging_mixin.py:190} INFO - [2025-01-28T06:00:49.510+0000] {dagbag.py:588} INFO - Filling up the DagBag from /home/ubuntu/.local/lib/python3.12/site-packages/airflow/example_dags/example_trigger_target_dag.py
[2025-01-28T06:00:49.519+0000] {processor.py:925} INFO - DAG(s) 'example_trigger_target_dag' retrieved from /home/ubuntu/.local/lib/python3.12/site-packages/airflow/example_dags/example_trigger_target_dag.py
[2025-01-28T06:00:49.533+0000] {logging_mixin.py:190} INFO - [2025-01-28T06:00:49.533+0000] {dag.py:3239} INFO - Sync 1 DAGs
[2025-01-28T06:00:49.544+0000] {logging_mixin.py:190} INFO - [2025-01-28T06:00:49.543+0000] {dag.py:4180} INFO - Setting next_dagrun for example_trigger_target_dag to None, run_after=None
[2025-01-28T06:00:49.566+0000] {processor.py:208} INFO - Processing /home/ubuntu/.local/lib/python3.12/site-packages/airflow/example_dags/example_trigger_target_dag.py took 0.066 seconds
[2025-01-28T06:01:42.804+0000] {processor.py:186} INFO - Started process (PID=2342) to work on /home/ubuntu/.local/lib/python3.12/site-packages/airflow/example_dags/example_trigger_target_dag.py
[2025-01-28T06:01:42.807+0000] {processor.py:914} INFO - Processing file /home/ubuntu/.local/lib/python3.12/site-packages/airflow/example_dags/example_trigger_target_dag.py for tasks to queue
[2025-01-28T06:01:42.809+0000] {logging_mixin.py:190} INFO - [2025-01-28T06:01:42.808+0000] {dagbag.py:588} INFO - Filling up the DagBag from /home/ubuntu/.local/lib/python3.12/site-packages/airflow/example_dags/example_trigger_target_dag.py
[2025-01-28T06:01:42.817+0000] {processor.py:925} INFO - DAG(s) 'example_trigger_target_dag' retrieved from /home/ubuntu/.local/lib/python3.12/site-packages/airflow/example_dags/example_trigger_target_dag.py
[2025-01-28T06:01:42.831+0000] {logging_mixin.py:190} INFO - [2025-01-28T06:01:42.831+0000] {dag.py:3239} INFO - Sync 1 DAGs
[2025-01-28T06:01:42.842+0000] {logging_mixin.py:190} INFO - [2025-01-28T06:01:42.842+0000] {dag.py:4180} INFO - Setting next_dagrun for example_trigger_target_dag to None, run_after=None
[2025-01-28T06:01:42.866+0000] {processor.py:208} INFO - Processing /home/ubuntu/.local/lib/python3.12/site-packages/airflow/example_dags/example_trigger_target_dag.py took 0.067 seconds
[2025-01-28T06:02:33.816+0000] {processor.py:186} INFO - Started process (PID=2410) to work on /home/ubuntu/.local/lib/python3.12/site-packages/airflow/example_dags/example_trigger_target_dag.py
[2025-01-28T06:02:33.817+0000] {processor.py:914} INFO - Processing file /home/ubuntu/.local/lib/python3.12/site-packages/airflow/example_dags/example_trigger_target_dag.py for tasks to queue
[2025-01-28T06:02:33.820+0000] {logging_mixin.py:190} INFO - [2025-01-28T06:02:33.819+0000] {dagbag.py:588} INFO - Filling up the DagBag from /home/ubuntu/.local/lib/python3.12/site-packages/airflow/example_dags/example_trigger_target_dag.py
[2025-01-28T06:02:33.828+0000] {processor.py:925} INFO - DAG(s) 'example_trigger_target_dag' retrieved from /home/ubuntu/.local/lib/python3.12/site-packages/airflow/example_dags/example_trigger_target_dag.py
[2025-01-28T06:02:33.841+0000] {logging_mixin.py:190} INFO - [2025-01-28T06:02:33.841+0000] {dag.py:3239} INFO - Sync 1 DAGs
[2025-01-28T06:02:33.853+0000] {logging_mixin.py:190} INFO - [2025-01-28T06:02:33.853+0000] {dag.py:4180} INFO - Setting next_dagrun for example_trigger_target_dag to None, run_after=None
[2025-01-28T06:02:33.875+0000] {processor.py:208} INFO - Processing /home/ubuntu/.local/lib/python3.12/site-packages/airflow/example_dags/example_trigger_target_dag.py took 0.065 seconds
[2025-01-28T06:03:27.109+0000] {processor.py:186} INFO - Started process (PID=2466) to work on /home/ubuntu/.local/lib/python3.12/site-packages/airflow/example_dags/example_trigger_target_dag.py
[2025-01-28T06:03:27.111+0000] {processor.py:914} INFO - Processing file /home/ubuntu/.local/lib/python3.12/site-packages/airflow/example_dags/example_trigger_target_dag.py for tasks to queue
[2025-01-28T06:03:27.113+0000] {logging_mixin.py:190} INFO - [2025-01-28T06:03:27.113+0000] {dagbag.py:588} INFO - Filling up the DagBag from /home/ubuntu/.local/lib/python3.12/site-packages/airflow/example_dags/example_trigger_target_dag.py
[2025-01-28T06:03:27.121+0000] {processor.py:925} INFO - DAG(s) 'example_trigger_target_dag' retrieved from /home/ubuntu/.local/lib/python3.12/site-packages/airflow/example_dags/example_trigger_target_dag.py
[2025-01-28T06:03:27.135+0000] {logging_mixin.py:190} INFO - [2025-01-28T06:03:27.135+0000] {dag.py:3239} INFO - Sync 1 DAGs
[2025-01-28T06:03:27.146+0000] {logging_mixin.py:190} INFO - [2025-01-28T06:03:27.146+0000] {dag.py:4180} INFO - Setting next_dagrun for example_trigger_target_dag to None, run_after=None
[2025-01-28T06:03:27.167+0000] {processor.py:208} INFO - Processing /home/ubuntu/.local/lib/python3.12/site-packages/airflow/example_dags/example_trigger_target_dag.py took 0.063 seconds
[2025-01-28T06:04:33.221+0000] {processor.py:186} INFO - Started process (PID=2537) to work on /home/ubuntu/.local/lib/python3.12/site-packages/airflow/example_dags/example_trigger_target_dag.py
[2025-01-28T06:04:33.224+0000] {processor.py:914} INFO - Processing file /home/ubuntu/.local/lib/python3.12/site-packages/airflow/example_dags/example_trigger_target_dag.py for tasks to queue
[2025-01-28T06:04:33.227+0000] {logging_mixin.py:190} INFO - [2025-01-28T06:04:33.226+0000] {dagbag.py:588} INFO - Filling up the DagBag from /home/ubuntu/.local/lib/python3.12/site-packages/airflow/example_dags/example_trigger_target_dag.py
[2025-01-28T06:04:33.235+0000] {processor.py:925} INFO - DAG(s) 'example_trigger_target_dag' retrieved from /home/ubuntu/.local/lib/python3.12/site-packages/airflow/example_dags/example_trigger_target_dag.py
[2025-01-28T06:04:33.250+0000] {logging_mixin.py:190} INFO - [2025-01-28T06:04:33.250+0000] {dag.py:3239} INFO - Sync 1 DAGs
[2025-01-28T06:04:33.262+0000] {logging_mixin.py:190} INFO - [2025-01-28T06:04:33.261+0000] {dag.py:4180} INFO - Setting next_dagrun for example_trigger_target_dag to None, run_after=None
[2025-01-28T06:04:33.287+0000] {processor.py:208} INFO - Processing /home/ubuntu/.local/lib/python3.12/site-packages/airflow/example_dags/example_trigger_target_dag.py took 0.071 seconds
[2025-01-28T06:05:29.804+0000] {processor.py:186} INFO - Started process (PID=2599) to work on /home/ubuntu/.local/lib/python3.12/site-packages/airflow/example_dags/example_trigger_target_dag.py
[2025-01-28T06:05:29.806+0000] {processor.py:914} INFO - Processing file /home/ubuntu/.local/lib/python3.12/site-packages/airflow/example_dags/example_trigger_target_dag.py for tasks to queue
[2025-01-28T06:05:29.809+0000] {logging_mixin.py:190} INFO - [2025-01-28T06:05:29.809+0000] {dagbag.py:588} INFO - Filling up the DagBag from /home/ubuntu/.local/lib/python3.12/site-packages/airflow/example_dags/example_trigger_target_dag.py
[2025-01-28T06:05:29.816+0000] {processor.py:925} INFO - DAG(s) 'example_trigger_target_dag' retrieved from /home/ubuntu/.local/lib/python3.12/site-packages/airflow/example_dags/example_trigger_target_dag.py
[2025-01-28T06:05:29.831+0000] {logging_mixin.py:190} INFO - [2025-01-28T06:05:29.830+0000] {dag.py:3239} INFO - Sync 1 DAGs
[2025-01-28T06:05:29.841+0000] {logging_mixin.py:190} INFO - [2025-01-28T06:05:29.841+0000] {dag.py:4180} INFO - Setting next_dagrun for example_trigger_target_dag to None, run_after=None
[2025-01-28T06:05:29.864+0000] {processor.py:208} INFO - Processing /home/ubuntu/.local/lib/python3.12/site-packages/airflow/example_dags/example_trigger_target_dag.py took 0.065 seconds
[2025-01-28T06:06:43.887+0000] {processor.py:186} INFO - Started process (PID=2686) to work on /home/ubuntu/.local/lib/python3.12/site-packages/airflow/example_dags/example_trigger_target_dag.py
[2025-01-28T06:06:43.888+0000] {processor.py:914} INFO - Processing file /home/ubuntu/.local/lib/python3.12/site-packages/airflow/example_dags/example_trigger_target_dag.py for tasks to queue
[2025-01-28T06:06:43.891+0000] {logging_mixin.py:190} INFO - [2025-01-28T06:06:43.891+0000] {dagbag.py:588} INFO - Filling up the DagBag from /home/ubuntu/.local/lib/python3.12/site-packages/airflow/example_dags/example_trigger_target_dag.py
[2025-01-28T06:06:43.898+0000] {processor.py:925} INFO - DAG(s) 'example_trigger_target_dag' retrieved from /home/ubuntu/.local/lib/python3.12/site-packages/airflow/example_dags/example_trigger_target_dag.py
[2025-01-28T06:06:43.914+0000] {logging_mixin.py:190} INFO - [2025-01-28T06:06:43.914+0000] {dag.py:3239} INFO - Sync 1 DAGs
[2025-01-28T06:06:43.925+0000] {logging_mixin.py:190} INFO - [2025-01-28T06:06:43.925+0000] {dag.py:4180} INFO - Setting next_dagrun for example_trigger_target_dag to None, run_after=None
[2025-01-28T06:06:43.946+0000] {processor.py:208} INFO - Processing /home/ubuntu/.local/lib/python3.12/site-packages/airflow/example_dags/example_trigger_target_dag.py took 0.065 seconds
[2025-01-28T06:07:42.427+0000] {processor.py:186} INFO - Started process (PID=2750) to work on /home/ubuntu/.local/lib/python3.12/site-packages/airflow/example_dags/example_trigger_target_dag.py
[2025-01-28T06:07:42.429+0000] {processor.py:914} INFO - Processing file /home/ubuntu/.local/lib/python3.12/site-packages/airflow/example_dags/example_trigger_target_dag.py for tasks to queue
[2025-01-28T06:07:42.431+0000] {logging_mixin.py:190} INFO - [2025-01-28T06:07:42.431+0000] {dagbag.py:588} INFO - Filling up the DagBag from /home/ubuntu/.local/lib/python3.12/site-packages/airflow/example_dags/example_trigger_target_dag.py
[2025-01-28T06:07:42.439+0000] {processor.py:925} INFO - DAG(s) 'example_trigger_target_dag' retrieved from /home/ubuntu/.local/lib/python3.12/site-packages/airflow/example_dags/example_trigger_target_dag.py
[2025-01-28T06:07:42.454+0000] {logging_mixin.py:190} INFO - [2025-01-28T06:07:42.454+0000] {dag.py:3239} INFO - Sync 1 DAGs
[2025-01-28T06:07:42.465+0000] {logging_mixin.py:190} INFO - [2025-01-28T06:07:42.465+0000] {dag.py:4180} INFO - Setting next_dagrun for example_trigger_target_dag to None, run_after=None
[2025-01-28T06:07:42.487+0000] {processor.py:208} INFO - Processing /home/ubuntu/.local/lib/python3.12/site-packages/airflow/example_dags/example_trigger_target_dag.py took 0.065 seconds
[2025-01-28T06:08:40.152+0000] {processor.py:186} INFO - Started process (PID=2808) to work on /home/ubuntu/.local/lib/python3.12/site-packages/airflow/example_dags/example_trigger_target_dag.py
[2025-01-28T06:08:40.154+0000] {processor.py:914} INFO - Processing file /home/ubuntu/.local/lib/python3.12/site-packages/airflow/example_dags/example_trigger_target_dag.py for tasks to queue
[2025-01-28T06:08:40.157+0000] {logging_mixin.py:190} INFO - [2025-01-28T06:08:40.156+0000] {dagbag.py:588} INFO - Filling up the DagBag from /home/ubuntu/.local/lib/python3.12/site-packages/airflow/example_dags/example_trigger_target_dag.py
[2025-01-28T06:08:40.165+0000] {processor.py:925} INFO - DAG(s) 'example_trigger_target_dag' retrieved from /home/ubuntu/.local/lib/python3.12/site-packages/airflow/example_dags/example_trigger_target_dag.py
[2025-01-28T06:08:40.179+0000] {logging_mixin.py:190} INFO - [2025-01-28T06:08:40.179+0000] {dag.py:3239} INFO - Sync 1 DAGs
[2025-01-28T06:08:40.194+0000] {logging_mixin.py:190} INFO - [2025-01-28T06:08:40.194+0000] {dag.py:4180} INFO - Setting next_dagrun for example_trigger_target_dag to None, run_after=None
[2025-01-28T06:08:40.220+0000] {processor.py:208} INFO - Processing /home/ubuntu/.local/lib/python3.12/site-packages/airflow/example_dags/example_trigger_target_dag.py took 0.073 seconds
[2025-01-28T06:09:35.317+0000] {processor.py:186} INFO - Started process (PID=2879) to work on /home/ubuntu/.local/lib/python3.12/site-packages/airflow/example_dags/example_trigger_target_dag.py
[2025-01-28T06:09:35.319+0000] {processor.py:914} INFO - Processing file /home/ubuntu/.local/lib/python3.12/site-packages/airflow/example_dags/example_trigger_target_dag.py for tasks to queue
[2025-01-28T06:09:35.322+0000] {logging_mixin.py:190} INFO - [2025-01-28T06:09:35.321+0000] {dagbag.py:588} INFO - Filling up the DagBag from /home/ubuntu/.local/lib/python3.12/site-packages/airflow/example_dags/example_trigger_target_dag.py
[2025-01-28T06:09:35.329+0000] {processor.py:925} INFO - DAG(s) 'example_trigger_target_dag' retrieved from /home/ubuntu/.local/lib/python3.12/site-packages/airflow/example_dags/example_trigger_target_dag.py
[2025-01-28T06:09:35.344+0000] {logging_mixin.py:190} INFO - [2025-01-28T06:09:35.344+0000] {dag.py:3239} INFO - Sync 1 DAGs
[2025-01-28T06:09:35.356+0000] {logging_mixin.py:190} INFO - [2025-01-28T06:09:35.355+0000] {dag.py:4180} INFO - Setting next_dagrun for example_trigger_target_dag to None, run_after=None
[2025-01-28T06:09:35.379+0000] {processor.py:208} INFO - Processing /home/ubuntu/.local/lib/python3.12/site-packages/airflow/example_dags/example_trigger_target_dag.py took 0.067 seconds
[2025-01-28T06:10:27.065+0000] {processor.py:186} INFO - Started process (PID=2936) to work on /home/ubuntu/.local/lib/python3.12/site-packages/airflow/example_dags/example_trigger_target_dag.py
[2025-01-28T06:10:27.067+0000] {processor.py:914} INFO - Processing file /home/ubuntu/.local/lib/python3.12/site-packages/airflow/example_dags/example_trigger_target_dag.py for tasks to queue
[2025-01-28T06:10:27.069+0000] {logging_mixin.py:190} INFO - [2025-01-28T06:10:27.069+0000] {dagbag.py:588} INFO - Filling up the DagBag from /home/ubuntu/.local/lib/python3.12/site-packages/airflow/example_dags/example_trigger_target_dag.py
[2025-01-28T06:10:27.077+0000] {processor.py:925} INFO - DAG(s) 'example_trigger_target_dag' retrieved from /home/ubuntu/.local/lib/python3.12/site-packages/airflow/example_dags/example_trigger_target_dag.py
[2025-01-28T06:10:27.092+0000] {logging_mixin.py:190} INFO - [2025-01-28T06:10:27.091+0000] {dag.py:3239} INFO - Sync 1 DAGs
[2025-01-28T06:10:27.102+0000] {logging_mixin.py:190} INFO - [2025-01-28T06:10:27.102+0000] {dag.py:4180} INFO - Setting next_dagrun for example_trigger_target_dag to None, run_after=None
[2025-01-28T06:10:27.124+0000] {processor.py:208} INFO - Processing /home/ubuntu/.local/lib/python3.12/site-packages/airflow/example_dags/example_trigger_target_dag.py took 0.065 seconds
[2025-01-28T06:11:21.665+0000] {processor.py:186} INFO - Started process (PID=3000) to work on /home/ubuntu/.local/lib/python3.12/site-packages/airflow/example_dags/example_trigger_target_dag.py
[2025-01-28T06:11:21.667+0000] {processor.py:914} INFO - Processing file /home/ubuntu/.local/lib/python3.12/site-packages/airflow/example_dags/example_trigger_target_dag.py for tasks to queue
[2025-01-28T06:11:21.669+0000] {logging_mixin.py:190} INFO - [2025-01-28T06:11:21.669+0000] {dagbag.py:588} INFO - Filling up the DagBag from /home/ubuntu/.local/lib/python3.12/site-packages/airflow/example_dags/example_trigger_target_dag.py
[2025-01-28T06:11:21.677+0000] {processor.py:925} INFO - DAG(s) 'example_trigger_target_dag' retrieved from /home/ubuntu/.local/lib/python3.12/site-packages/airflow/example_dags/example_trigger_target_dag.py
[2025-01-28T06:11:21.698+0000] {logging_mixin.py:190} INFO - [2025-01-28T06:11:21.698+0000] {dag.py:3239} INFO - Sync 1 DAGs
[2025-01-28T06:11:21.724+0000] {logging_mixin.py:190} INFO - [2025-01-28T06:11:21.724+0000] {dag.py:4180} INFO - Setting next_dagrun for example_trigger_target_dag to None, run_after=None
[2025-01-28T06:11:21.747+0000] {processor.py:208} INFO - Processing /home/ubuntu/.local/lib/python3.12/site-packages/airflow/example_dags/example_trigger_target_dag.py took 0.087 seconds
[2025-01-28T06:12:14.255+0000] {processor.py:186} INFO - Started process (PID=3055) to work on /home/ubuntu/.local/lib/python3.12/site-packages/airflow/example_dags/example_trigger_target_dag.py
[2025-01-28T06:12:14.256+0000] {processor.py:914} INFO - Processing file /home/ubuntu/.local/lib/python3.12/site-packages/airflow/example_dags/example_trigger_target_dag.py for tasks to queue
[2025-01-28T06:12:14.259+0000] {logging_mixin.py:190} INFO - [2025-01-28T06:12:14.258+0000] {dagbag.py:588} INFO - Filling up the DagBag from /home/ubuntu/.local/lib/python3.12/site-packages/airflow/example_dags/example_trigger_target_dag.py
[2025-01-28T06:12:14.267+0000] {processor.py:925} INFO - DAG(s) 'example_trigger_target_dag' retrieved from /home/ubuntu/.local/lib/python3.12/site-packages/airflow/example_dags/example_trigger_target_dag.py
[2025-01-28T06:12:14.281+0000] {logging_mixin.py:190} INFO - [2025-01-28T06:12:14.281+0000] {dag.py:3239} INFO - Sync 1 DAGs
[2025-01-28T06:12:14.292+0000] {logging_mixin.py:190} INFO - [2025-01-28T06:12:14.292+0000] {dag.py:4180} INFO - Setting next_dagrun for example_trigger_target_dag to None, run_after=None
[2025-01-28T06:12:14.315+0000] {processor.py:208} INFO - Processing /home/ubuntu/.local/lib/python3.12/site-packages/airflow/example_dags/example_trigger_target_dag.py took 0.065 seconds
[2025-01-28T06:13:09.866+0000] {processor.py:186} INFO - Started process (PID=3111) to work on /home/ubuntu/.local/lib/python3.12/site-packages/airflow/example_dags/example_trigger_target_dag.py
[2025-01-28T06:13:09.868+0000] {processor.py:914} INFO - Processing file /home/ubuntu/.local/lib/python3.12/site-packages/airflow/example_dags/example_trigger_target_dag.py for tasks to queue
[2025-01-28T06:13:09.870+0000] {logging_mixin.py:190} INFO - [2025-01-28T06:13:09.870+0000] {dagbag.py:588} INFO - Filling up the DagBag from /home/ubuntu/.local/lib/python3.12/site-packages/airflow/example_dags/example_trigger_target_dag.py
[2025-01-28T06:13:09.878+0000] {processor.py:925} INFO - DAG(s) 'example_trigger_target_dag' retrieved from /home/ubuntu/.local/lib/python3.12/site-packages/airflow/example_dags/example_trigger_target_dag.py
[2025-01-28T06:13:09.892+0000] {logging_mixin.py:190} INFO - [2025-01-28T06:13:09.892+0000] {dag.py:3239} INFO - Sync 1 DAGs
[2025-01-28T06:13:09.905+0000] {logging_mixin.py:190} INFO - [2025-01-28T06:13:09.905+0000] {dag.py:4180} INFO - Setting next_dagrun for example_trigger_target_dag to None, run_after=None
[2025-01-28T06:13:09.927+0000] {processor.py:208} INFO - Processing /home/ubuntu/.local/lib/python3.12/site-packages/airflow/example_dags/example_trigger_target_dag.py took 0.066 seconds
[2025-01-28T06:14:02.217+0000] {processor.py:186} INFO - Started process (PID=3166) to work on /home/ubuntu/.local/lib/python3.12/site-packages/airflow/example_dags/example_trigger_target_dag.py
[2025-01-28T06:14:02.219+0000] {processor.py:914} INFO - Processing file /home/ubuntu/.local/lib/python3.12/site-packages/airflow/example_dags/example_trigger_target_dag.py for tasks to queue
[2025-01-28T06:14:02.221+0000] {logging_mixin.py:190} INFO - [2025-01-28T06:14:02.221+0000] {dagbag.py:588} INFO - Filling up the DagBag from /home/ubuntu/.local/lib/python3.12/site-packages/airflow/example_dags/example_trigger_target_dag.py
[2025-01-28T06:14:02.229+0000] {processor.py:925} INFO - DAG(s) 'example_trigger_target_dag' retrieved from /home/ubuntu/.local/lib/python3.12/site-packages/airflow/example_dags/example_trigger_target_dag.py
[2025-01-28T06:14:02.244+0000] {logging_mixin.py:190} INFO - [2025-01-28T06:14:02.244+0000] {dag.py:3239} INFO - Sync 1 DAGs
[2025-01-28T06:14:02.255+0000] {logging_mixin.py:190} INFO - [2025-01-28T06:14:02.255+0000] {dag.py:4180} INFO - Setting next_dagrun for example_trigger_target_dag to None, run_after=None
[2025-01-28T06:14:02.278+0000] {processor.py:208} INFO - Processing /home/ubuntu/.local/lib/python3.12/site-packages/airflow/example_dags/example_trigger_target_dag.py took 0.066 seconds
[2025-01-28T06:14:54.645+0000] {processor.py:186} INFO - Started process (PID=3221) to work on /home/ubuntu/.local/lib/python3.12/site-packages/airflow/example_dags/example_trigger_target_dag.py
[2025-01-28T06:14:54.647+0000] {processor.py:914} INFO - Processing file /home/ubuntu/.local/lib/python3.12/site-packages/airflow/example_dags/example_trigger_target_dag.py for tasks to queue
[2025-01-28T06:14:54.649+0000] {logging_mixin.py:190} INFO - [2025-01-28T06:14:54.649+0000] {dagbag.py:588} INFO - Filling up the DagBag from /home/ubuntu/.local/lib/python3.12/site-packages/airflow/example_dags/example_trigger_target_dag.py
[2025-01-28T06:14:54.657+0000] {processor.py:925} INFO - DAG(s) 'example_trigger_target_dag' retrieved from /home/ubuntu/.local/lib/python3.12/site-packages/airflow/example_dags/example_trigger_target_dag.py
[2025-01-28T06:14:54.671+0000] {logging_mixin.py:190} INFO - [2025-01-28T06:14:54.671+0000] {dag.py:3239} INFO - Sync 1 DAGs
[2025-01-28T06:14:54.682+0000] {logging_mixin.py:190} INFO - [2025-01-28T06:14:54.682+0000] {dag.py:4180} INFO - Setting next_dagrun for example_trigger_target_dag to None, run_after=None
[2025-01-28T06:14:54.705+0000] {processor.py:208} INFO - Processing /home/ubuntu/.local/lib/python3.12/site-packages/airflow/example_dags/example_trigger_target_dag.py took 0.064 seconds
[2025-01-28T06:15:48.466+0000] {processor.py:186} INFO - Started process (PID=3280) to work on /home/ubuntu/.local/lib/python3.12/site-packages/airflow/example_dags/example_trigger_target_dag.py
[2025-01-28T06:15:48.468+0000] {processor.py:914} INFO - Processing file /home/ubuntu/.local/lib/python3.12/site-packages/airflow/example_dags/example_trigger_target_dag.py for tasks to queue
[2025-01-28T06:15:48.470+0000] {logging_mixin.py:190} INFO - [2025-01-28T06:15:48.470+0000] {dagbag.py:588} INFO - Filling up the DagBag from /home/ubuntu/.local/lib/python3.12/site-packages/airflow/example_dags/example_trigger_target_dag.py
[2025-01-28T06:15:48.479+0000] {processor.py:925} INFO - DAG(s) 'example_trigger_target_dag' retrieved from /home/ubuntu/.local/lib/python3.12/site-packages/airflow/example_dags/example_trigger_target_dag.py
[2025-01-28T06:15:48.492+0000] {logging_mixin.py:190} INFO - [2025-01-28T06:15:48.492+0000] {dag.py:3239} INFO - Sync 1 DAGs
[2025-01-28T06:15:48.504+0000] {logging_mixin.py:190} INFO - [2025-01-28T06:15:48.503+0000] {dag.py:4180} INFO - Setting next_dagrun for example_trigger_target_dag to None, run_after=None
[2025-01-28T06:15:48.526+0000] {processor.py:208} INFO - Processing /home/ubuntu/.local/lib/python3.12/site-packages/airflow/example_dags/example_trigger_target_dag.py took 0.064 seconds
[2025-01-28T06:16:40.510+0000] {processor.py:186} INFO - Started process (PID=3334) to work on /home/ubuntu/.local/lib/python3.12/site-packages/airflow/example_dags/example_trigger_target_dag.py
[2025-01-28T06:16:40.511+0000] {processor.py:914} INFO - Processing file /home/ubuntu/.local/lib/python3.12/site-packages/airflow/example_dags/example_trigger_target_dag.py for tasks to queue
[2025-01-28T06:16:40.514+0000] {logging_mixin.py:190} INFO - [2025-01-28T06:16:40.514+0000] {dagbag.py:588} INFO - Filling up the DagBag from /home/ubuntu/.local/lib/python3.12/site-packages/airflow/example_dags/example_trigger_target_dag.py
[2025-01-28T06:16:40.522+0000] {processor.py:925} INFO - DAG(s) 'example_trigger_target_dag' retrieved from /home/ubuntu/.local/lib/python3.12/site-packages/airflow/example_dags/example_trigger_target_dag.py
[2025-01-28T06:16:40.537+0000] {logging_mixin.py:190} INFO - [2025-01-28T06:16:40.537+0000] {dag.py:3239} INFO - Sync 1 DAGs
[2025-01-28T06:16:40.549+0000] {logging_mixin.py:190} INFO - [2025-01-28T06:16:40.549+0000] {dag.py:4180} INFO - Setting next_dagrun for example_trigger_target_dag to None, run_after=None
[2025-01-28T06:16:40.572+0000] {processor.py:208} INFO - Processing /home/ubuntu/.local/lib/python3.12/site-packages/airflow/example_dags/example_trigger_target_dag.py took 0.067 seconds
[2025-01-28T06:17:34.281+0000] {processor.py:186} INFO - Started process (PID=3394) to work on /home/ubuntu/.local/lib/python3.12/site-packages/airflow/example_dags/example_trigger_target_dag.py
[2025-01-28T06:17:34.283+0000] {processor.py:914} INFO - Processing file /home/ubuntu/.local/lib/python3.12/site-packages/airflow/example_dags/example_trigger_target_dag.py for tasks to queue
[2025-01-28T06:17:34.286+0000] {logging_mixin.py:190} INFO - [2025-01-28T06:17:34.285+0000] {dagbag.py:588} INFO - Filling up the DagBag from /home/ubuntu/.local/lib/python3.12/site-packages/airflow/example_dags/example_trigger_target_dag.py
[2025-01-28T06:17:34.293+0000] {processor.py:925} INFO - DAG(s) 'example_trigger_target_dag' retrieved from /home/ubuntu/.local/lib/python3.12/site-packages/airflow/example_dags/example_trigger_target_dag.py
[2025-01-28T06:17:34.308+0000] {logging_mixin.py:190} INFO - [2025-01-28T06:17:34.308+0000] {dag.py:3239} INFO - Sync 1 DAGs
[2025-01-28T06:17:34.319+0000] {logging_mixin.py:190} INFO - [2025-01-28T06:17:34.319+0000] {dag.py:4180} INFO - Setting next_dagrun for example_trigger_target_dag to None, run_after=None
[2025-01-28T06:17:34.341+0000] {processor.py:208} INFO - Processing /home/ubuntu/.local/lib/python3.12/site-packages/airflow/example_dags/example_trigger_target_dag.py took 0.065 seconds
[2025-01-28T06:18:41.640+0000] {processor.py:186} INFO - Started process (PID=3504) to work on /home/ubuntu/.local/lib/python3.12/site-packages/airflow/example_dags/example_trigger_target_dag.py
[2025-01-28T06:18:41.642+0000] {processor.py:914} INFO - Processing file /home/ubuntu/.local/lib/python3.12/site-packages/airflow/example_dags/example_trigger_target_dag.py for tasks to queue
[2025-01-28T06:18:41.644+0000] {logging_mixin.py:190} INFO - [2025-01-28T06:18:41.644+0000] {dagbag.py:588} INFO - Filling up the DagBag from /home/ubuntu/.local/lib/python3.12/site-packages/airflow/example_dags/example_trigger_target_dag.py
[2025-01-28T06:18:41.652+0000] {processor.py:925} INFO - DAG(s) 'example_trigger_target_dag' retrieved from /home/ubuntu/.local/lib/python3.12/site-packages/airflow/example_dags/example_trigger_target_dag.py
[2025-01-28T06:18:41.667+0000] {logging_mixin.py:190} INFO - [2025-01-28T06:18:41.667+0000] {dag.py:3239} INFO - Sync 1 DAGs
[2025-01-28T06:18:41.677+0000] {logging_mixin.py:190} INFO - [2025-01-28T06:18:41.677+0000] {dag.py:4180} INFO - Setting next_dagrun for example_trigger_target_dag to None, run_after=None
[2025-01-28T06:18:41.700+0000] {processor.py:208} INFO - Processing /home/ubuntu/.local/lib/python3.12/site-packages/airflow/example_dags/example_trigger_target_dag.py took 0.064 seconds
[2025-01-28T06:19:30.986+0000] {processor.py:186} INFO - Started process (PID=3556) to work on /home/ubuntu/.local/lib/python3.12/site-packages/airflow/example_dags/example_trigger_target_dag.py
[2025-01-28T06:19:30.988+0000] {processor.py:914} INFO - Processing file /home/ubuntu/.local/lib/python3.12/site-packages/airflow/example_dags/example_trigger_target_dag.py for tasks to queue
[2025-01-28T06:19:30.990+0000] {logging_mixin.py:190} INFO - [2025-01-28T06:19:30.990+0000] {dagbag.py:588} INFO - Filling up the DagBag from /home/ubuntu/.local/lib/python3.12/site-packages/airflow/example_dags/example_trigger_target_dag.py
[2025-01-28T06:19:30.998+0000] {processor.py:925} INFO - DAG(s) 'example_trigger_target_dag' retrieved from /home/ubuntu/.local/lib/python3.12/site-packages/airflow/example_dags/example_trigger_target_dag.py
[2025-01-28T06:19:31.021+0000] {logging_mixin.py:190} INFO - [2025-01-28T06:19:31.021+0000] {dag.py:3239} INFO - Sync 1 DAGs
[2025-01-28T06:19:31.035+0000] {logging_mixin.py:190} INFO - [2025-01-28T06:19:31.034+0000] {dag.py:4180} INFO - Setting next_dagrun for example_trigger_target_dag to None, run_after=None
[2025-01-28T06:19:31.057+0000] {processor.py:208} INFO - Processing /home/ubuntu/.local/lib/python3.12/site-packages/airflow/example_dags/example_trigger_target_dag.py took 0.075 seconds
[2025-01-28T06:20:26.732+0000] {processor.py:186} INFO - Started process (PID=3620) to work on /home/ubuntu/.local/lib/python3.12/site-packages/airflow/example_dags/example_trigger_target_dag.py
[2025-01-28T06:20:26.734+0000] {processor.py:914} INFO - Processing file /home/ubuntu/.local/lib/python3.12/site-packages/airflow/example_dags/example_trigger_target_dag.py for tasks to queue
[2025-01-28T06:20:26.737+0000] {logging_mixin.py:190} INFO - [2025-01-28T06:20:26.737+0000] {dagbag.py:588} INFO - Filling up the DagBag from /home/ubuntu/.local/lib/python3.12/site-packages/airflow/example_dags/example_trigger_target_dag.py
[2025-01-28T06:20:26.747+0000] {processor.py:925} INFO - DAG(s) 'example_trigger_target_dag' retrieved from /home/ubuntu/.local/lib/python3.12/site-packages/airflow/example_dags/example_trigger_target_dag.py
[2025-01-28T06:20:26.762+0000] {logging_mixin.py:190} INFO - [2025-01-28T06:20:26.762+0000] {dag.py:3239} INFO - Sync 1 DAGs
[2025-01-28T06:20:26.773+0000] {logging_mixin.py:190} INFO - [2025-01-28T06:20:26.773+0000] {dag.py:4180} INFO - Setting next_dagrun for example_trigger_target_dag to None, run_after=None
[2025-01-28T06:20:26.795+0000] {processor.py:208} INFO - Processing /home/ubuntu/.local/lib/python3.12/site-packages/airflow/example_dags/example_trigger_target_dag.py took 0.074 seconds
[2025-01-28T06:21:22.330+0000] {processor.py:186} INFO - Started process (PID=3792) to work on /home/ubuntu/.local/lib/python3.12/site-packages/airflow/example_dags/example_trigger_target_dag.py
[2025-01-28T06:21:22.332+0000] {processor.py:914} INFO - Processing file /home/ubuntu/.local/lib/python3.12/site-packages/airflow/example_dags/example_trigger_target_dag.py for tasks to queue
[2025-01-28T06:21:22.334+0000] {logging_mixin.py:190} INFO - [2025-01-28T06:21:22.334+0000] {dagbag.py:588} INFO - Filling up the DagBag from /home/ubuntu/.local/lib/python3.12/site-packages/airflow/example_dags/example_trigger_target_dag.py
[2025-01-28T06:21:22.342+0000] {processor.py:925} INFO - DAG(s) 'example_trigger_target_dag' retrieved from /home/ubuntu/.local/lib/python3.12/site-packages/airflow/example_dags/example_trigger_target_dag.py
[2025-01-28T06:21:22.357+0000] {logging_mixin.py:190} INFO - [2025-01-28T06:21:22.357+0000] {dag.py:3239} INFO - Sync 1 DAGs
[2025-01-28T06:21:22.370+0000] {logging_mixin.py:190} INFO - [2025-01-28T06:21:22.370+0000] {dag.py:4180} INFO - Setting next_dagrun for example_trigger_target_dag to None, run_after=None
[2025-01-28T06:21:22.392+0000] {processor.py:208} INFO - Processing /home/ubuntu/.local/lib/python3.12/site-packages/airflow/example_dags/example_trigger_target_dag.py took 0.067 seconds
[2025-01-28T06:22:17.827+0000] {processor.py:186} INFO - Started process (PID=3876) to work on /home/ubuntu/.local/lib/python3.12/site-packages/airflow/example_dags/example_trigger_target_dag.py
[2025-01-28T06:22:17.830+0000] {processor.py:914} INFO - Processing file /home/ubuntu/.local/lib/python3.12/site-packages/airflow/example_dags/example_trigger_target_dag.py for tasks to queue
[2025-01-28T06:22:17.832+0000] {logging_mixin.py:190} INFO - [2025-01-28T06:22:17.832+0000] {dagbag.py:588} INFO - Filling up the DagBag from /home/ubuntu/.local/lib/python3.12/site-packages/airflow/example_dags/example_trigger_target_dag.py
[2025-01-28T06:22:17.840+0000] {processor.py:925} INFO - DAG(s) 'example_trigger_target_dag' retrieved from /home/ubuntu/.local/lib/python3.12/site-packages/airflow/example_dags/example_trigger_target_dag.py
[2025-01-28T06:22:17.856+0000] {logging_mixin.py:190} INFO - [2025-01-28T06:22:17.855+0000] {dag.py:3239} INFO - Sync 1 DAGs
[2025-01-28T06:22:17.867+0000] {logging_mixin.py:190} INFO - [2025-01-28T06:22:17.867+0000] {dag.py:4180} INFO - Setting next_dagrun for example_trigger_target_dag to None, run_after=None
[2025-01-28T06:22:17.889+0000] {processor.py:208} INFO - Processing /home/ubuntu/.local/lib/python3.12/site-packages/airflow/example_dags/example_trigger_target_dag.py took 0.067 seconds
[2025-01-28T06:23:12.179+0000] {processor.py:186} INFO - Started process (PID=4279) to work on /home/ubuntu/.local/lib/python3.12/site-packages/airflow/example_dags/example_trigger_target_dag.py
[2025-01-28T06:23:12.182+0000] {processor.py:914} INFO - Processing file /home/ubuntu/.local/lib/python3.12/site-packages/airflow/example_dags/example_trigger_target_dag.py for tasks to queue
[2025-01-28T06:23:12.183+0000] {logging_mixin.py:190} INFO - [2025-01-28T06:23:12.183+0000] {dagbag.py:588} INFO - Filling up the DagBag from /home/ubuntu/.local/lib/python3.12/site-packages/airflow/example_dags/example_trigger_target_dag.py
[2025-01-28T06:23:12.192+0000] {processor.py:925} INFO - DAG(s) 'example_trigger_target_dag' retrieved from /home/ubuntu/.local/lib/python3.12/site-packages/airflow/example_dags/example_trigger_target_dag.py
[2025-01-28T06:23:12.208+0000] {logging_mixin.py:190} INFO - [2025-01-28T06:23:12.208+0000] {dag.py:3239} INFO - Sync 1 DAGs
[2025-01-28T06:23:12.219+0000] {logging_mixin.py:190} INFO - [2025-01-28T06:23:12.219+0000] {dag.py:4180} INFO - Setting next_dagrun for example_trigger_target_dag to None, run_after=None
[2025-01-28T06:23:12.244+0000] {processor.py:208} INFO - Processing /home/ubuntu/.local/lib/python3.12/site-packages/airflow/example_dags/example_trigger_target_dag.py took 0.070 seconds
[2025-01-28T06:24:06.612+0000] {processor.py:186} INFO - Started process (PID=4503) to work on /home/ubuntu/.local/lib/python3.12/site-packages/airflow/example_dags/example_trigger_target_dag.py
[2025-01-28T06:24:06.613+0000] {processor.py:914} INFO - Processing file /home/ubuntu/.local/lib/python3.12/site-packages/airflow/example_dags/example_trigger_target_dag.py for tasks to queue
[2025-01-28T06:24:06.616+0000] {logging_mixin.py:190} INFO - [2025-01-28T06:24:06.616+0000] {dagbag.py:588} INFO - Filling up the DagBag from /home/ubuntu/.local/lib/python3.12/site-packages/airflow/example_dags/example_trigger_target_dag.py
[2025-01-28T06:24:06.624+0000] {processor.py:925} INFO - DAG(s) 'example_trigger_target_dag' retrieved from /home/ubuntu/.local/lib/python3.12/site-packages/airflow/example_dags/example_trigger_target_dag.py
[2025-01-28T06:24:06.638+0000] {logging_mixin.py:190} INFO - [2025-01-28T06:24:06.638+0000] {dag.py:3239} INFO - Sync 1 DAGs
[2025-01-28T06:24:06.649+0000] {logging_mixin.py:190} INFO - [2025-01-28T06:24:06.649+0000] {dag.py:4180} INFO - Setting next_dagrun for example_trigger_target_dag to None, run_after=None
[2025-01-28T06:24:06.670+0000] {processor.py:208} INFO - Processing /home/ubuntu/.local/lib/python3.12/site-packages/airflow/example_dags/example_trigger_target_dag.py took 0.063 seconds
[2025-01-28T06:25:02.063+0000] {processor.py:186} INFO - Started process (PID=4931) to work on /home/ubuntu/.local/lib/python3.12/site-packages/airflow/example_dags/example_trigger_target_dag.py
[2025-01-28T06:25:02.064+0000] {processor.py:914} INFO - Processing file /home/ubuntu/.local/lib/python3.12/site-packages/airflow/example_dags/example_trigger_target_dag.py for tasks to queue
[2025-01-28T06:25:02.067+0000] {logging_mixin.py:190} INFO - [2025-01-28T06:25:02.066+0000] {dagbag.py:588} INFO - Filling up the DagBag from /home/ubuntu/.local/lib/python3.12/site-packages/airflow/example_dags/example_trigger_target_dag.py
[2025-01-28T06:25:02.075+0000] {processor.py:925} INFO - DAG(s) 'example_trigger_target_dag' retrieved from /home/ubuntu/.local/lib/python3.12/site-packages/airflow/example_dags/example_trigger_target_dag.py
[2025-01-28T06:25:02.090+0000] {logging_mixin.py:190} INFO - [2025-01-28T06:25:02.090+0000] {dag.py:3239} INFO - Sync 1 DAGs
[2025-01-28T06:25:02.103+0000] {logging_mixin.py:190} INFO - [2025-01-28T06:25:02.103+0000] {dag.py:4180} INFO - Setting next_dagrun for example_trigger_target_dag to None, run_after=None
[2025-01-28T06:25:02.126+0000] {processor.py:208} INFO - Processing /home/ubuntu/.local/lib/python3.12/site-packages/airflow/example_dags/example_trigger_target_dag.py took 0.069 seconds
[2025-01-28T06:25:54.890+0000] {processor.py:186} INFO - Started process (PID=5078) to work on /home/ubuntu/.local/lib/python3.12/site-packages/airflow/example_dags/example_trigger_target_dag.py
[2025-01-28T06:25:54.891+0000] {processor.py:914} INFO - Processing file /home/ubuntu/.local/lib/python3.12/site-packages/airflow/example_dags/example_trigger_target_dag.py for tasks to queue
[2025-01-28T06:25:54.894+0000] {logging_mixin.py:190} INFO - [2025-01-28T06:25:54.893+0000] {dagbag.py:588} INFO - Filling up the DagBag from /home/ubuntu/.local/lib/python3.12/site-packages/airflow/example_dags/example_trigger_target_dag.py
[2025-01-28T06:25:54.902+0000] {processor.py:925} INFO - DAG(s) 'example_trigger_target_dag' retrieved from /home/ubuntu/.local/lib/python3.12/site-packages/airflow/example_dags/example_trigger_target_dag.py
[2025-01-28T06:25:54.916+0000] {logging_mixin.py:190} INFO - [2025-01-28T06:25:54.916+0000] {dag.py:3239} INFO - Sync 1 DAGs
[2025-01-28T06:25:54.927+0000] {logging_mixin.py:190} INFO - [2025-01-28T06:25:54.927+0000] {dag.py:4180} INFO - Setting next_dagrun for example_trigger_target_dag to None, run_after=None
[2025-01-28T06:25:54.947+0000] {processor.py:208} INFO - Processing /home/ubuntu/.local/lib/python3.12/site-packages/airflow/example_dags/example_trigger_target_dag.py took 0.063 seconds
[2025-01-28T06:26:50.575+0000] {processor.py:186} INFO - Started process (PID=5188) to work on /home/ubuntu/.local/lib/python3.12/site-packages/airflow/example_dags/example_trigger_target_dag.py
[2025-01-28T06:26:50.576+0000] {processor.py:914} INFO - Processing file /home/ubuntu/.local/lib/python3.12/site-packages/airflow/example_dags/example_trigger_target_dag.py for tasks to queue
[2025-01-28T06:26:50.578+0000] {logging_mixin.py:190} INFO - [2025-01-28T06:26:50.578+0000] {dagbag.py:588} INFO - Filling up the DagBag from /home/ubuntu/.local/lib/python3.12/site-packages/airflow/example_dags/example_trigger_target_dag.py
[2025-01-28T06:26:50.587+0000] {processor.py:925} INFO - DAG(s) 'example_trigger_target_dag' retrieved from /home/ubuntu/.local/lib/python3.12/site-packages/airflow/example_dags/example_trigger_target_dag.py
[2025-01-28T06:26:50.601+0000] {logging_mixin.py:190} INFO - [2025-01-28T06:26:50.601+0000] {dag.py:3239} INFO - Sync 1 DAGs
[2025-01-28T06:26:50.612+0000] {logging_mixin.py:190} INFO - [2025-01-28T06:26:50.611+0000] {dag.py:4180} INFO - Setting next_dagrun for example_trigger_target_dag to None, run_after=None
[2025-01-28T06:26:50.632+0000] {processor.py:208} INFO - Processing /home/ubuntu/.local/lib/python3.12/site-packages/airflow/example_dags/example_trigger_target_dag.py took 0.062 seconds
[2025-01-28T06:27:41.501+0000] {processor.py:186} INFO - Started process (PID=5243) to work on /home/ubuntu/.local/lib/python3.12/site-packages/airflow/example_dags/example_trigger_target_dag.py
[2025-01-28T06:27:41.503+0000] {processor.py:914} INFO - Processing file /home/ubuntu/.local/lib/python3.12/site-packages/airflow/example_dags/example_trigger_target_dag.py for tasks to queue
[2025-01-28T06:27:41.505+0000] {logging_mixin.py:190} INFO - [2025-01-28T06:27:41.505+0000] {dagbag.py:588} INFO - Filling up the DagBag from /home/ubuntu/.local/lib/python3.12/site-packages/airflow/example_dags/example_trigger_target_dag.py
[2025-01-28T06:27:41.514+0000] {processor.py:925} INFO - DAG(s) 'example_trigger_target_dag' retrieved from /home/ubuntu/.local/lib/python3.12/site-packages/airflow/example_dags/example_trigger_target_dag.py
[2025-01-28T06:27:41.528+0000] {logging_mixin.py:190} INFO - [2025-01-28T06:27:41.528+0000] {dag.py:3239} INFO - Sync 1 DAGs
[2025-01-28T06:27:41.539+0000] {logging_mixin.py:190} INFO - [2025-01-28T06:27:41.538+0000] {dag.py:4180} INFO - Setting next_dagrun for example_trigger_target_dag to None, run_after=None
[2025-01-28T06:27:41.557+0000] {processor.py:208} INFO - Processing /home/ubuntu/.local/lib/python3.12/site-packages/airflow/example_dags/example_trigger_target_dag.py took 0.061 seconds
[2025-01-28T06:28:35.583+0000] {processor.py:186} INFO - Started process (PID=5438) to work on /home/ubuntu/.local/lib/python3.12/site-packages/airflow/example_dags/example_trigger_target_dag.py
[2025-01-28T06:28:35.584+0000] {processor.py:914} INFO - Processing file /home/ubuntu/.local/lib/python3.12/site-packages/airflow/example_dags/example_trigger_target_dag.py for tasks to queue
[2025-01-28T06:28:35.587+0000] {logging_mixin.py:190} INFO - [2025-01-28T06:28:35.586+0000] {dagbag.py:588} INFO - Filling up the DagBag from /home/ubuntu/.local/lib/python3.12/site-packages/airflow/example_dags/example_trigger_target_dag.py
[2025-01-28T06:28:35.594+0000] {processor.py:925} INFO - DAG(s) 'example_trigger_target_dag' retrieved from /home/ubuntu/.local/lib/python3.12/site-packages/airflow/example_dags/example_trigger_target_dag.py
[2025-01-28T06:28:35.609+0000] {logging_mixin.py:190} INFO - [2025-01-28T06:28:35.609+0000] {dag.py:3239} INFO - Sync 1 DAGs
[2025-01-28T06:28:35.620+0000] {logging_mixin.py:190} INFO - [2025-01-28T06:28:35.619+0000] {dag.py:4180} INFO - Setting next_dagrun for example_trigger_target_dag to None, run_after=None
[2025-01-28T06:28:35.642+0000] {processor.py:208} INFO - Processing /home/ubuntu/.local/lib/python3.12/site-packages/airflow/example_dags/example_trigger_target_dag.py took 0.065 seconds
[2025-01-28T06:29:29.824+0000] {processor.py:186} INFO - Started process (PID=5572) to work on /home/ubuntu/.local/lib/python3.12/site-packages/airflow/example_dags/example_trigger_target_dag.py
[2025-01-28T06:29:29.826+0000] {processor.py:914} INFO - Processing file /home/ubuntu/.local/lib/python3.12/site-packages/airflow/example_dags/example_trigger_target_dag.py for tasks to queue
[2025-01-28T06:29:29.828+0000] {logging_mixin.py:190} INFO - [2025-01-28T06:29:29.827+0000] {dagbag.py:588} INFO - Filling up the DagBag from /home/ubuntu/.local/lib/python3.12/site-packages/airflow/example_dags/example_trigger_target_dag.py
[2025-01-28T06:29:29.836+0000] {processor.py:925} INFO - DAG(s) 'example_trigger_target_dag' retrieved from /home/ubuntu/.local/lib/python3.12/site-packages/airflow/example_dags/example_trigger_target_dag.py
[2025-01-28T06:29:29.850+0000] {logging_mixin.py:190} INFO - [2025-01-28T06:29:29.850+0000] {dag.py:3239} INFO - Sync 1 DAGs
[2025-01-28T06:29:29.861+0000] {logging_mixin.py:190} INFO - [2025-01-28T06:29:29.860+0000] {dag.py:4180} INFO - Setting next_dagrun for example_trigger_target_dag to None, run_after=None
[2025-01-28T06:29:29.883+0000] {processor.py:208} INFO - Processing /home/ubuntu/.local/lib/python3.12/site-packages/airflow/example_dags/example_trigger_target_dag.py took 0.064 seconds
[2025-01-28T06:30:25.178+0000] {processor.py:186} INFO - Started process (PID=5634) to work on /home/ubuntu/.local/lib/python3.12/site-packages/airflow/example_dags/example_trigger_target_dag.py
[2025-01-28T06:30:25.181+0000] {processor.py:914} INFO - Processing file /home/ubuntu/.local/lib/python3.12/site-packages/airflow/example_dags/example_trigger_target_dag.py for tasks to queue
[2025-01-28T06:30:25.184+0000] {logging_mixin.py:190} INFO - [2025-01-28T06:30:25.182+0000] {dagbag.py:588} INFO - Filling up the DagBag from /home/ubuntu/.local/lib/python3.12/site-packages/airflow/example_dags/example_trigger_target_dag.py
[2025-01-28T06:30:25.192+0000] {processor.py:925} INFO - DAG(s) 'example_trigger_target_dag' retrieved from /home/ubuntu/.local/lib/python3.12/site-packages/airflow/example_dags/example_trigger_target_dag.py
[2025-01-28T06:30:25.206+0000] {logging_mixin.py:190} INFO - [2025-01-28T06:30:25.206+0000] {dag.py:3239} INFO - Sync 1 DAGs
[2025-01-28T06:30:25.217+0000] {logging_mixin.py:190} INFO - [2025-01-28T06:30:25.217+0000] {dag.py:4180} INFO - Setting next_dagrun for example_trigger_target_dag to None, run_after=None
[2025-01-28T06:30:25.241+0000] {processor.py:208} INFO - Processing /home/ubuntu/.local/lib/python3.12/site-packages/airflow/example_dags/example_trigger_target_dag.py took 0.068 seconds
[2025-01-28T06:31:45.118+0000] {processor.py:186} INFO - Started process (PID=5765) to work on /home/ubuntu/.local/lib/python3.12/site-packages/airflow/example_dags/example_trigger_target_dag.py
[2025-01-28T06:31:45.120+0000] {processor.py:914} INFO - Processing file /home/ubuntu/.local/lib/python3.12/site-packages/airflow/example_dags/example_trigger_target_dag.py for tasks to queue
[2025-01-28T06:31:45.123+0000] {logging_mixin.py:190} INFO - [2025-01-28T06:31:45.123+0000] {dagbag.py:588} INFO - Filling up the DagBag from /home/ubuntu/.local/lib/python3.12/site-packages/airflow/example_dags/example_trigger_target_dag.py
[2025-01-28T06:31:45.132+0000] {processor.py:925} INFO - DAG(s) 'example_trigger_target_dag' retrieved from /home/ubuntu/.local/lib/python3.12/site-packages/airflow/example_dags/example_trigger_target_dag.py
[2025-01-28T06:31:45.146+0000] {logging_mixin.py:190} INFO - [2025-01-28T06:31:45.146+0000] {dag.py:3239} INFO - Sync 1 DAGs
[2025-01-28T06:31:45.157+0000] {logging_mixin.py:190} INFO - [2025-01-28T06:31:45.157+0000] {dag.py:4180} INFO - Setting next_dagrun for example_trigger_target_dag to None, run_after=None
[2025-01-28T06:31:45.179+0000] {processor.py:208} INFO - Processing /home/ubuntu/.local/lib/python3.12/site-packages/airflow/example_dags/example_trigger_target_dag.py took 0.067 seconds
[2025-01-28T06:32:42.754+0000] {processor.py:186} INFO - Started process (PID=5824) to work on /home/ubuntu/.local/lib/python3.12/site-packages/airflow/example_dags/example_trigger_target_dag.py
[2025-01-28T06:32:42.756+0000] {processor.py:914} INFO - Processing file /home/ubuntu/.local/lib/python3.12/site-packages/airflow/example_dags/example_trigger_target_dag.py for tasks to queue
[2025-01-28T06:32:42.758+0000] {logging_mixin.py:190} INFO - [2025-01-28T06:32:42.758+0000] {dagbag.py:588} INFO - Filling up the DagBag from /home/ubuntu/.local/lib/python3.12/site-packages/airflow/example_dags/example_trigger_target_dag.py
[2025-01-28T06:32:42.766+0000] {processor.py:925} INFO - DAG(s) 'example_trigger_target_dag' retrieved from /home/ubuntu/.local/lib/python3.12/site-packages/airflow/example_dags/example_trigger_target_dag.py
[2025-01-28T06:32:42.780+0000] {logging_mixin.py:190} INFO - [2025-01-28T06:32:42.780+0000] {dag.py:3239} INFO - Sync 1 DAGs
[2025-01-28T06:32:42.791+0000] {logging_mixin.py:190} INFO - [2025-01-28T06:32:42.791+0000] {dag.py:4180} INFO - Setting next_dagrun for example_trigger_target_dag to None, run_after=None
[2025-01-28T06:32:42.814+0000] {processor.py:208} INFO - Processing /home/ubuntu/.local/lib/python3.12/site-packages/airflow/example_dags/example_trigger_target_dag.py took 0.065 seconds
[2025-01-28T06:33:43.343+0000] {processor.py:186} INFO - Started process (PID=5889) to work on /home/ubuntu/.local/lib/python3.12/site-packages/airflow/example_dags/example_trigger_target_dag.py
[2025-01-28T06:33:43.345+0000] {processor.py:914} INFO - Processing file /home/ubuntu/.local/lib/python3.12/site-packages/airflow/example_dags/example_trigger_target_dag.py for tasks to queue
[2025-01-28T06:33:43.347+0000] {logging_mixin.py:190} INFO - [2025-01-28T06:33:43.347+0000] {dagbag.py:588} INFO - Filling up the DagBag from /home/ubuntu/.local/lib/python3.12/site-packages/airflow/example_dags/example_trigger_target_dag.py
[2025-01-28T06:33:43.356+0000] {processor.py:925} INFO - DAG(s) 'example_trigger_target_dag' retrieved from /home/ubuntu/.local/lib/python3.12/site-packages/airflow/example_dags/example_trigger_target_dag.py
[2025-01-28T06:33:43.370+0000] {logging_mixin.py:190} INFO - [2025-01-28T06:33:43.370+0000] {dag.py:3239} INFO - Sync 1 DAGs
[2025-01-28T06:33:43.381+0000] {logging_mixin.py:190} INFO - [2025-01-28T06:33:43.381+0000] {dag.py:4180} INFO - Setting next_dagrun for example_trigger_target_dag to None, run_after=None
[2025-01-28T06:33:43.404+0000] {processor.py:208} INFO - Processing /home/ubuntu/.local/lib/python3.12/site-packages/airflow/example_dags/example_trigger_target_dag.py took 0.066 seconds
[2025-01-28T06:34:39.978+0000] {processor.py:186} INFO - Started process (PID=5947) to work on /home/ubuntu/.local/lib/python3.12/site-packages/airflow/example_dags/example_trigger_target_dag.py
[2025-01-28T06:34:39.980+0000] {processor.py:914} INFO - Processing file /home/ubuntu/.local/lib/python3.12/site-packages/airflow/example_dags/example_trigger_target_dag.py for tasks to queue
[2025-01-28T06:34:39.983+0000] {logging_mixin.py:190} INFO - [2025-01-28T06:34:39.982+0000] {dagbag.py:588} INFO - Filling up the DagBag from /home/ubuntu/.local/lib/python3.12/site-packages/airflow/example_dags/example_trigger_target_dag.py
[2025-01-28T06:34:39.991+0000] {processor.py:925} INFO - DAG(s) 'example_trigger_target_dag' retrieved from /home/ubuntu/.local/lib/python3.12/site-packages/airflow/example_dags/example_trigger_target_dag.py
[2025-01-28T06:34:40.006+0000] {logging_mixin.py:190} INFO - [2025-01-28T06:34:40.006+0000] {dag.py:3239} INFO - Sync 1 DAGs
[2025-01-28T06:34:40.018+0000] {logging_mixin.py:190} INFO - [2025-01-28T06:34:40.017+0000] {dag.py:4180} INFO - Setting next_dagrun for example_trigger_target_dag to None, run_after=None
[2025-01-28T06:34:40.040+0000] {processor.py:208} INFO - Processing /home/ubuntu/.local/lib/python3.12/site-packages/airflow/example_dags/example_trigger_target_dag.py took 0.067 seconds
[2025-01-28T06:35:36.182+0000] {processor.py:186} INFO - Started process (PID=6008) to work on /home/ubuntu/.local/lib/python3.12/site-packages/airflow/example_dags/example_trigger_target_dag.py
[2025-01-28T06:35:36.184+0000] {processor.py:914} INFO - Processing file /home/ubuntu/.local/lib/python3.12/site-packages/airflow/example_dags/example_trigger_target_dag.py for tasks to queue
[2025-01-28T06:35:36.187+0000] {logging_mixin.py:190} INFO - [2025-01-28T06:35:36.186+0000] {dagbag.py:588} INFO - Filling up the DagBag from /home/ubuntu/.local/lib/python3.12/site-packages/airflow/example_dags/example_trigger_target_dag.py
[2025-01-28T06:35:36.194+0000] {processor.py:925} INFO - DAG(s) 'example_trigger_target_dag' retrieved from /home/ubuntu/.local/lib/python3.12/site-packages/airflow/example_dags/example_trigger_target_dag.py
[2025-01-28T06:35:36.209+0000] {logging_mixin.py:190} INFO - [2025-01-28T06:35:36.209+0000] {dag.py:3239} INFO - Sync 1 DAGs
[2025-01-28T06:35:36.221+0000] {logging_mixin.py:190} INFO - [2025-01-28T06:35:36.220+0000] {dag.py:4180} INFO - Setting next_dagrun for example_trigger_target_dag to None, run_after=None
[2025-01-28T06:35:36.243+0000] {processor.py:208} INFO - Processing /home/ubuntu/.local/lib/python3.12/site-packages/airflow/example_dags/example_trigger_target_dag.py took 0.066 seconds
[2025-01-28T06:36:27.542+0000] {processor.py:186} INFO - Started process (PID=6061) to work on /home/ubuntu/.local/lib/python3.12/site-packages/airflow/example_dags/example_trigger_target_dag.py
[2025-01-28T06:36:27.545+0000] {processor.py:914} INFO - Processing file /home/ubuntu/.local/lib/python3.12/site-packages/airflow/example_dags/example_trigger_target_dag.py for tasks to queue
[2025-01-28T06:36:27.547+0000] {logging_mixin.py:190} INFO - [2025-01-28T06:36:27.546+0000] {dagbag.py:588} INFO - Filling up the DagBag from /home/ubuntu/.local/lib/python3.12/site-packages/airflow/example_dags/example_trigger_target_dag.py
[2025-01-28T06:36:27.555+0000] {processor.py:925} INFO - DAG(s) 'example_trigger_target_dag' retrieved from /home/ubuntu/.local/lib/python3.12/site-packages/airflow/example_dags/example_trigger_target_dag.py
[2025-01-28T06:36:27.570+0000] {logging_mixin.py:190} INFO - [2025-01-28T06:36:27.570+0000] {dag.py:3239} INFO - Sync 1 DAGs
[2025-01-28T06:36:27.581+0000] {logging_mixin.py:190} INFO - [2025-01-28T06:36:27.581+0000] {dag.py:4180} INFO - Setting next_dagrun for example_trigger_target_dag to None, run_after=None
[2025-01-28T06:36:27.605+0000] {processor.py:208} INFO - Processing /home/ubuntu/.local/lib/python3.12/site-packages/airflow/example_dags/example_trigger_target_dag.py took 0.067 seconds
[2025-01-28T06:37:20.005+0000] {processor.py:186} INFO - Started process (PID=6115) to work on /home/ubuntu/.local/lib/python3.12/site-packages/airflow/example_dags/example_trigger_target_dag.py
[2025-01-28T06:37:20.007+0000] {processor.py:914} INFO - Processing file /home/ubuntu/.local/lib/python3.12/site-packages/airflow/example_dags/example_trigger_target_dag.py for tasks to queue
[2025-01-28T06:37:20.010+0000] {logging_mixin.py:190} INFO - [2025-01-28T06:37:20.010+0000] {dagbag.py:588} INFO - Filling up the DagBag from /home/ubuntu/.local/lib/python3.12/site-packages/airflow/example_dags/example_trigger_target_dag.py
[2025-01-28T06:37:20.018+0000] {processor.py:925} INFO - DAG(s) 'example_trigger_target_dag' retrieved from /home/ubuntu/.local/lib/python3.12/site-packages/airflow/example_dags/example_trigger_target_dag.py
[2025-01-28T06:37:20.033+0000] {logging_mixin.py:190} INFO - [2025-01-28T06:37:20.033+0000] {dag.py:3239} INFO - Sync 1 DAGs
[2025-01-28T06:37:20.043+0000] {logging_mixin.py:190} INFO - [2025-01-28T06:37:20.043+0000] {dag.py:4180} INFO - Setting next_dagrun for example_trigger_target_dag to None, run_after=None
[2025-01-28T06:37:20.068+0000] {processor.py:208} INFO - Processing /home/ubuntu/.local/lib/python3.12/site-packages/airflow/example_dags/example_trigger_target_dag.py took 0.069 seconds
[2025-01-28T06:38:12.653+0000] {processor.py:186} INFO - Started process (PID=6171) to work on /home/ubuntu/.local/lib/python3.12/site-packages/airflow/example_dags/example_trigger_target_dag.py
[2025-01-28T06:38:12.656+0000] {processor.py:914} INFO - Processing file /home/ubuntu/.local/lib/python3.12/site-packages/airflow/example_dags/example_trigger_target_dag.py for tasks to queue
[2025-01-28T06:38:12.657+0000] {logging_mixin.py:190} INFO - [2025-01-28T06:38:12.657+0000] {dagbag.py:588} INFO - Filling up the DagBag from /home/ubuntu/.local/lib/python3.12/site-packages/airflow/example_dags/example_trigger_target_dag.py
[2025-01-28T06:38:12.666+0000] {processor.py:925} INFO - DAG(s) 'example_trigger_target_dag' retrieved from /home/ubuntu/.local/lib/python3.12/site-packages/airflow/example_dags/example_trigger_target_dag.py
[2025-01-28T06:38:12.680+0000] {logging_mixin.py:190} INFO - [2025-01-28T06:38:12.680+0000] {dag.py:3239} INFO - Sync 1 DAGs
[2025-01-28T06:38:12.691+0000] {logging_mixin.py:190} INFO - [2025-01-28T06:38:12.691+0000] {dag.py:4180} INFO - Setting next_dagrun for example_trigger_target_dag to None, run_after=None
[2025-01-28T06:38:12.712+0000] {processor.py:208} INFO - Processing /home/ubuntu/.local/lib/python3.12/site-packages/airflow/example_dags/example_trigger_target_dag.py took 0.065 seconds
[2025-01-28T06:39:08.018+0000] {processor.py:186} INFO - Started process (PID=6228) to work on /home/ubuntu/.local/lib/python3.12/site-packages/airflow/example_dags/example_trigger_target_dag.py
[2025-01-28T06:39:08.020+0000] {processor.py:914} INFO - Processing file /home/ubuntu/.local/lib/python3.12/site-packages/airflow/example_dags/example_trigger_target_dag.py for tasks to queue
[2025-01-28T06:39:08.023+0000] {logging_mixin.py:190} INFO - [2025-01-28T06:39:08.021+0000] {dagbag.py:588} INFO - Filling up the DagBag from /home/ubuntu/.local/lib/python3.12/site-packages/airflow/example_dags/example_trigger_target_dag.py
[2025-01-28T06:39:08.031+0000] {processor.py:925} INFO - DAG(s) 'example_trigger_target_dag' retrieved from /home/ubuntu/.local/lib/python3.12/site-packages/airflow/example_dags/example_trigger_target_dag.py
[2025-01-28T06:39:08.046+0000] {logging_mixin.py:190} INFO - [2025-01-28T06:39:08.046+0000] {dag.py:3239} INFO - Sync 1 DAGs
[2025-01-28T06:39:08.056+0000] {logging_mixin.py:190} INFO - [2025-01-28T06:39:08.056+0000] {dag.py:4180} INFO - Setting next_dagrun for example_trigger_target_dag to None, run_after=None
[2025-01-28T06:39:08.090+0000] {processor.py:208} INFO - Processing /home/ubuntu/.local/lib/python3.12/site-packages/airflow/example_dags/example_trigger_target_dag.py took 0.077 seconds
[2025-01-28T06:40:06.598+0000] {processor.py:186} INFO - Started process (PID=6287) to work on /home/ubuntu/.local/lib/python3.12/site-packages/airflow/example_dags/example_trigger_target_dag.py
[2025-01-28T06:40:06.600+0000] {processor.py:914} INFO - Processing file /home/ubuntu/.local/lib/python3.12/site-packages/airflow/example_dags/example_trigger_target_dag.py for tasks to queue
[2025-01-28T06:40:06.602+0000] {logging_mixin.py:190} INFO - [2025-01-28T06:40:06.602+0000] {dagbag.py:588} INFO - Filling up the DagBag from /home/ubuntu/.local/lib/python3.12/site-packages/airflow/example_dags/example_trigger_target_dag.py
[2025-01-28T06:40:06.612+0000] {processor.py:925} INFO - DAG(s) 'example_trigger_target_dag' retrieved from /home/ubuntu/.local/lib/python3.12/site-packages/airflow/example_dags/example_trigger_target_dag.py
[2025-01-28T06:40:06.627+0000] {logging_mixin.py:190} INFO - [2025-01-28T06:40:06.627+0000] {dag.py:3239} INFO - Sync 1 DAGs
[2025-01-28T06:40:06.638+0000] {logging_mixin.py:190} INFO - [2025-01-28T06:40:06.638+0000] {dag.py:4180} INFO - Setting next_dagrun for example_trigger_target_dag to None, run_after=None
[2025-01-28T06:40:06.661+0000] {processor.py:208} INFO - Processing /home/ubuntu/.local/lib/python3.12/site-packages/airflow/example_dags/example_trigger_target_dag.py took 0.069 seconds
[2025-01-28T06:41:00.155+0000] {processor.py:186} INFO - Started process (PID=6346) to work on /home/ubuntu/.local/lib/python3.12/site-packages/airflow/example_dags/example_trigger_target_dag.py
[2025-01-28T06:41:00.156+0000] {processor.py:914} INFO - Processing file /home/ubuntu/.local/lib/python3.12/site-packages/airflow/example_dags/example_trigger_target_dag.py for tasks to queue
[2025-01-28T06:41:00.159+0000] {logging_mixin.py:190} INFO - [2025-01-28T06:41:00.158+0000] {dagbag.py:588} INFO - Filling up the DagBag from /home/ubuntu/.local/lib/python3.12/site-packages/airflow/example_dags/example_trigger_target_dag.py
[2025-01-28T06:41:00.167+0000] {processor.py:925} INFO - DAG(s) 'example_trigger_target_dag' retrieved from /home/ubuntu/.local/lib/python3.12/site-packages/airflow/example_dags/example_trigger_target_dag.py
[2025-01-28T06:41:00.181+0000] {logging_mixin.py:190} INFO - [2025-01-28T06:41:00.181+0000] {dag.py:3239} INFO - Sync 1 DAGs
[2025-01-28T06:41:00.192+0000] {logging_mixin.py:190} INFO - [2025-01-28T06:41:00.192+0000] {dag.py:4180} INFO - Setting next_dagrun for example_trigger_target_dag to None, run_after=None
[2025-01-28T06:41:00.346+0000] {processor.py:208} INFO - Processing /home/ubuntu/.local/lib/python3.12/site-packages/airflow/example_dags/example_trigger_target_dag.py took 0.197 seconds
[2025-01-28T06:42:06.109+0000] {processor.py:186} INFO - Started process (PID=6543) to work on /home/ubuntu/.local/lib/python3.12/site-packages/airflow/example_dags/example_trigger_target_dag.py
[2025-01-28T06:42:06.110+0000] {processor.py:914} INFO - Processing file /home/ubuntu/.local/lib/python3.12/site-packages/airflow/example_dags/example_trigger_target_dag.py for tasks to queue
[2025-01-28T06:42:06.112+0000] {logging_mixin.py:190} INFO - [2025-01-28T06:42:06.111+0000] {dagbag.py:588} INFO - Filling up the DagBag from /home/ubuntu/.local/lib/python3.12/site-packages/airflow/example_dags/example_trigger_target_dag.py
[2025-01-28T06:42:06.120+0000] {processor.py:925} INFO - DAG(s) 'example_trigger_target_dag' retrieved from /home/ubuntu/.local/lib/python3.12/site-packages/airflow/example_dags/example_trigger_target_dag.py
[2025-01-28T06:42:06.134+0000] {logging_mixin.py:190} INFO - [2025-01-28T06:42:06.134+0000] {dag.py:3239} INFO - Sync 1 DAGs
[2025-01-28T06:42:06.146+0000] {logging_mixin.py:190} INFO - [2025-01-28T06:42:06.146+0000] {dag.py:4180} INFO - Setting next_dagrun for example_trigger_target_dag to None, run_after=None
[2025-01-28T06:42:06.168+0000] {processor.py:208} INFO - Processing /home/ubuntu/.local/lib/python3.12/site-packages/airflow/example_dags/example_trigger_target_dag.py took 0.065 seconds
[2025-01-28T06:43:03.199+0000] {processor.py:186} INFO - Started process (PID=6601) to work on /home/ubuntu/.local/lib/python3.12/site-packages/airflow/example_dags/example_trigger_target_dag.py
[2025-01-28T06:43:03.200+0000] {processor.py:914} INFO - Processing file /home/ubuntu/.local/lib/python3.12/site-packages/airflow/example_dags/example_trigger_target_dag.py for tasks to queue
[2025-01-28T06:43:03.203+0000] {logging_mixin.py:190} INFO - [2025-01-28T06:43:03.202+0000] {dagbag.py:588} INFO - Filling up the DagBag from /home/ubuntu/.local/lib/python3.12/site-packages/airflow/example_dags/example_trigger_target_dag.py
[2025-01-28T06:43:03.211+0000] {processor.py:925} INFO - DAG(s) 'example_trigger_target_dag' retrieved from /home/ubuntu/.local/lib/python3.12/site-packages/airflow/example_dags/example_trigger_target_dag.py
[2025-01-28T06:43:03.225+0000] {logging_mixin.py:190} INFO - [2025-01-28T06:43:03.225+0000] {dag.py:3239} INFO - Sync 1 DAGs
[2025-01-28T06:43:03.236+0000] {logging_mixin.py:190} INFO - [2025-01-28T06:43:03.236+0000] {dag.py:4180} INFO - Setting next_dagrun for example_trigger_target_dag to None, run_after=None
[2025-01-28T06:43:03.257+0000] {processor.py:208} INFO - Processing /home/ubuntu/.local/lib/python3.12/site-packages/airflow/example_dags/example_trigger_target_dag.py took 0.064 seconds
[2025-01-28T06:44:08.488+0000] {processor.py:186} INFO - Started process (PID=6663) to work on /home/ubuntu/.local/lib/python3.12/site-packages/airflow/example_dags/example_trigger_target_dag.py
[2025-01-28T06:44:08.489+0000] {processor.py:914} INFO - Processing file /home/ubuntu/.local/lib/python3.12/site-packages/airflow/example_dags/example_trigger_target_dag.py for tasks to queue
[2025-01-28T06:44:08.491+0000] {logging_mixin.py:190} INFO - [2025-01-28T06:44:08.491+0000] {dagbag.py:588} INFO - Filling up the DagBag from /home/ubuntu/.local/lib/python3.12/site-packages/airflow/example_dags/example_trigger_target_dag.py
[2025-01-28T06:44:08.499+0000] {processor.py:925} INFO - DAG(s) 'example_trigger_target_dag' retrieved from /home/ubuntu/.local/lib/python3.12/site-packages/airflow/example_dags/example_trigger_target_dag.py
[2025-01-28T06:44:08.514+0000] {logging_mixin.py:190} INFO - [2025-01-28T06:44:08.514+0000] {dag.py:3239} INFO - Sync 1 DAGs
[2025-01-28T06:44:08.526+0000] {logging_mixin.py:190} INFO - [2025-01-28T06:44:08.525+0000] {dag.py:4180} INFO - Setting next_dagrun for example_trigger_target_dag to None, run_after=None
[2025-01-28T06:44:08.547+0000] {processor.py:208} INFO - Processing /home/ubuntu/.local/lib/python3.12/site-packages/airflow/example_dags/example_trigger_target_dag.py took 0.065 seconds
[2025-01-28T06:45:15.790+0000] {processor.py:186} INFO - Started process (PID=6728) to work on /home/ubuntu/.local/lib/python3.12/site-packages/airflow/example_dags/example_trigger_target_dag.py
[2025-01-28T06:45:15.792+0000] {processor.py:914} INFO - Processing file /home/ubuntu/.local/lib/python3.12/site-packages/airflow/example_dags/example_trigger_target_dag.py for tasks to queue
[2025-01-28T06:45:15.794+0000] {logging_mixin.py:190} INFO - [2025-01-28T06:45:15.794+0000] {dagbag.py:588} INFO - Filling up the DagBag from /home/ubuntu/.local/lib/python3.12/site-packages/airflow/example_dags/example_trigger_target_dag.py
[2025-01-28T06:45:15.802+0000] {processor.py:925} INFO - DAG(s) 'example_trigger_target_dag' retrieved from /home/ubuntu/.local/lib/python3.12/site-packages/airflow/example_dags/example_trigger_target_dag.py
[2025-01-28T06:45:15.817+0000] {logging_mixin.py:190} INFO - [2025-01-28T06:45:15.817+0000] {dag.py:3239} INFO - Sync 1 DAGs
[2025-01-28T06:45:15.828+0000] {logging_mixin.py:190} INFO - [2025-01-28T06:45:15.828+0000] {dag.py:4180} INFO - Setting next_dagrun for example_trigger_target_dag to None, run_after=None
[2025-01-28T06:45:15.852+0000] {processor.py:208} INFO - Processing /home/ubuntu/.local/lib/python3.12/site-packages/airflow/example_dags/example_trigger_target_dag.py took 0.067 seconds
[2025-01-28T06:46:10.982+0000] {processor.py:186} INFO - Started process (PID=6950) to work on /home/ubuntu/.local/lib/python3.12/site-packages/airflow/example_dags/example_trigger_target_dag.py
[2025-01-28T06:46:10.983+0000] {processor.py:914} INFO - Processing file /home/ubuntu/.local/lib/python3.12/site-packages/airflow/example_dags/example_trigger_target_dag.py for tasks to queue
[2025-01-28T06:46:10.986+0000] {logging_mixin.py:190} INFO - [2025-01-28T06:46:10.986+0000] {dagbag.py:588} INFO - Filling up the DagBag from /home/ubuntu/.local/lib/python3.12/site-packages/airflow/example_dags/example_trigger_target_dag.py
[2025-01-28T06:46:10.994+0000] {processor.py:925} INFO - DAG(s) 'example_trigger_target_dag' retrieved from /home/ubuntu/.local/lib/python3.12/site-packages/airflow/example_dags/example_trigger_target_dag.py
[2025-01-28T06:46:11.010+0000] {logging_mixin.py:190} INFO - [2025-01-28T06:46:11.010+0000] {dag.py:3239} INFO - Sync 1 DAGs
[2025-01-28T06:46:11.022+0000] {logging_mixin.py:190} INFO - [2025-01-28T06:46:11.022+0000] {dag.py:4180} INFO - Setting next_dagrun for example_trigger_target_dag to None, run_after=None
[2025-01-28T06:46:11.045+0000] {processor.py:208} INFO - Processing /home/ubuntu/.local/lib/python3.12/site-packages/airflow/example_dags/example_trigger_target_dag.py took 0.069 seconds
