[2025-01-28T03:39:37.163+0000] {processor.py:186} INFO - Started process (PID=9637) to work on /home/ubuntu/airflow-venv/lib/python3.12/site-packages/airflow/example_dags/example_sla_dag.py
[2025-01-28T03:39:37.163+0000] {processor.py:914} INFO - Processing file /home/ubuntu/airflow-venv/lib/python3.12/site-packages/airflow/example_dags/example_sla_dag.py for tasks to queue
[2025-01-28T03:39:37.165+0000] {logging_mixin.py:190} INFO - [2025-01-28T03:39:37.165+0000] {dagbag.py:588} INFO - Filling up the DagBag from /home/ubuntu/airflow-venv/lib/python3.12/site-packages/airflow/example_dags/example_sla_dag.py
[2025-01-28T03:39:37.177+0000] {processor.py:925} INFO - DAG(s) 'example_sla_dag' retrieved from /home/ubuntu/airflow-venv/lib/python3.12/site-packages/airflow/example_dags/example_sla_dag.py
[2025-01-28T03:39:37.291+0000] {logging_mixin.py:190} INFO - [2025-01-28T03:39:37.290+0000] {override.py:1912} INFO - Created Permission View: can read on DAG:example_sla_dag
[2025-01-28T03:39:37.304+0000] {logging_mixin.py:190} INFO - [2025-01-28T03:39:37.304+0000] {override.py:1912} INFO - Created Permission View: can delete on DAG:example_sla_dag
[2025-01-28T03:39:37.317+0000] {logging_mixin.py:190} INFO - [2025-01-28T03:39:37.317+0000] {override.py:1912} INFO - Created Permission View: can edit on DAG:example_sla_dag
[2025-01-28T03:39:37.336+0000] {logging_mixin.py:190} INFO - [2025-01-28T03:39:37.336+0000] {override.py:1912} INFO - Created Permission View: menu access on DAG Run:example_sla_dag
[2025-01-28T03:39:37.347+0000] {logging_mixin.py:190} INFO - [2025-01-28T03:39:37.347+0000] {override.py:1912} INFO - Created Permission View: can read on DAG Run:example_sla_dag
[2025-01-28T03:39:37.357+0000] {logging_mixin.py:190} INFO - [2025-01-28T03:39:37.357+0000] {override.py:1912} INFO - Created Permission View: can delete on DAG Run:example_sla_dag
[2025-01-28T03:39:37.367+0000] {logging_mixin.py:190} INFO - [2025-01-28T03:39:37.367+0000] {override.py:1912} INFO - Created Permission View: can create on DAG Run:example_sla_dag
[2025-01-28T03:39:37.367+0000] {logging_mixin.py:190} INFO - [2025-01-28T03:39:37.367+0000] {dag.py:3239} INFO - Sync 1 DAGs
[2025-01-28T03:39:37.377+0000] {logging_mixin.py:190} INFO - [2025-01-28T03:39:37.377+0000] {dag.py:3262} INFO - Creating ORM DAG for example_sla_dag
[2025-01-28T03:39:37.386+0000] {logging_mixin.py:190} INFO - [2025-01-28T03:39:37.386+0000] {dag.py:4180} INFO - Setting next_dagrun for example_sla_dag to 2025-01-28 03:36:00+00:00, run_after=2025-01-28 03:38:00+00:00
[2025-01-28T03:39:37.406+0000] {processor.py:208} INFO - Processing /home/ubuntu/airflow-venv/lib/python3.12/site-packages/airflow/example_dags/example_sla_dag.py took 0.249 seconds
[2025-01-28T03:40:43.562+0000] {processor.py:186} INFO - Started process (PID=9698) to work on /home/ubuntu/airflow-venv/lib/python3.12/site-packages/airflow/example_dags/example_sla_dag.py
[2025-01-28T03:40:43.563+0000] {processor.py:914} INFO - Processing file /home/ubuntu/airflow-venv/lib/python3.12/site-packages/airflow/example_dags/example_sla_dag.py for tasks to queue
[2025-01-28T03:40:43.565+0000] {logging_mixin.py:190} INFO - [2025-01-28T03:40:43.564+0000] {dagbag.py:588} INFO - Filling up the DagBag from /home/ubuntu/airflow-venv/lib/python3.12/site-packages/airflow/example_dags/example_sla_dag.py
[2025-01-28T03:40:43.576+0000] {processor.py:925} INFO - DAG(s) 'example_sla_dag' retrieved from /home/ubuntu/airflow-venv/lib/python3.12/site-packages/airflow/example_dags/example_sla_dag.py
[2025-01-28T03:40:43.589+0000] {logging_mixin.py:190} INFO - [2025-01-28T03:40:43.589+0000] {dag.py:3239} INFO - Sync 1 DAGs
[2025-01-28T03:40:43.609+0000] {logging_mixin.py:190} INFO - [2025-01-28T03:40:43.609+0000] {dag.py:4180} INFO - Setting next_dagrun for example_sla_dag to 2025-01-28 03:38:00+00:00, run_after=2025-01-28 03:40:00+00:00
[2025-01-28T03:40:43.630+0000] {processor.py:208} INFO - Processing /home/ubuntu/airflow-venv/lib/python3.12/site-packages/airflow/example_dags/example_sla_dag.py took 0.074 seconds
[2025-01-28T03:43:21.909+0000] {processor.py:186} INFO - Started process (PID=9799) to work on /home/ubuntu/airflow-venv/lib/python3.12/site-packages/airflow/example_dags/example_sla_dag.py
[2025-01-28T03:43:21.911+0000] {processor.py:914} INFO - Processing file /home/ubuntu/airflow-venv/lib/python3.12/site-packages/airflow/example_dags/example_sla_dag.py for tasks to queue
[2025-01-28T03:43:21.912+0000] {logging_mixin.py:190} INFO - [2025-01-28T03:43:21.912+0000] {dagbag.py:588} INFO - Filling up the DagBag from /home/ubuntu/airflow-venv/lib/python3.12/site-packages/airflow/example_dags/example_sla_dag.py
[2025-01-28T03:43:21.922+0000] {processor.py:925} INFO - DAG(s) 'example_sla_dag' retrieved from /home/ubuntu/airflow-venv/lib/python3.12/site-packages/airflow/example_dags/example_sla_dag.py
[2025-01-28T03:43:21.938+0000] {logging_mixin.py:190} INFO - [2025-01-28T03:43:21.938+0000] {dag.py:3239} INFO - Sync 1 DAGs
[2025-01-28T03:43:21.957+0000] {logging_mixin.py:190} INFO - [2025-01-28T03:43:21.957+0000] {dag.py:4180} INFO - Setting next_dagrun for example_sla_dag to 2025-01-28 03:40:00+00:00, run_after=2025-01-28 03:42:00+00:00
[2025-01-28T03:43:21.977+0000] {processor.py:208} INFO - Processing /home/ubuntu/airflow-venv/lib/python3.12/site-packages/airflow/example_dags/example_sla_dag.py took 0.075 seconds
[2025-01-28T03:44:17.712+0000] {processor.py:186} INFO - Started process (PID=9857) to work on /home/ubuntu/airflow-venv/lib/python3.12/site-packages/airflow/example_dags/example_sla_dag.py
[2025-01-28T03:44:17.714+0000] {processor.py:914} INFO - Processing file /home/ubuntu/airflow-venv/lib/python3.12/site-packages/airflow/example_dags/example_sla_dag.py for tasks to queue
[2025-01-28T03:44:17.716+0000] {logging_mixin.py:190} INFO - [2025-01-28T03:44:17.716+0000] {dagbag.py:588} INFO - Filling up the DagBag from /home/ubuntu/airflow-venv/lib/python3.12/site-packages/airflow/example_dags/example_sla_dag.py
[2025-01-28T03:44:17.726+0000] {processor.py:925} INFO - DAG(s) 'example_sla_dag' retrieved from /home/ubuntu/airflow-venv/lib/python3.12/site-packages/airflow/example_dags/example_sla_dag.py
[2025-01-28T03:44:17.741+0000] {logging_mixin.py:190} INFO - [2025-01-28T03:44:17.740+0000] {dag.py:3239} INFO - Sync 1 DAGs
[2025-01-28T03:44:17.760+0000] {logging_mixin.py:190} INFO - [2025-01-28T03:44:17.760+0000] {dag.py:4180} INFO - Setting next_dagrun for example_sla_dag to 2025-01-28 03:42:00+00:00, run_after=2025-01-28 03:44:00+00:00
[2025-01-28T03:44:17.781+0000] {processor.py:208} INFO - Processing /home/ubuntu/airflow-venv/lib/python3.12/site-packages/airflow/example_dags/example_sla_dag.py took 0.074 seconds
[2025-01-28T03:45:09.418+0000] {processor.py:186} INFO - Started process (PID=9915) to work on /home/ubuntu/airflow-venv/lib/python3.12/site-packages/airflow/example_dags/example_sla_dag.py
[2025-01-28T03:45:09.420+0000] {processor.py:914} INFO - Processing file /home/ubuntu/airflow-venv/lib/python3.12/site-packages/airflow/example_dags/example_sla_dag.py for tasks to queue
[2025-01-28T03:45:09.422+0000] {logging_mixin.py:190} INFO - [2025-01-28T03:45:09.422+0000] {dagbag.py:588} INFO - Filling up the DagBag from /home/ubuntu/airflow-venv/lib/python3.12/site-packages/airflow/example_dags/example_sla_dag.py
[2025-01-28T03:45:09.432+0000] {processor.py:925} INFO - DAG(s) 'example_sla_dag' retrieved from /home/ubuntu/airflow-venv/lib/python3.12/site-packages/airflow/example_dags/example_sla_dag.py
[2025-01-28T03:45:09.447+0000] {logging_mixin.py:190} INFO - [2025-01-28T03:45:09.446+0000] {dag.py:3239} INFO - Sync 1 DAGs
[2025-01-28T03:45:09.467+0000] {logging_mixin.py:190} INFO - [2025-01-28T03:45:09.467+0000] {dag.py:4180} INFO - Setting next_dagrun for example_sla_dag to 2025-01-28 03:42:00+00:00, run_after=2025-01-28 03:44:00+00:00
[2025-01-28T03:45:09.489+0000] {processor.py:208} INFO - Processing /home/ubuntu/airflow-venv/lib/python3.12/site-packages/airflow/example_dags/example_sla_dag.py took 0.076 seconds
[2025-01-28T03:46:01.023+0000] {processor.py:186} INFO - Started process (PID=9968) to work on /home/ubuntu/airflow-venv/lib/python3.12/site-packages/airflow/example_dags/example_sla_dag.py
[2025-01-28T03:46:01.025+0000] {processor.py:914} INFO - Processing file /home/ubuntu/airflow-venv/lib/python3.12/site-packages/airflow/example_dags/example_sla_dag.py for tasks to queue
[2025-01-28T03:46:01.027+0000] {logging_mixin.py:190} INFO - [2025-01-28T03:46:01.027+0000] {dagbag.py:588} INFO - Filling up the DagBag from /home/ubuntu/airflow-venv/lib/python3.12/site-packages/airflow/example_dags/example_sla_dag.py
[2025-01-28T03:46:01.037+0000] {processor.py:925} INFO - DAG(s) 'example_sla_dag' retrieved from /home/ubuntu/airflow-venv/lib/python3.12/site-packages/airflow/example_dags/example_sla_dag.py
[2025-01-28T03:46:01.051+0000] {logging_mixin.py:190} INFO - [2025-01-28T03:46:01.051+0000] {dag.py:3239} INFO - Sync 1 DAGs
[2025-01-28T03:46:01.072+0000] {logging_mixin.py:190} INFO - [2025-01-28T03:46:01.071+0000] {dag.py:4180} INFO - Setting next_dagrun for example_sla_dag to 2025-01-28 03:44:00+00:00, run_after=2025-01-28 03:46:00+00:00
[2025-01-28T03:46:01.094+0000] {processor.py:208} INFO - Processing /home/ubuntu/airflow-venv/lib/python3.12/site-packages/airflow/example_dags/example_sla_dag.py took 0.076 seconds
[2025-01-28T03:46:54.757+0000] {processor.py:186} INFO - Started process (PID=10022) to work on /home/ubuntu/airflow-venv/lib/python3.12/site-packages/airflow/example_dags/example_sla_dag.py
[2025-01-28T03:46:54.803+0000] {processor.py:914} INFO - Processing file /home/ubuntu/airflow-venv/lib/python3.12/site-packages/airflow/example_dags/example_sla_dag.py for tasks to queue
[2025-01-28T03:46:54.805+0000] {logging_mixin.py:190} INFO - [2025-01-28T03:46:54.805+0000] {dagbag.py:588} INFO - Filling up the DagBag from /home/ubuntu/airflow-venv/lib/python3.12/site-packages/airflow/example_dags/example_sla_dag.py
[2025-01-28T03:46:54.815+0000] {processor.py:925} INFO - DAG(s) 'example_sla_dag' retrieved from /home/ubuntu/airflow-venv/lib/python3.12/site-packages/airflow/example_dags/example_sla_dag.py
[2025-01-28T03:46:54.829+0000] {logging_mixin.py:190} INFO - [2025-01-28T03:46:54.829+0000] {dag.py:3239} INFO - Sync 1 DAGs
[2025-01-28T03:46:54.849+0000] {logging_mixin.py:190} INFO - [2025-01-28T03:46:54.849+0000] {dag.py:4180} INFO - Setting next_dagrun for example_sla_dag to 2025-01-28 03:44:00+00:00, run_after=2025-01-28 03:46:00+00:00
[2025-01-28T03:46:54.870+0000] {processor.py:208} INFO - Processing /home/ubuntu/airflow-venv/lib/python3.12/site-packages/airflow/example_dags/example_sla_dag.py took 0.118 seconds
[2025-01-28T03:47:47.194+0000] {processor.py:186} INFO - Started process (PID=10077) to work on /home/ubuntu/airflow-venv/lib/python3.12/site-packages/airflow/example_dags/example_sla_dag.py
[2025-01-28T03:47:47.195+0000] {processor.py:914} INFO - Processing file /home/ubuntu/airflow-venv/lib/python3.12/site-packages/airflow/example_dags/example_sla_dag.py for tasks to queue
[2025-01-28T03:47:47.198+0000] {logging_mixin.py:190} INFO - [2025-01-28T03:47:47.198+0000] {dagbag.py:588} INFO - Filling up the DagBag from /home/ubuntu/airflow-venv/lib/python3.12/site-packages/airflow/example_dags/example_sla_dag.py
[2025-01-28T03:47:47.208+0000] {processor.py:925} INFO - DAG(s) 'example_sla_dag' retrieved from /home/ubuntu/airflow-venv/lib/python3.12/site-packages/airflow/example_dags/example_sla_dag.py
[2025-01-28T03:47:47.222+0000] {logging_mixin.py:190} INFO - [2025-01-28T03:47:47.221+0000] {dag.py:3239} INFO - Sync 1 DAGs
[2025-01-28T03:47:47.241+0000] {logging_mixin.py:190} INFO - [2025-01-28T03:47:47.241+0000] {dag.py:4180} INFO - Setting next_dagrun for example_sla_dag to 2025-01-28 03:44:00+00:00, run_after=2025-01-28 03:46:00+00:00
[2025-01-28T03:47:47.264+0000] {processor.py:208} INFO - Processing /home/ubuntu/airflow-venv/lib/python3.12/site-packages/airflow/example_dags/example_sla_dag.py took 0.074 seconds
[2025-01-28T03:48:36.072+0000] {processor.py:186} INFO - Started process (PID=10129) to work on /home/ubuntu/airflow-venv/lib/python3.12/site-packages/airflow/example_dags/example_sla_dag.py
[2025-01-28T03:48:36.074+0000] {processor.py:914} INFO - Processing file /home/ubuntu/airflow-venv/lib/python3.12/site-packages/airflow/example_dags/example_sla_dag.py for tasks to queue
[2025-01-28T03:48:36.076+0000] {logging_mixin.py:190} INFO - [2025-01-28T03:48:36.076+0000] {dagbag.py:588} INFO - Filling up the DagBag from /home/ubuntu/airflow-venv/lib/python3.12/site-packages/airflow/example_dags/example_sla_dag.py
[2025-01-28T03:48:36.087+0000] {processor.py:925} INFO - DAG(s) 'example_sla_dag' retrieved from /home/ubuntu/airflow-venv/lib/python3.12/site-packages/airflow/example_dags/example_sla_dag.py
[2025-01-28T03:48:36.100+0000] {logging_mixin.py:190} INFO - [2025-01-28T03:48:36.100+0000] {dag.py:3239} INFO - Sync 1 DAGs
[2025-01-28T03:48:36.120+0000] {logging_mixin.py:190} INFO - [2025-01-28T03:48:36.119+0000] {dag.py:4180} INFO - Setting next_dagrun for example_sla_dag to 2025-01-28 03:46:00+00:00, run_after=2025-01-28 03:48:00+00:00
[2025-01-28T03:48:36.147+0000] {processor.py:208} INFO - Processing /home/ubuntu/airflow-venv/lib/python3.12/site-packages/airflow/example_dags/example_sla_dag.py took 0.080 seconds
[2025-01-28T03:49:24.337+0000] {processor.py:186} INFO - Started process (PID=10180) to work on /home/ubuntu/airflow-venv/lib/python3.12/site-packages/airflow/example_dags/example_sla_dag.py
[2025-01-28T03:49:24.338+0000] {processor.py:914} INFO - Processing file /home/ubuntu/airflow-venv/lib/python3.12/site-packages/airflow/example_dags/example_sla_dag.py for tasks to queue
[2025-01-28T03:49:24.340+0000] {logging_mixin.py:190} INFO - [2025-01-28T03:49:24.340+0000] {dagbag.py:588} INFO - Filling up the DagBag from /home/ubuntu/airflow-venv/lib/python3.12/site-packages/airflow/example_dags/example_sla_dag.py
[2025-01-28T03:49:24.350+0000] {processor.py:925} INFO - DAG(s) 'example_sla_dag' retrieved from /home/ubuntu/airflow-venv/lib/python3.12/site-packages/airflow/example_dags/example_sla_dag.py
[2025-01-28T03:49:24.364+0000] {logging_mixin.py:190} INFO - [2025-01-28T03:49:24.364+0000] {dag.py:3239} INFO - Sync 1 DAGs
[2025-01-28T03:49:24.384+0000] {logging_mixin.py:190} INFO - [2025-01-28T03:49:24.383+0000] {dag.py:4180} INFO - Setting next_dagrun for example_sla_dag to 2025-01-28 03:46:00+00:00, run_after=2025-01-28 03:48:00+00:00
[2025-01-28T03:49:24.404+0000] {processor.py:208} INFO - Processing /home/ubuntu/airflow-venv/lib/python3.12/site-packages/airflow/example_dags/example_sla_dag.py took 0.071 seconds
[2025-01-28T05:55:01.827+0000] {processor.py:186} INFO - Started process (PID=1894) to work on /home/ubuntu/.local/lib/python3.12/site-packages/airflow/example_dags/example_sla_dag.py
[2025-01-28T05:55:01.829+0000] {processor.py:914} INFO - Processing file /home/ubuntu/.local/lib/python3.12/site-packages/airflow/example_dags/example_sla_dag.py for tasks to queue
[2025-01-28T05:55:01.832+0000] {logging_mixin.py:190} INFO - [2025-01-28T05:55:01.831+0000] {dagbag.py:588} INFO - Filling up the DagBag from /home/ubuntu/.local/lib/python3.12/site-packages/airflow/example_dags/example_sla_dag.py
[2025-01-28T05:55:01.844+0000] {processor.py:925} INFO - DAG(s) 'example_sla_dag' retrieved from /home/ubuntu/.local/lib/python3.12/site-packages/airflow/example_dags/example_sla_dag.py
[2025-01-28T05:55:01.943+0000] {logging_mixin.py:190} INFO - [2025-01-28T05:55:01.943+0000] {dag.py:3239} INFO - Sync 1 DAGs
[2025-01-28T05:55:01.961+0000] {logging_mixin.py:190} INFO - [2025-01-28T05:55:01.961+0000] {dag.py:4180} INFO - Setting next_dagrun for example_sla_dag to 2025-01-28 05:52:00+00:00, run_after=2025-01-28 05:54:00+00:00
[2025-01-28T05:55:01.987+0000] {processor.py:208} INFO - Processing /home/ubuntu/.local/lib/python3.12/site-packages/airflow/example_dags/example_sla_dag.py took 0.165 seconds
[2025-01-28T05:56:01.911+0000] {processor.py:186} INFO - Started process (PID=1954) to work on /home/ubuntu/.local/lib/python3.12/site-packages/airflow/example_dags/example_sla_dag.py
[2025-01-28T05:56:01.913+0000] {processor.py:914} INFO - Processing file /home/ubuntu/.local/lib/python3.12/site-packages/airflow/example_dags/example_sla_dag.py for tasks to queue
[2025-01-28T05:56:01.916+0000] {logging_mixin.py:190} INFO - [2025-01-28T05:56:01.915+0000] {dagbag.py:588} INFO - Filling up the DagBag from /home/ubuntu/.local/lib/python3.12/site-packages/airflow/example_dags/example_sla_dag.py
[2025-01-28T05:56:01.927+0000] {processor.py:925} INFO - DAG(s) 'example_sla_dag' retrieved from /home/ubuntu/.local/lib/python3.12/site-packages/airflow/example_dags/example_sla_dag.py
[2025-01-28T05:56:01.943+0000] {logging_mixin.py:190} INFO - [2025-01-28T05:56:01.942+0000] {dag.py:3239} INFO - Sync 1 DAGs
[2025-01-28T05:56:01.962+0000] {logging_mixin.py:190} INFO - [2025-01-28T05:56:01.962+0000] {dag.py:4180} INFO - Setting next_dagrun for example_sla_dag to 2025-01-28 05:54:00+00:00, run_after=2025-01-28 05:56:00+00:00
[2025-01-28T05:56:01.987+0000] {processor.py:208} INFO - Processing /home/ubuntu/.local/lib/python3.12/site-packages/airflow/example_dags/example_sla_dag.py took 0.081 seconds
[2025-01-28T05:56:58.951+0000] {processor.py:186} INFO - Started process (PID=2030) to work on /home/ubuntu/.local/lib/python3.12/site-packages/airflow/example_dags/example_sla_dag.py
[2025-01-28T05:56:58.953+0000] {processor.py:914} INFO - Processing file /home/ubuntu/.local/lib/python3.12/site-packages/airflow/example_dags/example_sla_dag.py for tasks to queue
[2025-01-28T05:56:58.956+0000] {logging_mixin.py:190} INFO - [2025-01-28T05:56:58.955+0000] {dagbag.py:588} INFO - Filling up the DagBag from /home/ubuntu/.local/lib/python3.12/site-packages/airflow/example_dags/example_sla_dag.py
[2025-01-28T05:56:58.966+0000] {processor.py:925} INFO - DAG(s) 'example_sla_dag' retrieved from /home/ubuntu/.local/lib/python3.12/site-packages/airflow/example_dags/example_sla_dag.py
[2025-01-28T05:56:58.981+0000] {logging_mixin.py:190} INFO - [2025-01-28T05:56:58.981+0000] {dag.py:3239} INFO - Sync 1 DAGs
[2025-01-28T05:56:59.001+0000] {logging_mixin.py:190} INFO - [2025-01-28T05:56:59.000+0000] {dag.py:4180} INFO - Setting next_dagrun for example_sla_dag to 2025-01-28 05:54:00+00:00, run_after=2025-01-28 05:56:00+00:00
[2025-01-28T05:56:59.023+0000] {processor.py:208} INFO - Processing /home/ubuntu/.local/lib/python3.12/site-packages/airflow/example_dags/example_sla_dag.py took 0.077 seconds
[2025-01-28T05:57:53.554+0000] {processor.py:186} INFO - Started process (PID=2101) to work on /home/ubuntu/.local/lib/python3.12/site-packages/airflow/example_dags/example_sla_dag.py
[2025-01-28T05:57:53.556+0000] {processor.py:914} INFO - Processing file /home/ubuntu/.local/lib/python3.12/site-packages/airflow/example_dags/example_sla_dag.py for tasks to queue
[2025-01-28T05:57:53.559+0000] {logging_mixin.py:190} INFO - [2025-01-28T05:57:53.559+0000] {dagbag.py:588} INFO - Filling up the DagBag from /home/ubuntu/.local/lib/python3.12/site-packages/airflow/example_dags/example_sla_dag.py
[2025-01-28T05:57:53.569+0000] {processor.py:925} INFO - DAG(s) 'example_sla_dag' retrieved from /home/ubuntu/.local/lib/python3.12/site-packages/airflow/example_dags/example_sla_dag.py
[2025-01-28T05:57:53.584+0000] {logging_mixin.py:190} INFO - [2025-01-28T05:57:53.584+0000] {dag.py:3239} INFO - Sync 1 DAGs
[2025-01-28T05:57:53.604+0000] {logging_mixin.py:190} INFO - [2025-01-28T05:57:53.604+0000] {dag.py:4180} INFO - Setting next_dagrun for example_sla_dag to 2025-01-28 05:54:00+00:00, run_after=2025-01-28 05:56:00+00:00
[2025-01-28T05:57:53.625+0000] {processor.py:208} INFO - Processing /home/ubuntu/.local/lib/python3.12/site-packages/airflow/example_dags/example_sla_dag.py took 0.076 seconds
[2025-01-28T05:58:50.726+0000] {processor.py:186} INFO - Started process (PID=2158) to work on /home/ubuntu/.local/lib/python3.12/site-packages/airflow/example_dags/example_sla_dag.py
[2025-01-28T05:58:50.728+0000] {processor.py:914} INFO - Processing file /home/ubuntu/.local/lib/python3.12/site-packages/airflow/example_dags/example_sla_dag.py for tasks to queue
[2025-01-28T05:58:50.730+0000] {logging_mixin.py:190} INFO - [2025-01-28T05:58:50.730+0000] {dagbag.py:588} INFO - Filling up the DagBag from /home/ubuntu/.local/lib/python3.12/site-packages/airflow/example_dags/example_sla_dag.py
[2025-01-28T05:58:50.740+0000] {processor.py:925} INFO - DAG(s) 'example_sla_dag' retrieved from /home/ubuntu/.local/lib/python3.12/site-packages/airflow/example_dags/example_sla_dag.py
[2025-01-28T05:58:50.754+0000] {logging_mixin.py:190} INFO - [2025-01-28T05:58:50.754+0000] {dag.py:3239} INFO - Sync 1 DAGs
[2025-01-28T05:58:50.774+0000] {logging_mixin.py:190} INFO - [2025-01-28T05:58:50.774+0000] {dag.py:4180} INFO - Setting next_dagrun for example_sla_dag to 2025-01-28 05:56:00+00:00, run_after=2025-01-28 05:58:00+00:00
[2025-01-28T05:58:50.797+0000] {processor.py:208} INFO - Processing /home/ubuntu/.local/lib/python3.12/site-packages/airflow/example_dags/example_sla_dag.py took 0.076 seconds
[2025-01-28T05:59:44.782+0000] {processor.py:186} INFO - Started process (PID=2215) to work on /home/ubuntu/.local/lib/python3.12/site-packages/airflow/example_dags/example_sla_dag.py
[2025-01-28T05:59:44.783+0000] {processor.py:914} INFO - Processing file /home/ubuntu/.local/lib/python3.12/site-packages/airflow/example_dags/example_sla_dag.py for tasks to queue
[2025-01-28T05:59:44.786+0000] {logging_mixin.py:190} INFO - [2025-01-28T05:59:44.786+0000] {dagbag.py:588} INFO - Filling up the DagBag from /home/ubuntu/.local/lib/python3.12/site-packages/airflow/example_dags/example_sla_dag.py
[2025-01-28T05:59:44.796+0000] {processor.py:925} INFO - DAG(s) 'example_sla_dag' retrieved from /home/ubuntu/.local/lib/python3.12/site-packages/airflow/example_dags/example_sla_dag.py
[2025-01-28T05:59:44.811+0000] {logging_mixin.py:190} INFO - [2025-01-28T05:59:44.810+0000] {dag.py:3239} INFO - Sync 1 DAGs
[2025-01-28T05:59:44.830+0000] {logging_mixin.py:190} INFO - [2025-01-28T05:59:44.829+0000] {dag.py:4180} INFO - Setting next_dagrun for example_sla_dag to 2025-01-28 05:56:00+00:00, run_after=2025-01-28 05:58:00+00:00
[2025-01-28T05:59:44.852+0000] {processor.py:208} INFO - Processing /home/ubuntu/.local/lib/python3.12/site-packages/airflow/example_dags/example_sla_dag.py took 0.075 seconds
[2025-01-28T06:00:37.965+0000] {processor.py:186} INFO - Started process (PID=2272) to work on /home/ubuntu/.local/lib/python3.12/site-packages/airflow/example_dags/example_sla_dag.py
[2025-01-28T06:00:37.967+0000] {processor.py:914} INFO - Processing file /home/ubuntu/.local/lib/python3.12/site-packages/airflow/example_dags/example_sla_dag.py for tasks to queue
[2025-01-28T06:00:37.969+0000] {logging_mixin.py:190} INFO - [2025-01-28T06:00:37.968+0000] {dagbag.py:588} INFO - Filling up the DagBag from /home/ubuntu/.local/lib/python3.12/site-packages/airflow/example_dags/example_sla_dag.py
[2025-01-28T06:00:37.980+0000] {processor.py:925} INFO - DAG(s) 'example_sla_dag' retrieved from /home/ubuntu/.local/lib/python3.12/site-packages/airflow/example_dags/example_sla_dag.py
[2025-01-28T06:00:37.994+0000] {logging_mixin.py:190} INFO - [2025-01-28T06:00:37.994+0000] {dag.py:3239} INFO - Sync 1 DAGs
[2025-01-28T06:00:38.014+0000] {logging_mixin.py:190} INFO - [2025-01-28T06:00:38.014+0000] {dag.py:4180} INFO - Setting next_dagrun for example_sla_dag to 2025-01-28 05:58:00+00:00, run_after=2025-01-28 06:00:00+00:00
[2025-01-28T06:00:38.036+0000] {processor.py:208} INFO - Processing /home/ubuntu/.local/lib/python3.12/site-packages/airflow/example_dags/example_sla_dag.py took 0.076 seconds
[2025-01-28T06:01:27.190+0000] {processor.py:186} INFO - Started process (PID=2324) to work on /home/ubuntu/.local/lib/python3.12/site-packages/airflow/example_dags/example_sla_dag.py
[2025-01-28T06:01:27.192+0000] {processor.py:914} INFO - Processing file /home/ubuntu/.local/lib/python3.12/site-packages/airflow/example_dags/example_sla_dag.py for tasks to queue
[2025-01-28T06:01:27.194+0000] {logging_mixin.py:190} INFO - [2025-01-28T06:01:27.194+0000] {dagbag.py:588} INFO - Filling up the DagBag from /home/ubuntu/.local/lib/python3.12/site-packages/airflow/example_dags/example_sla_dag.py
[2025-01-28T06:01:27.204+0000] {processor.py:925} INFO - DAG(s) 'example_sla_dag' retrieved from /home/ubuntu/.local/lib/python3.12/site-packages/airflow/example_dags/example_sla_dag.py
[2025-01-28T06:01:27.219+0000] {logging_mixin.py:190} INFO - [2025-01-28T06:01:27.219+0000] {dag.py:3239} INFO - Sync 1 DAGs
[2025-01-28T06:01:27.239+0000] {logging_mixin.py:190} INFO - [2025-01-28T06:01:27.238+0000] {dag.py:4180} INFO - Setting next_dagrun for example_sla_dag to 2025-01-28 05:58:00+00:00, run_after=2025-01-28 06:00:00+00:00
[2025-01-28T06:01:27.262+0000] {processor.py:208} INFO - Processing /home/ubuntu/.local/lib/python3.12/site-packages/airflow/example_dags/example_sla_dag.py took 0.078 seconds
[2025-01-28T06:02:14.853+0000] {processor.py:186} INFO - Started process (PID=2380) to work on /home/ubuntu/.local/lib/python3.12/site-packages/airflow/example_dags/example_sla_dag.py
[2025-01-28T06:02:14.854+0000] {processor.py:914} INFO - Processing file /home/ubuntu/.local/lib/python3.12/site-packages/airflow/example_dags/example_sla_dag.py for tasks to queue
[2025-01-28T06:02:14.857+0000] {logging_mixin.py:190} INFO - [2025-01-28T06:02:14.857+0000] {dagbag.py:588} INFO - Filling up the DagBag from /home/ubuntu/.local/lib/python3.12/site-packages/airflow/example_dags/example_sla_dag.py
[2025-01-28T06:02:14.867+0000] {processor.py:925} INFO - DAG(s) 'example_sla_dag' retrieved from /home/ubuntu/.local/lib/python3.12/site-packages/airflow/example_dags/example_sla_dag.py
[2025-01-28T06:02:14.881+0000] {logging_mixin.py:190} INFO - [2025-01-28T06:02:14.881+0000] {dag.py:3239} INFO - Sync 1 DAGs
[2025-01-28T06:02:14.901+0000] {logging_mixin.py:190} INFO - [2025-01-28T06:02:14.901+0000] {dag.py:4180} INFO - Setting next_dagrun for example_sla_dag to 2025-01-28 06:00:00+00:00, run_after=2025-01-28 06:02:00+00:00
[2025-01-28T06:02:14.923+0000] {processor.py:208} INFO - Processing /home/ubuntu/.local/lib/python3.12/site-packages/airflow/example_dags/example_sla_dag.py took 0.075 seconds
[2025-01-28T06:03:06.406+0000] {processor.py:186} INFO - Started process (PID=2445) to work on /home/ubuntu/.local/lib/python3.12/site-packages/airflow/example_dags/example_sla_dag.py
[2025-01-28T06:03:06.408+0000] {processor.py:914} INFO - Processing file /home/ubuntu/.local/lib/python3.12/site-packages/airflow/example_dags/example_sla_dag.py for tasks to queue
[2025-01-28T06:03:06.409+0000] {logging_mixin.py:190} INFO - [2025-01-28T06:03:06.409+0000] {dagbag.py:588} INFO - Filling up the DagBag from /home/ubuntu/.local/lib/python3.12/site-packages/airflow/example_dags/example_sla_dag.py
[2025-01-28T06:03:06.419+0000] {processor.py:925} INFO - DAG(s) 'example_sla_dag' retrieved from /home/ubuntu/.local/lib/python3.12/site-packages/airflow/example_dags/example_sla_dag.py
[2025-01-28T06:03:06.434+0000] {logging_mixin.py:190} INFO - [2025-01-28T06:03:06.433+0000] {dag.py:3239} INFO - Sync 1 DAGs
[2025-01-28T06:03:06.453+0000] {logging_mixin.py:190} INFO - [2025-01-28T06:03:06.453+0000] {dag.py:4180} INFO - Setting next_dagrun for example_sla_dag to 2025-01-28 06:00:00+00:00, run_after=2025-01-28 06:02:00+00:00
[2025-01-28T06:03:06.475+0000] {processor.py:208} INFO - Processing /home/ubuntu/.local/lib/python3.12/site-packages/airflow/example_dags/example_sla_dag.py took 0.075 seconds
[2025-01-28T06:04:21.727+0000] {processor.py:186} INFO - Started process (PID=2526) to work on /home/ubuntu/.local/lib/python3.12/site-packages/airflow/example_dags/example_sla_dag.py
[2025-01-28T06:04:21.728+0000] {processor.py:914} INFO - Processing file /home/ubuntu/.local/lib/python3.12/site-packages/airflow/example_dags/example_sla_dag.py for tasks to queue
[2025-01-28T06:04:21.730+0000] {logging_mixin.py:190} INFO - [2025-01-28T06:04:21.729+0000] {dagbag.py:588} INFO - Filling up the DagBag from /home/ubuntu/.local/lib/python3.12/site-packages/airflow/example_dags/example_sla_dag.py
[2025-01-28T06:04:21.740+0000] {processor.py:925} INFO - DAG(s) 'example_sla_dag' retrieved from /home/ubuntu/.local/lib/python3.12/site-packages/airflow/example_dags/example_sla_dag.py
[2025-01-28T06:04:21.755+0000] {logging_mixin.py:190} INFO - [2025-01-28T06:04:21.755+0000] {dag.py:3239} INFO - Sync 1 DAGs
[2025-01-28T06:04:21.774+0000] {logging_mixin.py:190} INFO - [2025-01-28T06:04:21.774+0000] {dag.py:4180} INFO - Setting next_dagrun for example_sla_dag to 2025-01-28 06:02:00+00:00, run_after=2025-01-28 06:04:00+00:00
[2025-01-28T06:04:21.796+0000] {processor.py:208} INFO - Processing /home/ubuntu/.local/lib/python3.12/site-packages/airflow/example_dags/example_sla_dag.py took 0.075 seconds
[2025-01-28T06:05:04.087+0000] {processor.py:186} INFO - Started process (PID=2572) to work on /home/ubuntu/.local/lib/python3.12/site-packages/airflow/example_dags/example_sla_dag.py
[2025-01-28T06:05:04.089+0000] {processor.py:914} INFO - Processing file /home/ubuntu/.local/lib/python3.12/site-packages/airflow/example_dags/example_sla_dag.py for tasks to queue
[2025-01-28T06:05:04.091+0000] {logging_mixin.py:190} INFO - [2025-01-28T06:05:04.091+0000] {dagbag.py:588} INFO - Filling up the DagBag from /home/ubuntu/.local/lib/python3.12/site-packages/airflow/example_dags/example_sla_dag.py
[2025-01-28T06:05:04.101+0000] {processor.py:925} INFO - DAG(s) 'example_sla_dag' retrieved from /home/ubuntu/.local/lib/python3.12/site-packages/airflow/example_dags/example_sla_dag.py
[2025-01-28T06:05:04.116+0000] {logging_mixin.py:190} INFO - [2025-01-28T06:05:04.116+0000] {dag.py:3239} INFO - Sync 1 DAGs
[2025-01-28T06:05:04.136+0000] {logging_mixin.py:190} INFO - [2025-01-28T06:05:04.136+0000] {dag.py:4180} INFO - Setting next_dagrun for example_sla_dag to 2025-01-28 06:02:00+00:00, run_after=2025-01-28 06:04:00+00:00
[2025-01-28T06:05:04.159+0000] {processor.py:208} INFO - Processing /home/ubuntu/.local/lib/python3.12/site-packages/airflow/example_dags/example_sla_dag.py took 0.078 seconds
[2025-01-28T06:06:09.606+0000] {processor.py:186} INFO - Started process (PID=2647) to work on /home/ubuntu/.local/lib/python3.12/site-packages/airflow/example_dags/example_sla_dag.py
[2025-01-28T06:06:09.608+0000] {processor.py:914} INFO - Processing file /home/ubuntu/.local/lib/python3.12/site-packages/airflow/example_dags/example_sla_dag.py for tasks to queue
[2025-01-28T06:06:09.609+0000] {logging_mixin.py:190} INFO - [2025-01-28T06:06:09.609+0000] {dagbag.py:588} INFO - Filling up the DagBag from /home/ubuntu/.local/lib/python3.12/site-packages/airflow/example_dags/example_sla_dag.py
[2025-01-28T06:06:09.620+0000] {processor.py:925} INFO - DAG(s) 'example_sla_dag' retrieved from /home/ubuntu/.local/lib/python3.12/site-packages/airflow/example_dags/example_sla_dag.py
[2025-01-28T06:06:09.634+0000] {logging_mixin.py:190} INFO - [2025-01-28T06:06:09.634+0000] {dag.py:3239} INFO - Sync 1 DAGs
[2025-01-28T06:06:09.654+0000] {logging_mixin.py:190} INFO - [2025-01-28T06:06:09.654+0000] {dag.py:4180} INFO - Setting next_dagrun for example_sla_dag to 2025-01-28 06:04:00+00:00, run_after=2025-01-28 06:06:00+00:00
[2025-01-28T06:06:09.677+0000] {processor.py:208} INFO - Processing /home/ubuntu/.local/lib/python3.12/site-packages/airflow/example_dags/example_sla_dag.py took 0.076 seconds
[2025-01-28T06:07:14.763+0000] {processor.py:186} INFO - Started process (PID=2721) to work on /home/ubuntu/.local/lib/python3.12/site-packages/airflow/example_dags/example_sla_dag.py
[2025-01-28T06:07:14.765+0000] {processor.py:914} INFO - Processing file /home/ubuntu/.local/lib/python3.12/site-packages/airflow/example_dags/example_sla_dag.py for tasks to queue
[2025-01-28T06:07:14.767+0000] {logging_mixin.py:190} INFO - [2025-01-28T06:07:14.767+0000] {dagbag.py:588} INFO - Filling up the DagBag from /home/ubuntu/.local/lib/python3.12/site-packages/airflow/example_dags/example_sla_dag.py
[2025-01-28T06:07:14.777+0000] {processor.py:925} INFO - DAG(s) 'example_sla_dag' retrieved from /home/ubuntu/.local/lib/python3.12/site-packages/airflow/example_dags/example_sla_dag.py
[2025-01-28T06:07:14.791+0000] {logging_mixin.py:190} INFO - [2025-01-28T06:07:14.791+0000] {dag.py:3239} INFO - Sync 1 DAGs
[2025-01-28T06:07:14.812+0000] {logging_mixin.py:190} INFO - [2025-01-28T06:07:14.812+0000] {dag.py:4180} INFO - Setting next_dagrun for example_sla_dag to 2025-01-28 06:04:00+00:00, run_after=2025-01-28 06:06:00+00:00
[2025-01-28T06:07:14.834+0000] {processor.py:208} INFO - Processing /home/ubuntu/.local/lib/python3.12/site-packages/airflow/example_dags/example_sla_dag.py took 0.076 seconds
[2025-01-28T06:08:12.108+0000] {processor.py:186} INFO - Started process (PID=2779) to work on /home/ubuntu/.local/lib/python3.12/site-packages/airflow/example_dags/example_sla_dag.py
[2025-01-28T06:08:12.110+0000] {processor.py:914} INFO - Processing file /home/ubuntu/.local/lib/python3.12/site-packages/airflow/example_dags/example_sla_dag.py for tasks to queue
[2025-01-28T06:08:12.112+0000] {logging_mixin.py:190} INFO - [2025-01-28T06:08:12.112+0000] {dagbag.py:588} INFO - Filling up the DagBag from /home/ubuntu/.local/lib/python3.12/site-packages/airflow/example_dags/example_sla_dag.py
[2025-01-28T06:08:12.122+0000] {processor.py:925} INFO - DAG(s) 'example_sla_dag' retrieved from /home/ubuntu/.local/lib/python3.12/site-packages/airflow/example_dags/example_sla_dag.py
[2025-01-28T06:08:12.136+0000] {logging_mixin.py:190} INFO - [2025-01-28T06:08:12.136+0000] {dag.py:3239} INFO - Sync 1 DAGs
[2025-01-28T06:08:12.157+0000] {logging_mixin.py:190} INFO - [2025-01-28T06:08:12.156+0000] {dag.py:4180} INFO - Setting next_dagrun for example_sla_dag to 2025-01-28 06:06:00+00:00, run_after=2025-01-28 06:08:00+00:00
[2025-01-28T06:08:12.179+0000] {processor.py:208} INFO - Processing /home/ubuntu/.local/lib/python3.12/site-packages/airflow/example_dags/example_sla_dag.py took 0.076 seconds
[2025-01-28T06:09:08.784+0000] {processor.py:186} INFO - Started process (PID=2838) to work on /home/ubuntu/.local/lib/python3.12/site-packages/airflow/example_dags/example_sla_dag.py
[2025-01-28T06:09:08.785+0000] {processor.py:914} INFO - Processing file /home/ubuntu/.local/lib/python3.12/site-packages/airflow/example_dags/example_sla_dag.py for tasks to queue
[2025-01-28T06:09:08.787+0000] {logging_mixin.py:190} INFO - [2025-01-28T06:09:08.787+0000] {dagbag.py:588} INFO - Filling up the DagBag from /home/ubuntu/.local/lib/python3.12/site-packages/airflow/example_dags/example_sla_dag.py
[2025-01-28T06:09:08.797+0000] {processor.py:925} INFO - DAG(s) 'example_sla_dag' retrieved from /home/ubuntu/.local/lib/python3.12/site-packages/airflow/example_dags/example_sla_dag.py
[2025-01-28T06:09:08.812+0000] {logging_mixin.py:190} INFO - [2025-01-28T06:09:08.812+0000] {dag.py:3239} INFO - Sync 1 DAGs
[2025-01-28T06:09:08.831+0000] {logging_mixin.py:190} INFO - [2025-01-28T06:09:08.831+0000] {dag.py:4180} INFO - Setting next_dagrun for example_sla_dag to 2025-01-28 06:06:00+00:00, run_after=2025-01-28 06:08:00+00:00
[2025-01-28T06:09:08.852+0000] {processor.py:208} INFO - Processing /home/ubuntu/.local/lib/python3.12/site-packages/airflow/example_dags/example_sla_dag.py took 0.074 seconds
[2025-01-28T06:10:01.315+0000] {processor.py:186} INFO - Started process (PID=2908) to work on /home/ubuntu/.local/lib/python3.12/site-packages/airflow/example_dags/example_sla_dag.py
[2025-01-28T06:10:01.317+0000] {processor.py:914} INFO - Processing file /home/ubuntu/.local/lib/python3.12/site-packages/airflow/example_dags/example_sla_dag.py for tasks to queue
[2025-01-28T06:10:01.319+0000] {logging_mixin.py:190} INFO - [2025-01-28T06:10:01.319+0000] {dagbag.py:588} INFO - Filling up the DagBag from /home/ubuntu/.local/lib/python3.12/site-packages/airflow/example_dags/example_sla_dag.py
[2025-01-28T06:10:01.330+0000] {processor.py:925} INFO - DAG(s) 'example_sla_dag' retrieved from /home/ubuntu/.local/lib/python3.12/site-packages/airflow/example_dags/example_sla_dag.py
[2025-01-28T06:10:01.344+0000] {logging_mixin.py:190} INFO - [2025-01-28T06:10:01.344+0000] {dag.py:3239} INFO - Sync 1 DAGs
[2025-01-28T06:10:01.363+0000] {logging_mixin.py:190} INFO - [2025-01-28T06:10:01.363+0000] {dag.py:4180} INFO - Setting next_dagrun for example_sla_dag to 2025-01-28 06:08:00+00:00, run_after=2025-01-28 06:10:00+00:00
[2025-01-28T06:10:01.384+0000] {processor.py:208} INFO - Processing /home/ubuntu/.local/lib/python3.12/site-packages/airflow/example_dags/example_sla_dag.py took 0.075 seconds
[2025-01-28T06:10:55.407+0000] {processor.py:186} INFO - Started process (PID=2972) to work on /home/ubuntu/.local/lib/python3.12/site-packages/airflow/example_dags/example_sla_dag.py
[2025-01-28T06:10:55.409+0000] {processor.py:914} INFO - Processing file /home/ubuntu/.local/lib/python3.12/site-packages/airflow/example_dags/example_sla_dag.py for tasks to queue
[2025-01-28T06:10:55.411+0000] {logging_mixin.py:190} INFO - [2025-01-28T06:10:55.410+0000] {dagbag.py:588} INFO - Filling up the DagBag from /home/ubuntu/.local/lib/python3.12/site-packages/airflow/example_dags/example_sla_dag.py
[2025-01-28T06:10:55.421+0000] {processor.py:925} INFO - DAG(s) 'example_sla_dag' retrieved from /home/ubuntu/.local/lib/python3.12/site-packages/airflow/example_dags/example_sla_dag.py
[2025-01-28T06:10:55.436+0000] {logging_mixin.py:190} INFO - [2025-01-28T06:10:55.436+0000] {dag.py:3239} INFO - Sync 1 DAGs
[2025-01-28T06:10:55.456+0000] {logging_mixin.py:190} INFO - [2025-01-28T06:10:55.456+0000] {dag.py:4180} INFO - Setting next_dagrun for example_sla_dag to 2025-01-28 06:08:00+00:00, run_after=2025-01-28 06:10:00+00:00
[2025-01-28T06:10:55.477+0000] {processor.py:208} INFO - Processing /home/ubuntu/.local/lib/python3.12/site-packages/airflow/example_dags/example_sla_dag.py took 0.075 seconds
[2025-01-28T06:11:48.702+0000] {processor.py:186} INFO - Started process (PID=3029) to work on /home/ubuntu/.local/lib/python3.12/site-packages/airflow/example_dags/example_sla_dag.py
[2025-01-28T06:11:48.704+0000] {processor.py:914} INFO - Processing file /home/ubuntu/.local/lib/python3.12/site-packages/airflow/example_dags/example_sla_dag.py for tasks to queue
[2025-01-28T06:11:48.707+0000] {logging_mixin.py:190} INFO - [2025-01-28T06:11:48.707+0000] {dagbag.py:588} INFO - Filling up the DagBag from /home/ubuntu/.local/lib/python3.12/site-packages/airflow/example_dags/example_sla_dag.py
[2025-01-28T06:11:48.717+0000] {processor.py:925} INFO - DAG(s) 'example_sla_dag' retrieved from /home/ubuntu/.local/lib/python3.12/site-packages/airflow/example_dags/example_sla_dag.py
[2025-01-28T06:11:48.732+0000] {logging_mixin.py:190} INFO - [2025-01-28T06:11:48.731+0000] {dag.py:3239} INFO - Sync 1 DAGs
[2025-01-28T06:11:48.751+0000] {logging_mixin.py:190} INFO - [2025-01-28T06:11:48.750+0000] {dag.py:4180} INFO - Setting next_dagrun for example_sla_dag to 2025-01-28 06:08:00+00:00, run_after=2025-01-28 06:10:00+00:00
[2025-01-28T06:11:48.772+0000] {processor.py:208} INFO - Processing /home/ubuntu/.local/lib/python3.12/site-packages/airflow/example_dags/example_sla_dag.py took 0.075 seconds
[2025-01-28T06:12:43.009+0000] {processor.py:186} INFO - Started process (PID=3083) to work on /home/ubuntu/.local/lib/python3.12/site-packages/airflow/example_dags/example_sla_dag.py
[2025-01-28T06:12:43.011+0000] {processor.py:914} INFO - Processing file /home/ubuntu/.local/lib/python3.12/site-packages/airflow/example_dags/example_sla_dag.py for tasks to queue
[2025-01-28T06:12:43.012+0000] {logging_mixin.py:190} INFO - [2025-01-28T06:12:43.012+0000] {dagbag.py:588} INFO - Filling up the DagBag from /home/ubuntu/.local/lib/python3.12/site-packages/airflow/example_dags/example_sla_dag.py
[2025-01-28T06:12:43.024+0000] {processor.py:925} INFO - DAG(s) 'example_sla_dag' retrieved from /home/ubuntu/.local/lib/python3.12/site-packages/airflow/example_dags/example_sla_dag.py
[2025-01-28T06:12:43.038+0000] {logging_mixin.py:190} INFO - [2025-01-28T06:12:43.038+0000] {dag.py:3239} INFO - Sync 1 DAGs
[2025-01-28T06:12:43.059+0000] {logging_mixin.py:190} INFO - [2025-01-28T06:12:43.059+0000] {dag.py:4180} INFO - Setting next_dagrun for example_sla_dag to 2025-01-28 06:10:00+00:00, run_after=2025-01-28 06:12:00+00:00
[2025-01-28T06:12:43.082+0000] {processor.py:208} INFO - Processing /home/ubuntu/.local/lib/python3.12/site-packages/airflow/example_dags/example_sla_dag.py took 0.079 seconds
[2025-01-28T06:13:37.480+0000] {processor.py:186} INFO - Started process (PID=3140) to work on /home/ubuntu/.local/lib/python3.12/site-packages/airflow/example_dags/example_sla_dag.py
[2025-01-28T06:13:37.481+0000] {processor.py:914} INFO - Processing file /home/ubuntu/.local/lib/python3.12/site-packages/airflow/example_dags/example_sla_dag.py for tasks to queue
[2025-01-28T06:13:37.483+0000] {logging_mixin.py:190} INFO - [2025-01-28T06:13:37.483+0000] {dagbag.py:588} INFO - Filling up the DagBag from /home/ubuntu/.local/lib/python3.12/site-packages/airflow/example_dags/example_sla_dag.py
[2025-01-28T06:13:37.494+0000] {processor.py:925} INFO - DAG(s) 'example_sla_dag' retrieved from /home/ubuntu/.local/lib/python3.12/site-packages/airflow/example_dags/example_sla_dag.py
[2025-01-28T06:13:37.508+0000] {logging_mixin.py:190} INFO - [2025-01-28T06:13:37.508+0000] {dag.py:3239} INFO - Sync 1 DAGs
[2025-01-28T06:13:37.528+0000] {logging_mixin.py:190} INFO - [2025-01-28T06:13:37.528+0000] {dag.py:4180} INFO - Setting next_dagrun for example_sla_dag to 2025-01-28 06:10:00+00:00, run_after=2025-01-28 06:12:00+00:00
[2025-01-28T06:13:37.550+0000] {processor.py:208} INFO - Processing /home/ubuntu/.local/lib/python3.12/site-packages/airflow/example_dags/example_sla_dag.py took 0.076 seconds
[2025-01-28T06:14:28.966+0000] {processor.py:186} INFO - Started process (PID=3195) to work on /home/ubuntu/.local/lib/python3.12/site-packages/airflow/example_dags/example_sla_dag.py
[2025-01-28T06:14:28.967+0000] {processor.py:914} INFO - Processing file /home/ubuntu/.local/lib/python3.12/site-packages/airflow/example_dags/example_sla_dag.py for tasks to queue
[2025-01-28T06:14:28.969+0000] {logging_mixin.py:190} INFO - [2025-01-28T06:14:28.969+0000] {dagbag.py:588} INFO - Filling up the DagBag from /home/ubuntu/.local/lib/python3.12/site-packages/airflow/example_dags/example_sla_dag.py
[2025-01-28T06:14:28.980+0000] {processor.py:925} INFO - DAG(s) 'example_sla_dag' retrieved from /home/ubuntu/.local/lib/python3.12/site-packages/airflow/example_dags/example_sla_dag.py
[2025-01-28T06:14:28.994+0000] {logging_mixin.py:190} INFO - [2025-01-28T06:14:28.994+0000] {dag.py:3239} INFO - Sync 1 DAGs
[2025-01-28T06:14:29.014+0000] {logging_mixin.py:190} INFO - [2025-01-28T06:14:29.014+0000] {dag.py:4180} INFO - Setting next_dagrun for example_sla_dag to 2025-01-28 06:12:00+00:00, run_after=2025-01-28 06:14:00+00:00
[2025-01-28T06:14:29.037+0000] {processor.py:208} INFO - Processing /home/ubuntu/.local/lib/python3.12/site-packages/airflow/example_dags/example_sla_dag.py took 0.076 seconds
[2025-01-28T06:15:22.976+0000] {processor.py:186} INFO - Started process (PID=3254) to work on /home/ubuntu/.local/lib/python3.12/site-packages/airflow/example_dags/example_sla_dag.py
[2025-01-28T06:15:22.978+0000] {processor.py:914} INFO - Processing file /home/ubuntu/.local/lib/python3.12/site-packages/airflow/example_dags/example_sla_dag.py for tasks to queue
[2025-01-28T06:15:22.980+0000] {logging_mixin.py:190} INFO - [2025-01-28T06:15:22.980+0000] {dagbag.py:588} INFO - Filling up the DagBag from /home/ubuntu/.local/lib/python3.12/site-packages/airflow/example_dags/example_sla_dag.py
[2025-01-28T06:15:22.990+0000] {processor.py:925} INFO - DAG(s) 'example_sla_dag' retrieved from /home/ubuntu/.local/lib/python3.12/site-packages/airflow/example_dags/example_sla_dag.py
[2025-01-28T06:15:23.005+0000] {logging_mixin.py:190} INFO - [2025-01-28T06:15:23.005+0000] {dag.py:3239} INFO - Sync 1 DAGs
[2025-01-28T06:15:23.026+0000] {logging_mixin.py:190} INFO - [2025-01-28T06:15:23.026+0000] {dag.py:4180} INFO - Setting next_dagrun for example_sla_dag to 2025-01-28 06:12:00+00:00, run_after=2025-01-28 06:14:00+00:00
[2025-01-28T06:15:23.048+0000] {processor.py:208} INFO - Processing /home/ubuntu/.local/lib/python3.12/site-packages/airflow/example_dags/example_sla_dag.py took 0.077 seconds
[2025-01-28T06:16:14.379+0000] {processor.py:186} INFO - Started process (PID=3308) to work on /home/ubuntu/.local/lib/python3.12/site-packages/airflow/example_dags/example_sla_dag.py
[2025-01-28T06:16:14.381+0000] {processor.py:914} INFO - Processing file /home/ubuntu/.local/lib/python3.12/site-packages/airflow/example_dags/example_sla_dag.py for tasks to queue
[2025-01-28T06:16:14.383+0000] {logging_mixin.py:190} INFO - [2025-01-28T06:16:14.383+0000] {dagbag.py:588} INFO - Filling up the DagBag from /home/ubuntu/.local/lib/python3.12/site-packages/airflow/example_dags/example_sla_dag.py
[2025-01-28T06:16:14.393+0000] {processor.py:925} INFO - DAG(s) 'example_sla_dag' retrieved from /home/ubuntu/.local/lib/python3.12/site-packages/airflow/example_dags/example_sla_dag.py
[2025-01-28T06:16:14.407+0000] {logging_mixin.py:190} INFO - [2025-01-28T06:16:14.406+0000] {dag.py:3239} INFO - Sync 1 DAGs
[2025-01-28T06:16:14.436+0000] {logging_mixin.py:190} INFO - [2025-01-28T06:16:14.436+0000] {dag.py:4180} INFO - Setting next_dagrun for example_sla_dag to 2025-01-28 06:14:00+00:00, run_after=2025-01-28 06:16:00+00:00
[2025-01-28T06:16:14.460+0000] {processor.py:208} INFO - Processing /home/ubuntu/.local/lib/python3.12/site-packages/airflow/example_dags/example_sla_dag.py took 0.086 seconds
[2025-01-28T06:17:08.534+0000] {processor.py:186} INFO - Started process (PID=3367) to work on /home/ubuntu/.local/lib/python3.12/site-packages/airflow/example_dags/example_sla_dag.py
[2025-01-28T06:17:08.536+0000] {processor.py:914} INFO - Processing file /home/ubuntu/.local/lib/python3.12/site-packages/airflow/example_dags/example_sla_dag.py for tasks to queue
[2025-01-28T06:17:08.538+0000] {logging_mixin.py:190} INFO - [2025-01-28T06:17:08.538+0000] {dagbag.py:588} INFO - Filling up the DagBag from /home/ubuntu/.local/lib/python3.12/site-packages/airflow/example_dags/example_sla_dag.py
[2025-01-28T06:17:08.549+0000] {processor.py:925} INFO - DAG(s) 'example_sla_dag' retrieved from /home/ubuntu/.local/lib/python3.12/site-packages/airflow/example_dags/example_sla_dag.py
[2025-01-28T06:17:08.564+0000] {logging_mixin.py:190} INFO - [2025-01-28T06:17:08.563+0000] {dag.py:3239} INFO - Sync 1 DAGs
[2025-01-28T06:17:08.583+0000] {logging_mixin.py:190} INFO - [2025-01-28T06:17:08.583+0000] {dag.py:4180} INFO - Setting next_dagrun for example_sla_dag to 2025-01-28 06:14:00+00:00, run_after=2025-01-28 06:16:00+00:00
[2025-01-28T06:17:08.604+0000] {processor.py:208} INFO - Processing /home/ubuntu/.local/lib/python3.12/site-packages/airflow/example_dags/example_sla_dag.py took 0.075 seconds
[2025-01-28T06:18:10.639+0000] {processor.py:186} INFO - Started process (PID=3459) to work on /home/ubuntu/.local/lib/python3.12/site-packages/airflow/example_dags/example_sla_dag.py
[2025-01-28T06:18:10.641+0000] {processor.py:914} INFO - Processing file /home/ubuntu/.local/lib/python3.12/site-packages/airflow/example_dags/example_sla_dag.py for tasks to queue
[2025-01-28T06:18:10.643+0000] {logging_mixin.py:190} INFO - [2025-01-28T06:18:10.643+0000] {dagbag.py:588} INFO - Filling up the DagBag from /home/ubuntu/.local/lib/python3.12/site-packages/airflow/example_dags/example_sla_dag.py
[2025-01-28T06:18:10.653+0000] {processor.py:925} INFO - DAG(s) 'example_sla_dag' retrieved from /home/ubuntu/.local/lib/python3.12/site-packages/airflow/example_dags/example_sla_dag.py
[2025-01-28T06:18:10.668+0000] {logging_mixin.py:190} INFO - [2025-01-28T06:18:10.668+0000] {dag.py:3239} INFO - Sync 1 DAGs
[2025-01-28T06:18:10.693+0000] {logging_mixin.py:190} INFO - [2025-01-28T06:18:10.693+0000] {dag.py:4180} INFO - Setting next_dagrun for example_sla_dag to 2025-01-28 06:16:00+00:00, run_after=2025-01-28 06:18:00+00:00
[2025-01-28T06:18:10.715+0000] {processor.py:208} INFO - Processing /home/ubuntu/.local/lib/python3.12/site-packages/airflow/example_dags/example_sla_dag.py took 0.081 seconds
[2025-01-28T06:19:04.067+0000] {processor.py:186} INFO - Started process (PID=3529) to work on /home/ubuntu/.local/lib/python3.12/site-packages/airflow/example_dags/example_sla_dag.py
[2025-01-28T06:19:04.069+0000] {processor.py:914} INFO - Processing file /home/ubuntu/.local/lib/python3.12/site-packages/airflow/example_dags/example_sla_dag.py for tasks to queue
[2025-01-28T06:19:04.071+0000] {logging_mixin.py:190} INFO - [2025-01-28T06:19:04.071+0000] {dagbag.py:588} INFO - Filling up the DagBag from /home/ubuntu/.local/lib/python3.12/site-packages/airflow/example_dags/example_sla_dag.py
[2025-01-28T06:19:04.082+0000] {processor.py:925} INFO - DAG(s) 'example_sla_dag' retrieved from /home/ubuntu/.local/lib/python3.12/site-packages/airflow/example_dags/example_sla_dag.py
[2025-01-28T06:19:04.095+0000] {logging_mixin.py:190} INFO - [2025-01-28T06:19:04.095+0000] {dag.py:3239} INFO - Sync 1 DAGs
[2025-01-28T06:19:04.115+0000] {logging_mixin.py:190} INFO - [2025-01-28T06:19:04.115+0000] {dag.py:4180} INFO - Setting next_dagrun for example_sla_dag to 2025-01-28 06:16:00+00:00, run_after=2025-01-28 06:18:00+00:00
[2025-01-28T06:19:04.137+0000] {processor.py:208} INFO - Processing /home/ubuntu/.local/lib/python3.12/site-packages/airflow/example_dags/example_sla_dag.py took 0.074 seconds
[2025-01-28T06:19:55.037+0000] {processor.py:186} INFO - Started process (PID=3582) to work on /home/ubuntu/.local/lib/python3.12/site-packages/airflow/example_dags/example_sla_dag.py
[2025-01-28T06:19:55.039+0000] {processor.py:914} INFO - Processing file /home/ubuntu/.local/lib/python3.12/site-packages/airflow/example_dags/example_sla_dag.py for tasks to queue
[2025-01-28T06:19:55.041+0000] {logging_mixin.py:190} INFO - [2025-01-28T06:19:55.041+0000] {dagbag.py:588} INFO - Filling up the DagBag from /home/ubuntu/.local/lib/python3.12/site-packages/airflow/example_dags/example_sla_dag.py
[2025-01-28T06:19:55.052+0000] {processor.py:925} INFO - DAG(s) 'example_sla_dag' retrieved from /home/ubuntu/.local/lib/python3.12/site-packages/airflow/example_dags/example_sla_dag.py
[2025-01-28T06:19:55.066+0000] {logging_mixin.py:190} INFO - [2025-01-28T06:19:55.065+0000] {dag.py:3239} INFO - Sync 1 DAGs
[2025-01-28T06:19:55.085+0000] {logging_mixin.py:190} INFO - [2025-01-28T06:19:55.085+0000] {dag.py:4180} INFO - Setting next_dagrun for example_sla_dag to 2025-01-28 06:16:00+00:00, run_after=2025-01-28 06:18:00+00:00
[2025-01-28T06:19:55.106+0000] {processor.py:208} INFO - Processing /home/ubuntu/.local/lib/python3.12/site-packages/airflow/example_dags/example_sla_dag.py took 0.074 seconds
[2025-01-28T06:20:53.634+0000] {processor.py:186} INFO - Started process (PID=3676) to work on /home/ubuntu/.local/lib/python3.12/site-packages/airflow/example_dags/example_sla_dag.py
[2025-01-28T06:20:53.635+0000] {processor.py:914} INFO - Processing file /home/ubuntu/.local/lib/python3.12/site-packages/airflow/example_dags/example_sla_dag.py for tasks to queue
[2025-01-28T06:20:53.638+0000] {logging_mixin.py:190} INFO - [2025-01-28T06:20:53.638+0000] {dagbag.py:588} INFO - Filling up the DagBag from /home/ubuntu/.local/lib/python3.12/site-packages/airflow/example_dags/example_sla_dag.py
[2025-01-28T06:20:53.648+0000] {processor.py:925} INFO - DAG(s) 'example_sla_dag' retrieved from /home/ubuntu/.local/lib/python3.12/site-packages/airflow/example_dags/example_sla_dag.py
[2025-01-28T06:20:53.664+0000] {logging_mixin.py:190} INFO - [2025-01-28T06:20:53.664+0000] {dag.py:3239} INFO - Sync 1 DAGs
[2025-01-28T06:20:53.683+0000] {logging_mixin.py:190} INFO - [2025-01-28T06:20:53.683+0000] {dag.py:4180} INFO - Setting next_dagrun for example_sla_dag to 2025-01-28 06:18:00+00:00, run_after=2025-01-28 06:20:00+00:00
[2025-01-28T06:20:53.711+0000] {processor.py:208} INFO - Processing /home/ubuntu/.local/lib/python3.12/site-packages/airflow/example_dags/example_sla_dag.py took 0.083 seconds
[2025-01-28T06:21:45.786+0000] {processor.py:186} INFO - Started process (PID=3843) to work on /home/ubuntu/.local/lib/python3.12/site-packages/airflow/example_dags/example_sla_dag.py
[2025-01-28T06:21:45.788+0000] {processor.py:914} INFO - Processing file /home/ubuntu/.local/lib/python3.12/site-packages/airflow/example_dags/example_sla_dag.py for tasks to queue
[2025-01-28T06:21:45.791+0000] {logging_mixin.py:190} INFO - [2025-01-28T06:21:45.791+0000] {dagbag.py:588} INFO - Filling up the DagBag from /home/ubuntu/.local/lib/python3.12/site-packages/airflow/example_dags/example_sla_dag.py
[2025-01-28T06:21:45.802+0000] {processor.py:925} INFO - DAG(s) 'example_sla_dag' retrieved from /home/ubuntu/.local/lib/python3.12/site-packages/airflow/example_dags/example_sla_dag.py
[2025-01-28T06:21:45.817+0000] {logging_mixin.py:190} INFO - [2025-01-28T06:21:45.817+0000] {dag.py:3239} INFO - Sync 1 DAGs
[2025-01-28T06:21:45.838+0000] {logging_mixin.py:190} INFO - [2025-01-28T06:21:45.837+0000] {dag.py:4180} INFO - Setting next_dagrun for example_sla_dag to 2025-01-28 06:18:00+00:00, run_after=2025-01-28 06:20:00+00:00
[2025-01-28T06:21:45.870+0000] {processor.py:208} INFO - Processing /home/ubuntu/.local/lib/python3.12/site-packages/airflow/example_dags/example_sla_dag.py took 0.089 seconds
[2025-01-28T06:22:46.434+0000] {processor.py:186} INFO - Started process (PID=3909) to work on /home/ubuntu/.local/lib/python3.12/site-packages/airflow/example_dags/example_sla_dag.py
[2025-01-28T06:22:46.436+0000] {processor.py:914} INFO - Processing file /home/ubuntu/.local/lib/python3.12/site-packages/airflow/example_dags/example_sla_dag.py for tasks to queue
[2025-01-28T06:22:46.439+0000] {logging_mixin.py:190} INFO - [2025-01-28T06:22:46.438+0000] {dagbag.py:588} INFO - Filling up the DagBag from /home/ubuntu/.local/lib/python3.12/site-packages/airflow/example_dags/example_sla_dag.py
[2025-01-28T06:22:46.453+0000] {processor.py:925} INFO - DAG(s) 'example_sla_dag' retrieved from /home/ubuntu/.local/lib/python3.12/site-packages/airflow/example_dags/example_sla_dag.py
[2025-01-28T06:22:46.468+0000] {logging_mixin.py:190} INFO - [2025-01-28T06:22:46.468+0000] {dag.py:3239} INFO - Sync 1 DAGs
[2025-01-28T06:22:46.488+0000] {logging_mixin.py:190} INFO - [2025-01-28T06:22:46.488+0000] {dag.py:4180} INFO - Setting next_dagrun for example_sla_dag to 2025-01-28 06:20:00+00:00, run_after=2025-01-28 06:22:00+00:00
[2025-01-28T06:22:46.510+0000] {processor.py:208} INFO - Processing /home/ubuntu/.local/lib/python3.12/site-packages/airflow/example_dags/example_sla_dag.py took 0.081 seconds
[2025-01-28T06:23:40.416+0000] {processor.py:186} INFO - Started process (PID=4429) to work on /home/ubuntu/.local/lib/python3.12/site-packages/airflow/example_dags/example_sla_dag.py
[2025-01-28T06:23:40.417+0000] {processor.py:914} INFO - Processing file /home/ubuntu/.local/lib/python3.12/site-packages/airflow/example_dags/example_sla_dag.py for tasks to queue
[2025-01-28T06:23:40.419+0000] {logging_mixin.py:190} INFO - [2025-01-28T06:23:40.419+0000] {dagbag.py:588} INFO - Filling up the DagBag from /home/ubuntu/.local/lib/python3.12/site-packages/airflow/example_dags/example_sla_dag.py
[2025-01-28T06:23:40.429+0000] {processor.py:925} INFO - DAG(s) 'example_sla_dag' retrieved from /home/ubuntu/.local/lib/python3.12/site-packages/airflow/example_dags/example_sla_dag.py
[2025-01-28T06:23:40.445+0000] {logging_mixin.py:190} INFO - [2025-01-28T06:23:40.444+0000] {dag.py:3239} INFO - Sync 1 DAGs
[2025-01-28T06:23:40.465+0000] {logging_mixin.py:190} INFO - [2025-01-28T06:23:40.465+0000] {dag.py:4180} INFO - Setting next_dagrun for example_sla_dag to 2025-01-28 06:20:00+00:00, run_after=2025-01-28 06:22:00+00:00
[2025-01-28T06:23:40.485+0000] {processor.py:208} INFO - Processing /home/ubuntu/.local/lib/python3.12/site-packages/airflow/example_dags/example_sla_dag.py took 0.074 seconds
[2025-01-28T06:24:36.070+0000] {processor.py:186} INFO - Started process (PID=4532) to work on /home/ubuntu/.local/lib/python3.12/site-packages/airflow/example_dags/example_sla_dag.py
[2025-01-28T06:24:36.072+0000] {processor.py:914} INFO - Processing file /home/ubuntu/.local/lib/python3.12/site-packages/airflow/example_dags/example_sla_dag.py for tasks to queue
[2025-01-28T06:24:36.076+0000] {logging_mixin.py:190} INFO - [2025-01-28T06:24:36.076+0000] {dagbag.py:588} INFO - Filling up the DagBag from /home/ubuntu/.local/lib/python3.12/site-packages/airflow/example_dags/example_sla_dag.py
[2025-01-28T06:24:36.087+0000] {processor.py:925} INFO - DAG(s) 'example_sla_dag' retrieved from /home/ubuntu/.local/lib/python3.12/site-packages/airflow/example_dags/example_sla_dag.py
[2025-01-28T06:24:36.102+0000] {logging_mixin.py:190} INFO - [2025-01-28T06:24:36.102+0000] {dag.py:3239} INFO - Sync 1 DAGs
[2025-01-28T06:24:36.121+0000] {logging_mixin.py:190} INFO - [2025-01-28T06:24:36.121+0000] {dag.py:4180} INFO - Setting next_dagrun for example_sla_dag to 2025-01-28 06:22:00+00:00, run_after=2025-01-28 06:24:00+00:00
[2025-01-28T06:24:36.143+0000] {processor.py:208} INFO - Processing /home/ubuntu/.local/lib/python3.12/site-packages/airflow/example_dags/example_sla_dag.py took 0.086 seconds
[2025-01-28T06:25:29.480+0000] {processor.py:186} INFO - Started process (PID=4968) to work on /home/ubuntu/.local/lib/python3.12/site-packages/airflow/example_dags/example_sla_dag.py
[2025-01-28T06:25:29.482+0000] {processor.py:914} INFO - Processing file /home/ubuntu/.local/lib/python3.12/site-packages/airflow/example_dags/example_sla_dag.py for tasks to queue
[2025-01-28T06:25:29.484+0000] {logging_mixin.py:190} INFO - [2025-01-28T06:25:29.484+0000] {dagbag.py:588} INFO - Filling up the DagBag from /home/ubuntu/.local/lib/python3.12/site-packages/airflow/example_dags/example_sla_dag.py
[2025-01-28T06:25:29.495+0000] {processor.py:925} INFO - DAG(s) 'example_sla_dag' retrieved from /home/ubuntu/.local/lib/python3.12/site-packages/airflow/example_dags/example_sla_dag.py
[2025-01-28T06:25:29.509+0000] {logging_mixin.py:190} INFO - [2025-01-28T06:25:29.509+0000] {dag.py:3239} INFO - Sync 1 DAGs
[2025-01-28T06:25:29.529+0000] {logging_mixin.py:190} INFO - [2025-01-28T06:25:29.529+0000] {dag.py:4180} INFO - Setting next_dagrun for example_sla_dag to 2025-01-28 06:22:00+00:00, run_after=2025-01-28 06:24:00+00:00
[2025-01-28T06:25:29.547+0000] {processor.py:208} INFO - Processing /home/ubuntu/.local/lib/python3.12/site-packages/airflow/example_dags/example_sla_dag.py took 0.072 seconds
[2025-01-28T06:26:23.298+0000] {processor.py:186} INFO - Started process (PID=5161) to work on /home/ubuntu/.local/lib/python3.12/site-packages/airflow/example_dags/example_sla_dag.py
[2025-01-28T06:26:23.299+0000] {processor.py:914} INFO - Processing file /home/ubuntu/.local/lib/python3.12/site-packages/airflow/example_dags/example_sla_dag.py for tasks to queue
[2025-01-28T06:26:23.302+0000] {logging_mixin.py:190} INFO - [2025-01-28T06:26:23.301+0000] {dagbag.py:588} INFO - Filling up the DagBag from /home/ubuntu/.local/lib/python3.12/site-packages/airflow/example_dags/example_sla_dag.py
[2025-01-28T06:26:23.312+0000] {processor.py:925} INFO - DAG(s) 'example_sla_dag' retrieved from /home/ubuntu/.local/lib/python3.12/site-packages/airflow/example_dags/example_sla_dag.py
[2025-01-28T06:26:23.327+0000] {logging_mixin.py:190} INFO - [2025-01-28T06:26:23.327+0000] {dag.py:3239} INFO - Sync 1 DAGs
[2025-01-28T06:26:23.348+0000] {logging_mixin.py:190} INFO - [2025-01-28T06:26:23.347+0000] {dag.py:4180} INFO - Setting next_dagrun for example_sla_dag to 2025-01-28 06:24:00+00:00, run_after=2025-01-28 06:26:00+00:00
[2025-01-28T06:26:23.366+0000] {processor.py:208} INFO - Processing /home/ubuntu/.local/lib/python3.12/site-packages/airflow/example_dags/example_sla_dag.py took 0.074 seconds
[2025-01-28T06:27:18.045+0000] {processor.py:186} INFO - Started process (PID=5217) to work on /home/ubuntu/.local/lib/python3.12/site-packages/airflow/example_dags/example_sla_dag.py
[2025-01-28T06:27:18.048+0000] {processor.py:914} INFO - Processing file /home/ubuntu/.local/lib/python3.12/site-packages/airflow/example_dags/example_sla_dag.py for tasks to queue
[2025-01-28T06:27:18.049+0000] {logging_mixin.py:190} INFO - [2025-01-28T06:27:18.049+0000] {dagbag.py:588} INFO - Filling up the DagBag from /home/ubuntu/.local/lib/python3.12/site-packages/airflow/example_dags/example_sla_dag.py
[2025-01-28T06:27:18.060+0000] {processor.py:925} INFO - DAG(s) 'example_sla_dag' retrieved from /home/ubuntu/.local/lib/python3.12/site-packages/airflow/example_dags/example_sla_dag.py
[2025-01-28T06:27:18.073+0000] {logging_mixin.py:190} INFO - [2025-01-28T06:27:18.073+0000] {dag.py:3239} INFO - Sync 1 DAGs
[2025-01-28T06:27:18.093+0000] {logging_mixin.py:190} INFO - [2025-01-28T06:27:18.093+0000] {dag.py:4180} INFO - Setting next_dagrun for example_sla_dag to 2025-01-28 06:24:00+00:00, run_after=2025-01-28 06:26:00+00:00
[2025-01-28T06:27:18.113+0000] {processor.py:208} INFO - Processing /home/ubuntu/.local/lib/python3.12/site-packages/airflow/example_dags/example_sla_dag.py took 0.074 seconds
[2025-01-28T06:28:08.885+0000] {processor.py:186} INFO - Started process (PID=5273) to work on /home/ubuntu/.local/lib/python3.12/site-packages/airflow/example_dags/example_sla_dag.py
[2025-01-28T06:28:08.887+0000] {processor.py:914} INFO - Processing file /home/ubuntu/.local/lib/python3.12/site-packages/airflow/example_dags/example_sla_dag.py for tasks to queue
[2025-01-28T06:28:08.889+0000] {logging_mixin.py:190} INFO - [2025-01-28T06:28:08.889+0000] {dagbag.py:588} INFO - Filling up the DagBag from /home/ubuntu/.local/lib/python3.12/site-packages/airflow/example_dags/example_sla_dag.py
[2025-01-28T06:28:08.899+0000] {processor.py:925} INFO - DAG(s) 'example_sla_dag' retrieved from /home/ubuntu/.local/lib/python3.12/site-packages/airflow/example_dags/example_sla_dag.py
[2025-01-28T06:28:08.913+0000] {logging_mixin.py:190} INFO - [2025-01-28T06:28:08.913+0000] {dag.py:3239} INFO - Sync 1 DAGs
[2025-01-28T06:28:08.932+0000] {logging_mixin.py:190} INFO - [2025-01-28T06:28:08.932+0000] {dag.py:4180} INFO - Setting next_dagrun for example_sla_dag to 2025-01-28 06:26:00+00:00, run_after=2025-01-28 06:28:00+00:00
[2025-01-28T06:28:08.951+0000] {processor.py:208} INFO - Processing /home/ubuntu/.local/lib/python3.12/site-packages/airflow/example_dags/example_sla_dag.py took 0.071 seconds
[2025-01-28T06:29:02.925+0000] {processor.py:186} INFO - Started process (PID=5546) to work on /home/ubuntu/.local/lib/python3.12/site-packages/airflow/example_dags/example_sla_dag.py
[2025-01-28T06:29:02.927+0000] {processor.py:914} INFO - Processing file /home/ubuntu/.local/lib/python3.12/site-packages/airflow/example_dags/example_sla_dag.py for tasks to queue
[2025-01-28T06:29:02.929+0000] {logging_mixin.py:190} INFO - [2025-01-28T06:29:02.929+0000] {dagbag.py:588} INFO - Filling up the DagBag from /home/ubuntu/.local/lib/python3.12/site-packages/airflow/example_dags/example_sla_dag.py
[2025-01-28T06:29:02.940+0000] {processor.py:925} INFO - DAG(s) 'example_sla_dag' retrieved from /home/ubuntu/.local/lib/python3.12/site-packages/airflow/example_dags/example_sla_dag.py
[2025-01-28T06:29:02.955+0000] {logging_mixin.py:190} INFO - [2025-01-28T06:29:02.954+0000] {dag.py:3239} INFO - Sync 1 DAGs
[2025-01-28T06:29:02.975+0000] {logging_mixin.py:190} INFO - [2025-01-28T06:29:02.975+0000] {dag.py:4180} INFO - Setting next_dagrun for example_sla_dag to 2025-01-28 06:26:00+00:00, run_after=2025-01-28 06:28:00+00:00
[2025-01-28T06:29:03.002+0000] {processor.py:208} INFO - Processing /home/ubuntu/.local/lib/python3.12/site-packages/airflow/example_dags/example_sla_dag.py took 0.082 seconds
[2025-01-28T06:29:59.332+0000] {processor.py:186} INFO - Started process (PID=5604) to work on /home/ubuntu/.local/lib/python3.12/site-packages/airflow/example_dags/example_sla_dag.py
[2025-01-28T06:29:59.333+0000] {processor.py:914} INFO - Processing file /home/ubuntu/.local/lib/python3.12/site-packages/airflow/example_dags/example_sla_dag.py for tasks to queue
[2025-01-28T06:29:59.335+0000] {logging_mixin.py:190} INFO - [2025-01-28T06:29:59.335+0000] {dagbag.py:588} INFO - Filling up the DagBag from /home/ubuntu/.local/lib/python3.12/site-packages/airflow/example_dags/example_sla_dag.py
[2025-01-28T06:29:59.346+0000] {processor.py:925} INFO - DAG(s) 'example_sla_dag' retrieved from /home/ubuntu/.local/lib/python3.12/site-packages/airflow/example_dags/example_sla_dag.py
[2025-01-28T06:29:59.361+0000] {logging_mixin.py:190} INFO - [2025-01-28T06:29:59.361+0000] {dag.py:3239} INFO - Sync 1 DAGs
[2025-01-28T06:29:59.380+0000] {logging_mixin.py:190} INFO - [2025-01-28T06:29:59.380+0000] {dag.py:4180} INFO - Setting next_dagrun for example_sla_dag to 2025-01-28 06:26:00+00:00, run_after=2025-01-28 06:28:00+00:00
[2025-01-28T06:29:59.402+0000] {processor.py:208} INFO - Processing /home/ubuntu/.local/lib/python3.12/site-packages/airflow/example_dags/example_sla_dag.py took 0.075 seconds
[2025-01-28T06:30:52.625+0000] {processor.py:186} INFO - Started process (PID=5712) to work on /home/ubuntu/.local/lib/python3.12/site-packages/airflow/example_dags/example_sla_dag.py
[2025-01-28T06:30:52.626+0000] {processor.py:914} INFO - Processing file /home/ubuntu/.local/lib/python3.12/site-packages/airflow/example_dags/example_sla_dag.py for tasks to queue
[2025-01-28T06:30:52.629+0000] {logging_mixin.py:190} INFO - [2025-01-28T06:30:52.628+0000] {dagbag.py:588} INFO - Filling up the DagBag from /home/ubuntu/.local/lib/python3.12/site-packages/airflow/example_dags/example_sla_dag.py
[2025-01-28T06:30:52.639+0000] {processor.py:925} INFO - DAG(s) 'example_sla_dag' retrieved from /home/ubuntu/.local/lib/python3.12/site-packages/airflow/example_dags/example_sla_dag.py
[2025-01-28T06:30:52.654+0000] {logging_mixin.py:190} INFO - [2025-01-28T06:30:52.653+0000] {dag.py:3239} INFO - Sync 1 DAGs
[2025-01-28T06:30:52.681+0000] {logging_mixin.py:190} INFO - [2025-01-28T06:30:52.681+0000] {dag.py:4180} INFO - Setting next_dagrun for example_sla_dag to 2025-01-28 06:28:00+00:00, run_after=2025-01-28 06:30:00+00:00
[2025-01-28T06:30:52.703+0000] {processor.py:208} INFO - Processing /home/ubuntu/.local/lib/python3.12/site-packages/airflow/example_dags/example_sla_dag.py took 0.084 seconds
[2025-01-28T06:31:37.214+0000] {processor.py:186} INFO - Started process (PID=5755) to work on /home/ubuntu/.local/lib/python3.12/site-packages/airflow/example_dags/example_sla_dag.py
[2025-01-28T06:31:37.216+0000] {processor.py:914} INFO - Processing file /home/ubuntu/.local/lib/python3.12/site-packages/airflow/example_dags/example_sla_dag.py for tasks to queue
[2025-01-28T06:31:37.218+0000] {logging_mixin.py:190} INFO - [2025-01-28T06:31:37.218+0000] {dagbag.py:588} INFO - Filling up the DagBag from /home/ubuntu/.local/lib/python3.12/site-packages/airflow/example_dags/example_sla_dag.py
[2025-01-28T06:31:37.229+0000] {processor.py:925} INFO - DAG(s) 'example_sla_dag' retrieved from /home/ubuntu/.local/lib/python3.12/site-packages/airflow/example_dags/example_sla_dag.py
[2025-01-28T06:31:37.243+0000] {logging_mixin.py:190} INFO - [2025-01-28T06:31:37.243+0000] {dag.py:3239} INFO - Sync 1 DAGs
[2025-01-28T06:31:37.264+0000] {logging_mixin.py:190} INFO - [2025-01-28T06:31:37.264+0000] {dag.py:4180} INFO - Setting next_dagrun for example_sla_dag to 2025-01-28 06:28:00+00:00, run_after=2025-01-28 06:30:00+00:00
[2025-01-28T06:31:37.290+0000] {processor.py:208} INFO - Processing /home/ubuntu/.local/lib/python3.12/site-packages/airflow/example_dags/example_sla_dag.py took 0.080 seconds
[2025-01-28T06:32:17.822+0000] {processor.py:186} INFO - Started process (PID=5799) to work on /home/ubuntu/.local/lib/python3.12/site-packages/airflow/example_dags/example_sla_dag.py
[2025-01-28T06:32:17.824+0000] {processor.py:914} INFO - Processing file /home/ubuntu/.local/lib/python3.12/site-packages/airflow/example_dags/example_sla_dag.py for tasks to queue
[2025-01-28T06:32:17.826+0000] {logging_mixin.py:190} INFO - [2025-01-28T06:32:17.826+0000] {dagbag.py:588} INFO - Filling up the DagBag from /home/ubuntu/.local/lib/python3.12/site-packages/airflow/example_dags/example_sla_dag.py
[2025-01-28T06:32:17.837+0000] {processor.py:925} INFO - DAG(s) 'example_sla_dag' retrieved from /home/ubuntu/.local/lib/python3.12/site-packages/airflow/example_dags/example_sla_dag.py
[2025-01-28T06:32:17.851+0000] {logging_mixin.py:190} INFO - [2025-01-28T06:32:17.850+0000] {dag.py:3239} INFO - Sync 1 DAGs
[2025-01-28T06:32:17.871+0000] {logging_mixin.py:190} INFO - [2025-01-28T06:32:17.871+0000] {dag.py:4180} INFO - Setting next_dagrun for example_sla_dag to 2025-01-28 06:30:00+00:00, run_after=2025-01-28 06:32:00+00:00
[2025-01-28T06:32:17.893+0000] {processor.py:208} INFO - Processing /home/ubuntu/.local/lib/python3.12/site-packages/airflow/example_dags/example_sla_dag.py took 0.077 seconds
[2025-01-28T06:33:13.060+0000] {processor.py:186} INFO - Started process (PID=5855) to work on /home/ubuntu/.local/lib/python3.12/site-packages/airflow/example_dags/example_sla_dag.py
[2025-01-28T06:33:13.061+0000] {processor.py:914} INFO - Processing file /home/ubuntu/.local/lib/python3.12/site-packages/airflow/example_dags/example_sla_dag.py for tasks to queue
[2025-01-28T06:33:13.064+0000] {logging_mixin.py:190} INFO - [2025-01-28T06:33:13.064+0000] {dagbag.py:588} INFO - Filling up the DagBag from /home/ubuntu/.local/lib/python3.12/site-packages/airflow/example_dags/example_sla_dag.py
[2025-01-28T06:33:13.074+0000] {processor.py:925} INFO - DAG(s) 'example_sla_dag' retrieved from /home/ubuntu/.local/lib/python3.12/site-packages/airflow/example_dags/example_sla_dag.py
[2025-01-28T06:33:13.089+0000] {logging_mixin.py:190} INFO - [2025-01-28T06:33:13.089+0000] {dag.py:3239} INFO - Sync 1 DAGs
[2025-01-28T06:33:13.108+0000] {logging_mixin.py:190} INFO - [2025-01-28T06:33:13.108+0000] {dag.py:4180} INFO - Setting next_dagrun for example_sla_dag to 2025-01-28 06:30:00+00:00, run_after=2025-01-28 06:32:00+00:00
[2025-01-28T06:33:13.131+0000] {processor.py:208} INFO - Processing /home/ubuntu/.local/lib/python3.12/site-packages/airflow/example_dags/example_sla_dag.py took 0.076 seconds
[2025-01-28T06:34:13.630+0000] {processor.py:186} INFO - Started process (PID=5921) to work on /home/ubuntu/.local/lib/python3.12/site-packages/airflow/example_dags/example_sla_dag.py
[2025-01-28T06:34:13.632+0000] {processor.py:914} INFO - Processing file /home/ubuntu/.local/lib/python3.12/site-packages/airflow/example_dags/example_sla_dag.py for tasks to queue
[2025-01-28T06:34:13.634+0000] {logging_mixin.py:190} INFO - [2025-01-28T06:34:13.634+0000] {dagbag.py:588} INFO - Filling up the DagBag from /home/ubuntu/.local/lib/python3.12/site-packages/airflow/example_dags/example_sla_dag.py
[2025-01-28T06:34:13.645+0000] {processor.py:925} INFO - DAG(s) 'example_sla_dag' retrieved from /home/ubuntu/.local/lib/python3.12/site-packages/airflow/example_dags/example_sla_dag.py
[2025-01-28T06:34:13.658+0000] {logging_mixin.py:190} INFO - [2025-01-28T06:34:13.658+0000] {dag.py:3239} INFO - Sync 1 DAGs
[2025-01-28T06:34:13.678+0000] {logging_mixin.py:190} INFO - [2025-01-28T06:34:13.678+0000] {dag.py:4180} INFO - Setting next_dagrun for example_sla_dag to 2025-01-28 06:32:00+00:00, run_after=2025-01-28 06:34:00+00:00
[2025-01-28T06:34:13.700+0000] {processor.py:208} INFO - Processing /home/ubuntu/.local/lib/python3.12/site-packages/airflow/example_dags/example_sla_dag.py took 0.076 seconds
[2025-01-28T06:35:10.340+0000] {processor.py:186} INFO - Started process (PID=5981) to work on /home/ubuntu/.local/lib/python3.12/site-packages/airflow/example_dags/example_sla_dag.py
[2025-01-28T06:35:10.341+0000] {processor.py:914} INFO - Processing file /home/ubuntu/.local/lib/python3.12/site-packages/airflow/example_dags/example_sla_dag.py for tasks to queue
[2025-01-28T06:35:10.344+0000] {logging_mixin.py:190} INFO - [2025-01-28T06:35:10.344+0000] {dagbag.py:588} INFO - Filling up the DagBag from /home/ubuntu/.local/lib/python3.12/site-packages/airflow/example_dags/example_sla_dag.py
[2025-01-28T06:35:10.354+0000] {processor.py:925} INFO - DAG(s) 'example_sla_dag' retrieved from /home/ubuntu/.local/lib/python3.12/site-packages/airflow/example_dags/example_sla_dag.py
[2025-01-28T06:35:10.375+0000] {logging_mixin.py:190} INFO - [2025-01-28T06:35:10.374+0000] {dag.py:3239} INFO - Sync 1 DAGs
[2025-01-28T06:35:10.394+0000] {logging_mixin.py:190} INFO - [2025-01-28T06:35:10.394+0000] {dag.py:4180} INFO - Setting next_dagrun for example_sla_dag to 2025-01-28 06:32:00+00:00, run_after=2025-01-28 06:34:00+00:00
[2025-01-28T06:35:10.415+0000] {processor.py:208} INFO - Processing /home/ubuntu/.local/lib/python3.12/site-packages/airflow/example_dags/example_sla_dag.py took 0.081 seconds
[2025-01-28T06:36:03.316+0000] {processor.py:186} INFO - Started process (PID=6037) to work on /home/ubuntu/.local/lib/python3.12/site-packages/airflow/example_dags/example_sla_dag.py
[2025-01-28T06:36:03.318+0000] {processor.py:914} INFO - Processing file /home/ubuntu/.local/lib/python3.12/site-packages/airflow/example_dags/example_sla_dag.py for tasks to queue
[2025-01-28T06:36:03.320+0000] {logging_mixin.py:190} INFO - [2025-01-28T06:36:03.319+0000] {dagbag.py:588} INFO - Filling up the DagBag from /home/ubuntu/.local/lib/python3.12/site-packages/airflow/example_dags/example_sla_dag.py
[2025-01-28T06:36:03.330+0000] {processor.py:925} INFO - DAG(s) 'example_sla_dag' retrieved from /home/ubuntu/.local/lib/python3.12/site-packages/airflow/example_dags/example_sla_dag.py
[2025-01-28T06:36:03.345+0000] {logging_mixin.py:190} INFO - [2025-01-28T06:36:03.345+0000] {dag.py:3239} INFO - Sync 1 DAGs
[2025-01-28T06:36:03.366+0000] {logging_mixin.py:190} INFO - [2025-01-28T06:36:03.366+0000] {dag.py:4180} INFO - Setting next_dagrun for example_sla_dag to 2025-01-28 06:34:00+00:00, run_after=2025-01-28 06:36:00+00:00
[2025-01-28T06:36:03.388+0000] {processor.py:208} INFO - Processing /home/ubuntu/.local/lib/python3.12/site-packages/airflow/example_dags/example_sla_dag.py took 0.078 seconds
[2025-01-28T06:36:54.660+0000] {processor.py:186} INFO - Started process (PID=6090) to work on /home/ubuntu/.local/lib/python3.12/site-packages/airflow/example_dags/example_sla_dag.py
[2025-01-28T06:36:54.661+0000] {processor.py:914} INFO - Processing file /home/ubuntu/.local/lib/python3.12/site-packages/airflow/example_dags/example_sla_dag.py for tasks to queue
[2025-01-28T06:36:54.664+0000] {logging_mixin.py:190} INFO - [2025-01-28T06:36:54.663+0000] {dagbag.py:588} INFO - Filling up the DagBag from /home/ubuntu/.local/lib/python3.12/site-packages/airflow/example_dags/example_sla_dag.py
[2025-01-28T06:36:54.674+0000] {processor.py:925} INFO - DAG(s) 'example_sla_dag' retrieved from /home/ubuntu/.local/lib/python3.12/site-packages/airflow/example_dags/example_sla_dag.py
[2025-01-28T06:36:54.688+0000] {logging_mixin.py:190} INFO - [2025-01-28T06:36:54.688+0000] {dag.py:3239} INFO - Sync 1 DAGs
[2025-01-28T06:36:54.708+0000] {logging_mixin.py:190} INFO - [2025-01-28T06:36:54.708+0000] {dag.py:4180} INFO - Setting next_dagrun for example_sla_dag to 2025-01-28 06:34:00+00:00, run_after=2025-01-28 06:36:00+00:00
[2025-01-28T06:36:54.730+0000] {processor.py:208} INFO - Processing /home/ubuntu/.local/lib/python3.12/site-packages/airflow/example_dags/example_sla_dag.py took 0.075 seconds
[2025-01-28T06:37:47.360+0000] {processor.py:186} INFO - Started process (PID=6145) to work on /home/ubuntu/.local/lib/python3.12/site-packages/airflow/example_dags/example_sla_dag.py
[2025-01-28T06:37:47.362+0000] {processor.py:914} INFO - Processing file /home/ubuntu/.local/lib/python3.12/site-packages/airflow/example_dags/example_sla_dag.py for tasks to queue
[2025-01-28T06:37:47.364+0000] {logging_mixin.py:190} INFO - [2025-01-28T06:37:47.363+0000] {dagbag.py:588} INFO - Filling up the DagBag from /home/ubuntu/.local/lib/python3.12/site-packages/airflow/example_dags/example_sla_dag.py
[2025-01-28T06:37:47.374+0000] {processor.py:925} INFO - DAG(s) 'example_sla_dag' retrieved from /home/ubuntu/.local/lib/python3.12/site-packages/airflow/example_dags/example_sla_dag.py
[2025-01-28T06:37:47.388+0000] {logging_mixin.py:190} INFO - [2025-01-28T06:37:47.388+0000] {dag.py:3239} INFO - Sync 1 DAGs
[2025-01-28T06:37:47.408+0000] {logging_mixin.py:190} INFO - [2025-01-28T06:37:47.408+0000] {dag.py:4180} INFO - Setting next_dagrun for example_sla_dag to 2025-01-28 06:34:00+00:00, run_after=2025-01-28 06:36:00+00:00
[2025-01-28T06:37:47.430+0000] {processor.py:208} INFO - Processing /home/ubuntu/.local/lib/python3.12/site-packages/airflow/example_dags/example_sla_dag.py took 0.075 seconds
[2025-01-28T06:38:42.335+0000] {processor.py:186} INFO - Started process (PID=6201) to work on /home/ubuntu/.local/lib/python3.12/site-packages/airflow/example_dags/example_sla_dag.py
[2025-01-28T06:38:42.337+0000] {processor.py:914} INFO - Processing file /home/ubuntu/.local/lib/python3.12/site-packages/airflow/example_dags/example_sla_dag.py for tasks to queue
[2025-01-28T06:38:42.339+0000] {logging_mixin.py:190} INFO - [2025-01-28T06:38:42.339+0000] {dagbag.py:588} INFO - Filling up the DagBag from /home/ubuntu/.local/lib/python3.12/site-packages/airflow/example_dags/example_sla_dag.py
[2025-01-28T06:38:42.350+0000] {processor.py:925} INFO - DAG(s) 'example_sla_dag' retrieved from /home/ubuntu/.local/lib/python3.12/site-packages/airflow/example_dags/example_sla_dag.py
[2025-01-28T06:38:42.364+0000] {logging_mixin.py:190} INFO - [2025-01-28T06:38:42.364+0000] {dag.py:3239} INFO - Sync 1 DAGs
[2025-01-28T06:38:42.384+0000] {logging_mixin.py:190} INFO - [2025-01-28T06:38:42.384+0000] {dag.py:4180} INFO - Setting next_dagrun for example_sla_dag to 2025-01-28 06:36:00+00:00, run_after=2025-01-28 06:38:00+00:00
[2025-01-28T06:38:42.538+0000] {processor.py:208} INFO - Processing /home/ubuntu/.local/lib/python3.12/site-packages/airflow/example_dags/example_sla_dag.py took 0.208 seconds
[2025-01-28T06:39:37.854+0000] {processor.py:186} INFO - Started process (PID=6258) to work on /home/ubuntu/.local/lib/python3.12/site-packages/airflow/example_dags/example_sla_dag.py
[2025-01-28T06:39:37.855+0000] {processor.py:914} INFO - Processing file /home/ubuntu/.local/lib/python3.12/site-packages/airflow/example_dags/example_sla_dag.py for tasks to queue
[2025-01-28T06:39:37.857+0000] {logging_mixin.py:190} INFO - [2025-01-28T06:39:37.857+0000] {dagbag.py:588} INFO - Filling up the DagBag from /home/ubuntu/.local/lib/python3.12/site-packages/airflow/example_dags/example_sla_dag.py
[2025-01-28T06:39:37.868+0000] {processor.py:925} INFO - DAG(s) 'example_sla_dag' retrieved from /home/ubuntu/.local/lib/python3.12/site-packages/airflow/example_dags/example_sla_dag.py
[2025-01-28T06:39:37.882+0000] {logging_mixin.py:190} INFO - [2025-01-28T06:39:37.882+0000] {dag.py:3239} INFO - Sync 1 DAGs
[2025-01-28T06:39:37.902+0000] {logging_mixin.py:190} INFO - [2025-01-28T06:39:37.902+0000] {dag.py:4180} INFO - Setting next_dagrun for example_sla_dag to 2025-01-28 06:36:00+00:00, run_after=2025-01-28 06:38:00+00:00
[2025-01-28T06:39:37.922+0000] {processor.py:208} INFO - Processing /home/ubuntu/.local/lib/python3.12/site-packages/airflow/example_dags/example_sla_dag.py took 0.074 seconds
[2025-01-28T06:40:33.805+0000] {processor.py:186} INFO - Started process (PID=6320) to work on /home/ubuntu/.local/lib/python3.12/site-packages/airflow/example_dags/example_sla_dag.py
[2025-01-28T06:40:33.807+0000] {processor.py:914} INFO - Processing file /home/ubuntu/.local/lib/python3.12/site-packages/airflow/example_dags/example_sla_dag.py for tasks to queue
[2025-01-28T06:40:33.809+0000] {logging_mixin.py:190} INFO - [2025-01-28T06:40:33.809+0000] {dagbag.py:588} INFO - Filling up the DagBag from /home/ubuntu/.local/lib/python3.12/site-packages/airflow/example_dags/example_sla_dag.py
[2025-01-28T06:40:33.820+0000] {processor.py:925} INFO - DAG(s) 'example_sla_dag' retrieved from /home/ubuntu/.local/lib/python3.12/site-packages/airflow/example_dags/example_sla_dag.py
[2025-01-28T06:40:33.835+0000] {logging_mixin.py:190} INFO - [2025-01-28T06:40:33.835+0000] {dag.py:3239} INFO - Sync 1 DAGs
[2025-01-28T06:40:33.853+0000] {logging_mixin.py:190} INFO - [2025-01-28T06:40:33.853+0000] {dag.py:4180} INFO - Setting next_dagrun for example_sla_dag to 2025-01-28 06:38:00+00:00, run_after=2025-01-28 06:40:00+00:00
[2025-01-28T06:40:33.876+0000] {processor.py:208} INFO - Processing /home/ubuntu/.local/lib/python3.12/site-packages/airflow/example_dags/example_sla_dag.py took 0.076 seconds
[2025-01-28T06:41:35.214+0000] {processor.py:186} INFO - Started process (PID=6497) to work on /home/ubuntu/.local/lib/python3.12/site-packages/airflow/example_dags/example_sla_dag.py
[2025-01-28T06:41:35.216+0000] {processor.py:914} INFO - Processing file /home/ubuntu/.local/lib/python3.12/site-packages/airflow/example_dags/example_sla_dag.py for tasks to queue
[2025-01-28T06:41:35.219+0000] {logging_mixin.py:190} INFO - [2025-01-28T06:41:35.218+0000] {dagbag.py:588} INFO - Filling up the DagBag from /home/ubuntu/.local/lib/python3.12/site-packages/airflow/example_dags/example_sla_dag.py
[2025-01-28T06:41:35.229+0000] {processor.py:925} INFO - DAG(s) 'example_sla_dag' retrieved from /home/ubuntu/.local/lib/python3.12/site-packages/airflow/example_dags/example_sla_dag.py
[2025-01-28T06:41:35.243+0000] {logging_mixin.py:190} INFO - [2025-01-28T06:41:35.243+0000] {dag.py:3239} INFO - Sync 1 DAGs
[2025-01-28T06:41:35.263+0000] {logging_mixin.py:190} INFO - [2025-01-28T06:41:35.263+0000] {dag.py:4180} INFO - Setting next_dagrun for example_sla_dag to 2025-01-28 06:38:00+00:00, run_after=2025-01-28 06:40:00+00:00
[2025-01-28T06:41:35.285+0000] {processor.py:208} INFO - Processing /home/ubuntu/.local/lib/python3.12/site-packages/airflow/example_dags/example_sla_dag.py took 0.076 seconds
[2025-01-28T06:42:33.741+0000] {processor.py:186} INFO - Started process (PID=6571) to work on /home/ubuntu/.local/lib/python3.12/site-packages/airflow/example_dags/example_sla_dag.py
[2025-01-28T06:42:33.743+0000] {processor.py:914} INFO - Processing file /home/ubuntu/.local/lib/python3.12/site-packages/airflow/example_dags/example_sla_dag.py for tasks to queue
[2025-01-28T06:42:33.746+0000] {logging_mixin.py:190} INFO - [2025-01-28T06:42:33.745+0000] {dagbag.py:588} INFO - Filling up the DagBag from /home/ubuntu/.local/lib/python3.12/site-packages/airflow/example_dags/example_sla_dag.py
[2025-01-28T06:42:33.755+0000] {processor.py:925} INFO - DAG(s) 'example_sla_dag' retrieved from /home/ubuntu/.local/lib/python3.12/site-packages/airflow/example_dags/example_sla_dag.py
[2025-01-28T06:42:33.771+0000] {logging_mixin.py:190} INFO - [2025-01-28T06:42:33.771+0000] {dag.py:3239} INFO - Sync 1 DAGs
[2025-01-28T06:42:33.790+0000] {logging_mixin.py:190} INFO - [2025-01-28T06:42:33.790+0000] {dag.py:4180} INFO - Setting next_dagrun for example_sla_dag to 2025-01-28 06:40:00+00:00, run_after=2025-01-28 06:42:00+00:00
[2025-01-28T06:42:33.812+0000] {processor.py:208} INFO - Processing /home/ubuntu/.local/lib/python3.12/site-packages/airflow/example_dags/example_sla_dag.py took 0.076 seconds
[2025-01-28T06:43:31.656+0000] {processor.py:186} INFO - Started process (PID=6627) to work on /home/ubuntu/.local/lib/python3.12/site-packages/airflow/example_dags/example_sla_dag.py
[2025-01-28T06:43:31.658+0000] {processor.py:914} INFO - Processing file /home/ubuntu/.local/lib/python3.12/site-packages/airflow/example_dags/example_sla_dag.py for tasks to queue
[2025-01-28T06:43:31.660+0000] {logging_mixin.py:190} INFO - [2025-01-28T06:43:31.660+0000] {dagbag.py:588} INFO - Filling up the DagBag from /home/ubuntu/.local/lib/python3.12/site-packages/airflow/example_dags/example_sla_dag.py
[2025-01-28T06:43:31.671+0000] {processor.py:925} INFO - DAG(s) 'example_sla_dag' retrieved from /home/ubuntu/.local/lib/python3.12/site-packages/airflow/example_dags/example_sla_dag.py
[2025-01-28T06:43:31.685+0000] {logging_mixin.py:190} INFO - [2025-01-28T06:43:31.685+0000] {dag.py:3239} INFO - Sync 1 DAGs
[2025-01-28T06:43:31.842+0000] {logging_mixin.py:190} INFO - [2025-01-28T06:43:31.842+0000] {dag.py:4180} INFO - Setting next_dagrun for example_sla_dag to 2025-01-28 06:40:00+00:00, run_after=2025-01-28 06:42:00+00:00
[2025-01-28T06:43:31.862+0000] {processor.py:208} INFO - Processing /home/ubuntu/.local/lib/python3.12/site-packages/airflow/example_dags/example_sla_dag.py took 0.210 seconds
[2025-01-28T06:44:40.319+0000] {processor.py:186} INFO - Started process (PID=6692) to work on /home/ubuntu/.local/lib/python3.12/site-packages/airflow/example_dags/example_sla_dag.py
[2025-01-28T06:44:40.322+0000] {processor.py:914} INFO - Processing file /home/ubuntu/.local/lib/python3.12/site-packages/airflow/example_dags/example_sla_dag.py for tasks to queue
[2025-01-28T06:44:40.324+0000] {logging_mixin.py:190} INFO - [2025-01-28T06:44:40.324+0000] {dagbag.py:588} INFO - Filling up the DagBag from /home/ubuntu/.local/lib/python3.12/site-packages/airflow/example_dags/example_sla_dag.py
[2025-01-28T06:44:40.334+0000] {processor.py:925} INFO - DAG(s) 'example_sla_dag' retrieved from /home/ubuntu/.local/lib/python3.12/site-packages/airflow/example_dags/example_sla_dag.py
[2025-01-28T06:44:40.349+0000] {logging_mixin.py:190} INFO - [2025-01-28T06:44:40.349+0000] {dag.py:3239} INFO - Sync 1 DAGs
[2025-01-28T06:44:40.369+0000] {logging_mixin.py:190} INFO - [2025-01-28T06:44:40.369+0000] {dag.py:4180} INFO - Setting next_dagrun for example_sla_dag to 2025-01-28 06:42:00+00:00, run_after=2025-01-28 06:44:00+00:00
[2025-01-28T06:44:40.537+0000] {processor.py:208} INFO - Processing /home/ubuntu/.local/lib/python3.12/site-packages/airflow/example_dags/example_sla_dag.py took 0.222 seconds
[2025-01-28T06:45:39.318+0000] {processor.py:186} INFO - Started process (PID=6775) to work on /home/ubuntu/.local/lib/python3.12/site-packages/airflow/example_dags/example_sla_dag.py
[2025-01-28T06:45:39.320+0000] {processor.py:914} INFO - Processing file /home/ubuntu/.local/lib/python3.12/site-packages/airflow/example_dags/example_sla_dag.py for tasks to queue
[2025-01-28T06:45:39.323+0000] {logging_mixin.py:190} INFO - [2025-01-28T06:45:39.321+0000] {dagbag.py:588} INFO - Filling up the DagBag from /home/ubuntu/.local/lib/python3.12/site-packages/airflow/example_dags/example_sla_dag.py
[2025-01-28T06:45:39.332+0000] {processor.py:925} INFO - DAG(s) 'example_sla_dag' retrieved from /home/ubuntu/.local/lib/python3.12/site-packages/airflow/example_dags/example_sla_dag.py
[2025-01-28T06:45:39.347+0000] {logging_mixin.py:190} INFO - [2025-01-28T06:45:39.347+0000] {dag.py:3239} INFO - Sync 1 DAGs
[2025-01-28T06:45:39.366+0000] {logging_mixin.py:190} INFO - [2025-01-28T06:45:39.366+0000] {dag.py:4180} INFO - Setting next_dagrun for example_sla_dag to 2025-01-28 06:42:00+00:00, run_after=2025-01-28 06:44:00+00:00
[2025-01-28T06:45:39.389+0000] {processor.py:208} INFO - Processing /home/ubuntu/.local/lib/python3.12/site-packages/airflow/example_dags/example_sla_dag.py took 0.077 seconds
[2025-01-28T06:46:31.258+0000] {processor.py:186} INFO - Started process (PID=6972) to work on /home/ubuntu/.local/lib/python3.12/site-packages/airflow/example_dags/example_sla_dag.py
[2025-01-28T06:46:31.261+0000] {processor.py:914} INFO - Processing file /home/ubuntu/.local/lib/python3.12/site-packages/airflow/example_dags/example_sla_dag.py for tasks to queue
[2025-01-28T06:46:31.263+0000] {logging_mixin.py:190} INFO - [2025-01-28T06:46:31.263+0000] {dagbag.py:588} INFO - Filling up the DagBag from /home/ubuntu/.local/lib/python3.12/site-packages/airflow/example_dags/example_sla_dag.py
[2025-01-28T06:46:31.274+0000] {processor.py:925} INFO - DAG(s) 'example_sla_dag' retrieved from /home/ubuntu/.local/lib/python3.12/site-packages/airflow/example_dags/example_sla_dag.py
[2025-01-28T06:46:31.289+0000] {logging_mixin.py:190} INFO - [2025-01-28T06:46:31.289+0000] {dag.py:3239} INFO - Sync 1 DAGs
[2025-01-28T06:46:31.308+0000] {logging_mixin.py:190} INFO - [2025-01-28T06:46:31.308+0000] {dag.py:4180} INFO - Setting next_dagrun for example_sla_dag to 2025-01-28 06:44:00+00:00, run_after=2025-01-28 06:46:00+00:00
[2025-01-28T06:46:31.333+0000] {processor.py:208} INFO - Processing /home/ubuntu/.local/lib/python3.12/site-packages/airflow/example_dags/example_sla_dag.py took 0.080 seconds
