[2025-01-28T03:39:42.512+0000] {processor.py:186} INFO - Started process (PID=9641) to work on /home/ubuntu/airflow-venv/lib/python3.12/site-packages/airflow/example_dags/example_setup_teardown_taskflow.py
[2025-01-28T03:39:42.514+0000] {processor.py:914} INFO - Processing file /home/ubuntu/airflow-venv/lib/python3.12/site-packages/airflow/example_dags/example_setup_teardown_taskflow.py for tasks to queue
[2025-01-28T03:39:42.516+0000] {logging_mixin.py:190} INFO - [2025-01-28T03:39:42.516+0000] {dagbag.py:588} INFO - Filling up the DagBag from /home/ubuntu/airflow-venv/lib/python3.12/site-packages/airflow/example_dags/example_setup_teardown_taskflow.py
[2025-01-28T03:39:42.528+0000] {processor.py:925} INFO - DAG(s) 'example_setup_teardown_taskflow' retrieved from /home/ubuntu/airflow-venv/lib/python3.12/site-packages/airflow/example_dags/example_setup_teardown_taskflow.py
[2025-01-28T03:39:42.629+0000] {logging_mixin.py:190} INFO - [2025-01-28T03:39:42.628+0000] {override.py:1912} INFO - Created Permission View: can read on DAG:example_setup_teardown_taskflow
[2025-01-28T03:39:42.642+0000] {logging_mixin.py:190} INFO - [2025-01-28T03:39:42.642+0000] {override.py:1912} INFO - Created Permission View: can delete on DAG:example_setup_teardown_taskflow
[2025-01-28T03:39:42.652+0000] {logging_mixin.py:190} INFO - [2025-01-28T03:39:42.652+0000] {override.py:1912} INFO - Created Permission View: can edit on DAG:example_setup_teardown_taskflow
[2025-01-28T03:39:42.674+0000] {logging_mixin.py:190} INFO - [2025-01-28T03:39:42.674+0000] {override.py:1912} INFO - Created Permission View: menu access on DAG Run:example_setup_teardown_taskflow
[2025-01-28T03:39:42.685+0000] {logging_mixin.py:190} INFO - [2025-01-28T03:39:42.685+0000] {override.py:1912} INFO - Created Permission View: can read on DAG Run:example_setup_teardown_taskflow
[2025-01-28T03:39:42.695+0000] {logging_mixin.py:190} INFO - [2025-01-28T03:39:42.695+0000] {override.py:1912} INFO - Created Permission View: can delete on DAG Run:example_setup_teardown_taskflow
[2025-01-28T03:39:42.706+0000] {logging_mixin.py:190} INFO - [2025-01-28T03:39:42.706+0000] {override.py:1912} INFO - Created Permission View: can create on DAG Run:example_setup_teardown_taskflow
[2025-01-28T03:39:42.706+0000] {logging_mixin.py:190} INFO - [2025-01-28T03:39:42.706+0000] {dag.py:3239} INFO - Sync 1 DAGs
[2025-01-28T03:39:42.716+0000] {logging_mixin.py:190} INFO - [2025-01-28T03:39:42.716+0000] {dag.py:3262} INFO - Creating ORM DAG for example_setup_teardown_taskflow
[2025-01-28T03:39:42.716+0000] {logging_mixin.py:190} INFO - [2025-01-28T03:39:42.716+0000] {dag.py:4180} INFO - Setting next_dagrun for example_setup_teardown_taskflow to None, run_after=None
[2025-01-28T03:39:42.738+0000] {processor.py:208} INFO - Processing /home/ubuntu/airflow-venv/lib/python3.12/site-packages/airflow/example_dags/example_setup_teardown_taskflow.py took 0.231 seconds
[2025-01-28T03:40:46.952+0000] {processor.py:186} INFO - Started process (PID=9702) to work on /home/ubuntu/airflow-venv/lib/python3.12/site-packages/airflow/example_dags/example_setup_teardown_taskflow.py
[2025-01-28T03:40:46.999+0000] {processor.py:914} INFO - Processing file /home/ubuntu/airflow-venv/lib/python3.12/site-packages/airflow/example_dags/example_setup_teardown_taskflow.py for tasks to queue
[2025-01-28T03:40:47.001+0000] {logging_mixin.py:190} INFO - [2025-01-28T03:40:47.001+0000] {dagbag.py:588} INFO - Filling up the DagBag from /home/ubuntu/airflow-venv/lib/python3.12/site-packages/airflow/example_dags/example_setup_teardown_taskflow.py
[2025-01-28T03:40:47.012+0000] {processor.py:925} INFO - DAG(s) 'example_setup_teardown_taskflow' retrieved from /home/ubuntu/airflow-venv/lib/python3.12/site-packages/airflow/example_dags/example_setup_teardown_taskflow.py
[2025-01-28T03:40:47.029+0000] {logging_mixin.py:190} INFO - [2025-01-28T03:40:47.029+0000] {dag.py:3239} INFO - Sync 1 DAGs
[2025-01-28T03:40:47.041+0000] {logging_mixin.py:190} INFO - [2025-01-28T03:40:47.040+0000] {dag.py:4180} INFO - Setting next_dagrun for example_setup_teardown_taskflow to None, run_after=None
[2025-01-28T03:40:47.062+0000] {processor.py:208} INFO - Processing /home/ubuntu/airflow-venv/lib/python3.12/site-packages/airflow/example_dags/example_setup_teardown_taskflow.py took 0.115 seconds
[2025-01-28T03:43:24.783+0000] {processor.py:186} INFO - Started process (PID=9803) to work on /home/ubuntu/airflow-venv/lib/python3.12/site-packages/airflow/example_dags/example_setup_teardown_taskflow.py
[2025-01-28T03:43:24.784+0000] {processor.py:914} INFO - Processing file /home/ubuntu/airflow-venv/lib/python3.12/site-packages/airflow/example_dags/example_setup_teardown_taskflow.py for tasks to queue
[2025-01-28T03:43:24.786+0000] {logging_mixin.py:190} INFO - [2025-01-28T03:43:24.786+0000] {dagbag.py:588} INFO - Filling up the DagBag from /home/ubuntu/airflow-venv/lib/python3.12/site-packages/airflow/example_dags/example_setup_teardown_taskflow.py
[2025-01-28T03:43:24.796+0000] {processor.py:925} INFO - DAG(s) 'example_setup_teardown_taskflow' retrieved from /home/ubuntu/airflow-venv/lib/python3.12/site-packages/airflow/example_dags/example_setup_teardown_taskflow.py
[2025-01-28T03:43:24.814+0000] {logging_mixin.py:190} INFO - [2025-01-28T03:43:24.813+0000] {dag.py:3239} INFO - Sync 1 DAGs
[2025-01-28T03:43:24.825+0000] {logging_mixin.py:190} INFO - [2025-01-28T03:43:24.825+0000] {dag.py:4180} INFO - Setting next_dagrun for example_setup_teardown_taskflow to None, run_after=None
[2025-01-28T03:43:24.846+0000] {processor.py:208} INFO - Processing /home/ubuntu/airflow-venv/lib/python3.12/site-packages/airflow/example_dags/example_setup_teardown_taskflow.py took 0.068 seconds
[2025-01-28T03:44:21.721+0000] {processor.py:186} INFO - Started process (PID=9861) to work on /home/ubuntu/airflow-venv/lib/python3.12/site-packages/airflow/example_dags/example_setup_teardown_taskflow.py
[2025-01-28T03:44:21.723+0000] {processor.py:914} INFO - Processing file /home/ubuntu/airflow-venv/lib/python3.12/site-packages/airflow/example_dags/example_setup_teardown_taskflow.py for tasks to queue
[2025-01-28T03:44:21.725+0000] {logging_mixin.py:190} INFO - [2025-01-28T03:44:21.724+0000] {dagbag.py:588} INFO - Filling up the DagBag from /home/ubuntu/airflow-venv/lib/python3.12/site-packages/airflow/example_dags/example_setup_teardown_taskflow.py
[2025-01-28T03:44:21.736+0000] {processor.py:925} INFO - DAG(s) 'example_setup_teardown_taskflow' retrieved from /home/ubuntu/airflow-venv/lib/python3.12/site-packages/airflow/example_dags/example_setup_teardown_taskflow.py
[2025-01-28T03:44:21.752+0000] {logging_mixin.py:190} INFO - [2025-01-28T03:44:21.751+0000] {dag.py:3239} INFO - Sync 1 DAGs
[2025-01-28T03:44:21.763+0000] {logging_mixin.py:190} INFO - [2025-01-28T03:44:21.763+0000] {dag.py:4180} INFO - Setting next_dagrun for example_setup_teardown_taskflow to None, run_after=None
[2025-01-28T03:44:21.785+0000] {processor.py:208} INFO - Processing /home/ubuntu/airflow-venv/lib/python3.12/site-packages/airflow/example_dags/example_setup_teardown_taskflow.py took 0.069 seconds
[2025-01-28T03:45:16.259+0000] {processor.py:186} INFO - Started process (PID=9923) to work on /home/ubuntu/airflow-venv/lib/python3.12/site-packages/airflow/example_dags/example_setup_teardown_taskflow.py
[2025-01-28T03:45:16.260+0000] {processor.py:914} INFO - Processing file /home/ubuntu/airflow-venv/lib/python3.12/site-packages/airflow/example_dags/example_setup_teardown_taskflow.py for tasks to queue
[2025-01-28T03:45:16.262+0000] {logging_mixin.py:190} INFO - [2025-01-28T03:45:16.262+0000] {dagbag.py:588} INFO - Filling up the DagBag from /home/ubuntu/airflow-venv/lib/python3.12/site-packages/airflow/example_dags/example_setup_teardown_taskflow.py
[2025-01-28T03:45:16.272+0000] {processor.py:925} INFO - DAG(s) 'example_setup_teardown_taskflow' retrieved from /home/ubuntu/airflow-venv/lib/python3.12/site-packages/airflow/example_dags/example_setup_teardown_taskflow.py
[2025-01-28T03:45:16.289+0000] {logging_mixin.py:190} INFO - [2025-01-28T03:45:16.289+0000] {dag.py:3239} INFO - Sync 1 DAGs
[2025-01-28T03:45:16.301+0000] {logging_mixin.py:190} INFO - [2025-01-28T03:45:16.301+0000] {dag.py:4180} INFO - Setting next_dagrun for example_setup_teardown_taskflow to None, run_after=None
[2025-01-28T03:45:16.322+0000] {processor.py:208} INFO - Processing /home/ubuntu/airflow-venv/lib/python3.12/site-packages/airflow/example_dags/example_setup_teardown_taskflow.py took 0.068 seconds
[2025-01-28T03:46:09.034+0000] {processor.py:186} INFO - Started process (PID=9977) to work on /home/ubuntu/airflow-venv/lib/python3.12/site-packages/airflow/example_dags/example_setup_teardown_taskflow.py
[2025-01-28T03:46:09.035+0000] {processor.py:914} INFO - Processing file /home/ubuntu/airflow-venv/lib/python3.12/site-packages/airflow/example_dags/example_setup_teardown_taskflow.py for tasks to queue
[2025-01-28T03:46:09.037+0000] {logging_mixin.py:190} INFO - [2025-01-28T03:46:09.037+0000] {dagbag.py:588} INFO - Filling up the DagBag from /home/ubuntu/airflow-venv/lib/python3.12/site-packages/airflow/example_dags/example_setup_teardown_taskflow.py
[2025-01-28T03:46:09.048+0000] {processor.py:925} INFO - DAG(s) 'example_setup_teardown_taskflow' retrieved from /home/ubuntu/airflow-venv/lib/python3.12/site-packages/airflow/example_dags/example_setup_teardown_taskflow.py
[2025-01-28T03:46:09.063+0000] {logging_mixin.py:190} INFO - [2025-01-28T03:46:09.063+0000] {dag.py:3239} INFO - Sync 1 DAGs
[2025-01-28T03:46:09.074+0000] {logging_mixin.py:190} INFO - [2025-01-28T03:46:09.074+0000] {dag.py:4180} INFO - Setting next_dagrun for example_setup_teardown_taskflow to None, run_after=None
[2025-01-28T03:46:09.095+0000] {processor.py:208} INFO - Processing /home/ubuntu/airflow-venv/lib/python3.12/site-packages/airflow/example_dags/example_setup_teardown_taskflow.py took 0.067 seconds
[2025-01-28T03:47:03.372+0000] {processor.py:186} INFO - Started process (PID=10031) to work on /home/ubuntu/airflow-venv/lib/python3.12/site-packages/airflow/example_dags/example_setup_teardown_taskflow.py
[2025-01-28T03:47:03.374+0000] {processor.py:914} INFO - Processing file /home/ubuntu/airflow-venv/lib/python3.12/site-packages/airflow/example_dags/example_setup_teardown_taskflow.py for tasks to queue
[2025-01-28T03:47:03.376+0000] {logging_mixin.py:190} INFO - [2025-01-28T03:47:03.376+0000] {dagbag.py:588} INFO - Filling up the DagBag from /home/ubuntu/airflow-venv/lib/python3.12/site-packages/airflow/example_dags/example_setup_teardown_taskflow.py
[2025-01-28T03:47:03.387+0000] {processor.py:925} INFO - DAG(s) 'example_setup_teardown_taskflow' retrieved from /home/ubuntu/airflow-venv/lib/python3.12/site-packages/airflow/example_dags/example_setup_teardown_taskflow.py
[2025-01-28T03:47:03.404+0000] {logging_mixin.py:190} INFO - [2025-01-28T03:47:03.403+0000] {dag.py:3239} INFO - Sync 1 DAGs
[2025-01-28T03:47:03.415+0000] {logging_mixin.py:190} INFO - [2025-01-28T03:47:03.414+0000] {dag.py:4180} INFO - Setting next_dagrun for example_setup_teardown_taskflow to None, run_after=None
[2025-01-28T03:47:03.438+0000] {processor.py:208} INFO - Processing /home/ubuntu/airflow-venv/lib/python3.12/site-packages/airflow/example_dags/example_setup_teardown_taskflow.py took 0.070 seconds
[2025-01-28T03:47:53.056+0000] {processor.py:186} INFO - Started process (PID=10083) to work on /home/ubuntu/airflow-venv/lib/python3.12/site-packages/airflow/example_dags/example_setup_teardown_taskflow.py
[2025-01-28T03:47:53.057+0000] {processor.py:914} INFO - Processing file /home/ubuntu/airflow-venv/lib/python3.12/site-packages/airflow/example_dags/example_setup_teardown_taskflow.py for tasks to queue
[2025-01-28T03:47:53.059+0000] {logging_mixin.py:190} INFO - [2025-01-28T03:47:53.059+0000] {dagbag.py:588} INFO - Filling up the DagBag from /home/ubuntu/airflow-venv/lib/python3.12/site-packages/airflow/example_dags/example_setup_teardown_taskflow.py
[2025-01-28T03:47:53.069+0000] {processor.py:925} INFO - DAG(s) 'example_setup_teardown_taskflow' retrieved from /home/ubuntu/airflow-venv/lib/python3.12/site-packages/airflow/example_dags/example_setup_teardown_taskflow.py
[2025-01-28T03:47:53.086+0000] {logging_mixin.py:190} INFO - [2025-01-28T03:47:53.086+0000] {dag.py:3239} INFO - Sync 1 DAGs
[2025-01-28T03:47:53.098+0000] {logging_mixin.py:190} INFO - [2025-01-28T03:47:53.098+0000] {dag.py:4180} INFO - Setting next_dagrun for example_setup_teardown_taskflow to None, run_after=None
[2025-01-28T03:47:53.119+0000] {processor.py:208} INFO - Processing /home/ubuntu/airflow-venv/lib/python3.12/site-packages/airflow/example_dags/example_setup_teardown_taskflow.py took 0.068 seconds
[2025-01-28T03:48:44.405+0000] {processor.py:186} INFO - Started process (PID=10138) to work on /home/ubuntu/airflow-venv/lib/python3.12/site-packages/airflow/example_dags/example_setup_teardown_taskflow.py
[2025-01-28T03:48:44.406+0000] {processor.py:914} INFO - Processing file /home/ubuntu/airflow-venv/lib/python3.12/site-packages/airflow/example_dags/example_setup_teardown_taskflow.py for tasks to queue
[2025-01-28T03:48:44.409+0000] {logging_mixin.py:190} INFO - [2025-01-28T03:48:44.408+0000] {dagbag.py:588} INFO - Filling up the DagBag from /home/ubuntu/airflow-venv/lib/python3.12/site-packages/airflow/example_dags/example_setup_teardown_taskflow.py
[2025-01-28T03:48:44.418+0000] {processor.py:925} INFO - DAG(s) 'example_setup_teardown_taskflow' retrieved from /home/ubuntu/airflow-venv/lib/python3.12/site-packages/airflow/example_dags/example_setup_teardown_taskflow.py
[2025-01-28T03:48:44.435+0000] {logging_mixin.py:190} INFO - [2025-01-28T03:48:44.434+0000] {dag.py:3239} INFO - Sync 1 DAGs
[2025-01-28T03:48:44.446+0000] {logging_mixin.py:190} INFO - [2025-01-28T03:48:44.446+0000] {dag.py:4180} INFO - Setting next_dagrun for example_setup_teardown_taskflow to None, run_after=None
[2025-01-28T03:48:44.468+0000] {processor.py:208} INFO - Processing /home/ubuntu/airflow-venv/lib/python3.12/site-packages/airflow/example_dags/example_setup_teardown_taskflow.py took 0.068 seconds
[2025-01-28T03:49:34.638+0000] {processor.py:186} INFO - Started process (PID=10190) to work on /home/ubuntu/airflow-venv/lib/python3.12/site-packages/airflow/example_dags/example_setup_teardown_taskflow.py
[2025-01-28T03:49:34.640+0000] {processor.py:914} INFO - Processing file /home/ubuntu/airflow-venv/lib/python3.12/site-packages/airflow/example_dags/example_setup_teardown_taskflow.py for tasks to queue
[2025-01-28T03:49:34.642+0000] {logging_mixin.py:190} INFO - [2025-01-28T03:49:34.642+0000] {dagbag.py:588} INFO - Filling up the DagBag from /home/ubuntu/airflow-venv/lib/python3.12/site-packages/airflow/example_dags/example_setup_teardown_taskflow.py
[2025-01-28T03:49:34.653+0000] {processor.py:925} INFO - DAG(s) 'example_setup_teardown_taskflow' retrieved from /home/ubuntu/airflow-venv/lib/python3.12/site-packages/airflow/example_dags/example_setup_teardown_taskflow.py
[2025-01-28T03:49:34.668+0000] {logging_mixin.py:190} INFO - [2025-01-28T03:49:34.668+0000] {dag.py:3239} INFO - Sync 1 DAGs
[2025-01-28T03:49:34.679+0000] {logging_mixin.py:190} INFO - [2025-01-28T03:49:34.679+0000] {dag.py:4180} INFO - Setting next_dagrun for example_setup_teardown_taskflow to None, run_after=None
[2025-01-28T03:49:34.701+0000] {processor.py:208} INFO - Processing /home/ubuntu/airflow-venv/lib/python3.12/site-packages/airflow/example_dags/example_setup_teardown_taskflow.py took 0.067 seconds
[2025-01-28T05:55:19.996+0000] {processor.py:186} INFO - Started process (PID=1911) to work on /home/ubuntu/.local/lib/python3.12/site-packages/airflow/example_dags/example_setup_teardown_taskflow.py
[2025-01-28T05:55:19.997+0000] {processor.py:914} INFO - Processing file /home/ubuntu/.local/lib/python3.12/site-packages/airflow/example_dags/example_setup_teardown_taskflow.py for tasks to queue
[2025-01-28T05:55:19.999+0000] {logging_mixin.py:190} INFO - [2025-01-28T05:55:19.999+0000] {dagbag.py:588} INFO - Filling up the DagBag from /home/ubuntu/.local/lib/python3.12/site-packages/airflow/example_dags/example_setup_teardown_taskflow.py
[2025-01-28T05:55:20.017+0000] {processor.py:925} INFO - DAG(s) 'example_setup_teardown_taskflow' retrieved from /home/ubuntu/.local/lib/python3.12/site-packages/airflow/example_dags/example_setup_teardown_taskflow.py
[2025-01-28T05:55:20.111+0000] {logging_mixin.py:190} INFO - [2025-01-28T05:55:20.111+0000] {dag.py:3239} INFO - Sync 1 DAGs
[2025-01-28T05:55:20.121+0000] {logging_mixin.py:190} INFO - [2025-01-28T05:55:20.120+0000] {dag.py:4180} INFO - Setting next_dagrun for example_setup_teardown_taskflow to None, run_after=None
[2025-01-28T05:55:20.145+0000] {processor.py:208} INFO - Processing /home/ubuntu/.local/lib/python3.12/site-packages/airflow/example_dags/example_setup_teardown_taskflow.py took 0.154 seconds
[2025-01-28T05:56:18.340+0000] {processor.py:186} INFO - Started process (PID=1970) to work on /home/ubuntu/.local/lib/python3.12/site-packages/airflow/example_dags/example_setup_teardown_taskflow.py
[2025-01-28T05:56:18.341+0000] {processor.py:914} INFO - Processing file /home/ubuntu/.local/lib/python3.12/site-packages/airflow/example_dags/example_setup_teardown_taskflow.py for tasks to queue
[2025-01-28T05:56:18.344+0000] {logging_mixin.py:190} INFO - [2025-01-28T05:56:18.343+0000] {dagbag.py:588} INFO - Filling up the DagBag from /home/ubuntu/.local/lib/python3.12/site-packages/airflow/example_dags/example_setup_teardown_taskflow.py
[2025-01-28T05:56:18.354+0000] {processor.py:925} INFO - DAG(s) 'example_setup_teardown_taskflow' retrieved from /home/ubuntu/.local/lib/python3.12/site-packages/airflow/example_dags/example_setup_teardown_taskflow.py
[2025-01-28T05:56:18.371+0000] {logging_mixin.py:190} INFO - [2025-01-28T05:56:18.371+0000] {dag.py:3239} INFO - Sync 1 DAGs
[2025-01-28T05:56:18.383+0000] {logging_mixin.py:190} INFO - [2025-01-28T05:56:18.383+0000] {dag.py:4180} INFO - Setting next_dagrun for example_setup_teardown_taskflow to None, run_after=None
[2025-01-28T05:56:18.407+0000] {processor.py:208} INFO - Processing /home/ubuntu/.local/lib/python3.12/site-packages/airflow/example_dags/example_setup_teardown_taskflow.py took 0.072 seconds
[2025-01-28T05:57:14.985+0000] {processor.py:186} INFO - Started process (PID=2058) to work on /home/ubuntu/.local/lib/python3.12/site-packages/airflow/example_dags/example_setup_teardown_taskflow.py
[2025-01-28T05:57:14.987+0000] {processor.py:914} INFO - Processing file /home/ubuntu/.local/lib/python3.12/site-packages/airflow/example_dags/example_setup_teardown_taskflow.py for tasks to queue
[2025-01-28T05:57:14.989+0000] {logging_mixin.py:190} INFO - [2025-01-28T05:57:14.989+0000] {dagbag.py:588} INFO - Filling up the DagBag from /home/ubuntu/.local/lib/python3.12/site-packages/airflow/example_dags/example_setup_teardown_taskflow.py
[2025-01-28T05:57:15.000+0000] {processor.py:925} INFO - DAG(s) 'example_setup_teardown_taskflow' retrieved from /home/ubuntu/.local/lib/python3.12/site-packages/airflow/example_dags/example_setup_teardown_taskflow.py
[2025-01-28T05:57:15.017+0000] {logging_mixin.py:190} INFO - [2025-01-28T05:57:15.017+0000] {dag.py:3239} INFO - Sync 1 DAGs
[2025-01-28T05:57:15.029+0000] {logging_mixin.py:190} INFO - [2025-01-28T05:57:15.029+0000] {dag.py:4180} INFO - Setting next_dagrun for example_setup_teardown_taskflow to None, run_after=None
[2025-01-28T05:57:15.051+0000] {processor.py:208} INFO - Processing /home/ubuntu/.local/lib/python3.12/site-packages/airflow/example_dags/example_setup_teardown_taskflow.py took 0.071 seconds
[2025-01-28T05:58:12.822+0000] {processor.py:186} INFO - Started process (PID=2120) to work on /home/ubuntu/.local/lib/python3.12/site-packages/airflow/example_dags/example_setup_teardown_taskflow.py
[2025-01-28T05:58:12.824+0000] {processor.py:914} INFO - Processing file /home/ubuntu/.local/lib/python3.12/site-packages/airflow/example_dags/example_setup_teardown_taskflow.py for tasks to queue
[2025-01-28T05:58:12.826+0000] {logging_mixin.py:190} INFO - [2025-01-28T05:58:12.825+0000] {dagbag.py:588} INFO - Filling up the DagBag from /home/ubuntu/.local/lib/python3.12/site-packages/airflow/example_dags/example_setup_teardown_taskflow.py
[2025-01-28T05:58:12.836+0000] {processor.py:925} INFO - DAG(s) 'example_setup_teardown_taskflow' retrieved from /home/ubuntu/.local/lib/python3.12/site-packages/airflow/example_dags/example_setup_teardown_taskflow.py
[2025-01-28T05:58:12.853+0000] {logging_mixin.py:190} INFO - [2025-01-28T05:58:12.853+0000] {dag.py:3239} INFO - Sync 1 DAGs
[2025-01-28T05:58:12.865+0000] {logging_mixin.py:190} INFO - [2025-01-28T05:58:12.864+0000] {dag.py:4180} INFO - Setting next_dagrun for example_setup_teardown_taskflow to None, run_after=None
[2025-01-28T05:58:12.887+0000] {processor.py:208} INFO - Processing /home/ubuntu/.local/lib/python3.12/site-packages/airflow/example_dags/example_setup_teardown_taskflow.py took 0.070 seconds
[2025-01-28T05:59:08.210+0000] {processor.py:186} INFO - Started process (PID=2177) to work on /home/ubuntu/.local/lib/python3.12/site-packages/airflow/example_dags/example_setup_teardown_taskflow.py
[2025-01-28T05:59:08.212+0000] {processor.py:914} INFO - Processing file /home/ubuntu/.local/lib/python3.12/site-packages/airflow/example_dags/example_setup_teardown_taskflow.py for tasks to queue
[2025-01-28T05:59:08.214+0000] {logging_mixin.py:190} INFO - [2025-01-28T05:59:08.213+0000] {dagbag.py:588} INFO - Filling up the DagBag from /home/ubuntu/.local/lib/python3.12/site-packages/airflow/example_dags/example_setup_teardown_taskflow.py
[2025-01-28T05:59:08.224+0000] {processor.py:925} INFO - DAG(s) 'example_setup_teardown_taskflow' retrieved from /home/ubuntu/.local/lib/python3.12/site-packages/airflow/example_dags/example_setup_teardown_taskflow.py
[2025-01-28T05:59:08.251+0000] {logging_mixin.py:190} INFO - [2025-01-28T05:59:08.251+0000] {dag.py:3239} INFO - Sync 1 DAGs
[2025-01-28T05:59:08.264+0000] {logging_mixin.py:190} INFO - [2025-01-28T05:59:08.263+0000] {dag.py:4180} INFO - Setting next_dagrun for example_setup_teardown_taskflow to None, run_after=None
[2025-01-28T05:59:08.287+0000] {processor.py:208} INFO - Processing /home/ubuntu/.local/lib/python3.12/site-packages/airflow/example_dags/example_setup_teardown_taskflow.py took 0.082 seconds
[2025-01-28T06:00:03.059+0000] {processor.py:186} INFO - Started process (PID=2233) to work on /home/ubuntu/.local/lib/python3.12/site-packages/airflow/example_dags/example_setup_teardown_taskflow.py
[2025-01-28T06:00:03.060+0000] {processor.py:914} INFO - Processing file /home/ubuntu/.local/lib/python3.12/site-packages/airflow/example_dags/example_setup_teardown_taskflow.py for tasks to queue
[2025-01-28T06:00:03.063+0000] {logging_mixin.py:190} INFO - [2025-01-28T06:00:03.062+0000] {dagbag.py:588} INFO - Filling up the DagBag from /home/ubuntu/.local/lib/python3.12/site-packages/airflow/example_dags/example_setup_teardown_taskflow.py
[2025-01-28T06:00:03.073+0000] {processor.py:925} INFO - DAG(s) 'example_setup_teardown_taskflow' retrieved from /home/ubuntu/.local/lib/python3.12/site-packages/airflow/example_dags/example_setup_teardown_taskflow.py
[2025-01-28T06:00:03.090+0000] {logging_mixin.py:190} INFO - [2025-01-28T06:00:03.090+0000] {dag.py:3239} INFO - Sync 1 DAGs
[2025-01-28T06:00:03.102+0000] {logging_mixin.py:190} INFO - [2025-01-28T06:00:03.102+0000] {dag.py:4180} INFO - Setting next_dagrun for example_setup_teardown_taskflow to None, run_after=None
[2025-01-28T06:00:03.125+0000] {processor.py:208} INFO - Processing /home/ubuntu/.local/lib/python3.12/site-packages/airflow/example_dags/example_setup_teardown_taskflow.py took 0.071 seconds
[2025-01-28T06:00:55.385+0000] {processor.py:186} INFO - Started process (PID=2291) to work on /home/ubuntu/.local/lib/python3.12/site-packages/airflow/example_dags/example_setup_teardown_taskflow.py
[2025-01-28T06:00:55.387+0000] {processor.py:914} INFO - Processing file /home/ubuntu/.local/lib/python3.12/site-packages/airflow/example_dags/example_setup_teardown_taskflow.py for tasks to queue
[2025-01-28T06:00:55.389+0000] {logging_mixin.py:190} INFO - [2025-01-28T06:00:55.389+0000] {dagbag.py:588} INFO - Filling up the DagBag from /home/ubuntu/.local/lib/python3.12/site-packages/airflow/example_dags/example_setup_teardown_taskflow.py
[2025-01-28T06:00:55.400+0000] {processor.py:925} INFO - DAG(s) 'example_setup_teardown_taskflow' retrieved from /home/ubuntu/.local/lib/python3.12/site-packages/airflow/example_dags/example_setup_teardown_taskflow.py
[2025-01-28T06:00:55.417+0000] {logging_mixin.py:190} INFO - [2025-01-28T06:00:55.417+0000] {dag.py:3239} INFO - Sync 1 DAGs
[2025-01-28T06:00:55.429+0000] {logging_mixin.py:190} INFO - [2025-01-28T06:00:55.429+0000] {dag.py:4180} INFO - Setting next_dagrun for example_setup_teardown_taskflow to None, run_after=None
[2025-01-28T06:00:55.451+0000] {processor.py:208} INFO - Processing /home/ubuntu/.local/lib/python3.12/site-packages/airflow/example_dags/example_setup_teardown_taskflow.py took 0.070 seconds
[2025-01-28T06:01:47.571+0000] {processor.py:186} INFO - Started process (PID=2348) to work on /home/ubuntu/.local/lib/python3.12/site-packages/airflow/example_dags/example_setup_teardown_taskflow.py
[2025-01-28T06:01:47.573+0000] {processor.py:914} INFO - Processing file /home/ubuntu/.local/lib/python3.12/site-packages/airflow/example_dags/example_setup_teardown_taskflow.py for tasks to queue
[2025-01-28T06:01:47.575+0000] {logging_mixin.py:190} INFO - [2025-01-28T06:01:47.575+0000] {dagbag.py:588} INFO - Filling up the DagBag from /home/ubuntu/.local/lib/python3.12/site-packages/airflow/example_dags/example_setup_teardown_taskflow.py
[2025-01-28T06:01:47.586+0000] {processor.py:925} INFO - DAG(s) 'example_setup_teardown_taskflow' retrieved from /home/ubuntu/.local/lib/python3.12/site-packages/airflow/example_dags/example_setup_teardown_taskflow.py
[2025-01-28T06:01:47.602+0000] {logging_mixin.py:190} INFO - [2025-01-28T06:01:47.602+0000] {dag.py:3239} INFO - Sync 1 DAGs
[2025-01-28T06:01:47.613+0000] {logging_mixin.py:190} INFO - [2025-01-28T06:01:47.613+0000] {dag.py:4180} INFO - Setting next_dagrun for example_setup_teardown_taskflow to None, run_after=None
[2025-01-28T06:01:47.635+0000] {processor.py:208} INFO - Processing /home/ubuntu/.local/lib/python3.12/site-packages/airflow/example_dags/example_setup_teardown_taskflow.py took 0.069 seconds
[2025-01-28T06:02:38.269+0000] {processor.py:186} INFO - Started process (PID=2415) to work on /home/ubuntu/.local/lib/python3.12/site-packages/airflow/example_dags/example_setup_teardown_taskflow.py
[2025-01-28T06:02:38.272+0000] {processor.py:914} INFO - Processing file /home/ubuntu/.local/lib/python3.12/site-packages/airflow/example_dags/example_setup_teardown_taskflow.py for tasks to queue
[2025-01-28T06:02:38.273+0000] {logging_mixin.py:190} INFO - [2025-01-28T06:02:38.273+0000] {dagbag.py:588} INFO - Filling up the DagBag from /home/ubuntu/.local/lib/python3.12/site-packages/airflow/example_dags/example_setup_teardown_taskflow.py
[2025-01-28T06:02:38.285+0000] {processor.py:925} INFO - DAG(s) 'example_setup_teardown_taskflow' retrieved from /home/ubuntu/.local/lib/python3.12/site-packages/airflow/example_dags/example_setup_teardown_taskflow.py
[2025-01-28T06:02:38.301+0000] {logging_mixin.py:190} INFO - [2025-01-28T06:02:38.301+0000] {dag.py:3239} INFO - Sync 1 DAGs
[2025-01-28T06:02:38.312+0000] {logging_mixin.py:190} INFO - [2025-01-28T06:02:38.311+0000] {dag.py:4180} INFO - Setting next_dagrun for example_setup_teardown_taskflow to None, run_after=None
[2025-01-28T06:02:38.334+0000] {processor.py:208} INFO - Processing /home/ubuntu/.local/lib/python3.12/site-packages/airflow/example_dags/example_setup_teardown_taskflow.py took 0.070 seconds
[2025-01-28T06:03:32.266+0000] {processor.py:186} INFO - Started process (PID=2471) to work on /home/ubuntu/.local/lib/python3.12/site-packages/airflow/example_dags/example_setup_teardown_taskflow.py
[2025-01-28T06:03:32.268+0000] {processor.py:914} INFO - Processing file /home/ubuntu/.local/lib/python3.12/site-packages/airflow/example_dags/example_setup_teardown_taskflow.py for tasks to queue
[2025-01-28T06:03:32.271+0000] {logging_mixin.py:190} INFO - [2025-01-28T06:03:32.270+0000] {dagbag.py:588} INFO - Filling up the DagBag from /home/ubuntu/.local/lib/python3.12/site-packages/airflow/example_dags/example_setup_teardown_taskflow.py
[2025-01-28T06:03:32.281+0000] {processor.py:925} INFO - DAG(s) 'example_setup_teardown_taskflow' retrieved from /home/ubuntu/.local/lib/python3.12/site-packages/airflow/example_dags/example_setup_teardown_taskflow.py
[2025-01-28T06:03:32.298+0000] {logging_mixin.py:190} INFO - [2025-01-28T06:03:32.297+0000] {dag.py:3239} INFO - Sync 1 DAGs
[2025-01-28T06:03:32.309+0000] {logging_mixin.py:190} INFO - [2025-01-28T06:03:32.309+0000] {dag.py:4180} INFO - Setting next_dagrun for example_setup_teardown_taskflow to None, run_after=None
[2025-01-28T06:03:32.332+0000] {processor.py:208} INFO - Processing /home/ubuntu/.local/lib/python3.12/site-packages/airflow/example_dags/example_setup_teardown_taskflow.py took 0.071 seconds
[2025-01-28T06:04:38.374+0000] {processor.py:186} INFO - Started process (PID=2542) to work on /home/ubuntu/.local/lib/python3.12/site-packages/airflow/example_dags/example_setup_teardown_taskflow.py
[2025-01-28T06:04:38.376+0000] {processor.py:914} INFO - Processing file /home/ubuntu/.local/lib/python3.12/site-packages/airflow/example_dags/example_setup_teardown_taskflow.py for tasks to queue
[2025-01-28T06:04:38.378+0000] {logging_mixin.py:190} INFO - [2025-01-28T06:04:38.378+0000] {dagbag.py:588} INFO - Filling up the DagBag from /home/ubuntu/.local/lib/python3.12/site-packages/airflow/example_dags/example_setup_teardown_taskflow.py
[2025-01-28T06:04:38.389+0000] {processor.py:925} INFO - DAG(s) 'example_setup_teardown_taskflow' retrieved from /home/ubuntu/.local/lib/python3.12/site-packages/airflow/example_dags/example_setup_teardown_taskflow.py
[2025-01-28T06:04:38.406+0000] {logging_mixin.py:190} INFO - [2025-01-28T06:04:38.406+0000] {dag.py:3239} INFO - Sync 1 DAGs
[2025-01-28T06:04:38.418+0000] {logging_mixin.py:190} INFO - [2025-01-28T06:04:38.418+0000] {dag.py:4180} INFO - Setting next_dagrun for example_setup_teardown_taskflow to None, run_after=None
[2025-01-28T06:04:38.451+0000] {processor.py:208} INFO - Processing /home/ubuntu/.local/lib/python3.12/site-packages/airflow/example_dags/example_setup_teardown_taskflow.py took 0.082 seconds
[2025-01-28T06:05:35.186+0000] {processor.py:186} INFO - Started process (PID=2604) to work on /home/ubuntu/.local/lib/python3.12/site-packages/airflow/example_dags/example_setup_teardown_taskflow.py
[2025-01-28T06:05:35.187+0000] {processor.py:914} INFO - Processing file /home/ubuntu/.local/lib/python3.12/site-packages/airflow/example_dags/example_setup_teardown_taskflow.py for tasks to queue
[2025-01-28T06:05:35.190+0000] {logging_mixin.py:190} INFO - [2025-01-28T06:05:35.189+0000] {dagbag.py:588} INFO - Filling up the DagBag from /home/ubuntu/.local/lib/python3.12/site-packages/airflow/example_dags/example_setup_teardown_taskflow.py
[2025-01-28T06:05:35.207+0000] {processor.py:925} INFO - DAG(s) 'example_setup_teardown_taskflow' retrieved from /home/ubuntu/.local/lib/python3.12/site-packages/airflow/example_dags/example_setup_teardown_taskflow.py
[2025-01-28T06:05:35.223+0000] {logging_mixin.py:190} INFO - [2025-01-28T06:05:35.223+0000] {dag.py:3239} INFO - Sync 1 DAGs
[2025-01-28T06:05:35.234+0000] {logging_mixin.py:190} INFO - [2025-01-28T06:05:35.234+0000] {dag.py:4180} INFO - Setting next_dagrun for example_setup_teardown_taskflow to None, run_after=None
[2025-01-28T06:05:35.256+0000] {processor.py:208} INFO - Processing /home/ubuntu/.local/lib/python3.12/site-packages/airflow/example_dags/example_setup_teardown_taskflow.py took 0.078 seconds
[2025-01-28T06:06:49.002+0000] {processor.py:186} INFO - Started process (PID=2695) to work on /home/ubuntu/.local/lib/python3.12/site-packages/airflow/example_dags/example_setup_teardown_taskflow.py
[2025-01-28T06:06:49.004+0000] {processor.py:914} INFO - Processing file /home/ubuntu/.local/lib/python3.12/site-packages/airflow/example_dags/example_setup_teardown_taskflow.py for tasks to queue
[2025-01-28T06:06:49.006+0000] {logging_mixin.py:190} INFO - [2025-01-28T06:06:49.006+0000] {dagbag.py:588} INFO - Filling up the DagBag from /home/ubuntu/.local/lib/python3.12/site-packages/airflow/example_dags/example_setup_teardown_taskflow.py
[2025-01-28T06:06:49.017+0000] {processor.py:925} INFO - DAG(s) 'example_setup_teardown_taskflow' retrieved from /home/ubuntu/.local/lib/python3.12/site-packages/airflow/example_dags/example_setup_teardown_taskflow.py
[2025-01-28T06:06:49.034+0000] {logging_mixin.py:190} INFO - [2025-01-28T06:06:49.034+0000] {dag.py:3239} INFO - Sync 1 DAGs
[2025-01-28T06:06:49.045+0000] {logging_mixin.py:190} INFO - [2025-01-28T06:06:49.044+0000] {dag.py:4180} INFO - Setting next_dagrun for example_setup_teardown_taskflow to None, run_after=None
[2025-01-28T06:06:49.067+0000] {processor.py:208} INFO - Processing /home/ubuntu/.local/lib/python3.12/site-packages/airflow/example_dags/example_setup_teardown_taskflow.py took 0.071 seconds
[2025-01-28T06:07:47.576+0000] {processor.py:186} INFO - Started process (PID=2755) to work on /home/ubuntu/.local/lib/python3.12/site-packages/airflow/example_dags/example_setup_teardown_taskflow.py
[2025-01-28T06:07:47.577+0000] {processor.py:914} INFO - Processing file /home/ubuntu/.local/lib/python3.12/site-packages/airflow/example_dags/example_setup_teardown_taskflow.py for tasks to queue
[2025-01-28T06:07:47.579+0000] {logging_mixin.py:190} INFO - [2025-01-28T06:07:47.579+0000] {dagbag.py:588} INFO - Filling up the DagBag from /home/ubuntu/.local/lib/python3.12/site-packages/airflow/example_dags/example_setup_teardown_taskflow.py
[2025-01-28T06:07:47.590+0000] {processor.py:925} INFO - DAG(s) 'example_setup_teardown_taskflow' retrieved from /home/ubuntu/.local/lib/python3.12/site-packages/airflow/example_dags/example_setup_teardown_taskflow.py
[2025-01-28T06:07:47.606+0000] {logging_mixin.py:190} INFO - [2025-01-28T06:07:47.606+0000] {dag.py:3239} INFO - Sync 1 DAGs
[2025-01-28T06:07:47.618+0000] {logging_mixin.py:190} INFO - [2025-01-28T06:07:47.617+0000] {dag.py:4180} INFO - Setting next_dagrun for example_setup_teardown_taskflow to None, run_after=None
[2025-01-28T06:07:47.638+0000] {processor.py:208} INFO - Processing /home/ubuntu/.local/lib/python3.12/site-packages/airflow/example_dags/example_setup_teardown_taskflow.py took 0.067 seconds
[2025-01-28T06:08:45.301+0000] {processor.py:186} INFO - Started process (PID=2813) to work on /home/ubuntu/.local/lib/python3.12/site-packages/airflow/example_dags/example_setup_teardown_taskflow.py
[2025-01-28T06:08:45.303+0000] {processor.py:914} INFO - Processing file /home/ubuntu/.local/lib/python3.12/site-packages/airflow/example_dags/example_setup_teardown_taskflow.py for tasks to queue
[2025-01-28T06:08:45.305+0000] {logging_mixin.py:190} INFO - [2025-01-28T06:08:45.305+0000] {dagbag.py:588} INFO - Filling up the DagBag from /home/ubuntu/.local/lib/python3.12/site-packages/airflow/example_dags/example_setup_teardown_taskflow.py
[2025-01-28T06:08:45.316+0000] {processor.py:925} INFO - DAG(s) 'example_setup_teardown_taskflow' retrieved from /home/ubuntu/.local/lib/python3.12/site-packages/airflow/example_dags/example_setup_teardown_taskflow.py
[2025-01-28T06:08:45.332+0000] {logging_mixin.py:190} INFO - [2025-01-28T06:08:45.332+0000] {dag.py:3239} INFO - Sync 1 DAGs
[2025-01-28T06:08:45.344+0000] {logging_mixin.py:190} INFO - [2025-01-28T06:08:45.343+0000] {dag.py:4180} INFO - Setting next_dagrun for example_setup_teardown_taskflow to None, run_after=None
[2025-01-28T06:08:45.366+0000] {processor.py:208} INFO - Processing /home/ubuntu/.local/lib/python3.12/site-packages/airflow/example_dags/example_setup_teardown_taskflow.py took 0.070 seconds
[2025-01-28T06:09:40.144+0000] {processor.py:186} INFO - Started process (PID=2884) to work on /home/ubuntu/.local/lib/python3.12/site-packages/airflow/example_dags/example_setup_teardown_taskflow.py
[2025-01-28T06:09:40.145+0000] {processor.py:914} INFO - Processing file /home/ubuntu/.local/lib/python3.12/site-packages/airflow/example_dags/example_setup_teardown_taskflow.py for tasks to queue
[2025-01-28T06:09:40.148+0000] {logging_mixin.py:190} INFO - [2025-01-28T06:09:40.147+0000] {dagbag.py:588} INFO - Filling up the DagBag from /home/ubuntu/.local/lib/python3.12/site-packages/airflow/example_dags/example_setup_teardown_taskflow.py
[2025-01-28T06:09:40.158+0000] {processor.py:925} INFO - DAG(s) 'example_setup_teardown_taskflow' retrieved from /home/ubuntu/.local/lib/python3.12/site-packages/airflow/example_dags/example_setup_teardown_taskflow.py
[2025-01-28T06:09:40.175+0000] {logging_mixin.py:190} INFO - [2025-01-28T06:09:40.175+0000] {dag.py:3239} INFO - Sync 1 DAGs
[2025-01-28T06:09:40.186+0000] {logging_mixin.py:190} INFO - [2025-01-28T06:09:40.186+0000] {dag.py:4180} INFO - Setting next_dagrun for example_setup_teardown_taskflow to None, run_after=None
[2025-01-28T06:09:40.209+0000] {processor.py:208} INFO - Processing /home/ubuntu/.local/lib/python3.12/site-packages/airflow/example_dags/example_setup_teardown_taskflow.py took 0.071 seconds
[2025-01-28T06:10:32.215+0000] {processor.py:186} INFO - Started process (PID=2941) to work on /home/ubuntu/.local/lib/python3.12/site-packages/airflow/example_dags/example_setup_teardown_taskflow.py
[2025-01-28T06:10:32.217+0000] {processor.py:914} INFO - Processing file /home/ubuntu/.local/lib/python3.12/site-packages/airflow/example_dags/example_setup_teardown_taskflow.py for tasks to queue
[2025-01-28T06:10:32.220+0000] {logging_mixin.py:190} INFO - [2025-01-28T06:10:32.219+0000] {dagbag.py:588} INFO - Filling up the DagBag from /home/ubuntu/.local/lib/python3.12/site-packages/airflow/example_dags/example_setup_teardown_taskflow.py
[2025-01-28T06:10:32.230+0000] {processor.py:925} INFO - DAG(s) 'example_setup_teardown_taskflow' retrieved from /home/ubuntu/.local/lib/python3.12/site-packages/airflow/example_dags/example_setup_teardown_taskflow.py
[2025-01-28T06:10:32.247+0000] {logging_mixin.py:190} INFO - [2025-01-28T06:10:32.247+0000] {dag.py:3239} INFO - Sync 1 DAGs
[2025-01-28T06:10:32.259+0000] {logging_mixin.py:190} INFO - [2025-01-28T06:10:32.258+0000] {dag.py:4180} INFO - Setting next_dagrun for example_setup_teardown_taskflow to None, run_after=None
[2025-01-28T06:10:32.280+0000] {processor.py:208} INFO - Processing /home/ubuntu/.local/lib/python3.12/site-packages/airflow/example_dags/example_setup_teardown_taskflow.py took 0.070 seconds
[2025-01-28T06:11:26.970+0000] {processor.py:186} INFO - Started process (PID=3005) to work on /home/ubuntu/.local/lib/python3.12/site-packages/airflow/example_dags/example_setup_teardown_taskflow.py
[2025-01-28T06:11:26.972+0000] {processor.py:914} INFO - Processing file /home/ubuntu/.local/lib/python3.12/site-packages/airflow/example_dags/example_setup_teardown_taskflow.py for tasks to queue
[2025-01-28T06:11:26.975+0000] {logging_mixin.py:190} INFO - [2025-01-28T06:11:26.974+0000] {dagbag.py:588} INFO - Filling up the DagBag from /home/ubuntu/.local/lib/python3.12/site-packages/airflow/example_dags/example_setup_teardown_taskflow.py
[2025-01-28T06:11:26.985+0000] {processor.py:925} INFO - DAG(s) 'example_setup_teardown_taskflow' retrieved from /home/ubuntu/.local/lib/python3.12/site-packages/airflow/example_dags/example_setup_teardown_taskflow.py
[2025-01-28T06:11:27.002+0000] {logging_mixin.py:190} INFO - [2025-01-28T06:11:27.002+0000] {dag.py:3239} INFO - Sync 1 DAGs
[2025-01-28T06:11:27.013+0000] {logging_mixin.py:190} INFO - [2025-01-28T06:11:27.013+0000] {dag.py:4180} INFO - Setting next_dagrun for example_setup_teardown_taskflow to None, run_after=None
[2025-01-28T06:11:27.036+0000] {processor.py:208} INFO - Processing /home/ubuntu/.local/lib/python3.12/site-packages/airflow/example_dags/example_setup_teardown_taskflow.py took 0.072 seconds
[2025-01-28T06:12:19.600+0000] {processor.py:186} INFO - Started process (PID=3060) to work on /home/ubuntu/.local/lib/python3.12/site-packages/airflow/example_dags/example_setup_teardown_taskflow.py
[2025-01-28T06:12:19.603+0000] {processor.py:914} INFO - Processing file /home/ubuntu/.local/lib/python3.12/site-packages/airflow/example_dags/example_setup_teardown_taskflow.py for tasks to queue
[2025-01-28T06:12:19.605+0000] {logging_mixin.py:190} INFO - [2025-01-28T06:12:19.605+0000] {dagbag.py:588} INFO - Filling up the DagBag from /home/ubuntu/.local/lib/python3.12/site-packages/airflow/example_dags/example_setup_teardown_taskflow.py
[2025-01-28T06:12:19.616+0000] {processor.py:925} INFO - DAG(s) 'example_setup_teardown_taskflow' retrieved from /home/ubuntu/.local/lib/python3.12/site-packages/airflow/example_dags/example_setup_teardown_taskflow.py
[2025-01-28T06:12:19.633+0000] {logging_mixin.py:190} INFO - [2025-01-28T06:12:19.632+0000] {dag.py:3239} INFO - Sync 1 DAGs
[2025-01-28T06:12:19.644+0000] {logging_mixin.py:190} INFO - [2025-01-28T06:12:19.643+0000] {dag.py:4180} INFO - Setting next_dagrun for example_setup_teardown_taskflow to None, run_after=None
[2025-01-28T06:12:19.667+0000] {processor.py:208} INFO - Processing /home/ubuntu/.local/lib/python3.12/site-packages/airflow/example_dags/example_setup_teardown_taskflow.py took 0.072 seconds
[2025-01-28T06:13:15.162+0000] {processor.py:186} INFO - Started process (PID=3116) to work on /home/ubuntu/.local/lib/python3.12/site-packages/airflow/example_dags/example_setup_teardown_taskflow.py
[2025-01-28T06:13:15.164+0000] {processor.py:914} INFO - Processing file /home/ubuntu/.local/lib/python3.12/site-packages/airflow/example_dags/example_setup_teardown_taskflow.py for tasks to queue
[2025-01-28T06:13:15.166+0000] {logging_mixin.py:190} INFO - [2025-01-28T06:13:15.166+0000] {dagbag.py:588} INFO - Filling up the DagBag from /home/ubuntu/.local/lib/python3.12/site-packages/airflow/example_dags/example_setup_teardown_taskflow.py
[2025-01-28T06:13:15.177+0000] {processor.py:925} INFO - DAG(s) 'example_setup_teardown_taskflow' retrieved from /home/ubuntu/.local/lib/python3.12/site-packages/airflow/example_dags/example_setup_teardown_taskflow.py
[2025-01-28T06:13:15.193+0000] {logging_mixin.py:190} INFO - [2025-01-28T06:13:15.193+0000] {dag.py:3239} INFO - Sync 1 DAGs
[2025-01-28T06:13:15.205+0000] {logging_mixin.py:190} INFO - [2025-01-28T06:13:15.205+0000] {dag.py:4180} INFO - Setting next_dagrun for example_setup_teardown_taskflow to None, run_after=None
[2025-01-28T06:13:15.228+0000] {processor.py:208} INFO - Processing /home/ubuntu/.local/lib/python3.12/site-packages/airflow/example_dags/example_setup_teardown_taskflow.py took 0.071 seconds
[2025-01-28T06:14:07.145+0000] {processor.py:186} INFO - Started process (PID=3171) to work on /home/ubuntu/.local/lib/python3.12/site-packages/airflow/example_dags/example_setup_teardown_taskflow.py
[2025-01-28T06:14:07.147+0000] {processor.py:914} INFO - Processing file /home/ubuntu/.local/lib/python3.12/site-packages/airflow/example_dags/example_setup_teardown_taskflow.py for tasks to queue
[2025-01-28T06:14:07.148+0000] {logging_mixin.py:190} INFO - [2025-01-28T06:14:07.148+0000] {dagbag.py:588} INFO - Filling up the DagBag from /home/ubuntu/.local/lib/python3.12/site-packages/airflow/example_dags/example_setup_teardown_taskflow.py
[2025-01-28T06:14:07.159+0000] {processor.py:925} INFO - DAG(s) 'example_setup_teardown_taskflow' retrieved from /home/ubuntu/.local/lib/python3.12/site-packages/airflow/example_dags/example_setup_teardown_taskflow.py
[2025-01-28T06:14:07.177+0000] {logging_mixin.py:190} INFO - [2025-01-28T06:14:07.177+0000] {dag.py:3239} INFO - Sync 1 DAGs
[2025-01-28T06:14:07.188+0000] {logging_mixin.py:190} INFO - [2025-01-28T06:14:07.188+0000] {dag.py:4180} INFO - Setting next_dagrun for example_setup_teardown_taskflow to None, run_after=None
[2025-01-28T06:14:07.217+0000] {processor.py:208} INFO - Processing /home/ubuntu/.local/lib/python3.12/site-packages/airflow/example_dags/example_setup_teardown_taskflow.py took 0.078 seconds
[2025-01-28T06:14:59.792+0000] {processor.py:186} INFO - Started process (PID=3226) to work on /home/ubuntu/.local/lib/python3.12/site-packages/airflow/example_dags/example_setup_teardown_taskflow.py
[2025-01-28T06:14:59.793+0000] {processor.py:914} INFO - Processing file /home/ubuntu/.local/lib/python3.12/site-packages/airflow/example_dags/example_setup_teardown_taskflow.py for tasks to queue
[2025-01-28T06:14:59.796+0000] {logging_mixin.py:190} INFO - [2025-01-28T06:14:59.795+0000] {dagbag.py:588} INFO - Filling up the DagBag from /home/ubuntu/.local/lib/python3.12/site-packages/airflow/example_dags/example_setup_teardown_taskflow.py
[2025-01-28T06:14:59.806+0000] {processor.py:925} INFO - DAG(s) 'example_setup_teardown_taskflow' retrieved from /home/ubuntu/.local/lib/python3.12/site-packages/airflow/example_dags/example_setup_teardown_taskflow.py
[2025-01-28T06:14:59.823+0000] {logging_mixin.py:190} INFO - [2025-01-28T06:14:59.822+0000] {dag.py:3239} INFO - Sync 1 DAGs
[2025-01-28T06:14:59.834+0000] {logging_mixin.py:190} INFO - [2025-01-28T06:14:59.834+0000] {dag.py:4180} INFO - Setting next_dagrun for example_setup_teardown_taskflow to None, run_after=None
[2025-01-28T06:14:59.857+0000] {processor.py:208} INFO - Processing /home/ubuntu/.local/lib/python3.12/site-packages/airflow/example_dags/example_setup_teardown_taskflow.py took 0.070 seconds
[2025-01-28T06:15:53.777+0000] {processor.py:186} INFO - Started process (PID=3285) to work on /home/ubuntu/.local/lib/python3.12/site-packages/airflow/example_dags/example_setup_teardown_taskflow.py
[2025-01-28T06:15:53.780+0000] {processor.py:914} INFO - Processing file /home/ubuntu/.local/lib/python3.12/site-packages/airflow/example_dags/example_setup_teardown_taskflow.py for tasks to queue
[2025-01-28T06:15:53.781+0000] {logging_mixin.py:190} INFO - [2025-01-28T06:15:53.781+0000] {dagbag.py:588} INFO - Filling up the DagBag from /home/ubuntu/.local/lib/python3.12/site-packages/airflow/example_dags/example_setup_teardown_taskflow.py
[2025-01-28T06:15:53.792+0000] {processor.py:925} INFO - DAG(s) 'example_setup_teardown_taskflow' retrieved from /home/ubuntu/.local/lib/python3.12/site-packages/airflow/example_dags/example_setup_teardown_taskflow.py
[2025-01-28T06:15:53.809+0000] {logging_mixin.py:190} INFO - [2025-01-28T06:15:53.809+0000] {dag.py:3239} INFO - Sync 1 DAGs
[2025-01-28T06:15:53.820+0000] {logging_mixin.py:190} INFO - [2025-01-28T06:15:53.820+0000] {dag.py:4180} INFO - Setting next_dagrun for example_setup_teardown_taskflow to None, run_after=None
[2025-01-28T06:15:53.843+0000] {processor.py:208} INFO - Processing /home/ubuntu/.local/lib/python3.12/site-packages/airflow/example_dags/example_setup_teardown_taskflow.py took 0.071 seconds
[2025-01-28T06:16:45.320+0000] {processor.py:186} INFO - Started process (PID=3340) to work on /home/ubuntu/.local/lib/python3.12/site-packages/airflow/example_dags/example_setup_teardown_taskflow.py
[2025-01-28T06:16:45.322+0000] {processor.py:914} INFO - Processing file /home/ubuntu/.local/lib/python3.12/site-packages/airflow/example_dags/example_setup_teardown_taskflow.py for tasks to queue
[2025-01-28T06:16:45.324+0000] {logging_mixin.py:190} INFO - [2025-01-28T06:16:45.324+0000] {dagbag.py:588} INFO - Filling up the DagBag from /home/ubuntu/.local/lib/python3.12/site-packages/airflow/example_dags/example_setup_teardown_taskflow.py
[2025-01-28T06:16:45.335+0000] {processor.py:925} INFO - DAG(s) 'example_setup_teardown_taskflow' retrieved from /home/ubuntu/.local/lib/python3.12/site-packages/airflow/example_dags/example_setup_teardown_taskflow.py
[2025-01-28T06:16:45.352+0000] {logging_mixin.py:190} INFO - [2025-01-28T06:16:45.352+0000] {dag.py:3239} INFO - Sync 1 DAGs
[2025-01-28T06:16:45.363+0000] {logging_mixin.py:190} INFO - [2025-01-28T06:16:45.362+0000] {dag.py:4180} INFO - Setting next_dagrun for example_setup_teardown_taskflow to None, run_after=None
[2025-01-28T06:16:45.386+0000] {processor.py:208} INFO - Processing /home/ubuntu/.local/lib/python3.12/site-packages/airflow/example_dags/example_setup_teardown_taskflow.py took 0.071 seconds
[2025-01-28T06:17:39.429+0000] {processor.py:186} INFO - Started process (PID=3399) to work on /home/ubuntu/.local/lib/python3.12/site-packages/airflow/example_dags/example_setup_teardown_taskflow.py
[2025-01-28T06:17:39.432+0000] {processor.py:914} INFO - Processing file /home/ubuntu/.local/lib/python3.12/site-packages/airflow/example_dags/example_setup_teardown_taskflow.py for tasks to queue
[2025-01-28T06:17:39.434+0000] {logging_mixin.py:190} INFO - [2025-01-28T06:17:39.433+0000] {dagbag.py:588} INFO - Filling up the DagBag from /home/ubuntu/.local/lib/python3.12/site-packages/airflow/example_dags/example_setup_teardown_taskflow.py
[2025-01-28T06:17:39.444+0000] {processor.py:925} INFO - DAG(s) 'example_setup_teardown_taskflow' retrieved from /home/ubuntu/.local/lib/python3.12/site-packages/airflow/example_dags/example_setup_teardown_taskflow.py
[2025-01-28T06:17:39.467+0000] {logging_mixin.py:190} INFO - [2025-01-28T06:17:39.466+0000] {dag.py:3239} INFO - Sync 1 DAGs
[2025-01-28T06:17:39.478+0000] {logging_mixin.py:190} INFO - [2025-01-28T06:17:39.478+0000] {dag.py:4180} INFO - Setting next_dagrun for example_setup_teardown_taskflow to None, run_after=None
[2025-01-28T06:17:39.501+0000] {processor.py:208} INFO - Processing /home/ubuntu/.local/lib/python3.12/site-packages/airflow/example_dags/example_setup_teardown_taskflow.py took 0.076 seconds
[2025-01-28T06:18:46.886+0000] {processor.py:186} INFO - Started process (PID=3509) to work on /home/ubuntu/.local/lib/python3.12/site-packages/airflow/example_dags/example_setup_teardown_taskflow.py
[2025-01-28T06:18:46.888+0000] {processor.py:914} INFO - Processing file /home/ubuntu/.local/lib/python3.12/site-packages/airflow/example_dags/example_setup_teardown_taskflow.py for tasks to queue
[2025-01-28T06:18:46.890+0000] {logging_mixin.py:190} INFO - [2025-01-28T06:18:46.890+0000] {dagbag.py:588} INFO - Filling up the DagBag from /home/ubuntu/.local/lib/python3.12/site-packages/airflow/example_dags/example_setup_teardown_taskflow.py
[2025-01-28T06:18:46.906+0000] {processor.py:925} INFO - DAG(s) 'example_setup_teardown_taskflow' retrieved from /home/ubuntu/.local/lib/python3.12/site-packages/airflow/example_dags/example_setup_teardown_taskflow.py
[2025-01-28T06:18:46.925+0000] {logging_mixin.py:190} INFO - [2025-01-28T06:18:46.924+0000] {dag.py:3239} INFO - Sync 1 DAGs
[2025-01-28T06:18:46.936+0000] {logging_mixin.py:190} INFO - [2025-01-28T06:18:46.936+0000] {dag.py:4180} INFO - Setting next_dagrun for example_setup_teardown_taskflow to None, run_after=None
[2025-01-28T06:18:46.960+0000] {processor.py:208} INFO - Processing /home/ubuntu/.local/lib/python3.12/site-packages/airflow/example_dags/example_setup_teardown_taskflow.py took 0.078 seconds
[2025-01-28T06:19:34.986+0000] {processor.py:186} INFO - Started process (PID=3561) to work on /home/ubuntu/.local/lib/python3.12/site-packages/airflow/example_dags/example_setup_teardown_taskflow.py
[2025-01-28T06:19:34.987+0000] {processor.py:914} INFO - Processing file /home/ubuntu/.local/lib/python3.12/site-packages/airflow/example_dags/example_setup_teardown_taskflow.py for tasks to queue
[2025-01-28T06:19:34.990+0000] {logging_mixin.py:190} INFO - [2025-01-28T06:19:34.989+0000] {dagbag.py:588} INFO - Filling up the DagBag from /home/ubuntu/.local/lib/python3.12/site-packages/airflow/example_dags/example_setup_teardown_taskflow.py
[2025-01-28T06:19:35.000+0000] {processor.py:925} INFO - DAG(s) 'example_setup_teardown_taskflow' retrieved from /home/ubuntu/.local/lib/python3.12/site-packages/airflow/example_dags/example_setup_teardown_taskflow.py
[2025-01-28T06:19:35.017+0000] {logging_mixin.py:190} INFO - [2025-01-28T06:19:35.017+0000] {dag.py:3239} INFO - Sync 1 DAGs
[2025-01-28T06:19:35.029+0000] {logging_mixin.py:190} INFO - [2025-01-28T06:19:35.028+0000] {dag.py:4180} INFO - Setting next_dagrun for example_setup_teardown_taskflow to None, run_after=None
[2025-01-28T06:19:35.053+0000] {processor.py:208} INFO - Processing /home/ubuntu/.local/lib/python3.12/site-packages/airflow/example_dags/example_setup_teardown_taskflow.py took 0.072 seconds
[2025-01-28T06:20:31.888+0000] {processor.py:186} INFO - Started process (PID=3625) to work on /home/ubuntu/.local/lib/python3.12/site-packages/airflow/example_dags/example_setup_teardown_taskflow.py
[2025-01-28T06:20:31.890+0000] {processor.py:914} INFO - Processing file /home/ubuntu/.local/lib/python3.12/site-packages/airflow/example_dags/example_setup_teardown_taskflow.py for tasks to queue
[2025-01-28T06:20:31.892+0000] {logging_mixin.py:190} INFO - [2025-01-28T06:20:31.892+0000] {dagbag.py:588} INFO - Filling up the DagBag from /home/ubuntu/.local/lib/python3.12/site-packages/airflow/example_dags/example_setup_teardown_taskflow.py
[2025-01-28T06:20:31.902+0000] {processor.py:925} INFO - DAG(s) 'example_setup_teardown_taskflow' retrieved from /home/ubuntu/.local/lib/python3.12/site-packages/airflow/example_dags/example_setup_teardown_taskflow.py
[2025-01-28T06:20:31.919+0000] {logging_mixin.py:190} INFO - [2025-01-28T06:20:31.919+0000] {dag.py:3239} INFO - Sync 1 DAGs
[2025-01-28T06:20:31.931+0000] {logging_mixin.py:190} INFO - [2025-01-28T06:20:31.931+0000] {dag.py:4180} INFO - Setting next_dagrun for example_setup_teardown_taskflow to None, run_after=None
[2025-01-28T06:20:31.954+0000] {processor.py:208} INFO - Processing /home/ubuntu/.local/lib/python3.12/site-packages/airflow/example_dags/example_setup_teardown_taskflow.py took 0.072 seconds
[2025-01-28T06:21:26.489+0000] {processor.py:186} INFO - Started process (PID=3809) to work on /home/ubuntu/.local/lib/python3.12/site-packages/airflow/example_dags/example_setup_teardown_taskflow.py
[2025-01-28T06:21:26.490+0000] {processor.py:914} INFO - Processing file /home/ubuntu/.local/lib/python3.12/site-packages/airflow/example_dags/example_setup_teardown_taskflow.py for tasks to queue
[2025-01-28T06:21:26.492+0000] {logging_mixin.py:190} INFO - [2025-01-28T06:21:26.492+0000] {dagbag.py:588} INFO - Filling up the DagBag from /home/ubuntu/.local/lib/python3.12/site-packages/airflow/example_dags/example_setup_teardown_taskflow.py
[2025-01-28T06:21:26.503+0000] {processor.py:925} INFO - DAG(s) 'example_setup_teardown_taskflow' retrieved from /home/ubuntu/.local/lib/python3.12/site-packages/airflow/example_dags/example_setup_teardown_taskflow.py
[2025-01-28T06:21:26.519+0000] {logging_mixin.py:190} INFO - [2025-01-28T06:21:26.519+0000] {dag.py:3239} INFO - Sync 1 DAGs
[2025-01-28T06:21:26.530+0000] {logging_mixin.py:190} INFO - [2025-01-28T06:21:26.530+0000] {dag.py:4180} INFO - Setting next_dagrun for example_setup_teardown_taskflow to None, run_after=None
[2025-01-28T06:21:26.552+0000] {processor.py:208} INFO - Processing /home/ubuntu/.local/lib/python3.12/site-packages/airflow/example_dags/example_setup_teardown_taskflow.py took 0.067 seconds
[2025-01-28T06:22:21.840+0000] {processor.py:186} INFO - Started process (PID=3881) to work on /home/ubuntu/.local/lib/python3.12/site-packages/airflow/example_dags/example_setup_teardown_taskflow.py
[2025-01-28T06:22:21.843+0000] {processor.py:914} INFO - Processing file /home/ubuntu/.local/lib/python3.12/site-packages/airflow/example_dags/example_setup_teardown_taskflow.py for tasks to queue
[2025-01-28T06:22:21.845+0000] {logging_mixin.py:190} INFO - [2025-01-28T06:22:21.845+0000] {dagbag.py:588} INFO - Filling up the DagBag from /home/ubuntu/.local/lib/python3.12/site-packages/airflow/example_dags/example_setup_teardown_taskflow.py
[2025-01-28T06:22:21.856+0000] {processor.py:925} INFO - DAG(s) 'example_setup_teardown_taskflow' retrieved from /home/ubuntu/.local/lib/python3.12/site-packages/airflow/example_dags/example_setup_teardown_taskflow.py
[2025-01-28T06:22:21.874+0000] {logging_mixin.py:190} INFO - [2025-01-28T06:22:21.874+0000] {dag.py:3239} INFO - Sync 1 DAGs
[2025-01-28T06:22:21.885+0000] {logging_mixin.py:190} INFO - [2025-01-28T06:22:21.885+0000] {dag.py:4180} INFO - Setting next_dagrun for example_setup_teardown_taskflow to None, run_after=None
[2025-01-28T06:22:21.908+0000] {processor.py:208} INFO - Processing /home/ubuntu/.local/lib/python3.12/site-packages/airflow/example_dags/example_setup_teardown_taskflow.py took 0.073 seconds
[2025-01-28T06:23:17.326+0000] {processor.py:186} INFO - Started process (PID=4303) to work on /home/ubuntu/.local/lib/python3.12/site-packages/airflow/example_dags/example_setup_teardown_taskflow.py
[2025-01-28T06:23:17.328+0000] {processor.py:914} INFO - Processing file /home/ubuntu/.local/lib/python3.12/site-packages/airflow/example_dags/example_setup_teardown_taskflow.py for tasks to queue
[2025-01-28T06:23:17.330+0000] {logging_mixin.py:190} INFO - [2025-01-28T06:23:17.330+0000] {dagbag.py:588} INFO - Filling up the DagBag from /home/ubuntu/.local/lib/python3.12/site-packages/airflow/example_dags/example_setup_teardown_taskflow.py
[2025-01-28T06:23:17.342+0000] {processor.py:925} INFO - DAG(s) 'example_setup_teardown_taskflow' retrieved from /home/ubuntu/.local/lib/python3.12/site-packages/airflow/example_dags/example_setup_teardown_taskflow.py
[2025-01-28T06:23:17.361+0000] {logging_mixin.py:190} INFO - [2025-01-28T06:23:17.361+0000] {dag.py:3239} INFO - Sync 1 DAGs
[2025-01-28T06:23:17.372+0000] {logging_mixin.py:190} INFO - [2025-01-28T06:23:17.372+0000] {dag.py:4180} INFO - Setting next_dagrun for example_setup_teardown_taskflow to None, run_after=None
[2025-01-28T06:23:17.393+0000] {processor.py:208} INFO - Processing /home/ubuntu/.local/lib/python3.12/site-packages/airflow/example_dags/example_setup_teardown_taskflow.py took 0.072 seconds
[2025-01-28T06:24:11.528+0000] {processor.py:186} INFO - Started process (PID=4508) to work on /home/ubuntu/.local/lib/python3.12/site-packages/airflow/example_dags/example_setup_teardown_taskflow.py
[2025-01-28T06:24:11.530+0000] {processor.py:914} INFO - Processing file /home/ubuntu/.local/lib/python3.12/site-packages/airflow/example_dags/example_setup_teardown_taskflow.py for tasks to queue
[2025-01-28T06:24:11.532+0000] {logging_mixin.py:190} INFO - [2025-01-28T06:24:11.532+0000] {dagbag.py:588} INFO - Filling up the DagBag from /home/ubuntu/.local/lib/python3.12/site-packages/airflow/example_dags/example_setup_teardown_taskflow.py
[2025-01-28T06:24:11.543+0000] {processor.py:925} INFO - DAG(s) 'example_setup_teardown_taskflow' retrieved from /home/ubuntu/.local/lib/python3.12/site-packages/airflow/example_dags/example_setup_teardown_taskflow.py
[2025-01-28T06:24:11.559+0000] {logging_mixin.py:190} INFO - [2025-01-28T06:24:11.559+0000] {dag.py:3239} INFO - Sync 1 DAGs
[2025-01-28T06:24:11.571+0000] {logging_mixin.py:190} INFO - [2025-01-28T06:24:11.571+0000] {dag.py:4180} INFO - Setting next_dagrun for example_setup_teardown_taskflow to None, run_after=None
[2025-01-28T06:24:11.590+0000] {processor.py:208} INFO - Processing /home/ubuntu/.local/lib/python3.12/site-packages/airflow/example_dags/example_setup_teardown_taskflow.py took 0.067 seconds
[2025-01-28T06:25:06.062+0000] {processor.py:186} INFO - Started process (PID=4936) to work on /home/ubuntu/.local/lib/python3.12/site-packages/airflow/example_dags/example_setup_teardown_taskflow.py
[2025-01-28T06:25:06.063+0000] {processor.py:914} INFO - Processing file /home/ubuntu/.local/lib/python3.12/site-packages/airflow/example_dags/example_setup_teardown_taskflow.py for tasks to queue
[2025-01-28T06:25:06.066+0000] {logging_mixin.py:190} INFO - [2025-01-28T06:25:06.066+0000] {dagbag.py:588} INFO - Filling up the DagBag from /home/ubuntu/.local/lib/python3.12/site-packages/airflow/example_dags/example_setup_teardown_taskflow.py
[2025-01-28T06:25:06.078+0000] {processor.py:925} INFO - DAG(s) 'example_setup_teardown_taskflow' retrieved from /home/ubuntu/.local/lib/python3.12/site-packages/airflow/example_dags/example_setup_teardown_taskflow.py
[2025-01-28T06:25:06.095+0000] {logging_mixin.py:190} INFO - [2025-01-28T06:25:06.095+0000] {dag.py:3239} INFO - Sync 1 DAGs
[2025-01-28T06:25:06.107+0000] {logging_mixin.py:190} INFO - [2025-01-28T06:25:06.107+0000] {dag.py:4180} INFO - Setting next_dagrun for example_setup_teardown_taskflow to None, run_after=None
[2025-01-28T06:25:06.127+0000] {processor.py:208} INFO - Processing /home/ubuntu/.local/lib/python3.12/site-packages/airflow/example_dags/example_setup_teardown_taskflow.py took 0.072 seconds
[2025-01-28T06:25:59.873+0000] {processor.py:186} INFO - Started process (PID=5098) to work on /home/ubuntu/.local/lib/python3.12/site-packages/airflow/example_dags/example_setup_teardown_taskflow.py
[2025-01-28T06:25:59.874+0000] {processor.py:914} INFO - Processing file /home/ubuntu/.local/lib/python3.12/site-packages/airflow/example_dags/example_setup_teardown_taskflow.py for tasks to queue
[2025-01-28T06:25:59.877+0000] {logging_mixin.py:190} INFO - [2025-01-28T06:25:59.876+0000] {dagbag.py:588} INFO - Filling up the DagBag from /home/ubuntu/.local/lib/python3.12/site-packages/airflow/example_dags/example_setup_teardown_taskflow.py
[2025-01-28T06:25:59.887+0000] {processor.py:925} INFO - DAG(s) 'example_setup_teardown_taskflow' retrieved from /home/ubuntu/.local/lib/python3.12/site-packages/airflow/example_dags/example_setup_teardown_taskflow.py
[2025-01-28T06:25:59.903+0000] {logging_mixin.py:190} INFO - [2025-01-28T06:25:59.903+0000] {dag.py:3239} INFO - Sync 1 DAGs
[2025-01-28T06:25:59.916+0000] {logging_mixin.py:190} INFO - [2025-01-28T06:25:59.916+0000] {dag.py:4180} INFO - Setting next_dagrun for example_setup_teardown_taskflow to None, run_after=None
[2025-01-28T06:25:59.936+0000] {processor.py:208} INFO - Processing /home/ubuntu/.local/lib/python3.12/site-packages/airflow/example_dags/example_setup_teardown_taskflow.py took 0.069 seconds
[2025-01-28T06:26:55.291+0000] {processor.py:186} INFO - Started process (PID=5193) to work on /home/ubuntu/.local/lib/python3.12/site-packages/airflow/example_dags/example_setup_teardown_taskflow.py
[2025-01-28T06:26:55.293+0000] {processor.py:914} INFO - Processing file /home/ubuntu/.local/lib/python3.12/site-packages/airflow/example_dags/example_setup_teardown_taskflow.py for tasks to queue
[2025-01-28T06:26:55.295+0000] {logging_mixin.py:190} INFO - [2025-01-28T06:26:55.295+0000] {dagbag.py:588} INFO - Filling up the DagBag from /home/ubuntu/.local/lib/python3.12/site-packages/airflow/example_dags/example_setup_teardown_taskflow.py
[2025-01-28T06:26:55.306+0000] {processor.py:925} INFO - DAG(s) 'example_setup_teardown_taskflow' retrieved from /home/ubuntu/.local/lib/python3.12/site-packages/airflow/example_dags/example_setup_teardown_taskflow.py
[2025-01-28T06:26:55.322+0000] {logging_mixin.py:190} INFO - [2025-01-28T06:26:55.322+0000] {dag.py:3239} INFO - Sync 1 DAGs
[2025-01-28T06:26:55.333+0000] {logging_mixin.py:190} INFO - [2025-01-28T06:26:55.333+0000] {dag.py:4180} INFO - Setting next_dagrun for example_setup_teardown_taskflow to None, run_after=None
[2025-01-28T06:26:55.353+0000] {processor.py:208} INFO - Processing /home/ubuntu/.local/lib/python3.12/site-packages/airflow/example_dags/example_setup_teardown_taskflow.py took 0.067 seconds
[2025-01-28T06:27:46.648+0000] {processor.py:186} INFO - Started process (PID=5248) to work on /home/ubuntu/.local/lib/python3.12/site-packages/airflow/example_dags/example_setup_teardown_taskflow.py
[2025-01-28T06:27:46.650+0000] {processor.py:914} INFO - Processing file /home/ubuntu/.local/lib/python3.12/site-packages/airflow/example_dags/example_setup_teardown_taskflow.py for tasks to queue
[2025-01-28T06:27:46.652+0000] {logging_mixin.py:190} INFO - [2025-01-28T06:27:46.652+0000] {dagbag.py:588} INFO - Filling up the DagBag from /home/ubuntu/.local/lib/python3.12/site-packages/airflow/example_dags/example_setup_teardown_taskflow.py
[2025-01-28T06:27:46.662+0000] {processor.py:925} INFO - DAG(s) 'example_setup_teardown_taskflow' retrieved from /home/ubuntu/.local/lib/python3.12/site-packages/airflow/example_dags/example_setup_teardown_taskflow.py
[2025-01-28T06:27:46.680+0000] {logging_mixin.py:190} INFO - [2025-01-28T06:27:46.679+0000] {dag.py:3239} INFO - Sync 1 DAGs
[2025-01-28T06:27:46.690+0000] {logging_mixin.py:190} INFO - [2025-01-28T06:27:46.690+0000] {dag.py:4180} INFO - Setting next_dagrun for example_setup_teardown_taskflow to None, run_after=None
[2025-01-28T06:27:46.710+0000] {processor.py:208} INFO - Processing /home/ubuntu/.local/lib/python3.12/site-packages/airflow/example_dags/example_setup_teardown_taskflow.py took 0.067 seconds
[2025-01-28T06:28:40.195+0000] {processor.py:186} INFO - Started process (PID=5458) to work on /home/ubuntu/.local/lib/python3.12/site-packages/airflow/example_dags/example_setup_teardown_taskflow.py
[2025-01-28T06:28:40.196+0000] {processor.py:914} INFO - Processing file /home/ubuntu/.local/lib/python3.12/site-packages/airflow/example_dags/example_setup_teardown_taskflow.py for tasks to queue
[2025-01-28T06:28:40.198+0000] {logging_mixin.py:190} INFO - [2025-01-28T06:28:40.198+0000] {dagbag.py:588} INFO - Filling up the DagBag from /home/ubuntu/.local/lib/python3.12/site-packages/airflow/example_dags/example_setup_teardown_taskflow.py
[2025-01-28T06:28:40.209+0000] {processor.py:925} INFO - DAG(s) 'example_setup_teardown_taskflow' retrieved from /home/ubuntu/.local/lib/python3.12/site-packages/airflow/example_dags/example_setup_teardown_taskflow.py
[2025-01-28T06:28:40.227+0000] {logging_mixin.py:190} INFO - [2025-01-28T06:28:40.226+0000] {dag.py:3239} INFO - Sync 1 DAGs
[2025-01-28T06:28:40.238+0000] {logging_mixin.py:190} INFO - [2025-01-28T06:28:40.238+0000] {dag.py:4180} INFO - Setting next_dagrun for example_setup_teardown_taskflow to None, run_after=None
[2025-01-28T06:28:40.261+0000] {processor.py:208} INFO - Processing /home/ubuntu/.local/lib/python3.12/site-packages/airflow/example_dags/example_setup_teardown_taskflow.py took 0.072 seconds
[2025-01-28T06:29:34.972+0000] {processor.py:186} INFO - Started process (PID=5577) to work on /home/ubuntu/.local/lib/python3.12/site-packages/airflow/example_dags/example_setup_teardown_taskflow.py
[2025-01-28T06:29:34.974+0000] {processor.py:914} INFO - Processing file /home/ubuntu/.local/lib/python3.12/site-packages/airflow/example_dags/example_setup_teardown_taskflow.py for tasks to queue
[2025-01-28T06:29:34.976+0000] {logging_mixin.py:190} INFO - [2025-01-28T06:29:34.976+0000] {dagbag.py:588} INFO - Filling up the DagBag from /home/ubuntu/.local/lib/python3.12/site-packages/airflow/example_dags/example_setup_teardown_taskflow.py
[2025-01-28T06:29:34.987+0000] {processor.py:925} INFO - DAG(s) 'example_setup_teardown_taskflow' retrieved from /home/ubuntu/.local/lib/python3.12/site-packages/airflow/example_dags/example_setup_teardown_taskflow.py
[2025-01-28T06:29:35.003+0000] {logging_mixin.py:190} INFO - [2025-01-28T06:29:35.003+0000] {dag.py:3239} INFO - Sync 1 DAGs
[2025-01-28T06:29:35.014+0000] {logging_mixin.py:190} INFO - [2025-01-28T06:29:35.014+0000] {dag.py:4180} INFO - Setting next_dagrun for example_setup_teardown_taskflow to None, run_after=None
[2025-01-28T06:29:35.038+0000] {processor.py:208} INFO - Processing /home/ubuntu/.local/lib/python3.12/site-packages/airflow/example_dags/example_setup_teardown_taskflow.py took 0.071 seconds
[2025-01-28T06:30:30.326+0000] {processor.py:186} INFO - Started process (PID=5639) to work on /home/ubuntu/.local/lib/python3.12/site-packages/airflow/example_dags/example_setup_teardown_taskflow.py
[2025-01-28T06:30:30.327+0000] {processor.py:914} INFO - Processing file /home/ubuntu/.local/lib/python3.12/site-packages/airflow/example_dags/example_setup_teardown_taskflow.py for tasks to queue
[2025-01-28T06:30:30.329+0000] {logging_mixin.py:190} INFO - [2025-01-28T06:30:30.329+0000] {dagbag.py:588} INFO - Filling up the DagBag from /home/ubuntu/.local/lib/python3.12/site-packages/airflow/example_dags/example_setup_teardown_taskflow.py
[2025-01-28T06:30:30.340+0000] {processor.py:925} INFO - DAG(s) 'example_setup_teardown_taskflow' retrieved from /home/ubuntu/.local/lib/python3.12/site-packages/airflow/example_dags/example_setup_teardown_taskflow.py
[2025-01-28T06:30:30.356+0000] {logging_mixin.py:190} INFO - [2025-01-28T06:30:30.356+0000] {dag.py:3239} INFO - Sync 1 DAGs
[2025-01-28T06:30:30.368+0000] {logging_mixin.py:190} INFO - [2025-01-28T06:30:30.368+0000] {dag.py:4180} INFO - Setting next_dagrun for example_setup_teardown_taskflow to None, run_after=None
[2025-01-28T06:30:30.390+0000] {processor.py:208} INFO - Processing /home/ubuntu/.local/lib/python3.12/site-packages/airflow/example_dags/example_setup_teardown_taskflow.py took 0.070 seconds
[2025-01-28T06:31:50.341+0000] {processor.py:186} INFO - Started process (PID=5770) to work on /home/ubuntu/.local/lib/python3.12/site-packages/airflow/example_dags/example_setup_teardown_taskflow.py
[2025-01-28T06:31:50.344+0000] {processor.py:914} INFO - Processing file /home/ubuntu/.local/lib/python3.12/site-packages/airflow/example_dags/example_setup_teardown_taskflow.py for tasks to queue
[2025-01-28T06:31:50.346+0000] {logging_mixin.py:190} INFO - [2025-01-28T06:31:50.346+0000] {dagbag.py:588} INFO - Filling up the DagBag from /home/ubuntu/.local/lib/python3.12/site-packages/airflow/example_dags/example_setup_teardown_taskflow.py
[2025-01-28T06:31:50.356+0000] {processor.py:925} INFO - DAG(s) 'example_setup_teardown_taskflow' retrieved from /home/ubuntu/.local/lib/python3.12/site-packages/airflow/example_dags/example_setup_teardown_taskflow.py
[2025-01-28T06:31:50.376+0000] {logging_mixin.py:190} INFO - [2025-01-28T06:31:50.375+0000] {dag.py:3239} INFO - Sync 1 DAGs
[2025-01-28T06:31:50.387+0000] {logging_mixin.py:190} INFO - [2025-01-28T06:31:50.387+0000] {dag.py:4180} INFO - Setting next_dagrun for example_setup_teardown_taskflow to None, run_after=None
[2025-01-28T06:31:50.411+0000] {processor.py:208} INFO - Processing /home/ubuntu/.local/lib/python3.12/site-packages/airflow/example_dags/example_setup_teardown_taskflow.py took 0.076 seconds
[2025-01-28T06:32:48.278+0000] {processor.py:186} INFO - Started process (PID=5829) to work on /home/ubuntu/.local/lib/python3.12/site-packages/airflow/example_dags/example_setup_teardown_taskflow.py
[2025-01-28T06:32:48.280+0000] {processor.py:914} INFO - Processing file /home/ubuntu/.local/lib/python3.12/site-packages/airflow/example_dags/example_setup_teardown_taskflow.py for tasks to queue
[2025-01-28T06:32:48.282+0000] {logging_mixin.py:190} INFO - [2025-01-28T06:32:48.281+0000] {dagbag.py:588} INFO - Filling up the DagBag from /home/ubuntu/.local/lib/python3.12/site-packages/airflow/example_dags/example_setup_teardown_taskflow.py
[2025-01-28T06:32:48.292+0000] {processor.py:925} INFO - DAG(s) 'example_setup_teardown_taskflow' retrieved from /home/ubuntu/.local/lib/python3.12/site-packages/airflow/example_dags/example_setup_teardown_taskflow.py
[2025-01-28T06:32:48.309+0000] {logging_mixin.py:190} INFO - [2025-01-28T06:32:48.309+0000] {dag.py:3239} INFO - Sync 1 DAGs
[2025-01-28T06:32:48.321+0000] {logging_mixin.py:190} INFO - [2025-01-28T06:32:48.321+0000] {dag.py:4180} INFO - Setting next_dagrun for example_setup_teardown_taskflow to None, run_after=None
[2025-01-28T06:32:48.343+0000] {processor.py:208} INFO - Processing /home/ubuntu/.local/lib/python3.12/site-packages/airflow/example_dags/example_setup_teardown_taskflow.py took 0.071 seconds
[2025-01-28T06:33:48.958+0000] {processor.py:186} INFO - Started process (PID=5894) to work on /home/ubuntu/.local/lib/python3.12/site-packages/airflow/example_dags/example_setup_teardown_taskflow.py
[2025-01-28T06:33:48.959+0000] {processor.py:914} INFO - Processing file /home/ubuntu/.local/lib/python3.12/site-packages/airflow/example_dags/example_setup_teardown_taskflow.py for tasks to queue
[2025-01-28T06:33:48.961+0000] {logging_mixin.py:190} INFO - [2025-01-28T06:33:48.961+0000] {dagbag.py:588} INFO - Filling up the DagBag from /home/ubuntu/.local/lib/python3.12/site-packages/airflow/example_dags/example_setup_teardown_taskflow.py
[2025-01-28T06:33:48.973+0000] {processor.py:925} INFO - DAG(s) 'example_setup_teardown_taskflow' retrieved from /home/ubuntu/.local/lib/python3.12/site-packages/airflow/example_dags/example_setup_teardown_taskflow.py
[2025-01-28T06:33:48.991+0000] {logging_mixin.py:190} INFO - [2025-01-28T06:33:48.991+0000] {dag.py:3239} INFO - Sync 1 DAGs
[2025-01-28T06:33:49.002+0000] {logging_mixin.py:190} INFO - [2025-01-28T06:33:49.002+0000] {dag.py:4180} INFO - Setting next_dagrun for example_setup_teardown_taskflow to None, run_after=None
[2025-01-28T06:33:49.027+0000] {processor.py:208} INFO - Processing /home/ubuntu/.local/lib/python3.12/site-packages/airflow/example_dags/example_setup_teardown_taskflow.py took 0.073 seconds
[2025-01-28T06:34:45.249+0000] {processor.py:186} INFO - Started process (PID=5953) to work on /home/ubuntu/.local/lib/python3.12/site-packages/airflow/example_dags/example_setup_teardown_taskflow.py
[2025-01-28T06:34:45.250+0000] {processor.py:914} INFO - Processing file /home/ubuntu/.local/lib/python3.12/site-packages/airflow/example_dags/example_setup_teardown_taskflow.py for tasks to queue
[2025-01-28T06:34:45.253+0000] {logging_mixin.py:190} INFO - [2025-01-28T06:34:45.252+0000] {dagbag.py:588} INFO - Filling up the DagBag from /home/ubuntu/.local/lib/python3.12/site-packages/airflow/example_dags/example_setup_teardown_taskflow.py
[2025-01-28T06:34:45.263+0000] {processor.py:925} INFO - DAG(s) 'example_setup_teardown_taskflow' retrieved from /home/ubuntu/.local/lib/python3.12/site-packages/airflow/example_dags/example_setup_teardown_taskflow.py
[2025-01-28T06:34:45.280+0000] {logging_mixin.py:190} INFO - [2025-01-28T06:34:45.280+0000] {dag.py:3239} INFO - Sync 1 DAGs
[2025-01-28T06:34:45.292+0000] {logging_mixin.py:190} INFO - [2025-01-28T06:34:45.292+0000] {dag.py:4180} INFO - Setting next_dagrun for example_setup_teardown_taskflow to None, run_after=None
[2025-01-28T06:34:45.314+0000] {processor.py:208} INFO - Processing /home/ubuntu/.local/lib/python3.12/site-packages/airflow/example_dags/example_setup_teardown_taskflow.py took 0.070 seconds
[2025-01-28T06:35:40.759+0000] {processor.py:186} INFO - Started process (PID=6013) to work on /home/ubuntu/.local/lib/python3.12/site-packages/airflow/example_dags/example_setup_teardown_taskflow.py
[2025-01-28T06:35:40.761+0000] {processor.py:914} INFO - Processing file /home/ubuntu/.local/lib/python3.12/site-packages/airflow/example_dags/example_setup_teardown_taskflow.py for tasks to queue
[2025-01-28T06:35:40.762+0000] {logging_mixin.py:190} INFO - [2025-01-28T06:35:40.762+0000] {dagbag.py:588} INFO - Filling up the DagBag from /home/ubuntu/.local/lib/python3.12/site-packages/airflow/example_dags/example_setup_teardown_taskflow.py
[2025-01-28T06:35:40.773+0000] {processor.py:925} INFO - DAG(s) 'example_setup_teardown_taskflow' retrieved from /home/ubuntu/.local/lib/python3.12/site-packages/airflow/example_dags/example_setup_teardown_taskflow.py
[2025-01-28T06:35:40.790+0000] {logging_mixin.py:190} INFO - [2025-01-28T06:35:40.790+0000] {dag.py:3239} INFO - Sync 1 DAGs
[2025-01-28T06:35:40.802+0000] {logging_mixin.py:190} INFO - [2025-01-28T06:35:40.802+0000] {dag.py:4180} INFO - Setting next_dagrun for example_setup_teardown_taskflow to None, run_after=None
[2025-01-28T06:35:40.823+0000] {processor.py:208} INFO - Processing /home/ubuntu/.local/lib/python3.12/site-packages/airflow/example_dags/example_setup_teardown_taskflow.py took 0.069 seconds
[2025-01-28T06:36:31.372+0000] {processor.py:186} INFO - Started process (PID=6066) to work on /home/ubuntu/.local/lib/python3.12/site-packages/airflow/example_dags/example_setup_teardown_taskflow.py
[2025-01-28T06:36:31.374+0000] {processor.py:914} INFO - Processing file /home/ubuntu/.local/lib/python3.12/site-packages/airflow/example_dags/example_setup_teardown_taskflow.py for tasks to queue
[2025-01-28T06:36:31.376+0000] {logging_mixin.py:190} INFO - [2025-01-28T06:36:31.375+0000] {dagbag.py:588} INFO - Filling up the DagBag from /home/ubuntu/.local/lib/python3.12/site-packages/airflow/example_dags/example_setup_teardown_taskflow.py
[2025-01-28T06:36:31.386+0000] {processor.py:925} INFO - DAG(s) 'example_setup_teardown_taskflow' retrieved from /home/ubuntu/.local/lib/python3.12/site-packages/airflow/example_dags/example_setup_teardown_taskflow.py
[2025-01-28T06:36:31.403+0000] {logging_mixin.py:190} INFO - [2025-01-28T06:36:31.403+0000] {dag.py:3239} INFO - Sync 1 DAGs
[2025-01-28T06:36:31.414+0000] {logging_mixin.py:190} INFO - [2025-01-28T06:36:31.414+0000] {dag.py:4180} INFO - Setting next_dagrun for example_setup_teardown_taskflow to None, run_after=None
[2025-01-28T06:36:31.438+0000] {processor.py:208} INFO - Processing /home/ubuntu/.local/lib/python3.12/site-packages/airflow/example_dags/example_setup_teardown_taskflow.py took 0.071 seconds
[2025-01-28T06:37:24.349+0000] {processor.py:186} INFO - Started process (PID=6120) to work on /home/ubuntu/.local/lib/python3.12/site-packages/airflow/example_dags/example_setup_teardown_taskflow.py
[2025-01-28T06:37:24.351+0000] {processor.py:914} INFO - Processing file /home/ubuntu/.local/lib/python3.12/site-packages/airflow/example_dags/example_setup_teardown_taskflow.py for tasks to queue
[2025-01-28T06:37:24.353+0000] {logging_mixin.py:190} INFO - [2025-01-28T06:37:24.352+0000] {dagbag.py:588} INFO - Filling up the DagBag from /home/ubuntu/.local/lib/python3.12/site-packages/airflow/example_dags/example_setup_teardown_taskflow.py
[2025-01-28T06:37:24.363+0000] {processor.py:925} INFO - DAG(s) 'example_setup_teardown_taskflow' retrieved from /home/ubuntu/.local/lib/python3.12/site-packages/airflow/example_dags/example_setup_teardown_taskflow.py
[2025-01-28T06:37:24.380+0000] {logging_mixin.py:190} INFO - [2025-01-28T06:37:24.380+0000] {dag.py:3239} INFO - Sync 1 DAGs
[2025-01-28T06:37:24.391+0000] {logging_mixin.py:190} INFO - [2025-01-28T06:37:24.391+0000] {dag.py:4180} INFO - Setting next_dagrun for example_setup_teardown_taskflow to None, run_after=None
[2025-01-28T06:37:24.414+0000] {processor.py:208} INFO - Processing /home/ubuntu/.local/lib/python3.12/site-packages/airflow/example_dags/example_setup_teardown_taskflow.py took 0.070 seconds
[2025-01-28T06:38:17.226+0000] {processor.py:186} INFO - Started process (PID=6176) to work on /home/ubuntu/.local/lib/python3.12/site-packages/airflow/example_dags/example_setup_teardown_taskflow.py
[2025-01-28T06:38:17.229+0000] {processor.py:914} INFO - Processing file /home/ubuntu/.local/lib/python3.12/site-packages/airflow/example_dags/example_setup_teardown_taskflow.py for tasks to queue
[2025-01-28T06:38:17.231+0000] {logging_mixin.py:190} INFO - [2025-01-28T06:38:17.230+0000] {dagbag.py:588} INFO - Filling up the DagBag from /home/ubuntu/.local/lib/python3.12/site-packages/airflow/example_dags/example_setup_teardown_taskflow.py
[2025-01-28T06:38:17.241+0000] {processor.py:925} INFO - DAG(s) 'example_setup_teardown_taskflow' retrieved from /home/ubuntu/.local/lib/python3.12/site-packages/airflow/example_dags/example_setup_teardown_taskflow.py
[2025-01-28T06:38:17.258+0000] {logging_mixin.py:190} INFO - [2025-01-28T06:38:17.258+0000] {dag.py:3239} INFO - Sync 1 DAGs
[2025-01-28T06:38:17.270+0000] {logging_mixin.py:190} INFO - [2025-01-28T06:38:17.270+0000] {dag.py:4180} INFO - Setting next_dagrun for example_setup_teardown_taskflow to None, run_after=None
[2025-01-28T06:38:17.293+0000] {processor.py:208} INFO - Processing /home/ubuntu/.local/lib/python3.12/site-packages/airflow/example_dags/example_setup_teardown_taskflow.py took 0.071 seconds
[2025-01-28T06:39:12.927+0000] {processor.py:186} INFO - Started process (PID=6233) to work on /home/ubuntu/.local/lib/python3.12/site-packages/airflow/example_dags/example_setup_teardown_taskflow.py
[2025-01-28T06:39:12.929+0000] {processor.py:914} INFO - Processing file /home/ubuntu/.local/lib/python3.12/site-packages/airflow/example_dags/example_setup_teardown_taskflow.py for tasks to queue
[2025-01-28T06:39:12.932+0000] {logging_mixin.py:190} INFO - [2025-01-28T06:39:12.931+0000] {dagbag.py:588} INFO - Filling up the DagBag from /home/ubuntu/.local/lib/python3.12/site-packages/airflow/example_dags/example_setup_teardown_taskflow.py
[2025-01-28T06:39:12.943+0000] {processor.py:925} INFO - DAG(s) 'example_setup_teardown_taskflow' retrieved from /home/ubuntu/.local/lib/python3.12/site-packages/airflow/example_dags/example_setup_teardown_taskflow.py
[2025-01-28T06:39:12.959+0000] {logging_mixin.py:190} INFO - [2025-01-28T06:39:12.959+0000] {dag.py:3239} INFO - Sync 1 DAGs
[2025-01-28T06:39:12.970+0000] {logging_mixin.py:190} INFO - [2025-01-28T06:39:12.970+0000] {dag.py:4180} INFO - Setting next_dagrun for example_setup_teardown_taskflow to None, run_after=None
[2025-01-28T06:39:12.993+0000] {processor.py:208} INFO - Processing /home/ubuntu/.local/lib/python3.12/site-packages/airflow/example_dags/example_setup_teardown_taskflow.py took 0.071 seconds
[2025-01-28T06:40:11.751+0000] {processor.py:186} INFO - Started process (PID=6292) to work on /home/ubuntu/.local/lib/python3.12/site-packages/airflow/example_dags/example_setup_teardown_taskflow.py
[2025-01-28T06:40:11.753+0000] {processor.py:914} INFO - Processing file /home/ubuntu/.local/lib/python3.12/site-packages/airflow/example_dags/example_setup_teardown_taskflow.py for tasks to queue
[2025-01-28T06:40:11.755+0000] {logging_mixin.py:190} INFO - [2025-01-28T06:40:11.754+0000] {dagbag.py:588} INFO - Filling up the DagBag from /home/ubuntu/.local/lib/python3.12/site-packages/airflow/example_dags/example_setup_teardown_taskflow.py
[2025-01-28T06:40:11.765+0000] {processor.py:925} INFO - DAG(s) 'example_setup_teardown_taskflow' retrieved from /home/ubuntu/.local/lib/python3.12/site-packages/airflow/example_dags/example_setup_teardown_taskflow.py
[2025-01-28T06:40:11.782+0000] {logging_mixin.py:190} INFO - [2025-01-28T06:40:11.782+0000] {dag.py:3239} INFO - Sync 1 DAGs
[2025-01-28T06:40:11.793+0000] {logging_mixin.py:190} INFO - [2025-01-28T06:40:11.793+0000] {dag.py:4180} INFO - Setting next_dagrun for example_setup_teardown_taskflow to None, run_after=None
[2025-01-28T06:40:11.817+0000] {processor.py:208} INFO - Processing /home/ubuntu/.local/lib/python3.12/site-packages/airflow/example_dags/example_setup_teardown_taskflow.py took 0.072 seconds
[2025-01-28T06:41:06.701+0000] {processor.py:186} INFO - Started process (PID=6351) to work on /home/ubuntu/.local/lib/python3.12/site-packages/airflow/example_dags/example_setup_teardown_taskflow.py
[2025-01-28T06:41:06.703+0000] {processor.py:914} INFO - Processing file /home/ubuntu/.local/lib/python3.12/site-packages/airflow/example_dags/example_setup_teardown_taskflow.py for tasks to queue
[2025-01-28T06:41:06.705+0000] {logging_mixin.py:190} INFO - [2025-01-28T06:41:06.705+0000] {dagbag.py:588} INFO - Filling up the DagBag from /home/ubuntu/.local/lib/python3.12/site-packages/airflow/example_dags/example_setup_teardown_taskflow.py
[2025-01-28T06:41:06.716+0000] {processor.py:925} INFO - DAG(s) 'example_setup_teardown_taskflow' retrieved from /home/ubuntu/.local/lib/python3.12/site-packages/airflow/example_dags/example_setup_teardown_taskflow.py
[2025-01-28T06:41:06.733+0000] {logging_mixin.py:190} INFO - [2025-01-28T06:41:06.732+0000] {dag.py:3239} INFO - Sync 1 DAGs
[2025-01-28T06:41:06.744+0000] {logging_mixin.py:190} INFO - [2025-01-28T06:41:06.744+0000] {dag.py:4180} INFO - Setting next_dagrun for example_setup_teardown_taskflow to None, run_after=None
[2025-01-28T06:41:06.902+0000] {processor.py:208} INFO - Processing /home/ubuntu/.local/lib/python3.12/site-packages/airflow/example_dags/example_setup_teardown_taskflow.py took 0.207 seconds
[2025-01-28T06:42:11.258+0000] {processor.py:186} INFO - Started process (PID=6548) to work on /home/ubuntu/.local/lib/python3.12/site-packages/airflow/example_dags/example_setup_teardown_taskflow.py
[2025-01-28T06:42:11.260+0000] {processor.py:914} INFO - Processing file /home/ubuntu/.local/lib/python3.12/site-packages/airflow/example_dags/example_setup_teardown_taskflow.py for tasks to queue
[2025-01-28T06:42:11.262+0000] {logging_mixin.py:190} INFO - [2025-01-28T06:42:11.262+0000] {dagbag.py:588} INFO - Filling up the DagBag from /home/ubuntu/.local/lib/python3.12/site-packages/airflow/example_dags/example_setup_teardown_taskflow.py
[2025-01-28T06:42:11.273+0000] {processor.py:925} INFO - DAG(s) 'example_setup_teardown_taskflow' retrieved from /home/ubuntu/.local/lib/python3.12/site-packages/airflow/example_dags/example_setup_teardown_taskflow.py
[2025-01-28T06:42:11.289+0000] {logging_mixin.py:190} INFO - [2025-01-28T06:42:11.289+0000] {dag.py:3239} INFO - Sync 1 DAGs
[2025-01-28T06:42:11.300+0000] {logging_mixin.py:190} INFO - [2025-01-28T06:42:11.300+0000] {dag.py:4180} INFO - Setting next_dagrun for example_setup_teardown_taskflow to None, run_after=None
[2025-01-28T06:42:11.467+0000] {processor.py:208} INFO - Processing /home/ubuntu/.local/lib/python3.12/site-packages/airflow/example_dags/example_setup_teardown_taskflow.py took 0.214 seconds
[2025-01-28T06:43:08.356+0000] {processor.py:186} INFO - Started process (PID=6606) to work on /home/ubuntu/.local/lib/python3.12/site-packages/airflow/example_dags/example_setup_teardown_taskflow.py
[2025-01-28T06:43:08.358+0000] {processor.py:914} INFO - Processing file /home/ubuntu/.local/lib/python3.12/site-packages/airflow/example_dags/example_setup_teardown_taskflow.py for tasks to queue
[2025-01-28T06:43:08.359+0000] {logging_mixin.py:190} INFO - [2025-01-28T06:43:08.359+0000] {dagbag.py:588} INFO - Filling up the DagBag from /home/ubuntu/.local/lib/python3.12/site-packages/airflow/example_dags/example_setup_teardown_taskflow.py
[2025-01-28T06:43:08.370+0000] {processor.py:925} INFO - DAG(s) 'example_setup_teardown_taskflow' retrieved from /home/ubuntu/.local/lib/python3.12/site-packages/airflow/example_dags/example_setup_teardown_taskflow.py
[2025-01-28T06:43:08.388+0000] {logging_mixin.py:190} INFO - [2025-01-28T06:43:08.387+0000] {dag.py:3239} INFO - Sync 1 DAGs
[2025-01-28T06:43:08.399+0000] {logging_mixin.py:190} INFO - [2025-01-28T06:43:08.399+0000] {dag.py:4180} INFO - Setting next_dagrun for example_setup_teardown_taskflow to None, run_after=None
[2025-01-28T06:43:08.422+0000] {processor.py:208} INFO - Processing /home/ubuntu/.local/lib/python3.12/site-packages/airflow/example_dags/example_setup_teardown_taskflow.py took 0.071 seconds
[2025-01-28T06:44:13.643+0000] {processor.py:186} INFO - Started process (PID=6668) to work on /home/ubuntu/.local/lib/python3.12/site-packages/airflow/example_dags/example_setup_teardown_taskflow.py
[2025-01-28T06:44:13.644+0000] {processor.py:914} INFO - Processing file /home/ubuntu/.local/lib/python3.12/site-packages/airflow/example_dags/example_setup_teardown_taskflow.py for tasks to queue
[2025-01-28T06:44:13.646+0000] {logging_mixin.py:190} INFO - [2025-01-28T06:44:13.646+0000] {dagbag.py:588} INFO - Filling up the DagBag from /home/ubuntu/.local/lib/python3.12/site-packages/airflow/example_dags/example_setup_teardown_taskflow.py
[2025-01-28T06:44:13.657+0000] {processor.py:925} INFO - DAG(s) 'example_setup_teardown_taskflow' retrieved from /home/ubuntu/.local/lib/python3.12/site-packages/airflow/example_dags/example_setup_teardown_taskflow.py
[2025-01-28T06:44:13.673+0000] {logging_mixin.py:190} INFO - [2025-01-28T06:44:13.673+0000] {dag.py:3239} INFO - Sync 1 DAGs
[2025-01-28T06:44:13.685+0000] {logging_mixin.py:190} INFO - [2025-01-28T06:44:13.685+0000] {dag.py:4180} INFO - Setting next_dagrun for example_setup_teardown_taskflow to None, run_after=None
[2025-01-28T06:44:13.708+0000] {processor.py:208} INFO - Processing /home/ubuntu/.local/lib/python3.12/site-packages/airflow/example_dags/example_setup_teardown_taskflow.py took 0.071 seconds
[2025-01-28T06:45:20.143+0000] {processor.py:186} INFO - Started process (PID=6734) to work on /home/ubuntu/.local/lib/python3.12/site-packages/airflow/example_dags/example_setup_teardown_taskflow.py
[2025-01-28T06:45:20.146+0000] {processor.py:914} INFO - Processing file /home/ubuntu/.local/lib/python3.12/site-packages/airflow/example_dags/example_setup_teardown_taskflow.py for tasks to queue
[2025-01-28T06:45:20.148+0000] {logging_mixin.py:190} INFO - [2025-01-28T06:45:20.147+0000] {dagbag.py:588} INFO - Filling up the DagBag from /home/ubuntu/.local/lib/python3.12/site-packages/airflow/example_dags/example_setup_teardown_taskflow.py
[2025-01-28T06:45:20.159+0000] {processor.py:925} INFO - DAG(s) 'example_setup_teardown_taskflow' retrieved from /home/ubuntu/.local/lib/python3.12/site-packages/airflow/example_dags/example_setup_teardown_taskflow.py
[2025-01-28T06:45:20.175+0000] {logging_mixin.py:190} INFO - [2025-01-28T06:45:20.175+0000] {dag.py:3239} INFO - Sync 1 DAGs
[2025-01-28T06:45:20.193+0000] {logging_mixin.py:190} INFO - [2025-01-28T06:45:20.192+0000] {dag.py:4180} INFO - Setting next_dagrun for example_setup_teardown_taskflow to None, run_after=None
[2025-01-28T06:45:20.215+0000] {processor.py:208} INFO - Processing /home/ubuntu/.local/lib/python3.12/site-packages/airflow/example_dags/example_setup_teardown_taskflow.py took 0.078 seconds
[2025-01-28T06:46:15.476+0000] {processor.py:186} INFO - Started process (PID=6956) to work on /home/ubuntu/.local/lib/python3.12/site-packages/airflow/example_dags/example_setup_teardown_taskflow.py
[2025-01-28T06:46:15.477+0000] {processor.py:914} INFO - Processing file /home/ubuntu/.local/lib/python3.12/site-packages/airflow/example_dags/example_setup_teardown_taskflow.py for tasks to queue
[2025-01-28T06:46:15.480+0000] {logging_mixin.py:190} INFO - [2025-01-28T06:46:15.479+0000] {dagbag.py:588} INFO - Filling up the DagBag from /home/ubuntu/.local/lib/python3.12/site-packages/airflow/example_dags/example_setup_teardown_taskflow.py
[2025-01-28T06:46:15.490+0000] {processor.py:925} INFO - DAG(s) 'example_setup_teardown_taskflow' retrieved from /home/ubuntu/.local/lib/python3.12/site-packages/airflow/example_dags/example_setup_teardown_taskflow.py
[2025-01-28T06:46:15.508+0000] {logging_mixin.py:190} INFO - [2025-01-28T06:46:15.508+0000] {dag.py:3239} INFO - Sync 1 DAGs
[2025-01-28T06:46:15.519+0000] {logging_mixin.py:190} INFO - [2025-01-28T06:46:15.519+0000] {dag.py:4180} INFO - Setting next_dagrun for example_setup_teardown_taskflow to None, run_after=None
[2025-01-28T06:46:15.543+0000] {processor.py:208} INFO - Processing /home/ubuntu/.local/lib/python3.12/site-packages/airflow/example_dags/example_setup_teardown_taskflow.py took 0.073 seconds
