[2025-01-28T03:40:16.534+0000] {processor.py:186} INFO - Started process (PID=9672) to work on /home/ubuntu/airflow-venv/lib/python3.12/site-packages/airflow/example_dags/example_branch_operator_decorator.py
[2025-01-28T03:40:16.534+0000] {processor.py:914} INFO - Processing file /home/ubuntu/airflow-venv/lib/python3.12/site-packages/airflow/example_dags/example_branch_operator_decorator.py for tasks to queue
[2025-01-28T03:40:16.536+0000] {logging_mixin.py:190} INFO - [2025-01-28T03:40:16.535+0000] {dagbag.py:588} INFO - Filling up the DagBag from /home/ubuntu/airflow-venv/lib/python3.12/site-packages/airflow/example_dags/example_branch_operator_decorator.py
[2025-01-28T03:40:16.539+0000] {processor.py:927} WARNING - No viable dags retrieved from /home/ubuntu/airflow-venv/lib/python3.12/site-packages/airflow/example_dags/example_branch_operator_decorator.py
[2025-01-28T03:40:16.555+0000] {processor.py:208} INFO - Processing /home/ubuntu/airflow-venv/lib/python3.12/site-packages/airflow/example_dags/example_branch_operator_decorator.py took 0.027 seconds
[2025-01-28T03:41:16.002+0000] {processor.py:186} INFO - Started process (PID=9731) to work on /home/ubuntu/airflow-venv/lib/python3.12/site-packages/airflow/example_dags/example_branch_operator_decorator.py
[2025-01-28T03:41:16.003+0000] {processor.py:914} INFO - Processing file /home/ubuntu/airflow-venv/lib/python3.12/site-packages/airflow/example_dags/example_branch_operator_decorator.py for tasks to queue
[2025-01-28T03:41:16.005+0000] {logging_mixin.py:190} INFO - [2025-01-28T03:41:16.005+0000] {dagbag.py:588} INFO - Filling up the DagBag from /home/ubuntu/airflow-venv/lib/python3.12/site-packages/airflow/example_dags/example_branch_operator_decorator.py
[2025-01-28T03:41:16.008+0000] {processor.py:927} WARNING - No viable dags retrieved from /home/ubuntu/airflow-venv/lib/python3.12/site-packages/airflow/example_dags/example_branch_operator_decorator.py
[2025-01-28T03:41:16.018+0000] {processor.py:208} INFO - Processing /home/ubuntu/airflow-venv/lib/python3.12/site-packages/airflow/example_dags/example_branch_operator_decorator.py took 0.021 seconds
[2025-01-28T03:43:51.776+0000] {processor.py:186} INFO - Started process (PID=9830) to work on /home/ubuntu/airflow-venv/lib/python3.12/site-packages/airflow/example_dags/example_branch_operator_decorator.py
[2025-01-28T03:43:51.777+0000] {processor.py:914} INFO - Processing file /home/ubuntu/airflow-venv/lib/python3.12/site-packages/airflow/example_dags/example_branch_operator_decorator.py for tasks to queue
[2025-01-28T03:43:51.780+0000] {logging_mixin.py:190} INFO - [2025-01-28T03:43:51.779+0000] {dagbag.py:588} INFO - Filling up the DagBag from /home/ubuntu/airflow-venv/lib/python3.12/site-packages/airflow/example_dags/example_branch_operator_decorator.py
[2025-01-28T03:43:51.782+0000] {processor.py:927} WARNING - No viable dags retrieved from /home/ubuntu/airflow-venv/lib/python3.12/site-packages/airflow/example_dags/example_branch_operator_decorator.py
[2025-01-28T03:43:51.792+0000] {processor.py:208} INFO - Processing /home/ubuntu/airflow-venv/lib/python3.12/site-packages/airflow/example_dags/example_branch_operator_decorator.py took 0.021 seconds
[2025-01-28T03:44:47.680+0000] {processor.py:186} INFO - Started process (PID=9888) to work on /home/ubuntu/airflow-venv/lib/python3.12/site-packages/airflow/example_dags/example_branch_operator_decorator.py
[2025-01-28T03:44:47.682+0000] {processor.py:914} INFO - Processing file /home/ubuntu/airflow-venv/lib/python3.12/site-packages/airflow/example_dags/example_branch_operator_decorator.py for tasks to queue
[2025-01-28T03:44:47.683+0000] {logging_mixin.py:190} INFO - [2025-01-28T03:44:47.683+0000] {dagbag.py:588} INFO - Filling up the DagBag from /home/ubuntu/airflow-venv/lib/python3.12/site-packages/airflow/example_dags/example_branch_operator_decorator.py
[2025-01-28T03:44:47.686+0000] {processor.py:927} WARNING - No viable dags retrieved from /home/ubuntu/airflow-venv/lib/python3.12/site-packages/airflow/example_dags/example_branch_operator_decorator.py
[2025-01-28T03:44:47.697+0000] {processor.py:208} INFO - Processing /home/ubuntu/airflow-venv/lib/python3.12/site-packages/airflow/example_dags/example_branch_operator_decorator.py took 0.022 seconds
[2025-01-28T03:46:04.769+0000] {processor.py:186} INFO - Started process (PID=9973) to work on /home/ubuntu/airflow-venv/lib/python3.12/site-packages/airflow/example_dags/example_branch_operator_decorator.py
[2025-01-28T03:46:04.770+0000] {processor.py:914} INFO - Processing file /home/ubuntu/airflow-venv/lib/python3.12/site-packages/airflow/example_dags/example_branch_operator_decorator.py for tasks to queue
[2025-01-28T03:46:04.772+0000] {logging_mixin.py:190} INFO - [2025-01-28T03:46:04.772+0000] {dagbag.py:588} INFO - Filling up the DagBag from /home/ubuntu/airflow-venv/lib/python3.12/site-packages/airflow/example_dags/example_branch_operator_decorator.py
[2025-01-28T03:46:04.775+0000] {processor.py:927} WARNING - No viable dags retrieved from /home/ubuntu/airflow-venv/lib/python3.12/site-packages/airflow/example_dags/example_branch_operator_decorator.py
[2025-01-28T03:46:04.786+0000] {processor.py:208} INFO - Processing /home/ubuntu/airflow-venv/lib/python3.12/site-packages/airflow/example_dags/example_branch_operator_decorator.py took 0.022 seconds
[2025-01-28T03:47:02.782+0000] {processor.py:186} INFO - Started process (PID=10030) to work on /home/ubuntu/airflow-venv/lib/python3.12/site-packages/airflow/example_dags/example_branch_operator_decorator.py
[2025-01-28T03:47:02.783+0000] {processor.py:914} INFO - Processing file /home/ubuntu/airflow-venv/lib/python3.12/site-packages/airflow/example_dags/example_branch_operator_decorator.py for tasks to queue
[2025-01-28T03:47:02.784+0000] {logging_mixin.py:190} INFO - [2025-01-28T03:47:02.784+0000] {dagbag.py:588} INFO - Filling up the DagBag from /home/ubuntu/airflow-venv/lib/python3.12/site-packages/airflow/example_dags/example_branch_operator_decorator.py
[2025-01-28T03:47:02.788+0000] {processor.py:927} WARNING - No viable dags retrieved from /home/ubuntu/airflow-venv/lib/python3.12/site-packages/airflow/example_dags/example_branch_operator_decorator.py
[2025-01-28T03:47:02.797+0000] {processor.py:208} INFO - Processing /home/ubuntu/airflow-venv/lib/python3.12/site-packages/airflow/example_dags/example_branch_operator_decorator.py took 0.021 seconds
[2025-01-28T03:48:17.173+0000] {processor.py:186} INFO - Started process (PID=10109) to work on /home/ubuntu/airflow-venv/lib/python3.12/site-packages/airflow/example_dags/example_branch_operator_decorator.py
[2025-01-28T03:48:17.174+0000] {processor.py:914} INFO - Processing file /home/ubuntu/airflow-venv/lib/python3.12/site-packages/airflow/example_dags/example_branch_operator_decorator.py for tasks to queue
[2025-01-28T03:48:17.176+0000] {logging_mixin.py:190} INFO - [2025-01-28T03:48:17.176+0000] {dagbag.py:588} INFO - Filling up the DagBag from /home/ubuntu/airflow-venv/lib/python3.12/site-packages/airflow/example_dags/example_branch_operator_decorator.py
[2025-01-28T03:48:17.179+0000] {processor.py:927} WARNING - No viable dags retrieved from /home/ubuntu/airflow-venv/lib/python3.12/site-packages/airflow/example_dags/example_branch_operator_decorator.py
[2025-01-28T03:48:17.189+0000] {processor.py:208} INFO - Processing /home/ubuntu/airflow-venv/lib/python3.12/site-packages/airflow/example_dags/example_branch_operator_decorator.py took 0.021 seconds
[2025-01-28T03:49:30.639+0000] {processor.py:186} INFO - Started process (PID=10186) to work on /home/ubuntu/airflow-venv/lib/python3.12/site-packages/airflow/example_dags/example_branch_operator_decorator.py
[2025-01-28T03:49:30.640+0000] {processor.py:914} INFO - Processing file /home/ubuntu/airflow-venv/lib/python3.12/site-packages/airflow/example_dags/example_branch_operator_decorator.py for tasks to queue
[2025-01-28T03:49:30.642+0000] {logging_mixin.py:190} INFO - [2025-01-28T03:49:30.642+0000] {dagbag.py:588} INFO - Filling up the DagBag from /home/ubuntu/airflow-venv/lib/python3.12/site-packages/airflow/example_dags/example_branch_operator_decorator.py
[2025-01-28T03:49:30.645+0000] {processor.py:927} WARNING - No viable dags retrieved from /home/ubuntu/airflow-venv/lib/python3.12/site-packages/airflow/example_dags/example_branch_operator_decorator.py
[2025-01-28T03:49:30.655+0000] {processor.py:208} INFO - Processing /home/ubuntu/airflow-venv/lib/python3.12/site-packages/airflow/example_dags/example_branch_operator_decorator.py took 0.021 seconds
[2025-01-28T05:55:41.633+0000] {processor.py:186} INFO - Started process (PID=1932) to work on /home/ubuntu/.local/lib/python3.12/site-packages/airflow/example_dags/example_branch_operator_decorator.py
[2025-01-28T05:55:41.635+0000] {processor.py:914} INFO - Processing file /home/ubuntu/.local/lib/python3.12/site-packages/airflow/example_dags/example_branch_operator_decorator.py for tasks to queue
[2025-01-28T05:55:41.636+0000] {logging_mixin.py:190} INFO - [2025-01-28T05:55:41.636+0000] {dagbag.py:588} INFO - Filling up the DagBag from /home/ubuntu/.local/lib/python3.12/site-packages/airflow/example_dags/example_branch_operator_decorator.py
[2025-01-28T05:55:41.640+0000] {processor.py:927} WARNING - No viable dags retrieved from /home/ubuntu/.local/lib/python3.12/site-packages/airflow/example_dags/example_branch_operator_decorator.py
[2025-01-28T05:55:41.650+0000] {processor.py:208} INFO - Processing /home/ubuntu/.local/lib/python3.12/site-packages/airflow/example_dags/example_branch_operator_decorator.py took 0.023 seconds
[2025-01-28T05:56:39.975+0000] {processor.py:186} INFO - Started process (PID=2005) to work on /home/ubuntu/.local/lib/python3.12/site-packages/airflow/example_dags/example_branch_operator_decorator.py
[2025-01-28T05:56:39.977+0000] {processor.py:914} INFO - Processing file /home/ubuntu/.local/lib/python3.12/site-packages/airflow/example_dags/example_branch_operator_decorator.py for tasks to queue
[2025-01-28T05:56:39.979+0000] {logging_mixin.py:190} INFO - [2025-01-28T05:56:39.979+0000] {dagbag.py:588} INFO - Filling up the DagBag from /home/ubuntu/.local/lib/python3.12/site-packages/airflow/example_dags/example_branch_operator_decorator.py
[2025-01-28T05:56:39.982+0000] {processor.py:927} WARNING - No viable dags retrieved from /home/ubuntu/.local/lib/python3.12/site-packages/airflow/example_dags/example_branch_operator_decorator.py
[2025-01-28T05:56:39.993+0000] {processor.py:208} INFO - Processing /home/ubuntu/.local/lib/python3.12/site-packages/airflow/example_dags/example_branch_operator_decorator.py took 0.023 seconds
[2025-01-28T05:57:36.707+0000] {processor.py:186} INFO - Started process (PID=2083) to work on /home/ubuntu/.local/lib/python3.12/site-packages/airflow/example_dags/example_branch_operator_decorator.py
[2025-01-28T05:57:36.709+0000] {processor.py:914} INFO - Processing file /home/ubuntu/.local/lib/python3.12/site-packages/airflow/example_dags/example_branch_operator_decorator.py for tasks to queue
[2025-01-28T05:57:36.711+0000] {logging_mixin.py:190} INFO - [2025-01-28T05:57:36.710+0000] {dagbag.py:588} INFO - Filling up the DagBag from /home/ubuntu/.local/lib/python3.12/site-packages/airflow/example_dags/example_branch_operator_decorator.py
[2025-01-28T05:57:36.713+0000] {processor.py:927} WARNING - No viable dags retrieved from /home/ubuntu/.local/lib/python3.12/site-packages/airflow/example_dags/example_branch_operator_decorator.py
[2025-01-28T05:57:36.724+0000] {processor.py:208} INFO - Processing /home/ubuntu/.local/lib/python3.12/site-packages/airflow/example_dags/example_branch_operator_decorator.py took 0.022 seconds
[2025-01-28T05:58:34.062+0000] {processor.py:186} INFO - Started process (PID=2141) to work on /home/ubuntu/.local/lib/python3.12/site-packages/airflow/example_dags/example_branch_operator_decorator.py
[2025-01-28T05:58:34.063+0000] {processor.py:914} INFO - Processing file /home/ubuntu/.local/lib/python3.12/site-packages/airflow/example_dags/example_branch_operator_decorator.py for tasks to queue
[2025-01-28T05:58:34.066+0000] {logging_mixin.py:190} INFO - [2025-01-28T05:58:34.065+0000] {dagbag.py:588} INFO - Filling up the DagBag from /home/ubuntu/.local/lib/python3.12/site-packages/airflow/example_dags/example_branch_operator_decorator.py
[2025-01-28T05:58:34.069+0000] {processor.py:927} WARNING - No viable dags retrieved from /home/ubuntu/.local/lib/python3.12/site-packages/airflow/example_dags/example_branch_operator_decorator.py
[2025-01-28T05:58:34.078+0000] {processor.py:208} INFO - Processing /home/ubuntu/.local/lib/python3.12/site-packages/airflow/example_dags/example_branch_operator_decorator.py took 0.022 seconds
[2025-01-28T05:59:28.804+0000] {processor.py:186} INFO - Started process (PID=2198) to work on /home/ubuntu/.local/lib/python3.12/site-packages/airflow/example_dags/example_branch_operator_decorator.py
[2025-01-28T05:59:28.806+0000] {processor.py:914} INFO - Processing file /home/ubuntu/.local/lib/python3.12/site-packages/airflow/example_dags/example_branch_operator_decorator.py for tasks to queue
[2025-01-28T05:59:28.808+0000] {logging_mixin.py:190} INFO - [2025-01-28T05:59:28.807+0000] {dagbag.py:588} INFO - Filling up the DagBag from /home/ubuntu/.local/lib/python3.12/site-packages/airflow/example_dags/example_branch_operator_decorator.py
[2025-01-28T05:59:28.810+0000] {processor.py:927} WARNING - No viable dags retrieved from /home/ubuntu/.local/lib/python3.12/site-packages/airflow/example_dags/example_branch_operator_decorator.py
[2025-01-28T05:59:28.820+0000] {processor.py:208} INFO - Processing /home/ubuntu/.local/lib/python3.12/site-packages/airflow/example_dags/example_branch_operator_decorator.py took 0.021 seconds
[2025-01-28T06:00:23.659+0000] {processor.py:186} INFO - Started process (PID=2256) to work on /home/ubuntu/.local/lib/python3.12/site-packages/airflow/example_dags/example_branch_operator_decorator.py
[2025-01-28T06:00:23.662+0000] {processor.py:914} INFO - Processing file /home/ubuntu/.local/lib/python3.12/site-packages/airflow/example_dags/example_branch_operator_decorator.py for tasks to queue
[2025-01-28T06:00:23.664+0000] {logging_mixin.py:190} INFO - [2025-01-28T06:00:23.664+0000] {dagbag.py:588} INFO - Filling up the DagBag from /home/ubuntu/.local/lib/python3.12/site-packages/airflow/example_dags/example_branch_operator_decorator.py
[2025-01-28T06:00:23.668+0000] {processor.py:927} WARNING - No viable dags retrieved from /home/ubuntu/.local/lib/python3.12/site-packages/airflow/example_dags/example_branch_operator_decorator.py
[2025-01-28T06:00:23.677+0000] {processor.py:208} INFO - Processing /home/ubuntu/.local/lib/python3.12/site-packages/airflow/example_dags/example_branch_operator_decorator.py took 0.024 seconds
[2025-01-28T06:01:36.027+0000] {processor.py:186} INFO - Started process (PID=2333) to work on /home/ubuntu/.local/lib/python3.12/site-packages/airflow/example_dags/example_branch_operator_decorator.py
[2025-01-28T06:01:36.030+0000] {processor.py:914} INFO - Processing file /home/ubuntu/.local/lib/python3.12/site-packages/airflow/example_dags/example_branch_operator_decorator.py for tasks to queue
[2025-01-28T06:01:36.033+0000] {logging_mixin.py:190} INFO - [2025-01-28T06:01:36.032+0000] {dagbag.py:588} INFO - Filling up the DagBag from /home/ubuntu/.local/lib/python3.12/site-packages/airflow/example_dags/example_branch_operator_decorator.py
[2025-01-28T06:01:36.035+0000] {processor.py:927} WARNING - No viable dags retrieved from /home/ubuntu/.local/lib/python3.12/site-packages/airflow/example_dags/example_branch_operator_decorator.py
[2025-01-28T06:01:36.046+0000] {processor.py:208} INFO - Processing /home/ubuntu/.local/lib/python3.12/site-packages/airflow/example_dags/example_branch_operator_decorator.py took 0.023 seconds
[2025-01-28T06:02:51.704+0000] {processor.py:186} INFO - Started process (PID=2430) to work on /home/ubuntu/.local/lib/python3.12/site-packages/airflow/example_dags/example_branch_operator_decorator.py
[2025-01-28T06:02:51.706+0000] {processor.py:914} INFO - Processing file /home/ubuntu/.local/lib/python3.12/site-packages/airflow/example_dags/example_branch_operator_decorator.py for tasks to queue
[2025-01-28T06:02:51.707+0000] {logging_mixin.py:190} INFO - [2025-01-28T06:02:51.707+0000] {dagbag.py:588} INFO - Filling up the DagBag from /home/ubuntu/.local/lib/python3.12/site-packages/airflow/example_dags/example_branch_operator_decorator.py
[2025-01-28T06:02:51.711+0000] {processor.py:927} WARNING - No viable dags retrieved from /home/ubuntu/.local/lib/python3.12/site-packages/airflow/example_dags/example_branch_operator_decorator.py
[2025-01-28T06:02:51.721+0000] {processor.py:208} INFO - Processing /home/ubuntu/.local/lib/python3.12/site-packages/airflow/example_dags/example_branch_operator_decorator.py took 0.022 seconds
[2025-01-28T06:04:06.134+0000] {processor.py:186} INFO - Started process (PID=2510) to work on /home/ubuntu/.local/lib/python3.12/site-packages/airflow/example_dags/example_branch_operator_decorator.py
[2025-01-28T06:04:06.137+0000] {processor.py:914} INFO - Processing file /home/ubuntu/.local/lib/python3.12/site-packages/airflow/example_dags/example_branch_operator_decorator.py for tasks to queue
[2025-01-28T06:04:06.140+0000] {logging_mixin.py:190} INFO - [2025-01-28T06:04:06.138+0000] {dagbag.py:588} INFO - Filling up the DagBag from /home/ubuntu/.local/lib/python3.12/site-packages/airflow/example_dags/example_branch_operator_decorator.py
[2025-01-28T06:04:06.142+0000] {processor.py:927} WARNING - No viable dags retrieved from /home/ubuntu/.local/lib/python3.12/site-packages/airflow/example_dags/example_branch_operator_decorator.py
[2025-01-28T06:04:06.153+0000] {processor.py:208} INFO - Processing /home/ubuntu/.local/lib/python3.12/site-packages/airflow/example_dags/example_branch_operator_decorator.py took 0.024 seconds
[2025-01-28T06:05:14.642+0000] {processor.py:186} INFO - Started process (PID=2584) to work on /home/ubuntu/.local/lib/python3.12/site-packages/airflow/example_dags/example_branch_operator_decorator.py
[2025-01-28T06:05:14.643+0000] {processor.py:914} INFO - Processing file /home/ubuntu/.local/lib/python3.12/site-packages/airflow/example_dags/example_branch_operator_decorator.py for tasks to queue
[2025-01-28T06:05:14.645+0000] {logging_mixin.py:190} INFO - [2025-01-28T06:05:14.645+0000] {dagbag.py:588} INFO - Filling up the DagBag from /home/ubuntu/.local/lib/python3.12/site-packages/airflow/example_dags/example_branch_operator_decorator.py
[2025-01-28T06:05:14.648+0000] {processor.py:927} WARNING - No viable dags retrieved from /home/ubuntu/.local/lib/python3.12/site-packages/airflow/example_dags/example_branch_operator_decorator.py
[2025-01-28T06:05:14.658+0000] {processor.py:208} INFO - Processing /home/ubuntu/.local/lib/python3.12/site-packages/airflow/example_dags/example_branch_operator_decorator.py took 0.022 seconds
[2025-01-28T06:06:20.900+0000] {processor.py:186} INFO - Started process (PID=2660) to work on /home/ubuntu/.local/lib/python3.12/site-packages/airflow/example_dags/example_branch_operator_decorator.py
[2025-01-28T06:06:20.904+0000] {processor.py:914} INFO - Processing file /home/ubuntu/.local/lib/python3.12/site-packages/airflow/example_dags/example_branch_operator_decorator.py for tasks to queue
[2025-01-28T06:06:20.905+0000] {logging_mixin.py:190} INFO - [2025-01-28T06:06:20.905+0000] {dagbag.py:588} INFO - Filling up the DagBag from /home/ubuntu/.local/lib/python3.12/site-packages/airflow/example_dags/example_branch_operator_decorator.py
[2025-01-28T06:06:20.908+0000] {processor.py:927} WARNING - No viable dags retrieved from /home/ubuntu/.local/lib/python3.12/site-packages/airflow/example_dags/example_branch_operator_decorator.py
[2025-01-28T06:06:20.917+0000] {processor.py:208} INFO - Processing /home/ubuntu/.local/lib/python3.12/site-packages/airflow/example_dags/example_branch_operator_decorator.py took 0.022 seconds
[2025-01-28T06:07:26.297+0000] {processor.py:186} INFO - Started process (PID=2733) to work on /home/ubuntu/.local/lib/python3.12/site-packages/airflow/example_dags/example_branch_operator_decorator.py
[2025-01-28T06:07:26.298+0000] {processor.py:914} INFO - Processing file /home/ubuntu/.local/lib/python3.12/site-packages/airflow/example_dags/example_branch_operator_decorator.py for tasks to queue
[2025-01-28T06:07:26.300+0000] {logging_mixin.py:190} INFO - [2025-01-28T06:07:26.300+0000] {dagbag.py:588} INFO - Filling up the DagBag from /home/ubuntu/.local/lib/python3.12/site-packages/airflow/example_dags/example_branch_operator_decorator.py
[2025-01-28T06:07:26.304+0000] {processor.py:927} WARNING - No viable dags retrieved from /home/ubuntu/.local/lib/python3.12/site-packages/airflow/example_dags/example_branch_operator_decorator.py
[2025-01-28T06:07:26.314+0000] {processor.py:208} INFO - Processing /home/ubuntu/.local/lib/python3.12/site-packages/airflow/example_dags/example_branch_operator_decorator.py took 0.022 seconds
[2025-01-28T06:08:23.556+0000] {processor.py:186} INFO - Started process (PID=2792) to work on /home/ubuntu/.local/lib/python3.12/site-packages/airflow/example_dags/example_branch_operator_decorator.py
[2025-01-28T06:08:23.558+0000] {processor.py:914} INFO - Processing file /home/ubuntu/.local/lib/python3.12/site-packages/airflow/example_dags/example_branch_operator_decorator.py for tasks to queue
[2025-01-28T06:08:23.559+0000] {logging_mixin.py:190} INFO - [2025-01-28T06:08:23.559+0000] {dagbag.py:588} INFO - Filling up the DagBag from /home/ubuntu/.local/lib/python3.12/site-packages/airflow/example_dags/example_branch_operator_decorator.py
[2025-01-28T06:08:23.562+0000] {processor.py:927} WARNING - No viable dags retrieved from /home/ubuntu/.local/lib/python3.12/site-packages/airflow/example_dags/example_branch_operator_decorator.py
[2025-01-28T06:08:23.572+0000] {processor.py:208} INFO - Processing /home/ubuntu/.local/lib/python3.12/site-packages/airflow/example_dags/example_branch_operator_decorator.py took 0.022 seconds
[2025-01-28T06:09:20.512+0000] {processor.py:186} INFO - Started process (PID=2852) to work on /home/ubuntu/.local/lib/python3.12/site-packages/airflow/example_dags/example_branch_operator_decorator.py
[2025-01-28T06:09:20.514+0000] {processor.py:914} INFO - Processing file /home/ubuntu/.local/lib/python3.12/site-packages/airflow/example_dags/example_branch_operator_decorator.py for tasks to queue
[2025-01-28T06:09:20.515+0000] {logging_mixin.py:190} INFO - [2025-01-28T06:09:20.515+0000] {dagbag.py:588} INFO - Filling up the DagBag from /home/ubuntu/.local/lib/python3.12/site-packages/airflow/example_dags/example_branch_operator_decorator.py
[2025-01-28T06:09:20.519+0000] {processor.py:927} WARNING - No viable dags retrieved from /home/ubuntu/.local/lib/python3.12/site-packages/airflow/example_dags/example_branch_operator_decorator.py
[2025-01-28T06:09:20.528+0000] {processor.py:208} INFO - Processing /home/ubuntu/.local/lib/python3.12/site-packages/airflow/example_dags/example_branch_operator_decorator.py took 0.022 seconds
[2025-01-28T06:10:13.609+0000] {processor.py:186} INFO - Started process (PID=2921) to work on /home/ubuntu/.local/lib/python3.12/site-packages/airflow/example_dags/example_branch_operator_decorator.py
[2025-01-28T06:10:13.610+0000] {processor.py:914} INFO - Processing file /home/ubuntu/.local/lib/python3.12/site-packages/airflow/example_dags/example_branch_operator_decorator.py for tasks to queue
[2025-01-28T06:10:13.612+0000] {logging_mixin.py:190} INFO - [2025-01-28T06:10:13.612+0000] {dagbag.py:588} INFO - Filling up the DagBag from /home/ubuntu/.local/lib/python3.12/site-packages/airflow/example_dags/example_branch_operator_decorator.py
[2025-01-28T06:10:13.615+0000] {processor.py:927} WARNING - No viable dags retrieved from /home/ubuntu/.local/lib/python3.12/site-packages/airflow/example_dags/example_branch_operator_decorator.py
[2025-01-28T06:10:13.625+0000] {processor.py:208} INFO - Processing /home/ubuntu/.local/lib/python3.12/site-packages/airflow/example_dags/example_branch_operator_decorator.py took 0.022 seconds
[2025-01-28T06:11:08.097+0000] {processor.py:186} INFO - Started process (PID=2986) to work on /home/ubuntu/.local/lib/python3.12/site-packages/airflow/example_dags/example_branch_operator_decorator.py
[2025-01-28T06:11:08.099+0000] {processor.py:914} INFO - Processing file /home/ubuntu/.local/lib/python3.12/site-packages/airflow/example_dags/example_branch_operator_decorator.py for tasks to queue
[2025-01-28T06:11:08.101+0000] {logging_mixin.py:190} INFO - [2025-01-28T06:11:08.100+0000] {dagbag.py:588} INFO - Filling up the DagBag from /home/ubuntu/.local/lib/python3.12/site-packages/airflow/example_dags/example_branch_operator_decorator.py
[2025-01-28T06:11:08.104+0000] {processor.py:927} WARNING - No viable dags retrieved from /home/ubuntu/.local/lib/python3.12/site-packages/airflow/example_dags/example_branch_operator_decorator.py
[2025-01-28T06:11:08.114+0000] {processor.py:208} INFO - Processing /home/ubuntu/.local/lib/python3.12/site-packages/airflow/example_dags/example_branch_operator_decorator.py took 0.025 seconds
[2025-01-28T06:12:01.885+0000] {processor.py:186} INFO - Started process (PID=3043) to work on /home/ubuntu/.local/lib/python3.12/site-packages/airflow/example_dags/example_branch_operator_decorator.py
[2025-01-28T06:12:01.886+0000] {processor.py:914} INFO - Processing file /home/ubuntu/.local/lib/python3.12/site-packages/airflow/example_dags/example_branch_operator_decorator.py for tasks to queue
[2025-01-28T06:12:01.888+0000] {logging_mixin.py:190} INFO - [2025-01-28T06:12:01.888+0000] {dagbag.py:588} INFO - Filling up the DagBag from /home/ubuntu/.local/lib/python3.12/site-packages/airflow/example_dags/example_branch_operator_decorator.py
[2025-01-28T06:12:01.891+0000] {processor.py:927} WARNING - No viable dags retrieved from /home/ubuntu/.local/lib/python3.12/site-packages/airflow/example_dags/example_branch_operator_decorator.py
[2025-01-28T06:12:01.902+0000] {processor.py:208} INFO - Processing /home/ubuntu/.local/lib/python3.12/site-packages/airflow/example_dags/example_branch_operator_decorator.py took 0.023 seconds
[2025-01-28T06:12:56.171+0000] {processor.py:186} INFO - Started process (PID=3097) to work on /home/ubuntu/.local/lib/python3.12/site-packages/airflow/example_dags/example_branch_operator_decorator.py
[2025-01-28T06:12:56.173+0000] {processor.py:914} INFO - Processing file /home/ubuntu/.local/lib/python3.12/site-packages/airflow/example_dags/example_branch_operator_decorator.py for tasks to queue
[2025-01-28T06:12:56.175+0000] {logging_mixin.py:190} INFO - [2025-01-28T06:12:56.175+0000] {dagbag.py:588} INFO - Filling up the DagBag from /home/ubuntu/.local/lib/python3.12/site-packages/airflow/example_dags/example_branch_operator_decorator.py
[2025-01-28T06:12:56.178+0000] {processor.py:927} WARNING - No viable dags retrieved from /home/ubuntu/.local/lib/python3.12/site-packages/airflow/example_dags/example_branch_operator_decorator.py
[2025-01-28T06:12:56.188+0000] {processor.py:208} INFO - Processing /home/ubuntu/.local/lib/python3.12/site-packages/airflow/example_dags/example_branch_operator_decorator.py took 0.022 seconds
[2025-01-28T06:13:51.307+0000] {processor.py:186} INFO - Started process (PID=3155) to work on /home/ubuntu/.local/lib/python3.12/site-packages/airflow/example_dags/example_branch_operator_decorator.py
[2025-01-28T06:13:51.310+0000] {processor.py:914} INFO - Processing file /home/ubuntu/.local/lib/python3.12/site-packages/airflow/example_dags/example_branch_operator_decorator.py for tasks to queue
[2025-01-28T06:13:51.312+0000] {logging_mixin.py:190} INFO - [2025-01-28T06:13:51.311+0000] {dagbag.py:588} INFO - Filling up the DagBag from /home/ubuntu/.local/lib/python3.12/site-packages/airflow/example_dags/example_branch_operator_decorator.py
[2025-01-28T06:13:51.315+0000] {processor.py:927} WARNING - No viable dags retrieved from /home/ubuntu/.local/lib/python3.12/site-packages/airflow/example_dags/example_branch_operator_decorator.py
[2025-01-28T06:13:51.325+0000] {processor.py:208} INFO - Processing /home/ubuntu/.local/lib/python3.12/site-packages/airflow/example_dags/example_branch_operator_decorator.py took 0.023 seconds
[2025-01-28T06:15:09.792+0000] {processor.py:186} INFO - Started process (PID=3239) to work on /home/ubuntu/.local/lib/python3.12/site-packages/airflow/example_dags/example_branch_operator_decorator.py
[2025-01-28T06:15:09.793+0000] {processor.py:914} INFO - Processing file /home/ubuntu/.local/lib/python3.12/site-packages/airflow/example_dags/example_branch_operator_decorator.py for tasks to queue
[2025-01-28T06:15:09.796+0000] {logging_mixin.py:190} INFO - [2025-01-28T06:15:09.795+0000] {dagbag.py:588} INFO - Filling up the DagBag from /home/ubuntu/.local/lib/python3.12/site-packages/airflow/example_dags/example_branch_operator_decorator.py
[2025-01-28T06:15:09.798+0000] {processor.py:927} WARNING - No viable dags retrieved from /home/ubuntu/.local/lib/python3.12/site-packages/airflow/example_dags/example_branch_operator_decorator.py
[2025-01-28T06:15:09.809+0000] {processor.py:208} INFO - Processing /home/ubuntu/.local/lib/python3.12/site-packages/airflow/example_dags/example_branch_operator_decorator.py took 0.022 seconds
[2025-01-28T06:16:27.544+0000] {processor.py:186} INFO - Started process (PID=3321) to work on /home/ubuntu/.local/lib/python3.12/site-packages/airflow/example_dags/example_branch_operator_decorator.py
[2025-01-28T06:16:27.545+0000] {processor.py:914} INFO - Processing file /home/ubuntu/.local/lib/python3.12/site-packages/airflow/example_dags/example_branch_operator_decorator.py for tasks to queue
[2025-01-28T06:16:27.548+0000] {logging_mixin.py:190} INFO - [2025-01-28T06:16:27.547+0000] {dagbag.py:588} INFO - Filling up the DagBag from /home/ubuntu/.local/lib/python3.12/site-packages/airflow/example_dags/example_branch_operator_decorator.py
[2025-01-28T06:16:27.550+0000] {processor.py:927} WARNING - No viable dags retrieved from /home/ubuntu/.local/lib/python3.12/site-packages/airflow/example_dags/example_branch_operator_decorator.py
[2025-01-28T06:16:27.560+0000] {processor.py:208} INFO - Processing /home/ubuntu/.local/lib/python3.12/site-packages/airflow/example_dags/example_branch_operator_decorator.py took 0.022 seconds
[2025-01-28T06:17:21.124+0000] {processor.py:186} INFO - Started process (PID=3380) to work on /home/ubuntu/.local/lib/python3.12/site-packages/airflow/example_dags/example_branch_operator_decorator.py
[2025-01-28T06:17:21.125+0000] {processor.py:914} INFO - Processing file /home/ubuntu/.local/lib/python3.12/site-packages/airflow/example_dags/example_branch_operator_decorator.py for tasks to queue
[2025-01-28T06:17:21.127+0000] {logging_mixin.py:190} INFO - [2025-01-28T06:17:21.127+0000] {dagbag.py:588} INFO - Filling up the DagBag from /home/ubuntu/.local/lib/python3.12/site-packages/airflow/example_dags/example_branch_operator_decorator.py
[2025-01-28T06:17:21.130+0000] {processor.py:927} WARNING - No viable dags retrieved from /home/ubuntu/.local/lib/python3.12/site-packages/airflow/example_dags/example_branch_operator_decorator.py
[2025-01-28T06:17:21.140+0000] {processor.py:208} INFO - Processing /home/ubuntu/.local/lib/python3.12/site-packages/airflow/example_dags/example_branch_operator_decorator.py took 0.021 seconds
[2025-01-28T06:18:27.835+0000] {processor.py:186} INFO - Started process (PID=3490) to work on /home/ubuntu/.local/lib/python3.12/site-packages/airflow/example_dags/example_branch_operator_decorator.py
[2025-01-28T06:18:27.837+0000] {processor.py:914} INFO - Processing file /home/ubuntu/.local/lib/python3.12/site-packages/airflow/example_dags/example_branch_operator_decorator.py for tasks to queue
[2025-01-28T06:18:27.839+0000] {logging_mixin.py:190} INFO - [2025-01-28T06:18:27.838+0000] {dagbag.py:588} INFO - Filling up the DagBag from /home/ubuntu/.local/lib/python3.12/site-packages/airflow/example_dags/example_branch_operator_decorator.py
[2025-01-28T06:18:27.842+0000] {processor.py:927} WARNING - No viable dags retrieved from /home/ubuntu/.local/lib/python3.12/site-packages/airflow/example_dags/example_branch_operator_decorator.py
[2025-01-28T06:18:27.852+0000] {processor.py:208} INFO - Processing /home/ubuntu/.local/lib/python3.12/site-packages/airflow/example_dags/example_branch_operator_decorator.py took 0.023 seconds
[2025-01-28T06:19:22.360+0000] {processor.py:186} INFO - Started process (PID=3548) to work on /home/ubuntu/.local/lib/python3.12/site-packages/airflow/example_dags/example_branch_operator_decorator.py
[2025-01-28T06:19:22.362+0000] {processor.py:914} INFO - Processing file /home/ubuntu/.local/lib/python3.12/site-packages/airflow/example_dags/example_branch_operator_decorator.py for tasks to queue
[2025-01-28T06:19:22.364+0000] {logging_mixin.py:190} INFO - [2025-01-28T06:19:22.364+0000] {dagbag.py:588} INFO - Filling up the DagBag from /home/ubuntu/.local/lib/python3.12/site-packages/airflow/example_dags/example_branch_operator_decorator.py
[2025-01-28T06:19:22.367+0000] {processor.py:927} WARNING - No viable dags retrieved from /home/ubuntu/.local/lib/python3.12/site-packages/airflow/example_dags/example_branch_operator_decorator.py
[2025-01-28T06:19:22.377+0000] {processor.py:208} INFO - Processing /home/ubuntu/.local/lib/python3.12/site-packages/airflow/example_dags/example_branch_operator_decorator.py took 0.022 seconds
[2025-01-28T06:20:41.767+0000] {processor.py:186} INFO - Started process (PID=3635) to work on /home/ubuntu/.local/lib/python3.12/site-packages/airflow/example_dags/example_branch_operator_decorator.py
[2025-01-28T06:20:41.769+0000] {processor.py:914} INFO - Processing file /home/ubuntu/.local/lib/python3.12/site-packages/airflow/example_dags/example_branch_operator_decorator.py for tasks to queue
[2025-01-28T06:20:41.771+0000] {logging_mixin.py:190} INFO - [2025-01-28T06:20:41.771+0000] {dagbag.py:588} INFO - Filling up the DagBag from /home/ubuntu/.local/lib/python3.12/site-packages/airflow/example_dags/example_branch_operator_decorator.py
[2025-01-28T06:20:41.774+0000] {processor.py:927} WARNING - No viable dags retrieved from /home/ubuntu/.local/lib/python3.12/site-packages/airflow/example_dags/example_branch_operator_decorator.py
[2025-01-28T06:20:41.784+0000] {processor.py:208} INFO - Processing /home/ubuntu/.local/lib/python3.12/site-packages/airflow/example_dags/example_branch_operator_decorator.py took 0.022 seconds
[2025-01-28T06:21:35.504+0000] {processor.py:186} INFO - Started process (PID=3831) to work on /home/ubuntu/.local/lib/python3.12/site-packages/airflow/example_dags/example_branch_operator_decorator.py
[2025-01-28T06:21:35.507+0000] {processor.py:914} INFO - Processing file /home/ubuntu/.local/lib/python3.12/site-packages/airflow/example_dags/example_branch_operator_decorator.py for tasks to queue
[2025-01-28T06:21:35.508+0000] {logging_mixin.py:190} INFO - [2025-01-28T06:21:35.508+0000] {dagbag.py:588} INFO - Filling up the DagBag from /home/ubuntu/.local/lib/python3.12/site-packages/airflow/example_dags/example_branch_operator_decorator.py
[2025-01-28T06:21:35.511+0000] {processor.py:927} WARNING - No viable dags retrieved from /home/ubuntu/.local/lib/python3.12/site-packages/airflow/example_dags/example_branch_operator_decorator.py
[2025-01-28T06:21:35.522+0000] {processor.py:208} INFO - Processing /home/ubuntu/.local/lib/python3.12/site-packages/airflow/example_dags/example_branch_operator_decorator.py took 0.023 seconds
[2025-01-28T06:22:33.379+0000] {processor.py:186} INFO - Started process (PID=3893) to work on /home/ubuntu/.local/lib/python3.12/site-packages/airflow/example_dags/example_branch_operator_decorator.py
[2025-01-28T06:22:33.382+0000] {processor.py:914} INFO - Processing file /home/ubuntu/.local/lib/python3.12/site-packages/airflow/example_dags/example_branch_operator_decorator.py for tasks to queue
[2025-01-28T06:22:33.384+0000] {logging_mixin.py:190} INFO - [2025-01-28T06:22:33.384+0000] {dagbag.py:588} INFO - Filling up the DagBag from /home/ubuntu/.local/lib/python3.12/site-packages/airflow/example_dags/example_branch_operator_decorator.py
[2025-01-28T06:22:33.387+0000] {processor.py:927} WARNING - No viable dags retrieved from /home/ubuntu/.local/lib/python3.12/site-packages/airflow/example_dags/example_branch_operator_decorator.py
[2025-01-28T06:22:33.397+0000] {processor.py:208} INFO - Processing /home/ubuntu/.local/lib/python3.12/site-packages/airflow/example_dags/example_branch_operator_decorator.py took 0.023 seconds
[2025-01-28T06:23:28.971+0000] {processor.py:186} INFO - Started process (PID=4378) to work on /home/ubuntu/.local/lib/python3.12/site-packages/airflow/example_dags/example_branch_operator_decorator.py
[2025-01-28T06:23:28.974+0000] {processor.py:914} INFO - Processing file /home/ubuntu/.local/lib/python3.12/site-packages/airflow/example_dags/example_branch_operator_decorator.py for tasks to queue
[2025-01-28T06:23:28.977+0000] {logging_mixin.py:190} INFO - [2025-01-28T06:23:28.976+0000] {dagbag.py:588} INFO - Filling up the DagBag from /home/ubuntu/.local/lib/python3.12/site-packages/airflow/example_dags/example_branch_operator_decorator.py
[2025-01-28T06:23:28.980+0000] {processor.py:927} WARNING - No viable dags retrieved from /home/ubuntu/.local/lib/python3.12/site-packages/airflow/example_dags/example_branch_operator_decorator.py
[2025-01-28T06:23:28.990+0000] {processor.py:208} INFO - Processing /home/ubuntu/.local/lib/python3.12/site-packages/airflow/example_dags/example_branch_operator_decorator.py took 0.024 seconds
[2025-01-28T06:24:24.165+0000] {processor.py:186} INFO - Started process (PID=4520) to work on /home/ubuntu/.local/lib/python3.12/site-packages/airflow/example_dags/example_branch_operator_decorator.py
[2025-01-28T06:24:24.167+0000] {processor.py:914} INFO - Processing file /home/ubuntu/.local/lib/python3.12/site-packages/airflow/example_dags/example_branch_operator_decorator.py for tasks to queue
[2025-01-28T06:24:24.169+0000] {logging_mixin.py:190} INFO - [2025-01-28T06:24:24.169+0000] {dagbag.py:588} INFO - Filling up the DagBag from /home/ubuntu/.local/lib/python3.12/site-packages/airflow/example_dags/example_branch_operator_decorator.py
[2025-01-28T06:24:24.172+0000] {processor.py:927} WARNING - No viable dags retrieved from /home/ubuntu/.local/lib/python3.12/site-packages/airflow/example_dags/example_branch_operator_decorator.py
[2025-01-28T06:24:24.182+0000] {processor.py:208} INFO - Processing /home/ubuntu/.local/lib/python3.12/site-packages/airflow/example_dags/example_branch_operator_decorator.py took 0.026 seconds
[2025-01-28T06:25:18.195+0000] {processor.py:186} INFO - Started process (PID=4948) to work on /home/ubuntu/.local/lib/python3.12/site-packages/airflow/example_dags/example_branch_operator_decorator.py
[2025-01-28T06:25:18.196+0000] {processor.py:914} INFO - Processing file /home/ubuntu/.local/lib/python3.12/site-packages/airflow/example_dags/example_branch_operator_decorator.py for tasks to queue
[2025-01-28T06:25:18.198+0000] {logging_mixin.py:190} INFO - [2025-01-28T06:25:18.198+0000] {dagbag.py:588} INFO - Filling up the DagBag from /home/ubuntu/.local/lib/python3.12/site-packages/airflow/example_dags/example_branch_operator_decorator.py
[2025-01-28T06:25:18.201+0000] {processor.py:927} WARNING - No viable dags retrieved from /home/ubuntu/.local/lib/python3.12/site-packages/airflow/example_dags/example_branch_operator_decorator.py
[2025-01-28T06:25:18.212+0000] {processor.py:208} INFO - Processing /home/ubuntu/.local/lib/python3.12/site-packages/airflow/example_dags/example_branch_operator_decorator.py took 0.021 seconds
[2025-01-28T06:26:12.300+0000] {processor.py:186} INFO - Started process (PID=5125) to work on /home/ubuntu/.local/lib/python3.12/site-packages/airflow/example_dags/example_branch_operator_decorator.py
[2025-01-28T06:26:12.303+0000] {processor.py:914} INFO - Processing file /home/ubuntu/.local/lib/python3.12/site-packages/airflow/example_dags/example_branch_operator_decorator.py for tasks to queue
[2025-01-28T06:26:12.305+0000] {logging_mixin.py:190} INFO - [2025-01-28T06:26:12.304+0000] {dagbag.py:588} INFO - Filling up the DagBag from /home/ubuntu/.local/lib/python3.12/site-packages/airflow/example_dags/example_branch_operator_decorator.py
[2025-01-28T06:26:12.308+0000] {processor.py:927} WARNING - No viable dags retrieved from /home/ubuntu/.local/lib/python3.12/site-packages/airflow/example_dags/example_branch_operator_decorator.py
[2025-01-28T06:26:12.319+0000] {processor.py:208} INFO - Processing /home/ubuntu/.local/lib/python3.12/site-packages/airflow/example_dags/example_branch_operator_decorator.py took 0.022 seconds
[2025-01-28T06:27:06.192+0000] {processor.py:186} INFO - Started process (PID=5205) to work on /home/ubuntu/.local/lib/python3.12/site-packages/airflow/example_dags/example_branch_operator_decorator.py
[2025-01-28T06:27:06.194+0000] {processor.py:914} INFO - Processing file /home/ubuntu/.local/lib/python3.12/site-packages/airflow/example_dags/example_branch_operator_decorator.py for tasks to queue
[2025-01-28T06:27:06.196+0000] {logging_mixin.py:190} INFO - [2025-01-28T06:27:06.195+0000] {dagbag.py:588} INFO - Filling up the DagBag from /home/ubuntu/.local/lib/python3.12/site-packages/airflow/example_dags/example_branch_operator_decorator.py
[2025-01-28T06:27:06.199+0000] {processor.py:927} WARNING - No viable dags retrieved from /home/ubuntu/.local/lib/python3.12/site-packages/airflow/example_dags/example_branch_operator_decorator.py
[2025-01-28T06:27:06.209+0000] {processor.py:208} INFO - Processing /home/ubuntu/.local/lib/python3.12/site-packages/airflow/example_dags/example_branch_operator_decorator.py took 0.023 seconds
[2025-01-28T06:27:59.222+0000] {processor.py:186} INFO - Started process (PID=5262) to work on /home/ubuntu/.local/lib/python3.12/site-packages/airflow/example_dags/example_branch_operator_decorator.py
[2025-01-28T06:27:59.224+0000] {processor.py:914} INFO - Processing file /home/ubuntu/.local/lib/python3.12/site-packages/airflow/example_dags/example_branch_operator_decorator.py for tasks to queue
[2025-01-28T06:27:59.225+0000] {logging_mixin.py:190} INFO - [2025-01-28T06:27:59.225+0000] {dagbag.py:588} INFO - Filling up the DagBag from /home/ubuntu/.local/lib/python3.12/site-packages/airflow/example_dags/example_branch_operator_decorator.py
[2025-01-28T06:27:59.228+0000] {processor.py:927} WARNING - No viable dags retrieved from /home/ubuntu/.local/lib/python3.12/site-packages/airflow/example_dags/example_branch_operator_decorator.py
[2025-01-28T06:27:59.238+0000] {processor.py:208} INFO - Processing /home/ubuntu/.local/lib/python3.12/site-packages/airflow/example_dags/example_branch_operator_decorator.py took 0.022 seconds
[2025-01-28T06:28:52.145+0000] {processor.py:186} INFO - Started process (PID=5519) to work on /home/ubuntu/.local/lib/python3.12/site-packages/airflow/example_dags/example_branch_operator_decorator.py
[2025-01-28T06:28:52.147+0000] {processor.py:914} INFO - Processing file /home/ubuntu/.local/lib/python3.12/site-packages/airflow/example_dags/example_branch_operator_decorator.py for tasks to queue
[2025-01-28T06:28:52.149+0000] {logging_mixin.py:190} INFO - [2025-01-28T06:28:52.149+0000] {dagbag.py:588} INFO - Filling up the DagBag from /home/ubuntu/.local/lib/python3.12/site-packages/airflow/example_dags/example_branch_operator_decorator.py
[2025-01-28T06:28:52.151+0000] {processor.py:927} WARNING - No viable dags retrieved from /home/ubuntu/.local/lib/python3.12/site-packages/airflow/example_dags/example_branch_operator_decorator.py
[2025-01-28T06:28:52.162+0000] {processor.py:208} INFO - Processing /home/ubuntu/.local/lib/python3.12/site-packages/airflow/example_dags/example_branch_operator_decorator.py took 0.022 seconds
[2025-01-28T06:29:47.418+0000] {processor.py:186} INFO - Started process (PID=5589) to work on /home/ubuntu/.local/lib/python3.12/site-packages/airflow/example_dags/example_branch_operator_decorator.py
[2025-01-28T06:29:47.420+0000] {processor.py:914} INFO - Processing file /home/ubuntu/.local/lib/python3.12/site-packages/airflow/example_dags/example_branch_operator_decorator.py for tasks to queue
[2025-01-28T06:29:47.422+0000] {logging_mixin.py:190} INFO - [2025-01-28T06:29:47.421+0000] {dagbag.py:588} INFO - Filling up the DagBag from /home/ubuntu/.local/lib/python3.12/site-packages/airflow/example_dags/example_branch_operator_decorator.py
[2025-01-28T06:29:47.425+0000] {processor.py:927} WARNING - No viable dags retrieved from /home/ubuntu/.local/lib/python3.12/site-packages/airflow/example_dags/example_branch_operator_decorator.py
[2025-01-28T06:29:47.435+0000] {processor.py:208} INFO - Processing /home/ubuntu/.local/lib/python3.12/site-packages/airflow/example_dags/example_branch_operator_decorator.py took 0.023 seconds
[2025-01-28T06:30:42.483+0000] {processor.py:186} INFO - Started process (PID=5678) to work on /home/ubuntu/.local/lib/python3.12/site-packages/airflow/example_dags/example_branch_operator_decorator.py
[2025-01-28T06:30:42.485+0000] {processor.py:914} INFO - Processing file /home/ubuntu/.local/lib/python3.12/site-packages/airflow/example_dags/example_branch_operator_decorator.py for tasks to queue
[2025-01-28T06:30:42.487+0000] {logging_mixin.py:190} INFO - [2025-01-28T06:30:42.487+0000] {dagbag.py:588} INFO - Filling up the DagBag from /home/ubuntu/.local/lib/python3.12/site-packages/airflow/example_dags/example_branch_operator_decorator.py
[2025-01-28T06:30:42.490+0000] {processor.py:927} WARNING - No viable dags retrieved from /home/ubuntu/.local/lib/python3.12/site-packages/airflow/example_dags/example_branch_operator_decorator.py
[2025-01-28T06:30:42.500+0000] {processor.py:208} INFO - Processing /home/ubuntu/.local/lib/python3.12/site-packages/airflow/example_dags/example_branch_operator_decorator.py took 0.022 seconds
[2025-01-28T06:32:01.912+0000] {processor.py:186} INFO - Started process (PID=5782) to work on /home/ubuntu/.local/lib/python3.12/site-packages/airflow/example_dags/example_branch_operator_decorator.py
[2025-01-28T06:32:01.914+0000] {processor.py:914} INFO - Processing file /home/ubuntu/.local/lib/python3.12/site-packages/airflow/example_dags/example_branch_operator_decorator.py for tasks to queue
[2025-01-28T06:32:01.916+0000] {logging_mixin.py:190} INFO - [2025-01-28T06:32:01.916+0000] {dagbag.py:588} INFO - Filling up the DagBag from /home/ubuntu/.local/lib/python3.12/site-packages/airflow/example_dags/example_branch_operator_decorator.py
[2025-01-28T06:32:01.920+0000] {processor.py:927} WARNING - No viable dags retrieved from /home/ubuntu/.local/lib/python3.12/site-packages/airflow/example_dags/example_branch_operator_decorator.py
[2025-01-28T06:32:01.930+0000] {processor.py:208} INFO - Processing /home/ubuntu/.local/lib/python3.12/site-packages/airflow/example_dags/example_branch_operator_decorator.py took 0.023 seconds
[2025-01-28T06:32:59.693+0000] {processor.py:186} INFO - Started process (PID=5841) to work on /home/ubuntu/.local/lib/python3.12/site-packages/airflow/example_dags/example_branch_operator_decorator.py
[2025-01-28T06:32:59.695+0000] {processor.py:914} INFO - Processing file /home/ubuntu/.local/lib/python3.12/site-packages/airflow/example_dags/example_branch_operator_decorator.py for tasks to queue
[2025-01-28T06:32:59.697+0000] {logging_mixin.py:190} INFO - [2025-01-28T06:32:59.697+0000] {dagbag.py:588} INFO - Filling up the DagBag from /home/ubuntu/.local/lib/python3.12/site-packages/airflow/example_dags/example_branch_operator_decorator.py
[2025-01-28T06:32:59.699+0000] {processor.py:927} WARNING - No viable dags retrieved from /home/ubuntu/.local/lib/python3.12/site-packages/airflow/example_dags/example_branch_operator_decorator.py
[2025-01-28T06:32:59.709+0000] {processor.py:208} INFO - Processing /home/ubuntu/.local/lib/python3.12/site-packages/airflow/example_dags/example_branch_operator_decorator.py took 0.022 seconds
[2025-01-28T06:33:59.421+0000] {processor.py:186} INFO - Started process (PID=5906) to work on /home/ubuntu/.local/lib/python3.12/site-packages/airflow/example_dags/example_branch_operator_decorator.py
[2025-01-28T06:33:59.423+0000] {processor.py:914} INFO - Processing file /home/ubuntu/.local/lib/python3.12/site-packages/airflow/example_dags/example_branch_operator_decorator.py for tasks to queue
[2025-01-28T06:33:59.425+0000] {logging_mixin.py:190} INFO - [2025-01-28T06:33:59.425+0000] {dagbag.py:588} INFO - Filling up the DagBag from /home/ubuntu/.local/lib/python3.12/site-packages/airflow/example_dags/example_branch_operator_decorator.py
[2025-01-28T06:33:59.428+0000] {processor.py:927} WARNING - No viable dags retrieved from /home/ubuntu/.local/lib/python3.12/site-packages/airflow/example_dags/example_branch_operator_decorator.py
[2025-01-28T06:33:59.439+0000] {processor.py:208} INFO - Processing /home/ubuntu/.local/lib/python3.12/site-packages/airflow/example_dags/example_branch_operator_decorator.py took 0.023 seconds
[2025-01-28T06:34:57.656+0000] {processor.py:186} INFO - Started process (PID=5965) to work on /home/ubuntu/.local/lib/python3.12/site-packages/airflow/example_dags/example_branch_operator_decorator.py
[2025-01-28T06:34:57.659+0000] {processor.py:914} INFO - Processing file /home/ubuntu/.local/lib/python3.12/site-packages/airflow/example_dags/example_branch_operator_decorator.py for tasks to queue
[2025-01-28T06:34:57.662+0000] {logging_mixin.py:190} INFO - [2025-01-28T06:34:57.661+0000] {dagbag.py:588} INFO - Filling up the DagBag from /home/ubuntu/.local/lib/python3.12/site-packages/airflow/example_dags/example_branch_operator_decorator.py
[2025-01-28T06:34:57.664+0000] {processor.py:927} WARNING - No viable dags retrieved from /home/ubuntu/.local/lib/python3.12/site-packages/airflow/example_dags/example_branch_operator_decorator.py
[2025-01-28T06:34:57.674+0000] {processor.py:208} INFO - Processing /home/ubuntu/.local/lib/python3.12/site-packages/airflow/example_dags/example_branch_operator_decorator.py took 0.024 seconds
[2025-01-28T06:35:52.038+0000] {processor.py:186} INFO - Started process (PID=6025) to work on /home/ubuntu/.local/lib/python3.12/site-packages/airflow/example_dags/example_branch_operator_decorator.py
[2025-01-28T06:35:52.040+0000] {processor.py:914} INFO - Processing file /home/ubuntu/.local/lib/python3.12/site-packages/airflow/example_dags/example_branch_operator_decorator.py for tasks to queue
[2025-01-28T06:35:52.042+0000] {logging_mixin.py:190} INFO - [2025-01-28T06:35:52.041+0000] {dagbag.py:588} INFO - Filling up the DagBag from /home/ubuntu/.local/lib/python3.12/site-packages/airflow/example_dags/example_branch_operator_decorator.py
[2025-01-28T06:35:52.045+0000] {processor.py:927} WARNING - No viable dags retrieved from /home/ubuntu/.local/lib/python3.12/site-packages/airflow/example_dags/example_branch_operator_decorator.py
[2025-01-28T06:35:52.055+0000] {processor.py:208} INFO - Processing /home/ubuntu/.local/lib/python3.12/site-packages/airflow/example_dags/example_branch_operator_decorator.py took 0.022 seconds
[2025-01-28T06:37:09.765+0000] {processor.py:186} INFO - Started process (PID=6105) to work on /home/ubuntu/.local/lib/python3.12/site-packages/airflow/example_dags/example_branch_operator_decorator.py
[2025-01-28T06:37:09.766+0000] {processor.py:914} INFO - Processing file /home/ubuntu/.local/lib/python3.12/site-packages/airflow/example_dags/example_branch_operator_decorator.py for tasks to queue
[2025-01-28T06:37:09.769+0000] {logging_mixin.py:190} INFO - [2025-01-28T06:37:09.769+0000] {dagbag.py:588} INFO - Filling up the DagBag from /home/ubuntu/.local/lib/python3.12/site-packages/airflow/example_dags/example_branch_operator_decorator.py
[2025-01-28T06:37:09.771+0000] {processor.py:927} WARNING - No viable dags retrieved from /home/ubuntu/.local/lib/python3.12/site-packages/airflow/example_dags/example_branch_operator_decorator.py
[2025-01-28T06:37:09.782+0000] {processor.py:208} INFO - Processing /home/ubuntu/.local/lib/python3.12/site-packages/airflow/example_dags/example_branch_operator_decorator.py took 0.022 seconds
[2025-01-28T06:38:28.413+0000] {processor.py:186} INFO - Started process (PID=6187) to work on /home/ubuntu/.local/lib/python3.12/site-packages/airflow/example_dags/example_branch_operator_decorator.py
[2025-01-28T06:38:28.416+0000] {processor.py:914} INFO - Processing file /home/ubuntu/.local/lib/python3.12/site-packages/airflow/example_dags/example_branch_operator_decorator.py for tasks to queue
[2025-01-28T06:38:28.418+0000] {logging_mixin.py:190} INFO - [2025-01-28T06:38:28.418+0000] {dagbag.py:588} INFO - Filling up the DagBag from /home/ubuntu/.local/lib/python3.12/site-packages/airflow/example_dags/example_branch_operator_decorator.py
[2025-01-28T06:38:28.421+0000] {processor.py:927} WARNING - No viable dags retrieved from /home/ubuntu/.local/lib/python3.12/site-packages/airflow/example_dags/example_branch_operator_decorator.py
[2025-01-28T06:38:28.432+0000] {processor.py:208} INFO - Processing /home/ubuntu/.local/lib/python3.12/site-packages/airflow/example_dags/example_branch_operator_decorator.py took 0.023 seconds
[2025-01-28T06:39:23.928+0000] {processor.py:186} INFO - Started process (PID=6244) to work on /home/ubuntu/.local/lib/python3.12/site-packages/airflow/example_dags/example_branch_operator_decorator.py
[2025-01-28T06:39:23.931+0000] {processor.py:914} INFO - Processing file /home/ubuntu/.local/lib/python3.12/site-packages/airflow/example_dags/example_branch_operator_decorator.py for tasks to queue
[2025-01-28T06:39:23.933+0000] {logging_mixin.py:190} INFO - [2025-01-28T06:39:23.932+0000] {dagbag.py:588} INFO - Filling up the DagBag from /home/ubuntu/.local/lib/python3.12/site-packages/airflow/example_dags/example_branch_operator_decorator.py
[2025-01-28T06:39:23.936+0000] {processor.py:927} WARNING - No viable dags retrieved from /home/ubuntu/.local/lib/python3.12/site-packages/airflow/example_dags/example_branch_operator_decorator.py
[2025-01-28T06:39:23.946+0000] {processor.py:208} INFO - Processing /home/ubuntu/.local/lib/python3.12/site-packages/airflow/example_dags/example_branch_operator_decorator.py took 0.023 seconds
[2025-01-28T06:40:21.576+0000] {processor.py:186} INFO - Started process (PID=6306) to work on /home/ubuntu/.local/lib/python3.12/site-packages/airflow/example_dags/example_branch_operator_decorator.py
[2025-01-28T06:40:21.578+0000] {processor.py:914} INFO - Processing file /home/ubuntu/.local/lib/python3.12/site-packages/airflow/example_dags/example_branch_operator_decorator.py for tasks to queue
[2025-01-28T06:40:21.580+0000] {logging_mixin.py:190} INFO - [2025-01-28T06:40:21.580+0000] {dagbag.py:588} INFO - Filling up the DagBag from /home/ubuntu/.local/lib/python3.12/site-packages/airflow/example_dags/example_branch_operator_decorator.py
[2025-01-28T06:40:21.582+0000] {processor.py:927} WARNING - No viable dags retrieved from /home/ubuntu/.local/lib/python3.12/site-packages/airflow/example_dags/example_branch_operator_decorator.py
[2025-01-28T06:40:21.593+0000] {processor.py:208} INFO - Processing /home/ubuntu/.local/lib/python3.12/site-packages/airflow/example_dags/example_branch_operator_decorator.py took 0.021 seconds
[2025-01-28T06:41:19.744+0000] {processor.py:186} INFO - Started process (PID=6391) to work on /home/ubuntu/.local/lib/python3.12/site-packages/airflow/example_dags/example_branch_operator_decorator.py
[2025-01-28T06:41:19.746+0000] {processor.py:914} INFO - Processing file /home/ubuntu/.local/lib/python3.12/site-packages/airflow/example_dags/example_branch_operator_decorator.py for tasks to queue
[2025-01-28T06:41:19.752+0000] {logging_mixin.py:190} INFO - [2025-01-28T06:41:19.749+0000] {dagbag.py:588} INFO - Filling up the DagBag from /home/ubuntu/.local/lib/python3.12/site-packages/airflow/example_dags/example_branch_operator_decorator.py
[2025-01-28T06:41:19.757+0000] {processor.py:927} WARNING - No viable dags retrieved from /home/ubuntu/.local/lib/python3.12/site-packages/airflow/example_dags/example_branch_operator_decorator.py
[2025-01-28T06:41:19.792+0000] {processor.py:208} INFO - Processing /home/ubuntu/.local/lib/python3.12/site-packages/airflow/example_dags/example_branch_operator_decorator.py took 0.060 seconds
[2025-01-28T06:42:23.203+0000] {processor.py:186} INFO - Started process (PID=6559) to work on /home/ubuntu/.local/lib/python3.12/site-packages/airflow/example_dags/example_branch_operator_decorator.py
[2025-01-28T06:42:23.204+0000] {processor.py:914} INFO - Processing file /home/ubuntu/.local/lib/python3.12/site-packages/airflow/example_dags/example_branch_operator_decorator.py for tasks to queue
[2025-01-28T06:42:23.206+0000] {logging_mixin.py:190} INFO - [2025-01-28T06:42:23.206+0000] {dagbag.py:588} INFO - Filling up the DagBag from /home/ubuntu/.local/lib/python3.12/site-packages/airflow/example_dags/example_branch_operator_decorator.py
[2025-01-28T06:42:23.209+0000] {processor.py:927} WARNING - No viable dags retrieved from /home/ubuntu/.local/lib/python3.12/site-packages/airflow/example_dags/example_branch_operator_decorator.py
[2025-01-28T06:42:23.220+0000] {processor.py:208} INFO - Processing /home/ubuntu/.local/lib/python3.12/site-packages/airflow/example_dags/example_branch_operator_decorator.py took 0.022 seconds
[2025-01-28T06:43:20.002+0000] {processor.py:186} INFO - Started process (PID=6617) to work on /home/ubuntu/.local/lib/python3.12/site-packages/airflow/example_dags/example_branch_operator_decorator.py
[2025-01-28T06:43:20.004+0000] {processor.py:914} INFO - Processing file /home/ubuntu/.local/lib/python3.12/site-packages/airflow/example_dags/example_branch_operator_decorator.py for tasks to queue
[2025-01-28T06:43:20.007+0000] {logging_mixin.py:190} INFO - [2025-01-28T06:43:20.006+0000] {dagbag.py:588} INFO - Filling up the DagBag from /home/ubuntu/.local/lib/python3.12/site-packages/airflow/example_dags/example_branch_operator_decorator.py
[2025-01-28T06:43:20.009+0000] {processor.py:927} WARNING - No viable dags retrieved from /home/ubuntu/.local/lib/python3.12/site-packages/airflow/example_dags/example_branch_operator_decorator.py
[2025-01-28T06:43:20.020+0000] {processor.py:208} INFO - Processing /home/ubuntu/.local/lib/python3.12/site-packages/airflow/example_dags/example_branch_operator_decorator.py took 0.023 seconds
[2025-01-28T06:44:25.538+0000] {processor.py:186} INFO - Started process (PID=6679) to work on /home/ubuntu/.local/lib/python3.12/site-packages/airflow/example_dags/example_branch_operator_decorator.py
[2025-01-28T06:44:25.540+0000] {processor.py:914} INFO - Processing file /home/ubuntu/.local/lib/python3.12/site-packages/airflow/example_dags/example_branch_operator_decorator.py for tasks to queue
[2025-01-28T06:44:25.542+0000] {logging_mixin.py:190} INFO - [2025-01-28T06:44:25.542+0000] {dagbag.py:588} INFO - Filling up the DagBag from /home/ubuntu/.local/lib/python3.12/site-packages/airflow/example_dags/example_branch_operator_decorator.py
[2025-01-28T06:44:25.544+0000] {processor.py:927} WARNING - No viable dags retrieved from /home/ubuntu/.local/lib/python3.12/site-packages/airflow/example_dags/example_branch_operator_decorator.py
[2025-01-28T06:44:25.555+0000] {processor.py:208} INFO - Processing /home/ubuntu/.local/lib/python3.12/site-packages/airflow/example_dags/example_branch_operator_decorator.py took 0.022 seconds
[2025-01-28T06:45:30.282+0000] {processor.py:186} INFO - Started process (PID=6745) to work on /home/ubuntu/.local/lib/python3.12/site-packages/airflow/example_dags/example_branch_operator_decorator.py
[2025-01-28T06:45:30.285+0000] {processor.py:914} INFO - Processing file /home/ubuntu/.local/lib/python3.12/site-packages/airflow/example_dags/example_branch_operator_decorator.py for tasks to queue
[2025-01-28T06:45:30.287+0000] {logging_mixin.py:190} INFO - [2025-01-28T06:45:30.286+0000] {dagbag.py:588} INFO - Filling up the DagBag from /home/ubuntu/.local/lib/python3.12/site-packages/airflow/example_dags/example_branch_operator_decorator.py
[2025-01-28T06:45:30.289+0000] {processor.py:927} WARNING - No viable dags retrieved from /home/ubuntu/.local/lib/python3.12/site-packages/airflow/example_dags/example_branch_operator_decorator.py
[2025-01-28T06:45:30.300+0000] {processor.py:208} INFO - Processing /home/ubuntu/.local/lib/python3.12/site-packages/airflow/example_dags/example_branch_operator_decorator.py took 0.022 seconds
[2025-01-28T06:46:26.936+0000] {processor.py:186} INFO - Started process (PID=6967) to work on /home/ubuntu/.local/lib/python3.12/site-packages/airflow/example_dags/example_branch_operator_decorator.py
[2025-01-28T06:46:26.938+0000] {processor.py:914} INFO - Processing file /home/ubuntu/.local/lib/python3.12/site-packages/airflow/example_dags/example_branch_operator_decorator.py for tasks to queue
[2025-01-28T06:46:26.941+0000] {logging_mixin.py:190} INFO - [2025-01-28T06:46:26.940+0000] {dagbag.py:588} INFO - Filling up the DagBag from /home/ubuntu/.local/lib/python3.12/site-packages/airflow/example_dags/example_branch_operator_decorator.py
[2025-01-28T06:46:26.943+0000] {processor.py:927} WARNING - No viable dags retrieved from /home/ubuntu/.local/lib/python3.12/site-packages/airflow/example_dags/example_branch_operator_decorator.py
[2025-01-28T06:46:26.954+0000] {processor.py:208} INFO - Processing /home/ubuntu/.local/lib/python3.12/site-packages/airflow/example_dags/example_branch_operator_decorator.py took 0.023 seconds
