[2025-01-28T03:39:38.500+0000] {processor.py:186} INFO - Started process (PID=9638) to work on /home/ubuntu/airflow-venv/lib/python3.12/site-packages/airflow/example_dags/example_skip_dag.py
[2025-01-28T03:39:38.501+0000] {processor.py:914} INFO - Processing file /home/ubuntu/airflow-venv/lib/python3.12/site-packages/airflow/example_dags/example_skip_dag.py for tasks to queue
[2025-01-28T03:39:38.503+0000] {logging_mixin.py:190} INFO - [2025-01-28T03:39:38.503+0000] {dagbag.py:588} INFO - Filling up the DagBag from /home/ubuntu/airflow-venv/lib/python3.12/site-packages/airflow/example_dags/example_skip_dag.py
[2025-01-28T03:39:38.512+0000] {processor.py:925} INFO - DAG(s) 'example_skip_dag' retrieved from /home/ubuntu/airflow-venv/lib/python3.12/site-packages/airflow/example_dags/example_skip_dag.py
[2025-01-28T03:39:38.615+0000] {logging_mixin.py:190} INFO - [2025-01-28T03:39:38.614+0000] {override.py:1912} INFO - Created Permission View: can read on DAG:example_skip_dag
[2025-01-28T03:39:38.629+0000] {logging_mixin.py:190} INFO - [2025-01-28T03:39:38.629+0000] {override.py:1912} INFO - Created Permission View: can delete on DAG:example_skip_dag
[2025-01-28T03:39:38.640+0000] {logging_mixin.py:190} INFO - [2025-01-28T03:39:38.640+0000] {override.py:1912} INFO - Created Permission View: can edit on DAG:example_skip_dag
[2025-01-28T03:39:38.660+0000] {logging_mixin.py:190} INFO - [2025-01-28T03:39:38.659+0000] {override.py:1912} INFO - Created Permission View: menu access on DAG Run:example_skip_dag
[2025-01-28T03:39:38.671+0000] {logging_mixin.py:190} INFO - [2025-01-28T03:39:38.671+0000] {override.py:1912} INFO - Created Permission View: can read on DAG Run:example_skip_dag
[2025-01-28T03:39:38.682+0000] {logging_mixin.py:190} INFO - [2025-01-28T03:39:38.681+0000] {override.py:1912} INFO - Created Permission View: can delete on DAG Run:example_skip_dag
[2025-01-28T03:39:38.693+0000] {logging_mixin.py:190} INFO - [2025-01-28T03:39:38.693+0000] {override.py:1912} INFO - Created Permission View: can create on DAG Run:example_skip_dag
[2025-01-28T03:39:38.693+0000] {logging_mixin.py:190} INFO - [2025-01-28T03:39:38.693+0000] {dag.py:3239} INFO - Sync 1 DAGs
[2025-01-28T03:39:38.704+0000] {logging_mixin.py:190} INFO - [2025-01-28T03:39:38.704+0000] {dag.py:3262} INFO - Creating ORM DAG for example_skip_dag
[2025-01-28T03:39:38.711+0000] {logging_mixin.py:190} INFO - [2025-01-28T03:39:38.711+0000] {dag.py:4180} INFO - Setting next_dagrun for example_skip_dag to 2025-01-27 00:00:00+00:00, run_after=2025-01-28 00:00:00+00:00
[2025-01-28T03:39:38.732+0000] {processor.py:208} INFO - Processing /home/ubuntu/airflow-venv/lib/python3.12/site-packages/airflow/example_dags/example_skip_dag.py took 0.237 seconds
[2025-01-28T03:40:44.702+0000] {processor.py:186} INFO - Started process (PID=9699) to work on /home/ubuntu/airflow-venv/lib/python3.12/site-packages/airflow/example_dags/example_skip_dag.py
[2025-01-28T03:40:44.765+0000] {processor.py:914} INFO - Processing file /home/ubuntu/airflow-venv/lib/python3.12/site-packages/airflow/example_dags/example_skip_dag.py for tasks to queue
[2025-01-28T03:40:44.767+0000] {logging_mixin.py:190} INFO - [2025-01-28T03:40:44.767+0000] {dagbag.py:588} INFO - Filling up the DagBag from /home/ubuntu/airflow-venv/lib/python3.12/site-packages/airflow/example_dags/example_skip_dag.py
[2025-01-28T03:40:44.776+0000] {processor.py:925} INFO - DAG(s) 'example_skip_dag' retrieved from /home/ubuntu/airflow-venv/lib/python3.12/site-packages/airflow/example_dags/example_skip_dag.py
[2025-01-28T03:40:44.792+0000] {logging_mixin.py:190} INFO - [2025-01-28T03:40:44.792+0000] {dag.py:3239} INFO - Sync 1 DAGs
[2025-01-28T03:40:44.810+0000] {logging_mixin.py:190} INFO - [2025-01-28T03:40:44.809+0000] {dag.py:4180} INFO - Setting next_dagrun for example_skip_dag to 2025-01-27 00:00:00+00:00, run_after=2025-01-28 00:00:00+00:00
[2025-01-28T03:40:44.832+0000] {processor.py:208} INFO - Processing /home/ubuntu/airflow-venv/lib/python3.12/site-packages/airflow/example_dags/example_skip_dag.py took 0.136 seconds
[2025-01-28T03:43:23.045+0000] {processor.py:186} INFO - Started process (PID=9800) to work on /home/ubuntu/airflow-venv/lib/python3.12/site-packages/airflow/example_dags/example_skip_dag.py
[2025-01-28T03:43:23.046+0000] {processor.py:914} INFO - Processing file /home/ubuntu/airflow-venv/lib/python3.12/site-packages/airflow/example_dags/example_skip_dag.py for tasks to queue
[2025-01-28T03:43:23.048+0000] {logging_mixin.py:190} INFO - [2025-01-28T03:43:23.048+0000] {dagbag.py:588} INFO - Filling up the DagBag from /home/ubuntu/airflow-venv/lib/python3.12/site-packages/airflow/example_dags/example_skip_dag.py
[2025-01-28T03:43:23.055+0000] {processor.py:925} INFO - DAG(s) 'example_skip_dag' retrieved from /home/ubuntu/airflow-venv/lib/python3.12/site-packages/airflow/example_dags/example_skip_dag.py
[2025-01-28T03:43:23.073+0000] {logging_mixin.py:190} INFO - [2025-01-28T03:43:23.073+0000] {dag.py:3239} INFO - Sync 1 DAGs
[2025-01-28T03:43:23.091+0000] {logging_mixin.py:190} INFO - [2025-01-28T03:43:23.091+0000] {dag.py:4180} INFO - Setting next_dagrun for example_skip_dag to 2025-01-27 00:00:00+00:00, run_after=2025-01-28 00:00:00+00:00
[2025-01-28T03:43:23.114+0000] {processor.py:208} INFO - Processing /home/ubuntu/airflow-venv/lib/python3.12/site-packages/airflow/example_dags/example_skip_dag.py took 0.074 seconds
[2025-01-28T03:44:18.775+0000] {processor.py:186} INFO - Started process (PID=9858) to work on /home/ubuntu/airflow-venv/lib/python3.12/site-packages/airflow/example_dags/example_skip_dag.py
[2025-01-28T03:44:18.776+0000] {processor.py:914} INFO - Processing file /home/ubuntu/airflow-venv/lib/python3.12/site-packages/airflow/example_dags/example_skip_dag.py for tasks to queue
[2025-01-28T03:44:18.778+0000] {logging_mixin.py:190} INFO - [2025-01-28T03:44:18.778+0000] {dagbag.py:588} INFO - Filling up the DagBag from /home/ubuntu/airflow-venv/lib/python3.12/site-packages/airflow/example_dags/example_skip_dag.py
[2025-01-28T03:44:18.787+0000] {processor.py:925} INFO - DAG(s) 'example_skip_dag' retrieved from /home/ubuntu/airflow-venv/lib/python3.12/site-packages/airflow/example_dags/example_skip_dag.py
[2025-01-28T03:44:18.809+0000] {logging_mixin.py:190} INFO - [2025-01-28T03:44:18.809+0000] {dag.py:3239} INFO - Sync 1 DAGs
[2025-01-28T03:44:18.827+0000] {logging_mixin.py:190} INFO - [2025-01-28T03:44:18.827+0000] {dag.py:4180} INFO - Setting next_dagrun for example_skip_dag to 2025-01-27 00:00:00+00:00, run_after=2025-01-28 00:00:00+00:00
[2025-01-28T03:44:18.849+0000] {processor.py:208} INFO - Processing /home/ubuntu/airflow-venv/lib/python3.12/site-packages/airflow/example_dags/example_skip_dag.py took 0.080 seconds
[2025-01-28T03:45:10.555+0000] {processor.py:186} INFO - Started process (PID=9916) to work on /home/ubuntu/airflow-venv/lib/python3.12/site-packages/airflow/example_dags/example_skip_dag.py
[2025-01-28T03:45:10.558+0000] {processor.py:914} INFO - Processing file /home/ubuntu/airflow-venv/lib/python3.12/site-packages/airflow/example_dags/example_skip_dag.py for tasks to queue
[2025-01-28T03:45:10.560+0000] {logging_mixin.py:190} INFO - [2025-01-28T03:45:10.560+0000] {dagbag.py:588} INFO - Filling up the DagBag from /home/ubuntu/airflow-venv/lib/python3.12/site-packages/airflow/example_dags/example_skip_dag.py
[2025-01-28T03:45:10.567+0000] {processor.py:925} INFO - DAG(s) 'example_skip_dag' retrieved from /home/ubuntu/airflow-venv/lib/python3.12/site-packages/airflow/example_dags/example_skip_dag.py
[2025-01-28T03:45:10.583+0000] {logging_mixin.py:190} INFO - [2025-01-28T03:45:10.583+0000] {dag.py:3239} INFO - Sync 1 DAGs
[2025-01-28T03:45:10.601+0000] {logging_mixin.py:190} INFO - [2025-01-28T03:45:10.601+0000] {dag.py:4180} INFO - Setting next_dagrun for example_skip_dag to 2025-01-27 00:00:00+00:00, run_after=2025-01-28 00:00:00+00:00
[2025-01-28T03:45:10.622+0000] {processor.py:208} INFO - Processing /home/ubuntu/airflow-venv/lib/python3.12/site-packages/airflow/example_dags/example_skip_dag.py took 0.072 seconds
[2025-01-28T03:46:02.161+0000] {processor.py:186} INFO - Started process (PID=9969) to work on /home/ubuntu/airflow-venv/lib/python3.12/site-packages/airflow/example_dags/example_skip_dag.py
[2025-01-28T03:46:02.162+0000] {processor.py:914} INFO - Processing file /home/ubuntu/airflow-venv/lib/python3.12/site-packages/airflow/example_dags/example_skip_dag.py for tasks to queue
[2025-01-28T03:46:02.165+0000] {logging_mixin.py:190} INFO - [2025-01-28T03:46:02.164+0000] {dagbag.py:588} INFO - Filling up the DagBag from /home/ubuntu/airflow-venv/lib/python3.12/site-packages/airflow/example_dags/example_skip_dag.py
[2025-01-28T03:46:02.172+0000] {processor.py:925} INFO - DAG(s) 'example_skip_dag' retrieved from /home/ubuntu/airflow-venv/lib/python3.12/site-packages/airflow/example_dags/example_skip_dag.py
[2025-01-28T03:46:02.189+0000] {logging_mixin.py:190} INFO - [2025-01-28T03:46:02.188+0000] {dag.py:3239} INFO - Sync 1 DAGs
[2025-01-28T03:46:02.208+0000] {logging_mixin.py:190} INFO - [2025-01-28T03:46:02.208+0000] {dag.py:4180} INFO - Setting next_dagrun for example_skip_dag to 2025-01-27 00:00:00+00:00, run_after=2025-01-28 00:00:00+00:00
[2025-01-28T03:46:02.231+0000] {processor.py:208} INFO - Processing /home/ubuntu/airflow-venv/lib/python3.12/site-packages/airflow/example_dags/example_skip_dag.py took 0.076 seconds
[2025-01-28T03:46:55.346+0000] {processor.py:186} INFO - Started process (PID=10023) to work on /home/ubuntu/airflow-venv/lib/python3.12/site-packages/airflow/example_dags/example_skip_dag.py
[2025-01-28T03:46:55.348+0000] {processor.py:914} INFO - Processing file /home/ubuntu/airflow-venv/lib/python3.12/site-packages/airflow/example_dags/example_skip_dag.py for tasks to queue
[2025-01-28T03:46:55.350+0000] {logging_mixin.py:190} INFO - [2025-01-28T03:46:55.350+0000] {dagbag.py:588} INFO - Filling up the DagBag from /home/ubuntu/airflow-venv/lib/python3.12/site-packages/airflow/example_dags/example_skip_dag.py
[2025-01-28T03:46:55.358+0000] {processor.py:925} INFO - DAG(s) 'example_skip_dag' retrieved from /home/ubuntu/airflow-venv/lib/python3.12/site-packages/airflow/example_dags/example_skip_dag.py
[2025-01-28T03:46:55.374+0000] {logging_mixin.py:190} INFO - [2025-01-28T03:46:55.374+0000] {dag.py:3239} INFO - Sync 1 DAGs
[2025-01-28T03:46:55.392+0000] {logging_mixin.py:190} INFO - [2025-01-28T03:46:55.392+0000] {dag.py:4180} INFO - Setting next_dagrun for example_skip_dag to 2025-01-27 00:00:00+00:00, run_after=2025-01-28 00:00:00+00:00
[2025-01-28T03:46:55.414+0000] {processor.py:208} INFO - Processing /home/ubuntu/airflow-venv/lib/python3.12/site-packages/airflow/example_dags/example_skip_dag.py took 0.073 seconds
[2025-01-28T03:47:48.333+0000] {processor.py:186} INFO - Started process (PID=10078) to work on /home/ubuntu/airflow-venv/lib/python3.12/site-packages/airflow/example_dags/example_skip_dag.py
[2025-01-28T03:47:48.335+0000] {processor.py:914} INFO - Processing file /home/ubuntu/airflow-venv/lib/python3.12/site-packages/airflow/example_dags/example_skip_dag.py for tasks to queue
[2025-01-28T03:47:48.337+0000] {logging_mixin.py:190} INFO - [2025-01-28T03:47:48.337+0000] {dagbag.py:588} INFO - Filling up the DagBag from /home/ubuntu/airflow-venv/lib/python3.12/site-packages/airflow/example_dags/example_skip_dag.py
[2025-01-28T03:47:48.345+0000] {processor.py:925} INFO - DAG(s) 'example_skip_dag' retrieved from /home/ubuntu/airflow-venv/lib/python3.12/site-packages/airflow/example_dags/example_skip_dag.py
[2025-01-28T03:47:48.361+0000] {logging_mixin.py:190} INFO - [2025-01-28T03:47:48.361+0000] {dag.py:3239} INFO - Sync 1 DAGs
[2025-01-28T03:47:48.379+0000] {logging_mixin.py:190} INFO - [2025-01-28T03:47:48.378+0000] {dag.py:4180} INFO - Setting next_dagrun for example_skip_dag to 2025-01-27 00:00:00+00:00, run_after=2025-01-28 00:00:00+00:00
[2025-01-28T03:47:48.401+0000] {processor.py:208} INFO - Processing /home/ubuntu/airflow-venv/lib/python3.12/site-packages/airflow/example_dags/example_skip_dag.py took 0.073 seconds
[2025-01-28T03:48:41.526+0000] {processor.py:186} INFO - Started process (PID=10135) to work on /home/ubuntu/airflow-venv/lib/python3.12/site-packages/airflow/example_dags/example_skip_dag.py
[2025-01-28T03:48:41.528+0000] {processor.py:914} INFO - Processing file /home/ubuntu/airflow-venv/lib/python3.12/site-packages/airflow/example_dags/example_skip_dag.py for tasks to queue
[2025-01-28T03:48:41.529+0000] {logging_mixin.py:190} INFO - [2025-01-28T03:48:41.529+0000] {dagbag.py:588} INFO - Filling up the DagBag from /home/ubuntu/airflow-venv/lib/python3.12/site-packages/airflow/example_dags/example_skip_dag.py
[2025-01-28T03:48:41.538+0000] {processor.py:925} INFO - DAG(s) 'example_skip_dag' retrieved from /home/ubuntu/airflow-venv/lib/python3.12/site-packages/airflow/example_dags/example_skip_dag.py
[2025-01-28T03:48:41.553+0000] {logging_mixin.py:190} INFO - [2025-01-28T03:48:41.553+0000] {dag.py:3239} INFO - Sync 1 DAGs
[2025-01-28T03:48:41.571+0000] {logging_mixin.py:190} INFO - [2025-01-28T03:48:41.570+0000] {dag.py:4180} INFO - Setting next_dagrun for example_skip_dag to 2025-01-27 00:00:00+00:00, run_after=2025-01-28 00:00:00+00:00
[2025-01-28T03:48:41.592+0000] {processor.py:208} INFO - Processing /home/ubuntu/airflow-venv/lib/python3.12/site-packages/airflow/example_dags/example_skip_dag.py took 0.071 seconds
[2025-01-28T03:49:31.777+0000] {processor.py:186} INFO - Started process (PID=10187) to work on /home/ubuntu/airflow-venv/lib/python3.12/site-packages/airflow/example_dags/example_skip_dag.py
[2025-01-28T03:49:31.779+0000] {processor.py:914} INFO - Processing file /home/ubuntu/airflow-venv/lib/python3.12/site-packages/airflow/example_dags/example_skip_dag.py for tasks to queue
[2025-01-28T03:49:31.781+0000] {logging_mixin.py:190} INFO - [2025-01-28T03:49:31.781+0000] {dagbag.py:588} INFO - Filling up the DagBag from /home/ubuntu/airflow-venv/lib/python3.12/site-packages/airflow/example_dags/example_skip_dag.py
[2025-01-28T03:49:31.789+0000] {processor.py:925} INFO - DAG(s) 'example_skip_dag' retrieved from /home/ubuntu/airflow-venv/lib/python3.12/site-packages/airflow/example_dags/example_skip_dag.py
[2025-01-28T03:49:31.805+0000] {logging_mixin.py:190} INFO - [2025-01-28T03:49:31.805+0000] {dag.py:3239} INFO - Sync 1 DAGs
[2025-01-28T03:49:31.832+0000] {logging_mixin.py:190} INFO - [2025-01-28T03:49:31.832+0000] {dag.py:4180} INFO - Setting next_dagrun for example_skip_dag to 2025-01-27 00:00:00+00:00, run_after=2025-01-28 00:00:00+00:00
[2025-01-28T03:49:31.858+0000] {processor.py:208} INFO - Processing /home/ubuntu/airflow-venv/lib/python3.12/site-packages/airflow/example_dags/example_skip_dag.py took 0.086 seconds
[2025-01-28T05:55:04.304+0000] {processor.py:186} INFO - Started process (PID=1896) to work on /home/ubuntu/.local/lib/python3.12/site-packages/airflow/example_dags/example_skip_dag.py
[2025-01-28T05:55:04.306+0000] {processor.py:914} INFO - Processing file /home/ubuntu/.local/lib/python3.12/site-packages/airflow/example_dags/example_skip_dag.py for tasks to queue
[2025-01-28T05:55:04.309+0000] {logging_mixin.py:190} INFO - [2025-01-28T05:55:04.308+0000] {dagbag.py:588} INFO - Filling up the DagBag from /home/ubuntu/.local/lib/python3.12/site-packages/airflow/example_dags/example_skip_dag.py
[2025-01-28T05:55:04.319+0000] {processor.py:925} INFO - DAG(s) 'example_skip_dag' retrieved from /home/ubuntu/.local/lib/python3.12/site-packages/airflow/example_dags/example_skip_dag.py
[2025-01-28T05:55:04.413+0000] {logging_mixin.py:190} INFO - [2025-01-28T05:55:04.413+0000] {dag.py:3239} INFO - Sync 1 DAGs
[2025-01-28T05:55:04.430+0000] {logging_mixin.py:190} INFO - [2025-01-28T05:55:04.430+0000] {dag.py:4180} INFO - Setting next_dagrun for example_skip_dag to 2025-01-27 00:00:00+00:00, run_after=2025-01-28 00:00:00+00:00
[2025-01-28T05:55:04.456+0000] {processor.py:208} INFO - Processing /home/ubuntu/.local/lib/python3.12/site-packages/airflow/example_dags/example_skip_dag.py took 0.157 seconds
[2025-01-28T05:56:04.136+0000] {processor.py:186} INFO - Started process (PID=1956) to work on /home/ubuntu/.local/lib/python3.12/site-packages/airflow/example_dags/example_skip_dag.py
[2025-01-28T05:56:04.139+0000] {processor.py:914} INFO - Processing file /home/ubuntu/.local/lib/python3.12/site-packages/airflow/example_dags/example_skip_dag.py for tasks to queue
[2025-01-28T05:56:04.142+0000] {logging_mixin.py:190} INFO - [2025-01-28T05:56:04.141+0000] {dagbag.py:588} INFO - Filling up the DagBag from /home/ubuntu/.local/lib/python3.12/site-packages/airflow/example_dags/example_skip_dag.py
[2025-01-28T05:56:04.151+0000] {processor.py:925} INFO - DAG(s) 'example_skip_dag' retrieved from /home/ubuntu/.local/lib/python3.12/site-packages/airflow/example_dags/example_skip_dag.py
[2025-01-28T05:56:04.168+0000] {logging_mixin.py:190} INFO - [2025-01-28T05:56:04.168+0000] {dag.py:3239} INFO - Sync 1 DAGs
[2025-01-28T05:56:04.186+0000] {logging_mixin.py:190} INFO - [2025-01-28T05:56:04.186+0000] {dag.py:4180} INFO - Setting next_dagrun for example_skip_dag to 2025-01-27 00:00:00+00:00, run_after=2025-01-28 00:00:00+00:00
[2025-01-28T05:56:04.211+0000] {processor.py:208} INFO - Processing /home/ubuntu/.local/lib/python3.12/site-packages/airflow/example_dags/example_skip_dag.py took 0.080 seconds
[2025-01-28T05:57:00.685+0000] {processor.py:186} INFO - Started process (PID=2032) to work on /home/ubuntu/.local/lib/python3.12/site-packages/airflow/example_dags/example_skip_dag.py
[2025-01-28T05:57:00.687+0000] {processor.py:914} INFO - Processing file /home/ubuntu/.local/lib/python3.12/site-packages/airflow/example_dags/example_skip_dag.py for tasks to queue
[2025-01-28T05:57:00.689+0000] {logging_mixin.py:190} INFO - [2025-01-28T05:57:00.689+0000] {dagbag.py:588} INFO - Filling up the DagBag from /home/ubuntu/.local/lib/python3.12/site-packages/airflow/example_dags/example_skip_dag.py
[2025-01-28T05:57:00.699+0000] {processor.py:925} INFO - DAG(s) 'example_skip_dag' retrieved from /home/ubuntu/.local/lib/python3.12/site-packages/airflow/example_dags/example_skip_dag.py
[2025-01-28T05:57:00.719+0000] {logging_mixin.py:190} INFO - [2025-01-28T05:57:00.719+0000] {dag.py:3239} INFO - Sync 1 DAGs
[2025-01-28T05:57:00.747+0000] {logging_mixin.py:190} INFO - [2025-01-28T05:57:00.747+0000] {dag.py:4180} INFO - Setting next_dagrun for example_skip_dag to 2025-01-27 00:00:00+00:00, run_after=2025-01-28 00:00:00+00:00
[2025-01-28T05:57:00.782+0000] {processor.py:208} INFO - Processing /home/ubuntu/.local/lib/python3.12/site-packages/airflow/example_dags/example_skip_dag.py took 0.102 seconds
[2025-01-28T05:57:55.829+0000] {processor.py:186} INFO - Started process (PID=2103) to work on /home/ubuntu/.local/lib/python3.12/site-packages/airflow/example_dags/example_skip_dag.py
[2025-01-28T05:57:55.832+0000] {processor.py:914} INFO - Processing file /home/ubuntu/.local/lib/python3.12/site-packages/airflow/example_dags/example_skip_dag.py for tasks to queue
[2025-01-28T05:57:55.835+0000] {logging_mixin.py:190} INFO - [2025-01-28T05:57:55.835+0000] {dagbag.py:588} INFO - Filling up the DagBag from /home/ubuntu/.local/lib/python3.12/site-packages/airflow/example_dags/example_skip_dag.py
[2025-01-28T05:57:55.843+0000] {processor.py:925} INFO - DAG(s) 'example_skip_dag' retrieved from /home/ubuntu/.local/lib/python3.12/site-packages/airflow/example_dags/example_skip_dag.py
[2025-01-28T05:57:55.859+0000] {logging_mixin.py:190} INFO - [2025-01-28T05:57:55.858+0000] {dag.py:3239} INFO - Sync 1 DAGs
[2025-01-28T05:57:55.877+0000] {logging_mixin.py:190} INFO - [2025-01-28T05:57:55.877+0000] {dag.py:4180} INFO - Setting next_dagrun for example_skip_dag to 2025-01-27 00:00:00+00:00, run_after=2025-01-28 00:00:00+00:00
[2025-01-28T05:57:55.899+0000] {processor.py:208} INFO - Processing /home/ubuntu/.local/lib/python3.12/site-packages/airflow/example_dags/example_skip_dag.py took 0.074 seconds
[2025-01-28T05:58:52.260+0000] {processor.py:186} INFO - Started process (PID=2160) to work on /home/ubuntu/.local/lib/python3.12/site-packages/airflow/example_dags/example_skip_dag.py
[2025-01-28T05:58:52.261+0000] {processor.py:914} INFO - Processing file /home/ubuntu/.local/lib/python3.12/site-packages/airflow/example_dags/example_skip_dag.py for tasks to queue
[2025-01-28T05:58:52.263+0000] {logging_mixin.py:190} INFO - [2025-01-28T05:58:52.263+0000] {dagbag.py:588} INFO - Filling up the DagBag from /home/ubuntu/.local/lib/python3.12/site-packages/airflow/example_dags/example_skip_dag.py
[2025-01-28T05:58:52.271+0000] {processor.py:925} INFO - DAG(s) 'example_skip_dag' retrieved from /home/ubuntu/.local/lib/python3.12/site-packages/airflow/example_dags/example_skip_dag.py
[2025-01-28T05:58:52.287+0000] {logging_mixin.py:190} INFO - [2025-01-28T05:58:52.287+0000] {dag.py:3239} INFO - Sync 1 DAGs
[2025-01-28T05:58:52.305+0000] {logging_mixin.py:190} INFO - [2025-01-28T05:58:52.304+0000] {dag.py:4180} INFO - Setting next_dagrun for example_skip_dag to 2025-01-27 00:00:00+00:00, run_after=2025-01-28 00:00:00+00:00
[2025-01-28T05:58:52.327+0000] {processor.py:208} INFO - Processing /home/ubuntu/.local/lib/python3.12/site-packages/airflow/example_dags/example_skip_dag.py took 0.073 seconds
[2025-01-28T05:59:47.057+0000] {processor.py:186} INFO - Started process (PID=2217) to work on /home/ubuntu/.local/lib/python3.12/site-packages/airflow/example_dags/example_skip_dag.py
[2025-01-28T05:59:47.059+0000] {processor.py:914} INFO - Processing file /home/ubuntu/.local/lib/python3.12/site-packages/airflow/example_dags/example_skip_dag.py for tasks to queue
[2025-01-28T05:59:47.062+0000] {logging_mixin.py:190} INFO - [2025-01-28T05:59:47.062+0000] {dagbag.py:588} INFO - Filling up the DagBag from /home/ubuntu/.local/lib/python3.12/site-packages/airflow/example_dags/example_skip_dag.py
[2025-01-28T05:59:47.070+0000] {processor.py:925} INFO - DAG(s) 'example_skip_dag' retrieved from /home/ubuntu/.local/lib/python3.12/site-packages/airflow/example_dags/example_skip_dag.py
[2025-01-28T05:59:47.087+0000] {logging_mixin.py:190} INFO - [2025-01-28T05:59:47.086+0000] {dag.py:3239} INFO - Sync 1 DAGs
[2025-01-28T05:59:47.105+0000] {logging_mixin.py:190} INFO - [2025-01-28T05:59:47.105+0000] {dag.py:4180} INFO - Setting next_dagrun for example_skip_dag to 2025-01-27 00:00:00+00:00, run_after=2025-01-28 00:00:00+00:00
[2025-01-28T05:59:47.128+0000] {processor.py:208} INFO - Processing /home/ubuntu/.local/lib/python3.12/site-packages/airflow/example_dags/example_skip_dag.py took 0.076 seconds
[2025-01-28T06:00:40.243+0000] {processor.py:186} INFO - Started process (PID=2274) to work on /home/ubuntu/.local/lib/python3.12/site-packages/airflow/example_dags/example_skip_dag.py
[2025-01-28T06:00:40.245+0000] {processor.py:914} INFO - Processing file /home/ubuntu/.local/lib/python3.12/site-packages/airflow/example_dags/example_skip_dag.py for tasks to queue
[2025-01-28T06:00:40.248+0000] {logging_mixin.py:190} INFO - [2025-01-28T06:00:40.247+0000] {dagbag.py:588} INFO - Filling up the DagBag from /home/ubuntu/.local/lib/python3.12/site-packages/airflow/example_dags/example_skip_dag.py
[2025-01-28T06:00:40.255+0000] {processor.py:925} INFO - DAG(s) 'example_skip_dag' retrieved from /home/ubuntu/.local/lib/python3.12/site-packages/airflow/example_dags/example_skip_dag.py
[2025-01-28T06:00:40.271+0000] {logging_mixin.py:190} INFO - [2025-01-28T06:00:40.271+0000] {dag.py:3239} INFO - Sync 1 DAGs
[2025-01-28T06:00:40.291+0000] {logging_mixin.py:190} INFO - [2025-01-28T06:00:40.290+0000] {dag.py:4180} INFO - Setting next_dagrun for example_skip_dag to 2025-01-27 00:00:00+00:00, run_after=2025-01-28 00:00:00+00:00
[2025-01-28T06:00:40.313+0000] {processor.py:208} INFO - Processing /home/ubuntu/.local/lib/python3.12/site-packages/airflow/example_dags/example_skip_dag.py took 0.074 seconds
[2025-01-28T06:01:28.505+0000] {processor.py:186} INFO - Started process (PID=2326) to work on /home/ubuntu/.local/lib/python3.12/site-packages/airflow/example_dags/example_skip_dag.py
[2025-01-28T06:01:28.507+0000] {processor.py:914} INFO - Processing file /home/ubuntu/.local/lib/python3.12/site-packages/airflow/example_dags/example_skip_dag.py for tasks to queue
[2025-01-28T06:01:28.510+0000] {logging_mixin.py:190} INFO - [2025-01-28T06:01:28.509+0000] {dagbag.py:588} INFO - Filling up the DagBag from /home/ubuntu/.local/lib/python3.12/site-packages/airflow/example_dags/example_skip_dag.py
[2025-01-28T06:01:28.517+0000] {processor.py:925} INFO - DAG(s) 'example_skip_dag' retrieved from /home/ubuntu/.local/lib/python3.12/site-packages/airflow/example_dags/example_skip_dag.py
[2025-01-28T06:01:28.533+0000] {logging_mixin.py:190} INFO - [2025-01-28T06:01:28.532+0000] {dag.py:3239} INFO - Sync 1 DAGs
[2025-01-28T06:01:28.551+0000] {logging_mixin.py:190} INFO - [2025-01-28T06:01:28.551+0000] {dag.py:4180} INFO - Setting next_dagrun for example_skip_dag to 2025-01-27 00:00:00+00:00, run_after=2025-01-28 00:00:00+00:00
[2025-01-28T06:01:28.574+0000] {processor.py:208} INFO - Processing /home/ubuntu/.local/lib/python3.12/site-packages/airflow/example_dags/example_skip_dag.py took 0.074 seconds
[2025-01-28T06:02:16.851+0000] {processor.py:186} INFO - Started process (PID=2382) to work on /home/ubuntu/.local/lib/python3.12/site-packages/airflow/example_dags/example_skip_dag.py
[2025-01-28T06:02:16.853+0000] {processor.py:914} INFO - Processing file /home/ubuntu/.local/lib/python3.12/site-packages/airflow/example_dags/example_skip_dag.py for tasks to queue
[2025-01-28T06:02:16.856+0000] {logging_mixin.py:190} INFO - [2025-01-28T06:02:16.855+0000] {dagbag.py:588} INFO - Filling up the DagBag from /home/ubuntu/.local/lib/python3.12/site-packages/airflow/example_dags/example_skip_dag.py
[2025-01-28T06:02:16.862+0000] {processor.py:925} INFO - DAG(s) 'example_skip_dag' retrieved from /home/ubuntu/.local/lib/python3.12/site-packages/airflow/example_dags/example_skip_dag.py
[2025-01-28T06:02:16.879+0000] {logging_mixin.py:190} INFO - [2025-01-28T06:02:16.878+0000] {dag.py:3239} INFO - Sync 1 DAGs
[2025-01-28T06:02:16.896+0000] {logging_mixin.py:190} INFO - [2025-01-28T06:02:16.896+0000] {dag.py:4180} INFO - Setting next_dagrun for example_skip_dag to 2025-01-27 00:00:00+00:00, run_after=2025-01-28 00:00:00+00:00
[2025-01-28T06:02:16.919+0000] {processor.py:208} INFO - Processing /home/ubuntu/.local/lib/python3.12/site-packages/airflow/example_dags/example_skip_dag.py took 0.072 seconds
[2025-01-28T06:03:08.681+0000] {processor.py:186} INFO - Started process (PID=2447) to work on /home/ubuntu/.local/lib/python3.12/site-packages/airflow/example_dags/example_skip_dag.py
[2025-01-28T06:03:08.684+0000] {processor.py:914} INFO - Processing file /home/ubuntu/.local/lib/python3.12/site-packages/airflow/example_dags/example_skip_dag.py for tasks to queue
[2025-01-28T06:03:08.686+0000] {logging_mixin.py:190} INFO - [2025-01-28T06:03:08.685+0000] {dagbag.py:588} INFO - Filling up the DagBag from /home/ubuntu/.local/lib/python3.12/site-packages/airflow/example_dags/example_skip_dag.py
[2025-01-28T06:03:08.694+0000] {processor.py:925} INFO - DAG(s) 'example_skip_dag' retrieved from /home/ubuntu/.local/lib/python3.12/site-packages/airflow/example_dags/example_skip_dag.py
[2025-01-28T06:03:08.710+0000] {logging_mixin.py:190} INFO - [2025-01-28T06:03:08.710+0000] {dag.py:3239} INFO - Sync 1 DAGs
[2025-01-28T06:03:08.728+0000] {logging_mixin.py:190} INFO - [2025-01-28T06:03:08.728+0000] {dag.py:4180} INFO - Setting next_dagrun for example_skip_dag to 2025-01-27 00:00:00+00:00, run_after=2025-01-28 00:00:00+00:00
[2025-01-28T06:03:08.749+0000] {processor.py:208} INFO - Processing /home/ubuntu/.local/lib/python3.12/site-packages/airflow/example_dags/example_skip_dag.py took 0.073 seconds
[2025-01-28T06:04:24.034+0000] {processor.py:186} INFO - Started process (PID=2528) to work on /home/ubuntu/.local/lib/python3.12/site-packages/airflow/example_dags/example_skip_dag.py
[2025-01-28T06:04:24.035+0000] {processor.py:914} INFO - Processing file /home/ubuntu/.local/lib/python3.12/site-packages/airflow/example_dags/example_skip_dag.py for tasks to queue
[2025-01-28T06:04:24.037+0000] {logging_mixin.py:190} INFO - [2025-01-28T06:04:24.037+0000] {dagbag.py:588} INFO - Filling up the DagBag from /home/ubuntu/.local/lib/python3.12/site-packages/airflow/example_dags/example_skip_dag.py
[2025-01-28T06:04:24.046+0000] {processor.py:925} INFO - DAG(s) 'example_skip_dag' retrieved from /home/ubuntu/.local/lib/python3.12/site-packages/airflow/example_dags/example_skip_dag.py
[2025-01-28T06:04:24.063+0000] {logging_mixin.py:190} INFO - [2025-01-28T06:04:24.063+0000] {dag.py:3239} INFO - Sync 1 DAGs
[2025-01-28T06:04:24.080+0000] {logging_mixin.py:190} INFO - [2025-01-28T06:04:24.080+0000] {dag.py:4180} INFO - Setting next_dagrun for example_skip_dag to 2025-01-27 00:00:00+00:00, run_after=2025-01-28 00:00:00+00:00
[2025-01-28T06:04:24.103+0000] {processor.py:208} INFO - Processing /home/ubuntu/.local/lib/python3.12/site-packages/airflow/example_dags/example_skip_dag.py took 0.074 seconds
[2025-01-28T06:05:20.834+0000] {processor.py:186} INFO - Started process (PID=2590) to work on /home/ubuntu/.local/lib/python3.12/site-packages/airflow/example_dags/example_skip_dag.py
[2025-01-28T06:05:20.836+0000] {processor.py:914} INFO - Processing file /home/ubuntu/.local/lib/python3.12/site-packages/airflow/example_dags/example_skip_dag.py for tasks to queue
[2025-01-28T06:05:20.838+0000] {logging_mixin.py:190} INFO - [2025-01-28T06:05:20.838+0000] {dagbag.py:588} INFO - Filling up the DagBag from /home/ubuntu/.local/lib/python3.12/site-packages/airflow/example_dags/example_skip_dag.py
[2025-01-28T06:05:20.846+0000] {processor.py:925} INFO - DAG(s) 'example_skip_dag' retrieved from /home/ubuntu/.local/lib/python3.12/site-packages/airflow/example_dags/example_skip_dag.py
[2025-01-28T06:05:20.863+0000] {logging_mixin.py:190} INFO - [2025-01-28T06:05:20.863+0000] {dag.py:3239} INFO - Sync 1 DAGs
[2025-01-28T06:05:20.881+0000] {logging_mixin.py:190} INFO - [2025-01-28T06:05:20.881+0000] {dag.py:4180} INFO - Setting next_dagrun for example_skip_dag to 2025-01-27 00:00:00+00:00, run_after=2025-01-28 00:00:00+00:00
[2025-01-28T06:05:20.908+0000] {processor.py:208} INFO - Processing /home/ubuntu/.local/lib/python3.12/site-packages/airflow/example_dags/example_skip_dag.py took 0.078 seconds
[2025-01-28T06:06:35.001+0000] {processor.py:186} INFO - Started process (PID=2677) to work on /home/ubuntu/.local/lib/python3.12/site-packages/airflow/example_dags/example_skip_dag.py
[2025-01-28T06:06:35.003+0000] {processor.py:914} INFO - Processing file /home/ubuntu/.local/lib/python3.12/site-packages/airflow/example_dags/example_skip_dag.py for tasks to queue
[2025-01-28T06:06:35.005+0000] {logging_mixin.py:190} INFO - [2025-01-28T06:06:35.005+0000] {dagbag.py:588} INFO - Filling up the DagBag from /home/ubuntu/.local/lib/python3.12/site-packages/airflow/example_dags/example_skip_dag.py
[2025-01-28T06:06:35.013+0000] {processor.py:925} INFO - DAG(s) 'example_skip_dag' retrieved from /home/ubuntu/.local/lib/python3.12/site-packages/airflow/example_dags/example_skip_dag.py
[2025-01-28T06:06:35.031+0000] {logging_mixin.py:190} INFO - [2025-01-28T06:06:35.030+0000] {dag.py:3239} INFO - Sync 1 DAGs
[2025-01-28T06:06:35.048+0000] {logging_mixin.py:190} INFO - [2025-01-28T06:06:35.048+0000] {dag.py:4180} INFO - Setting next_dagrun for example_skip_dag to 2025-01-27 00:00:00+00:00, run_after=2025-01-28 00:00:00+00:00
[2025-01-28T06:06:35.071+0000] {processor.py:208} INFO - Processing /home/ubuntu/.local/lib/python3.12/site-packages/airflow/example_dags/example_skip_dag.py took 0.076 seconds
[2025-01-28T06:07:33.282+0000] {processor.py:186} INFO - Started process (PID=2740) to work on /home/ubuntu/.local/lib/python3.12/site-packages/airflow/example_dags/example_skip_dag.py
[2025-01-28T06:07:33.283+0000] {processor.py:914} INFO - Processing file /home/ubuntu/.local/lib/python3.12/site-packages/airflow/example_dags/example_skip_dag.py for tasks to queue
[2025-01-28T06:07:33.286+0000] {logging_mixin.py:190} INFO - [2025-01-28T06:07:33.286+0000] {dagbag.py:588} INFO - Filling up the DagBag from /home/ubuntu/.local/lib/python3.12/site-packages/airflow/example_dags/example_skip_dag.py
[2025-01-28T06:07:33.293+0000] {processor.py:925} INFO - DAG(s) 'example_skip_dag' retrieved from /home/ubuntu/.local/lib/python3.12/site-packages/airflow/example_dags/example_skip_dag.py
[2025-01-28T06:07:33.310+0000] {logging_mixin.py:190} INFO - [2025-01-28T06:07:33.310+0000] {dag.py:3239} INFO - Sync 1 DAGs
[2025-01-28T06:07:33.327+0000] {logging_mixin.py:190} INFO - [2025-01-28T06:07:33.327+0000] {dag.py:4180} INFO - Setting next_dagrun for example_skip_dag to 2025-01-27 00:00:00+00:00, run_after=2025-01-28 00:00:00+00:00
[2025-01-28T06:07:33.350+0000] {processor.py:208} INFO - Processing /home/ubuntu/.local/lib/python3.12/site-packages/airflow/example_dags/example_skip_dag.py took 0.074 seconds
[2025-01-28T06:08:30.992+0000] {processor.py:186} INFO - Started process (PID=2799) to work on /home/ubuntu/.local/lib/python3.12/site-packages/airflow/example_dags/example_skip_dag.py
[2025-01-28T06:08:30.993+0000] {processor.py:914} INFO - Processing file /home/ubuntu/.local/lib/python3.12/site-packages/airflow/example_dags/example_skip_dag.py for tasks to queue
[2025-01-28T06:08:30.996+0000] {logging_mixin.py:190} INFO - [2025-01-28T06:08:30.995+0000] {dagbag.py:588} INFO - Filling up the DagBag from /home/ubuntu/.local/lib/python3.12/site-packages/airflow/example_dags/example_skip_dag.py
[2025-01-28T06:08:31.003+0000] {processor.py:925} INFO - DAG(s) 'example_skip_dag' retrieved from /home/ubuntu/.local/lib/python3.12/site-packages/airflow/example_dags/example_skip_dag.py
[2025-01-28T06:08:31.020+0000] {logging_mixin.py:190} INFO - [2025-01-28T06:08:31.020+0000] {dag.py:3239} INFO - Sync 1 DAGs
[2025-01-28T06:08:31.037+0000] {logging_mixin.py:190} INFO - [2025-01-28T06:08:31.037+0000] {dag.py:4180} INFO - Setting next_dagrun for example_skip_dag to 2025-01-27 00:00:00+00:00, run_after=2025-01-28 00:00:00+00:00
[2025-01-28T06:08:31.060+0000] {processor.py:208} INFO - Processing /home/ubuntu/.local/lib/python3.12/site-packages/airflow/example_dags/example_skip_dag.py took 0.073 seconds
[2025-01-28T06:09:26.425+0000] {processor.py:186} INFO - Started process (PID=2858) to work on /home/ubuntu/.local/lib/python3.12/site-packages/airflow/example_dags/example_skip_dag.py
[2025-01-28T06:09:26.426+0000] {processor.py:914} INFO - Processing file /home/ubuntu/.local/lib/python3.12/site-packages/airflow/example_dags/example_skip_dag.py for tasks to queue
[2025-01-28T06:09:26.429+0000] {logging_mixin.py:190} INFO - [2025-01-28T06:09:26.429+0000] {dagbag.py:588} INFO - Filling up the DagBag from /home/ubuntu/.local/lib/python3.12/site-packages/airflow/example_dags/example_skip_dag.py
[2025-01-28T06:09:26.437+0000] {processor.py:925} INFO - DAG(s) 'example_skip_dag' retrieved from /home/ubuntu/.local/lib/python3.12/site-packages/airflow/example_dags/example_skip_dag.py
[2025-01-28T06:09:26.455+0000] {logging_mixin.py:190} INFO - [2025-01-28T06:09:26.454+0000] {dag.py:3239} INFO - Sync 1 DAGs
[2025-01-28T06:09:26.473+0000] {logging_mixin.py:190} INFO - [2025-01-28T06:09:26.472+0000] {dag.py:4180} INFO - Setting next_dagrun for example_skip_dag to 2025-01-27 00:00:00+00:00, run_after=2025-01-28 00:00:00+00:00
[2025-01-28T06:09:26.500+0000] {processor.py:208} INFO - Processing /home/ubuntu/.local/lib/python3.12/site-packages/airflow/example_dags/example_skip_dag.py took 0.081 seconds
[2025-01-28T06:10:17.917+0000] {processor.py:186} INFO - Started process (PID=2925) to work on /home/ubuntu/.local/lib/python3.12/site-packages/airflow/example_dags/example_skip_dag.py
[2025-01-28T06:10:17.918+0000] {processor.py:914} INFO - Processing file /home/ubuntu/.local/lib/python3.12/site-packages/airflow/example_dags/example_skip_dag.py for tasks to queue
[2025-01-28T06:10:17.921+0000] {logging_mixin.py:190} INFO - [2025-01-28T06:10:17.921+0000] {dagbag.py:588} INFO - Filling up the DagBag from /home/ubuntu/.local/lib/python3.12/site-packages/airflow/example_dags/example_skip_dag.py
[2025-01-28T06:10:17.928+0000] {processor.py:925} INFO - DAG(s) 'example_skip_dag' retrieved from /home/ubuntu/.local/lib/python3.12/site-packages/airflow/example_dags/example_skip_dag.py
[2025-01-28T06:10:17.944+0000] {logging_mixin.py:190} INFO - [2025-01-28T06:10:17.944+0000] {dag.py:3239} INFO - Sync 1 DAGs
[2025-01-28T06:10:17.962+0000] {logging_mixin.py:190} INFO - [2025-01-28T06:10:17.961+0000] {dag.py:4180} INFO - Setting next_dagrun for example_skip_dag to 2025-01-27 00:00:00+00:00, run_after=2025-01-28 00:00:00+00:00
[2025-01-28T06:10:17.985+0000] {processor.py:208} INFO - Processing /home/ubuntu/.local/lib/python3.12/site-packages/airflow/example_dags/example_skip_dag.py took 0.074 seconds
[2025-01-28T06:11:13.242+0000] {processor.py:186} INFO - Started process (PID=2991) to work on /home/ubuntu/.local/lib/python3.12/site-packages/airflow/example_dags/example_skip_dag.py
[2025-01-28T06:11:13.243+0000] {processor.py:914} INFO - Processing file /home/ubuntu/.local/lib/python3.12/site-packages/airflow/example_dags/example_skip_dag.py for tasks to queue
[2025-01-28T06:11:13.245+0000] {logging_mixin.py:190} INFO - [2025-01-28T06:11:13.245+0000] {dagbag.py:588} INFO - Filling up the DagBag from /home/ubuntu/.local/lib/python3.12/site-packages/airflow/example_dags/example_skip_dag.py
[2025-01-28T06:11:13.253+0000] {processor.py:925} INFO - DAG(s) 'example_skip_dag' retrieved from /home/ubuntu/.local/lib/python3.12/site-packages/airflow/example_dags/example_skip_dag.py
[2025-01-28T06:11:13.271+0000] {logging_mixin.py:190} INFO - [2025-01-28T06:11:13.271+0000] {dag.py:3239} INFO - Sync 1 DAGs
[2025-01-28T06:11:13.288+0000] {logging_mixin.py:190} INFO - [2025-01-28T06:11:13.288+0000] {dag.py:4180} INFO - Setting next_dagrun for example_skip_dag to 2025-01-27 00:00:00+00:00, run_after=2025-01-28 00:00:00+00:00
[2025-01-28T06:11:13.310+0000] {processor.py:208} INFO - Processing /home/ubuntu/.local/lib/python3.12/site-packages/airflow/example_dags/example_skip_dag.py took 0.073 seconds
[2025-01-28T06:12:04.743+0000] {processor.py:186} INFO - Started process (PID=3046) to work on /home/ubuntu/.local/lib/python3.12/site-packages/airflow/example_dags/example_skip_dag.py
[2025-01-28T06:12:04.744+0000] {processor.py:914} INFO - Processing file /home/ubuntu/.local/lib/python3.12/site-packages/airflow/example_dags/example_skip_dag.py for tasks to queue
[2025-01-28T06:12:04.746+0000] {logging_mixin.py:190} INFO - [2025-01-28T06:12:04.746+0000] {dagbag.py:588} INFO - Filling up the DagBag from /home/ubuntu/.local/lib/python3.12/site-packages/airflow/example_dags/example_skip_dag.py
[2025-01-28T06:12:04.754+0000] {processor.py:925} INFO - DAG(s) 'example_skip_dag' retrieved from /home/ubuntu/.local/lib/python3.12/site-packages/airflow/example_dags/example_skip_dag.py
[2025-01-28T06:12:04.770+0000] {logging_mixin.py:190} INFO - [2025-01-28T06:12:04.770+0000] {dag.py:3239} INFO - Sync 1 DAGs
[2025-01-28T06:12:04.788+0000] {logging_mixin.py:190} INFO - [2025-01-28T06:12:04.788+0000] {dag.py:4180} INFO - Setting next_dagrun for example_skip_dag to 2025-01-27 00:00:00+00:00, run_after=2025-01-28 00:00:00+00:00
[2025-01-28T06:12:04.810+0000] {processor.py:208} INFO - Processing /home/ubuntu/.local/lib/python3.12/site-packages/airflow/example_dags/example_skip_dag.py took 0.073 seconds
[2025-01-28T06:13:01.321+0000] {processor.py:186} INFO - Started process (PID=3102) to work on /home/ubuntu/.local/lib/python3.12/site-packages/airflow/example_dags/example_skip_dag.py
[2025-01-28T06:13:01.323+0000] {processor.py:914} INFO - Processing file /home/ubuntu/.local/lib/python3.12/site-packages/airflow/example_dags/example_skip_dag.py for tasks to queue
[2025-01-28T06:13:01.325+0000] {logging_mixin.py:190} INFO - [2025-01-28T06:13:01.325+0000] {dagbag.py:588} INFO - Filling up the DagBag from /home/ubuntu/.local/lib/python3.12/site-packages/airflow/example_dags/example_skip_dag.py
[2025-01-28T06:13:01.333+0000] {processor.py:925} INFO - DAG(s) 'example_skip_dag' retrieved from /home/ubuntu/.local/lib/python3.12/site-packages/airflow/example_dags/example_skip_dag.py
[2025-01-28T06:13:01.351+0000] {logging_mixin.py:190} INFO - [2025-01-28T06:13:01.350+0000] {dag.py:3239} INFO - Sync 1 DAGs
[2025-01-28T06:13:01.369+0000] {logging_mixin.py:190} INFO - [2025-01-28T06:13:01.369+0000] {dag.py:4180} INFO - Setting next_dagrun for example_skip_dag to 2025-01-27 00:00:00+00:00, run_after=2025-01-28 00:00:00+00:00
[2025-01-28T06:13:01.391+0000] {processor.py:208} INFO - Processing /home/ubuntu/.local/lib/python3.12/site-packages/airflow/example_dags/example_skip_dag.py took 0.075 seconds
[2025-01-28T06:13:52.930+0000] {processor.py:186} INFO - Started process (PID=3157) to work on /home/ubuntu/.local/lib/python3.12/site-packages/airflow/example_dags/example_skip_dag.py
[2025-01-28T06:13:52.931+0000] {processor.py:914} INFO - Processing file /home/ubuntu/.local/lib/python3.12/site-packages/airflow/example_dags/example_skip_dag.py for tasks to queue
[2025-01-28T06:13:52.934+0000] {logging_mixin.py:190} INFO - [2025-01-28T06:13:52.933+0000] {dagbag.py:588} INFO - Filling up the DagBag from /home/ubuntu/.local/lib/python3.12/site-packages/airflow/example_dags/example_skip_dag.py
[2025-01-28T06:13:52.941+0000] {processor.py:925} INFO - DAG(s) 'example_skip_dag' retrieved from /home/ubuntu/.local/lib/python3.12/site-packages/airflow/example_dags/example_skip_dag.py
[2025-01-28T06:13:52.958+0000] {logging_mixin.py:190} INFO - [2025-01-28T06:13:52.957+0000] {dag.py:3239} INFO - Sync 1 DAGs
[2025-01-28T06:13:52.975+0000] {logging_mixin.py:190} INFO - [2025-01-28T06:13:52.975+0000] {dag.py:4180} INFO - Setting next_dagrun for example_skip_dag to 2025-01-27 00:00:00+00:00, run_after=2025-01-28 00:00:00+00:00
[2025-01-28T06:13:52.999+0000] {processor.py:208} INFO - Processing /home/ubuntu/.local/lib/python3.12/site-packages/airflow/example_dags/example_skip_dag.py took 0.075 seconds
[2025-01-28T06:14:46.544+0000] {processor.py:186} INFO - Started process (PID=3212) to work on /home/ubuntu/.local/lib/python3.12/site-packages/airflow/example_dags/example_skip_dag.py
[2025-01-28T06:14:46.545+0000] {processor.py:914} INFO - Processing file /home/ubuntu/.local/lib/python3.12/site-packages/airflow/example_dags/example_skip_dag.py for tasks to queue
[2025-01-28T06:14:46.547+0000] {logging_mixin.py:190} INFO - [2025-01-28T06:14:46.547+0000] {dagbag.py:588} INFO - Filling up the DagBag from /home/ubuntu/.local/lib/python3.12/site-packages/airflow/example_dags/example_skip_dag.py
[2025-01-28T06:14:46.555+0000] {processor.py:925} INFO - DAG(s) 'example_skip_dag' retrieved from /home/ubuntu/.local/lib/python3.12/site-packages/airflow/example_dags/example_skip_dag.py
[2025-01-28T06:14:46.572+0000] {logging_mixin.py:190} INFO - [2025-01-28T06:14:46.572+0000] {dag.py:3239} INFO - Sync 1 DAGs
[2025-01-28T06:14:46.589+0000] {logging_mixin.py:190} INFO - [2025-01-28T06:14:46.589+0000] {dag.py:4180} INFO - Setting next_dagrun for example_skip_dag to 2025-01-27 00:00:00+00:00, run_after=2025-01-28 00:00:00+00:00
[2025-01-28T06:14:46.610+0000] {processor.py:208} INFO - Processing /home/ubuntu/.local/lib/python3.12/site-packages/airflow/example_dags/example_skip_dag.py took 0.072 seconds
[2025-01-28T06:15:38.931+0000] {processor.py:186} INFO - Started process (PID=3271) to work on /home/ubuntu/.local/lib/python3.12/site-packages/airflow/example_dags/example_skip_dag.py
[2025-01-28T06:15:38.932+0000] {processor.py:914} INFO - Processing file /home/ubuntu/.local/lib/python3.12/site-packages/airflow/example_dags/example_skip_dag.py for tasks to queue
[2025-01-28T06:15:38.934+0000] {logging_mixin.py:190} INFO - [2025-01-28T06:15:38.934+0000] {dagbag.py:588} INFO - Filling up the DagBag from /home/ubuntu/.local/lib/python3.12/site-packages/airflow/example_dags/example_skip_dag.py
[2025-01-28T06:15:38.947+0000] {processor.py:925} INFO - DAG(s) 'example_skip_dag' retrieved from /home/ubuntu/.local/lib/python3.12/site-packages/airflow/example_dags/example_skip_dag.py
[2025-01-28T06:15:38.968+0000] {logging_mixin.py:190} INFO - [2025-01-28T06:15:38.968+0000] {dag.py:3239} INFO - Sync 1 DAGs
[2025-01-28T06:15:38.985+0000] {logging_mixin.py:190} INFO - [2025-01-28T06:15:38.985+0000] {dag.py:4180} INFO - Setting next_dagrun for example_skip_dag to 2025-01-27 00:00:00+00:00, run_after=2025-01-28 00:00:00+00:00
[2025-01-28T06:15:39.007+0000] {processor.py:208} INFO - Processing /home/ubuntu/.local/lib/python3.12/site-packages/airflow/example_dags/example_skip_dag.py took 0.082 seconds
[2025-01-28T06:16:31.500+0000] {processor.py:186} INFO - Started process (PID=3325) to work on /home/ubuntu/.local/lib/python3.12/site-packages/airflow/example_dags/example_skip_dag.py
[2025-01-28T06:16:31.502+0000] {processor.py:914} INFO - Processing file /home/ubuntu/.local/lib/python3.12/site-packages/airflow/example_dags/example_skip_dag.py for tasks to queue
[2025-01-28T06:16:31.504+0000] {logging_mixin.py:190} INFO - [2025-01-28T06:16:31.504+0000] {dagbag.py:588} INFO - Filling up the DagBag from /home/ubuntu/.local/lib/python3.12/site-packages/airflow/example_dags/example_skip_dag.py
[2025-01-28T06:16:31.512+0000] {processor.py:925} INFO - DAG(s) 'example_skip_dag' retrieved from /home/ubuntu/.local/lib/python3.12/site-packages/airflow/example_dags/example_skip_dag.py
[2025-01-28T06:16:31.528+0000] {logging_mixin.py:190} INFO - [2025-01-28T06:16:31.528+0000] {dag.py:3239} INFO - Sync 1 DAGs
[2025-01-28T06:16:31.546+0000] {logging_mixin.py:190} INFO - [2025-01-28T06:16:31.545+0000] {dag.py:4180} INFO - Setting next_dagrun for example_skip_dag to 2025-01-27 00:00:00+00:00, run_after=2025-01-28 00:00:00+00:00
[2025-01-28T06:16:31.568+0000] {processor.py:208} INFO - Processing /home/ubuntu/.local/lib/python3.12/site-packages/airflow/example_dags/example_skip_dag.py took 0.073 seconds
[2025-01-28T06:17:25.804+0000] {processor.py:186} INFO - Started process (PID=3385) to work on /home/ubuntu/.local/lib/python3.12/site-packages/airflow/example_dags/example_skip_dag.py
[2025-01-28T06:17:25.806+0000] {processor.py:914} INFO - Processing file /home/ubuntu/.local/lib/python3.12/site-packages/airflow/example_dags/example_skip_dag.py for tasks to queue
[2025-01-28T06:17:25.808+0000] {logging_mixin.py:190} INFO - [2025-01-28T06:17:25.807+0000] {dagbag.py:588} INFO - Filling up the DagBag from /home/ubuntu/.local/lib/python3.12/site-packages/airflow/example_dags/example_skip_dag.py
[2025-01-28T06:17:25.815+0000] {processor.py:925} INFO - DAG(s) 'example_skip_dag' retrieved from /home/ubuntu/.local/lib/python3.12/site-packages/airflow/example_dags/example_skip_dag.py
[2025-01-28T06:17:25.832+0000] {logging_mixin.py:190} INFO - [2025-01-28T06:17:25.832+0000] {dag.py:3239} INFO - Sync 1 DAGs
[2025-01-28T06:17:25.850+0000] {logging_mixin.py:190} INFO - [2025-01-28T06:17:25.850+0000] {dag.py:4180} INFO - Setting next_dagrun for example_skip_dag to 2025-01-27 00:00:00+00:00, run_after=2025-01-28 00:00:00+00:00
[2025-01-28T06:17:25.873+0000] {processor.py:208} INFO - Processing /home/ubuntu/.local/lib/python3.12/site-packages/airflow/example_dags/example_skip_dag.py took 0.075 seconds
[2025-01-28T06:18:12.014+0000] {processor.py:186} INFO - Started process (PID=3461) to work on /home/ubuntu/.local/lib/python3.12/site-packages/airflow/example_dags/example_skip_dag.py
[2025-01-28T06:18:12.016+0000] {processor.py:914} INFO - Processing file /home/ubuntu/.local/lib/python3.12/site-packages/airflow/example_dags/example_skip_dag.py for tasks to queue
[2025-01-28T06:18:12.017+0000] {logging_mixin.py:190} INFO - [2025-01-28T06:18:12.017+0000] {dagbag.py:588} INFO - Filling up the DagBag from /home/ubuntu/.local/lib/python3.12/site-packages/airflow/example_dags/example_skip_dag.py
[2025-01-28T06:18:12.026+0000] {processor.py:925} INFO - DAG(s) 'example_skip_dag' retrieved from /home/ubuntu/.local/lib/python3.12/site-packages/airflow/example_dags/example_skip_dag.py
[2025-01-28T06:18:12.042+0000] {logging_mixin.py:190} INFO - [2025-01-28T06:18:12.041+0000] {dag.py:3239} INFO - Sync 1 DAGs
[2025-01-28T06:18:12.059+0000] {logging_mixin.py:190} INFO - [2025-01-28T06:18:12.059+0000] {dag.py:4180} INFO - Setting next_dagrun for example_skip_dag to 2025-01-27 00:00:00+00:00, run_after=2025-01-28 00:00:00+00:00
[2025-01-28T06:18:12.081+0000] {processor.py:208} INFO - Processing /home/ubuntu/.local/lib/python3.12/site-packages/airflow/example_dags/example_skip_dag.py took 0.072 seconds
[2025-01-28T06:19:06.378+0000] {processor.py:186} INFO - Started process (PID=3531) to work on /home/ubuntu/.local/lib/python3.12/site-packages/airflow/example_dags/example_skip_dag.py
[2025-01-28T06:19:06.380+0000] {processor.py:914} INFO - Processing file /home/ubuntu/.local/lib/python3.12/site-packages/airflow/example_dags/example_skip_dag.py for tasks to queue
[2025-01-28T06:19:06.382+0000] {logging_mixin.py:190} INFO - [2025-01-28T06:19:06.382+0000] {dagbag.py:588} INFO - Filling up the DagBag from /home/ubuntu/.local/lib/python3.12/site-packages/airflow/example_dags/example_skip_dag.py
[2025-01-28T06:19:06.391+0000] {processor.py:925} INFO - DAG(s) 'example_skip_dag' retrieved from /home/ubuntu/.local/lib/python3.12/site-packages/airflow/example_dags/example_skip_dag.py
[2025-01-28T06:19:06.406+0000] {logging_mixin.py:190} INFO - [2025-01-28T06:19:06.406+0000] {dag.py:3239} INFO - Sync 1 DAGs
[2025-01-28T06:19:06.424+0000] {logging_mixin.py:190} INFO - [2025-01-28T06:19:06.424+0000] {dag.py:4180} INFO - Setting next_dagrun for example_skip_dag to 2025-01-27 00:00:00+00:00, run_after=2025-01-28 00:00:00+00:00
[2025-01-28T06:19:06.447+0000] {processor.py:208} INFO - Processing /home/ubuntu/.local/lib/python3.12/site-packages/airflow/example_dags/example_skip_dag.py took 0.074 seconds
[2025-01-28T06:19:56.894+0000] {processor.py:186} INFO - Started process (PID=3584) to work on /home/ubuntu/.local/lib/python3.12/site-packages/airflow/example_dags/example_skip_dag.py
[2025-01-28T06:19:56.896+0000] {processor.py:914} INFO - Processing file /home/ubuntu/.local/lib/python3.12/site-packages/airflow/example_dags/example_skip_dag.py for tasks to queue
[2025-01-28T06:19:56.898+0000] {logging_mixin.py:190} INFO - [2025-01-28T06:19:56.898+0000] {dagbag.py:588} INFO - Filling up the DagBag from /home/ubuntu/.local/lib/python3.12/site-packages/airflow/example_dags/example_skip_dag.py
[2025-01-28T06:19:56.908+0000] {processor.py:925} INFO - DAG(s) 'example_skip_dag' retrieved from /home/ubuntu/.local/lib/python3.12/site-packages/airflow/example_dags/example_skip_dag.py
[2025-01-28T06:19:56.924+0000] {logging_mixin.py:190} INFO - [2025-01-28T06:19:56.923+0000] {dag.py:3239} INFO - Sync 1 DAGs
[2025-01-28T06:19:56.942+0000] {logging_mixin.py:190} INFO - [2025-01-28T06:19:56.941+0000] {dag.py:4180} INFO - Setting next_dagrun for example_skip_dag to 2025-01-27 00:00:00+00:00, run_after=2025-01-28 00:00:00+00:00
[2025-01-28T06:19:56.965+0000] {processor.py:208} INFO - Processing /home/ubuntu/.local/lib/python3.12/site-packages/airflow/example_dags/example_skip_dag.py took 0.076 seconds
[2025-01-28T06:20:55.935+0000] {processor.py:186} INFO - Started process (PID=3678) to work on /home/ubuntu/.local/lib/python3.12/site-packages/airflow/example_dags/example_skip_dag.py
[2025-01-28T06:20:55.936+0000] {processor.py:914} INFO - Processing file /home/ubuntu/.local/lib/python3.12/site-packages/airflow/example_dags/example_skip_dag.py for tasks to queue
[2025-01-28T06:20:55.939+0000] {logging_mixin.py:190} INFO - [2025-01-28T06:20:55.939+0000] {dagbag.py:588} INFO - Filling up the DagBag from /home/ubuntu/.local/lib/python3.12/site-packages/airflow/example_dags/example_skip_dag.py
[2025-01-28T06:20:55.949+0000] {processor.py:925} INFO - DAG(s) 'example_skip_dag' retrieved from /home/ubuntu/.local/lib/python3.12/site-packages/airflow/example_dags/example_skip_dag.py
[2025-01-28T06:20:55.966+0000] {logging_mixin.py:190} INFO - [2025-01-28T06:20:55.966+0000] {dag.py:3239} INFO - Sync 1 DAGs
[2025-01-28T06:20:55.983+0000] {logging_mixin.py:190} INFO - [2025-01-28T06:20:55.983+0000] {dag.py:4180} INFO - Setting next_dagrun for example_skip_dag to 2025-01-27 00:00:00+00:00, run_after=2025-01-28 00:00:00+00:00
[2025-01-28T06:20:56.008+0000] {processor.py:208} INFO - Processing /home/ubuntu/.local/lib/python3.12/site-packages/airflow/example_dags/example_skip_dag.py took 0.078 seconds
[2025-01-28T06:21:48.120+0000] {processor.py:186} INFO - Started process (PID=3845) to work on /home/ubuntu/.local/lib/python3.12/site-packages/airflow/example_dags/example_skip_dag.py
[2025-01-28T06:21:48.132+0000] {processor.py:914} INFO - Processing file /home/ubuntu/.local/lib/python3.12/site-packages/airflow/example_dags/example_skip_dag.py for tasks to queue
[2025-01-28T06:21:48.134+0000] {logging_mixin.py:190} INFO - [2025-01-28T06:21:48.134+0000] {dagbag.py:588} INFO - Filling up the DagBag from /home/ubuntu/.local/lib/python3.12/site-packages/airflow/example_dags/example_skip_dag.py
[2025-01-28T06:21:48.149+0000] {processor.py:925} INFO - DAG(s) 'example_skip_dag' retrieved from /home/ubuntu/.local/lib/python3.12/site-packages/airflow/example_dags/example_skip_dag.py
[2025-01-28T06:21:48.192+0000] {logging_mixin.py:190} INFO - [2025-01-28T06:21:48.192+0000] {dag.py:3239} INFO - Sync 1 DAGs
[2025-01-28T06:21:48.233+0000] {logging_mixin.py:190} INFO - [2025-01-28T06:21:48.233+0000] {dag.py:4180} INFO - Setting next_dagrun for example_skip_dag to 2025-01-27 00:00:00+00:00, run_after=2025-01-28 00:00:00+00:00
[2025-01-28T06:21:48.288+0000] {processor.py:208} INFO - Processing /home/ubuntu/.local/lib/python3.12/site-packages/airflow/example_dags/example_skip_dag.py took 0.176 seconds
[2025-01-28T06:22:48.722+0000] {processor.py:186} INFO - Started process (PID=3911) to work on /home/ubuntu/.local/lib/python3.12/site-packages/airflow/example_dags/example_skip_dag.py
[2025-01-28T06:22:48.723+0000] {processor.py:914} INFO - Processing file /home/ubuntu/.local/lib/python3.12/site-packages/airflow/example_dags/example_skip_dag.py for tasks to queue
[2025-01-28T06:22:48.726+0000] {logging_mixin.py:190} INFO - [2025-01-28T06:22:48.726+0000] {dagbag.py:588} INFO - Filling up the DagBag from /home/ubuntu/.local/lib/python3.12/site-packages/airflow/example_dags/example_skip_dag.py
[2025-01-28T06:22:48.733+0000] {processor.py:925} INFO - DAG(s) 'example_skip_dag' retrieved from /home/ubuntu/.local/lib/python3.12/site-packages/airflow/example_dags/example_skip_dag.py
[2025-01-28T06:22:48.749+0000] {logging_mixin.py:190} INFO - [2025-01-28T06:22:48.749+0000] {dag.py:3239} INFO - Sync 1 DAGs
[2025-01-28T06:22:48.766+0000] {logging_mixin.py:190} INFO - [2025-01-28T06:22:48.766+0000] {dag.py:4180} INFO - Setting next_dagrun for example_skip_dag to 2025-01-27 00:00:00+00:00, run_after=2025-01-28 00:00:00+00:00
[2025-01-28T06:22:48.790+0000] {processor.py:208} INFO - Processing /home/ubuntu/.local/lib/python3.12/site-packages/airflow/example_dags/example_skip_dag.py took 0.073 seconds
[2025-01-28T06:23:42.692+0000] {processor.py:186} INFO - Started process (PID=4434) to work on /home/ubuntu/.local/lib/python3.12/site-packages/airflow/example_dags/example_skip_dag.py
[2025-01-28T06:23:42.694+0000] {processor.py:914} INFO - Processing file /home/ubuntu/.local/lib/python3.12/site-packages/airflow/example_dags/example_skip_dag.py for tasks to queue
[2025-01-28T06:23:42.696+0000] {logging_mixin.py:190} INFO - [2025-01-28T06:23:42.695+0000] {dagbag.py:588} INFO - Filling up the DagBag from /home/ubuntu/.local/lib/python3.12/site-packages/airflow/example_dags/example_skip_dag.py
[2025-01-28T06:23:42.704+0000] {processor.py:925} INFO - DAG(s) 'example_skip_dag' retrieved from /home/ubuntu/.local/lib/python3.12/site-packages/airflow/example_dags/example_skip_dag.py
[2025-01-28T06:23:42.720+0000] {logging_mixin.py:190} INFO - [2025-01-28T06:23:42.720+0000] {dag.py:3239} INFO - Sync 1 DAGs
[2025-01-28T06:23:42.736+0000] {logging_mixin.py:190} INFO - [2025-01-28T06:23:42.736+0000] {dag.py:4180} INFO - Setting next_dagrun for example_skip_dag to 2025-01-27 00:00:00+00:00, run_after=2025-01-28 00:00:00+00:00
[2025-01-28T06:23:42.757+0000] {processor.py:208} INFO - Processing /home/ubuntu/.local/lib/python3.12/site-packages/airflow/example_dags/example_skip_dag.py took 0.070 seconds
[2025-01-28T06:24:37.633+0000] {processor.py:186} INFO - Started process (PID=4534) to work on /home/ubuntu/.local/lib/python3.12/site-packages/airflow/example_dags/example_skip_dag.py
[2025-01-28T06:24:37.635+0000] {processor.py:914} INFO - Processing file /home/ubuntu/.local/lib/python3.12/site-packages/airflow/example_dags/example_skip_dag.py for tasks to queue
[2025-01-28T06:24:37.637+0000] {logging_mixin.py:190} INFO - [2025-01-28T06:24:37.637+0000] {dagbag.py:588} INFO - Filling up the DagBag from /home/ubuntu/.local/lib/python3.12/site-packages/airflow/example_dags/example_skip_dag.py
[2025-01-28T06:24:37.645+0000] {processor.py:925} INFO - DAG(s) 'example_skip_dag' retrieved from /home/ubuntu/.local/lib/python3.12/site-packages/airflow/example_dags/example_skip_dag.py
[2025-01-28T06:24:37.662+0000] {logging_mixin.py:190} INFO - [2025-01-28T06:24:37.662+0000] {dag.py:3239} INFO - Sync 1 DAGs
[2025-01-28T06:24:37.679+0000] {logging_mixin.py:190} INFO - [2025-01-28T06:24:37.679+0000] {dag.py:4180} INFO - Setting next_dagrun for example_skip_dag to 2025-01-27 00:00:00+00:00, run_after=2025-01-28 00:00:00+00:00
[2025-01-28T06:24:37.699+0000] {processor.py:208} INFO - Processing /home/ubuntu/.local/lib/python3.12/site-packages/airflow/example_dags/example_skip_dag.py took 0.072 seconds
[2025-01-28T06:25:31.754+0000] {processor.py:186} INFO - Started process (PID=4985) to work on /home/ubuntu/.local/lib/python3.12/site-packages/airflow/example_dags/example_skip_dag.py
[2025-01-28T06:25:31.755+0000] {processor.py:914} INFO - Processing file /home/ubuntu/.local/lib/python3.12/site-packages/airflow/example_dags/example_skip_dag.py for tasks to queue
[2025-01-28T06:25:31.757+0000] {logging_mixin.py:190} INFO - [2025-01-28T06:25:31.757+0000] {dagbag.py:588} INFO - Filling up the DagBag from /home/ubuntu/.local/lib/python3.12/site-packages/airflow/example_dags/example_skip_dag.py
[2025-01-28T06:25:31.766+0000] {processor.py:925} INFO - DAG(s) 'example_skip_dag' retrieved from /home/ubuntu/.local/lib/python3.12/site-packages/airflow/example_dags/example_skip_dag.py
[2025-01-28T06:25:31.789+0000] {logging_mixin.py:190} INFO - [2025-01-28T06:25:31.789+0000] {dag.py:3239} INFO - Sync 1 DAGs
[2025-01-28T06:25:31.810+0000] {logging_mixin.py:190} INFO - [2025-01-28T06:25:31.810+0000] {dag.py:4180} INFO - Setting next_dagrun for example_skip_dag to 2025-01-27 00:00:00+00:00, run_after=2025-01-28 00:00:00+00:00
[2025-01-28T06:25:31.829+0000] {processor.py:208} INFO - Processing /home/ubuntu/.local/lib/python3.12/site-packages/airflow/example_dags/example_skip_dag.py took 0.081 seconds
[2025-01-28T06:26:25.588+0000] {processor.py:186} INFO - Started process (PID=5163) to work on /home/ubuntu/.local/lib/python3.12/site-packages/airflow/example_dags/example_skip_dag.py
[2025-01-28T06:26:25.589+0000] {processor.py:914} INFO - Processing file /home/ubuntu/.local/lib/python3.12/site-packages/airflow/example_dags/example_skip_dag.py for tasks to queue
[2025-01-28T06:26:25.592+0000] {logging_mixin.py:190} INFO - [2025-01-28T06:26:25.592+0000] {dagbag.py:588} INFO - Filling up the DagBag from /home/ubuntu/.local/lib/python3.12/site-packages/airflow/example_dags/example_skip_dag.py
[2025-01-28T06:26:25.600+0000] {processor.py:925} INFO - DAG(s) 'example_skip_dag' retrieved from /home/ubuntu/.local/lib/python3.12/site-packages/airflow/example_dags/example_skip_dag.py
[2025-01-28T06:26:25.616+0000] {logging_mixin.py:190} INFO - [2025-01-28T06:26:25.616+0000] {dag.py:3239} INFO - Sync 1 DAGs
[2025-01-28T06:26:25.634+0000] {logging_mixin.py:190} INFO - [2025-01-28T06:26:25.633+0000] {dag.py:4180} INFO - Setting next_dagrun for example_skip_dag to 2025-01-27 00:00:00+00:00, run_after=2025-01-28 00:00:00+00:00
[2025-01-28T06:26:25.652+0000] {processor.py:208} INFO - Processing /home/ubuntu/.local/lib/python3.12/site-packages/airflow/example_dags/example_skip_dag.py took 0.070 seconds
[2025-01-28T06:27:19.762+0000] {processor.py:186} INFO - Started process (PID=5219) to work on /home/ubuntu/.local/lib/python3.12/site-packages/airflow/example_dags/example_skip_dag.py
[2025-01-28T06:27:19.764+0000] {processor.py:914} INFO - Processing file /home/ubuntu/.local/lib/python3.12/site-packages/airflow/example_dags/example_skip_dag.py for tasks to queue
[2025-01-28T06:27:19.767+0000] {logging_mixin.py:190} INFO - [2025-01-28T06:27:19.766+0000] {dagbag.py:588} INFO - Filling up the DagBag from /home/ubuntu/.local/lib/python3.12/site-packages/airflow/example_dags/example_skip_dag.py
[2025-01-28T06:27:19.775+0000] {processor.py:925} INFO - DAG(s) 'example_skip_dag' retrieved from /home/ubuntu/.local/lib/python3.12/site-packages/airflow/example_dags/example_skip_dag.py
[2025-01-28T06:27:19.791+0000] {logging_mixin.py:190} INFO - [2025-01-28T06:27:19.791+0000] {dag.py:3239} INFO - Sync 1 DAGs
[2025-01-28T06:27:19.809+0000] {logging_mixin.py:190} INFO - [2025-01-28T06:27:19.808+0000] {dag.py:4180} INFO - Setting next_dagrun for example_skip_dag to 2025-01-27 00:00:00+00:00, run_after=2025-01-28 00:00:00+00:00
[2025-01-28T06:27:19.829+0000] {processor.py:208} INFO - Processing /home/ubuntu/.local/lib/python3.12/site-packages/airflow/example_dags/example_skip_dag.py took 0.072 seconds
[2025-01-28T06:28:10.341+0000] {processor.py:186} INFO - Started process (PID=5275) to work on /home/ubuntu/.local/lib/python3.12/site-packages/airflow/example_dags/example_skip_dag.py
[2025-01-28T06:28:10.343+0000] {processor.py:914} INFO - Processing file /home/ubuntu/.local/lib/python3.12/site-packages/airflow/example_dags/example_skip_dag.py for tasks to queue
[2025-01-28T06:28:10.346+0000] {logging_mixin.py:190} INFO - [2025-01-28T06:28:10.345+0000] {dagbag.py:588} INFO - Filling up the DagBag from /home/ubuntu/.local/lib/python3.12/site-packages/airflow/example_dags/example_skip_dag.py
[2025-01-28T06:28:10.353+0000] {processor.py:925} INFO - DAG(s) 'example_skip_dag' retrieved from /home/ubuntu/.local/lib/python3.12/site-packages/airflow/example_dags/example_skip_dag.py
[2025-01-28T06:28:10.370+0000] {logging_mixin.py:190} INFO - [2025-01-28T06:28:10.370+0000] {dag.py:3239} INFO - Sync 1 DAGs
[2025-01-28T06:28:10.387+0000] {logging_mixin.py:190} INFO - [2025-01-28T06:28:10.387+0000] {dag.py:4180} INFO - Setting next_dagrun for example_skip_dag to 2025-01-27 00:00:00+00:00, run_after=2025-01-28 00:00:00+00:00
[2025-01-28T06:28:10.407+0000] {processor.py:208} INFO - Processing /home/ubuntu/.local/lib/python3.12/site-packages/airflow/example_dags/example_skip_dag.py took 0.071 seconds
[2025-01-28T06:29:05.212+0000] {processor.py:186} INFO - Started process (PID=5548) to work on /home/ubuntu/.local/lib/python3.12/site-packages/airflow/example_dags/example_skip_dag.py
[2025-01-28T06:29:05.214+0000] {processor.py:914} INFO - Processing file /home/ubuntu/.local/lib/python3.12/site-packages/airflow/example_dags/example_skip_dag.py for tasks to queue
[2025-01-28T06:29:05.217+0000] {logging_mixin.py:190} INFO - [2025-01-28T06:29:05.217+0000] {dagbag.py:588} INFO - Filling up the DagBag from /home/ubuntu/.local/lib/python3.12/site-packages/airflow/example_dags/example_skip_dag.py
[2025-01-28T06:29:05.225+0000] {processor.py:925} INFO - DAG(s) 'example_skip_dag' retrieved from /home/ubuntu/.local/lib/python3.12/site-packages/airflow/example_dags/example_skip_dag.py
[2025-01-28T06:29:05.241+0000] {logging_mixin.py:190} INFO - [2025-01-28T06:29:05.241+0000] {dag.py:3239} INFO - Sync 1 DAGs
[2025-01-28T06:29:05.260+0000] {logging_mixin.py:190} INFO - [2025-01-28T06:29:05.260+0000] {dag.py:4180} INFO - Setting next_dagrun for example_skip_dag to 2025-01-27 00:00:00+00:00, run_after=2025-01-28 00:00:00+00:00
[2025-01-28T06:29:05.282+0000] {processor.py:208} INFO - Processing /home/ubuntu/.local/lib/python3.12/site-packages/airflow/example_dags/example_skip_dag.py took 0.075 seconds
[2025-01-28T06:30:01.615+0000] {processor.py:186} INFO - Started process (PID=5606) to work on /home/ubuntu/.local/lib/python3.12/site-packages/airflow/example_dags/example_skip_dag.py
[2025-01-28T06:30:01.618+0000] {processor.py:914} INFO - Processing file /home/ubuntu/.local/lib/python3.12/site-packages/airflow/example_dags/example_skip_dag.py for tasks to queue
[2025-01-28T06:30:01.620+0000] {logging_mixin.py:190} INFO - [2025-01-28T06:30:01.620+0000] {dagbag.py:588} INFO - Filling up the DagBag from /home/ubuntu/.local/lib/python3.12/site-packages/airflow/example_dags/example_skip_dag.py
[2025-01-28T06:30:01.628+0000] {processor.py:925} INFO - DAG(s) 'example_skip_dag' retrieved from /home/ubuntu/.local/lib/python3.12/site-packages/airflow/example_dags/example_skip_dag.py
[2025-01-28T06:30:01.645+0000] {logging_mixin.py:190} INFO - [2025-01-28T06:30:01.645+0000] {dag.py:3239} INFO - Sync 1 DAGs
[2025-01-28T06:30:01.663+0000] {logging_mixin.py:190} INFO - [2025-01-28T06:30:01.663+0000] {dag.py:4180} INFO - Setting next_dagrun for example_skip_dag to 2025-01-27 00:00:00+00:00, run_after=2025-01-28 00:00:00+00:00
[2025-01-28T06:30:01.690+0000] {processor.py:208} INFO - Processing /home/ubuntu/.local/lib/python3.12/site-packages/airflow/example_dags/example_skip_dag.py took 0.080 seconds
[2025-01-28T06:30:54.235+0000] {processor.py:186} INFO - Started process (PID=5714) to work on /home/ubuntu/.local/lib/python3.12/site-packages/airflow/example_dags/example_skip_dag.py
[2025-01-28T06:30:54.237+0000] {processor.py:914} INFO - Processing file /home/ubuntu/.local/lib/python3.12/site-packages/airflow/example_dags/example_skip_dag.py for tasks to queue
[2025-01-28T06:30:54.239+0000] {logging_mixin.py:190} INFO - [2025-01-28T06:30:54.239+0000] {dagbag.py:588} INFO - Filling up the DagBag from /home/ubuntu/.local/lib/python3.12/site-packages/airflow/example_dags/example_skip_dag.py
[2025-01-28T06:30:54.247+0000] {processor.py:925} INFO - DAG(s) 'example_skip_dag' retrieved from /home/ubuntu/.local/lib/python3.12/site-packages/airflow/example_dags/example_skip_dag.py
[2025-01-28T06:30:54.263+0000] {logging_mixin.py:190} INFO - [2025-01-28T06:30:54.262+0000] {dag.py:3239} INFO - Sync 1 DAGs
[2025-01-28T06:30:54.280+0000] {logging_mixin.py:190} INFO - [2025-01-28T06:30:54.280+0000] {dag.py:4180} INFO - Setting next_dagrun for example_skip_dag to 2025-01-27 00:00:00+00:00, run_after=2025-01-28 00:00:00+00:00
[2025-01-28T06:30:54.301+0000] {processor.py:208} INFO - Processing /home/ubuntu/.local/lib/python3.12/site-packages/airflow/example_dags/example_skip_dag.py took 0.072 seconds
[2025-01-28T06:31:38.805+0000] {processor.py:186} INFO - Started process (PID=5757) to work on /home/ubuntu/.local/lib/python3.12/site-packages/airflow/example_dags/example_skip_dag.py
[2025-01-28T06:31:38.808+0000] {processor.py:914} INFO - Processing file /home/ubuntu/.local/lib/python3.12/site-packages/airflow/example_dags/example_skip_dag.py for tasks to queue
[2025-01-28T06:31:38.810+0000] {logging_mixin.py:190} INFO - [2025-01-28T06:31:38.809+0000] {dagbag.py:588} INFO - Filling up the DagBag from /home/ubuntu/.local/lib/python3.12/site-packages/airflow/example_dags/example_skip_dag.py
[2025-01-28T06:31:38.818+0000] {processor.py:925} INFO - DAG(s) 'example_skip_dag' retrieved from /home/ubuntu/.local/lib/python3.12/site-packages/airflow/example_dags/example_skip_dag.py
[2025-01-28T06:31:38.835+0000] {logging_mixin.py:190} INFO - [2025-01-28T06:31:38.835+0000] {dag.py:3239} INFO - Sync 1 DAGs
[2025-01-28T06:31:38.854+0000] {logging_mixin.py:190} INFO - [2025-01-28T06:31:38.853+0000] {dag.py:4180} INFO - Setting next_dagrun for example_skip_dag to 2025-01-27 00:00:00+00:00, run_after=2025-01-28 00:00:00+00:00
[2025-01-28T06:31:38.877+0000] {processor.py:208} INFO - Processing /home/ubuntu/.local/lib/python3.12/site-packages/airflow/example_dags/example_skip_dag.py took 0.077 seconds
[2025-01-28T06:32:37.853+0000] {processor.py:186} INFO - Started process (PID=5818) to work on /home/ubuntu/.local/lib/python3.12/site-packages/airflow/example_dags/example_skip_dag.py
[2025-01-28T06:32:37.854+0000] {processor.py:914} INFO - Processing file /home/ubuntu/.local/lib/python3.12/site-packages/airflow/example_dags/example_skip_dag.py for tasks to queue
[2025-01-28T06:32:37.856+0000] {logging_mixin.py:190} INFO - [2025-01-28T06:32:37.856+0000] {dagbag.py:588} INFO - Filling up the DagBag from /home/ubuntu/.local/lib/python3.12/site-packages/airflow/example_dags/example_skip_dag.py
[2025-01-28T06:32:37.865+0000] {processor.py:925} INFO - DAG(s) 'example_skip_dag' retrieved from /home/ubuntu/.local/lib/python3.12/site-packages/airflow/example_dags/example_skip_dag.py
[2025-01-28T06:32:37.881+0000] {logging_mixin.py:190} INFO - [2025-01-28T06:32:37.881+0000] {dag.py:3239} INFO - Sync 1 DAGs
[2025-01-28T06:32:37.900+0000] {logging_mixin.py:190} INFO - [2025-01-28T06:32:37.900+0000] {dag.py:4180} INFO - Setting next_dagrun for example_skip_dag to 2025-01-27 00:00:00+00:00, run_after=2025-01-28 00:00:00+00:00
[2025-01-28T06:32:37.922+0000] {processor.py:208} INFO - Processing /home/ubuntu/.local/lib/python3.12/site-packages/airflow/example_dags/example_skip_dag.py took 0.074 seconds
[2025-01-28T06:33:37.632+0000] {processor.py:186} INFO - Started process (PID=5883) to work on /home/ubuntu/.local/lib/python3.12/site-packages/airflow/example_dags/example_skip_dag.py
[2025-01-28T06:33:37.634+0000] {processor.py:914} INFO - Processing file /home/ubuntu/.local/lib/python3.12/site-packages/airflow/example_dags/example_skip_dag.py for tasks to queue
[2025-01-28T06:33:37.636+0000] {logging_mixin.py:190} INFO - [2025-01-28T06:33:37.636+0000] {dagbag.py:588} INFO - Filling up the DagBag from /home/ubuntu/.local/lib/python3.12/site-packages/airflow/example_dags/example_skip_dag.py
[2025-01-28T06:33:37.644+0000] {processor.py:925} INFO - DAG(s) 'example_skip_dag' retrieved from /home/ubuntu/.local/lib/python3.12/site-packages/airflow/example_dags/example_skip_dag.py
[2025-01-28T06:33:37.663+0000] {logging_mixin.py:190} INFO - [2025-01-28T06:33:37.663+0000] {dag.py:3239} INFO - Sync 1 DAGs
[2025-01-28T06:33:37.681+0000] {logging_mixin.py:190} INFO - [2025-01-28T06:33:37.680+0000] {dag.py:4180} INFO - Setting next_dagrun for example_skip_dag to 2025-01-27 00:00:00+00:00, run_after=2025-01-28 00:00:00+00:00
[2025-01-28T06:33:37.703+0000] {processor.py:208} INFO - Processing /home/ubuntu/.local/lib/python3.12/site-packages/airflow/example_dags/example_skip_dag.py took 0.076 seconds
[2025-01-28T06:34:34.270+0000] {processor.py:186} INFO - Started process (PID=5941) to work on /home/ubuntu/.local/lib/python3.12/site-packages/airflow/example_dags/example_skip_dag.py
[2025-01-28T06:34:34.272+0000] {processor.py:914} INFO - Processing file /home/ubuntu/.local/lib/python3.12/site-packages/airflow/example_dags/example_skip_dag.py for tasks to queue
[2025-01-28T06:34:34.274+0000] {logging_mixin.py:190} INFO - [2025-01-28T06:34:34.273+0000] {dagbag.py:588} INFO - Filling up the DagBag from /home/ubuntu/.local/lib/python3.12/site-packages/airflow/example_dags/example_skip_dag.py
[2025-01-28T06:34:34.281+0000] {processor.py:925} INFO - DAG(s) 'example_skip_dag' retrieved from /home/ubuntu/.local/lib/python3.12/site-packages/airflow/example_dags/example_skip_dag.py
[2025-01-28T06:34:34.298+0000] {logging_mixin.py:190} INFO - [2025-01-28T06:34:34.298+0000] {dag.py:3239} INFO - Sync 1 DAGs
[2025-01-28T06:34:34.316+0000] {logging_mixin.py:190} INFO - [2025-01-28T06:34:34.316+0000] {dag.py:4180} INFO - Setting next_dagrun for example_skip_dag to 2025-01-27 00:00:00+00:00, run_after=2025-01-28 00:00:00+00:00
[2025-01-28T06:34:34.338+0000] {processor.py:208} INFO - Processing /home/ubuntu/.local/lib/python3.12/site-packages/airflow/example_dags/example_skip_dag.py took 0.073 seconds
[2025-01-28T06:35:29.897+0000] {processor.py:186} INFO - Started process (PID=6002) to work on /home/ubuntu/.local/lib/python3.12/site-packages/airflow/example_dags/example_skip_dag.py
[2025-01-28T06:35:29.899+0000] {processor.py:914} INFO - Processing file /home/ubuntu/.local/lib/python3.12/site-packages/airflow/example_dags/example_skip_dag.py for tasks to queue
[2025-01-28T06:35:29.901+0000] {logging_mixin.py:190} INFO - [2025-01-28T06:35:29.901+0000] {dagbag.py:588} INFO - Filling up the DagBag from /home/ubuntu/.local/lib/python3.12/site-packages/airflow/example_dags/example_skip_dag.py
[2025-01-28T06:35:29.909+0000] {processor.py:925} INFO - DAG(s) 'example_skip_dag' retrieved from /home/ubuntu/.local/lib/python3.12/site-packages/airflow/example_dags/example_skip_dag.py
[2025-01-28T06:35:29.924+0000] {logging_mixin.py:190} INFO - [2025-01-28T06:35:29.924+0000] {dag.py:3239} INFO - Sync 1 DAGs
[2025-01-28T06:35:29.942+0000] {logging_mixin.py:190} INFO - [2025-01-28T06:35:29.942+0000] {dag.py:4180} INFO - Setting next_dagrun for example_skip_dag to 2025-01-27 00:00:00+00:00, run_after=2025-01-28 00:00:00+00:00
[2025-01-28T06:35:29.964+0000] {processor.py:208} INFO - Processing /home/ubuntu/.local/lib/python3.12/site-packages/airflow/example_dags/example_skip_dag.py took 0.071 seconds
[2025-01-28T06:36:21.231+0000] {processor.py:186} INFO - Started process (PID=6055) to work on /home/ubuntu/.local/lib/python3.12/site-packages/airflow/example_dags/example_skip_dag.py
[2025-01-28T06:36:21.233+0000] {processor.py:914} INFO - Processing file /home/ubuntu/.local/lib/python3.12/site-packages/airflow/example_dags/example_skip_dag.py for tasks to queue
[2025-01-28T06:36:21.235+0000] {logging_mixin.py:190} INFO - [2025-01-28T06:36:21.234+0000] {dagbag.py:588} INFO - Filling up the DagBag from /home/ubuntu/.local/lib/python3.12/site-packages/airflow/example_dags/example_skip_dag.py
[2025-01-28T06:36:21.244+0000] {processor.py:925} INFO - DAG(s) 'example_skip_dag' retrieved from /home/ubuntu/.local/lib/python3.12/site-packages/airflow/example_dags/example_skip_dag.py
[2025-01-28T06:36:21.260+0000] {logging_mixin.py:190} INFO - [2025-01-28T06:36:21.260+0000] {dag.py:3239} INFO - Sync 1 DAGs
[2025-01-28T06:36:21.277+0000] {logging_mixin.py:190} INFO - [2025-01-28T06:36:21.277+0000] {dag.py:4180} INFO - Setting next_dagrun for example_skip_dag to 2025-01-27 00:00:00+00:00, run_after=2025-01-28 00:00:00+00:00
[2025-01-28T06:36:21.300+0000] {processor.py:208} INFO - Processing /home/ubuntu/.local/lib/python3.12/site-packages/airflow/example_dags/example_skip_dag.py took 0.074 seconds
[2025-01-28T06:37:13.070+0000] {processor.py:186} INFO - Started process (PID=6109) to work on /home/ubuntu/.local/lib/python3.12/site-packages/airflow/example_dags/example_skip_dag.py
[2025-01-28T06:37:13.072+0000] {processor.py:914} INFO - Processing file /home/ubuntu/.local/lib/python3.12/site-packages/airflow/example_dags/example_skip_dag.py for tasks to queue
[2025-01-28T06:37:13.074+0000] {logging_mixin.py:190} INFO - [2025-01-28T06:37:13.074+0000] {dagbag.py:588} INFO - Filling up the DagBag from /home/ubuntu/.local/lib/python3.12/site-packages/airflow/example_dags/example_skip_dag.py
[2025-01-28T06:37:13.083+0000] {processor.py:925} INFO - DAG(s) 'example_skip_dag' retrieved from /home/ubuntu/.local/lib/python3.12/site-packages/airflow/example_dags/example_skip_dag.py
[2025-01-28T06:37:13.099+0000] {logging_mixin.py:190} INFO - [2025-01-28T06:37:13.099+0000] {dag.py:3239} INFO - Sync 1 DAGs
[2025-01-28T06:37:13.116+0000] {logging_mixin.py:190} INFO - [2025-01-28T06:37:13.116+0000] {dag.py:4180} INFO - Setting next_dagrun for example_skip_dag to 2025-01-27 00:00:00+00:00, run_after=2025-01-28 00:00:00+00:00
[2025-01-28T06:37:13.143+0000] {processor.py:208} INFO - Processing /home/ubuntu/.local/lib/python3.12/site-packages/airflow/example_dags/example_skip_dag.py took 0.078 seconds
[2025-01-28T06:38:07.230+0000] {processor.py:186} INFO - Started process (PID=6165) to work on /home/ubuntu/.local/lib/python3.12/site-packages/airflow/example_dags/example_skip_dag.py
[2025-01-28T06:38:07.231+0000] {processor.py:914} INFO - Processing file /home/ubuntu/.local/lib/python3.12/site-packages/airflow/example_dags/example_skip_dag.py for tasks to queue
[2025-01-28T06:38:07.233+0000] {logging_mixin.py:190} INFO - [2025-01-28T06:38:07.233+0000] {dagbag.py:588} INFO - Filling up the DagBag from /home/ubuntu/.local/lib/python3.12/site-packages/airflow/example_dags/example_skip_dag.py
[2025-01-28T06:38:07.244+0000] {processor.py:925} INFO - DAG(s) 'example_skip_dag' retrieved from /home/ubuntu/.local/lib/python3.12/site-packages/airflow/example_dags/example_skip_dag.py
[2025-01-28T06:38:07.279+0000] {logging_mixin.py:190} INFO - [2025-01-28T06:38:07.279+0000] {dag.py:3239} INFO - Sync 1 DAGs
[2025-01-28T06:38:07.297+0000] {logging_mixin.py:190} INFO - [2025-01-28T06:38:07.296+0000] {dag.py:4180} INFO - Setting next_dagrun for example_skip_dag to 2025-01-27 00:00:00+00:00, run_after=2025-01-28 00:00:00+00:00
[2025-01-28T06:38:07.320+0000] {processor.py:208} INFO - Processing /home/ubuntu/.local/lib/python3.12/site-packages/airflow/example_dags/example_skip_dag.py took 0.095 seconds
[2025-01-28T06:39:01.516+0000] {processor.py:186} INFO - Started process (PID=6222) to work on /home/ubuntu/.local/lib/python3.12/site-packages/airflow/example_dags/example_skip_dag.py
[2025-01-28T06:39:01.518+0000] {processor.py:914} INFO - Processing file /home/ubuntu/.local/lib/python3.12/site-packages/airflow/example_dags/example_skip_dag.py for tasks to queue
[2025-01-28T06:39:01.520+0000] {logging_mixin.py:190} INFO - [2025-01-28T06:39:01.520+0000] {dagbag.py:588} INFO - Filling up the DagBag from /home/ubuntu/.local/lib/python3.12/site-packages/airflow/example_dags/example_skip_dag.py
[2025-01-28T06:39:01.529+0000] {processor.py:925} INFO - DAG(s) 'example_skip_dag' retrieved from /home/ubuntu/.local/lib/python3.12/site-packages/airflow/example_dags/example_skip_dag.py
[2025-01-28T06:39:01.545+0000] {logging_mixin.py:190} INFO - [2025-01-28T06:39:01.545+0000] {dag.py:3239} INFO - Sync 1 DAGs
[2025-01-28T06:39:01.563+0000] {logging_mixin.py:190} INFO - [2025-01-28T06:39:01.563+0000] {dag.py:4180} INFO - Setting next_dagrun for example_skip_dag to 2025-01-27 00:00:00+00:00, run_after=2025-01-28 00:00:00+00:00
[2025-01-28T06:39:01.585+0000] {processor.py:208} INFO - Processing /home/ubuntu/.local/lib/python3.12/site-packages/airflow/example_dags/example_skip_dag.py took 0.074 seconds
[2025-01-28T06:40:00.884+0000] {processor.py:186} INFO - Started process (PID=6280) to work on /home/ubuntu/.local/lib/python3.12/site-packages/airflow/example_dags/example_skip_dag.py
[2025-01-28T06:40:00.886+0000] {processor.py:914} INFO - Processing file /home/ubuntu/.local/lib/python3.12/site-packages/airflow/example_dags/example_skip_dag.py for tasks to queue
[2025-01-28T06:40:00.888+0000] {logging_mixin.py:190} INFO - [2025-01-28T06:40:00.888+0000] {dagbag.py:588} INFO - Filling up the DagBag from /home/ubuntu/.local/lib/python3.12/site-packages/airflow/example_dags/example_skip_dag.py
[2025-01-28T06:40:00.896+0000] {processor.py:925} INFO - DAG(s) 'example_skip_dag' retrieved from /home/ubuntu/.local/lib/python3.12/site-packages/airflow/example_dags/example_skip_dag.py
[2025-01-28T06:40:00.912+0000] {logging_mixin.py:190} INFO - [2025-01-28T06:40:00.912+0000] {dag.py:3239} INFO - Sync 1 DAGs
[2025-01-28T06:40:00.930+0000] {logging_mixin.py:190} INFO - [2025-01-28T06:40:00.930+0000] {dag.py:4180} INFO - Setting next_dagrun for example_skip_dag to 2025-01-27 00:00:00+00:00, run_after=2025-01-28 00:00:00+00:00
[2025-01-28T06:40:00.951+0000] {processor.py:208} INFO - Processing /home/ubuntu/.local/lib/python3.12/site-packages/airflow/example_dags/example_skip_dag.py took 0.073 seconds
[2025-01-28T06:40:53.457+0000] {processor.py:186} INFO - Started process (PID=6340) to work on /home/ubuntu/.local/lib/python3.12/site-packages/airflow/example_dags/example_skip_dag.py
[2025-01-28T06:40:53.459+0000] {processor.py:914} INFO - Processing file /home/ubuntu/.local/lib/python3.12/site-packages/airflow/example_dags/example_skip_dag.py for tasks to queue
[2025-01-28T06:40:53.461+0000] {logging_mixin.py:190} INFO - [2025-01-28T06:40:53.460+0000] {dagbag.py:588} INFO - Filling up the DagBag from /home/ubuntu/.local/lib/python3.12/site-packages/airflow/example_dags/example_skip_dag.py
[2025-01-28T06:40:53.468+0000] {processor.py:925} INFO - DAG(s) 'example_skip_dag' retrieved from /home/ubuntu/.local/lib/python3.12/site-packages/airflow/example_dags/example_skip_dag.py
[2025-01-28T06:40:53.491+0000] {logging_mixin.py:190} INFO - [2025-01-28T06:40:53.491+0000] {dag.py:3239} INFO - Sync 1 DAGs
[2025-01-28T06:40:53.510+0000] {logging_mixin.py:190} INFO - [2025-01-28T06:40:53.510+0000] {dag.py:4180} INFO - Setting next_dagrun for example_skip_dag to 2025-01-27 00:00:00+00:00, run_after=2025-01-28 00:00:00+00:00
[2025-01-28T06:40:53.665+0000] {processor.py:208} INFO - Processing /home/ubuntu/.local/lib/python3.12/site-packages/airflow/example_dags/example_skip_dag.py took 0.215 seconds
[2025-01-28T06:41:37.221+0000] {processor.py:186} INFO - Started process (PID=6499) to work on /home/ubuntu/.local/lib/python3.12/site-packages/airflow/example_dags/example_skip_dag.py
[2025-01-28T06:41:37.223+0000] {processor.py:914} INFO - Processing file /home/ubuntu/.local/lib/python3.12/site-packages/airflow/example_dags/example_skip_dag.py for tasks to queue
[2025-01-28T06:41:37.225+0000] {logging_mixin.py:190} INFO - [2025-01-28T06:41:37.224+0000] {dagbag.py:588} INFO - Filling up the DagBag from /home/ubuntu/.local/lib/python3.12/site-packages/airflow/example_dags/example_skip_dag.py
[2025-01-28T06:41:37.233+0000] {processor.py:925} INFO - DAG(s) 'example_skip_dag' retrieved from /home/ubuntu/.local/lib/python3.12/site-packages/airflow/example_dags/example_skip_dag.py
[2025-01-28T06:41:37.250+0000] {logging_mixin.py:190} INFO - [2025-01-28T06:41:37.250+0000] {dag.py:3239} INFO - Sync 1 DAGs
[2025-01-28T06:41:37.268+0000] {logging_mixin.py:190} INFO - [2025-01-28T06:41:37.267+0000] {dag.py:4180} INFO - Setting next_dagrun for example_skip_dag to 2025-01-27 00:00:00+00:00, run_after=2025-01-28 00:00:00+00:00
[2025-01-28T06:41:37.290+0000] {processor.py:208} INFO - Processing /home/ubuntu/.local/lib/python3.12/site-packages/airflow/example_dags/example_skip_dag.py took 0.074 seconds
[2025-01-28T06:42:36.016+0000] {processor.py:186} INFO - Started process (PID=6573) to work on /home/ubuntu/.local/lib/python3.12/site-packages/airflow/example_dags/example_skip_dag.py
[2025-01-28T06:42:36.017+0000] {processor.py:914} INFO - Processing file /home/ubuntu/.local/lib/python3.12/site-packages/airflow/example_dags/example_skip_dag.py for tasks to queue
[2025-01-28T06:42:36.018+0000] {logging_mixin.py:190} INFO - [2025-01-28T06:42:36.018+0000] {dagbag.py:588} INFO - Filling up the DagBag from /home/ubuntu/.local/lib/python3.12/site-packages/airflow/example_dags/example_skip_dag.py
[2025-01-28T06:42:36.027+0000] {processor.py:925} INFO - DAG(s) 'example_skip_dag' retrieved from /home/ubuntu/.local/lib/python3.12/site-packages/airflow/example_dags/example_skip_dag.py
[2025-01-28T06:42:36.044+0000] {logging_mixin.py:190} INFO - [2025-01-28T06:42:36.044+0000] {dag.py:3239} INFO - Sync 1 DAGs
[2025-01-28T06:42:36.062+0000] {logging_mixin.py:190} INFO - [2025-01-28T06:42:36.062+0000] {dag.py:4180} INFO - Setting next_dagrun for example_skip_dag to 2025-01-27 00:00:00+00:00, run_after=2025-01-28 00:00:00+00:00
[2025-01-28T06:42:36.084+0000] {processor.py:208} INFO - Processing /home/ubuntu/.local/lib/python3.12/site-packages/airflow/example_dags/example_skip_dag.py took 0.073 seconds
[2025-01-28T06:43:34.316+0000] {processor.py:186} INFO - Started process (PID=6629) to work on /home/ubuntu/.local/lib/python3.12/site-packages/airflow/example_dags/example_skip_dag.py
[2025-01-28T06:43:34.318+0000] {processor.py:914} INFO - Processing file /home/ubuntu/.local/lib/python3.12/site-packages/airflow/example_dags/example_skip_dag.py for tasks to queue
[2025-01-28T06:43:34.321+0000] {logging_mixin.py:190} INFO - [2025-01-28T06:43:34.321+0000] {dagbag.py:588} INFO - Filling up the DagBag from /home/ubuntu/.local/lib/python3.12/site-packages/airflow/example_dags/example_skip_dag.py
[2025-01-28T06:43:34.328+0000] {processor.py:925} INFO - DAG(s) 'example_skip_dag' retrieved from /home/ubuntu/.local/lib/python3.12/site-packages/airflow/example_dags/example_skip_dag.py
[2025-01-28T06:43:34.345+0000] {logging_mixin.py:190} INFO - [2025-01-28T06:43:34.344+0000] {dag.py:3239} INFO - Sync 1 DAGs
[2025-01-28T06:43:34.500+0000] {logging_mixin.py:190} INFO - [2025-01-28T06:43:34.500+0000] {dag.py:4180} INFO - Setting next_dagrun for example_skip_dag to 2025-01-27 00:00:00+00:00, run_after=2025-01-28 00:00:00+00:00
[2025-01-28T06:43:34.524+0000] {processor.py:208} INFO - Processing /home/ubuntu/.local/lib/python3.12/site-packages/airflow/example_dags/example_skip_dag.py took 0.213 seconds
[2025-01-28T06:44:42.031+0000] {processor.py:186} INFO - Started process (PID=6694) to work on /home/ubuntu/.local/lib/python3.12/site-packages/airflow/example_dags/example_skip_dag.py
[2025-01-28T06:44:42.032+0000] {processor.py:914} INFO - Processing file /home/ubuntu/.local/lib/python3.12/site-packages/airflow/example_dags/example_skip_dag.py for tasks to queue
[2025-01-28T06:44:42.035+0000] {logging_mixin.py:190} INFO - [2025-01-28T06:44:42.035+0000] {dagbag.py:588} INFO - Filling up the DagBag from /home/ubuntu/.local/lib/python3.12/site-packages/airflow/example_dags/example_skip_dag.py
[2025-01-28T06:44:42.043+0000] {processor.py:925} INFO - DAG(s) 'example_skip_dag' retrieved from /home/ubuntu/.local/lib/python3.12/site-packages/airflow/example_dags/example_skip_dag.py
[2025-01-28T06:44:42.060+0000] {logging_mixin.py:190} INFO - [2025-01-28T06:44:42.059+0000] {dag.py:3239} INFO - Sync 1 DAGs
[2025-01-28T06:44:42.208+0000] {logging_mixin.py:190} INFO - [2025-01-28T06:44:42.208+0000] {dag.py:4180} INFO - Setting next_dagrun for example_skip_dag to 2025-01-27 00:00:00+00:00, run_after=2025-01-28 00:00:00+00:00
[2025-01-28T06:44:42.229+0000] {processor.py:208} INFO - Processing /home/ubuntu/.local/lib/python3.12/site-packages/airflow/example_dags/example_skip_dag.py took 0.203 seconds
[2025-01-28T06:45:41.562+0000] {processor.py:186} INFO - Started process (PID=6780) to work on /home/ubuntu/.local/lib/python3.12/site-packages/airflow/example_dags/example_skip_dag.py
[2025-01-28T06:45:41.564+0000] {processor.py:914} INFO - Processing file /home/ubuntu/.local/lib/python3.12/site-packages/airflow/example_dags/example_skip_dag.py for tasks to queue
[2025-01-28T06:45:41.566+0000] {logging_mixin.py:190} INFO - [2025-01-28T06:45:41.566+0000] {dagbag.py:588} INFO - Filling up the DagBag from /home/ubuntu/.local/lib/python3.12/site-packages/airflow/example_dags/example_skip_dag.py
[2025-01-28T06:45:41.574+0000] {processor.py:925} INFO - DAG(s) 'example_skip_dag' retrieved from /home/ubuntu/.local/lib/python3.12/site-packages/airflow/example_dags/example_skip_dag.py
[2025-01-28T06:45:41.591+0000] {logging_mixin.py:190} INFO - [2025-01-28T06:45:41.591+0000] {dag.py:3239} INFO - Sync 1 DAGs
[2025-01-28T06:45:41.611+0000] {logging_mixin.py:190} INFO - [2025-01-28T06:45:41.610+0000] {dag.py:4180} INFO - Setting next_dagrun for example_skip_dag to 2025-01-27 00:00:00+00:00, run_after=2025-01-28 00:00:00+00:00
[2025-01-28T06:45:41.633+0000] {processor.py:208} INFO - Processing /home/ubuntu/.local/lib/python3.12/site-packages/airflow/example_dags/example_skip_dag.py took 0.075 seconds
[2025-01-28T06:46:33.537+0000] {processor.py:186} INFO - Started process (PID=6974) to work on /home/ubuntu/.local/lib/python3.12/site-packages/airflow/example_dags/example_skip_dag.py
[2025-01-28T06:46:33.538+0000] {processor.py:914} INFO - Processing file /home/ubuntu/.local/lib/python3.12/site-packages/airflow/example_dags/example_skip_dag.py for tasks to queue
[2025-01-28T06:46:33.540+0000] {logging_mixin.py:190} INFO - [2025-01-28T06:46:33.540+0000] {dagbag.py:588} INFO - Filling up the DagBag from /home/ubuntu/.local/lib/python3.12/site-packages/airflow/example_dags/example_skip_dag.py
[2025-01-28T06:46:33.548+0000] {processor.py:925} INFO - DAG(s) 'example_skip_dag' retrieved from /home/ubuntu/.local/lib/python3.12/site-packages/airflow/example_dags/example_skip_dag.py
[2025-01-28T06:46:33.566+0000] {logging_mixin.py:190} INFO - [2025-01-28T06:46:33.566+0000] {dag.py:3239} INFO - Sync 1 DAGs
[2025-01-28T06:46:33.584+0000] {logging_mixin.py:190} INFO - [2025-01-28T06:46:33.584+0000] {dag.py:4180} INFO - Setting next_dagrun for example_skip_dag to 2025-01-27 00:00:00+00:00, run_after=2025-01-28 00:00:00+00:00
[2025-01-28T06:46:33.609+0000] {processor.py:208} INFO - Processing /home/ubuntu/.local/lib/python3.12/site-packages/airflow/example_dags/example_skip_dag.py took 0.077 seconds
