[2025-01-28T03:40:07.532+0000] {processor.py:186} INFO - Started process (PID=9660) to work on /home/ubuntu/airflow-venv/lib/python3.12/site-packages/airflow/example_dags/example_display_name.py
[2025-01-28T03:40:07.533+0000] {processor.py:914} INFO - Processing file /home/ubuntu/airflow-venv/lib/python3.12/site-packages/airflow/example_dags/example_display_name.py for tasks to queue
[2025-01-28T03:40:07.535+0000] {logging_mixin.py:190} INFO - [2025-01-28T03:40:07.535+0000] {dagbag.py:588} INFO - Filling up the DagBag from /home/ubuntu/airflow-venv/lib/python3.12/site-packages/airflow/example_dags/example_display_name.py
[2025-01-28T03:40:07.543+0000] {processor.py:925} INFO - DAG(s) 'example_display_name' retrieved from /home/ubuntu/airflow-venv/lib/python3.12/site-packages/airflow/example_dags/example_display_name.py
[2025-01-28T03:40:07.647+0000] {logging_mixin.py:190} INFO - [2025-01-28T03:40:07.646+0000] {override.py:1912} INFO - Created Permission View: can read on DAG:example_display_name
[2025-01-28T03:40:07.662+0000] {logging_mixin.py:190} INFO - [2025-01-28T03:40:07.661+0000] {override.py:1912} INFO - Created Permission View: can delete on DAG:example_display_name
[2025-01-28T03:40:07.673+0000] {logging_mixin.py:190} INFO - [2025-01-28T03:40:07.673+0000] {override.py:1912} INFO - Created Permission View: can edit on DAG:example_display_name
[2025-01-28T03:40:07.690+0000] {logging_mixin.py:190} INFO - [2025-01-28T03:40:07.690+0000] {override.py:1912} INFO - Created Permission View: menu access on DAG Run:example_display_name
[2025-01-28T03:40:07.701+0000] {logging_mixin.py:190} INFO - [2025-01-28T03:40:07.701+0000] {override.py:1912} INFO - Created Permission View: can read on DAG Run:example_display_name
[2025-01-28T03:40:07.711+0000] {logging_mixin.py:190} INFO - [2025-01-28T03:40:07.711+0000] {override.py:1912} INFO - Created Permission View: can delete on DAG Run:example_display_name
[2025-01-28T03:40:07.723+0000] {logging_mixin.py:190} INFO - [2025-01-28T03:40:07.723+0000] {override.py:1912} INFO - Created Permission View: can create on DAG Run:example_display_name
[2025-01-28T03:40:07.723+0000] {logging_mixin.py:190} INFO - [2025-01-28T03:40:07.723+0000] {dag.py:3239} INFO - Sync 1 DAGs
[2025-01-28T03:40:07.734+0000] {logging_mixin.py:190} INFO - [2025-01-28T03:40:07.734+0000] {dag.py:3262} INFO - Creating ORM DAG for example_display_name
[2025-01-28T03:40:07.735+0000] {logging_mixin.py:190} INFO - [2025-01-28T03:40:07.735+0000] {dag.py:4180} INFO - Setting next_dagrun for example_display_name to None, run_after=None
[2025-01-28T03:40:07.758+0000] {processor.py:208} INFO - Processing /home/ubuntu/airflow-venv/lib/python3.12/site-packages/airflow/example_dags/example_display_name.py took 0.230 seconds
[2025-01-28T03:41:08.475+0000] {processor.py:186} INFO - Started process (PID=9723) to work on /home/ubuntu/airflow-venv/lib/python3.12/site-packages/airflow/example_dags/example_display_name.py
[2025-01-28T03:41:08.477+0000] {processor.py:914} INFO - Processing file /home/ubuntu/airflow-venv/lib/python3.12/site-packages/airflow/example_dags/example_display_name.py for tasks to queue
[2025-01-28T03:41:08.478+0000] {logging_mixin.py:190} INFO - [2025-01-28T03:41:08.478+0000] {dagbag.py:588} INFO - Filling up the DagBag from /home/ubuntu/airflow-venv/lib/python3.12/site-packages/airflow/example_dags/example_display_name.py
[2025-01-28T03:41:08.486+0000] {processor.py:925} INFO - DAG(s) 'example_display_name' retrieved from /home/ubuntu/airflow-venv/lib/python3.12/site-packages/airflow/example_dags/example_display_name.py
[2025-01-28T03:41:08.500+0000] {logging_mixin.py:190} INFO - [2025-01-28T03:41:08.500+0000] {dag.py:3239} INFO - Sync 1 DAGs
[2025-01-28T03:41:08.511+0000] {logging_mixin.py:190} INFO - [2025-01-28T03:41:08.511+0000] {dag.py:4180} INFO - Setting next_dagrun for example_display_name to None, run_after=None
[2025-01-28T03:41:08.533+0000] {processor.py:208} INFO - Processing /home/ubuntu/airflow-venv/lib/python3.12/site-packages/airflow/example_dags/example_display_name.py took 0.064 seconds
[2025-01-28T03:43:43.764+0000] {processor.py:186} INFO - Started process (PID=9822) to work on /home/ubuntu/airflow-venv/lib/python3.12/site-packages/airflow/example_dags/example_display_name.py
[2025-01-28T03:43:43.766+0000] {processor.py:914} INFO - Processing file /home/ubuntu/airflow-venv/lib/python3.12/site-packages/airflow/example_dags/example_display_name.py for tasks to queue
[2025-01-28T03:43:43.768+0000] {logging_mixin.py:190} INFO - [2025-01-28T03:43:43.767+0000] {dagbag.py:588} INFO - Filling up the DagBag from /home/ubuntu/airflow-venv/lib/python3.12/site-packages/airflow/example_dags/example_display_name.py
[2025-01-28T03:43:43.776+0000] {processor.py:925} INFO - DAG(s) 'example_display_name' retrieved from /home/ubuntu/airflow-venv/lib/python3.12/site-packages/airflow/example_dags/example_display_name.py
[2025-01-28T03:43:43.791+0000] {logging_mixin.py:190} INFO - [2025-01-28T03:43:43.791+0000] {dag.py:3239} INFO - Sync 1 DAGs
[2025-01-28T03:43:43.802+0000] {logging_mixin.py:190} INFO - [2025-01-28T03:43:43.802+0000] {dag.py:4180} INFO - Setting next_dagrun for example_display_name to None, run_after=None
[2025-01-28T03:43:43.825+0000] {processor.py:208} INFO - Processing /home/ubuntu/airflow-venv/lib/python3.12/site-packages/airflow/example_dags/example_display_name.py took 0.065 seconds
[2025-01-28T03:44:39.555+0000] {processor.py:186} INFO - Started process (PID=9880) to work on /home/ubuntu/airflow-venv/lib/python3.12/site-packages/airflow/example_dags/example_display_name.py
[2025-01-28T03:44:39.556+0000] {processor.py:914} INFO - Processing file /home/ubuntu/airflow-venv/lib/python3.12/site-packages/airflow/example_dags/example_display_name.py for tasks to queue
[2025-01-28T03:44:39.558+0000] {logging_mixin.py:190} INFO - [2025-01-28T03:44:39.557+0000] {dagbag.py:588} INFO - Filling up the DagBag from /home/ubuntu/airflow-venv/lib/python3.12/site-packages/airflow/example_dags/example_display_name.py
[2025-01-28T03:44:39.565+0000] {processor.py:925} INFO - DAG(s) 'example_display_name' retrieved from /home/ubuntu/airflow-venv/lib/python3.12/site-packages/airflow/example_dags/example_display_name.py
[2025-01-28T03:44:39.580+0000] {logging_mixin.py:190} INFO - [2025-01-28T03:44:39.580+0000] {dag.py:3239} INFO - Sync 1 DAGs
[2025-01-28T03:44:39.591+0000] {logging_mixin.py:190} INFO - [2025-01-28T03:44:39.591+0000] {dag.py:4180} INFO - Setting next_dagrun for example_display_name to None, run_after=None
[2025-01-28T03:44:39.614+0000] {processor.py:208} INFO - Processing /home/ubuntu/airflow-venv/lib/python3.12/site-packages/airflow/example_dags/example_display_name.py took 0.065 seconds
[2025-01-28T03:45:35.397+0000] {processor.py:186} INFO - Started process (PID=9942) to work on /home/ubuntu/airflow-venv/lib/python3.12/site-packages/airflow/example_dags/example_display_name.py
[2025-01-28T03:45:35.398+0000] {processor.py:914} INFO - Processing file /home/ubuntu/airflow-venv/lib/python3.12/site-packages/airflow/example_dags/example_display_name.py for tasks to queue
[2025-01-28T03:45:35.400+0000] {logging_mixin.py:190} INFO - [2025-01-28T03:45:35.399+0000] {dagbag.py:588} INFO - Filling up the DagBag from /home/ubuntu/airflow-venv/lib/python3.12/site-packages/airflow/example_dags/example_display_name.py
[2025-01-28T03:45:35.408+0000] {processor.py:925} INFO - DAG(s) 'example_display_name' retrieved from /home/ubuntu/airflow-venv/lib/python3.12/site-packages/airflow/example_dags/example_display_name.py
[2025-01-28T03:45:35.423+0000] {logging_mixin.py:190} INFO - [2025-01-28T03:45:35.422+0000] {dag.py:3239} INFO - Sync 1 DAGs
[2025-01-28T03:45:35.434+0000] {logging_mixin.py:190} INFO - [2025-01-28T03:45:35.434+0000] {dag.py:4180} INFO - Setting next_dagrun for example_display_name to None, run_after=None
[2025-01-28T03:45:35.457+0000] {processor.py:208} INFO - Processing /home/ubuntu/airflow-venv/lib/python3.12/site-packages/airflow/example_dags/example_display_name.py took 0.066 seconds
[2025-01-28T03:46:28.415+0000] {processor.py:186} INFO - Started process (PID=9996) to work on /home/ubuntu/airflow-venv/lib/python3.12/site-packages/airflow/example_dags/example_display_name.py
[2025-01-28T03:46:28.417+0000] {processor.py:914} INFO - Processing file /home/ubuntu/airflow-venv/lib/python3.12/site-packages/airflow/example_dags/example_display_name.py for tasks to queue
[2025-01-28T03:46:28.419+0000] {logging_mixin.py:190} INFO - [2025-01-28T03:46:28.419+0000] {dagbag.py:588} INFO - Filling up the DagBag from /home/ubuntu/airflow-venv/lib/python3.12/site-packages/airflow/example_dags/example_display_name.py
[2025-01-28T03:46:28.427+0000] {processor.py:925} INFO - DAG(s) 'example_display_name' retrieved from /home/ubuntu/airflow-venv/lib/python3.12/site-packages/airflow/example_dags/example_display_name.py
[2025-01-28T03:46:28.442+0000] {logging_mixin.py:190} INFO - [2025-01-28T03:46:28.441+0000] {dag.py:3239} INFO - Sync 1 DAGs
[2025-01-28T03:46:28.453+0000] {logging_mixin.py:190} INFO - [2025-01-28T03:46:28.452+0000] {dag.py:4180} INFO - Setting next_dagrun for example_display_name to None, run_after=None
[2025-01-28T03:46:28.476+0000] {processor.py:208} INFO - Processing /home/ubuntu/airflow-venv/lib/python3.12/site-packages/airflow/example_dags/example_display_name.py took 0.065 seconds
[2025-01-28T03:47:20.483+0000] {processor.py:186} INFO - Started process (PID=10050) to work on /home/ubuntu/airflow-venv/lib/python3.12/site-packages/airflow/example_dags/example_display_name.py
[2025-01-28T03:47:20.485+0000] {processor.py:914} INFO - Processing file /home/ubuntu/airflow-venv/lib/python3.12/site-packages/airflow/example_dags/example_display_name.py for tasks to queue
[2025-01-28T03:47:20.486+0000] {logging_mixin.py:190} INFO - [2025-01-28T03:47:20.486+0000] {dagbag.py:588} INFO - Filling up the DagBag from /home/ubuntu/airflow-venv/lib/python3.12/site-packages/airflow/example_dags/example_display_name.py
[2025-01-28T03:47:20.494+0000] {processor.py:925} INFO - DAG(s) 'example_display_name' retrieved from /home/ubuntu/airflow-venv/lib/python3.12/site-packages/airflow/example_dags/example_display_name.py
[2025-01-28T03:47:20.508+0000] {logging_mixin.py:190} INFO - [2025-01-28T03:47:20.508+0000] {dag.py:3239} INFO - Sync 1 DAGs
[2025-01-28T03:47:20.519+0000] {logging_mixin.py:190} INFO - [2025-01-28T03:47:20.519+0000] {dag.py:4180} INFO - Setting next_dagrun for example_display_name to None, run_after=None
[2025-01-28T03:47:20.543+0000] {processor.py:208} INFO - Processing /home/ubuntu/airflow-venv/lib/python3.12/site-packages/airflow/example_dags/example_display_name.py took 0.064 seconds
[2025-01-28T03:48:09.641+0000] {processor.py:186} INFO - Started process (PID=10102) to work on /home/ubuntu/airflow-venv/lib/python3.12/site-packages/airflow/example_dags/example_display_name.py
[2025-01-28T03:48:09.643+0000] {processor.py:914} INFO - Processing file /home/ubuntu/airflow-venv/lib/python3.12/site-packages/airflow/example_dags/example_display_name.py for tasks to queue
[2025-01-28T03:48:09.645+0000] {logging_mixin.py:190} INFO - [2025-01-28T03:48:09.644+0000] {dagbag.py:588} INFO - Filling up the DagBag from /home/ubuntu/airflow-venv/lib/python3.12/site-packages/airflow/example_dags/example_display_name.py
[2025-01-28T03:48:09.653+0000] {processor.py:925} INFO - DAG(s) 'example_display_name' retrieved from /home/ubuntu/airflow-venv/lib/python3.12/site-packages/airflow/example_dags/example_display_name.py
[2025-01-28T03:48:09.667+0000] {logging_mixin.py:190} INFO - [2025-01-28T03:48:09.667+0000] {dag.py:3239} INFO - Sync 1 DAGs
[2025-01-28T03:48:09.678+0000] {logging_mixin.py:190} INFO - [2025-01-28T03:48:09.677+0000] {dag.py:4180} INFO - Setting next_dagrun for example_display_name to None, run_after=None
[2025-01-28T03:48:09.700+0000] {processor.py:208} INFO - Processing /home/ubuntu/airflow-venv/lib/python3.12/site-packages/airflow/example_dags/example_display_name.py took 0.064 seconds
[2025-01-28T03:49:03.514+0000] {processor.py:186} INFO - Started process (PID=10157) to work on /home/ubuntu/airflow-venv/lib/python3.12/site-packages/airflow/example_dags/example_display_name.py
[2025-01-28T03:49:03.516+0000] {processor.py:914} INFO - Processing file /home/ubuntu/airflow-venv/lib/python3.12/site-packages/airflow/example_dags/example_display_name.py for tasks to queue
[2025-01-28T03:49:03.518+0000] {logging_mixin.py:190} INFO - [2025-01-28T03:49:03.517+0000] {dagbag.py:588} INFO - Filling up the DagBag from /home/ubuntu/airflow-venv/lib/python3.12/site-packages/airflow/example_dags/example_display_name.py
[2025-01-28T03:49:03.526+0000] {processor.py:925} INFO - DAG(s) 'example_display_name' retrieved from /home/ubuntu/airflow-venv/lib/python3.12/site-packages/airflow/example_dags/example_display_name.py
[2025-01-28T03:49:03.541+0000] {logging_mixin.py:190} INFO - [2025-01-28T03:49:03.541+0000] {dag.py:3239} INFO - Sync 1 DAGs
[2025-01-28T03:49:03.553+0000] {logging_mixin.py:190} INFO - [2025-01-28T03:49:03.552+0000] {dag.py:4180} INFO - Setting next_dagrun for example_display_name to None, run_after=None
[2025-01-28T03:49:03.576+0000] {processor.py:208} INFO - Processing /home/ubuntu/airflow-venv/lib/python3.12/site-packages/airflow/example_dags/example_display_name.py took 0.067 seconds
[2025-01-28T05:55:36.923+0000] {processor.py:186} INFO - Started process (PID=1928) to work on /home/ubuntu/.local/lib/python3.12/site-packages/airflow/example_dags/example_display_name.py
[2025-01-28T05:55:36.925+0000] {processor.py:914} INFO - Processing file /home/ubuntu/.local/lib/python3.12/site-packages/airflow/example_dags/example_display_name.py for tasks to queue
[2025-01-28T05:55:36.927+0000] {logging_mixin.py:190} INFO - [2025-01-28T05:55:36.927+0000] {dagbag.py:588} INFO - Filling up the DagBag from /home/ubuntu/.local/lib/python3.12/site-packages/airflow/example_dags/example_display_name.py
[2025-01-28T05:55:36.936+0000] {processor.py:925} INFO - DAG(s) 'example_display_name' retrieved from /home/ubuntu/.local/lib/python3.12/site-packages/airflow/example_dags/example_display_name.py
[2025-01-28T05:55:37.027+0000] {logging_mixin.py:190} INFO - [2025-01-28T05:55:37.026+0000] {dag.py:3239} INFO - Sync 1 DAGs
[2025-01-28T05:55:37.037+0000] {logging_mixin.py:190} INFO - [2025-01-28T05:55:37.037+0000] {dag.py:4180} INFO - Setting next_dagrun for example_display_name to None, run_after=None
[2025-01-28T05:55:37.063+0000] {processor.py:208} INFO - Processing /home/ubuntu/.local/lib/python3.12/site-packages/airflow/example_dags/example_display_name.py took 0.145 seconds
[2025-01-28T05:56:35.960+0000] {processor.py:186} INFO - Started process (PID=1999) to work on /home/ubuntu/.local/lib/python3.12/site-packages/airflow/example_dags/example_display_name.py
[2025-01-28T05:56:35.962+0000] {processor.py:914} INFO - Processing file /home/ubuntu/.local/lib/python3.12/site-packages/airflow/example_dags/example_display_name.py for tasks to queue
[2025-01-28T05:56:35.964+0000] {logging_mixin.py:190} INFO - [2025-01-28T05:56:35.964+0000] {dagbag.py:588} INFO - Filling up the DagBag from /home/ubuntu/.local/lib/python3.12/site-packages/airflow/example_dags/example_display_name.py
[2025-01-28T05:56:35.973+0000] {processor.py:925} INFO - DAG(s) 'example_display_name' retrieved from /home/ubuntu/.local/lib/python3.12/site-packages/airflow/example_dags/example_display_name.py
[2025-01-28T05:56:35.988+0000] {logging_mixin.py:190} INFO - [2025-01-28T05:56:35.988+0000] {dag.py:3239} INFO - Sync 1 DAGs
[2025-01-28T05:56:35.999+0000] {logging_mixin.py:190} INFO - [2025-01-28T05:56:35.999+0000] {dag.py:4180} INFO - Setting next_dagrun for example_display_name to None, run_after=None
[2025-01-28T05:56:36.023+0000] {processor.py:208} INFO - Processing /home/ubuntu/.local/lib/python3.12/site-packages/airflow/example_dags/example_display_name.py took 0.068 seconds
[2025-01-28T05:57:32.813+0000] {processor.py:186} INFO - Started process (PID=2079) to work on /home/ubuntu/.local/lib/python3.12/site-packages/airflow/example_dags/example_display_name.py
[2025-01-28T05:57:32.814+0000] {processor.py:914} INFO - Processing file /home/ubuntu/.local/lib/python3.12/site-packages/airflow/example_dags/example_display_name.py for tasks to queue
[2025-01-28T05:57:32.817+0000] {logging_mixin.py:190} INFO - [2025-01-28T05:57:32.816+0000] {dagbag.py:588} INFO - Filling up the DagBag from /home/ubuntu/.local/lib/python3.12/site-packages/airflow/example_dags/example_display_name.py
[2025-01-28T05:57:32.824+0000] {processor.py:925} INFO - DAG(s) 'example_display_name' retrieved from /home/ubuntu/.local/lib/python3.12/site-packages/airflow/example_dags/example_display_name.py
[2025-01-28T05:57:32.839+0000] {logging_mixin.py:190} INFO - [2025-01-28T05:57:32.838+0000] {dag.py:3239} INFO - Sync 1 DAGs
[2025-01-28T05:57:32.850+0000] {logging_mixin.py:190} INFO - [2025-01-28T05:57:32.850+0000] {dag.py:4180} INFO - Setting next_dagrun for example_display_name to None, run_after=None
[2025-01-28T05:57:32.874+0000] {processor.py:208} INFO - Processing /home/ubuntu/.local/lib/python3.12/site-packages/airflow/example_dags/example_display_name.py took 0.066 seconds
[2025-01-28T05:58:30.650+0000] {processor.py:186} INFO - Started process (PID=2137) to work on /home/ubuntu/.local/lib/python3.12/site-packages/airflow/example_dags/example_display_name.py
[2025-01-28T05:58:30.652+0000] {processor.py:914} INFO - Processing file /home/ubuntu/.local/lib/python3.12/site-packages/airflow/example_dags/example_display_name.py for tasks to queue
[2025-01-28T05:58:30.654+0000] {logging_mixin.py:190} INFO - [2025-01-28T05:58:30.654+0000] {dagbag.py:588} INFO - Filling up the DagBag from /home/ubuntu/.local/lib/python3.12/site-packages/airflow/example_dags/example_display_name.py
[2025-01-28T05:58:30.663+0000] {processor.py:925} INFO - DAG(s) 'example_display_name' retrieved from /home/ubuntu/.local/lib/python3.12/site-packages/airflow/example_dags/example_display_name.py
[2025-01-28T05:58:30.676+0000] {logging_mixin.py:190} INFO - [2025-01-28T05:58:30.676+0000] {dag.py:3239} INFO - Sync 1 DAGs
[2025-01-28T05:58:30.688+0000] {logging_mixin.py:190} INFO - [2025-01-28T05:58:30.687+0000] {dag.py:4180} INFO - Setting next_dagrun for example_display_name to None, run_after=None
[2025-01-28T05:58:30.710+0000] {processor.py:208} INFO - Processing /home/ubuntu/.local/lib/python3.12/site-packages/airflow/example_dags/example_display_name.py took 0.064 seconds
[2025-01-28T05:59:24.498+0000] {processor.py:186} INFO - Started process (PID=2194) to work on /home/ubuntu/.local/lib/python3.12/site-packages/airflow/example_dags/example_display_name.py
[2025-01-28T05:59:24.500+0000] {processor.py:914} INFO - Processing file /home/ubuntu/.local/lib/python3.12/site-packages/airflow/example_dags/example_display_name.py for tasks to queue
[2025-01-28T05:59:24.502+0000] {logging_mixin.py:190} INFO - [2025-01-28T05:59:24.501+0000] {dagbag.py:588} INFO - Filling up the DagBag from /home/ubuntu/.local/lib/python3.12/site-packages/airflow/example_dags/example_display_name.py
[2025-01-28T05:59:24.510+0000] {processor.py:925} INFO - DAG(s) 'example_display_name' retrieved from /home/ubuntu/.local/lib/python3.12/site-packages/airflow/example_dags/example_display_name.py
[2025-01-28T05:59:24.524+0000] {logging_mixin.py:190} INFO - [2025-01-28T05:59:24.524+0000] {dag.py:3239} INFO - Sync 1 DAGs
[2025-01-28T05:59:24.535+0000] {logging_mixin.py:190} INFO - [2025-01-28T05:59:24.535+0000] {dag.py:4180} INFO - Setting next_dagrun for example_display_name to None, run_after=None
[2025-01-28T05:59:24.558+0000] {processor.py:208} INFO - Processing /home/ubuntu/.local/lib/python3.12/site-packages/airflow/example_dags/example_display_name.py took 0.065 seconds
[2025-01-28T06:00:19.742+0000] {processor.py:186} INFO - Started process (PID=2252) to work on /home/ubuntu/.local/lib/python3.12/site-packages/airflow/example_dags/example_display_name.py
[2025-01-28T06:00:19.743+0000] {processor.py:914} INFO - Processing file /home/ubuntu/.local/lib/python3.12/site-packages/airflow/example_dags/example_display_name.py for tasks to queue
[2025-01-28T06:00:19.746+0000] {logging_mixin.py:190} INFO - [2025-01-28T06:00:19.745+0000] {dagbag.py:588} INFO - Filling up the DagBag from /home/ubuntu/.local/lib/python3.12/site-packages/airflow/example_dags/example_display_name.py
[2025-01-28T06:00:19.753+0000] {processor.py:925} INFO - DAG(s) 'example_display_name' retrieved from /home/ubuntu/.local/lib/python3.12/site-packages/airflow/example_dags/example_display_name.py
[2025-01-28T06:00:19.768+0000] {logging_mixin.py:190} INFO - [2025-01-28T06:00:19.767+0000] {dag.py:3239} INFO - Sync 1 DAGs
[2025-01-28T06:00:19.779+0000] {logging_mixin.py:190} INFO - [2025-01-28T06:00:19.778+0000] {dag.py:4180} INFO - Setting next_dagrun for example_display_name to None, run_after=None
[2025-01-28T06:00:19.801+0000] {processor.py:208} INFO - Processing /home/ubuntu/.local/lib/python3.12/site-packages/airflow/example_dags/example_display_name.py took 0.065 seconds
[2025-01-28T06:01:11.764+0000] {processor.py:186} INFO - Started process (PID=2308) to work on /home/ubuntu/.local/lib/python3.12/site-packages/airflow/example_dags/example_display_name.py
[2025-01-28T06:01:11.765+0000] {processor.py:914} INFO - Processing file /home/ubuntu/.local/lib/python3.12/site-packages/airflow/example_dags/example_display_name.py for tasks to queue
[2025-01-28T06:01:11.767+0000] {logging_mixin.py:190} INFO - [2025-01-28T06:01:11.767+0000] {dagbag.py:588} INFO - Filling up the DagBag from /home/ubuntu/.local/lib/python3.12/site-packages/airflow/example_dags/example_display_name.py
[2025-01-28T06:01:11.781+0000] {processor.py:925} INFO - DAG(s) 'example_display_name' retrieved from /home/ubuntu/.local/lib/python3.12/site-packages/airflow/example_dags/example_display_name.py
[2025-01-28T06:01:11.800+0000] {logging_mixin.py:190} INFO - [2025-01-28T06:01:11.800+0000] {dag.py:3239} INFO - Sync 1 DAGs
[2025-01-28T06:01:11.811+0000] {logging_mixin.py:190} INFO - [2025-01-28T06:01:11.811+0000] {dag.py:4180} INFO - Setting next_dagrun for example_display_name to None, run_after=None
[2025-01-28T06:01:11.836+0000] {processor.py:208} INFO - Processing /home/ubuntu/.local/lib/python3.12/site-packages/airflow/example_dags/example_display_name.py took 0.078 seconds
[2025-01-28T06:02:24.001+0000] {processor.py:186} INFO - Started process (PID=2389) to work on /home/ubuntu/.local/lib/python3.12/site-packages/airflow/example_dags/example_display_name.py
[2025-01-28T06:02:24.003+0000] {processor.py:914} INFO - Processing file /home/ubuntu/.local/lib/python3.12/site-packages/airflow/example_dags/example_display_name.py for tasks to queue
[2025-01-28T06:02:24.006+0000] {logging_mixin.py:190} INFO - [2025-01-28T06:02:24.006+0000] {dagbag.py:588} INFO - Filling up the DagBag from /home/ubuntu/.local/lib/python3.12/site-packages/airflow/example_dags/example_display_name.py
[2025-01-28T06:02:24.014+0000] {processor.py:925} INFO - DAG(s) 'example_display_name' retrieved from /home/ubuntu/.local/lib/python3.12/site-packages/airflow/example_dags/example_display_name.py
[2025-01-28T06:02:24.029+0000] {logging_mixin.py:190} INFO - [2025-01-28T06:02:24.029+0000] {dag.py:3239} INFO - Sync 1 DAGs
[2025-01-28T06:02:24.040+0000] {logging_mixin.py:190} INFO - [2025-01-28T06:02:24.040+0000] {dag.py:4180} INFO - Setting next_dagrun for example_display_name to None, run_after=None
[2025-01-28T06:02:24.063+0000] {processor.py:208} INFO - Processing /home/ubuntu/.local/lib/python3.12/site-packages/airflow/example_dags/example_display_name.py took 0.067 seconds
[2025-01-28T06:03:17.681+0000] {processor.py:186} INFO - Started process (PID=2456) to work on /home/ubuntu/.local/lib/python3.12/site-packages/airflow/example_dags/example_display_name.py
[2025-01-28T06:03:17.684+0000] {processor.py:914} INFO - Processing file /home/ubuntu/.local/lib/python3.12/site-packages/airflow/example_dags/example_display_name.py for tasks to queue
[2025-01-28T06:03:17.686+0000] {logging_mixin.py:190} INFO - [2025-01-28T06:03:17.685+0000] {dagbag.py:588} INFO - Filling up the DagBag from /home/ubuntu/.local/lib/python3.12/site-packages/airflow/example_dags/example_display_name.py
[2025-01-28T06:03:17.694+0000] {processor.py:925} INFO - DAG(s) 'example_display_name' retrieved from /home/ubuntu/.local/lib/python3.12/site-packages/airflow/example_dags/example_display_name.py
[2025-01-28T06:03:17.708+0000] {logging_mixin.py:190} INFO - [2025-01-28T06:03:17.708+0000] {dag.py:3239} INFO - Sync 1 DAGs
[2025-01-28T06:03:17.719+0000] {logging_mixin.py:190} INFO - [2025-01-28T06:03:17.719+0000] {dag.py:4180} INFO - Setting next_dagrun for example_display_name to None, run_after=None
[2025-01-28T06:03:17.742+0000] {processor.py:208} INFO - Processing /home/ubuntu/.local/lib/python3.12/site-packages/airflow/example_dags/example_display_name.py took 0.066 seconds
[2025-01-28T06:04:45.265+0000] {processor.py:186} INFO - Started process (PID=2550) to work on /home/ubuntu/.local/lib/python3.12/site-packages/airflow/example_dags/example_display_name.py
[2025-01-28T06:04:45.266+0000] {processor.py:914} INFO - Processing file /home/ubuntu/.local/lib/python3.12/site-packages/airflow/example_dags/example_display_name.py for tasks to queue
[2025-01-28T06:04:45.269+0000] {logging_mixin.py:190} INFO - [2025-01-28T06:04:45.268+0000] {dagbag.py:588} INFO - Filling up the DagBag from /home/ubuntu/.local/lib/python3.12/site-packages/airflow/example_dags/example_display_name.py
[2025-01-28T06:04:45.276+0000] {processor.py:925} INFO - DAG(s) 'example_display_name' retrieved from /home/ubuntu/.local/lib/python3.12/site-packages/airflow/example_dags/example_display_name.py
[2025-01-28T06:04:45.292+0000] {logging_mixin.py:190} INFO - [2025-01-28T06:04:45.292+0000] {dag.py:3239} INFO - Sync 1 DAGs
[2025-01-28T06:04:45.303+0000] {logging_mixin.py:190} INFO - [2025-01-28T06:04:45.303+0000] {dag.py:4180} INFO - Setting next_dagrun for example_display_name to None, run_after=None
[2025-01-28T06:04:45.326+0000] {processor.py:208} INFO - Processing /home/ubuntu/.local/lib/python3.12/site-packages/airflow/example_dags/example_display_name.py took 0.066 seconds
[2025-01-28T06:05:42.858+0000] {processor.py:186} INFO - Started process (PID=2611) to work on /home/ubuntu/.local/lib/python3.12/site-packages/airflow/example_dags/example_display_name.py
[2025-01-28T06:05:42.860+0000] {processor.py:914} INFO - Processing file /home/ubuntu/.local/lib/python3.12/site-packages/airflow/example_dags/example_display_name.py for tasks to queue
[2025-01-28T06:05:42.862+0000] {logging_mixin.py:190} INFO - [2025-01-28T06:05:42.862+0000] {dagbag.py:588} INFO - Filling up the DagBag from /home/ubuntu/.local/lib/python3.12/site-packages/airflow/example_dags/example_display_name.py
[2025-01-28T06:05:42.870+0000] {processor.py:925} INFO - DAG(s) 'example_display_name' retrieved from /home/ubuntu/.local/lib/python3.12/site-packages/airflow/example_dags/example_display_name.py
[2025-01-28T06:05:42.885+0000] {logging_mixin.py:190} INFO - [2025-01-28T06:05:42.885+0000] {dag.py:3239} INFO - Sync 1 DAGs
[2025-01-28T06:05:42.897+0000] {logging_mixin.py:190} INFO - [2025-01-28T06:05:42.897+0000] {dag.py:4180} INFO - Setting next_dagrun for example_display_name to None, run_after=None
[2025-01-28T06:05:42.920+0000] {processor.py:208} INFO - Processing /home/ubuntu/.local/lib/python3.12/site-packages/airflow/example_dags/example_display_name.py took 0.067 seconds
[2025-01-28T06:06:55.911+0000] {processor.py:186} INFO - Started process (PID=2702) to work on /home/ubuntu/.local/lib/python3.12/site-packages/airflow/example_dags/example_display_name.py
[2025-01-28T06:06:55.913+0000] {processor.py:914} INFO - Processing file /home/ubuntu/.local/lib/python3.12/site-packages/airflow/example_dags/example_display_name.py for tasks to queue
[2025-01-28T06:06:55.915+0000] {logging_mixin.py:190} INFO - [2025-01-28T06:06:55.915+0000] {dagbag.py:588} INFO - Filling up the DagBag from /home/ubuntu/.local/lib/python3.12/site-packages/airflow/example_dags/example_display_name.py
[2025-01-28T06:06:55.923+0000] {processor.py:925} INFO - DAG(s) 'example_display_name' retrieved from /home/ubuntu/.local/lib/python3.12/site-packages/airflow/example_dags/example_display_name.py
[2025-01-28T06:06:55.938+0000] {logging_mixin.py:190} INFO - [2025-01-28T06:06:55.937+0000] {dag.py:3239} INFO - Sync 1 DAGs
[2025-01-28T06:06:55.949+0000] {logging_mixin.py:190} INFO - [2025-01-28T06:06:55.949+0000] {dag.py:4180} INFO - Setting next_dagrun for example_display_name to None, run_after=None
[2025-01-28T06:06:55.972+0000] {processor.py:208} INFO - Processing /home/ubuntu/.local/lib/python3.12/site-packages/airflow/example_dags/example_display_name.py took 0.066 seconds
[2025-01-28T06:07:55.122+0000] {processor.py:186} INFO - Started process (PID=2762) to work on /home/ubuntu/.local/lib/python3.12/site-packages/airflow/example_dags/example_display_name.py
[2025-01-28T06:07:55.124+0000] {processor.py:914} INFO - Processing file /home/ubuntu/.local/lib/python3.12/site-packages/airflow/example_dags/example_display_name.py for tasks to queue
[2025-01-28T06:07:55.125+0000] {logging_mixin.py:190} INFO - [2025-01-28T06:07:55.125+0000] {dagbag.py:588} INFO - Filling up the DagBag from /home/ubuntu/.local/lib/python3.12/site-packages/airflow/example_dags/example_display_name.py
[2025-01-28T06:07:55.133+0000] {processor.py:925} INFO - DAG(s) 'example_display_name' retrieved from /home/ubuntu/.local/lib/python3.12/site-packages/airflow/example_dags/example_display_name.py
[2025-01-28T06:07:55.148+0000] {logging_mixin.py:190} INFO - [2025-01-28T06:07:55.147+0000] {dag.py:3239} INFO - Sync 1 DAGs
[2025-01-28T06:07:55.158+0000] {logging_mixin.py:190} INFO - [2025-01-28T06:07:55.158+0000] {dag.py:4180} INFO - Setting next_dagrun for example_display_name to None, run_after=None
[2025-01-28T06:07:55.181+0000] {processor.py:208} INFO - Processing /home/ubuntu/.local/lib/python3.12/site-packages/airflow/example_dags/example_display_name.py took 0.064 seconds
[2025-01-28T06:08:51.436+0000] {processor.py:186} INFO - Started process (PID=2820) to work on /home/ubuntu/.local/lib/python3.12/site-packages/airflow/example_dags/example_display_name.py
[2025-01-28T06:08:51.438+0000] {processor.py:914} INFO - Processing file /home/ubuntu/.local/lib/python3.12/site-packages/airflow/example_dags/example_display_name.py for tasks to queue
[2025-01-28T06:08:51.440+0000] {logging_mixin.py:190} INFO - [2025-01-28T06:08:51.440+0000] {dagbag.py:588} INFO - Filling up the DagBag from /home/ubuntu/.local/lib/python3.12/site-packages/airflow/example_dags/example_display_name.py
[2025-01-28T06:08:51.449+0000] {processor.py:925} INFO - DAG(s) 'example_display_name' retrieved from /home/ubuntu/.local/lib/python3.12/site-packages/airflow/example_dags/example_display_name.py
[2025-01-28T06:08:51.463+0000] {logging_mixin.py:190} INFO - [2025-01-28T06:08:51.463+0000] {dag.py:3239} INFO - Sync 1 DAGs
[2025-01-28T06:08:51.474+0000] {logging_mixin.py:190} INFO - [2025-01-28T06:08:51.474+0000] {dag.py:4180} INFO - Setting next_dagrun for example_display_name to None, run_after=None
[2025-01-28T06:08:51.497+0000] {processor.py:208} INFO - Processing /home/ubuntu/.local/lib/python3.12/site-packages/airflow/example_dags/example_display_name.py took 0.066 seconds
[2025-01-28T06:09:45.872+0000] {processor.py:186} INFO - Started process (PID=2891) to work on /home/ubuntu/.local/lib/python3.12/site-packages/airflow/example_dags/example_display_name.py
[2025-01-28T06:09:45.874+0000] {processor.py:914} INFO - Processing file /home/ubuntu/.local/lib/python3.12/site-packages/airflow/example_dags/example_display_name.py for tasks to queue
[2025-01-28T06:09:45.877+0000] {logging_mixin.py:190} INFO - [2025-01-28T06:09:45.876+0000] {dagbag.py:588} INFO - Filling up the DagBag from /home/ubuntu/.local/lib/python3.12/site-packages/airflow/example_dags/example_display_name.py
[2025-01-28T06:09:45.884+0000] {processor.py:925} INFO - DAG(s) 'example_display_name' retrieved from /home/ubuntu/.local/lib/python3.12/site-packages/airflow/example_dags/example_display_name.py
[2025-01-28T06:09:45.899+0000] {logging_mixin.py:190} INFO - [2025-01-28T06:09:45.898+0000] {dag.py:3239} INFO - Sync 1 DAGs
[2025-01-28T06:09:45.910+0000] {logging_mixin.py:190} INFO - [2025-01-28T06:09:45.910+0000] {dag.py:4180} INFO - Setting next_dagrun for example_display_name to None, run_after=None
[2025-01-28T06:09:45.934+0000] {processor.py:208} INFO - Processing /home/ubuntu/.local/lib/python3.12/site-packages/airflow/example_dags/example_display_name.py took 0.066 seconds
[2025-01-28T06:10:39.662+0000] {processor.py:186} INFO - Started process (PID=2952) to work on /home/ubuntu/.local/lib/python3.12/site-packages/airflow/example_dags/example_display_name.py
[2025-01-28T06:10:39.663+0000] {processor.py:914} INFO - Processing file /home/ubuntu/.local/lib/python3.12/site-packages/airflow/example_dags/example_display_name.py for tasks to queue
[2025-01-28T06:10:39.666+0000] {logging_mixin.py:190} INFO - [2025-01-28T06:10:39.665+0000] {dagbag.py:588} INFO - Filling up the DagBag from /home/ubuntu/.local/lib/python3.12/site-packages/airflow/example_dags/example_display_name.py
[2025-01-28T06:10:39.673+0000] {processor.py:925} INFO - DAG(s) 'example_display_name' retrieved from /home/ubuntu/.local/lib/python3.12/site-packages/airflow/example_dags/example_display_name.py
[2025-01-28T06:10:39.688+0000] {logging_mixin.py:190} INFO - [2025-01-28T06:10:39.688+0000] {dag.py:3239} INFO - Sync 1 DAGs
[2025-01-28T06:10:39.699+0000] {logging_mixin.py:190} INFO - [2025-01-28T06:10:39.698+0000] {dag.py:4180} INFO - Setting next_dagrun for example_display_name to None, run_after=None
[2025-01-28T06:10:39.721+0000] {processor.py:208} INFO - Processing /home/ubuntu/.local/lib/python3.12/site-packages/airflow/example_dags/example_display_name.py took 0.064 seconds
[2025-01-28T06:11:33.695+0000] {processor.py:186} INFO - Started process (PID=3012) to work on /home/ubuntu/.local/lib/python3.12/site-packages/airflow/example_dags/example_display_name.py
[2025-01-28T06:11:33.697+0000] {processor.py:914} INFO - Processing file /home/ubuntu/.local/lib/python3.12/site-packages/airflow/example_dags/example_display_name.py for tasks to queue
[2025-01-28T06:11:33.699+0000] {logging_mixin.py:190} INFO - [2025-01-28T06:11:33.698+0000] {dagbag.py:588} INFO - Filling up the DagBag from /home/ubuntu/.local/lib/python3.12/site-packages/airflow/example_dags/example_display_name.py
[2025-01-28T06:11:33.707+0000] {processor.py:925} INFO - DAG(s) 'example_display_name' retrieved from /home/ubuntu/.local/lib/python3.12/site-packages/airflow/example_dags/example_display_name.py
[2025-01-28T06:11:33.721+0000] {logging_mixin.py:190} INFO - [2025-01-28T06:11:33.720+0000] {dag.py:3239} INFO - Sync 1 DAGs
[2025-01-28T06:11:33.731+0000] {logging_mixin.py:190} INFO - [2025-01-28T06:11:33.731+0000] {dag.py:4180} INFO - Setting next_dagrun for example_display_name to None, run_after=None
[2025-01-28T06:11:33.754+0000] {processor.py:208} INFO - Processing /home/ubuntu/.local/lib/python3.12/site-packages/airflow/example_dags/example_display_name.py took 0.064 seconds
[2025-01-28T06:12:26.485+0000] {processor.py:186} INFO - Started process (PID=3067) to work on /home/ubuntu/.local/lib/python3.12/site-packages/airflow/example_dags/example_display_name.py
[2025-01-28T06:12:26.488+0000] {processor.py:914} INFO - Processing file /home/ubuntu/.local/lib/python3.12/site-packages/airflow/example_dags/example_display_name.py for tasks to queue
[2025-01-28T06:12:26.490+0000] {logging_mixin.py:190} INFO - [2025-01-28T06:12:26.489+0000] {dagbag.py:588} INFO - Filling up the DagBag from /home/ubuntu/.local/lib/python3.12/site-packages/airflow/example_dags/example_display_name.py
[2025-01-28T06:12:26.498+0000] {processor.py:925} INFO - DAG(s) 'example_display_name' retrieved from /home/ubuntu/.local/lib/python3.12/site-packages/airflow/example_dags/example_display_name.py
[2025-01-28T06:12:26.513+0000] {logging_mixin.py:190} INFO - [2025-01-28T06:12:26.512+0000] {dag.py:3239} INFO - Sync 1 DAGs
[2025-01-28T06:12:26.532+0000] {logging_mixin.py:190} INFO - [2025-01-28T06:12:26.532+0000] {dag.py:4180} INFO - Setting next_dagrun for example_display_name to None, run_after=None
[2025-01-28T06:12:26.555+0000] {processor.py:208} INFO - Processing /home/ubuntu/.local/lib/python3.12/site-packages/airflow/example_dags/example_display_name.py took 0.074 seconds
[2025-01-28T06:13:21.530+0000] {processor.py:186} INFO - Started process (PID=3123) to work on /home/ubuntu/.local/lib/python3.12/site-packages/airflow/example_dags/example_display_name.py
[2025-01-28T06:13:21.532+0000] {processor.py:914} INFO - Processing file /home/ubuntu/.local/lib/python3.12/site-packages/airflow/example_dags/example_display_name.py for tasks to queue
[2025-01-28T06:13:21.534+0000] {logging_mixin.py:190} INFO - [2025-01-28T06:13:21.534+0000] {dagbag.py:588} INFO - Filling up the DagBag from /home/ubuntu/.local/lib/python3.12/site-packages/airflow/example_dags/example_display_name.py
[2025-01-28T06:13:21.542+0000] {processor.py:925} INFO - DAG(s) 'example_display_name' retrieved from /home/ubuntu/.local/lib/python3.12/site-packages/airflow/example_dags/example_display_name.py
[2025-01-28T06:13:21.556+0000] {logging_mixin.py:190} INFO - [2025-01-28T06:13:21.556+0000] {dag.py:3239} INFO - Sync 1 DAGs
[2025-01-28T06:13:21.567+0000] {logging_mixin.py:190} INFO - [2025-01-28T06:13:21.567+0000] {dag.py:4180} INFO - Setting next_dagrun for example_display_name to None, run_after=None
[2025-01-28T06:13:21.589+0000] {processor.py:208} INFO - Processing /home/ubuntu/.local/lib/python3.12/site-packages/airflow/example_dags/example_display_name.py took 0.063 seconds
[2025-01-28T06:14:13.521+0000] {processor.py:186} INFO - Started process (PID=3178) to work on /home/ubuntu/.local/lib/python3.12/site-packages/airflow/example_dags/example_display_name.py
[2025-01-28T06:14:13.523+0000] {processor.py:914} INFO - Processing file /home/ubuntu/.local/lib/python3.12/site-packages/airflow/example_dags/example_display_name.py for tasks to queue
[2025-01-28T06:14:13.525+0000] {logging_mixin.py:190} INFO - [2025-01-28T06:14:13.525+0000] {dagbag.py:588} INFO - Filling up the DagBag from /home/ubuntu/.local/lib/python3.12/site-packages/airflow/example_dags/example_display_name.py
[2025-01-28T06:14:13.533+0000] {processor.py:925} INFO - DAG(s) 'example_display_name' retrieved from /home/ubuntu/.local/lib/python3.12/site-packages/airflow/example_dags/example_display_name.py
[2025-01-28T06:14:13.547+0000] {logging_mixin.py:190} INFO - [2025-01-28T06:14:13.547+0000] {dag.py:3239} INFO - Sync 1 DAGs
[2025-01-28T06:14:13.559+0000] {logging_mixin.py:190} INFO - [2025-01-28T06:14:13.559+0000] {dag.py:4180} INFO - Setting next_dagrun for example_display_name to None, run_after=None
[2025-01-28T06:14:13.581+0000] {processor.py:208} INFO - Processing /home/ubuntu/.local/lib/python3.12/site-packages/airflow/example_dags/example_display_name.py took 0.065 seconds
[2025-01-28T06:15:06.821+0000] {processor.py:186} INFO - Started process (PID=3236) to work on /home/ubuntu/.local/lib/python3.12/site-packages/airflow/example_dags/example_display_name.py
[2025-01-28T06:15:06.822+0000] {processor.py:914} INFO - Processing file /home/ubuntu/.local/lib/python3.12/site-packages/airflow/example_dags/example_display_name.py for tasks to queue
[2025-01-28T06:15:06.825+0000] {logging_mixin.py:190} INFO - [2025-01-28T06:15:06.824+0000] {dagbag.py:588} INFO - Filling up the DagBag from /home/ubuntu/.local/lib/python3.12/site-packages/airflow/example_dags/example_display_name.py
[2025-01-28T06:15:06.833+0000] {processor.py:925} INFO - DAG(s) 'example_display_name' retrieved from /home/ubuntu/.local/lib/python3.12/site-packages/airflow/example_dags/example_display_name.py
[2025-01-28T06:15:06.848+0000] {logging_mixin.py:190} INFO - [2025-01-28T06:15:06.847+0000] {dag.py:3239} INFO - Sync 1 DAGs
[2025-01-28T06:15:06.859+0000] {logging_mixin.py:190} INFO - [2025-01-28T06:15:06.859+0000] {dag.py:4180} INFO - Setting next_dagrun for example_display_name to None, run_after=None
[2025-01-28T06:15:06.883+0000] {processor.py:208} INFO - Processing /home/ubuntu/.local/lib/python3.12/site-packages/airflow/example_dags/example_display_name.py took 0.067 seconds
[2025-01-28T06:15:59.078+0000] {processor.py:186} INFO - Started process (PID=3292) to work on /home/ubuntu/.local/lib/python3.12/site-packages/airflow/example_dags/example_display_name.py
[2025-01-28T06:15:59.080+0000] {processor.py:914} INFO - Processing file /home/ubuntu/.local/lib/python3.12/site-packages/airflow/example_dags/example_display_name.py for tasks to queue
[2025-01-28T06:15:59.082+0000] {logging_mixin.py:190} INFO - [2025-01-28T06:15:59.082+0000] {dagbag.py:588} INFO - Filling up the DagBag from /home/ubuntu/.local/lib/python3.12/site-packages/airflow/example_dags/example_display_name.py
[2025-01-28T06:15:59.090+0000] {processor.py:925} INFO - DAG(s) 'example_display_name' retrieved from /home/ubuntu/.local/lib/python3.12/site-packages/airflow/example_dags/example_display_name.py
[2025-01-28T06:15:59.104+0000] {logging_mixin.py:190} INFO - [2025-01-28T06:15:59.104+0000] {dag.py:3239} INFO - Sync 1 DAGs
[2025-01-28T06:15:59.115+0000] {logging_mixin.py:190} INFO - [2025-01-28T06:15:59.115+0000] {dag.py:4180} INFO - Setting next_dagrun for example_display_name to None, run_after=None
[2025-01-28T06:15:59.139+0000] {processor.py:208} INFO - Processing /home/ubuntu/.local/lib/python3.12/site-packages/airflow/example_dags/example_display_name.py took 0.066 seconds
[2025-01-28T06:16:51.930+0000] {processor.py:186} INFO - Started process (PID=3347) to work on /home/ubuntu/.local/lib/python3.12/site-packages/airflow/example_dags/example_display_name.py
[2025-01-28T06:16:51.932+0000] {processor.py:914} INFO - Processing file /home/ubuntu/.local/lib/python3.12/site-packages/airflow/example_dags/example_display_name.py for tasks to queue
[2025-01-28T06:16:51.934+0000] {logging_mixin.py:190} INFO - [2025-01-28T06:16:51.934+0000] {dagbag.py:588} INFO - Filling up the DagBag from /home/ubuntu/.local/lib/python3.12/site-packages/airflow/example_dags/example_display_name.py
[2025-01-28T06:16:51.941+0000] {processor.py:925} INFO - DAG(s) 'example_display_name' retrieved from /home/ubuntu/.local/lib/python3.12/site-packages/airflow/example_dags/example_display_name.py
[2025-01-28T06:16:51.956+0000] {logging_mixin.py:190} INFO - [2025-01-28T06:16:51.956+0000] {dag.py:3239} INFO - Sync 1 DAGs
[2025-01-28T06:16:51.968+0000] {logging_mixin.py:190} INFO - [2025-01-28T06:16:51.967+0000] {dag.py:4180} INFO - Setting next_dagrun for example_display_name to None, run_after=None
[2025-01-28T06:16:51.989+0000] {processor.py:208} INFO - Processing /home/ubuntu/.local/lib/python3.12/site-packages/airflow/example_dags/example_display_name.py took 0.066 seconds
[2025-01-28T06:17:46.757+0000] {processor.py:186} INFO - Started process (PID=3406) to work on /home/ubuntu/.local/lib/python3.12/site-packages/airflow/example_dags/example_display_name.py
[2025-01-28T06:17:46.759+0000] {processor.py:914} INFO - Processing file /home/ubuntu/.local/lib/python3.12/site-packages/airflow/example_dags/example_display_name.py for tasks to queue
[2025-01-28T06:17:46.761+0000] {logging_mixin.py:190} INFO - [2025-01-28T06:17:46.761+0000] {dagbag.py:588} INFO - Filling up the DagBag from /home/ubuntu/.local/lib/python3.12/site-packages/airflow/example_dags/example_display_name.py
[2025-01-28T06:17:46.769+0000] {processor.py:925} INFO - DAG(s) 'example_display_name' retrieved from /home/ubuntu/.local/lib/python3.12/site-packages/airflow/example_dags/example_display_name.py
[2025-01-28T06:17:46.783+0000] {logging_mixin.py:190} INFO - [2025-01-28T06:17:46.783+0000] {dag.py:3239} INFO - Sync 1 DAGs
[2025-01-28T06:17:46.795+0000] {logging_mixin.py:190} INFO - [2025-01-28T06:17:46.795+0000] {dag.py:4180} INFO - Setting next_dagrun for example_display_name to None, run_after=None
[2025-01-28T06:17:46.818+0000] {processor.py:208} INFO - Processing /home/ubuntu/.local/lib/python3.12/site-packages/airflow/example_dags/example_display_name.py took 0.067 seconds
[2025-01-28T06:18:53.380+0000] {processor.py:186} INFO - Started process (PID=3516) to work on /home/ubuntu/.local/lib/python3.12/site-packages/airflow/example_dags/example_display_name.py
[2025-01-28T06:18:53.382+0000] {processor.py:914} INFO - Processing file /home/ubuntu/.local/lib/python3.12/site-packages/airflow/example_dags/example_display_name.py for tasks to queue
[2025-01-28T06:18:53.384+0000] {logging_mixin.py:190} INFO - [2025-01-28T06:18:53.384+0000] {dagbag.py:588} INFO - Filling up the DagBag from /home/ubuntu/.local/lib/python3.12/site-packages/airflow/example_dags/example_display_name.py
[2025-01-28T06:18:53.392+0000] {processor.py:925} INFO - DAG(s) 'example_display_name' retrieved from /home/ubuntu/.local/lib/python3.12/site-packages/airflow/example_dags/example_display_name.py
[2025-01-28T06:18:53.405+0000] {logging_mixin.py:190} INFO - [2025-01-28T06:18:53.405+0000] {dag.py:3239} INFO - Sync 1 DAGs
[2025-01-28T06:18:53.417+0000] {logging_mixin.py:190} INFO - [2025-01-28T06:18:53.417+0000] {dag.py:4180} INFO - Setting next_dagrun for example_display_name to None, run_after=None
[2025-01-28T06:18:53.440+0000] {processor.py:208} INFO - Processing /home/ubuntu/.local/lib/python3.12/site-packages/airflow/example_dags/example_display_name.py took 0.064 seconds
[2025-01-28T06:19:42.560+0000] {processor.py:186} INFO - Started process (PID=3569) to work on /home/ubuntu/.local/lib/python3.12/site-packages/airflow/example_dags/example_display_name.py
[2025-01-28T06:19:42.562+0000] {processor.py:914} INFO - Processing file /home/ubuntu/.local/lib/python3.12/site-packages/airflow/example_dags/example_display_name.py for tasks to queue
[2025-01-28T06:19:42.564+0000] {logging_mixin.py:190} INFO - [2025-01-28T06:19:42.564+0000] {dagbag.py:588} INFO - Filling up the DagBag from /home/ubuntu/.local/lib/python3.12/site-packages/airflow/example_dags/example_display_name.py
[2025-01-28T06:19:42.572+0000] {processor.py:925} INFO - DAG(s) 'example_display_name' retrieved from /home/ubuntu/.local/lib/python3.12/site-packages/airflow/example_dags/example_display_name.py
[2025-01-28T06:19:42.586+0000] {logging_mixin.py:190} INFO - [2025-01-28T06:19:42.586+0000] {dag.py:3239} INFO - Sync 1 DAGs
[2025-01-28T06:19:42.597+0000] {logging_mixin.py:190} INFO - [2025-01-28T06:19:42.597+0000] {dag.py:4180} INFO - Setting next_dagrun for example_display_name to None, run_after=None
[2025-01-28T06:19:42.620+0000] {processor.py:208} INFO - Processing /home/ubuntu/.local/lib/python3.12/site-packages/airflow/example_dags/example_display_name.py took 0.065 seconds
[2025-01-28T06:20:39.462+0000] {processor.py:186} INFO - Started process (PID=3633) to work on /home/ubuntu/.local/lib/python3.12/site-packages/airflow/example_dags/example_display_name.py
[2025-01-28T06:20:39.464+0000] {processor.py:914} INFO - Processing file /home/ubuntu/.local/lib/python3.12/site-packages/airflow/example_dags/example_display_name.py for tasks to queue
[2025-01-28T06:20:39.466+0000] {logging_mixin.py:190} INFO - [2025-01-28T06:20:39.466+0000] {dagbag.py:588} INFO - Filling up the DagBag from /home/ubuntu/.local/lib/python3.12/site-packages/airflow/example_dags/example_display_name.py
[2025-01-28T06:20:39.473+0000] {processor.py:925} INFO - DAG(s) 'example_display_name' retrieved from /home/ubuntu/.local/lib/python3.12/site-packages/airflow/example_dags/example_display_name.py
[2025-01-28T06:20:39.488+0000] {logging_mixin.py:190} INFO - [2025-01-28T06:20:39.488+0000] {dag.py:3239} INFO - Sync 1 DAGs
[2025-01-28T06:20:39.499+0000] {logging_mixin.py:190} INFO - [2025-01-28T06:20:39.499+0000] {dag.py:4180} INFO - Setting next_dagrun for example_display_name to None, run_after=None
[2025-01-28T06:20:39.520+0000] {processor.py:208} INFO - Processing /home/ubuntu/.local/lib/python3.12/site-packages/airflow/example_dags/example_display_name.py took 0.063 seconds
[2025-01-28T06:21:34.186+0000] {processor.py:186} INFO - Started process (PID=3829) to work on /home/ubuntu/.local/lib/python3.12/site-packages/airflow/example_dags/example_display_name.py
[2025-01-28T06:21:34.187+0000] {processor.py:914} INFO - Processing file /home/ubuntu/.local/lib/python3.12/site-packages/airflow/example_dags/example_display_name.py for tasks to queue
[2025-01-28T06:21:34.189+0000] {logging_mixin.py:190} INFO - [2025-01-28T06:21:34.189+0000] {dagbag.py:588} INFO - Filling up the DagBag from /home/ubuntu/.local/lib/python3.12/site-packages/airflow/example_dags/example_display_name.py
[2025-01-28T06:21:34.198+0000] {processor.py:925} INFO - DAG(s) 'example_display_name' retrieved from /home/ubuntu/.local/lib/python3.12/site-packages/airflow/example_dags/example_display_name.py
[2025-01-28T06:21:34.212+0000] {logging_mixin.py:190} INFO - [2025-01-28T06:21:34.212+0000] {dag.py:3239} INFO - Sync 1 DAGs
[2025-01-28T06:21:34.223+0000] {logging_mixin.py:190} INFO - [2025-01-28T06:21:34.223+0000] {dag.py:4180} INFO - Setting next_dagrun for example_display_name to None, run_after=None
[2025-01-28T06:21:34.245+0000] {processor.py:208} INFO - Processing /home/ubuntu/.local/lib/python3.12/site-packages/airflow/example_dags/example_display_name.py took 0.064 seconds
[2025-01-28T06:22:29.367+0000] {processor.py:186} INFO - Started process (PID=3889) to work on /home/ubuntu/.local/lib/python3.12/site-packages/airflow/example_dags/example_display_name.py
[2025-01-28T06:22:29.368+0000] {processor.py:914} INFO - Processing file /home/ubuntu/.local/lib/python3.12/site-packages/airflow/example_dags/example_display_name.py for tasks to queue
[2025-01-28T06:22:29.371+0000] {logging_mixin.py:190} INFO - [2025-01-28T06:22:29.370+0000] {dagbag.py:588} INFO - Filling up the DagBag from /home/ubuntu/.local/lib/python3.12/site-packages/airflow/example_dags/example_display_name.py
[2025-01-28T06:22:29.379+0000] {processor.py:925} INFO - DAG(s) 'example_display_name' retrieved from /home/ubuntu/.local/lib/python3.12/site-packages/airflow/example_dags/example_display_name.py
[2025-01-28T06:22:29.394+0000] {logging_mixin.py:190} INFO - [2025-01-28T06:22:29.394+0000] {dag.py:3239} INFO - Sync 1 DAGs
[2025-01-28T06:22:29.405+0000] {logging_mixin.py:190} INFO - [2025-01-28T06:22:29.405+0000] {dag.py:4180} INFO - Setting next_dagrun for example_display_name to None, run_after=None
[2025-01-28T06:22:29.436+0000] {processor.py:208} INFO - Processing /home/ubuntu/.local/lib/python3.12/site-packages/airflow/example_dags/example_display_name.py took 0.073 seconds
[2025-01-28T06:23:24.861+0000] {processor.py:186} INFO - Started process (PID=4365) to work on /home/ubuntu/.local/lib/python3.12/site-packages/airflow/example_dags/example_display_name.py
[2025-01-28T06:23:24.863+0000] {processor.py:914} INFO - Processing file /home/ubuntu/.local/lib/python3.12/site-packages/airflow/example_dags/example_display_name.py for tasks to queue
[2025-01-28T06:23:24.865+0000] {logging_mixin.py:190} INFO - [2025-01-28T06:23:24.864+0000] {dagbag.py:588} INFO - Filling up the DagBag from /home/ubuntu/.local/lib/python3.12/site-packages/airflow/example_dags/example_display_name.py
[2025-01-28T06:23:24.874+0000] {processor.py:925} INFO - DAG(s) 'example_display_name' retrieved from /home/ubuntu/.local/lib/python3.12/site-packages/airflow/example_dags/example_display_name.py
[2025-01-28T06:23:24.889+0000] {logging_mixin.py:190} INFO - [2025-01-28T06:23:24.889+0000] {dag.py:3239} INFO - Sync 1 DAGs
[2025-01-28T06:23:24.901+0000] {logging_mixin.py:190} INFO - [2025-01-28T06:23:24.901+0000] {dag.py:4180} INFO - Setting next_dagrun for example_display_name to None, run_after=None
[2025-01-28T06:23:24.922+0000] {processor.py:208} INFO - Processing /home/ubuntu/.local/lib/python3.12/site-packages/airflow/example_dags/example_display_name.py took 0.066 seconds
[2025-01-28T06:24:19.535+0000] {processor.py:186} INFO - Started process (PID=4516) to work on /home/ubuntu/.local/lib/python3.12/site-packages/airflow/example_dags/example_display_name.py
[2025-01-28T06:24:19.538+0000] {processor.py:914} INFO - Processing file /home/ubuntu/.local/lib/python3.12/site-packages/airflow/example_dags/example_display_name.py for tasks to queue
[2025-01-28T06:24:19.539+0000] {logging_mixin.py:190} INFO - [2025-01-28T06:24:19.539+0000] {dagbag.py:588} INFO - Filling up the DagBag from /home/ubuntu/.local/lib/python3.12/site-packages/airflow/example_dags/example_display_name.py
[2025-01-28T06:24:19.547+0000] {processor.py:925} INFO - DAG(s) 'example_display_name' retrieved from /home/ubuntu/.local/lib/python3.12/site-packages/airflow/example_dags/example_display_name.py
[2025-01-28T06:24:19.561+0000] {logging_mixin.py:190} INFO - [2025-01-28T06:24:19.561+0000] {dag.py:3239} INFO - Sync 1 DAGs
[2025-01-28T06:24:19.572+0000] {logging_mixin.py:190} INFO - [2025-01-28T06:24:19.572+0000] {dag.py:4180} INFO - Setting next_dagrun for example_display_name to None, run_after=None
[2025-01-28T06:24:19.594+0000] {processor.py:208} INFO - Processing /home/ubuntu/.local/lib/python3.12/site-packages/airflow/example_dags/example_display_name.py took 0.064 seconds
[2025-01-28T06:25:14.746+0000] {processor.py:186} INFO - Started process (PID=4944) to work on /home/ubuntu/.local/lib/python3.12/site-packages/airflow/example_dags/example_display_name.py
[2025-01-28T06:25:14.747+0000] {processor.py:914} INFO - Processing file /home/ubuntu/.local/lib/python3.12/site-packages/airflow/example_dags/example_display_name.py for tasks to queue
[2025-01-28T06:25:14.749+0000] {logging_mixin.py:190} INFO - [2025-01-28T06:25:14.749+0000] {dagbag.py:588} INFO - Filling up the DagBag from /home/ubuntu/.local/lib/python3.12/site-packages/airflow/example_dags/example_display_name.py
[2025-01-28T06:25:14.757+0000] {processor.py:925} INFO - DAG(s) 'example_display_name' retrieved from /home/ubuntu/.local/lib/python3.12/site-packages/airflow/example_dags/example_display_name.py
[2025-01-28T06:25:14.771+0000] {logging_mixin.py:190} INFO - [2025-01-28T06:25:14.771+0000] {dag.py:3239} INFO - Sync 1 DAGs
[2025-01-28T06:25:14.784+0000] {logging_mixin.py:190} INFO - [2025-01-28T06:25:14.784+0000] {dag.py:4180} INFO - Setting next_dagrun for example_display_name to None, run_after=None
[2025-01-28T06:25:14.806+0000] {processor.py:208} INFO - Processing /home/ubuntu/.local/lib/python3.12/site-packages/airflow/example_dags/example_display_name.py took 0.065 seconds
[2025-01-28T06:26:07.754+0000] {processor.py:186} INFO - Started process (PID=5115) to work on /home/ubuntu/.local/lib/python3.12/site-packages/airflow/example_dags/example_display_name.py
[2025-01-28T06:26:07.755+0000] {processor.py:914} INFO - Processing file /home/ubuntu/.local/lib/python3.12/site-packages/airflow/example_dags/example_display_name.py for tasks to queue
[2025-01-28T06:26:07.757+0000] {logging_mixin.py:190} INFO - [2025-01-28T06:26:07.757+0000] {dagbag.py:588} INFO - Filling up the DagBag from /home/ubuntu/.local/lib/python3.12/site-packages/airflow/example_dags/example_display_name.py
[2025-01-28T06:26:07.765+0000] {processor.py:925} INFO - DAG(s) 'example_display_name' retrieved from /home/ubuntu/.local/lib/python3.12/site-packages/airflow/example_dags/example_display_name.py
[2025-01-28T06:26:07.780+0000] {logging_mixin.py:190} INFO - [2025-01-28T06:26:07.780+0000] {dag.py:3239} INFO - Sync 1 DAGs
[2025-01-28T06:26:07.791+0000] {logging_mixin.py:190} INFO - [2025-01-28T06:26:07.791+0000] {dag.py:4180} INFO - Setting next_dagrun for example_display_name to None, run_after=None
[2025-01-28T06:26:07.810+0000] {processor.py:208} INFO - Processing /home/ubuntu/.local/lib/python3.12/site-packages/airflow/example_dags/example_display_name.py took 0.062 seconds
[2025-01-28T06:27:03.092+0000] {processor.py:186} INFO - Started process (PID=5201) to work on /home/ubuntu/.local/lib/python3.12/site-packages/airflow/example_dags/example_display_name.py
[2025-01-28T06:27:03.094+0000] {processor.py:914} INFO - Processing file /home/ubuntu/.local/lib/python3.12/site-packages/airflow/example_dags/example_display_name.py for tasks to queue
[2025-01-28T06:27:03.096+0000] {logging_mixin.py:190} INFO - [2025-01-28T06:27:03.096+0000] {dagbag.py:588} INFO - Filling up the DagBag from /home/ubuntu/.local/lib/python3.12/site-packages/airflow/example_dags/example_display_name.py
[2025-01-28T06:27:03.105+0000] {processor.py:925} INFO - DAG(s) 'example_display_name' retrieved from /home/ubuntu/.local/lib/python3.12/site-packages/airflow/example_dags/example_display_name.py
[2025-01-28T06:27:03.119+0000] {logging_mixin.py:190} INFO - [2025-01-28T06:27:03.119+0000] {dag.py:3239} INFO - Sync 1 DAGs
[2025-01-28T06:27:03.131+0000] {logging_mixin.py:190} INFO - [2025-01-28T06:27:03.131+0000] {dag.py:4180} INFO - Setting next_dagrun for example_display_name to None, run_after=None
[2025-01-28T06:27:03.152+0000] {processor.py:208} INFO - Processing /home/ubuntu/.local/lib/python3.12/site-packages/airflow/example_dags/example_display_name.py took 0.065 seconds
[2025-01-28T06:27:54.885+0000] {processor.py:186} INFO - Started process (PID=5256) to work on /home/ubuntu/.local/lib/python3.12/site-packages/airflow/example_dags/example_display_name.py
[2025-01-28T06:27:54.887+0000] {processor.py:914} INFO - Processing file /home/ubuntu/.local/lib/python3.12/site-packages/airflow/example_dags/example_display_name.py for tasks to queue
[2025-01-28T06:27:54.889+0000] {logging_mixin.py:190} INFO - [2025-01-28T06:27:54.888+0000] {dagbag.py:588} INFO - Filling up the DagBag from /home/ubuntu/.local/lib/python3.12/site-packages/airflow/example_dags/example_display_name.py
[2025-01-28T06:27:54.897+0000] {processor.py:925} INFO - DAG(s) 'example_display_name' retrieved from /home/ubuntu/.local/lib/python3.12/site-packages/airflow/example_dags/example_display_name.py
[2025-01-28T06:27:54.911+0000] {logging_mixin.py:190} INFO - [2025-01-28T06:27:54.911+0000] {dag.py:3239} INFO - Sync 1 DAGs
[2025-01-28T06:27:54.922+0000] {logging_mixin.py:190} INFO - [2025-01-28T06:27:54.922+0000] {dag.py:4180} INFO - Setting next_dagrun for example_display_name to None, run_after=None
[2025-01-28T06:27:54.943+0000] {processor.py:208} INFO - Processing /home/ubuntu/.local/lib/python3.12/site-packages/airflow/example_dags/example_display_name.py took 0.063 seconds
[2025-01-28T06:28:47.478+0000] {processor.py:186} INFO - Started process (PID=5479) to work on /home/ubuntu/.local/lib/python3.12/site-packages/airflow/example_dags/example_display_name.py
[2025-01-28T06:28:47.481+0000] {processor.py:914} INFO - Processing file /home/ubuntu/.local/lib/python3.12/site-packages/airflow/example_dags/example_display_name.py for tasks to queue
[2025-01-28T06:28:47.482+0000] {logging_mixin.py:190} INFO - [2025-01-28T06:28:47.482+0000] {dagbag.py:588} INFO - Filling up the DagBag from /home/ubuntu/.local/lib/python3.12/site-packages/airflow/example_dags/example_display_name.py
[2025-01-28T06:28:47.491+0000] {processor.py:925} INFO - DAG(s) 'example_display_name' retrieved from /home/ubuntu/.local/lib/python3.12/site-packages/airflow/example_dags/example_display_name.py
[2025-01-28T06:28:47.504+0000] {logging_mixin.py:190} INFO - [2025-01-28T06:28:47.504+0000] {dag.py:3239} INFO - Sync 1 DAGs
[2025-01-28T06:28:47.515+0000] {logging_mixin.py:190} INFO - [2025-01-28T06:28:47.515+0000] {dag.py:4180} INFO - Setting next_dagrun for example_display_name to None, run_after=None
[2025-01-28T06:28:47.537+0000] {processor.py:208} INFO - Processing /home/ubuntu/.local/lib/python3.12/site-packages/airflow/example_dags/example_display_name.py took 0.064 seconds
[2025-01-28T06:29:42.842+0000] {processor.py:186} INFO - Started process (PID=5585) to work on /home/ubuntu/.local/lib/python3.12/site-packages/airflow/example_dags/example_display_name.py
[2025-01-28T06:29:42.844+0000] {processor.py:914} INFO - Processing file /home/ubuntu/.local/lib/python3.12/site-packages/airflow/example_dags/example_display_name.py for tasks to queue
[2025-01-28T06:29:42.846+0000] {logging_mixin.py:190} INFO - [2025-01-28T06:29:42.846+0000] {dagbag.py:588} INFO - Filling up the DagBag from /home/ubuntu/.local/lib/python3.12/site-packages/airflow/example_dags/example_display_name.py
[2025-01-28T06:29:42.854+0000] {processor.py:925} INFO - DAG(s) 'example_display_name' retrieved from /home/ubuntu/.local/lib/python3.12/site-packages/airflow/example_dags/example_display_name.py
[2025-01-28T06:29:42.868+0000] {logging_mixin.py:190} INFO - [2025-01-28T06:29:42.868+0000] {dag.py:3239} INFO - Sync 1 DAGs
[2025-01-28T06:29:42.879+0000] {logging_mixin.py:190} INFO - [2025-01-28T06:29:42.879+0000] {dag.py:4180} INFO - Setting next_dagrun for example_display_name to None, run_after=None
[2025-01-28T06:29:42.902+0000] {processor.py:208} INFO - Processing /home/ubuntu/.local/lib/python3.12/site-packages/airflow/example_dags/example_display_name.py took 0.065 seconds
[2025-01-28T06:30:39.011+0000] {processor.py:186} INFO - Started process (PID=5659) to work on /home/ubuntu/.local/lib/python3.12/site-packages/airflow/example_dags/example_display_name.py
[2025-01-28T06:30:39.013+0000] {processor.py:914} INFO - Processing file /home/ubuntu/.local/lib/python3.12/site-packages/airflow/example_dags/example_display_name.py for tasks to queue
[2025-01-28T06:30:39.015+0000] {logging_mixin.py:190} INFO - [2025-01-28T06:30:39.015+0000] {dagbag.py:588} INFO - Filling up the DagBag from /home/ubuntu/.local/lib/python3.12/site-packages/airflow/example_dags/example_display_name.py
[2025-01-28T06:30:39.024+0000] {processor.py:925} INFO - DAG(s) 'example_display_name' retrieved from /home/ubuntu/.local/lib/python3.12/site-packages/airflow/example_dags/example_display_name.py
[2025-01-28T06:30:39.037+0000] {logging_mixin.py:190} INFO - [2025-01-28T06:30:39.037+0000] {dag.py:3239} INFO - Sync 1 DAGs
[2025-01-28T06:30:39.049+0000] {logging_mixin.py:190} INFO - [2025-01-28T06:30:39.048+0000] {dag.py:4180} INFO - Setting next_dagrun for example_display_name to None, run_after=None
[2025-01-28T06:30:39.071+0000] {processor.py:208} INFO - Processing /home/ubuntu/.local/lib/python3.12/site-packages/airflow/example_dags/example_display_name.py took 0.065 seconds
[2025-01-28T06:31:57.518+0000] {processor.py:186} INFO - Started process (PID=5778) to work on /home/ubuntu/.local/lib/python3.12/site-packages/airflow/example_dags/example_display_name.py
[2025-01-28T06:31:57.520+0000] {processor.py:914} INFO - Processing file /home/ubuntu/.local/lib/python3.12/site-packages/airflow/example_dags/example_display_name.py for tasks to queue
[2025-01-28T06:31:57.521+0000] {logging_mixin.py:190} INFO - [2025-01-28T06:31:57.521+0000] {dagbag.py:588} INFO - Filling up the DagBag from /home/ubuntu/.local/lib/python3.12/site-packages/airflow/example_dags/example_display_name.py
[2025-01-28T06:31:57.530+0000] {processor.py:925} INFO - DAG(s) 'example_display_name' retrieved from /home/ubuntu/.local/lib/python3.12/site-packages/airflow/example_dags/example_display_name.py
[2025-01-28T06:31:57.544+0000] {logging_mixin.py:190} INFO - [2025-01-28T06:31:57.543+0000] {dag.py:3239} INFO - Sync 1 DAGs
[2025-01-28T06:31:57.554+0000] {logging_mixin.py:190} INFO - [2025-01-28T06:31:57.554+0000] {dag.py:4180} INFO - Setting next_dagrun for example_display_name to None, run_after=None
[2025-01-28T06:31:57.577+0000] {processor.py:208} INFO - Processing /home/ubuntu/.local/lib/python3.12/site-packages/airflow/example_dags/example_display_name.py took 0.064 seconds
[2025-01-28T06:32:56.301+0000] {processor.py:186} INFO - Started process (PID=5837) to work on /home/ubuntu/.local/lib/python3.12/site-packages/airflow/example_dags/example_display_name.py
[2025-01-28T06:32:56.302+0000] {processor.py:914} INFO - Processing file /home/ubuntu/.local/lib/python3.12/site-packages/airflow/example_dags/example_display_name.py for tasks to queue
[2025-01-28T06:32:56.305+0000] {logging_mixin.py:190} INFO - [2025-01-28T06:32:56.304+0000] {dagbag.py:588} INFO - Filling up the DagBag from /home/ubuntu/.local/lib/python3.12/site-packages/airflow/example_dags/example_display_name.py
[2025-01-28T06:32:56.313+0000] {processor.py:925} INFO - DAG(s) 'example_display_name' retrieved from /home/ubuntu/.local/lib/python3.12/site-packages/airflow/example_dags/example_display_name.py
[2025-01-28T06:32:56.327+0000] {logging_mixin.py:190} INFO - [2025-01-28T06:32:56.327+0000] {dag.py:3239} INFO - Sync 1 DAGs
[2025-01-28T06:32:56.338+0000] {logging_mixin.py:190} INFO - [2025-01-28T06:32:56.338+0000] {dag.py:4180} INFO - Setting next_dagrun for example_display_name to None, run_after=None
[2025-01-28T06:32:56.361+0000] {processor.py:208} INFO - Processing /home/ubuntu/.local/lib/python3.12/site-packages/airflow/example_dags/example_display_name.py took 0.065 seconds
[2025-01-28T06:33:55.828+0000] {processor.py:186} INFO - Started process (PID=5902) to work on /home/ubuntu/.local/lib/python3.12/site-packages/airflow/example_dags/example_display_name.py
[2025-01-28T06:33:55.829+0000] {processor.py:914} INFO - Processing file /home/ubuntu/.local/lib/python3.12/site-packages/airflow/example_dags/example_display_name.py for tasks to queue
[2025-01-28T06:33:55.832+0000] {logging_mixin.py:190} INFO - [2025-01-28T06:33:55.832+0000] {dagbag.py:588} INFO - Filling up the DagBag from /home/ubuntu/.local/lib/python3.12/site-packages/airflow/example_dags/example_display_name.py
[2025-01-28T06:33:55.840+0000] {processor.py:925} INFO - DAG(s) 'example_display_name' retrieved from /home/ubuntu/.local/lib/python3.12/site-packages/airflow/example_dags/example_display_name.py
[2025-01-28T06:33:55.854+0000] {logging_mixin.py:190} INFO - [2025-01-28T06:33:55.854+0000] {dag.py:3239} INFO - Sync 1 DAGs
[2025-01-28T06:33:55.865+0000] {logging_mixin.py:190} INFO - [2025-01-28T06:33:55.865+0000] {dag.py:4180} INFO - Setting next_dagrun for example_display_name to None, run_after=None
[2025-01-28T06:33:55.894+0000] {processor.py:208} INFO - Processing /home/ubuntu/.local/lib/python3.12/site-packages/airflow/example_dags/example_display_name.py took 0.072 seconds
[2025-01-28T06:34:53.385+0000] {processor.py:186} INFO - Started process (PID=5961) to work on /home/ubuntu/.local/lib/python3.12/site-packages/airflow/example_dags/example_display_name.py
[2025-01-28T06:34:53.387+0000] {processor.py:914} INFO - Processing file /home/ubuntu/.local/lib/python3.12/site-packages/airflow/example_dags/example_display_name.py for tasks to queue
[2025-01-28T06:34:53.389+0000] {logging_mixin.py:190} INFO - [2025-01-28T06:34:53.389+0000] {dagbag.py:588} INFO - Filling up the DagBag from /home/ubuntu/.local/lib/python3.12/site-packages/airflow/example_dags/example_display_name.py
[2025-01-28T06:34:53.396+0000] {processor.py:925} INFO - DAG(s) 'example_display_name' retrieved from /home/ubuntu/.local/lib/python3.12/site-packages/airflow/example_dags/example_display_name.py
[2025-01-28T06:34:53.411+0000] {logging_mixin.py:190} INFO - [2025-01-28T06:34:53.411+0000] {dag.py:3239} INFO - Sync 1 DAGs
[2025-01-28T06:34:53.423+0000] {logging_mixin.py:190} INFO - [2025-01-28T06:34:53.423+0000] {dag.py:4180} INFO - Setting next_dagrun for example_display_name to None, run_after=None
[2025-01-28T06:34:53.444+0000] {processor.py:208} INFO - Processing /home/ubuntu/.local/lib/python3.12/site-packages/airflow/example_dags/example_display_name.py took 0.064 seconds
[2025-01-28T06:35:48.856+0000] {processor.py:186} INFO - Started process (PID=6021) to work on /home/ubuntu/.local/lib/python3.12/site-packages/airflow/example_dags/example_display_name.py
[2025-01-28T06:35:48.858+0000] {processor.py:914} INFO - Processing file /home/ubuntu/.local/lib/python3.12/site-packages/airflow/example_dags/example_display_name.py for tasks to queue
[2025-01-28T06:35:48.861+0000] {logging_mixin.py:190} INFO - [2025-01-28T06:35:48.860+0000] {dagbag.py:588} INFO - Filling up the DagBag from /home/ubuntu/.local/lib/python3.12/site-packages/airflow/example_dags/example_display_name.py
[2025-01-28T06:35:48.869+0000] {processor.py:925} INFO - DAG(s) 'example_display_name' retrieved from /home/ubuntu/.local/lib/python3.12/site-packages/airflow/example_dags/example_display_name.py
[2025-01-28T06:35:48.883+0000] {logging_mixin.py:190} INFO - [2025-01-28T06:35:48.883+0000] {dag.py:3239} INFO - Sync 1 DAGs
[2025-01-28T06:35:48.893+0000] {logging_mixin.py:190} INFO - [2025-01-28T06:35:48.893+0000] {dag.py:4180} INFO - Setting next_dagrun for example_display_name to None, run_after=None
[2025-01-28T06:35:48.917+0000] {processor.py:208} INFO - Processing /home/ubuntu/.local/lib/python3.12/site-packages/airflow/example_dags/example_display_name.py took 0.066 seconds
[2025-01-28T06:36:40.218+0000] {processor.py:186} INFO - Started process (PID=6074) to work on /home/ubuntu/.local/lib/python3.12/site-packages/airflow/example_dags/example_display_name.py
[2025-01-28T06:36:40.220+0000] {processor.py:914} INFO - Processing file /home/ubuntu/.local/lib/python3.12/site-packages/airflow/example_dags/example_display_name.py for tasks to queue
[2025-01-28T06:36:40.222+0000] {logging_mixin.py:190} INFO - [2025-01-28T06:36:40.222+0000] {dagbag.py:588} INFO - Filling up the DagBag from /home/ubuntu/.local/lib/python3.12/site-packages/airflow/example_dags/example_display_name.py
[2025-01-28T06:36:40.235+0000] {processor.py:925} INFO - DAG(s) 'example_display_name' retrieved from /home/ubuntu/.local/lib/python3.12/site-packages/airflow/example_dags/example_display_name.py
[2025-01-28T06:36:40.254+0000] {logging_mixin.py:190} INFO - [2025-01-28T06:36:40.253+0000] {dag.py:3239} INFO - Sync 1 DAGs
[2025-01-28T06:36:40.265+0000] {logging_mixin.py:190} INFO - [2025-01-28T06:36:40.265+0000] {dag.py:4180} INFO - Setting next_dagrun for example_display_name to None, run_after=None
[2025-01-28T06:36:40.288+0000] {processor.py:208} INFO - Processing /home/ubuntu/.local/lib/python3.12/site-packages/airflow/example_dags/example_display_name.py took 0.075 seconds
[2025-01-28T06:37:32.211+0000] {processor.py:186} INFO - Started process (PID=6129) to work on /home/ubuntu/.local/lib/python3.12/site-packages/airflow/example_dags/example_display_name.py
[2025-01-28T06:37:32.213+0000] {processor.py:914} INFO - Processing file /home/ubuntu/.local/lib/python3.12/site-packages/airflow/example_dags/example_display_name.py for tasks to queue
[2025-01-28T06:37:32.215+0000] {logging_mixin.py:190} INFO - [2025-01-28T06:37:32.215+0000] {dagbag.py:588} INFO - Filling up the DagBag from /home/ubuntu/.local/lib/python3.12/site-packages/airflow/example_dags/example_display_name.py
[2025-01-28T06:37:32.224+0000] {processor.py:925} INFO - DAG(s) 'example_display_name' retrieved from /home/ubuntu/.local/lib/python3.12/site-packages/airflow/example_dags/example_display_name.py
[2025-01-28T06:37:32.241+0000] {logging_mixin.py:190} INFO - [2025-01-28T06:37:32.241+0000] {dag.py:3239} INFO - Sync 1 DAGs
[2025-01-28T06:37:32.256+0000] {logging_mixin.py:190} INFO - [2025-01-28T06:37:32.256+0000] {dag.py:4180} INFO - Setting next_dagrun for example_display_name to None, run_after=None
[2025-01-28T06:37:32.279+0000] {processor.py:208} INFO - Processing /home/ubuntu/.local/lib/python3.12/site-packages/airflow/example_dags/example_display_name.py took 0.073 seconds
[2025-01-28T06:38:26.891+0000] {processor.py:186} INFO - Started process (PID=6185) to work on /home/ubuntu/.local/lib/python3.12/site-packages/airflow/example_dags/example_display_name.py
[2025-01-28T06:38:26.893+0000] {processor.py:914} INFO - Processing file /home/ubuntu/.local/lib/python3.12/site-packages/airflow/example_dags/example_display_name.py for tasks to queue
[2025-01-28T06:38:26.896+0000] {logging_mixin.py:190} INFO - [2025-01-28T06:38:26.895+0000] {dagbag.py:588} INFO - Filling up the DagBag from /home/ubuntu/.local/lib/python3.12/site-packages/airflow/example_dags/example_display_name.py
[2025-01-28T06:38:26.903+0000] {processor.py:925} INFO - DAG(s) 'example_display_name' retrieved from /home/ubuntu/.local/lib/python3.12/site-packages/airflow/example_dags/example_display_name.py
[2025-01-28T06:38:26.918+0000] {logging_mixin.py:190} INFO - [2025-01-28T06:38:26.918+0000] {dag.py:3239} INFO - Sync 1 DAGs
[2025-01-28T06:38:26.929+0000] {logging_mixin.py:190} INFO - [2025-01-28T06:38:26.929+0000] {dag.py:4180} INFO - Setting next_dagrun for example_display_name to None, run_after=None
[2025-01-28T06:38:26.951+0000] {processor.py:208} INFO - Processing /home/ubuntu/.local/lib/python3.12/site-packages/airflow/example_dags/example_display_name.py took 0.065 seconds
[2025-01-28T06:39:22.429+0000] {processor.py:186} INFO - Started process (PID=6242) to work on /home/ubuntu/.local/lib/python3.12/site-packages/airflow/example_dags/example_display_name.py
[2025-01-28T06:39:22.431+0000] {processor.py:914} INFO - Processing file /home/ubuntu/.local/lib/python3.12/site-packages/airflow/example_dags/example_display_name.py for tasks to queue
[2025-01-28T06:39:22.434+0000] {logging_mixin.py:190} INFO - [2025-01-28T06:39:22.433+0000] {dagbag.py:588} INFO - Filling up the DagBag from /home/ubuntu/.local/lib/python3.12/site-packages/airflow/example_dags/example_display_name.py
[2025-01-28T06:39:22.441+0000] {processor.py:925} INFO - DAG(s) 'example_display_name' retrieved from /home/ubuntu/.local/lib/python3.12/site-packages/airflow/example_dags/example_display_name.py
[2025-01-28T06:39:22.456+0000] {logging_mixin.py:190} INFO - [2025-01-28T06:39:22.456+0000] {dag.py:3239} INFO - Sync 1 DAGs
[2025-01-28T06:39:22.467+0000] {logging_mixin.py:190} INFO - [2025-01-28T06:39:22.467+0000] {dag.py:4180} INFO - Setting next_dagrun for example_display_name to None, run_after=None
[2025-01-28T06:39:22.490+0000] {processor.py:208} INFO - Processing /home/ubuntu/.local/lib/python3.12/site-packages/airflow/example_dags/example_display_name.py took 0.066 seconds
[2025-01-28T06:40:19.300+0000] {processor.py:186} INFO - Started process (PID=6304) to work on /home/ubuntu/.local/lib/python3.12/site-packages/airflow/example_dags/example_display_name.py
[2025-01-28T06:40:19.302+0000] {processor.py:914} INFO - Processing file /home/ubuntu/.local/lib/python3.12/site-packages/airflow/example_dags/example_display_name.py for tasks to queue
[2025-01-28T06:40:19.304+0000] {logging_mixin.py:190} INFO - [2025-01-28T06:40:19.304+0000] {dagbag.py:588} INFO - Filling up the DagBag from /home/ubuntu/.local/lib/python3.12/site-packages/airflow/example_dags/example_display_name.py
[2025-01-28T06:40:19.313+0000] {processor.py:925} INFO - DAG(s) 'example_display_name' retrieved from /home/ubuntu/.local/lib/python3.12/site-packages/airflow/example_dags/example_display_name.py
[2025-01-28T06:40:19.326+0000] {logging_mixin.py:190} INFO - [2025-01-28T06:40:19.326+0000] {dag.py:3239} INFO - Sync 1 DAGs
[2025-01-28T06:40:19.337+0000] {logging_mixin.py:190} INFO - [2025-01-28T06:40:19.337+0000] {dag.py:4180} INFO - Setting next_dagrun for example_display_name to None, run_after=None
[2025-01-28T06:40:19.360+0000] {processor.py:208} INFO - Processing /home/ubuntu/.local/lib/python3.12/site-packages/airflow/example_dags/example_display_name.py took 0.066 seconds
[2025-01-28T06:41:17.898+0000] {processor.py:186} INFO - Started process (PID=6360) to work on /home/ubuntu/.local/lib/python3.12/site-packages/airflow/example_dags/example_display_name.py
[2025-01-28T06:41:17.900+0000] {processor.py:914} INFO - Processing file /home/ubuntu/.local/lib/python3.12/site-packages/airflow/example_dags/example_display_name.py for tasks to queue
[2025-01-28T06:41:17.902+0000] {logging_mixin.py:190} INFO - [2025-01-28T06:41:17.902+0000] {dagbag.py:588} INFO - Filling up the DagBag from /home/ubuntu/.local/lib/python3.12/site-packages/airflow/example_dags/example_display_name.py
[2025-01-28T06:41:17.909+0000] {processor.py:925} INFO - DAG(s) 'example_display_name' retrieved from /home/ubuntu/.local/lib/python3.12/site-packages/airflow/example_dags/example_display_name.py
[2025-01-28T06:41:17.923+0000] {logging_mixin.py:190} INFO - [2025-01-28T06:41:17.923+0000] {dag.py:3239} INFO - Sync 1 DAGs
[2025-01-28T06:41:17.934+0000] {logging_mixin.py:190} INFO - [2025-01-28T06:41:17.934+0000] {dag.py:4180} INFO - Setting next_dagrun for example_display_name to None, run_after=None
[2025-01-28T06:41:17.956+0000] {processor.py:208} INFO - Processing /home/ubuntu/.local/lib/python3.12/site-packages/airflow/example_dags/example_display_name.py took 0.064 seconds
[2025-01-28T06:42:21.271+0000] {processor.py:186} INFO - Started process (PID=6557) to work on /home/ubuntu/.local/lib/python3.12/site-packages/airflow/example_dags/example_display_name.py
[2025-01-28T06:42:21.273+0000] {processor.py:914} INFO - Processing file /home/ubuntu/.local/lib/python3.12/site-packages/airflow/example_dags/example_display_name.py for tasks to queue
[2025-01-28T06:42:21.275+0000] {logging_mixin.py:190} INFO - [2025-01-28T06:42:21.275+0000] {dagbag.py:588} INFO - Filling up the DagBag from /home/ubuntu/.local/lib/python3.12/site-packages/airflow/example_dags/example_display_name.py
[2025-01-28T06:42:21.283+0000] {processor.py:925} INFO - DAG(s) 'example_display_name' retrieved from /home/ubuntu/.local/lib/python3.12/site-packages/airflow/example_dags/example_display_name.py
[2025-01-28T06:42:21.297+0000] {logging_mixin.py:190} INFO - [2025-01-28T06:42:21.297+0000] {dag.py:3239} INFO - Sync 1 DAGs
[2025-01-28T06:42:21.437+0000] {logging_mixin.py:190} INFO - [2025-01-28T06:42:21.437+0000] {dag.py:4180} INFO - Setting next_dagrun for example_display_name to None, run_after=None
[2025-01-28T06:42:21.458+0000] {processor.py:208} INFO - Processing /home/ubuntu/.local/lib/python3.12/site-packages/airflow/example_dags/example_display_name.py took 0.192 seconds
[2025-01-28T06:43:18.031+0000] {processor.py:186} INFO - Started process (PID=6615) to work on /home/ubuntu/.local/lib/python3.12/site-packages/airflow/example_dags/example_display_name.py
[2025-01-28T06:43:18.033+0000] {processor.py:914} INFO - Processing file /home/ubuntu/.local/lib/python3.12/site-packages/airflow/example_dags/example_display_name.py for tasks to queue
[2025-01-28T06:43:18.035+0000] {logging_mixin.py:190} INFO - [2025-01-28T06:43:18.035+0000] {dagbag.py:588} INFO - Filling up the DagBag from /home/ubuntu/.local/lib/python3.12/site-packages/airflow/example_dags/example_display_name.py
[2025-01-28T06:43:18.043+0000] {processor.py:925} INFO - DAG(s) 'example_display_name' retrieved from /home/ubuntu/.local/lib/python3.12/site-packages/airflow/example_dags/example_display_name.py
[2025-01-28T06:43:18.057+0000] {logging_mixin.py:190} INFO - [2025-01-28T06:43:18.057+0000] {dag.py:3239} INFO - Sync 1 DAGs
[2025-01-28T06:43:18.069+0000] {logging_mixin.py:190} INFO - [2025-01-28T06:43:18.069+0000] {dag.py:4180} INFO - Setting next_dagrun for example_display_name to None, run_after=None
[2025-01-28T06:43:18.219+0000] {processor.py:208} INFO - Processing /home/ubuntu/.local/lib/python3.12/site-packages/airflow/example_dags/example_display_name.py took 0.193 seconds
[2025-01-28T06:44:23.264+0000] {processor.py:186} INFO - Started process (PID=6677) to work on /home/ubuntu/.local/lib/python3.12/site-packages/airflow/example_dags/example_display_name.py
[2025-01-28T06:44:23.266+0000] {processor.py:914} INFO - Processing file /home/ubuntu/.local/lib/python3.12/site-packages/airflow/example_dags/example_display_name.py for tasks to queue
[2025-01-28T06:44:23.268+0000] {logging_mixin.py:190} INFO - [2025-01-28T06:44:23.267+0000] {dagbag.py:588} INFO - Filling up the DagBag from /home/ubuntu/.local/lib/python3.12/site-packages/airflow/example_dags/example_display_name.py
[2025-01-28T06:44:23.276+0000] {processor.py:925} INFO - DAG(s) 'example_display_name' retrieved from /home/ubuntu/.local/lib/python3.12/site-packages/airflow/example_dags/example_display_name.py
[2025-01-28T06:44:23.291+0000] {logging_mixin.py:190} INFO - [2025-01-28T06:44:23.290+0000] {dag.py:3239} INFO - Sync 1 DAGs
[2025-01-28T06:44:23.301+0000] {logging_mixin.py:190} INFO - [2025-01-28T06:44:23.301+0000] {dag.py:4180} INFO - Setting next_dagrun for example_display_name to None, run_after=None
[2025-01-28T06:44:23.324+0000] {processor.py:208} INFO - Processing /home/ubuntu/.local/lib/python3.12/site-packages/airflow/example_dags/example_display_name.py took 0.065 seconds
[2025-01-28T06:45:28.989+0000] {processor.py:186} INFO - Started process (PID=6743) to work on /home/ubuntu/.local/lib/python3.12/site-packages/airflow/example_dags/example_display_name.py
[2025-01-28T06:45:28.991+0000] {processor.py:914} INFO - Processing file /home/ubuntu/.local/lib/python3.12/site-packages/airflow/example_dags/example_display_name.py for tasks to queue
[2025-01-28T06:45:28.993+0000] {logging_mixin.py:190} INFO - [2025-01-28T06:45:28.992+0000] {dagbag.py:588} INFO - Filling up the DagBag from /home/ubuntu/.local/lib/python3.12/site-packages/airflow/example_dags/example_display_name.py
[2025-01-28T06:45:29.001+0000] {processor.py:925} INFO - DAG(s) 'example_display_name' retrieved from /home/ubuntu/.local/lib/python3.12/site-packages/airflow/example_dags/example_display_name.py
[2025-01-28T06:45:29.014+0000] {logging_mixin.py:190} INFO - [2025-01-28T06:45:29.014+0000] {dag.py:3239} INFO - Sync 1 DAGs
[2025-01-28T06:45:29.026+0000] {logging_mixin.py:190} INFO - [2025-01-28T06:45:29.026+0000] {dag.py:4180} INFO - Setting next_dagrun for example_display_name to None, run_after=None
[2025-01-28T06:45:29.049+0000] {processor.py:208} INFO - Processing /home/ubuntu/.local/lib/python3.12/site-packages/airflow/example_dags/example_display_name.py took 0.066 seconds
[2025-01-28T06:46:24.644+0000] {processor.py:186} INFO - Started process (PID=6965) to work on /home/ubuntu/.local/lib/python3.12/site-packages/airflow/example_dags/example_display_name.py
[2025-01-28T06:46:24.646+0000] {processor.py:914} INFO - Processing file /home/ubuntu/.local/lib/python3.12/site-packages/airflow/example_dags/example_display_name.py for tasks to queue
[2025-01-28T06:46:24.648+0000] {logging_mixin.py:190} INFO - [2025-01-28T06:46:24.647+0000] {dagbag.py:588} INFO - Filling up the DagBag from /home/ubuntu/.local/lib/python3.12/site-packages/airflow/example_dags/example_display_name.py
[2025-01-28T06:46:24.655+0000] {processor.py:925} INFO - DAG(s) 'example_display_name' retrieved from /home/ubuntu/.local/lib/python3.12/site-packages/airflow/example_dags/example_display_name.py
[2025-01-28T06:46:24.670+0000] {logging_mixin.py:190} INFO - [2025-01-28T06:46:24.670+0000] {dag.py:3239} INFO - Sync 1 DAGs
[2025-01-28T06:46:24.682+0000] {logging_mixin.py:190} INFO - [2025-01-28T06:46:24.681+0000] {dag.py:4180} INFO - Setting next_dagrun for example_display_name to None, run_after=None
[2025-01-28T06:46:24.704+0000] {processor.py:208} INFO - Processing /home/ubuntu/.local/lib/python3.12/site-packages/airflow/example_dags/example_display_name.py took 0.068 seconds
