[2025-01-28T03:40:17.675+0000] {processor.py:186} INFO - Started process (PID=9673) to work on /home/ubuntu/airflow-venv/lib/python3.12/site-packages/airflow/example_dags/example_branch_operator.py
[2025-01-28T03:40:17.676+0000] {processor.py:914} INFO - Processing file /home/ubuntu/airflow-venv/lib/python3.12/site-packages/airflow/example_dags/example_branch_operator.py for tasks to queue
[2025-01-28T03:40:17.677+0000] {logging_mixin.py:190} INFO - [2025-01-28T03:40:17.677+0000] {dagbag.py:588} INFO - Filling up the DagBag from /home/ubuntu/airflow-venv/lib/python3.12/site-packages/airflow/example_dags/example_branch_operator.py
[2025-01-28T03:40:17.680+0000] {processor.py:927} WARNING - No viable dags retrieved from /home/ubuntu/airflow-venv/lib/python3.12/site-packages/airflow/example_dags/example_branch_operator.py
[2025-01-28T03:40:17.690+0000] {processor.py:208} INFO - Processing /home/ubuntu/airflow-venv/lib/python3.12/site-packages/airflow/example_dags/example_branch_operator.py took 0.021 seconds
[2025-01-28T03:41:16.579+0000] {processor.py:186} INFO - Started process (PID=9732) to work on /home/ubuntu/airflow-venv/lib/python3.12/site-packages/airflow/example_dags/example_branch_operator.py
[2025-01-28T03:41:16.581+0000] {processor.py:914} INFO - Processing file /home/ubuntu/airflow-venv/lib/python3.12/site-packages/airflow/example_dags/example_branch_operator.py for tasks to queue
[2025-01-28T03:41:16.583+0000] {logging_mixin.py:190} INFO - [2025-01-28T03:41:16.583+0000] {dagbag.py:588} INFO - Filling up the DagBag from /home/ubuntu/airflow-venv/lib/python3.12/site-packages/airflow/example_dags/example_branch_operator.py
[2025-01-28T03:41:16.586+0000] {processor.py:927} WARNING - No viable dags retrieved from /home/ubuntu/airflow-venv/lib/python3.12/site-packages/airflow/example_dags/example_branch_operator.py
[2025-01-28T03:41:16.596+0000] {processor.py:208} INFO - Processing /home/ubuntu/airflow-venv/lib/python3.12/site-packages/airflow/example_dags/example_branch_operator.py took 0.023 seconds
[2025-01-28T03:43:52.913+0000] {processor.py:186} INFO - Started process (PID=9831) to work on /home/ubuntu/airflow-venv/lib/python3.12/site-packages/airflow/example_dags/example_branch_operator.py
[2025-01-28T03:43:52.915+0000] {processor.py:914} INFO - Processing file /home/ubuntu/airflow-venv/lib/python3.12/site-packages/airflow/example_dags/example_branch_operator.py for tasks to queue
[2025-01-28T03:43:52.916+0000] {logging_mixin.py:190} INFO - [2025-01-28T03:43:52.916+0000] {dagbag.py:588} INFO - Filling up the DagBag from /home/ubuntu/airflow-venv/lib/python3.12/site-packages/airflow/example_dags/example_branch_operator.py
[2025-01-28T03:43:52.919+0000] {processor.py:927} WARNING - No viable dags retrieved from /home/ubuntu/airflow-venv/lib/python3.12/site-packages/airflow/example_dags/example_branch_operator.py
[2025-01-28T03:43:52.929+0000] {processor.py:208} INFO - Processing /home/ubuntu/airflow-venv/lib/python3.12/site-packages/airflow/example_dags/example_branch_operator.py took 0.021 seconds
[2025-01-28T03:44:48.818+0000] {processor.py:186} INFO - Started process (PID=9889) to work on /home/ubuntu/airflow-venv/lib/python3.12/site-packages/airflow/example_dags/example_branch_operator.py
[2025-01-28T03:44:48.819+0000] {processor.py:914} INFO - Processing file /home/ubuntu/airflow-venv/lib/python3.12/site-packages/airflow/example_dags/example_branch_operator.py for tasks to queue
[2025-01-28T03:44:48.822+0000] {logging_mixin.py:190} INFO - [2025-01-28T03:44:48.822+0000] {dagbag.py:588} INFO - Filling up the DagBag from /home/ubuntu/airflow-venv/lib/python3.12/site-packages/airflow/example_dags/example_branch_operator.py
[2025-01-28T03:44:48.824+0000] {processor.py:927} WARNING - No viable dags retrieved from /home/ubuntu/airflow-venv/lib/python3.12/site-packages/airflow/example_dags/example_branch_operator.py
[2025-01-28T03:44:48.834+0000] {processor.py:208} INFO - Processing /home/ubuntu/airflow-venv/lib/python3.12/site-packages/airflow/example_dags/example_branch_operator.py took 0.022 seconds
[2025-01-28T03:46:05.756+0000] {processor.py:186} INFO - Started process (PID=9974) to work on /home/ubuntu/airflow-venv/lib/python3.12/site-packages/airflow/example_dags/example_branch_operator.py
[2025-01-28T03:46:05.758+0000] {processor.py:914} INFO - Processing file /home/ubuntu/airflow-venv/lib/python3.12/site-packages/airflow/example_dags/example_branch_operator.py for tasks to queue
[2025-01-28T03:46:05.760+0000] {logging_mixin.py:190} INFO - [2025-01-28T03:46:05.759+0000] {dagbag.py:588} INFO - Filling up the DagBag from /home/ubuntu/airflow-venv/lib/python3.12/site-packages/airflow/example_dags/example_branch_operator.py
[2025-01-28T03:46:05.763+0000] {processor.py:927} WARNING - No viable dags retrieved from /home/ubuntu/airflow-venv/lib/python3.12/site-packages/airflow/example_dags/example_branch_operator.py
[2025-01-28T03:46:05.773+0000] {processor.py:208} INFO - Processing /home/ubuntu/airflow-venv/lib/python3.12/site-packages/airflow/example_dags/example_branch_operator.py took 0.022 seconds
[2025-01-28T03:47:24.518+0000] {processor.py:186} INFO - Started process (PID=10054) to work on /home/ubuntu/airflow-venv/lib/python3.12/site-packages/airflow/example_dags/example_branch_operator.py
[2025-01-28T03:47:24.520+0000] {processor.py:914} INFO - Processing file /home/ubuntu/airflow-venv/lib/python3.12/site-packages/airflow/example_dags/example_branch_operator.py for tasks to queue
[2025-01-28T03:47:24.522+0000] {logging_mixin.py:190} INFO - [2025-01-28T03:47:24.521+0000] {dagbag.py:588} INFO - Filling up the DagBag from /home/ubuntu/airflow-venv/lib/python3.12/site-packages/airflow/example_dags/example_branch_operator.py
[2025-01-28T03:47:24.524+0000] {processor.py:927} WARNING - No viable dags retrieved from /home/ubuntu/airflow-venv/lib/python3.12/site-packages/airflow/example_dags/example_branch_operator.py
[2025-01-28T03:47:24.534+0000] {processor.py:208} INFO - Processing /home/ubuntu/airflow-venv/lib/python3.12/site-packages/airflow/example_dags/example_branch_operator.py took 0.022 seconds
[2025-01-28T03:48:37.792+0000] {processor.py:186} INFO - Started process (PID=10131) to work on /home/ubuntu/airflow-venv/lib/python3.12/site-packages/airflow/example_dags/example_branch_operator.py
[2025-01-28T03:48:37.794+0000] {processor.py:914} INFO - Processing file /home/ubuntu/airflow-venv/lib/python3.12/site-packages/airflow/example_dags/example_branch_operator.py for tasks to queue
[2025-01-28T03:48:37.796+0000] {logging_mixin.py:190} INFO - [2025-01-28T03:48:37.796+0000] {dagbag.py:588} INFO - Filling up the DagBag from /home/ubuntu/airflow-venv/lib/python3.12/site-packages/airflow/example_dags/example_branch_operator.py
[2025-01-28T03:48:37.799+0000] {processor.py:927} WARNING - No viable dags retrieved from /home/ubuntu/airflow-venv/lib/python3.12/site-packages/airflow/example_dags/example_branch_operator.py
[2025-01-28T03:48:37.809+0000] {processor.py:208} INFO - Processing /home/ubuntu/airflow-venv/lib/python3.12/site-packages/airflow/example_dags/example_branch_operator.py took 0.022 seconds
[2025-01-28T03:49:51.788+0000] {processor.py:186} INFO - Started process (PID=10208) to work on /home/ubuntu/airflow-venv/lib/python3.12/site-packages/airflow/example_dags/example_branch_operator.py
[2025-01-28T03:49:51.790+0000] {processor.py:914} INFO - Processing file /home/ubuntu/airflow-venv/lib/python3.12/site-packages/airflow/example_dags/example_branch_operator.py for tasks to queue
[2025-01-28T03:49:51.791+0000] {logging_mixin.py:190} INFO - [2025-01-28T03:49:51.791+0000] {dagbag.py:588} INFO - Filling up the DagBag from /home/ubuntu/airflow-venv/lib/python3.12/site-packages/airflow/example_dags/example_branch_operator.py
[2025-01-28T03:49:51.794+0000] {processor.py:927} WARNING - No viable dags retrieved from /home/ubuntu/airflow-venv/lib/python3.12/site-packages/airflow/example_dags/example_branch_operator.py
[2025-01-28T03:49:51.804+0000] {processor.py:208} INFO - Processing /home/ubuntu/airflow-venv/lib/python3.12/site-packages/airflow/example_dags/example_branch_operator.py took 0.021 seconds
[2025-01-28T05:55:43.435+0000] {processor.py:186} INFO - Started process (PID=1935) to work on /home/ubuntu/.local/lib/python3.12/site-packages/airflow/example_dags/example_branch_operator.py
[2025-01-28T05:55:43.437+0000] {processor.py:914} INFO - Processing file /home/ubuntu/.local/lib/python3.12/site-packages/airflow/example_dags/example_branch_operator.py for tasks to queue
[2025-01-28T05:55:43.439+0000] {logging_mixin.py:190} INFO - [2025-01-28T05:55:43.439+0000] {dagbag.py:588} INFO - Filling up the DagBag from /home/ubuntu/.local/lib/python3.12/site-packages/airflow/example_dags/example_branch_operator.py
[2025-01-28T05:55:43.443+0000] {processor.py:927} WARNING - No viable dags retrieved from /home/ubuntu/.local/lib/python3.12/site-packages/airflow/example_dags/example_branch_operator.py
[2025-01-28T05:55:43.452+0000] {processor.py:208} INFO - Processing /home/ubuntu/.local/lib/python3.12/site-packages/airflow/example_dags/example_branch_operator.py took 0.023 seconds
[2025-01-28T05:56:42.354+0000] {processor.py:186} INFO - Started process (PID=2007) to work on /home/ubuntu/.local/lib/python3.12/site-packages/airflow/example_dags/example_branch_operator.py
[2025-01-28T05:56:42.356+0000] {processor.py:914} INFO - Processing file /home/ubuntu/.local/lib/python3.12/site-packages/airflow/example_dags/example_branch_operator.py for tasks to queue
[2025-01-28T05:56:42.357+0000] {logging_mixin.py:190} INFO - [2025-01-28T05:56:42.357+0000] {dagbag.py:588} INFO - Filling up the DagBag from /home/ubuntu/.local/lib/python3.12/site-packages/airflow/example_dags/example_branch_operator.py
[2025-01-28T05:56:42.360+0000] {processor.py:927} WARNING - No viable dags retrieved from /home/ubuntu/.local/lib/python3.12/site-packages/airflow/example_dags/example_branch_operator.py
[2025-01-28T05:56:42.370+0000] {processor.py:208} INFO - Processing /home/ubuntu/.local/lib/python3.12/site-packages/airflow/example_dags/example_branch_operator.py took 0.021 seconds
[2025-01-28T05:57:38.494+0000] {processor.py:186} INFO - Started process (PID=2085) to work on /home/ubuntu/.local/lib/python3.12/site-packages/airflow/example_dags/example_branch_operator.py
[2025-01-28T05:57:38.496+0000] {processor.py:914} INFO - Processing file /home/ubuntu/.local/lib/python3.12/site-packages/airflow/example_dags/example_branch_operator.py for tasks to queue
[2025-01-28T05:57:38.499+0000] {logging_mixin.py:190} INFO - [2025-01-28T05:57:38.499+0000] {dagbag.py:588} INFO - Filling up the DagBag from /home/ubuntu/.local/lib/python3.12/site-packages/airflow/example_dags/example_branch_operator.py
[2025-01-28T05:57:38.501+0000] {processor.py:927} WARNING - No viable dags retrieved from /home/ubuntu/.local/lib/python3.12/site-packages/airflow/example_dags/example_branch_operator.py
[2025-01-28T05:57:38.512+0000] {processor.py:208} INFO - Processing /home/ubuntu/.local/lib/python3.12/site-packages/airflow/example_dags/example_branch_operator.py took 0.022 seconds
[2025-01-28T05:58:36.439+0000] {processor.py:186} INFO - Started process (PID=2143) to work on /home/ubuntu/.local/lib/python3.12/site-packages/airflow/example_dags/example_branch_operator.py
[2025-01-28T05:58:36.441+0000] {processor.py:914} INFO - Processing file /home/ubuntu/.local/lib/python3.12/site-packages/airflow/example_dags/example_branch_operator.py for tasks to queue
[2025-01-28T05:58:36.443+0000] {logging_mixin.py:190} INFO - [2025-01-28T05:58:36.442+0000] {dagbag.py:588} INFO - Filling up the DagBag from /home/ubuntu/.local/lib/python3.12/site-packages/airflow/example_dags/example_branch_operator.py
[2025-01-28T05:58:36.445+0000] {processor.py:927} WARNING - No viable dags retrieved from /home/ubuntu/.local/lib/python3.12/site-packages/airflow/example_dags/example_branch_operator.py
[2025-01-28T05:58:36.455+0000] {processor.py:208} INFO - Processing /home/ubuntu/.local/lib/python3.12/site-packages/airflow/example_dags/example_branch_operator.py took 0.022 seconds
[2025-01-28T05:59:31.191+0000] {processor.py:186} INFO - Started process (PID=2200) to work on /home/ubuntu/.local/lib/python3.12/site-packages/airflow/example_dags/example_branch_operator.py
[2025-01-28T05:59:31.194+0000] {processor.py:914} INFO - Processing file /home/ubuntu/.local/lib/python3.12/site-packages/airflow/example_dags/example_branch_operator.py for tasks to queue
[2025-01-28T05:59:31.196+0000] {logging_mixin.py:190} INFO - [2025-01-28T05:59:31.195+0000] {dagbag.py:588} INFO - Filling up the DagBag from /home/ubuntu/.local/lib/python3.12/site-packages/airflow/example_dags/example_branch_operator.py
[2025-01-28T05:59:31.198+0000] {processor.py:927} WARNING - No viable dags retrieved from /home/ubuntu/.local/lib/python3.12/site-packages/airflow/example_dags/example_branch_operator.py
[2025-01-28T05:59:31.208+0000] {processor.py:208} INFO - Processing /home/ubuntu/.local/lib/python3.12/site-packages/airflow/example_dags/example_branch_operator.py took 0.022 seconds
[2025-01-28T06:00:25.203+0000] {processor.py:186} INFO - Started process (PID=2258) to work on /home/ubuntu/.local/lib/python3.12/site-packages/airflow/example_dags/example_branch_operator.py
[2025-01-28T06:00:25.206+0000] {processor.py:914} INFO - Processing file /home/ubuntu/.local/lib/python3.12/site-packages/airflow/example_dags/example_branch_operator.py for tasks to queue
[2025-01-28T06:00:25.208+0000] {logging_mixin.py:190} INFO - [2025-01-28T06:00:25.208+0000] {dagbag.py:588} INFO - Filling up the DagBag from /home/ubuntu/.local/lib/python3.12/site-packages/airflow/example_dags/example_branch_operator.py
[2025-01-28T06:00:25.211+0000] {processor.py:927} WARNING - No viable dags retrieved from /home/ubuntu/.local/lib/python3.12/site-packages/airflow/example_dags/example_branch_operator.py
[2025-01-28T06:00:25.222+0000] {processor.py:208} INFO - Processing /home/ubuntu/.local/lib/python3.12/site-packages/airflow/example_dags/example_branch_operator.py took 0.023 seconds
[2025-01-28T06:01:37.434+0000] {processor.py:186} INFO - Started process (PID=2335) to work on /home/ubuntu/.local/lib/python3.12/site-packages/airflow/example_dags/example_branch_operator.py
[2025-01-28T06:01:37.435+0000] {processor.py:914} INFO - Processing file /home/ubuntu/.local/lib/python3.12/site-packages/airflow/example_dags/example_branch_operator.py for tasks to queue
[2025-01-28T06:01:37.437+0000] {logging_mixin.py:190} INFO - [2025-01-28T06:01:37.437+0000] {dagbag.py:588} INFO - Filling up the DagBag from /home/ubuntu/.local/lib/python3.12/site-packages/airflow/example_dags/example_branch_operator.py
[2025-01-28T06:01:37.440+0000] {processor.py:927} WARNING - No viable dags retrieved from /home/ubuntu/.local/lib/python3.12/site-packages/airflow/example_dags/example_branch_operator.py
[2025-01-28T06:01:37.450+0000] {processor.py:208} INFO - Processing /home/ubuntu/.local/lib/python3.12/site-packages/airflow/example_dags/example_branch_operator.py took 0.022 seconds
[2025-01-28T06:02:54.083+0000] {processor.py:186} INFO - Started process (PID=2432) to work on /home/ubuntu/.local/lib/python3.12/site-packages/airflow/example_dags/example_branch_operator.py
[2025-01-28T06:02:54.085+0000] {processor.py:914} INFO - Processing file /home/ubuntu/.local/lib/python3.12/site-packages/airflow/example_dags/example_branch_operator.py for tasks to queue
[2025-01-28T06:02:54.087+0000] {logging_mixin.py:190} INFO - [2025-01-28T06:02:54.087+0000] {dagbag.py:588} INFO - Filling up the DagBag from /home/ubuntu/.local/lib/python3.12/site-packages/airflow/example_dags/example_branch_operator.py
[2025-01-28T06:02:54.089+0000] {processor.py:927} WARNING - No viable dags retrieved from /home/ubuntu/.local/lib/python3.12/site-packages/airflow/example_dags/example_branch_operator.py
[2025-01-28T06:02:54.100+0000] {processor.py:208} INFO - Processing /home/ubuntu/.local/lib/python3.12/site-packages/airflow/example_dags/example_branch_operator.py took 0.021 seconds
[2025-01-28T06:04:08.642+0000] {processor.py:186} INFO - Started process (PID=2512) to work on /home/ubuntu/.local/lib/python3.12/site-packages/airflow/example_dags/example_branch_operator.py
[2025-01-28T06:04:08.643+0000] {processor.py:914} INFO - Processing file /home/ubuntu/.local/lib/python3.12/site-packages/airflow/example_dags/example_branch_operator.py for tasks to queue
[2025-01-28T06:04:08.646+0000] {logging_mixin.py:190} INFO - [2025-01-28T06:04:08.646+0000] {dagbag.py:588} INFO - Filling up the DagBag from /home/ubuntu/.local/lib/python3.12/site-packages/airflow/example_dags/example_branch_operator.py
[2025-01-28T06:04:08.649+0000] {processor.py:927} WARNING - No viable dags retrieved from /home/ubuntu/.local/lib/python3.12/site-packages/airflow/example_dags/example_branch_operator.py
[2025-01-28T06:04:08.659+0000] {processor.py:208} INFO - Processing /home/ubuntu/.local/lib/python3.12/site-packages/airflow/example_dags/example_branch_operator.py took 0.023 seconds
[2025-01-28T06:05:16.993+0000] {processor.py:186} INFO - Started process (PID=2586) to work on /home/ubuntu/.local/lib/python3.12/site-packages/airflow/example_dags/example_branch_operator.py
[2025-01-28T06:05:16.995+0000] {processor.py:914} INFO - Processing file /home/ubuntu/.local/lib/python3.12/site-packages/airflow/example_dags/example_branch_operator.py for tasks to queue
[2025-01-28T06:05:16.997+0000] {logging_mixin.py:190} INFO - [2025-01-28T06:05:16.997+0000] {dagbag.py:588} INFO - Filling up the DagBag from /home/ubuntu/.local/lib/python3.12/site-packages/airflow/example_dags/example_branch_operator.py
[2025-01-28T06:05:16.999+0000] {processor.py:927} WARNING - No viable dags retrieved from /home/ubuntu/.local/lib/python3.12/site-packages/airflow/example_dags/example_branch_operator.py
[2025-01-28T06:05:17.010+0000] {processor.py:208} INFO - Processing /home/ubuntu/.local/lib/python3.12/site-packages/airflow/example_dags/example_branch_operator.py took 0.022 seconds
[2025-01-28T06:06:23.275+0000] {processor.py:186} INFO - Started process (PID=2662) to work on /home/ubuntu/.local/lib/python3.12/site-packages/airflow/example_dags/example_branch_operator.py
[2025-01-28T06:06:23.277+0000] {processor.py:914} INFO - Processing file /home/ubuntu/.local/lib/python3.12/site-packages/airflow/example_dags/example_branch_operator.py for tasks to queue
[2025-01-28T06:06:23.280+0000] {logging_mixin.py:190} INFO - [2025-01-28T06:06:23.279+0000] {dagbag.py:588} INFO - Filling up the DagBag from /home/ubuntu/.local/lib/python3.12/site-packages/airflow/example_dags/example_branch_operator.py
[2025-01-28T06:06:23.282+0000] {processor.py:927} WARNING - No viable dags retrieved from /home/ubuntu/.local/lib/python3.12/site-packages/airflow/example_dags/example_branch_operator.py
[2025-01-28T06:06:23.293+0000] {processor.py:208} INFO - Processing /home/ubuntu/.local/lib/python3.12/site-packages/airflow/example_dags/example_branch_operator.py took 0.023 seconds
[2025-01-28T06:07:28.132+0000] {processor.py:186} INFO - Started process (PID=2735) to work on /home/ubuntu/.local/lib/python3.12/site-packages/airflow/example_dags/example_branch_operator.py
[2025-01-28T06:07:28.134+0000] {processor.py:914} INFO - Processing file /home/ubuntu/.local/lib/python3.12/site-packages/airflow/example_dags/example_branch_operator.py for tasks to queue
[2025-01-28T06:07:28.137+0000] {logging_mixin.py:190} INFO - [2025-01-28T06:07:28.136+0000] {dagbag.py:588} INFO - Filling up the DagBag from /home/ubuntu/.local/lib/python3.12/site-packages/airflow/example_dags/example_branch_operator.py
[2025-01-28T06:07:28.140+0000] {processor.py:927} WARNING - No viable dags retrieved from /home/ubuntu/.local/lib/python3.12/site-packages/airflow/example_dags/example_branch_operator.py
[2025-01-28T06:07:28.150+0000] {processor.py:208} INFO - Processing /home/ubuntu/.local/lib/python3.12/site-packages/airflow/example_dags/example_branch_operator.py took 0.023 seconds
[2025-01-28T06:08:25.946+0000] {processor.py:186} INFO - Started process (PID=2794) to work on /home/ubuntu/.local/lib/python3.12/site-packages/airflow/example_dags/example_branch_operator.py
[2025-01-28T06:08:25.947+0000] {processor.py:914} INFO - Processing file /home/ubuntu/.local/lib/python3.12/site-packages/airflow/example_dags/example_branch_operator.py for tasks to queue
[2025-01-28T06:08:25.950+0000] {logging_mixin.py:190} INFO - [2025-01-28T06:08:25.950+0000] {dagbag.py:588} INFO - Filling up the DagBag from /home/ubuntu/.local/lib/python3.12/site-packages/airflow/example_dags/example_branch_operator.py
[2025-01-28T06:08:25.952+0000] {processor.py:927} WARNING - No viable dags retrieved from /home/ubuntu/.local/lib/python3.12/site-packages/airflow/example_dags/example_branch_operator.py
[2025-01-28T06:08:25.963+0000] {processor.py:208} INFO - Processing /home/ubuntu/.local/lib/python3.12/site-packages/airflow/example_dags/example_branch_operator.py took 0.022 seconds
[2025-01-28T06:09:22.791+0000] {processor.py:186} INFO - Started process (PID=2854) to work on /home/ubuntu/.local/lib/python3.12/site-packages/airflow/example_dags/example_branch_operator.py
[2025-01-28T06:09:22.792+0000] {processor.py:914} INFO - Processing file /home/ubuntu/.local/lib/python3.12/site-packages/airflow/example_dags/example_branch_operator.py for tasks to queue
[2025-01-28T06:09:22.795+0000] {logging_mixin.py:190} INFO - [2025-01-28T06:09:22.794+0000] {dagbag.py:588} INFO - Filling up the DagBag from /home/ubuntu/.local/lib/python3.12/site-packages/airflow/example_dags/example_branch_operator.py
[2025-01-28T06:09:22.797+0000] {processor.py:927} WARNING - No viable dags retrieved from /home/ubuntu/.local/lib/python3.12/site-packages/airflow/example_dags/example_branch_operator.py
[2025-01-28T06:09:22.808+0000] {processor.py:208} INFO - Processing /home/ubuntu/.local/lib/python3.12/site-packages/airflow/example_dags/example_branch_operator.py took 0.022 seconds
[2025-01-28T06:10:42.527+0000] {processor.py:186} INFO - Started process (PID=2958) to work on /home/ubuntu/.local/lib/python3.12/site-packages/airflow/example_dags/example_branch_operator.py
[2025-01-28T06:10:42.529+0000] {processor.py:914} INFO - Processing file /home/ubuntu/.local/lib/python3.12/site-packages/airflow/example_dags/example_branch_operator.py for tasks to queue
[2025-01-28T06:10:42.531+0000] {logging_mixin.py:190} INFO - [2025-01-28T06:10:42.530+0000] {dagbag.py:588} INFO - Filling up the DagBag from /home/ubuntu/.local/lib/python3.12/site-packages/airflow/example_dags/example_branch_operator.py
[2025-01-28T06:10:42.533+0000] {processor.py:927} WARNING - No viable dags retrieved from /home/ubuntu/.local/lib/python3.12/site-packages/airflow/example_dags/example_branch_operator.py
[2025-01-28T06:10:42.543+0000] {processor.py:208} INFO - Processing /home/ubuntu/.local/lib/python3.12/site-packages/airflow/example_dags/example_branch_operator.py took 0.021 seconds
[2025-01-28T06:11:36.235+0000] {processor.py:186} INFO - Started process (PID=3015) to work on /home/ubuntu/.local/lib/python3.12/site-packages/airflow/example_dags/example_branch_operator.py
[2025-01-28T06:11:36.236+0000] {processor.py:914} INFO - Processing file /home/ubuntu/.local/lib/python3.12/site-packages/airflow/example_dags/example_branch_operator.py for tasks to queue
[2025-01-28T06:11:36.238+0000] {logging_mixin.py:190} INFO - [2025-01-28T06:11:36.238+0000] {dagbag.py:588} INFO - Filling up the DagBag from /home/ubuntu/.local/lib/python3.12/site-packages/airflow/example_dags/example_branch_operator.py
[2025-01-28T06:11:36.241+0000] {processor.py:927} WARNING - No viable dags retrieved from /home/ubuntu/.local/lib/python3.12/site-packages/airflow/example_dags/example_branch_operator.py
[2025-01-28T06:11:36.252+0000] {processor.py:208} INFO - Processing /home/ubuntu/.local/lib/python3.12/site-packages/airflow/example_dags/example_branch_operator.py took 0.022 seconds
[2025-01-28T06:12:58.559+0000] {processor.py:186} INFO - Started process (PID=3099) to work on /home/ubuntu/.local/lib/python3.12/site-packages/airflow/example_dags/example_branch_operator.py
[2025-01-28T06:12:58.560+0000] {processor.py:914} INFO - Processing file /home/ubuntu/.local/lib/python3.12/site-packages/airflow/example_dags/example_branch_operator.py for tasks to queue
[2025-01-28T06:12:58.563+0000] {logging_mixin.py:190} INFO - [2025-01-28T06:12:58.563+0000] {dagbag.py:588} INFO - Filling up the DagBag from /home/ubuntu/.local/lib/python3.12/site-packages/airflow/example_dags/example_branch_operator.py
[2025-01-28T06:12:58.565+0000] {processor.py:927} WARNING - No viable dags retrieved from /home/ubuntu/.local/lib/python3.12/site-packages/airflow/example_dags/example_branch_operator.py
[2025-01-28T06:12:58.576+0000] {processor.py:208} INFO - Processing /home/ubuntu/.local/lib/python3.12/site-packages/airflow/example_dags/example_branch_operator.py took 0.022 seconds
[2025-01-28T06:14:16.145+0000] {processor.py:186} INFO - Started process (PID=3181) to work on /home/ubuntu/.local/lib/python3.12/site-packages/airflow/example_dags/example_branch_operator.py
[2025-01-28T06:14:16.146+0000] {processor.py:914} INFO - Processing file /home/ubuntu/.local/lib/python3.12/site-packages/airflow/example_dags/example_branch_operator.py for tasks to queue
[2025-01-28T06:14:16.148+0000] {logging_mixin.py:190} INFO - [2025-01-28T06:14:16.148+0000] {dagbag.py:588} INFO - Filling up the DagBag from /home/ubuntu/.local/lib/python3.12/site-packages/airflow/example_dags/example_branch_operator.py
[2025-01-28T06:14:16.151+0000] {processor.py:927} WARNING - No viable dags retrieved from /home/ubuntu/.local/lib/python3.12/site-packages/airflow/example_dags/example_branch_operator.py
[2025-01-28T06:14:16.162+0000] {processor.py:208} INFO - Processing /home/ubuntu/.local/lib/python3.12/site-packages/airflow/example_dags/example_branch_operator.py took 0.022 seconds
[2025-01-28T06:15:11.441+0000] {processor.py:186} INFO - Started process (PID=3241) to work on /home/ubuntu/.local/lib/python3.12/site-packages/airflow/example_dags/example_branch_operator.py
[2025-01-28T06:15:11.443+0000] {processor.py:914} INFO - Processing file /home/ubuntu/.local/lib/python3.12/site-packages/airflow/example_dags/example_branch_operator.py for tasks to queue
[2025-01-28T06:15:11.445+0000] {logging_mixin.py:190} INFO - [2025-01-28T06:15:11.445+0000] {dagbag.py:588} INFO - Filling up the DagBag from /home/ubuntu/.local/lib/python3.12/site-packages/airflow/example_dags/example_branch_operator.py
[2025-01-28T06:15:11.448+0000] {processor.py:927} WARNING - No viable dags retrieved from /home/ubuntu/.local/lib/python3.12/site-packages/airflow/example_dags/example_branch_operator.py
[2025-01-28T06:15:11.458+0000] {processor.py:208} INFO - Processing /home/ubuntu/.local/lib/python3.12/site-packages/airflow/example_dags/example_branch_operator.py took 0.022 seconds
[2025-01-28T06:16:29.227+0000] {processor.py:186} INFO - Started process (PID=3323) to work on /home/ubuntu/.local/lib/python3.12/site-packages/airflow/example_dags/example_branch_operator.py
[2025-01-28T06:16:29.229+0000] {processor.py:914} INFO - Processing file /home/ubuntu/.local/lib/python3.12/site-packages/airflow/example_dags/example_branch_operator.py for tasks to queue
[2025-01-28T06:16:29.231+0000] {logging_mixin.py:190} INFO - [2025-01-28T06:16:29.231+0000] {dagbag.py:588} INFO - Filling up the DagBag from /home/ubuntu/.local/lib/python3.12/site-packages/airflow/example_dags/example_branch_operator.py
[2025-01-28T06:16:29.234+0000] {processor.py:927} WARNING - No viable dags retrieved from /home/ubuntu/.local/lib/python3.12/site-packages/airflow/example_dags/example_branch_operator.py
[2025-01-28T06:16:29.244+0000] {processor.py:208} INFO - Processing /home/ubuntu/.local/lib/python3.12/site-packages/airflow/example_dags/example_branch_operator.py took 0.021 seconds
[2025-01-28T06:17:54.168+0000] {processor.py:186} INFO - Started process (PID=3417) to work on /home/ubuntu/.local/lib/python3.12/site-packages/airflow/example_dags/example_branch_operator.py
[2025-01-28T06:17:54.170+0000] {processor.py:914} INFO - Processing file /home/ubuntu/.local/lib/python3.12/site-packages/airflow/example_dags/example_branch_operator.py for tasks to queue
[2025-01-28T06:17:54.173+0000] {logging_mixin.py:190} INFO - [2025-01-28T06:17:54.172+0000] {dagbag.py:588} INFO - Filling up the DagBag from /home/ubuntu/.local/lib/python3.12/site-packages/airflow/example_dags/example_branch_operator.py
[2025-01-28T06:17:54.175+0000] {processor.py:927} WARNING - No viable dags retrieved from /home/ubuntu/.local/lib/python3.12/site-packages/airflow/example_dags/example_branch_operator.py
[2025-01-28T06:17:54.185+0000] {processor.py:208} INFO - Processing /home/ubuntu/.local/lib/python3.12/site-packages/airflow/example_dags/example_branch_operator.py took 0.022 seconds
[2025-01-28T06:18:56.159+0000] {processor.py:186} INFO - Started process (PID=3519) to work on /home/ubuntu/.local/lib/python3.12/site-packages/airflow/example_dags/example_branch_operator.py
[2025-01-28T06:18:56.161+0000] {processor.py:914} INFO - Processing file /home/ubuntu/.local/lib/python3.12/site-packages/airflow/example_dags/example_branch_operator.py for tasks to queue
[2025-01-28T06:18:56.162+0000] {logging_mixin.py:190} INFO - [2025-01-28T06:18:56.162+0000] {dagbag.py:588} INFO - Filling up the DagBag from /home/ubuntu/.local/lib/python3.12/site-packages/airflow/example_dags/example_branch_operator.py
[2025-01-28T06:18:56.166+0000] {processor.py:927} WARNING - No viable dags retrieved from /home/ubuntu/.local/lib/python3.12/site-packages/airflow/example_dags/example_branch_operator.py
[2025-01-28T06:18:56.176+0000] {processor.py:208} INFO - Processing /home/ubuntu/.local/lib/python3.12/site-packages/airflow/example_dags/example_branch_operator.py took 0.022 seconds
[2025-01-28T06:20:16.023+0000] {processor.py:186} INFO - Started process (PID=3605) to work on /home/ubuntu/.local/lib/python3.12/site-packages/airflow/example_dags/example_branch_operator.py
[2025-01-28T06:20:16.024+0000] {processor.py:914} INFO - Processing file /home/ubuntu/.local/lib/python3.12/site-packages/airflow/example_dags/example_branch_operator.py for tasks to queue
[2025-01-28T06:20:16.026+0000] {logging_mixin.py:190} INFO - [2025-01-28T06:20:16.025+0000] {dagbag.py:588} INFO - Filling up the DagBag from /home/ubuntu/.local/lib/python3.12/site-packages/airflow/example_dags/example_branch_operator.py
[2025-01-28T06:20:16.030+0000] {processor.py:927} WARNING - No viable dags retrieved from /home/ubuntu/.local/lib/python3.12/site-packages/airflow/example_dags/example_branch_operator.py
[2025-01-28T06:20:16.040+0000] {processor.py:208} INFO - Processing /home/ubuntu/.local/lib/python3.12/site-packages/airflow/example_dags/example_branch_operator.py took 0.022 seconds
[2025-01-28T06:21:13.052+0000] {processor.py:186} INFO - Started process (PID=3755) to work on /home/ubuntu/.local/lib/python3.12/site-packages/airflow/example_dags/example_branch_operator.py
[2025-01-28T06:21:13.054+0000] {processor.py:914} INFO - Processing file /home/ubuntu/.local/lib/python3.12/site-packages/airflow/example_dags/example_branch_operator.py for tasks to queue
[2025-01-28T06:21:13.056+0000] {logging_mixin.py:190} INFO - [2025-01-28T06:21:13.056+0000] {dagbag.py:588} INFO - Filling up the DagBag from /home/ubuntu/.local/lib/python3.12/site-packages/airflow/example_dags/example_branch_operator.py
[2025-01-28T06:21:13.059+0000] {processor.py:927} WARNING - No viable dags retrieved from /home/ubuntu/.local/lib/python3.12/site-packages/airflow/example_dags/example_branch_operator.py
[2025-01-28T06:21:13.069+0000] {processor.py:208} INFO - Processing /home/ubuntu/.local/lib/python3.12/site-packages/airflow/example_dags/example_branch_operator.py took 0.025 seconds
[2025-01-28T06:22:35.666+0000] {processor.py:186} INFO - Started process (PID=3895) to work on /home/ubuntu/.local/lib/python3.12/site-packages/airflow/example_dags/example_branch_operator.py
[2025-01-28T06:22:35.669+0000] {processor.py:914} INFO - Processing file /home/ubuntu/.local/lib/python3.12/site-packages/airflow/example_dags/example_branch_operator.py for tasks to queue
[2025-01-28T06:22:35.671+0000] {logging_mixin.py:190} INFO - [2025-01-28T06:22:35.670+0000] {dagbag.py:588} INFO - Filling up the DagBag from /home/ubuntu/.local/lib/python3.12/site-packages/airflow/example_dags/example_branch_operator.py
[2025-01-28T06:22:35.673+0000] {processor.py:927} WARNING - No viable dags retrieved from /home/ubuntu/.local/lib/python3.12/site-packages/airflow/example_dags/example_branch_operator.py
[2025-01-28T06:22:35.684+0000] {processor.py:208} INFO - Processing /home/ubuntu/.local/lib/python3.12/site-packages/airflow/example_dags/example_branch_operator.py took 0.022 seconds
[2025-01-28T06:23:31.252+0000] {processor.py:186} INFO - Started process (PID=4383) to work on /home/ubuntu/.local/lib/python3.12/site-packages/airflow/example_dags/example_branch_operator.py
[2025-01-28T06:23:31.254+0000] {processor.py:914} INFO - Processing file /home/ubuntu/.local/lib/python3.12/site-packages/airflow/example_dags/example_branch_operator.py for tasks to queue
[2025-01-28T06:23:31.256+0000] {logging_mixin.py:190} INFO - [2025-01-28T06:23:31.256+0000] {dagbag.py:588} INFO - Filling up the DagBag from /home/ubuntu/.local/lib/python3.12/site-packages/airflow/example_dags/example_branch_operator.py
[2025-01-28T06:23:31.260+0000] {processor.py:927} WARNING - No viable dags retrieved from /home/ubuntu/.local/lib/python3.12/site-packages/airflow/example_dags/example_branch_operator.py
[2025-01-28T06:23:31.270+0000] {processor.py:208} INFO - Processing /home/ubuntu/.local/lib/python3.12/site-packages/airflow/example_dags/example_branch_operator.py took 0.024 seconds
[2025-01-28T06:24:52.049+0000] {processor.py:186} INFO - Started process (PID=4883) to work on /home/ubuntu/.local/lib/python3.12/site-packages/airflow/example_dags/example_branch_operator.py
[2025-01-28T06:24:52.051+0000] {processor.py:914} INFO - Processing file /home/ubuntu/.local/lib/python3.12/site-packages/airflow/example_dags/example_branch_operator.py for tasks to queue
[2025-01-28T06:24:52.053+0000] {logging_mixin.py:190} INFO - [2025-01-28T06:24:52.053+0000] {dagbag.py:588} INFO - Filling up the DagBag from /home/ubuntu/.local/lib/python3.12/site-packages/airflow/example_dags/example_branch_operator.py
[2025-01-28T06:24:52.056+0000] {processor.py:927} WARNING - No viable dags retrieved from /home/ubuntu/.local/lib/python3.12/site-packages/airflow/example_dags/example_branch_operator.py
[2025-01-28T06:24:52.067+0000] {processor.py:208} INFO - Processing /home/ubuntu/.local/lib/python3.12/site-packages/airflow/example_dags/example_branch_operator.py took 0.023 seconds
[2025-01-28T06:25:46.608+0000] {processor.py:186} INFO - Started process (PID=5028) to work on /home/ubuntu/.local/lib/python3.12/site-packages/airflow/example_dags/example_branch_operator.py
[2025-01-28T06:25:46.610+0000] {processor.py:914} INFO - Processing file /home/ubuntu/.local/lib/python3.12/site-packages/airflow/example_dags/example_branch_operator.py for tasks to queue
[2025-01-28T06:25:46.612+0000] {logging_mixin.py:190} INFO - [2025-01-28T06:25:46.612+0000] {dagbag.py:588} INFO - Filling up the DagBag from /home/ubuntu/.local/lib/python3.12/site-packages/airflow/example_dags/example_branch_operator.py
[2025-01-28T06:25:46.614+0000] {processor.py:927} WARNING - No viable dags retrieved from /home/ubuntu/.local/lib/python3.12/site-packages/airflow/example_dags/example_branch_operator.py
[2025-01-28T06:25:46.625+0000] {processor.py:208} INFO - Processing /home/ubuntu/.local/lib/python3.12/site-packages/airflow/example_dags/example_branch_operator.py took 0.023 seconds
[2025-01-28T06:26:40.435+0000] {processor.py:186} INFO - Started process (PID=5178) to work on /home/ubuntu/.local/lib/python3.12/site-packages/airflow/example_dags/example_branch_operator.py
[2025-01-28T06:26:40.436+0000] {processor.py:914} INFO - Processing file /home/ubuntu/.local/lib/python3.12/site-packages/airflow/example_dags/example_branch_operator.py for tasks to queue
[2025-01-28T06:26:40.439+0000] {logging_mixin.py:190} INFO - [2025-01-28T06:26:40.439+0000] {dagbag.py:588} INFO - Filling up the DagBag from /home/ubuntu/.local/lib/python3.12/site-packages/airflow/example_dags/example_branch_operator.py
[2025-01-28T06:26:40.442+0000] {processor.py:927} WARNING - No viable dags retrieved from /home/ubuntu/.local/lib/python3.12/site-packages/airflow/example_dags/example_branch_operator.py
[2025-01-28T06:26:40.453+0000] {processor.py:208} INFO - Processing /home/ubuntu/.local/lib/python3.12/site-packages/airflow/example_dags/example_branch_operator.py took 0.023 seconds
[2025-01-28T06:27:33.496+0000] {processor.py:186} INFO - Started process (PID=5234) to work on /home/ubuntu/.local/lib/python3.12/site-packages/airflow/example_dags/example_branch_operator.py
[2025-01-28T06:27:33.497+0000] {processor.py:914} INFO - Processing file /home/ubuntu/.local/lib/python3.12/site-packages/airflow/example_dags/example_branch_operator.py for tasks to queue
[2025-01-28T06:27:33.499+0000] {logging_mixin.py:190} INFO - [2025-01-28T06:27:33.499+0000] {dagbag.py:588} INFO - Filling up the DagBag from /home/ubuntu/.local/lib/python3.12/site-packages/airflow/example_dags/example_branch_operator.py
[2025-01-28T06:27:33.503+0000] {processor.py:927} WARNING - No viable dags retrieved from /home/ubuntu/.local/lib/python3.12/site-packages/airflow/example_dags/example_branch_operator.py
[2025-01-28T06:27:33.513+0000] {processor.py:208} INFO - Processing /home/ubuntu/.local/lib/python3.12/site-packages/airflow/example_dags/example_branch_operator.py took 0.023 seconds
[2025-01-28T06:28:52.628+0000] {processor.py:186} INFO - Started process (PID=5520) to work on /home/ubuntu/.local/lib/python3.12/site-packages/airflow/example_dags/example_branch_operator.py
[2025-01-28T06:28:52.630+0000] {processor.py:914} INFO - Processing file /home/ubuntu/.local/lib/python3.12/site-packages/airflow/example_dags/example_branch_operator.py for tasks to queue
[2025-01-28T06:28:52.633+0000] {logging_mixin.py:190} INFO - [2025-01-28T06:28:52.633+0000] {dagbag.py:588} INFO - Filling up the DagBag from /home/ubuntu/.local/lib/python3.12/site-packages/airflow/example_dags/example_branch_operator.py
[2025-01-28T06:28:52.636+0000] {processor.py:927} WARNING - No viable dags retrieved from /home/ubuntu/.local/lib/python3.12/site-packages/airflow/example_dags/example_branch_operator.py
[2025-01-28T06:28:52.646+0000] {processor.py:208} INFO - Processing /home/ubuntu/.local/lib/python3.12/site-packages/airflow/example_dags/example_branch_operator.py took 0.023 seconds
[2025-01-28T06:29:48.556+0000] {processor.py:186} INFO - Started process (PID=5590) to work on /home/ubuntu/.local/lib/python3.12/site-packages/airflow/example_dags/example_branch_operator.py
[2025-01-28T06:29:48.557+0000] {processor.py:914} INFO - Processing file /home/ubuntu/.local/lib/python3.12/site-packages/airflow/example_dags/example_branch_operator.py for tasks to queue
[2025-01-28T06:29:48.559+0000] {logging_mixin.py:190} INFO - [2025-01-28T06:29:48.559+0000] {dagbag.py:588} INFO - Filling up the DagBag from /home/ubuntu/.local/lib/python3.12/site-packages/airflow/example_dags/example_branch_operator.py
[2025-01-28T06:29:48.562+0000] {processor.py:927} WARNING - No viable dags retrieved from /home/ubuntu/.local/lib/python3.12/site-packages/airflow/example_dags/example_branch_operator.py
[2025-01-28T06:29:48.572+0000] {processor.py:208} INFO - Processing /home/ubuntu/.local/lib/python3.12/site-packages/airflow/example_dags/example_branch_operator.py took 0.022 seconds
[2025-01-28T06:30:43.632+0000] {processor.py:186} INFO - Started process (PID=5688) to work on /home/ubuntu/.local/lib/python3.12/site-packages/airflow/example_dags/example_branch_operator.py
[2025-01-28T06:30:43.634+0000] {processor.py:914} INFO - Processing file /home/ubuntu/.local/lib/python3.12/site-packages/airflow/example_dags/example_branch_operator.py for tasks to queue
[2025-01-28T06:30:43.636+0000] {logging_mixin.py:190} INFO - [2025-01-28T06:30:43.636+0000] {dagbag.py:588} INFO - Filling up the DagBag from /home/ubuntu/.local/lib/python3.12/site-packages/airflow/example_dags/example_branch_operator.py
[2025-01-28T06:30:43.639+0000] {processor.py:927} WARNING - No viable dags retrieved from /home/ubuntu/.local/lib/python3.12/site-packages/airflow/example_dags/example_branch_operator.py
[2025-01-28T06:30:43.650+0000] {processor.py:208} INFO - Processing /home/ubuntu/.local/lib/python3.12/site-packages/airflow/example_dags/example_branch_operator.py took 0.023 seconds
[2025-01-28T06:32:03.064+0000] {processor.py:186} INFO - Started process (PID=5783) to work on /home/ubuntu/.local/lib/python3.12/site-packages/airflow/example_dags/example_branch_operator.py
[2025-01-28T06:32:03.066+0000] {processor.py:914} INFO - Processing file /home/ubuntu/.local/lib/python3.12/site-packages/airflow/example_dags/example_branch_operator.py for tasks to queue
[2025-01-28T06:32:03.068+0000] {logging_mixin.py:190} INFO - [2025-01-28T06:32:03.067+0000] {dagbag.py:588} INFO - Filling up the DagBag from /home/ubuntu/.local/lib/python3.12/site-packages/airflow/example_dags/example_branch_operator.py
[2025-01-28T06:32:03.071+0000] {processor.py:927} WARNING - No viable dags retrieved from /home/ubuntu/.local/lib/python3.12/site-packages/airflow/example_dags/example_branch_operator.py
[2025-01-28T06:32:03.081+0000] {processor.py:208} INFO - Processing /home/ubuntu/.local/lib/python3.12/site-packages/airflow/example_dags/example_branch_operator.py took 0.023 seconds
[2025-01-28T06:33:00.302+0000] {processor.py:186} INFO - Started process (PID=5842) to work on /home/ubuntu/.local/lib/python3.12/site-packages/airflow/example_dags/example_branch_operator.py
[2025-01-28T06:33:00.303+0000] {processor.py:914} INFO - Processing file /home/ubuntu/.local/lib/python3.12/site-packages/airflow/example_dags/example_branch_operator.py for tasks to queue
[2025-01-28T06:33:00.306+0000] {logging_mixin.py:190} INFO - [2025-01-28T06:33:00.305+0000] {dagbag.py:588} INFO - Filling up the DagBag from /home/ubuntu/.local/lib/python3.12/site-packages/airflow/example_dags/example_branch_operator.py
[2025-01-28T06:33:00.308+0000] {processor.py:927} WARNING - No viable dags retrieved from /home/ubuntu/.local/lib/python3.12/site-packages/airflow/example_dags/example_branch_operator.py
[2025-01-28T06:33:00.319+0000] {processor.py:208} INFO - Processing /home/ubuntu/.local/lib/python3.12/site-packages/airflow/example_dags/example_branch_operator.py took 0.022 seconds
[2025-01-28T06:34:00.560+0000] {processor.py:186} INFO - Started process (PID=5907) to work on /home/ubuntu/.local/lib/python3.12/site-packages/airflow/example_dags/example_branch_operator.py
[2025-01-28T06:34:00.563+0000] {processor.py:914} INFO - Processing file /home/ubuntu/.local/lib/python3.12/site-packages/airflow/example_dags/example_branch_operator.py for tasks to queue
[2025-01-28T06:34:00.565+0000] {logging_mixin.py:190} INFO - [2025-01-28T06:34:00.564+0000] {dagbag.py:588} INFO - Filling up the DagBag from /home/ubuntu/.local/lib/python3.12/site-packages/airflow/example_dags/example_branch_operator.py
[2025-01-28T06:34:00.568+0000] {processor.py:927} WARNING - No viable dags retrieved from /home/ubuntu/.local/lib/python3.12/site-packages/airflow/example_dags/example_branch_operator.py
[2025-01-28T06:34:00.578+0000] {processor.py:208} INFO - Processing /home/ubuntu/.local/lib/python3.12/site-packages/airflow/example_dags/example_branch_operator.py took 0.023 seconds
[2025-01-28T06:34:58.111+0000] {processor.py:186} INFO - Started process (PID=5966) to work on /home/ubuntu/.local/lib/python3.12/site-packages/airflow/example_dags/example_branch_operator.py
[2025-01-28T06:34:58.114+0000] {processor.py:914} INFO - Processing file /home/ubuntu/.local/lib/python3.12/site-packages/airflow/example_dags/example_branch_operator.py for tasks to queue
[2025-01-28T06:34:58.116+0000] {logging_mixin.py:190} INFO - [2025-01-28T06:34:58.116+0000] {dagbag.py:588} INFO - Filling up the DagBag from /home/ubuntu/.local/lib/python3.12/site-packages/airflow/example_dags/example_branch_operator.py
[2025-01-28T06:34:58.119+0000] {processor.py:927} WARNING - No viable dags retrieved from /home/ubuntu/.local/lib/python3.12/site-packages/airflow/example_dags/example_branch_operator.py
[2025-01-28T06:34:58.129+0000] {processor.py:208} INFO - Processing /home/ubuntu/.local/lib/python3.12/site-packages/airflow/example_dags/example_branch_operator.py took 0.022 seconds
[2025-01-28T06:35:53.176+0000] {processor.py:186} INFO - Started process (PID=6026) to work on /home/ubuntu/.local/lib/python3.12/site-packages/airflow/example_dags/example_branch_operator.py
[2025-01-28T06:35:53.178+0000] {processor.py:914} INFO - Processing file /home/ubuntu/.local/lib/python3.12/site-packages/airflow/example_dags/example_branch_operator.py for tasks to queue
[2025-01-28T06:35:53.180+0000] {logging_mixin.py:190} INFO - [2025-01-28T06:35:53.180+0000] {dagbag.py:588} INFO - Filling up the DagBag from /home/ubuntu/.local/lib/python3.12/site-packages/airflow/example_dags/example_branch_operator.py
[2025-01-28T06:35:53.183+0000] {processor.py:927} WARNING - No viable dags retrieved from /home/ubuntu/.local/lib/python3.12/site-packages/airflow/example_dags/example_branch_operator.py
[2025-01-28T06:35:53.193+0000] {processor.py:208} INFO - Processing /home/ubuntu/.local/lib/python3.12/site-packages/airflow/example_dags/example_branch_operator.py took 0.022 seconds
[2025-01-28T06:37:10.901+0000] {processor.py:186} INFO - Started process (PID=6106) to work on /home/ubuntu/.local/lib/python3.12/site-packages/airflow/example_dags/example_branch_operator.py
[2025-01-28T06:37:10.903+0000] {processor.py:914} INFO - Processing file /home/ubuntu/.local/lib/python3.12/site-packages/airflow/example_dags/example_branch_operator.py for tasks to queue
[2025-01-28T06:37:10.905+0000] {logging_mixin.py:190} INFO - [2025-01-28T06:37:10.905+0000] {dagbag.py:588} INFO - Filling up the DagBag from /home/ubuntu/.local/lib/python3.12/site-packages/airflow/example_dags/example_branch_operator.py
[2025-01-28T06:37:10.908+0000] {processor.py:927} WARNING - No viable dags retrieved from /home/ubuntu/.local/lib/python3.12/site-packages/airflow/example_dags/example_branch_operator.py
[2025-01-28T06:37:10.918+0000] {processor.py:208} INFO - Processing /home/ubuntu/.local/lib/python3.12/site-packages/airflow/example_dags/example_branch_operator.py took 0.022 seconds
[2025-01-28T06:38:30.089+0000] {processor.py:186} INFO - Started process (PID=6189) to work on /home/ubuntu/.local/lib/python3.12/site-packages/airflow/example_dags/example_branch_operator.py
[2025-01-28T06:38:30.091+0000] {processor.py:914} INFO - Processing file /home/ubuntu/.local/lib/python3.12/site-packages/airflow/example_dags/example_branch_operator.py for tasks to queue
[2025-01-28T06:38:30.093+0000] {logging_mixin.py:190} INFO - [2025-01-28T06:38:30.092+0000] {dagbag.py:588} INFO - Filling up the DagBag from /home/ubuntu/.local/lib/python3.12/site-packages/airflow/example_dags/example_branch_operator.py
[2025-01-28T06:38:30.096+0000] {processor.py:927} WARNING - No viable dags retrieved from /home/ubuntu/.local/lib/python3.12/site-packages/airflow/example_dags/example_branch_operator.py
[2025-01-28T06:38:30.106+0000] {processor.py:208} INFO - Processing /home/ubuntu/.local/lib/python3.12/site-packages/airflow/example_dags/example_branch_operator.py took 0.023 seconds
[2025-01-28T06:39:26.417+0000] {processor.py:186} INFO - Started process (PID=6246) to work on /home/ubuntu/.local/lib/python3.12/site-packages/airflow/example_dags/example_branch_operator.py
[2025-01-28T06:39:26.419+0000] {processor.py:914} INFO - Processing file /home/ubuntu/.local/lib/python3.12/site-packages/airflow/example_dags/example_branch_operator.py for tasks to queue
[2025-01-28T06:39:26.422+0000] {logging_mixin.py:190} INFO - [2025-01-28T06:39:26.421+0000] {dagbag.py:588} INFO - Filling up the DagBag from /home/ubuntu/.local/lib/python3.12/site-packages/airflow/example_dags/example_branch_operator.py
[2025-01-28T06:39:26.424+0000] {processor.py:927} WARNING - No viable dags retrieved from /home/ubuntu/.local/lib/python3.12/site-packages/airflow/example_dags/example_branch_operator.py
[2025-01-28T06:39:26.435+0000] {processor.py:208} INFO - Processing /home/ubuntu/.local/lib/python3.12/site-packages/airflow/example_dags/example_branch_operator.py took 0.023 seconds
[2025-01-28T06:40:23.507+0000] {processor.py:186} INFO - Started process (PID=6308) to work on /home/ubuntu/.local/lib/python3.12/site-packages/airflow/example_dags/example_branch_operator.py
[2025-01-28T06:40:23.509+0000] {processor.py:914} INFO - Processing file /home/ubuntu/.local/lib/python3.12/site-packages/airflow/example_dags/example_branch_operator.py for tasks to queue
[2025-01-28T06:40:23.511+0000] {logging_mixin.py:190} INFO - [2025-01-28T06:40:23.510+0000] {dagbag.py:588} INFO - Filling up the DagBag from /home/ubuntu/.local/lib/python3.12/site-packages/airflow/example_dags/example_branch_operator.py
[2025-01-28T06:40:23.514+0000] {processor.py:927} WARNING - No viable dags retrieved from /home/ubuntu/.local/lib/python3.12/site-packages/airflow/example_dags/example_branch_operator.py
[2025-01-28T06:40:23.523+0000] {processor.py:208} INFO - Processing /home/ubuntu/.local/lib/python3.12/site-packages/airflow/example_dags/example_branch_operator.py took 0.022 seconds
[2025-01-28T06:41:51.812+0000] {processor.py:186} INFO - Started process (PID=6529) to work on /home/ubuntu/.local/lib/python3.12/site-packages/airflow/example_dags/example_branch_operator.py
[2025-01-28T06:41:51.814+0000] {processor.py:914} INFO - Processing file /home/ubuntu/.local/lib/python3.12/site-packages/airflow/example_dags/example_branch_operator.py for tasks to queue
[2025-01-28T06:41:51.816+0000] {logging_mixin.py:190} INFO - [2025-01-28T06:41:51.815+0000] {dagbag.py:588} INFO - Filling up the DagBag from /home/ubuntu/.local/lib/python3.12/site-packages/airflow/example_dags/example_branch_operator.py
[2025-01-28T06:41:51.818+0000] {processor.py:927} WARNING - No viable dags retrieved from /home/ubuntu/.local/lib/python3.12/site-packages/airflow/example_dags/example_branch_operator.py
[2025-01-28T06:41:51.828+0000] {processor.py:208} INFO - Processing /home/ubuntu/.local/lib/python3.12/site-packages/airflow/example_dags/example_branch_operator.py took 0.022 seconds
[2025-01-28T06:42:50.133+0000] {processor.py:186} INFO - Started process (PID=6587) to work on /home/ubuntu/.local/lib/python3.12/site-packages/airflow/example_dags/example_branch_operator.py
[2025-01-28T06:42:50.135+0000] {processor.py:914} INFO - Processing file /home/ubuntu/.local/lib/python3.12/site-packages/airflow/example_dags/example_branch_operator.py for tasks to queue
[2025-01-28T06:42:50.136+0000] {logging_mixin.py:190} INFO - [2025-01-28T06:42:50.136+0000] {dagbag.py:588} INFO - Filling up the DagBag from /home/ubuntu/.local/lib/python3.12/site-packages/airflow/example_dags/example_branch_operator.py
[2025-01-28T06:42:50.141+0000] {processor.py:927} WARNING - No viable dags retrieved from /home/ubuntu/.local/lib/python3.12/site-packages/airflow/example_dags/example_branch_operator.py
[2025-01-28T06:42:50.150+0000] {processor.py:208} INFO - Processing /home/ubuntu/.local/lib/python3.12/site-packages/airflow/example_dags/example_branch_operator.py took 0.022 seconds
[2025-01-28T06:43:50.363+0000] {processor.py:186} INFO - Started process (PID=6644) to work on /home/ubuntu/.local/lib/python3.12/site-packages/airflow/example_dags/example_branch_operator.py
[2025-01-28T06:43:50.366+0000] {processor.py:914} INFO - Processing file /home/ubuntu/.local/lib/python3.12/site-packages/airflow/example_dags/example_branch_operator.py for tasks to queue
[2025-01-28T06:43:50.368+0000] {logging_mixin.py:190} INFO - [2025-01-28T06:43:50.368+0000] {dagbag.py:588} INFO - Filling up the DagBag from /home/ubuntu/.local/lib/python3.12/site-packages/airflow/example_dags/example_branch_operator.py
[2025-01-28T06:43:50.372+0000] {processor.py:927} WARNING - No viable dags retrieved from /home/ubuntu/.local/lib/python3.12/site-packages/airflow/example_dags/example_branch_operator.py
[2025-01-28T06:43:50.382+0000] {processor.py:208} INFO - Processing /home/ubuntu/.local/lib/python3.12/site-packages/airflow/example_dags/example_branch_operator.py took 0.022 seconds
[2025-01-28T06:44:58.997+0000] {processor.py:186} INFO - Started process (PID=6708) to work on /home/ubuntu/.local/lib/python3.12/site-packages/airflow/example_dags/example_branch_operator.py
[2025-01-28T06:44:58.998+0000] {processor.py:914} INFO - Processing file /home/ubuntu/.local/lib/python3.12/site-packages/airflow/example_dags/example_branch_operator.py for tasks to queue
[2025-01-28T06:44:59.000+0000] {logging_mixin.py:190} INFO - [2025-01-28T06:44:59.000+0000] {dagbag.py:588} INFO - Filling up the DagBag from /home/ubuntu/.local/lib/python3.12/site-packages/airflow/example_dags/example_branch_operator.py
[2025-01-28T06:44:59.003+0000] {processor.py:927} WARNING - No viable dags retrieved from /home/ubuntu/.local/lib/python3.12/site-packages/airflow/example_dags/example_branch_operator.py
[2025-01-28T06:44:59.013+0000] {processor.py:208} INFO - Processing /home/ubuntu/.local/lib/python3.12/site-packages/airflow/example_dags/example_branch_operator.py took 0.021 seconds
[2025-01-28T06:45:54.762+0000] {processor.py:186} INFO - Started process (PID=6873) to work on /home/ubuntu/.local/lib/python3.12/site-packages/airflow/example_dags/example_branch_operator.py
[2025-01-28T06:45:54.764+0000] {processor.py:914} INFO - Processing file /home/ubuntu/.local/lib/python3.12/site-packages/airflow/example_dags/example_branch_operator.py for tasks to queue
[2025-01-28T06:45:54.766+0000] {logging_mixin.py:190} INFO - [2025-01-28T06:45:54.765+0000] {dagbag.py:588} INFO - Filling up the DagBag from /home/ubuntu/.local/lib/python3.12/site-packages/airflow/example_dags/example_branch_operator.py
[2025-01-28T06:45:54.768+0000] {processor.py:927} WARNING - No viable dags retrieved from /home/ubuntu/.local/lib/python3.12/site-packages/airflow/example_dags/example_branch_operator.py
[2025-01-28T06:45:54.779+0000] {processor.py:208} INFO - Processing /home/ubuntu/.local/lib/python3.12/site-packages/airflow/example_dags/example_branch_operator.py took 0.022 seconds
[2025-01-28T06:46:47.831+0000] {processor.py:186} INFO - Started process (PID=7038) to work on /home/ubuntu/.local/lib/python3.12/site-packages/airflow/example_dags/example_branch_operator.py
[2025-01-28T06:46:47.833+0000] {processor.py:914} INFO - Processing file /home/ubuntu/.local/lib/python3.12/site-packages/airflow/example_dags/example_branch_operator.py for tasks to queue
[2025-01-28T06:46:47.836+0000] {logging_mixin.py:190} INFO - [2025-01-28T06:46:47.835+0000] {dagbag.py:588} INFO - Filling up the DagBag from /home/ubuntu/.local/lib/python3.12/site-packages/airflow/example_dags/example_branch_operator.py
[2025-01-28T06:46:47.839+0000] {processor.py:927} WARNING - No viable dags retrieved from /home/ubuntu/.local/lib/python3.12/site-packages/airflow/example_dags/example_branch_operator.py
[2025-01-28T06:46:47.849+0000] {processor.py:208} INFO - Processing /home/ubuntu/.local/lib/python3.12/site-packages/airflow/example_dags/example_branch_operator.py took 0.024 seconds
