[2025-01-28T03:39:19.984+0000] {processor.py:186} INFO - Started process (PID=9618) to work on /home/ubuntu/airflow-venv/lib/python3.12/site-packages/airflow/example_dags/tutorial_taskflow_api_virtualenv.py
[2025-01-28T03:39:19.986+0000] {processor.py:914} INFO - Processing file /home/ubuntu/airflow-venv/lib/python3.12/site-packages/airflow/example_dags/tutorial_taskflow_api_virtualenv.py for tasks to queue
[2025-01-28T03:39:19.992+0000] {logging_mixin.py:190} INFO - [2025-01-28T03:39:19.990+0000] {dagbag.py:588} INFO - Filling up the DagBag from /home/ubuntu/airflow-venv/lib/python3.12/site-packages/airflow/example_dags/tutorial_taskflow_api_virtualenv.py
[2025-01-28T03:39:19.998+0000] {logging_mixin.py:190} INFO - [2025-01-28T03:39:19.998+0000] {tutorial_taskflow_api_virtualenv.py:29} WARNING - The tutorial_taskflow_api_virtualenv example DAG requires virtualenv, please install it.
[2025-01-28T03:39:19.998+0000] {processor.py:927} WARNING - No viable dags retrieved from /home/ubuntu/airflow-venv/lib/python3.12/site-packages/airflow/example_dags/tutorial_taskflow_api_virtualenv.py
[2025-01-28T03:39:20.018+0000] {processor.py:208} INFO - Processing /home/ubuntu/airflow-venv/lib/python3.12/site-packages/airflow/example_dags/tutorial_taskflow_api_virtualenv.py took 0.047 seconds
[2025-01-28T03:40:28.949+0000] {processor.py:186} INFO - Started process (PID=9683) to work on /home/ubuntu/airflow-venv/lib/python3.12/site-packages/airflow/example_dags/tutorial_taskflow_api_virtualenv.py
[2025-01-28T03:40:29.001+0000] {processor.py:914} INFO - Processing file /home/ubuntu/airflow-venv/lib/python3.12/site-packages/airflow/example_dags/tutorial_taskflow_api_virtualenv.py for tasks to queue
[2025-01-28T03:40:29.002+0000] {logging_mixin.py:190} INFO - [2025-01-28T03:40:29.002+0000] {dagbag.py:588} INFO - Filling up the DagBag from /home/ubuntu/airflow-venv/lib/python3.12/site-packages/airflow/example_dags/tutorial_taskflow_api_virtualenv.py
[2025-01-28T03:40:29.005+0000] {logging_mixin.py:190} INFO - [2025-01-28T03:40:29.005+0000] {tutorial_taskflow_api_virtualenv.py:29} WARNING - The tutorial_taskflow_api_virtualenv example DAG requires virtualenv, please install it.
[2025-01-28T03:40:29.006+0000] {processor.py:927} WARNING - No viable dags retrieved from /home/ubuntu/airflow-venv/lib/python3.12/site-packages/airflow/example_dags/tutorial_taskflow_api_virtualenv.py
[2025-01-28T03:40:29.016+0000] {processor.py:208} INFO - Processing /home/ubuntu/airflow-venv/lib/python3.12/site-packages/airflow/example_dags/tutorial_taskflow_api_virtualenv.py took 0.073 seconds
[2025-01-28T03:41:24.676+0000] {processor.py:186} INFO - Started process (PID=9740) to work on /home/ubuntu/airflow-venv/lib/python3.12/site-packages/airflow/example_dags/tutorial_taskflow_api_virtualenv.py
[2025-01-28T03:41:24.677+0000] {processor.py:914} INFO - Processing file /home/ubuntu/airflow-venv/lib/python3.12/site-packages/airflow/example_dags/tutorial_taskflow_api_virtualenv.py for tasks to queue
[2025-01-28T03:41:24.679+0000] {logging_mixin.py:190} INFO - [2025-01-28T03:41:24.679+0000] {dagbag.py:588} INFO - Filling up the DagBag from /home/ubuntu/airflow-venv/lib/python3.12/site-packages/airflow/example_dags/tutorial_taskflow_api_virtualenv.py
[2025-01-28T03:41:24.682+0000] {logging_mixin.py:190} INFO - [2025-01-28T03:41:24.682+0000] {tutorial_taskflow_api_virtualenv.py:29} WARNING - The tutorial_taskflow_api_virtualenv example DAG requires virtualenv, please install it.
[2025-01-28T03:41:24.682+0000] {processor.py:927} WARNING - No viable dags retrieved from /home/ubuntu/airflow-venv/lib/python3.12/site-packages/airflow/example_dags/tutorial_taskflow_api_virtualenv.py
[2025-01-28T03:41:24.693+0000] {processor.py:208} INFO - Processing /home/ubuntu/airflow-venv/lib/python3.12/site-packages/airflow/example_dags/tutorial_taskflow_api_virtualenv.py took 0.022 seconds
[2025-01-28T03:43:08.049+0000] {processor.py:186} INFO - Started process (PID=9784) to work on /home/ubuntu/airflow-venv/lib/python3.12/site-packages/airflow/example_dags/tutorial_taskflow_api_virtualenv.py
[2025-01-28T03:43:08.051+0000] {processor.py:914} INFO - Processing file /home/ubuntu/airflow-venv/lib/python3.12/site-packages/airflow/example_dags/tutorial_taskflow_api_virtualenv.py for tasks to queue
[2025-01-28T03:43:08.053+0000] {logging_mixin.py:190} INFO - [2025-01-28T03:43:08.052+0000] {dagbag.py:588} INFO - Filling up the DagBag from /home/ubuntu/airflow-venv/lib/python3.12/site-packages/airflow/example_dags/tutorial_taskflow_api_virtualenv.py
[2025-01-28T03:43:08.056+0000] {logging_mixin.py:190} INFO - [2025-01-28T03:43:08.055+0000] {tutorial_taskflow_api_virtualenv.py:29} WARNING - The tutorial_taskflow_api_virtualenv example DAG requires virtualenv, please install it.
[2025-01-28T03:43:08.056+0000] {processor.py:927} WARNING - No viable dags retrieved from /home/ubuntu/airflow-venv/lib/python3.12/site-packages/airflow/example_dags/tutorial_taskflow_api_virtualenv.py
[2025-01-28T03:43:08.066+0000] {processor.py:208} INFO - Processing /home/ubuntu/airflow-venv/lib/python3.12/site-packages/airflow/example_dags/tutorial_taskflow_api_virtualenv.py took 0.022 seconds
[2025-01-28T03:44:03.231+0000] {processor.py:186} INFO - Started process (PID=9842) to work on /home/ubuntu/airflow-venv/lib/python3.12/site-packages/airflow/example_dags/tutorial_taskflow_api_virtualenv.py
[2025-01-28T03:44:03.277+0000] {processor.py:914} INFO - Processing file /home/ubuntu/airflow-venv/lib/python3.12/site-packages/airflow/example_dags/tutorial_taskflow_api_virtualenv.py for tasks to queue
[2025-01-28T03:44:03.280+0000] {logging_mixin.py:190} INFO - [2025-01-28T03:44:03.280+0000] {dagbag.py:588} INFO - Filling up the DagBag from /home/ubuntu/airflow-venv/lib/python3.12/site-packages/airflow/example_dags/tutorial_taskflow_api_virtualenv.py
[2025-01-28T03:44:03.282+0000] {logging_mixin.py:190} INFO - [2025-01-28T03:44:03.282+0000] {tutorial_taskflow_api_virtualenv.py:29} WARNING - The tutorial_taskflow_api_virtualenv example DAG requires virtualenv, please install it.
[2025-01-28T03:44:03.283+0000] {processor.py:927} WARNING - No viable dags retrieved from /home/ubuntu/airflow-venv/lib/python3.12/site-packages/airflow/example_dags/tutorial_taskflow_api_virtualenv.py
[2025-01-28T03:44:03.294+0000] {processor.py:208} INFO - Processing /home/ubuntu/airflow-venv/lib/python3.12/site-packages/airflow/example_dags/tutorial_taskflow_api_virtualenv.py took 0.069 seconds
[2025-01-28T03:44:54.841+0000] {processor.py:186} INFO - Started process (PID=9897) to work on /home/ubuntu/airflow-venv/lib/python3.12/site-packages/airflow/example_dags/tutorial_taskflow_api_virtualenv.py
[2025-01-28T03:44:54.843+0000] {processor.py:914} INFO - Processing file /home/ubuntu/airflow-venv/lib/python3.12/site-packages/airflow/example_dags/tutorial_taskflow_api_virtualenv.py for tasks to queue
[2025-01-28T03:44:54.845+0000] {logging_mixin.py:190} INFO - [2025-01-28T03:44:54.845+0000] {dagbag.py:588} INFO - Filling up the DagBag from /home/ubuntu/airflow-venv/lib/python3.12/site-packages/airflow/example_dags/tutorial_taskflow_api_virtualenv.py
[2025-01-28T03:44:54.848+0000] {logging_mixin.py:190} INFO - [2025-01-28T03:44:54.848+0000] {tutorial_taskflow_api_virtualenv.py:29} WARNING - The tutorial_taskflow_api_virtualenv example DAG requires virtualenv, please install it.
[2025-01-28T03:44:54.848+0000] {processor.py:927} WARNING - No viable dags retrieved from /home/ubuntu/airflow-venv/lib/python3.12/site-packages/airflow/example_dags/tutorial_taskflow_api_virtualenv.py
[2025-01-28T03:44:54.858+0000] {processor.py:208} INFO - Processing /home/ubuntu/airflow-venv/lib/python3.12/site-packages/airflow/example_dags/tutorial_taskflow_api_virtualenv.py took 0.022 seconds
[2025-01-28T03:45:46.616+0000] {processor.py:186} INFO - Started process (PID=9953) to work on /home/ubuntu/airflow-venv/lib/python3.12/site-packages/airflow/example_dags/tutorial_taskflow_api_virtualenv.py
[2025-01-28T03:45:46.617+0000] {processor.py:914} INFO - Processing file /home/ubuntu/airflow-venv/lib/python3.12/site-packages/airflow/example_dags/tutorial_taskflow_api_virtualenv.py for tasks to queue
[2025-01-28T03:45:46.619+0000] {logging_mixin.py:190} INFO - [2025-01-28T03:45:46.619+0000] {dagbag.py:588} INFO - Filling up the DagBag from /home/ubuntu/airflow-venv/lib/python3.12/site-packages/airflow/example_dags/tutorial_taskflow_api_virtualenv.py
[2025-01-28T03:45:46.622+0000] {logging_mixin.py:190} INFO - [2025-01-28T03:45:46.621+0000] {tutorial_taskflow_api_virtualenv.py:29} WARNING - The tutorial_taskflow_api_virtualenv example DAG requires virtualenv, please install it.
[2025-01-28T03:45:46.622+0000] {processor.py:927} WARNING - No viable dags retrieved from /home/ubuntu/airflow-venv/lib/python3.12/site-packages/airflow/example_dags/tutorial_taskflow_api_virtualenv.py
[2025-01-28T03:45:46.632+0000] {processor.py:208} INFO - Processing /home/ubuntu/airflow-venv/lib/python3.12/site-packages/airflow/example_dags/tutorial_taskflow_api_virtualenv.py took 0.021 seconds
[2025-01-28T03:46:39.612+0000] {processor.py:186} INFO - Started process (PID=10007) to work on /home/ubuntu/airflow-venv/lib/python3.12/site-packages/airflow/example_dags/tutorial_taskflow_api_virtualenv.py
[2025-01-28T03:46:39.614+0000] {processor.py:914} INFO - Processing file /home/ubuntu/airflow-venv/lib/python3.12/site-packages/airflow/example_dags/tutorial_taskflow_api_virtualenv.py for tasks to queue
[2025-01-28T03:46:39.616+0000] {logging_mixin.py:190} INFO - [2025-01-28T03:46:39.615+0000] {dagbag.py:588} INFO - Filling up the DagBag from /home/ubuntu/airflow-venv/lib/python3.12/site-packages/airflow/example_dags/tutorial_taskflow_api_virtualenv.py
[2025-01-28T03:46:39.618+0000] {logging_mixin.py:190} INFO - [2025-01-28T03:46:39.618+0000] {tutorial_taskflow_api_virtualenv.py:29} WARNING - The tutorial_taskflow_api_virtualenv example DAG requires virtualenv, please install it.
[2025-01-28T03:46:39.618+0000] {processor.py:927} WARNING - No viable dags retrieved from /home/ubuntu/airflow-venv/lib/python3.12/site-packages/airflow/example_dags/tutorial_taskflow_api_virtualenv.py
[2025-01-28T03:46:39.628+0000] {processor.py:208} INFO - Processing /home/ubuntu/airflow-venv/lib/python3.12/site-packages/airflow/example_dags/tutorial_taskflow_api_virtualenv.py took 0.021 seconds
[2025-01-28T03:47:32.544+0000] {processor.py:186} INFO - Started process (PID=10062) to work on /home/ubuntu/airflow-venv/lib/python3.12/site-packages/airflow/example_dags/tutorial_taskflow_api_virtualenv.py
[2025-01-28T03:47:32.545+0000] {processor.py:914} INFO - Processing file /home/ubuntu/airflow-venv/lib/python3.12/site-packages/airflow/example_dags/tutorial_taskflow_api_virtualenv.py for tasks to queue
[2025-01-28T03:47:32.547+0000] {logging_mixin.py:190} INFO - [2025-01-28T03:47:32.547+0000] {dagbag.py:588} INFO - Filling up the DagBag from /home/ubuntu/airflow-venv/lib/python3.12/site-packages/airflow/example_dags/tutorial_taskflow_api_virtualenv.py
[2025-01-28T03:47:32.549+0000] {logging_mixin.py:190} INFO - [2025-01-28T03:47:32.549+0000] {tutorial_taskflow_api_virtualenv.py:29} WARNING - The tutorial_taskflow_api_virtualenv example DAG requires virtualenv, please install it.
[2025-01-28T03:47:32.549+0000] {processor.py:927} WARNING - No viable dags retrieved from /home/ubuntu/airflow-venv/lib/python3.12/site-packages/airflow/example_dags/tutorial_taskflow_api_virtualenv.py
[2025-01-28T03:47:32.560+0000] {processor.py:208} INFO - Processing /home/ubuntu/airflow-venv/lib/python3.12/site-packages/airflow/example_dags/tutorial_taskflow_api_virtualenv.py took 0.022 seconds
[2025-01-28T03:48:22.071+0000] {processor.py:186} INFO - Started process (PID=10114) to work on /home/ubuntu/airflow-venv/lib/python3.12/site-packages/airflow/example_dags/tutorial_taskflow_api_virtualenv.py
[2025-01-28T03:48:22.073+0000] {processor.py:914} INFO - Processing file /home/ubuntu/airflow-venv/lib/python3.12/site-packages/airflow/example_dags/tutorial_taskflow_api_virtualenv.py for tasks to queue
[2025-01-28T03:48:22.075+0000] {logging_mixin.py:190} INFO - [2025-01-28T03:48:22.075+0000] {dagbag.py:588} INFO - Filling up the DagBag from /home/ubuntu/airflow-venv/lib/python3.12/site-packages/airflow/example_dags/tutorial_taskflow_api_virtualenv.py
[2025-01-28T03:48:22.077+0000] {logging_mixin.py:190} INFO - [2025-01-28T03:48:22.077+0000] {tutorial_taskflow_api_virtualenv.py:29} WARNING - The tutorial_taskflow_api_virtualenv example DAG requires virtualenv, please install it.
[2025-01-28T03:48:22.078+0000] {processor.py:927} WARNING - No viable dags retrieved from /home/ubuntu/airflow-venv/lib/python3.12/site-packages/airflow/example_dags/tutorial_taskflow_api_virtualenv.py
[2025-01-28T03:48:22.088+0000] {processor.py:208} INFO - Processing /home/ubuntu/airflow-venv/lib/python3.12/site-packages/airflow/example_dags/tutorial_taskflow_api_virtualenv.py took 0.022 seconds
[2025-01-28T03:49:08.892+0000] {processor.py:186} INFO - Started process (PID=10165) to work on /home/ubuntu/airflow-venv/lib/python3.12/site-packages/airflow/example_dags/tutorial_taskflow_api_virtualenv.py
[2025-01-28T03:49:08.894+0000] {processor.py:914} INFO - Processing file /home/ubuntu/airflow-venv/lib/python3.12/site-packages/airflow/example_dags/tutorial_taskflow_api_virtualenv.py for tasks to queue
[2025-01-28T03:49:08.896+0000] {logging_mixin.py:190} INFO - [2025-01-28T03:49:08.896+0000] {dagbag.py:588} INFO - Filling up the DagBag from /home/ubuntu/airflow-venv/lib/python3.12/site-packages/airflow/example_dags/tutorial_taskflow_api_virtualenv.py
[2025-01-28T03:49:08.898+0000] {logging_mixin.py:190} INFO - [2025-01-28T03:49:08.898+0000] {tutorial_taskflow_api_virtualenv.py:29} WARNING - The tutorial_taskflow_api_virtualenv example DAG requires virtualenv, please install it.
[2025-01-28T03:49:08.898+0000] {processor.py:927} WARNING - No viable dags retrieved from /home/ubuntu/airflow-venv/lib/python3.12/site-packages/airflow/example_dags/tutorial_taskflow_api_virtualenv.py
[2025-01-28T03:49:08.909+0000] {processor.py:208} INFO - Processing /home/ubuntu/airflow-venv/lib/python3.12/site-packages/airflow/example_dags/tutorial_taskflow_api_virtualenv.py took 0.022 seconds
[2025-01-28T05:55:12.155+0000] {processor.py:186} INFO - Started process (PID=1904) to work on /home/ubuntu/.local/lib/python3.12/site-packages/airflow/example_dags/tutorial_taskflow_api_virtualenv.py
[2025-01-28T05:55:12.157+0000] {processor.py:914} INFO - Processing file /home/ubuntu/.local/lib/python3.12/site-packages/airflow/example_dags/tutorial_taskflow_api_virtualenv.py for tasks to queue
[2025-01-28T05:55:12.159+0000] {logging_mixin.py:190} INFO - [2025-01-28T05:55:12.159+0000] {dagbag.py:588} INFO - Filling up the DagBag from /home/ubuntu/.local/lib/python3.12/site-packages/airflow/example_dags/tutorial_taskflow_api_virtualenv.py
[2025-01-28T05:55:12.161+0000] {logging_mixin.py:190} INFO - [2025-01-28T05:55:12.161+0000] {tutorial_taskflow_api_virtualenv.py:29} WARNING - The tutorial_taskflow_api_virtualenv example DAG requires virtualenv, please install it.
[2025-01-28T05:55:12.162+0000] {processor.py:927} WARNING - No viable dags retrieved from /home/ubuntu/.local/lib/python3.12/site-packages/airflow/example_dags/tutorial_taskflow_api_virtualenv.py
[2025-01-28T05:55:12.172+0000] {processor.py:208} INFO - Processing /home/ubuntu/.local/lib/python3.12/site-packages/airflow/example_dags/tutorial_taskflow_api_virtualenv.py took 0.021 seconds
[2025-01-28T05:56:11.659+0000] {processor.py:186} INFO - Started process (PID=1963) to work on /home/ubuntu/.local/lib/python3.12/site-packages/airflow/example_dags/tutorial_taskflow_api_virtualenv.py
[2025-01-28T05:56:11.661+0000] {processor.py:914} INFO - Processing file /home/ubuntu/.local/lib/python3.12/site-packages/airflow/example_dags/tutorial_taskflow_api_virtualenv.py for tasks to queue
[2025-01-28T05:56:11.663+0000] {logging_mixin.py:190} INFO - [2025-01-28T05:56:11.663+0000] {dagbag.py:588} INFO - Filling up the DagBag from /home/ubuntu/.local/lib/python3.12/site-packages/airflow/example_dags/tutorial_taskflow_api_virtualenv.py
[2025-01-28T05:56:11.667+0000] {logging_mixin.py:190} INFO - [2025-01-28T05:56:11.666+0000] {tutorial_taskflow_api_virtualenv.py:29} WARNING - The tutorial_taskflow_api_virtualenv example DAG requires virtualenv, please install it.
[2025-01-28T05:56:11.667+0000] {processor.py:927} WARNING - No viable dags retrieved from /home/ubuntu/.local/lib/python3.12/site-packages/airflow/example_dags/tutorial_taskflow_api_virtualenv.py
[2025-01-28T05:56:11.677+0000] {processor.py:208} INFO - Processing /home/ubuntu/.local/lib/python3.12/site-packages/airflow/example_dags/tutorial_taskflow_api_virtualenv.py took 0.024 seconds
[2025-01-28T05:57:08.214+0000] {processor.py:186} INFO - Started process (PID=2039) to work on /home/ubuntu/.local/lib/python3.12/site-packages/airflow/example_dags/tutorial_taskflow_api_virtualenv.py
[2025-01-28T05:57:08.216+0000] {processor.py:914} INFO - Processing file /home/ubuntu/.local/lib/python3.12/site-packages/airflow/example_dags/tutorial_taskflow_api_virtualenv.py for tasks to queue
[2025-01-28T05:57:08.218+0000] {logging_mixin.py:190} INFO - [2025-01-28T05:57:08.218+0000] {dagbag.py:588} INFO - Filling up the DagBag from /home/ubuntu/.local/lib/python3.12/site-packages/airflow/example_dags/tutorial_taskflow_api_virtualenv.py
[2025-01-28T05:57:08.221+0000] {logging_mixin.py:190} INFO - [2025-01-28T05:57:08.221+0000] {tutorial_taskflow_api_virtualenv.py:29} WARNING - The tutorial_taskflow_api_virtualenv example DAG requires virtualenv, please install it.
[2025-01-28T05:57:08.221+0000] {processor.py:927} WARNING - No viable dags retrieved from /home/ubuntu/.local/lib/python3.12/site-packages/airflow/example_dags/tutorial_taskflow_api_virtualenv.py
[2025-01-28T05:57:08.232+0000] {processor.py:208} INFO - Processing /home/ubuntu/.local/lib/python3.12/site-packages/airflow/example_dags/tutorial_taskflow_api_virtualenv.py took 0.023 seconds
[2025-01-28T05:58:02.513+0000] {processor.py:186} INFO - Started process (PID=2110) to work on /home/ubuntu/.local/lib/python3.12/site-packages/airflow/example_dags/tutorial_taskflow_api_virtualenv.py
[2025-01-28T05:58:02.514+0000] {processor.py:914} INFO - Processing file /home/ubuntu/.local/lib/python3.12/site-packages/airflow/example_dags/tutorial_taskflow_api_virtualenv.py for tasks to queue
[2025-01-28T05:58:02.517+0000] {logging_mixin.py:190} INFO - [2025-01-28T05:58:02.517+0000] {dagbag.py:588} INFO - Filling up the DagBag from /home/ubuntu/.local/lib/python3.12/site-packages/airflow/example_dags/tutorial_taskflow_api_virtualenv.py
[2025-01-28T05:58:02.520+0000] {logging_mixin.py:190} INFO - [2025-01-28T05:58:02.520+0000] {tutorial_taskflow_api_virtualenv.py:29} WARNING - The tutorial_taskflow_api_virtualenv example DAG requires virtualenv, please install it.
[2025-01-28T05:58:02.520+0000] {processor.py:927} WARNING - No viable dags retrieved from /home/ubuntu/.local/lib/python3.12/site-packages/airflow/example_dags/tutorial_taskflow_api_virtualenv.py
[2025-01-28T05:58:02.531+0000] {processor.py:208} INFO - Processing /home/ubuntu/.local/lib/python3.12/site-packages/airflow/example_dags/tutorial_taskflow_api_virtualenv.py took 0.022 seconds
[2025-01-28T05:58:57.914+0000] {processor.py:186} INFO - Started process (PID=2167) to work on /home/ubuntu/.local/lib/python3.12/site-packages/airflow/example_dags/tutorial_taskflow_api_virtualenv.py
[2025-01-28T05:58:57.915+0000] {processor.py:914} INFO - Processing file /home/ubuntu/.local/lib/python3.12/site-packages/airflow/example_dags/tutorial_taskflow_api_virtualenv.py for tasks to queue
[2025-01-28T05:58:57.918+0000] {logging_mixin.py:190} INFO - [2025-01-28T05:58:57.918+0000] {dagbag.py:588} INFO - Filling up the DagBag from /home/ubuntu/.local/lib/python3.12/site-packages/airflow/example_dags/tutorial_taskflow_api_virtualenv.py
[2025-01-28T05:58:57.921+0000] {logging_mixin.py:190} INFO - [2025-01-28T05:58:57.921+0000] {tutorial_taskflow_api_virtualenv.py:29} WARNING - The tutorial_taskflow_api_virtualenv example DAG requires virtualenv, please install it.
[2025-01-28T05:58:57.921+0000] {processor.py:927} WARNING - No viable dags retrieved from /home/ubuntu/.local/lib/python3.12/site-packages/airflow/example_dags/tutorial_taskflow_api_virtualenv.py
[2025-01-28T05:58:57.931+0000] {processor.py:208} INFO - Processing /home/ubuntu/.local/lib/python3.12/site-packages/airflow/example_dags/tutorial_taskflow_api_virtualenv.py took 0.024 seconds
[2025-01-28T05:59:54.478+0000] {processor.py:186} INFO - Started process (PID=2224) to work on /home/ubuntu/.local/lib/python3.12/site-packages/airflow/example_dags/tutorial_taskflow_api_virtualenv.py
[2025-01-28T05:59:54.479+0000] {processor.py:914} INFO - Processing file /home/ubuntu/.local/lib/python3.12/site-packages/airflow/example_dags/tutorial_taskflow_api_virtualenv.py for tasks to queue
[2025-01-28T05:59:54.481+0000] {logging_mixin.py:190} INFO - [2025-01-28T05:59:54.481+0000] {dagbag.py:588} INFO - Filling up the DagBag from /home/ubuntu/.local/lib/python3.12/site-packages/airflow/example_dags/tutorial_taskflow_api_virtualenv.py
[2025-01-28T05:59:54.483+0000] {logging_mixin.py:190} INFO - [2025-01-28T05:59:54.483+0000] {tutorial_taskflow_api_virtualenv.py:29} WARNING - The tutorial_taskflow_api_virtualenv example DAG requires virtualenv, please install it.
[2025-01-28T05:59:54.484+0000] {processor.py:927} WARNING - No viable dags retrieved from /home/ubuntu/.local/lib/python3.12/site-packages/airflow/example_dags/tutorial_taskflow_api_virtualenv.py
[2025-01-28T05:59:54.494+0000] {processor.py:208} INFO - Processing /home/ubuntu/.local/lib/python3.12/site-packages/airflow/example_dags/tutorial_taskflow_api_virtualenv.py took 0.021 seconds
[2025-01-28T06:00:47.230+0000] {processor.py:186} INFO - Started process (PID=2281) to work on /home/ubuntu/.local/lib/python3.12/site-packages/airflow/example_dags/tutorial_taskflow_api_virtualenv.py
[2025-01-28T06:00:47.232+0000] {processor.py:914} INFO - Processing file /home/ubuntu/.local/lib/python3.12/site-packages/airflow/example_dags/tutorial_taskflow_api_virtualenv.py for tasks to queue
[2025-01-28T06:00:47.235+0000] {logging_mixin.py:190} INFO - [2025-01-28T06:00:47.234+0000] {dagbag.py:588} INFO - Filling up the DagBag from /home/ubuntu/.local/lib/python3.12/site-packages/airflow/example_dags/tutorial_taskflow_api_virtualenv.py
[2025-01-28T06:00:47.237+0000] {logging_mixin.py:190} INFO - [2025-01-28T06:00:47.237+0000] {tutorial_taskflow_api_virtualenv.py:29} WARNING - The tutorial_taskflow_api_virtualenv example DAG requires virtualenv, please install it.
[2025-01-28T06:00:47.239+0000] {processor.py:927} WARNING - No viable dags retrieved from /home/ubuntu/.local/lib/python3.12/site-packages/airflow/example_dags/tutorial_taskflow_api_virtualenv.py
[2025-01-28T06:00:47.249+0000] {processor.py:208} INFO - Processing /home/ubuntu/.local/lib/python3.12/site-packages/airflow/example_dags/tutorial_taskflow_api_virtualenv.py took 0.025 seconds
[2025-01-28T06:01:40.768+0000] {processor.py:186} INFO - Started process (PID=2339) to work on /home/ubuntu/.local/lib/python3.12/site-packages/airflow/example_dags/tutorial_taskflow_api_virtualenv.py
[2025-01-28T06:01:40.770+0000] {processor.py:914} INFO - Processing file /home/ubuntu/.local/lib/python3.12/site-packages/airflow/example_dags/tutorial_taskflow_api_virtualenv.py for tasks to queue
[2025-01-28T06:01:40.772+0000] {logging_mixin.py:190} INFO - [2025-01-28T06:01:40.772+0000] {dagbag.py:588} INFO - Filling up the DagBag from /home/ubuntu/.local/lib/python3.12/site-packages/airflow/example_dags/tutorial_taskflow_api_virtualenv.py
[2025-01-28T06:01:40.775+0000] {logging_mixin.py:190} INFO - [2025-01-28T06:01:40.775+0000] {tutorial_taskflow_api_virtualenv.py:29} WARNING - The tutorial_taskflow_api_virtualenv example DAG requires virtualenv, please install it.
[2025-01-28T06:01:40.775+0000] {processor.py:927} WARNING - No viable dags retrieved from /home/ubuntu/.local/lib/python3.12/site-packages/airflow/example_dags/tutorial_taskflow_api_virtualenv.py
[2025-01-28T06:01:40.785+0000] {processor.py:208} INFO - Processing /home/ubuntu/.local/lib/python3.12/site-packages/airflow/example_dags/tutorial_taskflow_api_virtualenv.py took 0.022 seconds
[2025-01-28T06:02:31.540+0000] {processor.py:186} INFO - Started process (PID=2408) to work on /home/ubuntu/.local/lib/python3.12/site-packages/airflow/example_dags/tutorial_taskflow_api_virtualenv.py
[2025-01-28T06:02:31.541+0000] {processor.py:914} INFO - Processing file /home/ubuntu/.local/lib/python3.12/site-packages/airflow/example_dags/tutorial_taskflow_api_virtualenv.py for tasks to queue
[2025-01-28T06:02:31.543+0000] {logging_mixin.py:190} INFO - [2025-01-28T06:02:31.543+0000] {dagbag.py:588} INFO - Filling up the DagBag from /home/ubuntu/.local/lib/python3.12/site-packages/airflow/example_dags/tutorial_taskflow_api_virtualenv.py
[2025-01-28T06:02:31.545+0000] {logging_mixin.py:190} INFO - [2025-01-28T06:02:31.545+0000] {tutorial_taskflow_api_virtualenv.py:29} WARNING - The tutorial_taskflow_api_virtualenv example DAG requires virtualenv, please install it.
[2025-01-28T06:02:31.546+0000] {processor.py:927} WARNING - No viable dags retrieved from /home/ubuntu/.local/lib/python3.12/site-packages/airflow/example_dags/tutorial_taskflow_api_virtualenv.py
[2025-01-28T06:02:31.557+0000] {processor.py:208} INFO - Processing /home/ubuntu/.local/lib/python3.12/site-packages/airflow/example_dags/tutorial_taskflow_api_virtualenv.py took 0.022 seconds
[2025-01-28T06:03:25.555+0000] {processor.py:186} INFO - Started process (PID=2464) to work on /home/ubuntu/.local/lib/python3.12/site-packages/airflow/example_dags/tutorial_taskflow_api_virtualenv.py
[2025-01-28T06:03:25.556+0000] {processor.py:914} INFO - Processing file /home/ubuntu/.local/lib/python3.12/site-packages/airflow/example_dags/tutorial_taskflow_api_virtualenv.py for tasks to queue
[2025-01-28T06:03:25.558+0000] {logging_mixin.py:190} INFO - [2025-01-28T06:03:25.558+0000] {dagbag.py:588} INFO - Filling up the DagBag from /home/ubuntu/.local/lib/python3.12/site-packages/airflow/example_dags/tutorial_taskflow_api_virtualenv.py
[2025-01-28T06:03:25.560+0000] {logging_mixin.py:190} INFO - [2025-01-28T06:03:25.560+0000] {tutorial_taskflow_api_virtualenv.py:29} WARNING - The tutorial_taskflow_api_virtualenv example DAG requires virtualenv, please install it.
[2025-01-28T06:03:25.561+0000] {processor.py:927} WARNING - No viable dags retrieved from /home/ubuntu/.local/lib/python3.12/site-packages/airflow/example_dags/tutorial_taskflow_api_virtualenv.py
[2025-01-28T06:03:25.571+0000] {processor.py:208} INFO - Processing /home/ubuntu/.local/lib/python3.12/site-packages/airflow/example_dags/tutorial_taskflow_api_virtualenv.py took 0.022 seconds
[2025-01-28T06:04:30.890+0000] {processor.py:186} INFO - Started process (PID=2535) to work on /home/ubuntu/.local/lib/python3.12/site-packages/airflow/example_dags/tutorial_taskflow_api_virtualenv.py
[2025-01-28T06:04:30.891+0000] {processor.py:914} INFO - Processing file /home/ubuntu/.local/lib/python3.12/site-packages/airflow/example_dags/tutorial_taskflow_api_virtualenv.py for tasks to queue
[2025-01-28T06:04:30.893+0000] {logging_mixin.py:190} INFO - [2025-01-28T06:04:30.893+0000] {dagbag.py:588} INFO - Filling up the DagBag from /home/ubuntu/.local/lib/python3.12/site-packages/airflow/example_dags/tutorial_taskflow_api_virtualenv.py
[2025-01-28T06:04:30.895+0000] {logging_mixin.py:190} INFO - [2025-01-28T06:04:30.895+0000] {tutorial_taskflow_api_virtualenv.py:29} WARNING - The tutorial_taskflow_api_virtualenv example DAG requires virtualenv, please install it.
[2025-01-28T06:04:30.896+0000] {processor.py:927} WARNING - No viable dags retrieved from /home/ubuntu/.local/lib/python3.12/site-packages/airflow/example_dags/tutorial_taskflow_api_virtualenv.py
[2025-01-28T06:04:30.906+0000] {processor.py:208} INFO - Processing /home/ubuntu/.local/lib/python3.12/site-packages/airflow/example_dags/tutorial_taskflow_api_virtualenv.py took 0.021 seconds
[2025-01-28T06:05:27.693+0000] {processor.py:186} INFO - Started process (PID=2597) to work on /home/ubuntu/.local/lib/python3.12/site-packages/airflow/example_dags/tutorial_taskflow_api_virtualenv.py
[2025-01-28T06:05:27.695+0000] {processor.py:914} INFO - Processing file /home/ubuntu/.local/lib/python3.12/site-packages/airflow/example_dags/tutorial_taskflow_api_virtualenv.py for tasks to queue
[2025-01-28T06:05:27.697+0000] {logging_mixin.py:190} INFO - [2025-01-28T06:05:27.696+0000] {dagbag.py:588} INFO - Filling up the DagBag from /home/ubuntu/.local/lib/python3.12/site-packages/airflow/example_dags/tutorial_taskflow_api_virtualenv.py
[2025-01-28T06:05:27.700+0000] {logging_mixin.py:190} INFO - [2025-01-28T06:05:27.700+0000] {tutorial_taskflow_api_virtualenv.py:29} WARNING - The tutorial_taskflow_api_virtualenv example DAG requires virtualenv, please install it.
[2025-01-28T06:05:27.700+0000] {processor.py:927} WARNING - No viable dags retrieved from /home/ubuntu/.local/lib/python3.12/site-packages/airflow/example_dags/tutorial_taskflow_api_virtualenv.py
[2025-01-28T06:05:27.711+0000] {processor.py:208} INFO - Processing /home/ubuntu/.local/lib/python3.12/site-packages/airflow/example_dags/tutorial_taskflow_api_virtualenv.py took 0.023 seconds
[2025-01-28T06:06:41.613+0000] {processor.py:186} INFO - Started process (PID=2684) to work on /home/ubuntu/.local/lib/python3.12/site-packages/airflow/example_dags/tutorial_taskflow_api_virtualenv.py
[2025-01-28T06:06:41.615+0000] {processor.py:914} INFO - Processing file /home/ubuntu/.local/lib/python3.12/site-packages/airflow/example_dags/tutorial_taskflow_api_virtualenv.py for tasks to queue
[2025-01-28T06:06:41.617+0000] {logging_mixin.py:190} INFO - [2025-01-28T06:06:41.617+0000] {dagbag.py:588} INFO - Filling up the DagBag from /home/ubuntu/.local/lib/python3.12/site-packages/airflow/example_dags/tutorial_taskflow_api_virtualenv.py
[2025-01-28T06:06:41.620+0000] {logging_mixin.py:190} INFO - [2025-01-28T06:06:41.620+0000] {tutorial_taskflow_api_virtualenv.py:29} WARNING - The tutorial_taskflow_api_virtualenv example DAG requires virtualenv, please install it.
[2025-01-28T06:06:41.620+0000] {processor.py:927} WARNING - No viable dags retrieved from /home/ubuntu/.local/lib/python3.12/site-packages/airflow/example_dags/tutorial_taskflow_api_virtualenv.py
[2025-01-28T06:06:41.631+0000] {processor.py:208} INFO - Processing /home/ubuntu/.local/lib/python3.12/site-packages/airflow/example_dags/tutorial_taskflow_api_virtualenv.py took 0.022 seconds
[2025-01-28T06:07:40.546+0000] {processor.py:186} INFO - Started process (PID=2747) to work on /home/ubuntu/.local/lib/python3.12/site-packages/airflow/example_dags/tutorial_taskflow_api_virtualenv.py
[2025-01-28T06:07:40.547+0000] {processor.py:914} INFO - Processing file /home/ubuntu/.local/lib/python3.12/site-packages/airflow/example_dags/tutorial_taskflow_api_virtualenv.py for tasks to queue
[2025-01-28T06:07:40.550+0000] {logging_mixin.py:190} INFO - [2025-01-28T06:07:40.549+0000] {dagbag.py:588} INFO - Filling up the DagBag from /home/ubuntu/.local/lib/python3.12/site-packages/airflow/example_dags/tutorial_taskflow_api_virtualenv.py
[2025-01-28T06:07:40.553+0000] {logging_mixin.py:190} INFO - [2025-01-28T06:07:40.553+0000] {tutorial_taskflow_api_virtualenv.py:29} WARNING - The tutorial_taskflow_api_virtualenv example DAG requires virtualenv, please install it.
[2025-01-28T06:07:40.553+0000] {processor.py:927} WARNING - No viable dags retrieved from /home/ubuntu/.local/lib/python3.12/site-packages/airflow/example_dags/tutorial_taskflow_api_virtualenv.py
[2025-01-28T06:07:40.563+0000] {processor.py:208} INFO - Processing /home/ubuntu/.local/lib/python3.12/site-packages/airflow/example_dags/tutorial_taskflow_api_virtualenv.py took 0.022 seconds
[2025-01-28T06:08:38.496+0000] {processor.py:186} INFO - Started process (PID=2806) to work on /home/ubuntu/.local/lib/python3.12/site-packages/airflow/example_dags/tutorial_taskflow_api_virtualenv.py
[2025-01-28T06:08:38.498+0000] {processor.py:914} INFO - Processing file /home/ubuntu/.local/lib/python3.12/site-packages/airflow/example_dags/tutorial_taskflow_api_virtualenv.py for tasks to queue
[2025-01-28T06:08:38.501+0000] {logging_mixin.py:190} INFO - [2025-01-28T06:08:38.501+0000] {dagbag.py:588} INFO - Filling up the DagBag from /home/ubuntu/.local/lib/python3.12/site-packages/airflow/example_dags/tutorial_taskflow_api_virtualenv.py
[2025-01-28T06:08:38.503+0000] {logging_mixin.py:190} INFO - [2025-01-28T06:08:38.503+0000] {tutorial_taskflow_api_virtualenv.py:29} WARNING - The tutorial_taskflow_api_virtualenv example DAG requires virtualenv, please install it.
[2025-01-28T06:08:38.504+0000] {processor.py:927} WARNING - No viable dags retrieved from /home/ubuntu/.local/lib/python3.12/site-packages/airflow/example_dags/tutorial_taskflow_api_virtualenv.py
[2025-01-28T06:08:38.514+0000] {processor.py:208} INFO - Processing /home/ubuntu/.local/lib/python3.12/site-packages/airflow/example_dags/tutorial_taskflow_api_virtualenv.py took 0.023 seconds
[2025-01-28T06:09:33.033+0000] {processor.py:186} INFO - Started process (PID=2865) to work on /home/ubuntu/.local/lib/python3.12/site-packages/airflow/example_dags/tutorial_taskflow_api_virtualenv.py
[2025-01-28T06:09:33.035+0000] {processor.py:914} INFO - Processing file /home/ubuntu/.local/lib/python3.12/site-packages/airflow/example_dags/tutorial_taskflow_api_virtualenv.py for tasks to queue
[2025-01-28T06:09:33.041+0000] {logging_mixin.py:190} INFO - [2025-01-28T06:09:33.040+0000] {dagbag.py:588} INFO - Filling up the DagBag from /home/ubuntu/.local/lib/python3.12/site-packages/airflow/example_dags/tutorial_taskflow_api_virtualenv.py
[2025-01-28T06:09:33.044+0000] {logging_mixin.py:190} INFO - [2025-01-28T06:09:33.043+0000] {tutorial_taskflow_api_virtualenv.py:29} WARNING - The tutorial_taskflow_api_virtualenv example DAG requires virtualenv, please install it.
[2025-01-28T06:09:33.044+0000] {processor.py:927} WARNING - No viable dags retrieved from /home/ubuntu/.local/lib/python3.12/site-packages/airflow/example_dags/tutorial_taskflow_api_virtualenv.py
[2025-01-28T06:09:33.054+0000] {processor.py:208} INFO - Processing /home/ubuntu/.local/lib/python3.12/site-packages/airflow/example_dags/tutorial_taskflow_api_virtualenv.py took 0.030 seconds
[2025-01-28T06:10:24.992+0000] {processor.py:186} INFO - Started process (PID=2934) to work on /home/ubuntu/.local/lib/python3.12/site-packages/airflow/example_dags/tutorial_taskflow_api_virtualenv.py
[2025-01-28T06:10:24.994+0000] {processor.py:914} INFO - Processing file /home/ubuntu/.local/lib/python3.12/site-packages/airflow/example_dags/tutorial_taskflow_api_virtualenv.py for tasks to queue
[2025-01-28T06:10:24.996+0000] {logging_mixin.py:190} INFO - [2025-01-28T06:10:24.996+0000] {dagbag.py:588} INFO - Filling up the DagBag from /home/ubuntu/.local/lib/python3.12/site-packages/airflow/example_dags/tutorial_taskflow_api_virtualenv.py
[2025-01-28T06:10:24.998+0000] {logging_mixin.py:190} INFO - [2025-01-28T06:10:24.998+0000] {tutorial_taskflow_api_virtualenv.py:29} WARNING - The tutorial_taskflow_api_virtualenv example DAG requires virtualenv, please install it.
[2025-01-28T06:10:24.999+0000] {processor.py:927} WARNING - No viable dags retrieved from /home/ubuntu/.local/lib/python3.12/site-packages/airflow/example_dags/tutorial_taskflow_api_virtualenv.py
[2025-01-28T06:10:25.010+0000] {processor.py:208} INFO - Processing /home/ubuntu/.local/lib/python3.12/site-packages/airflow/example_dags/tutorial_taskflow_api_virtualenv.py took 0.024 seconds
[2025-01-28T06:11:19.637+0000] {processor.py:186} INFO - Started process (PID=2998) to work on /home/ubuntu/.local/lib/python3.12/site-packages/airflow/example_dags/tutorial_taskflow_api_virtualenv.py
[2025-01-28T06:11:19.639+0000] {processor.py:914} INFO - Processing file /home/ubuntu/.local/lib/python3.12/site-packages/airflow/example_dags/tutorial_taskflow_api_virtualenv.py for tasks to queue
[2025-01-28T06:11:19.642+0000] {logging_mixin.py:190} INFO - [2025-01-28T06:11:19.642+0000] {dagbag.py:588} INFO - Filling up the DagBag from /home/ubuntu/.local/lib/python3.12/site-packages/airflow/example_dags/tutorial_taskflow_api_virtualenv.py
[2025-01-28T06:11:19.645+0000] {logging_mixin.py:190} INFO - [2025-01-28T06:11:19.644+0000] {tutorial_taskflow_api_virtualenv.py:29} WARNING - The tutorial_taskflow_api_virtualenv example DAG requires virtualenv, please install it.
[2025-01-28T06:11:19.645+0000] {processor.py:927} WARNING - No viable dags retrieved from /home/ubuntu/.local/lib/python3.12/site-packages/airflow/example_dags/tutorial_taskflow_api_virtualenv.py
[2025-01-28T06:11:19.655+0000] {processor.py:208} INFO - Processing /home/ubuntu/.local/lib/python3.12/site-packages/airflow/example_dags/tutorial_taskflow_api_virtualenv.py took 0.023 seconds
[2025-01-28T06:12:12.281+0000] {processor.py:186} INFO - Started process (PID=3053) to work on /home/ubuntu/.local/lib/python3.12/site-packages/airflow/example_dags/tutorial_taskflow_api_virtualenv.py
[2025-01-28T06:12:12.283+0000] {processor.py:914} INFO - Processing file /home/ubuntu/.local/lib/python3.12/site-packages/airflow/example_dags/tutorial_taskflow_api_virtualenv.py for tasks to queue
[2025-01-28T06:12:12.285+0000] {logging_mixin.py:190} INFO - [2025-01-28T06:12:12.284+0000] {dagbag.py:588} INFO - Filling up the DagBag from /home/ubuntu/.local/lib/python3.12/site-packages/airflow/example_dags/tutorial_taskflow_api_virtualenv.py
[2025-01-28T06:12:12.288+0000] {logging_mixin.py:190} INFO - [2025-01-28T06:12:12.287+0000] {tutorial_taskflow_api_virtualenv.py:29} WARNING - The tutorial_taskflow_api_virtualenv example DAG requires virtualenv, please install it.
[2025-01-28T06:12:12.289+0000] {processor.py:927} WARNING - No viable dags retrieved from /home/ubuntu/.local/lib/python3.12/site-packages/airflow/example_dags/tutorial_taskflow_api_virtualenv.py
[2025-01-28T06:12:12.298+0000] {processor.py:208} INFO - Processing /home/ubuntu/.local/lib/python3.12/site-packages/airflow/example_dags/tutorial_taskflow_api_virtualenv.py took 0.023 seconds
[2025-01-28T06:13:07.586+0000] {processor.py:186} INFO - Started process (PID=3109) to work on /home/ubuntu/.local/lib/python3.12/site-packages/airflow/example_dags/tutorial_taskflow_api_virtualenv.py
[2025-01-28T06:13:07.588+0000] {processor.py:914} INFO - Processing file /home/ubuntu/.local/lib/python3.12/site-packages/airflow/example_dags/tutorial_taskflow_api_virtualenv.py for tasks to queue
[2025-01-28T06:13:07.591+0000] {logging_mixin.py:190} INFO - [2025-01-28T06:13:07.590+0000] {dagbag.py:588} INFO - Filling up the DagBag from /home/ubuntu/.local/lib/python3.12/site-packages/airflow/example_dags/tutorial_taskflow_api_virtualenv.py
[2025-01-28T06:13:07.593+0000] {logging_mixin.py:190} INFO - [2025-01-28T06:13:07.593+0000] {tutorial_taskflow_api_virtualenv.py:29} WARNING - The tutorial_taskflow_api_virtualenv example DAG requires virtualenv, please install it.
[2025-01-28T06:13:07.594+0000] {processor.py:927} WARNING - No viable dags retrieved from /home/ubuntu/.local/lib/python3.12/site-packages/airflow/example_dags/tutorial_taskflow_api_virtualenv.py
[2025-01-28T06:13:07.603+0000] {processor.py:208} INFO - Processing /home/ubuntu/.local/lib/python3.12/site-packages/airflow/example_dags/tutorial_taskflow_api_virtualenv.py took 0.022 seconds
[2025-01-28T06:13:59.942+0000] {processor.py:186} INFO - Started process (PID=3164) to work on /home/ubuntu/.local/lib/python3.12/site-packages/airflow/example_dags/tutorial_taskflow_api_virtualenv.py
[2025-01-28T06:13:59.944+0000] {processor.py:914} INFO - Processing file /home/ubuntu/.local/lib/python3.12/site-packages/airflow/example_dags/tutorial_taskflow_api_virtualenv.py for tasks to queue
[2025-01-28T06:13:59.946+0000] {logging_mixin.py:190} INFO - [2025-01-28T06:13:59.945+0000] {dagbag.py:588} INFO - Filling up the DagBag from /home/ubuntu/.local/lib/python3.12/site-packages/airflow/example_dags/tutorial_taskflow_api_virtualenv.py
[2025-01-28T06:13:59.948+0000] {logging_mixin.py:190} INFO - [2025-01-28T06:13:59.948+0000] {tutorial_taskflow_api_virtualenv.py:29} WARNING - The tutorial_taskflow_api_virtualenv example DAG requires virtualenv, please install it.
[2025-01-28T06:13:59.949+0000] {processor.py:927} WARNING - No viable dags retrieved from /home/ubuntu/.local/lib/python3.12/site-packages/airflow/example_dags/tutorial_taskflow_api_virtualenv.py
[2025-01-28T06:13:59.959+0000] {processor.py:208} INFO - Processing /home/ubuntu/.local/lib/python3.12/site-packages/airflow/example_dags/tutorial_taskflow_api_virtualenv.py took 0.022 seconds
[2025-01-28T06:14:53.117+0000] {processor.py:186} INFO - Started process (PID=3219) to work on /home/ubuntu/.local/lib/python3.12/site-packages/airflow/example_dags/tutorial_taskflow_api_virtualenv.py
[2025-01-28T06:14:53.119+0000] {processor.py:914} INFO - Processing file /home/ubuntu/.local/lib/python3.12/site-packages/airflow/example_dags/tutorial_taskflow_api_virtualenv.py for tasks to queue
[2025-01-28T06:14:53.120+0000] {logging_mixin.py:190} INFO - [2025-01-28T06:14:53.120+0000] {dagbag.py:588} INFO - Filling up the DagBag from /home/ubuntu/.local/lib/python3.12/site-packages/airflow/example_dags/tutorial_taskflow_api_virtualenv.py
[2025-01-28T06:14:53.123+0000] {logging_mixin.py:190} INFO - [2025-01-28T06:14:53.123+0000] {tutorial_taskflow_api_virtualenv.py:29} WARNING - The tutorial_taskflow_api_virtualenv example DAG requires virtualenv, please install it.
[2025-01-28T06:14:53.124+0000] {processor.py:927} WARNING - No viable dags retrieved from /home/ubuntu/.local/lib/python3.12/site-packages/airflow/example_dags/tutorial_taskflow_api_virtualenv.py
[2025-01-28T06:14:53.134+0000] {processor.py:208} INFO - Processing /home/ubuntu/.local/lib/python3.12/site-packages/airflow/example_dags/tutorial_taskflow_api_virtualenv.py took 0.022 seconds
[2025-01-28T06:15:46.340+0000] {processor.py:186} INFO - Started process (PID=3278) to work on /home/ubuntu/.local/lib/python3.12/site-packages/airflow/example_dags/tutorial_taskflow_api_virtualenv.py
[2025-01-28T06:15:46.342+0000] {processor.py:914} INFO - Processing file /home/ubuntu/.local/lib/python3.12/site-packages/airflow/example_dags/tutorial_taskflow_api_virtualenv.py for tasks to queue
[2025-01-28T06:15:46.343+0000] {logging_mixin.py:190} INFO - [2025-01-28T06:15:46.343+0000] {dagbag.py:588} INFO - Filling up the DagBag from /home/ubuntu/.local/lib/python3.12/site-packages/airflow/example_dags/tutorial_taskflow_api_virtualenv.py
[2025-01-28T06:15:46.347+0000] {logging_mixin.py:190} INFO - [2025-01-28T06:15:46.347+0000] {tutorial_taskflow_api_virtualenv.py:29} WARNING - The tutorial_taskflow_api_virtualenv example DAG requires virtualenv, please install it.
[2025-01-28T06:15:46.347+0000] {processor.py:927} WARNING - No viable dags retrieved from /home/ubuntu/.local/lib/python3.12/site-packages/airflow/example_dags/tutorial_taskflow_api_virtualenv.py
[2025-01-28T06:15:46.358+0000] {processor.py:208} INFO - Processing /home/ubuntu/.local/lib/python3.12/site-packages/airflow/example_dags/tutorial_taskflow_api_virtualenv.py took 0.022 seconds
[2025-01-28T06:16:38.227+0000] {processor.py:186} INFO - Started process (PID=3332) to work on /home/ubuntu/.local/lib/python3.12/site-packages/airflow/example_dags/tutorial_taskflow_api_virtualenv.py
[2025-01-28T06:16:38.228+0000] {processor.py:914} INFO - Processing file /home/ubuntu/.local/lib/python3.12/site-packages/airflow/example_dags/tutorial_taskflow_api_virtualenv.py for tasks to queue
[2025-01-28T06:16:38.231+0000] {logging_mixin.py:190} INFO - [2025-01-28T06:16:38.231+0000] {dagbag.py:588} INFO - Filling up the DagBag from /home/ubuntu/.local/lib/python3.12/site-packages/airflow/example_dags/tutorial_taskflow_api_virtualenv.py
[2025-01-28T06:16:38.233+0000] {logging_mixin.py:190} INFO - [2025-01-28T06:16:38.233+0000] {tutorial_taskflow_api_virtualenv.py:29} WARNING - The tutorial_taskflow_api_virtualenv example DAG requires virtualenv, please install it.
[2025-01-28T06:16:38.234+0000] {processor.py:927} WARNING - No viable dags retrieved from /home/ubuntu/.local/lib/python3.12/site-packages/airflow/example_dags/tutorial_taskflow_api_virtualenv.py
[2025-01-28T06:16:38.243+0000] {processor.py:208} INFO - Processing /home/ubuntu/.local/lib/python3.12/site-packages/airflow/example_dags/tutorial_taskflow_api_virtualenv.py took 0.022 seconds
[2025-01-28T06:17:32.673+0000] {processor.py:186} INFO - Started process (PID=3392) to work on /home/ubuntu/.local/lib/python3.12/site-packages/airflow/example_dags/tutorial_taskflow_api_virtualenv.py
[2025-01-28T06:17:32.675+0000] {processor.py:914} INFO - Processing file /home/ubuntu/.local/lib/python3.12/site-packages/airflow/example_dags/tutorial_taskflow_api_virtualenv.py for tasks to queue
[2025-01-28T06:17:32.677+0000] {logging_mixin.py:190} INFO - [2025-01-28T06:17:32.677+0000] {dagbag.py:588} INFO - Filling up the DagBag from /home/ubuntu/.local/lib/python3.12/site-packages/airflow/example_dags/tutorial_taskflow_api_virtualenv.py
[2025-01-28T06:17:32.680+0000] {logging_mixin.py:190} INFO - [2025-01-28T06:17:32.680+0000] {tutorial_taskflow_api_virtualenv.py:29} WARNING - The tutorial_taskflow_api_virtualenv example DAG requires virtualenv, please install it.
[2025-01-28T06:17:32.680+0000] {processor.py:927} WARNING - No viable dags retrieved from /home/ubuntu/.local/lib/python3.12/site-packages/airflow/example_dags/tutorial_taskflow_api_virtualenv.py
[2025-01-28T06:17:32.690+0000] {processor.py:208} INFO - Processing /home/ubuntu/.local/lib/python3.12/site-packages/airflow/example_dags/tutorial_taskflow_api_virtualenv.py took 0.023 seconds
[2025-01-28T06:18:39.422+0000] {processor.py:186} INFO - Started process (PID=3502) to work on /home/ubuntu/.local/lib/python3.12/site-packages/airflow/example_dags/tutorial_taskflow_api_virtualenv.py
[2025-01-28T06:18:39.424+0000] {processor.py:914} INFO - Processing file /home/ubuntu/.local/lib/python3.12/site-packages/airflow/example_dags/tutorial_taskflow_api_virtualenv.py for tasks to queue
[2025-01-28T06:18:39.427+0000] {logging_mixin.py:190} INFO - [2025-01-28T06:18:39.427+0000] {dagbag.py:588} INFO - Filling up the DagBag from /home/ubuntu/.local/lib/python3.12/site-packages/airflow/example_dags/tutorial_taskflow_api_virtualenv.py
[2025-01-28T06:18:39.430+0000] {logging_mixin.py:190} INFO - [2025-01-28T06:18:39.430+0000] {tutorial_taskflow_api_virtualenv.py:29} WARNING - The tutorial_taskflow_api_virtualenv example DAG requires virtualenv, please install it.
[2025-01-28T06:18:39.430+0000] {processor.py:927} WARNING - No viable dags retrieved from /home/ubuntu/.local/lib/python3.12/site-packages/airflow/example_dags/tutorial_taskflow_api_virtualenv.py
[2025-01-28T06:18:39.441+0000] {processor.py:208} INFO - Processing /home/ubuntu/.local/lib/python3.12/site-packages/airflow/example_dags/tutorial_taskflow_api_virtualenv.py took 0.024 seconds
[2025-01-28T06:19:29.060+0000] {processor.py:186} INFO - Started process (PID=3554) to work on /home/ubuntu/.local/lib/python3.12/site-packages/airflow/example_dags/tutorial_taskflow_api_virtualenv.py
[2025-01-28T06:19:29.062+0000] {processor.py:914} INFO - Processing file /home/ubuntu/.local/lib/python3.12/site-packages/airflow/example_dags/tutorial_taskflow_api_virtualenv.py for tasks to queue
[2025-01-28T06:19:29.065+0000] {logging_mixin.py:190} INFO - [2025-01-28T06:19:29.065+0000] {dagbag.py:588} INFO - Filling up the DagBag from /home/ubuntu/.local/lib/python3.12/site-packages/airflow/example_dags/tutorial_taskflow_api_virtualenv.py
[2025-01-28T06:19:29.068+0000] {logging_mixin.py:190} INFO - [2025-01-28T06:19:29.067+0000] {tutorial_taskflow_api_virtualenv.py:29} WARNING - The tutorial_taskflow_api_virtualenv example DAG requires virtualenv, please install it.
[2025-01-28T06:19:29.068+0000] {processor.py:927} WARNING - No viable dags retrieved from /home/ubuntu/.local/lib/python3.12/site-packages/airflow/example_dags/tutorial_taskflow_api_virtualenv.py
[2025-01-28T06:19:29.079+0000] {processor.py:208} INFO - Processing /home/ubuntu/.local/lib/python3.12/site-packages/airflow/example_dags/tutorial_taskflow_api_virtualenv.py took 0.024 seconds
[2025-01-28T06:20:24.427+0000] {processor.py:186} INFO - Started process (PID=3617) to work on /home/ubuntu/.local/lib/python3.12/site-packages/airflow/example_dags/tutorial_taskflow_api_virtualenv.py
[2025-01-28T06:20:24.429+0000] {processor.py:914} INFO - Processing file /home/ubuntu/.local/lib/python3.12/site-packages/airflow/example_dags/tutorial_taskflow_api_virtualenv.py for tasks to queue
[2025-01-28T06:20:24.431+0000] {logging_mixin.py:190} INFO - [2025-01-28T06:20:24.431+0000] {dagbag.py:588} INFO - Filling up the DagBag from /home/ubuntu/.local/lib/python3.12/site-packages/airflow/example_dags/tutorial_taskflow_api_virtualenv.py
[2025-01-28T06:20:24.435+0000] {logging_mixin.py:190} INFO - [2025-01-28T06:20:24.435+0000] {tutorial_taskflow_api_virtualenv.py:29} WARNING - The tutorial_taskflow_api_virtualenv example DAG requires virtualenv, please install it.
[2025-01-28T06:20:24.436+0000] {processor.py:927} WARNING - No viable dags retrieved from /home/ubuntu/.local/lib/python3.12/site-packages/airflow/example_dags/tutorial_taskflow_api_virtualenv.py
[2025-01-28T06:20:24.446+0000] {processor.py:208} INFO - Processing /home/ubuntu/.local/lib/python3.12/site-packages/airflow/example_dags/tutorial_taskflow_api_virtualenv.py took 0.025 seconds
[2025-01-28T06:21:20.029+0000] {processor.py:186} INFO - Started process (PID=3775) to work on /home/ubuntu/.local/lib/python3.12/site-packages/airflow/example_dags/tutorial_taskflow_api_virtualenv.py
[2025-01-28T06:21:20.031+0000] {processor.py:914} INFO - Processing file /home/ubuntu/.local/lib/python3.12/site-packages/airflow/example_dags/tutorial_taskflow_api_virtualenv.py for tasks to queue
[2025-01-28T06:21:20.033+0000] {logging_mixin.py:190} INFO - [2025-01-28T06:21:20.033+0000] {dagbag.py:588} INFO - Filling up the DagBag from /home/ubuntu/.local/lib/python3.12/site-packages/airflow/example_dags/tutorial_taskflow_api_virtualenv.py
[2025-01-28T06:21:20.035+0000] {logging_mixin.py:190} INFO - [2025-01-28T06:21:20.035+0000] {tutorial_taskflow_api_virtualenv.py:29} WARNING - The tutorial_taskflow_api_virtualenv example DAG requires virtualenv, please install it.
[2025-01-28T06:21:20.036+0000] {processor.py:927} WARNING - No viable dags retrieved from /home/ubuntu/.local/lib/python3.12/site-packages/airflow/example_dags/tutorial_taskflow_api_virtualenv.py
[2025-01-28T06:21:20.047+0000] {processor.py:208} INFO - Processing /home/ubuntu/.local/lib/python3.12/site-packages/airflow/example_dags/tutorial_taskflow_api_virtualenv.py took 0.025 seconds
[2025-01-28T06:22:15.540+0000] {processor.py:186} INFO - Started process (PID=3874) to work on /home/ubuntu/.local/lib/python3.12/site-packages/airflow/example_dags/tutorial_taskflow_api_virtualenv.py
[2025-01-28T06:22:15.543+0000] {processor.py:914} INFO - Processing file /home/ubuntu/.local/lib/python3.12/site-packages/airflow/example_dags/tutorial_taskflow_api_virtualenv.py for tasks to queue
[2025-01-28T06:22:15.546+0000] {logging_mixin.py:190} INFO - [2025-01-28T06:22:15.546+0000] {dagbag.py:588} INFO - Filling up the DagBag from /home/ubuntu/.local/lib/python3.12/site-packages/airflow/example_dags/tutorial_taskflow_api_virtualenv.py
[2025-01-28T06:22:15.548+0000] {logging_mixin.py:190} INFO - [2025-01-28T06:22:15.548+0000] {tutorial_taskflow_api_virtualenv.py:29} WARNING - The tutorial_taskflow_api_virtualenv example DAG requires virtualenv, please install it.
[2025-01-28T06:22:15.549+0000] {processor.py:927} WARNING - No viable dags retrieved from /home/ubuntu/.local/lib/python3.12/site-packages/airflow/example_dags/tutorial_taskflow_api_virtualenv.py
[2025-01-28T06:22:15.560+0000] {processor.py:208} INFO - Processing /home/ubuntu/.local/lib/python3.12/site-packages/airflow/example_dags/tutorial_taskflow_api_virtualenv.py took 0.024 seconds
[2025-01-28T06:23:10.553+0000] {processor.py:186} INFO - Started process (PID=4277) to work on /home/ubuntu/.local/lib/python3.12/site-packages/airflow/example_dags/tutorial_taskflow_api_virtualenv.py
[2025-01-28T06:23:10.555+0000] {processor.py:914} INFO - Processing file /home/ubuntu/.local/lib/python3.12/site-packages/airflow/example_dags/tutorial_taskflow_api_virtualenv.py for tasks to queue
[2025-01-28T06:23:10.557+0000] {logging_mixin.py:190} INFO - [2025-01-28T06:23:10.557+0000] {dagbag.py:588} INFO - Filling up the DagBag from /home/ubuntu/.local/lib/python3.12/site-packages/airflow/example_dags/tutorial_taskflow_api_virtualenv.py
[2025-01-28T06:23:10.561+0000] {logging_mixin.py:190} INFO - [2025-01-28T06:23:10.561+0000] {tutorial_taskflow_api_virtualenv.py:29} WARNING - The tutorial_taskflow_api_virtualenv example DAG requires virtualenv, please install it.
[2025-01-28T06:23:10.561+0000] {processor.py:927} WARNING - No viable dags retrieved from /home/ubuntu/.local/lib/python3.12/site-packages/airflow/example_dags/tutorial_taskflow_api_virtualenv.py
[2025-01-28T06:23:10.572+0000] {processor.py:208} INFO - Processing /home/ubuntu/.local/lib/python3.12/site-packages/airflow/example_dags/tutorial_taskflow_api_virtualenv.py took 0.024 seconds
[2025-01-28T06:24:05.244+0000] {processor.py:186} INFO - Started process (PID=4501) to work on /home/ubuntu/.local/lib/python3.12/site-packages/airflow/example_dags/tutorial_taskflow_api_virtualenv.py
[2025-01-28T06:24:05.246+0000] {processor.py:914} INFO - Processing file /home/ubuntu/.local/lib/python3.12/site-packages/airflow/example_dags/tutorial_taskflow_api_virtualenv.py for tasks to queue
[2025-01-28T06:24:05.249+0000] {logging_mixin.py:190} INFO - [2025-01-28T06:24:05.248+0000] {dagbag.py:588} INFO - Filling up the DagBag from /home/ubuntu/.local/lib/python3.12/site-packages/airflow/example_dags/tutorial_taskflow_api_virtualenv.py
[2025-01-28T06:24:05.251+0000] {logging_mixin.py:190} INFO - [2025-01-28T06:24:05.251+0000] {tutorial_taskflow_api_virtualenv.py:29} WARNING - The tutorial_taskflow_api_virtualenv example DAG requires virtualenv, please install it.
[2025-01-28T06:24:05.251+0000] {processor.py:927} WARNING - No viable dags retrieved from /home/ubuntu/.local/lib/python3.12/site-packages/airflow/example_dags/tutorial_taskflow_api_virtualenv.py
[2025-01-28T06:24:05.262+0000] {processor.py:208} INFO - Processing /home/ubuntu/.local/lib/python3.12/site-packages/airflow/example_dags/tutorial_taskflow_api_virtualenv.py took 0.023 seconds
[2025-01-28T06:25:00.292+0000] {processor.py:186} INFO - Started process (PID=4903) to work on /home/ubuntu/.local/lib/python3.12/site-packages/airflow/example_dags/tutorial_taskflow_api_virtualenv.py
[2025-01-28T06:25:00.294+0000] {processor.py:914} INFO - Processing file /home/ubuntu/.local/lib/python3.12/site-packages/airflow/example_dags/tutorial_taskflow_api_virtualenv.py for tasks to queue
[2025-01-28T06:25:00.295+0000] {logging_mixin.py:190} INFO - [2025-01-28T06:25:00.295+0000] {dagbag.py:588} INFO - Filling up the DagBag from /home/ubuntu/.local/lib/python3.12/site-packages/airflow/example_dags/tutorial_taskflow_api_virtualenv.py
[2025-01-28T06:25:00.298+0000] {logging_mixin.py:190} INFO - [2025-01-28T06:25:00.298+0000] {tutorial_taskflow_api_virtualenv.py:29} WARNING - The tutorial_taskflow_api_virtualenv example DAG requires virtualenv, please install it.
[2025-01-28T06:25:00.298+0000] {processor.py:927} WARNING - No viable dags retrieved from /home/ubuntu/.local/lib/python3.12/site-packages/airflow/example_dags/tutorial_taskflow_api_virtualenv.py
[2025-01-28T06:25:00.309+0000] {processor.py:208} INFO - Processing /home/ubuntu/.local/lib/python3.12/site-packages/airflow/example_dags/tutorial_taskflow_api_virtualenv.py took 0.023 seconds
[2025-01-28T06:25:52.612+0000] {processor.py:186} INFO - Started process (PID=5053) to work on /home/ubuntu/.local/lib/python3.12/site-packages/airflow/example_dags/tutorial_taskflow_api_virtualenv.py
[2025-01-28T06:25:52.614+0000] {processor.py:914} INFO - Processing file /home/ubuntu/.local/lib/python3.12/site-packages/airflow/example_dags/tutorial_taskflow_api_virtualenv.py for tasks to queue
[2025-01-28T06:25:52.616+0000] {logging_mixin.py:190} INFO - [2025-01-28T06:25:52.615+0000] {dagbag.py:588} INFO - Filling up the DagBag from /home/ubuntu/.local/lib/python3.12/site-packages/airflow/example_dags/tutorial_taskflow_api_virtualenv.py
[2025-01-28T06:25:52.618+0000] {logging_mixin.py:190} INFO - [2025-01-28T06:25:52.618+0000] {tutorial_taskflow_api_virtualenv.py:29} WARNING - The tutorial_taskflow_api_virtualenv example DAG requires virtualenv, please install it.
[2025-01-28T06:25:52.618+0000] {processor.py:927} WARNING - No viable dags retrieved from /home/ubuntu/.local/lib/python3.12/site-packages/airflow/example_dags/tutorial_taskflow_api_virtualenv.py
[2025-01-28T06:25:52.630+0000] {processor.py:208} INFO - Processing /home/ubuntu/.local/lib/python3.12/site-packages/airflow/example_dags/tutorial_taskflow_api_virtualenv.py took 0.023 seconds
[2025-01-28T06:26:48.997+0000] {processor.py:186} INFO - Started process (PID=5186) to work on /home/ubuntu/.local/lib/python3.12/site-packages/airflow/example_dags/tutorial_taskflow_api_virtualenv.py
[2025-01-28T06:26:48.998+0000] {processor.py:914} INFO - Processing file /home/ubuntu/.local/lib/python3.12/site-packages/airflow/example_dags/tutorial_taskflow_api_virtualenv.py for tasks to queue
[2025-01-28T06:26:49.001+0000] {logging_mixin.py:190} INFO - [2025-01-28T06:26:49.000+0000] {dagbag.py:588} INFO - Filling up the DagBag from /home/ubuntu/.local/lib/python3.12/site-packages/airflow/example_dags/tutorial_taskflow_api_virtualenv.py
[2025-01-28T06:26:49.004+0000] {logging_mixin.py:190} INFO - [2025-01-28T06:26:49.004+0000] {tutorial_taskflow_api_virtualenv.py:29} WARNING - The tutorial_taskflow_api_virtualenv example DAG requires virtualenv, please install it.
[2025-01-28T06:26:49.004+0000] {processor.py:927} WARNING - No viable dags retrieved from /home/ubuntu/.local/lib/python3.12/site-packages/airflow/example_dags/tutorial_taskflow_api_virtualenv.py
[2025-01-28T06:26:49.015+0000] {processor.py:208} INFO - Processing /home/ubuntu/.local/lib/python3.12/site-packages/airflow/example_dags/tutorial_taskflow_api_virtualenv.py took 0.023 seconds
[2025-01-28T06:27:40.054+0000] {processor.py:186} INFO - Started process (PID=5241) to work on /home/ubuntu/.local/lib/python3.12/site-packages/airflow/example_dags/tutorial_taskflow_api_virtualenv.py
[2025-01-28T06:27:40.055+0000] {processor.py:914} INFO - Processing file /home/ubuntu/.local/lib/python3.12/site-packages/airflow/example_dags/tutorial_taskflow_api_virtualenv.py for tasks to queue
[2025-01-28T06:27:40.057+0000] {logging_mixin.py:190} INFO - [2025-01-28T06:27:40.057+0000] {dagbag.py:588} INFO - Filling up the DagBag from /home/ubuntu/.local/lib/python3.12/site-packages/airflow/example_dags/tutorial_taskflow_api_virtualenv.py
[2025-01-28T06:27:40.060+0000] {logging_mixin.py:190} INFO - [2025-01-28T06:27:40.059+0000] {tutorial_taskflow_api_virtualenv.py:29} WARNING - The tutorial_taskflow_api_virtualenv example DAG requires virtualenv, please install it.
[2025-01-28T06:27:40.061+0000] {processor.py:927} WARNING - No viable dags retrieved from /home/ubuntu/.local/lib/python3.12/site-packages/airflow/example_dags/tutorial_taskflow_api_virtualenv.py
[2025-01-28T06:27:40.071+0000] {processor.py:208} INFO - Processing /home/ubuntu/.local/lib/python3.12/site-packages/airflow/example_dags/tutorial_taskflow_api_virtualenv.py took 0.023 seconds
[2025-01-28T06:28:33.181+0000] {processor.py:186} INFO - Started process (PID=5412) to work on /home/ubuntu/.local/lib/python3.12/site-packages/airflow/example_dags/tutorial_taskflow_api_virtualenv.py
[2025-01-28T06:28:33.183+0000] {processor.py:914} INFO - Processing file /home/ubuntu/.local/lib/python3.12/site-packages/airflow/example_dags/tutorial_taskflow_api_virtualenv.py for tasks to queue
[2025-01-28T06:28:33.185+0000] {logging_mixin.py:190} INFO - [2025-01-28T06:28:33.184+0000] {dagbag.py:588} INFO - Filling up the DagBag from /home/ubuntu/.local/lib/python3.12/site-packages/airflow/example_dags/tutorial_taskflow_api_virtualenv.py
[2025-01-28T06:28:33.188+0000] {logging_mixin.py:190} INFO - [2025-01-28T06:28:33.188+0000] {tutorial_taskflow_api_virtualenv.py:29} WARNING - The tutorial_taskflow_api_virtualenv example DAG requires virtualenv, please install it.
[2025-01-28T06:28:33.188+0000] {processor.py:927} WARNING - No viable dags retrieved from /home/ubuntu/.local/lib/python3.12/site-packages/airflow/example_dags/tutorial_taskflow_api_virtualenv.py
[2025-01-28T06:28:33.199+0000] {processor.py:208} INFO - Processing /home/ubuntu/.local/lib/python3.12/site-packages/airflow/example_dags/tutorial_taskflow_api_virtualenv.py took 0.024 seconds
[2025-01-28T06:29:27.883+0000] {processor.py:186} INFO - Started process (PID=5570) to work on /home/ubuntu/.local/lib/python3.12/site-packages/airflow/example_dags/tutorial_taskflow_api_virtualenv.py
[2025-01-28T06:29:27.885+0000] {processor.py:914} INFO - Processing file /home/ubuntu/.local/lib/python3.12/site-packages/airflow/example_dags/tutorial_taskflow_api_virtualenv.py for tasks to queue
[2025-01-28T06:29:27.888+0000] {logging_mixin.py:190} INFO - [2025-01-28T06:29:27.887+0000] {dagbag.py:588} INFO - Filling up the DagBag from /home/ubuntu/.local/lib/python3.12/site-packages/airflow/example_dags/tutorial_taskflow_api_virtualenv.py
[2025-01-28T06:29:27.890+0000] {logging_mixin.py:190} INFO - [2025-01-28T06:29:27.890+0000] {tutorial_taskflow_api_virtualenv.py:29} WARNING - The tutorial_taskflow_api_virtualenv example DAG requires virtualenv, please install it.
[2025-01-28T06:29:27.890+0000] {processor.py:927} WARNING - No viable dags retrieved from /home/ubuntu/.local/lib/python3.12/site-packages/airflow/example_dags/tutorial_taskflow_api_virtualenv.py
[2025-01-28T06:29:27.901+0000] {processor.py:208} INFO - Processing /home/ubuntu/.local/lib/python3.12/site-packages/airflow/example_dags/tutorial_taskflow_api_virtualenv.py took 0.023 seconds
[2025-01-28T06:30:24.582+0000] {processor.py:186} INFO - Started process (PID=5632) to work on /home/ubuntu/.local/lib/python3.12/site-packages/airflow/example_dags/tutorial_taskflow_api_virtualenv.py
[2025-01-28T06:30:24.584+0000] {processor.py:914} INFO - Processing file /home/ubuntu/.local/lib/python3.12/site-packages/airflow/example_dags/tutorial_taskflow_api_virtualenv.py for tasks to queue
[2025-01-28T06:30:24.586+0000] {logging_mixin.py:190} INFO - [2025-01-28T06:30:24.585+0000] {dagbag.py:588} INFO - Filling up the DagBag from /home/ubuntu/.local/lib/python3.12/site-packages/airflow/example_dags/tutorial_taskflow_api_virtualenv.py
[2025-01-28T06:30:24.588+0000] {logging_mixin.py:190} INFO - [2025-01-28T06:30:24.588+0000] {tutorial_taskflow_api_virtualenv.py:29} WARNING - The tutorial_taskflow_api_virtualenv example DAG requires virtualenv, please install it.
[2025-01-28T06:30:24.589+0000] {processor.py:927} WARNING - No viable dags retrieved from /home/ubuntu/.local/lib/python3.12/site-packages/airflow/example_dags/tutorial_taskflow_api_virtualenv.py
[2025-01-28T06:30:24.599+0000] {processor.py:208} INFO - Processing /home/ubuntu/.local/lib/python3.12/site-packages/airflow/example_dags/tutorial_taskflow_api_virtualenv.py took 0.022 seconds
[2025-01-28T06:31:42.805+0000] {processor.py:186} INFO - Started process (PID=5762) to work on /home/ubuntu/.local/lib/python3.12/site-packages/airflow/example_dags/tutorial_taskflow_api_virtualenv.py
[2025-01-28T06:31:42.809+0000] {processor.py:914} INFO - Processing file /home/ubuntu/.local/lib/python3.12/site-packages/airflow/example_dags/tutorial_taskflow_api_virtualenv.py for tasks to queue
[2025-01-28T06:31:42.811+0000] {logging_mixin.py:190} INFO - [2025-01-28T06:31:42.810+0000] {dagbag.py:588} INFO - Filling up the DagBag from /home/ubuntu/.local/lib/python3.12/site-packages/airflow/example_dags/tutorial_taskflow_api_virtualenv.py
[2025-01-28T06:31:42.813+0000] {logging_mixin.py:190} INFO - [2025-01-28T06:31:42.813+0000] {tutorial_taskflow_api_virtualenv.py:29} WARNING - The tutorial_taskflow_api_virtualenv example DAG requires virtualenv, please install it.
[2025-01-28T06:31:42.814+0000] {processor.py:927} WARNING - No viable dags retrieved from /home/ubuntu/.local/lib/python3.12/site-packages/airflow/example_dags/tutorial_taskflow_api_virtualenv.py
[2025-01-28T06:31:42.824+0000] {processor.py:208} INFO - Processing /home/ubuntu/.local/lib/python3.12/site-packages/airflow/example_dags/tutorial_taskflow_api_virtualenv.py took 0.024 seconds
[2025-01-28T06:32:40.817+0000] {processor.py:186} INFO - Started process (PID=5822) to work on /home/ubuntu/.local/lib/python3.12/site-packages/airflow/example_dags/tutorial_taskflow_api_virtualenv.py
[2025-01-28T06:32:40.818+0000] {processor.py:914} INFO - Processing file /home/ubuntu/.local/lib/python3.12/site-packages/airflow/example_dags/tutorial_taskflow_api_virtualenv.py for tasks to queue
[2025-01-28T06:32:40.820+0000] {logging_mixin.py:190} INFO - [2025-01-28T06:32:40.820+0000] {dagbag.py:588} INFO - Filling up the DagBag from /home/ubuntu/.local/lib/python3.12/site-packages/airflow/example_dags/tutorial_taskflow_api_virtualenv.py
[2025-01-28T06:32:40.823+0000] {logging_mixin.py:190} INFO - [2025-01-28T06:32:40.823+0000] {tutorial_taskflow_api_virtualenv.py:29} WARNING - The tutorial_taskflow_api_virtualenv example DAG requires virtualenv, please install it.
[2025-01-28T06:32:40.823+0000] {processor.py:927} WARNING - No viable dags retrieved from /home/ubuntu/.local/lib/python3.12/site-packages/airflow/example_dags/tutorial_taskflow_api_virtualenv.py
[2025-01-28T06:32:40.834+0000] {processor.py:208} INFO - Processing /home/ubuntu/.local/lib/python3.12/site-packages/airflow/example_dags/tutorial_taskflow_api_virtualenv.py took 0.022 seconds
[2025-01-28T06:33:41.532+0000] {processor.py:186} INFO - Started process (PID=5887) to work on /home/ubuntu/.local/lib/python3.12/site-packages/airflow/example_dags/tutorial_taskflow_api_virtualenv.py
[2025-01-28T06:33:41.533+0000] {processor.py:914} INFO - Processing file /home/ubuntu/.local/lib/python3.12/site-packages/airflow/example_dags/tutorial_taskflow_api_virtualenv.py for tasks to queue
[2025-01-28T06:33:41.536+0000] {logging_mixin.py:190} INFO - [2025-01-28T06:33:41.535+0000] {dagbag.py:588} INFO - Filling up the DagBag from /home/ubuntu/.local/lib/python3.12/site-packages/airflow/example_dags/tutorial_taskflow_api_virtualenv.py
[2025-01-28T06:33:41.547+0000] {logging_mixin.py:190} INFO - [2025-01-28T06:33:41.547+0000] {tutorial_taskflow_api_virtualenv.py:29} WARNING - The tutorial_taskflow_api_virtualenv example DAG requires virtualenv, please install it.
[2025-01-28T06:33:41.548+0000] {processor.py:927} WARNING - No viable dags retrieved from /home/ubuntu/.local/lib/python3.12/site-packages/airflow/example_dags/tutorial_taskflow_api_virtualenv.py
[2025-01-28T06:33:41.559+0000] {processor.py:208} INFO - Processing /home/ubuntu/.local/lib/python3.12/site-packages/airflow/example_dags/tutorial_taskflow_api_virtualenv.py took 0.032 seconds
[2025-01-28T06:34:38.376+0000] {processor.py:186} INFO - Started process (PID=5945) to work on /home/ubuntu/.local/lib/python3.12/site-packages/airflow/example_dags/tutorial_taskflow_api_virtualenv.py
[2025-01-28T06:34:38.378+0000] {processor.py:914} INFO - Processing file /home/ubuntu/.local/lib/python3.12/site-packages/airflow/example_dags/tutorial_taskflow_api_virtualenv.py for tasks to queue
[2025-01-28T06:34:38.381+0000] {logging_mixin.py:190} INFO - [2025-01-28T06:34:38.381+0000] {dagbag.py:588} INFO - Filling up the DagBag from /home/ubuntu/.local/lib/python3.12/site-packages/airflow/example_dags/tutorial_taskflow_api_virtualenv.py
[2025-01-28T06:34:38.383+0000] {logging_mixin.py:190} INFO - [2025-01-28T06:34:38.383+0000] {tutorial_taskflow_api_virtualenv.py:29} WARNING - The tutorial_taskflow_api_virtualenv example DAG requires virtualenv, please install it.
[2025-01-28T06:34:38.383+0000] {processor.py:927} WARNING - No viable dags retrieved from /home/ubuntu/.local/lib/python3.12/site-packages/airflow/example_dags/tutorial_taskflow_api_virtualenv.py
[2025-01-28T06:34:38.394+0000] {processor.py:208} INFO - Processing /home/ubuntu/.local/lib/python3.12/site-packages/airflow/example_dags/tutorial_taskflow_api_virtualenv.py took 0.023 seconds
[2025-01-28T06:35:33.897+0000] {processor.py:186} INFO - Started process (PID=6006) to work on /home/ubuntu/.local/lib/python3.12/site-packages/airflow/example_dags/tutorial_taskflow_api_virtualenv.py
[2025-01-28T06:35:33.898+0000] {processor.py:914} INFO - Processing file /home/ubuntu/.local/lib/python3.12/site-packages/airflow/example_dags/tutorial_taskflow_api_virtualenv.py for tasks to queue
[2025-01-28T06:35:33.902+0000] {logging_mixin.py:190} INFO - [2025-01-28T06:35:33.901+0000] {dagbag.py:588} INFO - Filling up the DagBag from /home/ubuntu/.local/lib/python3.12/site-packages/airflow/example_dags/tutorial_taskflow_api_virtualenv.py
[2025-01-28T06:35:33.904+0000] {logging_mixin.py:190} INFO - [2025-01-28T06:35:33.904+0000] {tutorial_taskflow_api_virtualenv.py:29} WARNING - The tutorial_taskflow_api_virtualenv example DAG requires virtualenv, please install it.
[2025-01-28T06:35:33.904+0000] {processor.py:927} WARNING - No viable dags retrieved from /home/ubuntu/.local/lib/python3.12/site-packages/airflow/example_dags/tutorial_taskflow_api_virtualenv.py
[2025-01-28T06:35:33.915+0000] {processor.py:208} INFO - Processing /home/ubuntu/.local/lib/python3.12/site-packages/airflow/example_dags/tutorial_taskflow_api_virtualenv.py took 0.023 seconds
[2025-01-28T06:36:25.255+0000] {processor.py:186} INFO - Started process (PID=6059) to work on /home/ubuntu/.local/lib/python3.12/site-packages/airflow/example_dags/tutorial_taskflow_api_virtualenv.py
[2025-01-28T06:36:25.257+0000] {processor.py:914} INFO - Processing file /home/ubuntu/.local/lib/python3.12/site-packages/airflow/example_dags/tutorial_taskflow_api_virtualenv.py for tasks to queue
[2025-01-28T06:36:25.259+0000] {logging_mixin.py:190} INFO - [2025-01-28T06:36:25.259+0000] {dagbag.py:588} INFO - Filling up the DagBag from /home/ubuntu/.local/lib/python3.12/site-packages/airflow/example_dags/tutorial_taskflow_api_virtualenv.py
[2025-01-28T06:36:25.263+0000] {logging_mixin.py:190} INFO - [2025-01-28T06:36:25.263+0000] {tutorial_taskflow_api_virtualenv.py:29} WARNING - The tutorial_taskflow_api_virtualenv example DAG requires virtualenv, please install it.
[2025-01-28T06:36:25.263+0000] {processor.py:927} WARNING - No viable dags retrieved from /home/ubuntu/.local/lib/python3.12/site-packages/airflow/example_dags/tutorial_taskflow_api_virtualenv.py
[2025-01-28T06:36:25.273+0000] {processor.py:208} INFO - Processing /home/ubuntu/.local/lib/python3.12/site-packages/airflow/example_dags/tutorial_taskflow_api_virtualenv.py took 0.024 seconds
[2025-01-28T06:37:17.732+0000] {processor.py:186} INFO - Started process (PID=6113) to work on /home/ubuntu/.local/lib/python3.12/site-packages/airflow/example_dags/tutorial_taskflow_api_virtualenv.py
[2025-01-28T06:37:17.734+0000] {processor.py:914} INFO - Processing file /home/ubuntu/.local/lib/python3.12/site-packages/airflow/example_dags/tutorial_taskflow_api_virtualenv.py for tasks to queue
[2025-01-28T06:37:17.736+0000] {logging_mixin.py:190} INFO - [2025-01-28T06:37:17.736+0000] {dagbag.py:588} INFO - Filling up the DagBag from /home/ubuntu/.local/lib/python3.12/site-packages/airflow/example_dags/tutorial_taskflow_api_virtualenv.py
[2025-01-28T06:37:17.738+0000] {logging_mixin.py:190} INFO - [2025-01-28T06:37:17.738+0000] {tutorial_taskflow_api_virtualenv.py:29} WARNING - The tutorial_taskflow_api_virtualenv example DAG requires virtualenv, please install it.
[2025-01-28T06:37:17.738+0000] {processor.py:927} WARNING - No viable dags retrieved from /home/ubuntu/.local/lib/python3.12/site-packages/airflow/example_dags/tutorial_taskflow_api_virtualenv.py
[2025-01-28T06:37:17.749+0000] {processor.py:208} INFO - Processing /home/ubuntu/.local/lib/python3.12/site-packages/airflow/example_dags/tutorial_taskflow_api_virtualenv.py took 0.022 seconds
[2025-01-28T06:38:11.350+0000] {processor.py:186} INFO - Started process (PID=6169) to work on /home/ubuntu/.local/lib/python3.12/site-packages/airflow/example_dags/tutorial_taskflow_api_virtualenv.py
[2025-01-28T06:38:11.352+0000] {processor.py:914} INFO - Processing file /home/ubuntu/.local/lib/python3.12/site-packages/airflow/example_dags/tutorial_taskflow_api_virtualenv.py for tasks to queue
[2025-01-28T06:38:11.354+0000] {logging_mixin.py:190} INFO - [2025-01-28T06:38:11.353+0000] {dagbag.py:588} INFO - Filling up the DagBag from /home/ubuntu/.local/lib/python3.12/site-packages/airflow/example_dags/tutorial_taskflow_api_virtualenv.py
[2025-01-28T06:38:11.356+0000] {logging_mixin.py:190} INFO - [2025-01-28T06:38:11.356+0000] {tutorial_taskflow_api_virtualenv.py:29} WARNING - The tutorial_taskflow_api_virtualenv example DAG requires virtualenv, please install it.
[2025-01-28T06:38:11.356+0000] {processor.py:927} WARNING - No viable dags retrieved from /home/ubuntu/.local/lib/python3.12/site-packages/airflow/example_dags/tutorial_taskflow_api_virtualenv.py
[2025-01-28T06:38:11.367+0000] {processor.py:208} INFO - Processing /home/ubuntu/.local/lib/python3.12/site-packages/airflow/example_dags/tutorial_taskflow_api_virtualenv.py took 0.022 seconds
[2025-01-28T06:39:05.747+0000] {processor.py:186} INFO - Started process (PID=6226) to work on /home/ubuntu/.local/lib/python3.12/site-packages/airflow/example_dags/tutorial_taskflow_api_virtualenv.py
[2025-01-28T06:39:05.748+0000] {processor.py:914} INFO - Processing file /home/ubuntu/.local/lib/python3.12/site-packages/airflow/example_dags/tutorial_taskflow_api_virtualenv.py for tasks to queue
[2025-01-28T06:39:05.750+0000] {logging_mixin.py:190} INFO - [2025-01-28T06:39:05.750+0000] {dagbag.py:588} INFO - Filling up the DagBag from /home/ubuntu/.local/lib/python3.12/site-packages/airflow/example_dags/tutorial_taskflow_api_virtualenv.py
[2025-01-28T06:39:05.753+0000] {logging_mixin.py:190} INFO - [2025-01-28T06:39:05.753+0000] {tutorial_taskflow_api_virtualenv.py:29} WARNING - The tutorial_taskflow_api_virtualenv example DAG requires virtualenv, please install it.
[2025-01-28T06:39:05.754+0000] {processor.py:927} WARNING - No viable dags retrieved from /home/ubuntu/.local/lib/python3.12/site-packages/airflow/example_dags/tutorial_taskflow_api_virtualenv.py
[2025-01-28T06:39:05.764+0000] {processor.py:208} INFO - Processing /home/ubuntu/.local/lib/python3.12/site-packages/airflow/example_dags/tutorial_taskflow_api_virtualenv.py took 0.022 seconds
[2025-01-28T06:40:04.528+0000] {processor.py:186} INFO - Started process (PID=6285) to work on /home/ubuntu/.local/lib/python3.12/site-packages/airflow/example_dags/tutorial_taskflow_api_virtualenv.py
[2025-01-28T06:40:04.530+0000] {processor.py:914} INFO - Processing file /home/ubuntu/.local/lib/python3.12/site-packages/airflow/example_dags/tutorial_taskflow_api_virtualenv.py for tasks to queue
[2025-01-28T06:40:04.532+0000] {logging_mixin.py:190} INFO - [2025-01-28T06:40:04.532+0000] {dagbag.py:588} INFO - Filling up the DagBag from /home/ubuntu/.local/lib/python3.12/site-packages/airflow/example_dags/tutorial_taskflow_api_virtualenv.py
[2025-01-28T06:40:04.534+0000] {logging_mixin.py:190} INFO - [2025-01-28T06:40:04.534+0000] {tutorial_taskflow_api_virtualenv.py:29} WARNING - The tutorial_taskflow_api_virtualenv example DAG requires virtualenv, please install it.
[2025-01-28T06:40:04.535+0000] {processor.py:927} WARNING - No viable dags retrieved from /home/ubuntu/.local/lib/python3.12/site-packages/airflow/example_dags/tutorial_taskflow_api_virtualenv.py
[2025-01-28T06:40:04.545+0000] {processor.py:208} INFO - Processing /home/ubuntu/.local/lib/python3.12/site-packages/airflow/example_dags/tutorial_taskflow_api_virtualenv.py took 0.022 seconds
[2025-01-28T06:40:57.697+0000] {processor.py:186} INFO - Started process (PID=6344) to work on /home/ubuntu/.local/lib/python3.12/site-packages/airflow/example_dags/tutorial_taskflow_api_virtualenv.py
[2025-01-28T06:40:57.699+0000] {processor.py:914} INFO - Processing file /home/ubuntu/.local/lib/python3.12/site-packages/airflow/example_dags/tutorial_taskflow_api_virtualenv.py for tasks to queue
[2025-01-28T06:40:57.701+0000] {logging_mixin.py:190} INFO - [2025-01-28T06:40:57.701+0000] {dagbag.py:588} INFO - Filling up the DagBag from /home/ubuntu/.local/lib/python3.12/site-packages/airflow/example_dags/tutorial_taskflow_api_virtualenv.py
[2025-01-28T06:40:57.705+0000] {logging_mixin.py:190} INFO - [2025-01-28T06:40:57.705+0000] {tutorial_taskflow_api_virtualenv.py:29} WARNING - The tutorial_taskflow_api_virtualenv example DAG requires virtualenv, please install it.
[2025-01-28T06:40:57.705+0000] {processor.py:927} WARNING - No viable dags retrieved from /home/ubuntu/.local/lib/python3.12/site-packages/airflow/example_dags/tutorial_taskflow_api_virtualenv.py
[2025-01-28T06:40:57.715+0000] {processor.py:208} INFO - Processing /home/ubuntu/.local/lib/python3.12/site-packages/airflow/example_dags/tutorial_taskflow_api_virtualenv.py took 0.024 seconds
[2025-01-28T06:42:04.592+0000] {processor.py:186} INFO - Started process (PID=6541) to work on /home/ubuntu/.local/lib/python3.12/site-packages/airflow/example_dags/tutorial_taskflow_api_virtualenv.py
[2025-01-28T06:42:04.595+0000] {processor.py:914} INFO - Processing file /home/ubuntu/.local/lib/python3.12/site-packages/airflow/example_dags/tutorial_taskflow_api_virtualenv.py for tasks to queue
[2025-01-28T06:42:04.597+0000] {logging_mixin.py:190} INFO - [2025-01-28T06:42:04.596+0000] {dagbag.py:588} INFO - Filling up the DagBag from /home/ubuntu/.local/lib/python3.12/site-packages/airflow/example_dags/tutorial_taskflow_api_virtualenv.py
[2025-01-28T06:42:04.600+0000] {logging_mixin.py:190} INFO - [2025-01-28T06:42:04.600+0000] {tutorial_taskflow_api_virtualenv.py:29} WARNING - The tutorial_taskflow_api_virtualenv example DAG requires virtualenv, please install it.
[2025-01-28T06:42:04.600+0000] {processor.py:927} WARNING - No viable dags retrieved from /home/ubuntu/.local/lib/python3.12/site-packages/airflow/example_dags/tutorial_taskflow_api_virtualenv.py
[2025-01-28T06:42:04.610+0000] {processor.py:208} INFO - Processing /home/ubuntu/.local/lib/python3.12/site-packages/airflow/example_dags/tutorial_taskflow_api_virtualenv.py took 0.023 seconds
[2025-01-28T06:43:02.709+0000] {processor.py:186} INFO - Started process (PID=6599) to work on /home/ubuntu/.local/lib/python3.12/site-packages/airflow/example_dags/tutorial_taskflow_api_virtualenv.py
[2025-01-28T06:43:02.712+0000] {processor.py:914} INFO - Processing file /home/ubuntu/.local/lib/python3.12/site-packages/airflow/example_dags/tutorial_taskflow_api_virtualenv.py for tasks to queue
[2025-01-28T06:43:02.714+0000] {logging_mixin.py:190} INFO - [2025-01-28T06:43:02.713+0000] {dagbag.py:588} INFO - Filling up the DagBag from /home/ubuntu/.local/lib/python3.12/site-packages/airflow/example_dags/tutorial_taskflow_api_virtualenv.py
[2025-01-28T06:43:02.716+0000] {logging_mixin.py:190} INFO - [2025-01-28T06:43:02.716+0000] {tutorial_taskflow_api_virtualenv.py:29} WARNING - The tutorial_taskflow_api_virtualenv example DAG requires virtualenv, please install it.
[2025-01-28T06:43:02.717+0000] {processor.py:927} WARNING - No viable dags retrieved from /home/ubuntu/.local/lib/python3.12/site-packages/airflow/example_dags/tutorial_taskflow_api_virtualenv.py
[2025-01-28T06:43:02.727+0000] {processor.py:208} INFO - Processing /home/ubuntu/.local/lib/python3.12/site-packages/airflow/example_dags/tutorial_taskflow_api_virtualenv.py took 0.022 seconds
[2025-01-28T06:44:06.883+0000] {processor.py:186} INFO - Started process (PID=6661) to work on /home/ubuntu/.local/lib/python3.12/site-packages/airflow/example_dags/tutorial_taskflow_api_virtualenv.py
[2025-01-28T06:44:06.884+0000] {processor.py:914} INFO - Processing file /home/ubuntu/.local/lib/python3.12/site-packages/airflow/example_dags/tutorial_taskflow_api_virtualenv.py for tasks to queue
[2025-01-28T06:44:06.888+0000] {logging_mixin.py:190} INFO - [2025-01-28T06:44:06.887+0000] {dagbag.py:588} INFO - Filling up the DagBag from /home/ubuntu/.local/lib/python3.12/site-packages/airflow/example_dags/tutorial_taskflow_api_virtualenv.py
[2025-01-28T06:44:06.890+0000] {logging_mixin.py:190} INFO - [2025-01-28T06:44:06.890+0000] {tutorial_taskflow_api_virtualenv.py:29} WARNING - The tutorial_taskflow_api_virtualenv example DAG requires virtualenv, please install it.
[2025-01-28T06:44:06.890+0000] {processor.py:927} WARNING - No viable dags retrieved from /home/ubuntu/.local/lib/python3.12/site-packages/airflow/example_dags/tutorial_taskflow_api_virtualenv.py
[2025-01-28T06:44:06.901+0000] {processor.py:208} INFO - Processing /home/ubuntu/.local/lib/python3.12/site-packages/airflow/example_dags/tutorial_taskflow_api_virtualenv.py took 0.023 seconds
[2025-01-28T06:45:13.503+0000] {processor.py:186} INFO - Started process (PID=6726) to work on /home/ubuntu/.local/lib/python3.12/site-packages/airflow/example_dags/tutorial_taskflow_api_virtualenv.py
[2025-01-28T06:45:13.504+0000] {processor.py:914} INFO - Processing file /home/ubuntu/.local/lib/python3.12/site-packages/airflow/example_dags/tutorial_taskflow_api_virtualenv.py for tasks to queue
[2025-01-28T06:45:13.506+0000] {logging_mixin.py:190} INFO - [2025-01-28T06:45:13.506+0000] {dagbag.py:588} INFO - Filling up the DagBag from /home/ubuntu/.local/lib/python3.12/site-packages/airflow/example_dags/tutorial_taskflow_api_virtualenv.py
[2025-01-28T06:45:13.509+0000] {logging_mixin.py:190} INFO - [2025-01-28T06:45:13.509+0000] {tutorial_taskflow_api_virtualenv.py:29} WARNING - The tutorial_taskflow_api_virtualenv example DAG requires virtualenv, please install it.
[2025-01-28T06:45:13.509+0000] {processor.py:927} WARNING - No viable dags retrieved from /home/ubuntu/.local/lib/python3.12/site-packages/airflow/example_dags/tutorial_taskflow_api_virtualenv.py
[2025-01-28T06:45:13.520+0000] {processor.py:208} INFO - Processing /home/ubuntu/.local/lib/python3.12/site-packages/airflow/example_dags/tutorial_taskflow_api_virtualenv.py took 0.023 seconds
[2025-01-28T06:46:09.838+0000] {processor.py:186} INFO - Started process (PID=6948) to work on /home/ubuntu/.local/lib/python3.12/site-packages/airflow/example_dags/tutorial_taskflow_api_virtualenv.py
[2025-01-28T06:46:09.840+0000] {processor.py:914} INFO - Processing file /home/ubuntu/.local/lib/python3.12/site-packages/airflow/example_dags/tutorial_taskflow_api_virtualenv.py for tasks to queue
[2025-01-28T06:46:09.842+0000] {logging_mixin.py:190} INFO - [2025-01-28T06:46:09.842+0000] {dagbag.py:588} INFO - Filling up the DagBag from /home/ubuntu/.local/lib/python3.12/site-packages/airflow/example_dags/tutorial_taskflow_api_virtualenv.py
[2025-01-28T06:46:09.844+0000] {logging_mixin.py:190} INFO - [2025-01-28T06:46:09.844+0000] {tutorial_taskflow_api_virtualenv.py:29} WARNING - The tutorial_taskflow_api_virtualenv example DAG requires virtualenv, please install it.
[2025-01-28T06:46:09.845+0000] {processor.py:927} WARNING - No viable dags retrieved from /home/ubuntu/.local/lib/python3.12/site-packages/airflow/example_dags/tutorial_taskflow_api_virtualenv.py
[2025-01-28T06:46:09.855+0000] {processor.py:208} INFO - Processing /home/ubuntu/.local/lib/python3.12/site-packages/airflow/example_dags/tutorial_taskflow_api_virtualenv.py took 0.023 seconds
