[2025-01-28T03:39:30.480+0000] {processor.py:186} INFO - Started process (PID=9631) to work on /home/ubuntu/airflow-venv/lib/python3.12/site-packages/airflow/example_dags/tutorial.py
[2025-01-28T03:39:30.481+0000] {processor.py:914} INFO - Processing file /home/ubuntu/airflow-venv/lib/python3.12/site-packages/airflow/example_dags/tutorial.py for tasks to queue
[2025-01-28T03:39:30.483+0000] {logging_mixin.py:190} INFO - [2025-01-28T03:39:30.482+0000] {dagbag.py:588} INFO - Filling up the DagBag from /home/ubuntu/airflow-venv/lib/python3.12/site-packages/airflow/example_dags/tutorial.py
[2025-01-28T03:39:30.490+0000] {processor.py:925} INFO - DAG(s) 'tutorial' retrieved from /home/ubuntu/airflow-venv/lib/python3.12/site-packages/airflow/example_dags/tutorial.py
[2025-01-28T03:39:30.594+0000] {logging_mixin.py:190} INFO - [2025-01-28T03:39:30.593+0000] {override.py:1912} INFO - Created Permission View: can read on DAG:tutorial
[2025-01-28T03:39:30.608+0000] {logging_mixin.py:190} INFO - [2025-01-28T03:39:30.607+0000] {override.py:1912} INFO - Created Permission View: can delete on DAG:tutorial
[2025-01-28T03:39:30.619+0000] {logging_mixin.py:190} INFO - [2025-01-28T03:39:30.618+0000] {override.py:1912} INFO - Created Permission View: can edit on DAG:tutorial
[2025-01-28T03:39:30.636+0000] {logging_mixin.py:190} INFO - [2025-01-28T03:39:30.636+0000] {override.py:1912} INFO - Created Permission View: menu access on DAG Run:tutorial
[2025-01-28T03:39:30.648+0000] {logging_mixin.py:190} INFO - [2025-01-28T03:39:30.648+0000] {override.py:1912} INFO - Created Permission View: can read on DAG Run:tutorial
[2025-01-28T03:39:30.658+0000] {logging_mixin.py:190} INFO - [2025-01-28T03:39:30.658+0000] {override.py:1912} INFO - Created Permission View: can delete on DAG Run:tutorial
[2025-01-28T03:39:30.669+0000] {logging_mixin.py:190} INFO - [2025-01-28T03:39:30.669+0000] {override.py:1912} INFO - Created Permission View: can create on DAG Run:tutorial
[2025-01-28T03:39:30.669+0000] {logging_mixin.py:190} INFO - [2025-01-28T03:39:30.669+0000] {dag.py:3239} INFO - Sync 1 DAGs
[2025-01-28T03:39:30.679+0000] {logging_mixin.py:190} INFO - [2025-01-28T03:39:30.679+0000] {dag.py:3262} INFO - Creating ORM DAG for tutorial
[2025-01-28T03:39:30.686+0000] {logging_mixin.py:190} INFO - [2025-01-28T03:39:30.686+0000] {dag.py:4180} INFO - Setting next_dagrun for tutorial to 2025-01-27 00:00:00+00:00, run_after=2025-01-28 00:00:00+00:00
[2025-01-28T03:39:30.710+0000] {processor.py:208} INFO - Processing /home/ubuntu/airflow-venv/lib/python3.12/site-packages/airflow/example_dags/tutorial.py took 0.235 seconds
[2025-01-28T03:40:36.813+0000] {processor.py:186} INFO - Started process (PID=9692) to work on /home/ubuntu/airflow-venv/lib/python3.12/site-packages/airflow/example_dags/tutorial.py
[2025-01-28T03:40:36.814+0000] {processor.py:914} INFO - Processing file /home/ubuntu/airflow-venv/lib/python3.12/site-packages/airflow/example_dags/tutorial.py for tasks to queue
[2025-01-28T03:40:36.816+0000] {logging_mixin.py:190} INFO - [2025-01-28T03:40:36.816+0000] {dagbag.py:588} INFO - Filling up the DagBag from /home/ubuntu/airflow-venv/lib/python3.12/site-packages/airflow/example_dags/tutorial.py
[2025-01-28T03:40:36.824+0000] {processor.py:925} INFO - DAG(s) 'tutorial' retrieved from /home/ubuntu/airflow-venv/lib/python3.12/site-packages/airflow/example_dags/tutorial.py
[2025-01-28T03:40:36.838+0000] {logging_mixin.py:190} INFO - [2025-01-28T03:40:36.838+0000] {dag.py:3239} INFO - Sync 1 DAGs
[2025-01-28T03:40:36.856+0000] {logging_mixin.py:190} INFO - [2025-01-28T03:40:36.856+0000] {dag.py:4180} INFO - Setting next_dagrun for tutorial to 2025-01-27 00:00:00+00:00, run_after=2025-01-28 00:00:00+00:00
[2025-01-28T03:40:36.879+0000] {processor.py:208} INFO - Processing /home/ubuntu/airflow-venv/lib/python3.12/site-packages/airflow/example_dags/tutorial.py took 0.072 seconds
[2025-01-28T03:41:31.724+0000] {processor.py:186} INFO - Started process (PID=9749) to work on /home/ubuntu/airflow-venv/lib/python3.12/site-packages/airflow/example_dags/tutorial.py
[2025-01-28T03:41:31.725+0000] {processor.py:914} INFO - Processing file /home/ubuntu/airflow-venv/lib/python3.12/site-packages/airflow/example_dags/tutorial.py for tasks to queue
[2025-01-28T03:41:31.728+0000] {logging_mixin.py:190} INFO - [2025-01-28T03:41:31.727+0000] {dagbag.py:588} INFO - Filling up the DagBag from /home/ubuntu/airflow-venv/lib/python3.12/site-packages/airflow/example_dags/tutorial.py
[2025-01-28T03:41:31.735+0000] {processor.py:925} INFO - DAG(s) 'tutorial' retrieved from /home/ubuntu/airflow-venv/lib/python3.12/site-packages/airflow/example_dags/tutorial.py
[2025-01-28T03:41:31.752+0000] {logging_mixin.py:190} INFO - [2025-01-28T03:41:31.751+0000] {dag.py:3239} INFO - Sync 1 DAGs
[2025-01-28T03:41:31.770+0000] {logging_mixin.py:190} INFO - [2025-01-28T03:41:31.770+0000] {dag.py:4180} INFO - Setting next_dagrun for tutorial to 2025-01-27 00:00:00+00:00, run_after=2025-01-28 00:00:00+00:00
[2025-01-28T03:41:31.791+0000] {processor.py:208} INFO - Processing /home/ubuntu/airflow-venv/lib/python3.12/site-packages/airflow/example_dags/tutorial.py took 0.073 seconds
[2025-01-28T03:43:16.859+0000] {processor.py:186} INFO - Started process (PID=9793) to work on /home/ubuntu/airflow-venv/lib/python3.12/site-packages/airflow/example_dags/tutorial.py
[2025-01-28T03:43:16.861+0000] {processor.py:914} INFO - Processing file /home/ubuntu/airflow-venv/lib/python3.12/site-packages/airflow/example_dags/tutorial.py for tasks to queue
[2025-01-28T03:43:16.866+0000] {logging_mixin.py:190} INFO - [2025-01-28T03:43:16.863+0000] {dagbag.py:588} INFO - Filling up the DagBag from /home/ubuntu/airflow-venv/lib/python3.12/site-packages/airflow/example_dags/tutorial.py
[2025-01-28T03:43:16.873+0000] {processor.py:925} INFO - DAG(s) 'tutorial' retrieved from /home/ubuntu/airflow-venv/lib/python3.12/site-packages/airflow/example_dags/tutorial.py
[2025-01-28T03:43:16.889+0000] {logging_mixin.py:190} INFO - [2025-01-28T03:43:16.889+0000] {dag.py:3239} INFO - Sync 1 DAGs
[2025-01-28T03:43:16.906+0000] {logging_mixin.py:190} INFO - [2025-01-28T03:43:16.906+0000] {dag.py:4180} INFO - Setting next_dagrun for tutorial to 2025-01-27 00:00:00+00:00, run_after=2025-01-28 00:00:00+00:00
[2025-01-28T03:43:16.929+0000] {processor.py:208} INFO - Processing /home/ubuntu/airflow-venv/lib/python3.12/site-packages/airflow/example_dags/tutorial.py took 0.075 seconds
[2025-01-28T03:44:11.468+0000] {processor.py:186} INFO - Started process (PID=9851) to work on /home/ubuntu/airflow-venv/lib/python3.12/site-packages/airflow/example_dags/tutorial.py
[2025-01-28T03:44:11.470+0000] {processor.py:914} INFO - Processing file /home/ubuntu/airflow-venv/lib/python3.12/site-packages/airflow/example_dags/tutorial.py for tasks to queue
[2025-01-28T03:44:11.472+0000] {logging_mixin.py:190} INFO - [2025-01-28T03:44:11.472+0000] {dagbag.py:588} INFO - Filling up the DagBag from /home/ubuntu/airflow-venv/lib/python3.12/site-packages/airflow/example_dags/tutorial.py
[2025-01-28T03:44:11.480+0000] {processor.py:925} INFO - DAG(s) 'tutorial' retrieved from /home/ubuntu/airflow-venv/lib/python3.12/site-packages/airflow/example_dags/tutorial.py
[2025-01-28T03:44:11.495+0000] {logging_mixin.py:190} INFO - [2025-01-28T03:44:11.495+0000] {dag.py:3239} INFO - Sync 1 DAGs
[2025-01-28T03:44:11.514+0000] {logging_mixin.py:190} INFO - [2025-01-28T03:44:11.514+0000] {dag.py:4180} INFO - Setting next_dagrun for tutorial to 2025-01-27 00:00:00+00:00, run_after=2025-01-28 00:00:00+00:00
[2025-01-28T03:44:11.536+0000] {processor.py:208} INFO - Processing /home/ubuntu/airflow-venv/lib/python3.12/site-packages/airflow/example_dags/tutorial.py took 0.073 seconds
[2025-01-28T03:45:03.375+0000] {processor.py:186} INFO - Started process (PID=9909) to work on /home/ubuntu/airflow-venv/lib/python3.12/site-packages/airflow/example_dags/tutorial.py
[2025-01-28T03:45:03.376+0000] {processor.py:914} INFO - Processing file /home/ubuntu/airflow-venv/lib/python3.12/site-packages/airflow/example_dags/tutorial.py for tasks to queue
[2025-01-28T03:45:03.379+0000] {logging_mixin.py:190} INFO - [2025-01-28T03:45:03.379+0000] {dagbag.py:588} INFO - Filling up the DagBag from /home/ubuntu/airflow-venv/lib/python3.12/site-packages/airflow/example_dags/tutorial.py
[2025-01-28T03:45:03.388+0000] {processor.py:925} INFO - DAG(s) 'tutorial' retrieved from /home/ubuntu/airflow-venv/lib/python3.12/site-packages/airflow/example_dags/tutorial.py
[2025-01-28T03:45:03.403+0000] {logging_mixin.py:190} INFO - [2025-01-28T03:45:03.403+0000] {dag.py:3239} INFO - Sync 1 DAGs
[2025-01-28T03:45:03.422+0000] {logging_mixin.py:190} INFO - [2025-01-28T03:45:03.422+0000] {dag.py:4180} INFO - Setting next_dagrun for tutorial to 2025-01-27 00:00:00+00:00, run_after=2025-01-28 00:00:00+00:00
[2025-01-28T03:45:03.444+0000] {processor.py:208} INFO - Processing /home/ubuntu/airflow-venv/lib/python3.12/site-packages/airflow/example_dags/tutorial.py took 0.075 seconds
[2025-01-28T03:45:54.737+0000] {processor.py:186} INFO - Started process (PID=9962) to work on /home/ubuntu/airflow-venv/lib/python3.12/site-packages/airflow/example_dags/tutorial.py
[2025-01-28T03:45:54.739+0000] {processor.py:914} INFO - Processing file /home/ubuntu/airflow-venv/lib/python3.12/site-packages/airflow/example_dags/tutorial.py for tasks to queue
[2025-01-28T03:45:54.741+0000] {logging_mixin.py:190} INFO - [2025-01-28T03:45:54.741+0000] {dagbag.py:588} INFO - Filling up the DagBag from /home/ubuntu/airflow-venv/lib/python3.12/site-packages/airflow/example_dags/tutorial.py
[2025-01-28T03:45:54.749+0000] {processor.py:925} INFO - DAG(s) 'tutorial' retrieved from /home/ubuntu/airflow-venv/lib/python3.12/site-packages/airflow/example_dags/tutorial.py
[2025-01-28T03:45:54.763+0000] {logging_mixin.py:190} INFO - [2025-01-28T03:45:54.763+0000] {dag.py:3239} INFO - Sync 1 DAGs
[2025-01-28T03:45:54.781+0000] {logging_mixin.py:190} INFO - [2025-01-28T03:45:54.781+0000] {dag.py:4180} INFO - Setting next_dagrun for tutorial to 2025-01-27 00:00:00+00:00, run_after=2025-01-28 00:00:00+00:00
[2025-01-28T03:45:54.804+0000] {processor.py:208} INFO - Processing /home/ubuntu/airflow-venv/lib/python3.12/site-packages/airflow/example_dags/tutorial.py took 0.072 seconds
[2025-01-28T03:46:48.636+0000] {processor.py:186} INFO - Started process (PID=10016) to work on /home/ubuntu/airflow-venv/lib/python3.12/site-packages/airflow/example_dags/tutorial.py
[2025-01-28T03:46:48.638+0000] {processor.py:914} INFO - Processing file /home/ubuntu/airflow-venv/lib/python3.12/site-packages/airflow/example_dags/tutorial.py for tasks to queue
[2025-01-28T03:46:48.640+0000] {logging_mixin.py:190} INFO - [2025-01-28T03:46:48.639+0000] {dagbag.py:588} INFO - Filling up the DagBag from /home/ubuntu/airflow-venv/lib/python3.12/site-packages/airflow/example_dags/tutorial.py
[2025-01-28T03:46:48.648+0000] {processor.py:925} INFO - DAG(s) 'tutorial' retrieved from /home/ubuntu/airflow-venv/lib/python3.12/site-packages/airflow/example_dags/tutorial.py
[2025-01-28T03:46:48.663+0000] {logging_mixin.py:190} INFO - [2025-01-28T03:46:48.662+0000] {dag.py:3239} INFO - Sync 1 DAGs
[2025-01-28T03:46:48.680+0000] {logging_mixin.py:190} INFO - [2025-01-28T03:46:48.680+0000] {dag.py:4180} INFO - Setting next_dagrun for tutorial to 2025-01-27 00:00:00+00:00, run_after=2025-01-28 00:00:00+00:00
[2025-01-28T03:46:48.701+0000] {processor.py:208} INFO - Processing /home/ubuntu/airflow-venv/lib/python3.12/site-packages/airflow/example_dags/tutorial.py took 0.074 seconds
[2025-01-28T03:47:41.691+0000] {processor.py:186} INFO - Started process (PID=10071) to work on /home/ubuntu/airflow-venv/lib/python3.12/site-packages/airflow/example_dags/tutorial.py
[2025-01-28T03:47:41.693+0000] {processor.py:914} INFO - Processing file /home/ubuntu/airflow-venv/lib/python3.12/site-packages/airflow/example_dags/tutorial.py for tasks to queue
[2025-01-28T03:47:41.695+0000] {logging_mixin.py:190} INFO - [2025-01-28T03:47:41.695+0000] {dagbag.py:588} INFO - Filling up the DagBag from /home/ubuntu/airflow-venv/lib/python3.12/site-packages/airflow/example_dags/tutorial.py
[2025-01-28T03:47:41.702+0000] {processor.py:925} INFO - DAG(s) 'tutorial' retrieved from /home/ubuntu/airflow-venv/lib/python3.12/site-packages/airflow/example_dags/tutorial.py
[2025-01-28T03:47:41.717+0000] {logging_mixin.py:190} INFO - [2025-01-28T03:47:41.717+0000] {dag.py:3239} INFO - Sync 1 DAGs
[2025-01-28T03:47:41.735+0000] {logging_mixin.py:190} INFO - [2025-01-28T03:47:41.735+0000] {dag.py:4180} INFO - Setting next_dagrun for tutorial to 2025-01-27 00:00:00+00:00, run_after=2025-01-28 00:00:00+00:00
[2025-01-28T03:47:41.757+0000] {processor.py:208} INFO - Processing /home/ubuntu/airflow-venv/lib/python3.12/site-packages/airflow/example_dags/tutorial.py took 0.071 seconds
[2025-01-28T03:48:30.190+0000] {processor.py:186} INFO - Started process (PID=10123) to work on /home/ubuntu/airflow-venv/lib/python3.12/site-packages/airflow/example_dags/tutorial.py
[2025-01-28T03:48:30.191+0000] {processor.py:914} INFO - Processing file /home/ubuntu/airflow-venv/lib/python3.12/site-packages/airflow/example_dags/tutorial.py for tasks to queue
[2025-01-28T03:48:30.193+0000] {logging_mixin.py:190} INFO - [2025-01-28T03:48:30.193+0000] {dagbag.py:588} INFO - Filling up the DagBag from /home/ubuntu/airflow-venv/lib/python3.12/site-packages/airflow/example_dags/tutorial.py
[2025-01-28T03:48:30.201+0000] {processor.py:925} INFO - DAG(s) 'tutorial' retrieved from /home/ubuntu/airflow-venv/lib/python3.12/site-packages/airflow/example_dags/tutorial.py
[2025-01-28T03:48:30.215+0000] {logging_mixin.py:190} INFO - [2025-01-28T03:48:30.215+0000] {dag.py:3239} INFO - Sync 1 DAGs
[2025-01-28T03:48:30.239+0000] {logging_mixin.py:190} INFO - [2025-01-28T03:48:30.239+0000] {dag.py:4180} INFO - Setting next_dagrun for tutorial to 2025-01-27 00:00:00+00:00, run_after=2025-01-28 00:00:00+00:00
[2025-01-28T03:48:30.261+0000] {processor.py:208} INFO - Processing /home/ubuntu/airflow-venv/lib/python3.12/site-packages/airflow/example_dags/tutorial.py took 0.076 seconds
[2025-01-28T03:49:18.238+0000] {processor.py:186} INFO - Started process (PID=10174) to work on /home/ubuntu/airflow-venv/lib/python3.12/site-packages/airflow/example_dags/tutorial.py
[2025-01-28T03:49:18.240+0000] {processor.py:914} INFO - Processing file /home/ubuntu/airflow-venv/lib/python3.12/site-packages/airflow/example_dags/tutorial.py for tasks to queue
[2025-01-28T03:49:18.242+0000] {logging_mixin.py:190} INFO - [2025-01-28T03:49:18.241+0000] {dagbag.py:588} INFO - Filling up the DagBag from /home/ubuntu/airflow-venv/lib/python3.12/site-packages/airflow/example_dags/tutorial.py
[2025-01-28T03:49:18.250+0000] {processor.py:925} INFO - DAG(s) 'tutorial' retrieved from /home/ubuntu/airflow-venv/lib/python3.12/site-packages/airflow/example_dags/tutorial.py
[2025-01-28T03:49:18.264+0000] {logging_mixin.py:190} INFO - [2025-01-28T03:49:18.264+0000] {dag.py:3239} INFO - Sync 1 DAGs
[2025-01-28T03:49:18.282+0000] {logging_mixin.py:190} INFO - [2025-01-28T03:49:18.282+0000] {dag.py:4180} INFO - Setting next_dagrun for tutorial to 2025-01-27 00:00:00+00:00, run_after=2025-01-28 00:00:00+00:00
[2025-01-28T03:49:18.303+0000] {processor.py:208} INFO - Processing /home/ubuntu/airflow-venv/lib/python3.12/site-packages/airflow/example_dags/tutorial.py took 0.070 seconds
[2025-01-28T05:55:13.291+0000] {processor.py:186} INFO - Started process (PID=1905) to work on /home/ubuntu/.local/lib/python3.12/site-packages/airflow/example_dags/tutorial.py
[2025-01-28T05:55:13.293+0000] {processor.py:914} INFO - Processing file /home/ubuntu/.local/lib/python3.12/site-packages/airflow/example_dags/tutorial.py for tasks to queue
[2025-01-28T05:55:13.295+0000] {logging_mixin.py:190} INFO - [2025-01-28T05:55:13.295+0000] {dagbag.py:588} INFO - Filling up the DagBag from /home/ubuntu/.local/lib/python3.12/site-packages/airflow/example_dags/tutorial.py
[2025-01-28T05:55:13.303+0000] {processor.py:925} INFO - DAG(s) 'tutorial' retrieved from /home/ubuntu/.local/lib/python3.12/site-packages/airflow/example_dags/tutorial.py
[2025-01-28T05:55:13.404+0000] {logging_mixin.py:190} INFO - [2025-01-28T05:55:13.403+0000] {dag.py:3239} INFO - Sync 1 DAGs
[2025-01-28T05:55:13.420+0000] {logging_mixin.py:190} INFO - [2025-01-28T05:55:13.419+0000] {dag.py:4180} INFO - Setting next_dagrun for tutorial to 2025-01-27 00:00:00+00:00, run_after=2025-01-28 00:00:00+00:00
[2025-01-28T05:55:13.447+0000] {processor.py:208} INFO - Processing /home/ubuntu/.local/lib/python3.12/site-packages/airflow/example_dags/tutorial.py took 0.161 seconds
[2025-01-28T05:56:12.053+0000] {processor.py:186} INFO - Started process (PID=1964) to work on /home/ubuntu/.local/lib/python3.12/site-packages/airflow/example_dags/tutorial.py
[2025-01-28T05:56:12.055+0000] {processor.py:914} INFO - Processing file /home/ubuntu/.local/lib/python3.12/site-packages/airflow/example_dags/tutorial.py for tasks to queue
[2025-01-28T05:56:12.057+0000] {logging_mixin.py:190} INFO - [2025-01-28T05:56:12.056+0000] {dagbag.py:588} INFO - Filling up the DagBag from /home/ubuntu/.local/lib/python3.12/site-packages/airflow/example_dags/tutorial.py
[2025-01-28T05:56:12.067+0000] {processor.py:925} INFO - DAG(s) 'tutorial' retrieved from /home/ubuntu/.local/lib/python3.12/site-packages/airflow/example_dags/tutorial.py
[2025-01-28T05:56:12.081+0000] {logging_mixin.py:190} INFO - [2025-01-28T05:56:12.081+0000] {dag.py:3239} INFO - Sync 1 DAGs
[2025-01-28T05:56:12.099+0000] {logging_mixin.py:190} INFO - [2025-01-28T05:56:12.099+0000] {dag.py:4180} INFO - Setting next_dagrun for tutorial to 2025-01-27 00:00:00+00:00, run_after=2025-01-28 00:00:00+00:00
[2025-01-28T05:56:12.121+0000] {processor.py:208} INFO - Processing /home/ubuntu/.local/lib/python3.12/site-packages/airflow/example_dags/tutorial.py took 0.074 seconds
[2025-01-28T05:57:09.351+0000] {processor.py:186} INFO - Started process (PID=2040) to work on /home/ubuntu/.local/lib/python3.12/site-packages/airflow/example_dags/tutorial.py
[2025-01-28T05:57:09.352+0000] {processor.py:914} INFO - Processing file /home/ubuntu/.local/lib/python3.12/site-packages/airflow/example_dags/tutorial.py for tasks to queue
[2025-01-28T05:57:09.354+0000] {logging_mixin.py:190} INFO - [2025-01-28T05:57:09.354+0000] {dagbag.py:588} INFO - Filling up the DagBag from /home/ubuntu/.local/lib/python3.12/site-packages/airflow/example_dags/tutorial.py
[2025-01-28T05:57:09.363+0000] {processor.py:925} INFO - DAG(s) 'tutorial' retrieved from /home/ubuntu/.local/lib/python3.12/site-packages/airflow/example_dags/tutorial.py
[2025-01-28T05:57:09.377+0000] {logging_mixin.py:190} INFO - [2025-01-28T05:57:09.377+0000] {dag.py:3239} INFO - Sync 1 DAGs
[2025-01-28T05:57:09.394+0000] {logging_mixin.py:190} INFO - [2025-01-28T05:57:09.394+0000] {dag.py:4180} INFO - Setting next_dagrun for tutorial to 2025-01-27 00:00:00+00:00, run_after=2025-01-28 00:00:00+00:00
[2025-01-28T05:57:09.417+0000] {processor.py:208} INFO - Processing /home/ubuntu/.local/lib/python3.12/site-packages/airflow/example_dags/tutorial.py took 0.071 seconds
[2025-01-28T05:58:03.652+0000] {processor.py:186} INFO - Started process (PID=2111) to work on /home/ubuntu/.local/lib/python3.12/site-packages/airflow/example_dags/tutorial.py
[2025-01-28T05:58:03.654+0000] {processor.py:914} INFO - Processing file /home/ubuntu/.local/lib/python3.12/site-packages/airflow/example_dags/tutorial.py for tasks to queue
[2025-01-28T05:58:03.657+0000] {logging_mixin.py:190} INFO - [2025-01-28T05:58:03.656+0000] {dagbag.py:588} INFO - Filling up the DagBag from /home/ubuntu/.local/lib/python3.12/site-packages/airflow/example_dags/tutorial.py
[2025-01-28T05:58:03.665+0000] {processor.py:925} INFO - DAG(s) 'tutorial' retrieved from /home/ubuntu/.local/lib/python3.12/site-packages/airflow/example_dags/tutorial.py
[2025-01-28T05:58:03.680+0000] {logging_mixin.py:190} INFO - [2025-01-28T05:58:03.680+0000] {dag.py:3239} INFO - Sync 1 DAGs
[2025-01-28T05:58:03.699+0000] {logging_mixin.py:190} INFO - [2025-01-28T05:58:03.698+0000] {dag.py:4180} INFO - Setting next_dagrun for tutorial to 2025-01-27 00:00:00+00:00, run_after=2025-01-28 00:00:00+00:00
[2025-01-28T05:58:03.723+0000] {processor.py:208} INFO - Processing /home/ubuntu/.local/lib/python3.12/site-packages/airflow/example_dags/tutorial.py took 0.075 seconds
[2025-01-28T05:58:59.065+0000] {processor.py:186} INFO - Started process (PID=2168) to work on /home/ubuntu/.local/lib/python3.12/site-packages/airflow/example_dags/tutorial.py
[2025-01-28T05:58:59.067+0000] {processor.py:914} INFO - Processing file /home/ubuntu/.local/lib/python3.12/site-packages/airflow/example_dags/tutorial.py for tasks to queue
[2025-01-28T05:58:59.069+0000] {logging_mixin.py:190} INFO - [2025-01-28T05:58:59.069+0000] {dagbag.py:588} INFO - Filling up the DagBag from /home/ubuntu/.local/lib/python3.12/site-packages/airflow/example_dags/tutorial.py
[2025-01-28T05:58:59.078+0000] {processor.py:925} INFO - DAG(s) 'tutorial' retrieved from /home/ubuntu/.local/lib/python3.12/site-packages/airflow/example_dags/tutorial.py
[2025-01-28T05:58:59.093+0000] {logging_mixin.py:190} INFO - [2025-01-28T05:58:59.092+0000] {dag.py:3239} INFO - Sync 1 DAGs
[2025-01-28T05:58:59.112+0000] {logging_mixin.py:190} INFO - [2025-01-28T05:58:59.112+0000] {dag.py:4180} INFO - Setting next_dagrun for tutorial to 2025-01-27 00:00:00+00:00, run_after=2025-01-28 00:00:00+00:00
[2025-01-28T05:58:59.146+0000] {processor.py:208} INFO - Processing /home/ubuntu/.local/lib/python3.12/site-packages/airflow/example_dags/tutorial.py took 0.088 seconds
[2025-01-28T05:59:54.920+0000] {processor.py:186} INFO - Started process (PID=2225) to work on /home/ubuntu/.local/lib/python3.12/site-packages/airflow/example_dags/tutorial.py
[2025-01-28T05:59:54.922+0000] {processor.py:914} INFO - Processing file /home/ubuntu/.local/lib/python3.12/site-packages/airflow/example_dags/tutorial.py for tasks to queue
[2025-01-28T05:59:54.924+0000] {logging_mixin.py:190} INFO - [2025-01-28T05:59:54.924+0000] {dagbag.py:588} INFO - Filling up the DagBag from /home/ubuntu/.local/lib/python3.12/site-packages/airflow/example_dags/tutorial.py
[2025-01-28T05:59:54.932+0000] {processor.py:925} INFO - DAG(s) 'tutorial' retrieved from /home/ubuntu/.local/lib/python3.12/site-packages/airflow/example_dags/tutorial.py
[2025-01-28T05:59:54.947+0000] {logging_mixin.py:190} INFO - [2025-01-28T05:59:54.947+0000] {dag.py:3239} INFO - Sync 1 DAGs
[2025-01-28T05:59:54.965+0000] {logging_mixin.py:190} INFO - [2025-01-28T05:59:54.965+0000] {dag.py:4180} INFO - Setting next_dagrun for tutorial to 2025-01-27 00:00:00+00:00, run_after=2025-01-28 00:00:00+00:00
[2025-01-28T05:59:54.987+0000] {processor.py:208} INFO - Processing /home/ubuntu/.local/lib/python3.12/site-packages/airflow/example_dags/tutorial.py took 0.072 seconds
[2025-01-28T06:00:48.366+0000] {processor.py:186} INFO - Started process (PID=2282) to work on /home/ubuntu/.local/lib/python3.12/site-packages/airflow/example_dags/tutorial.py
[2025-01-28T06:00:48.368+0000] {processor.py:914} INFO - Processing file /home/ubuntu/.local/lib/python3.12/site-packages/airflow/example_dags/tutorial.py for tasks to queue
[2025-01-28T06:00:48.370+0000] {logging_mixin.py:190} INFO - [2025-01-28T06:00:48.369+0000] {dagbag.py:588} INFO - Filling up the DagBag from /home/ubuntu/.local/lib/python3.12/site-packages/airflow/example_dags/tutorial.py
[2025-01-28T06:00:48.379+0000] {processor.py:925} INFO - DAG(s) 'tutorial' retrieved from /home/ubuntu/.local/lib/python3.12/site-packages/airflow/example_dags/tutorial.py
[2025-01-28T06:00:48.393+0000] {logging_mixin.py:190} INFO - [2025-01-28T06:00:48.392+0000] {dag.py:3239} INFO - Sync 1 DAGs
[2025-01-28T06:00:48.411+0000] {logging_mixin.py:190} INFO - [2025-01-28T06:00:48.411+0000] {dag.py:4180} INFO - Setting next_dagrun for tutorial to 2025-01-27 00:00:00+00:00, run_after=2025-01-28 00:00:00+00:00
[2025-01-28T06:00:48.432+0000] {processor.py:208} INFO - Processing /home/ubuntu/.local/lib/python3.12/site-packages/airflow/example_dags/tutorial.py took 0.071 seconds
[2025-01-28T06:01:41.903+0000] {processor.py:186} INFO - Started process (PID=2341) to work on /home/ubuntu/.local/lib/python3.12/site-packages/airflow/example_dags/tutorial.py
[2025-01-28T06:01:41.905+0000] {processor.py:914} INFO - Processing file /home/ubuntu/.local/lib/python3.12/site-packages/airflow/example_dags/tutorial.py for tasks to queue
[2025-01-28T06:01:41.908+0000] {logging_mixin.py:190} INFO - [2025-01-28T06:01:41.908+0000] {dagbag.py:588} INFO - Filling up the DagBag from /home/ubuntu/.local/lib/python3.12/site-packages/airflow/example_dags/tutorial.py
[2025-01-28T06:01:41.916+0000] {processor.py:925} INFO - DAG(s) 'tutorial' retrieved from /home/ubuntu/.local/lib/python3.12/site-packages/airflow/example_dags/tutorial.py
[2025-01-28T06:01:41.930+0000] {logging_mixin.py:190} INFO - [2025-01-28T06:01:41.930+0000] {dag.py:3239} INFO - Sync 1 DAGs
[2025-01-28T06:01:41.948+0000] {logging_mixin.py:190} INFO - [2025-01-28T06:01:41.948+0000] {dag.py:4180} INFO - Setting next_dagrun for tutorial to 2025-01-27 00:00:00+00:00, run_after=2025-01-28 00:00:00+00:00
[2025-01-28T06:01:41.970+0000] {processor.py:208} INFO - Processing /home/ubuntu/.local/lib/python3.12/site-packages/airflow/example_dags/tutorial.py took 0.072 seconds
[2025-01-28T06:02:32.676+0000] {processor.py:186} INFO - Started process (PID=2409) to work on /home/ubuntu/.local/lib/python3.12/site-packages/airflow/example_dags/tutorial.py
[2025-01-28T06:02:32.678+0000] {processor.py:914} INFO - Processing file /home/ubuntu/.local/lib/python3.12/site-packages/airflow/example_dags/tutorial.py for tasks to queue
[2025-01-28T06:02:32.680+0000] {logging_mixin.py:190} INFO - [2025-01-28T06:02:32.679+0000] {dagbag.py:588} INFO - Filling up the DagBag from /home/ubuntu/.local/lib/python3.12/site-packages/airflow/example_dags/tutorial.py
[2025-01-28T06:02:32.687+0000] {processor.py:925} INFO - DAG(s) 'tutorial' retrieved from /home/ubuntu/.local/lib/python3.12/site-packages/airflow/example_dags/tutorial.py
[2025-01-28T06:02:32.703+0000] {logging_mixin.py:190} INFO - [2025-01-28T06:02:32.703+0000] {dag.py:3239} INFO - Sync 1 DAGs
[2025-01-28T06:02:32.721+0000] {logging_mixin.py:190} INFO - [2025-01-28T06:02:32.721+0000] {dag.py:4180} INFO - Setting next_dagrun for tutorial to 2025-01-27 00:00:00+00:00, run_after=2025-01-28 00:00:00+00:00
[2025-01-28T06:02:32.754+0000] {processor.py:208} INFO - Processing /home/ubuntu/.local/lib/python3.12/site-packages/airflow/example_dags/tutorial.py took 0.083 seconds
[2025-01-28T06:03:25.956+0000] {processor.py:186} INFO - Started process (PID=2465) to work on /home/ubuntu/.local/lib/python3.12/site-packages/airflow/example_dags/tutorial.py
[2025-01-28T06:03:25.958+0000] {processor.py:914} INFO - Processing file /home/ubuntu/.local/lib/python3.12/site-packages/airflow/example_dags/tutorial.py for tasks to queue
[2025-01-28T06:03:25.960+0000] {logging_mixin.py:190} INFO - [2025-01-28T06:03:25.960+0000] {dagbag.py:588} INFO - Filling up the DagBag from /home/ubuntu/.local/lib/python3.12/site-packages/airflow/example_dags/tutorial.py
[2025-01-28T06:03:25.968+0000] {processor.py:925} INFO - DAG(s) 'tutorial' retrieved from /home/ubuntu/.local/lib/python3.12/site-packages/airflow/example_dags/tutorial.py
[2025-01-28T06:03:25.984+0000] {logging_mixin.py:190} INFO - [2025-01-28T06:03:25.984+0000] {dag.py:3239} INFO - Sync 1 DAGs
[2025-01-28T06:03:26.002+0000] {logging_mixin.py:190} INFO - [2025-01-28T06:03:26.001+0000] {dag.py:4180} INFO - Setting next_dagrun for tutorial to 2025-01-27 00:00:00+00:00, run_after=2025-01-28 00:00:00+00:00
[2025-01-28T06:03:26.025+0000] {processor.py:208} INFO - Processing /home/ubuntu/.local/lib/python3.12/site-packages/airflow/example_dags/tutorial.py took 0.074 seconds
[2025-01-28T06:04:32.056+0000] {processor.py:186} INFO - Started process (PID=2536) to work on /home/ubuntu/.local/lib/python3.12/site-packages/airflow/example_dags/tutorial.py
[2025-01-28T06:04:32.059+0000] {processor.py:914} INFO - Processing file /home/ubuntu/.local/lib/python3.12/site-packages/airflow/example_dags/tutorial.py for tasks to queue
[2025-01-28T06:04:32.061+0000] {logging_mixin.py:190} INFO - [2025-01-28T06:04:32.061+0000] {dagbag.py:588} INFO - Filling up the DagBag from /home/ubuntu/.local/lib/python3.12/site-packages/airflow/example_dags/tutorial.py
[2025-01-28T06:04:32.069+0000] {processor.py:925} INFO - DAG(s) 'tutorial' retrieved from /home/ubuntu/.local/lib/python3.12/site-packages/airflow/example_dags/tutorial.py
[2025-01-28T06:04:32.085+0000] {logging_mixin.py:190} INFO - [2025-01-28T06:04:32.084+0000] {dag.py:3239} INFO - Sync 1 DAGs
[2025-01-28T06:04:32.103+0000] {logging_mixin.py:190} INFO - [2025-01-28T06:04:32.103+0000] {dag.py:4180} INFO - Setting next_dagrun for tutorial to 2025-01-27 00:00:00+00:00, run_after=2025-01-28 00:00:00+00:00
[2025-01-28T06:04:32.125+0000] {processor.py:208} INFO - Processing /home/ubuntu/.local/lib/python3.12/site-packages/airflow/example_dags/tutorial.py took 0.074 seconds
[2025-01-28T06:05:28.641+0000] {processor.py:186} INFO - Started process (PID=2598) to work on /home/ubuntu/.local/lib/python3.12/site-packages/airflow/example_dags/tutorial.py
[2025-01-28T06:05:28.643+0000] {processor.py:914} INFO - Processing file /home/ubuntu/.local/lib/python3.12/site-packages/airflow/example_dags/tutorial.py for tasks to queue
[2025-01-28T06:05:28.646+0000] {logging_mixin.py:190} INFO - [2025-01-28T06:05:28.646+0000] {dagbag.py:588} INFO - Filling up the DagBag from /home/ubuntu/.local/lib/python3.12/site-packages/airflow/example_dags/tutorial.py
[2025-01-28T06:05:28.654+0000] {processor.py:925} INFO - DAG(s) 'tutorial' retrieved from /home/ubuntu/.local/lib/python3.12/site-packages/airflow/example_dags/tutorial.py
[2025-01-28T06:05:28.669+0000] {logging_mixin.py:190} INFO - [2025-01-28T06:05:28.669+0000] {dag.py:3239} INFO - Sync 1 DAGs
[2025-01-28T06:05:28.686+0000] {logging_mixin.py:190} INFO - [2025-01-28T06:05:28.686+0000] {dag.py:4180} INFO - Setting next_dagrun for tutorial to 2025-01-27 00:00:00+00:00, run_after=2025-01-28 00:00:00+00:00
[2025-01-28T06:05:28.708+0000] {processor.py:208} INFO - Processing /home/ubuntu/.local/lib/python3.12/site-packages/airflow/example_dags/tutorial.py took 0.072 seconds
[2025-01-28T06:06:42.750+0000] {processor.py:186} INFO - Started process (PID=2685) to work on /home/ubuntu/.local/lib/python3.12/site-packages/airflow/example_dags/tutorial.py
[2025-01-28T06:06:42.752+0000] {processor.py:914} INFO - Processing file /home/ubuntu/.local/lib/python3.12/site-packages/airflow/example_dags/tutorial.py for tasks to queue
[2025-01-28T06:06:42.754+0000] {logging_mixin.py:190} INFO - [2025-01-28T06:06:42.754+0000] {dagbag.py:588} INFO - Filling up the DagBag from /home/ubuntu/.local/lib/python3.12/site-packages/airflow/example_dags/tutorial.py
[2025-01-28T06:06:42.762+0000] {processor.py:925} INFO - DAG(s) 'tutorial' retrieved from /home/ubuntu/.local/lib/python3.12/site-packages/airflow/example_dags/tutorial.py
[2025-01-28T06:06:42.777+0000] {logging_mixin.py:190} INFO - [2025-01-28T06:06:42.777+0000] {dag.py:3239} INFO - Sync 1 DAGs
[2025-01-28T06:06:42.795+0000] {logging_mixin.py:190} INFO - [2025-01-28T06:06:42.795+0000] {dag.py:4180} INFO - Setting next_dagrun for tutorial to 2025-01-27 00:00:00+00:00, run_after=2025-01-28 00:00:00+00:00
[2025-01-28T06:06:42.819+0000] {processor.py:208} INFO - Processing /home/ubuntu/.local/lib/python3.12/site-packages/airflow/example_dags/tutorial.py took 0.074 seconds
[2025-01-28T06:07:41.686+0000] {processor.py:186} INFO - Started process (PID=2749) to work on /home/ubuntu/.local/lib/python3.12/site-packages/airflow/example_dags/tutorial.py
[2025-01-28T06:07:41.688+0000] {processor.py:914} INFO - Processing file /home/ubuntu/.local/lib/python3.12/site-packages/airflow/example_dags/tutorial.py for tasks to queue
[2025-01-28T06:07:41.690+0000] {logging_mixin.py:190} INFO - [2025-01-28T06:07:41.690+0000] {dagbag.py:588} INFO - Filling up the DagBag from /home/ubuntu/.local/lib/python3.12/site-packages/airflow/example_dags/tutorial.py
[2025-01-28T06:07:41.699+0000] {processor.py:925} INFO - DAG(s) 'tutorial' retrieved from /home/ubuntu/.local/lib/python3.12/site-packages/airflow/example_dags/tutorial.py
[2025-01-28T06:07:41.714+0000] {logging_mixin.py:190} INFO - [2025-01-28T06:07:41.713+0000] {dag.py:3239} INFO - Sync 1 DAGs
[2025-01-28T06:07:41.731+0000] {logging_mixin.py:190} INFO - [2025-01-28T06:07:41.730+0000] {dag.py:4180} INFO - Setting next_dagrun for tutorial to 2025-01-27 00:00:00+00:00, run_after=2025-01-28 00:00:00+00:00
[2025-01-28T06:07:41.754+0000] {processor.py:208} INFO - Processing /home/ubuntu/.local/lib/python3.12/site-packages/airflow/example_dags/tutorial.py took 0.072 seconds
[2025-01-28T06:08:39.001+0000] {processor.py:186} INFO - Started process (PID=2807) to work on /home/ubuntu/.local/lib/python3.12/site-packages/airflow/example_dags/tutorial.py
[2025-01-28T06:08:39.003+0000] {processor.py:914} INFO - Processing file /home/ubuntu/.local/lib/python3.12/site-packages/airflow/example_dags/tutorial.py for tasks to queue
[2025-01-28T06:08:39.006+0000] {logging_mixin.py:190} INFO - [2025-01-28T06:08:39.006+0000] {dagbag.py:588} INFO - Filling up the DagBag from /home/ubuntu/.local/lib/python3.12/site-packages/airflow/example_dags/tutorial.py
[2025-01-28T06:08:39.013+0000] {processor.py:925} INFO - DAG(s) 'tutorial' retrieved from /home/ubuntu/.local/lib/python3.12/site-packages/airflow/example_dags/tutorial.py
[2025-01-28T06:08:39.029+0000] {logging_mixin.py:190} INFO - [2025-01-28T06:08:39.029+0000] {dag.py:3239} INFO - Sync 1 DAGs
[2025-01-28T06:08:39.046+0000] {logging_mixin.py:190} INFO - [2025-01-28T06:08:39.046+0000] {dag.py:4180} INFO - Setting next_dagrun for tutorial to 2025-01-27 00:00:00+00:00, run_after=2025-01-28 00:00:00+00:00
[2025-01-28T06:08:39.067+0000] {processor.py:208} INFO - Processing /home/ubuntu/.local/lib/python3.12/site-packages/airflow/example_dags/tutorial.py took 0.071 seconds
[2025-01-28T06:09:34.177+0000] {processor.py:186} INFO - Started process (PID=2870) to work on /home/ubuntu/.local/lib/python3.12/site-packages/airflow/example_dags/tutorial.py
[2025-01-28T06:09:34.180+0000] {processor.py:914} INFO - Processing file /home/ubuntu/.local/lib/python3.12/site-packages/airflow/example_dags/tutorial.py for tasks to queue
[2025-01-28T06:09:34.184+0000] {logging_mixin.py:190} INFO - [2025-01-28T06:09:34.183+0000] {dagbag.py:588} INFO - Filling up the DagBag from /home/ubuntu/.local/lib/python3.12/site-packages/airflow/example_dags/tutorial.py
[2025-01-28T06:09:34.194+0000] {processor.py:925} INFO - DAG(s) 'tutorial' retrieved from /home/ubuntu/.local/lib/python3.12/site-packages/airflow/example_dags/tutorial.py
[2025-01-28T06:09:34.208+0000] {logging_mixin.py:190} INFO - [2025-01-28T06:09:34.208+0000] {dag.py:3239} INFO - Sync 1 DAGs
[2025-01-28T06:09:34.227+0000] {logging_mixin.py:190} INFO - [2025-01-28T06:09:34.227+0000] {dag.py:4180} INFO - Setting next_dagrun for tutorial to 2025-01-27 00:00:00+00:00, run_after=2025-01-28 00:00:00+00:00
[2025-01-28T06:09:34.249+0000] {processor.py:208} INFO - Processing /home/ubuntu/.local/lib/python3.12/site-packages/airflow/example_dags/tutorial.py took 0.077 seconds
[2025-01-28T06:10:26.124+0000] {processor.py:186} INFO - Started process (PID=2935) to work on /home/ubuntu/.local/lib/python3.12/site-packages/airflow/example_dags/tutorial.py
[2025-01-28T06:10:26.126+0000] {processor.py:914} INFO - Processing file /home/ubuntu/.local/lib/python3.12/site-packages/airflow/example_dags/tutorial.py for tasks to queue
[2025-01-28T06:10:26.129+0000] {logging_mixin.py:190} INFO - [2025-01-28T06:10:26.128+0000] {dagbag.py:588} INFO - Filling up the DagBag from /home/ubuntu/.local/lib/python3.12/site-packages/airflow/example_dags/tutorial.py
[2025-01-28T06:10:26.136+0000] {processor.py:925} INFO - DAG(s) 'tutorial' retrieved from /home/ubuntu/.local/lib/python3.12/site-packages/airflow/example_dags/tutorial.py
[2025-01-28T06:10:26.151+0000] {logging_mixin.py:190} INFO - [2025-01-28T06:10:26.151+0000] {dag.py:3239} INFO - Sync 1 DAGs
[2025-01-28T06:10:26.169+0000] {logging_mixin.py:190} INFO - [2025-01-28T06:10:26.168+0000] {dag.py:4180} INFO - Setting next_dagrun for tutorial to 2025-01-27 00:00:00+00:00, run_after=2025-01-28 00:00:00+00:00
[2025-01-28T06:10:26.190+0000] {processor.py:208} INFO - Processing /home/ubuntu/.local/lib/python3.12/site-packages/airflow/example_dags/tutorial.py took 0.071 seconds
[2025-01-28T06:11:20.775+0000] {processor.py:186} INFO - Started process (PID=2999) to work on /home/ubuntu/.local/lib/python3.12/site-packages/airflow/example_dags/tutorial.py
[2025-01-28T06:11:20.776+0000] {processor.py:914} INFO - Processing file /home/ubuntu/.local/lib/python3.12/site-packages/airflow/example_dags/tutorial.py for tasks to queue
[2025-01-28T06:11:20.779+0000] {logging_mixin.py:190} INFO - [2025-01-28T06:11:20.778+0000] {dagbag.py:588} INFO - Filling up the DagBag from /home/ubuntu/.local/lib/python3.12/site-packages/airflow/example_dags/tutorial.py
[2025-01-28T06:11:20.787+0000] {processor.py:925} INFO - DAG(s) 'tutorial' retrieved from /home/ubuntu/.local/lib/python3.12/site-packages/airflow/example_dags/tutorial.py
[2025-01-28T06:11:20.802+0000] {logging_mixin.py:190} INFO - [2025-01-28T06:11:20.802+0000] {dag.py:3239} INFO - Sync 1 DAGs
[2025-01-28T06:11:20.819+0000] {logging_mixin.py:190} INFO - [2025-01-28T06:11:20.819+0000] {dag.py:4180} INFO - Setting next_dagrun for tutorial to 2025-01-27 00:00:00+00:00, run_after=2025-01-28 00:00:00+00:00
[2025-01-28T06:11:20.841+0000] {processor.py:208} INFO - Processing /home/ubuntu/.local/lib/python3.12/site-packages/airflow/example_dags/tutorial.py took 0.072 seconds
[2025-01-28T06:12:13.416+0000] {processor.py:186} INFO - Started process (PID=3054) to work on /home/ubuntu/.local/lib/python3.12/site-packages/airflow/example_dags/tutorial.py
[2025-01-28T06:12:13.418+0000] {processor.py:914} INFO - Processing file /home/ubuntu/.local/lib/python3.12/site-packages/airflow/example_dags/tutorial.py for tasks to queue
[2025-01-28T06:12:13.422+0000] {logging_mixin.py:190} INFO - [2025-01-28T06:12:13.422+0000] {dagbag.py:588} INFO - Filling up the DagBag from /home/ubuntu/.local/lib/python3.12/site-packages/airflow/example_dags/tutorial.py
[2025-01-28T06:12:13.430+0000] {processor.py:925} INFO - DAG(s) 'tutorial' retrieved from /home/ubuntu/.local/lib/python3.12/site-packages/airflow/example_dags/tutorial.py
[2025-01-28T06:12:13.444+0000] {logging_mixin.py:190} INFO - [2025-01-28T06:12:13.444+0000] {dag.py:3239} INFO - Sync 1 DAGs
[2025-01-28T06:12:13.460+0000] {logging_mixin.py:190} INFO - [2025-01-28T06:12:13.460+0000] {dag.py:4180} INFO - Setting next_dagrun for tutorial to 2025-01-27 00:00:00+00:00, run_after=2025-01-28 00:00:00+00:00
[2025-01-28T06:12:13.489+0000] {processor.py:208} INFO - Processing /home/ubuntu/.local/lib/python3.12/site-packages/airflow/example_dags/tutorial.py took 0.078 seconds
[2025-01-28T06:13:08.728+0000] {processor.py:186} INFO - Started process (PID=3110) to work on /home/ubuntu/.local/lib/python3.12/site-packages/airflow/example_dags/tutorial.py
[2025-01-28T06:13:08.730+0000] {processor.py:914} INFO - Processing file /home/ubuntu/.local/lib/python3.12/site-packages/airflow/example_dags/tutorial.py for tasks to queue
[2025-01-28T06:13:08.733+0000] {logging_mixin.py:190} INFO - [2025-01-28T06:13:08.732+0000] {dagbag.py:588} INFO - Filling up the DagBag from /home/ubuntu/.local/lib/python3.12/site-packages/airflow/example_dags/tutorial.py
[2025-01-28T06:13:08.741+0000] {processor.py:925} INFO - DAG(s) 'tutorial' retrieved from /home/ubuntu/.local/lib/python3.12/site-packages/airflow/example_dags/tutorial.py
[2025-01-28T06:13:08.755+0000] {logging_mixin.py:190} INFO - [2025-01-28T06:13:08.755+0000] {dag.py:3239} INFO - Sync 1 DAGs
[2025-01-28T06:13:08.774+0000] {logging_mixin.py:190} INFO - [2025-01-28T06:13:08.774+0000] {dag.py:4180} INFO - Setting next_dagrun for tutorial to 2025-01-27 00:00:00+00:00, run_after=2025-01-28 00:00:00+00:00
[2025-01-28T06:13:08.797+0000] {processor.py:208} INFO - Processing /home/ubuntu/.local/lib/python3.12/site-packages/airflow/example_dags/tutorial.py took 0.074 seconds
[2025-01-28T06:14:01.079+0000] {processor.py:186} INFO - Started process (PID=3165) to work on /home/ubuntu/.local/lib/python3.12/site-packages/airflow/example_dags/tutorial.py
[2025-01-28T06:14:01.081+0000] {processor.py:914} INFO - Processing file /home/ubuntu/.local/lib/python3.12/site-packages/airflow/example_dags/tutorial.py for tasks to queue
[2025-01-28T06:14:01.083+0000] {logging_mixin.py:190} INFO - [2025-01-28T06:14:01.082+0000] {dagbag.py:588} INFO - Filling up the DagBag from /home/ubuntu/.local/lib/python3.12/site-packages/airflow/example_dags/tutorial.py
[2025-01-28T06:14:01.092+0000] {processor.py:925} INFO - DAG(s) 'tutorial' retrieved from /home/ubuntu/.local/lib/python3.12/site-packages/airflow/example_dags/tutorial.py
[2025-01-28T06:14:01.106+0000] {logging_mixin.py:190} INFO - [2025-01-28T06:14:01.106+0000] {dag.py:3239} INFO - Sync 1 DAGs
[2025-01-28T06:14:01.124+0000] {logging_mixin.py:190} INFO - [2025-01-28T06:14:01.124+0000] {dag.py:4180} INFO - Setting next_dagrun for tutorial to 2025-01-27 00:00:00+00:00, run_after=2025-01-28 00:00:00+00:00
[2025-01-28T06:14:01.148+0000] {processor.py:208} INFO - Processing /home/ubuntu/.local/lib/python3.12/site-packages/airflow/example_dags/tutorial.py took 0.074 seconds
[2025-01-28T06:14:53.506+0000] {processor.py:186} INFO - Started process (PID=3220) to work on /home/ubuntu/.local/lib/python3.12/site-packages/airflow/example_dags/tutorial.py
[2025-01-28T06:14:53.508+0000] {processor.py:914} INFO - Processing file /home/ubuntu/.local/lib/python3.12/site-packages/airflow/example_dags/tutorial.py for tasks to queue
[2025-01-28T06:14:53.511+0000] {logging_mixin.py:190} INFO - [2025-01-28T06:14:53.510+0000] {dagbag.py:588} INFO - Filling up the DagBag from /home/ubuntu/.local/lib/python3.12/site-packages/airflow/example_dags/tutorial.py
[2025-01-28T06:14:53.519+0000] {processor.py:925} INFO - DAG(s) 'tutorial' retrieved from /home/ubuntu/.local/lib/python3.12/site-packages/airflow/example_dags/tutorial.py
[2025-01-28T06:14:53.533+0000] {logging_mixin.py:190} INFO - [2025-01-28T06:14:53.533+0000] {dag.py:3239} INFO - Sync 1 DAGs
[2025-01-28T06:14:53.551+0000] {logging_mixin.py:190} INFO - [2025-01-28T06:14:53.550+0000] {dag.py:4180} INFO - Setting next_dagrun for tutorial to 2025-01-27 00:00:00+00:00, run_after=2025-01-28 00:00:00+00:00
[2025-01-28T06:14:53.572+0000] {processor.py:208} INFO - Processing /home/ubuntu/.local/lib/python3.12/site-packages/airflow/example_dags/tutorial.py took 0.071 seconds
[2025-01-28T06:15:47.328+0000] {processor.py:186} INFO - Started process (PID=3279) to work on /home/ubuntu/.local/lib/python3.12/site-packages/airflow/example_dags/tutorial.py
[2025-01-28T06:15:47.330+0000] {processor.py:914} INFO - Processing file /home/ubuntu/.local/lib/python3.12/site-packages/airflow/example_dags/tutorial.py for tasks to queue
[2025-01-28T06:15:47.332+0000] {logging_mixin.py:190} INFO - [2025-01-28T06:15:47.331+0000] {dagbag.py:588} INFO - Filling up the DagBag from /home/ubuntu/.local/lib/python3.12/site-packages/airflow/example_dags/tutorial.py
[2025-01-28T06:15:47.341+0000] {processor.py:925} INFO - DAG(s) 'tutorial' retrieved from /home/ubuntu/.local/lib/python3.12/site-packages/airflow/example_dags/tutorial.py
[2025-01-28T06:15:47.354+0000] {logging_mixin.py:190} INFO - [2025-01-28T06:15:47.354+0000] {dag.py:3239} INFO - Sync 1 DAGs
[2025-01-28T06:15:47.372+0000] {logging_mixin.py:190} INFO - [2025-01-28T06:15:47.372+0000] {dag.py:4180} INFO - Setting next_dagrun for tutorial to 2025-01-27 00:00:00+00:00, run_after=2025-01-28 00:00:00+00:00
[2025-01-28T06:15:47.394+0000] {processor.py:208} INFO - Processing /home/ubuntu/.local/lib/python3.12/site-packages/airflow/example_dags/tutorial.py took 0.071 seconds
[2025-01-28T06:16:39.366+0000] {processor.py:186} INFO - Started process (PID=3333) to work on /home/ubuntu/.local/lib/python3.12/site-packages/airflow/example_dags/tutorial.py
[2025-01-28T06:16:39.368+0000] {processor.py:914} INFO - Processing file /home/ubuntu/.local/lib/python3.12/site-packages/airflow/example_dags/tutorial.py for tasks to queue
[2025-01-28T06:16:39.370+0000] {logging_mixin.py:190} INFO - [2025-01-28T06:16:39.370+0000] {dagbag.py:588} INFO - Filling up the DagBag from /home/ubuntu/.local/lib/python3.12/site-packages/airflow/example_dags/tutorial.py
[2025-01-28T06:16:39.378+0000] {processor.py:925} INFO - DAG(s) 'tutorial' retrieved from /home/ubuntu/.local/lib/python3.12/site-packages/airflow/example_dags/tutorial.py
[2025-01-28T06:16:39.392+0000] {logging_mixin.py:190} INFO - [2025-01-28T06:16:39.392+0000] {dag.py:3239} INFO - Sync 1 DAGs
[2025-01-28T06:16:39.409+0000] {logging_mixin.py:190} INFO - [2025-01-28T06:16:39.409+0000] {dag.py:4180} INFO - Setting next_dagrun for tutorial to 2025-01-27 00:00:00+00:00, run_after=2025-01-28 00:00:00+00:00
[2025-01-28T06:16:39.431+0000] {processor.py:208} INFO - Processing /home/ubuntu/.local/lib/python3.12/site-packages/airflow/example_dags/tutorial.py took 0.070 seconds
[2025-01-28T06:17:33.812+0000] {processor.py:186} INFO - Started process (PID=3393) to work on /home/ubuntu/.local/lib/python3.12/site-packages/airflow/example_dags/tutorial.py
[2025-01-28T06:17:33.814+0000] {processor.py:914} INFO - Processing file /home/ubuntu/.local/lib/python3.12/site-packages/airflow/example_dags/tutorial.py for tasks to queue
[2025-01-28T06:17:33.816+0000] {logging_mixin.py:190} INFO - [2025-01-28T06:17:33.815+0000] {dagbag.py:588} INFO - Filling up the DagBag from /home/ubuntu/.local/lib/python3.12/site-packages/airflow/example_dags/tutorial.py
[2025-01-28T06:17:33.825+0000] {processor.py:925} INFO - DAG(s) 'tutorial' retrieved from /home/ubuntu/.local/lib/python3.12/site-packages/airflow/example_dags/tutorial.py
[2025-01-28T06:17:33.839+0000] {logging_mixin.py:190} INFO - [2025-01-28T06:17:33.838+0000] {dag.py:3239} INFO - Sync 1 DAGs
[2025-01-28T06:17:33.856+0000] {logging_mixin.py:190} INFO - [2025-01-28T06:17:33.856+0000] {dag.py:4180} INFO - Setting next_dagrun for tutorial to 2025-01-27 00:00:00+00:00, run_after=2025-01-28 00:00:00+00:00
[2025-01-28T06:17:33.879+0000] {processor.py:208} INFO - Processing /home/ubuntu/.local/lib/python3.12/site-packages/airflow/example_dags/tutorial.py took 0.074 seconds
[2025-01-28T06:18:40.570+0000] {processor.py:186} INFO - Started process (PID=3503) to work on /home/ubuntu/.local/lib/python3.12/site-packages/airflow/example_dags/tutorial.py
[2025-01-28T06:18:40.571+0000] {processor.py:914} INFO - Processing file /home/ubuntu/.local/lib/python3.12/site-packages/airflow/example_dags/tutorial.py for tasks to queue
[2025-01-28T06:18:40.573+0000] {logging_mixin.py:190} INFO - [2025-01-28T06:18:40.573+0000] {dagbag.py:588} INFO - Filling up the DagBag from /home/ubuntu/.local/lib/python3.12/site-packages/airflow/example_dags/tutorial.py
[2025-01-28T06:18:40.582+0000] {processor.py:925} INFO - DAG(s) 'tutorial' retrieved from /home/ubuntu/.local/lib/python3.12/site-packages/airflow/example_dags/tutorial.py
[2025-01-28T06:18:40.597+0000] {logging_mixin.py:190} INFO - [2025-01-28T06:18:40.597+0000] {dag.py:3239} INFO - Sync 1 DAGs
[2025-01-28T06:18:40.614+0000] {logging_mixin.py:190} INFO - [2025-01-28T06:18:40.614+0000] {dag.py:4180} INFO - Setting next_dagrun for tutorial to 2025-01-27 00:00:00+00:00, run_after=2025-01-28 00:00:00+00:00
[2025-01-28T06:18:40.638+0000] {processor.py:208} INFO - Processing /home/ubuntu/.local/lib/python3.12/site-packages/airflow/example_dags/tutorial.py took 0.073 seconds
[2025-01-28T06:19:29.826+0000] {processor.py:186} INFO - Started process (PID=3555) to work on /home/ubuntu/.local/lib/python3.12/site-packages/airflow/example_dags/tutorial.py
[2025-01-28T06:19:29.828+0000] {processor.py:914} INFO - Processing file /home/ubuntu/.local/lib/python3.12/site-packages/airflow/example_dags/tutorial.py for tasks to queue
[2025-01-28T06:19:29.830+0000] {logging_mixin.py:190} INFO - [2025-01-28T06:19:29.830+0000] {dagbag.py:588} INFO - Filling up the DagBag from /home/ubuntu/.local/lib/python3.12/site-packages/airflow/example_dags/tutorial.py
[2025-01-28T06:19:29.839+0000] {processor.py:925} INFO - DAG(s) 'tutorial' retrieved from /home/ubuntu/.local/lib/python3.12/site-packages/airflow/example_dags/tutorial.py
[2025-01-28T06:19:29.852+0000] {logging_mixin.py:190} INFO - [2025-01-28T06:19:29.852+0000] {dag.py:3239} INFO - Sync 1 DAGs
[2025-01-28T06:19:29.871+0000] {logging_mixin.py:190} INFO - [2025-01-28T06:19:29.870+0000] {dag.py:4180} INFO - Setting next_dagrun for tutorial to 2025-01-27 00:00:00+00:00, run_after=2025-01-28 00:00:00+00:00
[2025-01-28T06:19:29.894+0000] {processor.py:208} INFO - Processing /home/ubuntu/.local/lib/python3.12/site-packages/airflow/example_dags/tutorial.py took 0.072 seconds
[2025-01-28T06:20:25.574+0000] {processor.py:186} INFO - Started process (PID=3619) to work on /home/ubuntu/.local/lib/python3.12/site-packages/airflow/example_dags/tutorial.py
[2025-01-28T06:20:25.577+0000] {processor.py:914} INFO - Processing file /home/ubuntu/.local/lib/python3.12/site-packages/airflow/example_dags/tutorial.py for tasks to queue
[2025-01-28T06:20:25.578+0000] {logging_mixin.py:190} INFO - [2025-01-28T06:20:25.578+0000] {dagbag.py:588} INFO - Filling up the DagBag from /home/ubuntu/.local/lib/python3.12/site-packages/airflow/example_dags/tutorial.py
[2025-01-28T06:20:25.588+0000] {processor.py:925} INFO - DAG(s) 'tutorial' retrieved from /home/ubuntu/.local/lib/python3.12/site-packages/airflow/example_dags/tutorial.py
[2025-01-28T06:20:25.604+0000] {logging_mixin.py:190} INFO - [2025-01-28T06:20:25.603+0000] {dag.py:3239} INFO - Sync 1 DAGs
[2025-01-28T06:20:25.621+0000] {logging_mixin.py:190} INFO - [2025-01-28T06:20:25.621+0000] {dag.py:4180} INFO - Setting next_dagrun for tutorial to 2025-01-27 00:00:00+00:00, run_after=2025-01-28 00:00:00+00:00
[2025-01-28T06:20:25.642+0000] {processor.py:208} INFO - Processing /home/ubuntu/.local/lib/python3.12/site-packages/airflow/example_dags/tutorial.py took 0.073 seconds
[2025-01-28T06:21:21.178+0000] {processor.py:186} INFO - Started process (PID=3776) to work on /home/ubuntu/.local/lib/python3.12/site-packages/airflow/example_dags/tutorial.py
[2025-01-28T06:21:21.180+0000] {processor.py:914} INFO - Processing file /home/ubuntu/.local/lib/python3.12/site-packages/airflow/example_dags/tutorial.py for tasks to queue
[2025-01-28T06:21:21.182+0000] {logging_mixin.py:190} INFO - [2025-01-28T06:21:21.182+0000] {dagbag.py:588} INFO - Filling up the DagBag from /home/ubuntu/.local/lib/python3.12/site-packages/airflow/example_dags/tutorial.py
[2025-01-28T06:21:21.191+0000] {processor.py:925} INFO - DAG(s) 'tutorial' retrieved from /home/ubuntu/.local/lib/python3.12/site-packages/airflow/example_dags/tutorial.py
[2025-01-28T06:21:21.205+0000] {logging_mixin.py:190} INFO - [2025-01-28T06:21:21.205+0000] {dag.py:3239} INFO - Sync 1 DAGs
[2025-01-28T06:21:21.222+0000] {logging_mixin.py:190} INFO - [2025-01-28T06:21:21.222+0000] {dag.py:4180} INFO - Setting next_dagrun for tutorial to 2025-01-27 00:00:00+00:00, run_after=2025-01-28 00:00:00+00:00
[2025-01-28T06:21:21.245+0000] {processor.py:208} INFO - Processing /home/ubuntu/.local/lib/python3.12/site-packages/airflow/example_dags/tutorial.py took 0.072 seconds
[2025-01-28T06:22:16.691+0000] {processor.py:186} INFO - Started process (PID=3875) to work on /home/ubuntu/.local/lib/python3.12/site-packages/airflow/example_dags/tutorial.py
[2025-01-28T06:22:16.693+0000] {processor.py:914} INFO - Processing file /home/ubuntu/.local/lib/python3.12/site-packages/airflow/example_dags/tutorial.py for tasks to queue
[2025-01-28T06:22:16.696+0000] {logging_mixin.py:190} INFO - [2025-01-28T06:22:16.696+0000] {dagbag.py:588} INFO - Filling up the DagBag from /home/ubuntu/.local/lib/python3.12/site-packages/airflow/example_dags/tutorial.py
[2025-01-28T06:22:16.704+0000] {processor.py:925} INFO - DAG(s) 'tutorial' retrieved from /home/ubuntu/.local/lib/python3.12/site-packages/airflow/example_dags/tutorial.py
[2025-01-28T06:22:16.719+0000] {logging_mixin.py:190} INFO - [2025-01-28T06:22:16.719+0000] {dag.py:3239} INFO - Sync 1 DAGs
[2025-01-28T06:22:16.739+0000] {logging_mixin.py:190} INFO - [2025-01-28T06:22:16.739+0000] {dag.py:4180} INFO - Setting next_dagrun for tutorial to 2025-01-27 00:00:00+00:00, run_after=2025-01-28 00:00:00+00:00
[2025-01-28T06:22:16.760+0000] {processor.py:208} INFO - Processing /home/ubuntu/.local/lib/python3.12/site-packages/airflow/example_dags/tutorial.py took 0.074 seconds
[2025-01-28T06:23:11.695+0000] {processor.py:186} INFO - Started process (PID=4278) to work on /home/ubuntu/.local/lib/python3.12/site-packages/airflow/example_dags/tutorial.py
[2025-01-28T06:23:11.698+0000] {processor.py:914} INFO - Processing file /home/ubuntu/.local/lib/python3.12/site-packages/airflow/example_dags/tutorial.py for tasks to queue
[2025-01-28T06:23:11.699+0000] {logging_mixin.py:190} INFO - [2025-01-28T06:23:11.699+0000] {dagbag.py:588} INFO - Filling up the DagBag from /home/ubuntu/.local/lib/python3.12/site-packages/airflow/example_dags/tutorial.py
[2025-01-28T06:23:11.709+0000] {processor.py:925} INFO - DAG(s) 'tutorial' retrieved from /home/ubuntu/.local/lib/python3.12/site-packages/airflow/example_dags/tutorial.py
[2025-01-28T06:23:11.725+0000] {logging_mixin.py:190} INFO - [2025-01-28T06:23:11.725+0000] {dag.py:3239} INFO - Sync 1 DAGs
[2025-01-28T06:23:11.745+0000] {logging_mixin.py:190} INFO - [2025-01-28T06:23:11.745+0000] {dag.py:4180} INFO - Setting next_dagrun for tutorial to 2025-01-27 00:00:00+00:00, run_after=2025-01-28 00:00:00+00:00
[2025-01-28T06:23:11.765+0000] {processor.py:208} INFO - Processing /home/ubuntu/.local/lib/python3.12/site-packages/airflow/example_dags/tutorial.py took 0.075 seconds
[2025-01-28T06:24:05.670+0000] {processor.py:186} INFO - Started process (PID=4502) to work on /home/ubuntu/.local/lib/python3.12/site-packages/airflow/example_dags/tutorial.py
[2025-01-28T06:24:05.671+0000] {processor.py:914} INFO - Processing file /home/ubuntu/.local/lib/python3.12/site-packages/airflow/example_dags/tutorial.py for tasks to queue
[2025-01-28T06:24:05.673+0000] {logging_mixin.py:190} INFO - [2025-01-28T06:24:05.673+0000] {dagbag.py:588} INFO - Filling up the DagBag from /home/ubuntu/.local/lib/python3.12/site-packages/airflow/example_dags/tutorial.py
[2025-01-28T06:24:05.682+0000] {processor.py:925} INFO - DAG(s) 'tutorial' retrieved from /home/ubuntu/.local/lib/python3.12/site-packages/airflow/example_dags/tutorial.py
[2025-01-28T06:24:05.707+0000] {logging_mixin.py:190} INFO - [2025-01-28T06:24:05.707+0000] {dag.py:3239} INFO - Sync 1 DAGs
[2025-01-28T06:24:05.726+0000] {logging_mixin.py:190} INFO - [2025-01-28T06:24:05.725+0000] {dag.py:4180} INFO - Setting next_dagrun for tutorial to 2025-01-27 00:00:00+00:00, run_after=2025-01-28 00:00:00+00:00
[2025-01-28T06:24:05.748+0000] {processor.py:208} INFO - Processing /home/ubuntu/.local/lib/python3.12/site-packages/airflow/example_dags/tutorial.py took 0.083 seconds
[2025-01-28T06:25:00.915+0000] {processor.py:186} INFO - Started process (PID=4913) to work on /home/ubuntu/.local/lib/python3.12/site-packages/airflow/example_dags/tutorial.py
[2025-01-28T06:25:00.916+0000] {processor.py:914} INFO - Processing file /home/ubuntu/.local/lib/python3.12/site-packages/airflow/example_dags/tutorial.py for tasks to queue
[2025-01-28T06:25:00.918+0000] {logging_mixin.py:190} INFO - [2025-01-28T06:25:00.918+0000] {dagbag.py:588} INFO - Filling up the DagBag from /home/ubuntu/.local/lib/python3.12/site-packages/airflow/example_dags/tutorial.py
[2025-01-28T06:25:00.927+0000] {processor.py:925} INFO - DAG(s) 'tutorial' retrieved from /home/ubuntu/.local/lib/python3.12/site-packages/airflow/example_dags/tutorial.py
[2025-01-28T06:25:00.942+0000] {logging_mixin.py:190} INFO - [2025-01-28T06:25:00.942+0000] {dag.py:3239} INFO - Sync 1 DAGs
[2025-01-28T06:25:00.959+0000] {logging_mixin.py:190} INFO - [2025-01-28T06:25:00.959+0000] {dag.py:4180} INFO - Setting next_dagrun for tutorial to 2025-01-27 00:00:00+00:00, run_after=2025-01-28 00:00:00+00:00
[2025-01-28T06:25:00.979+0000] {processor.py:208} INFO - Processing /home/ubuntu/.local/lib/python3.12/site-packages/airflow/example_dags/tutorial.py took 0.069 seconds
[2025-01-28T06:25:53.751+0000] {processor.py:186} INFO - Started process (PID=5065) to work on /home/ubuntu/.local/lib/python3.12/site-packages/airflow/example_dags/tutorial.py
[2025-01-28T06:25:53.754+0000] {processor.py:914} INFO - Processing file /home/ubuntu/.local/lib/python3.12/site-packages/airflow/example_dags/tutorial.py for tasks to queue
[2025-01-28T06:25:53.756+0000] {logging_mixin.py:190} INFO - [2025-01-28T06:25:53.755+0000] {dagbag.py:588} INFO - Filling up the DagBag from /home/ubuntu/.local/lib/python3.12/site-packages/airflow/example_dags/tutorial.py
[2025-01-28T06:25:53.764+0000] {processor.py:925} INFO - DAG(s) 'tutorial' retrieved from /home/ubuntu/.local/lib/python3.12/site-packages/airflow/example_dags/tutorial.py
[2025-01-28T06:25:53.785+0000] {logging_mixin.py:190} INFO - [2025-01-28T06:25:53.785+0000] {dag.py:3239} INFO - Sync 1 DAGs
[2025-01-28T06:25:53.802+0000] {logging_mixin.py:190} INFO - [2025-01-28T06:25:53.802+0000] {dag.py:4180} INFO - Setting next_dagrun for tutorial to 2025-01-27 00:00:00+00:00, run_after=2025-01-28 00:00:00+00:00
[2025-01-28T06:25:53.822+0000] {processor.py:208} INFO - Processing /home/ubuntu/.local/lib/python3.12/site-packages/airflow/example_dags/tutorial.py took 0.076 seconds
[2025-01-28T06:26:49.435+0000] {processor.py:186} INFO - Started process (PID=5187) to work on /home/ubuntu/.local/lib/python3.12/site-packages/airflow/example_dags/tutorial.py
[2025-01-28T06:26:49.437+0000] {processor.py:914} INFO - Processing file /home/ubuntu/.local/lib/python3.12/site-packages/airflow/example_dags/tutorial.py for tasks to queue
[2025-01-28T06:26:49.439+0000] {logging_mixin.py:190} INFO - [2025-01-28T06:26:49.438+0000] {dagbag.py:588} INFO - Filling up the DagBag from /home/ubuntu/.local/lib/python3.12/site-packages/airflow/example_dags/tutorial.py
[2025-01-28T06:26:49.446+0000] {processor.py:925} INFO - DAG(s) 'tutorial' retrieved from /home/ubuntu/.local/lib/python3.12/site-packages/airflow/example_dags/tutorial.py
[2025-01-28T06:26:49.462+0000] {logging_mixin.py:190} INFO - [2025-01-28T06:26:49.462+0000] {dag.py:3239} INFO - Sync 1 DAGs
[2025-01-28T06:26:49.480+0000] {logging_mixin.py:190} INFO - [2025-01-28T06:26:49.480+0000] {dag.py:4180} INFO - Setting next_dagrun for tutorial to 2025-01-27 00:00:00+00:00, run_after=2025-01-28 00:00:00+00:00
[2025-01-28T06:26:49.500+0000] {processor.py:208} INFO - Processing /home/ubuntu/.local/lib/python3.12/site-packages/airflow/example_dags/tutorial.py took 0.071 seconds
[2025-01-28T06:27:40.355+0000] {processor.py:186} INFO - Started process (PID=5242) to work on /home/ubuntu/.local/lib/python3.12/site-packages/airflow/example_dags/tutorial.py
[2025-01-28T06:27:40.357+0000] {processor.py:914} INFO - Processing file /home/ubuntu/.local/lib/python3.12/site-packages/airflow/example_dags/tutorial.py for tasks to queue
[2025-01-28T06:27:40.359+0000] {logging_mixin.py:190} INFO - [2025-01-28T06:27:40.358+0000] {dagbag.py:588} INFO - Filling up the DagBag from /home/ubuntu/.local/lib/python3.12/site-packages/airflow/example_dags/tutorial.py
[2025-01-28T06:27:40.367+0000] {processor.py:925} INFO - DAG(s) 'tutorial' retrieved from /home/ubuntu/.local/lib/python3.12/site-packages/airflow/example_dags/tutorial.py
[2025-01-28T06:27:40.383+0000] {logging_mixin.py:190} INFO - [2025-01-28T06:27:40.382+0000] {dag.py:3239} INFO - Sync 1 DAGs
[2025-01-28T06:27:40.400+0000] {logging_mixin.py:190} INFO - [2025-01-28T06:27:40.400+0000] {dag.py:4180} INFO - Setting next_dagrun for tutorial to 2025-01-27 00:00:00+00:00, run_after=2025-01-28 00:00:00+00:00
[2025-01-28T06:27:40.420+0000] {processor.py:208} INFO - Processing /home/ubuntu/.local/lib/python3.12/site-packages/airflow/example_dags/tutorial.py took 0.070 seconds
[2025-01-28T06:28:34.337+0000] {processor.py:186} INFO - Started process (PID=5419) to work on /home/ubuntu/.local/lib/python3.12/site-packages/airflow/example_dags/tutorial.py
[2025-01-28T06:28:34.339+0000] {processor.py:914} INFO - Processing file /home/ubuntu/.local/lib/python3.12/site-packages/airflow/example_dags/tutorial.py for tasks to queue
[2025-01-28T06:28:34.344+0000] {logging_mixin.py:190} INFO - [2025-01-28T06:28:34.344+0000] {dagbag.py:588} INFO - Filling up the DagBag from /home/ubuntu/.local/lib/python3.12/site-packages/airflow/example_dags/tutorial.py
[2025-01-28T06:28:34.364+0000] {processor.py:925} INFO - DAG(s) 'tutorial' retrieved from /home/ubuntu/.local/lib/python3.12/site-packages/airflow/example_dags/tutorial.py
[2025-01-28T06:28:34.396+0000] {logging_mixin.py:190} INFO - [2025-01-28T06:28:34.395+0000] {dag.py:3239} INFO - Sync 1 DAGs
[2025-01-28T06:28:34.437+0000] {logging_mixin.py:190} INFO - [2025-01-28T06:28:34.437+0000] {dag.py:4180} INFO - Setting next_dagrun for tutorial to 2025-01-27 00:00:00+00:00, run_after=2025-01-28 00:00:00+00:00
[2025-01-28T06:28:34.477+0000] {processor.py:208} INFO - Processing /home/ubuntu/.local/lib/python3.12/site-packages/airflow/example_dags/tutorial.py took 0.151 seconds
[2025-01-28T06:29:28.674+0000] {processor.py:186} INFO - Started process (PID=5571) to work on /home/ubuntu/.local/lib/python3.12/site-packages/airflow/example_dags/tutorial.py
[2025-01-28T06:29:28.675+0000] {processor.py:914} INFO - Processing file /home/ubuntu/.local/lib/python3.12/site-packages/airflow/example_dags/tutorial.py for tasks to queue
[2025-01-28T06:29:28.678+0000] {logging_mixin.py:190} INFO - [2025-01-28T06:29:28.677+0000] {dagbag.py:588} INFO - Filling up the DagBag from /home/ubuntu/.local/lib/python3.12/site-packages/airflow/example_dags/tutorial.py
[2025-01-28T06:29:28.685+0000] {processor.py:925} INFO - DAG(s) 'tutorial' retrieved from /home/ubuntu/.local/lib/python3.12/site-packages/airflow/example_dags/tutorial.py
[2025-01-28T06:29:28.701+0000] {logging_mixin.py:190} INFO - [2025-01-28T06:29:28.701+0000] {dag.py:3239} INFO - Sync 1 DAGs
[2025-01-28T06:29:28.718+0000] {logging_mixin.py:190} INFO - [2025-01-28T06:29:28.718+0000] {dag.py:4180} INFO - Setting next_dagrun for tutorial to 2025-01-27 00:00:00+00:00, run_after=2025-01-28 00:00:00+00:00
[2025-01-28T06:29:28.742+0000] {processor.py:208} INFO - Processing /home/ubuntu/.local/lib/python3.12/site-packages/airflow/example_dags/tutorial.py took 0.073 seconds
[2025-01-28T06:30:24.924+0000] {processor.py:186} INFO - Started process (PID=5633) to work on /home/ubuntu/.local/lib/python3.12/site-packages/airflow/example_dags/tutorial.py
[2025-01-28T06:30:24.926+0000] {processor.py:914} INFO - Processing file /home/ubuntu/.local/lib/python3.12/site-packages/airflow/example_dags/tutorial.py for tasks to queue
[2025-01-28T06:30:24.928+0000] {logging_mixin.py:190} INFO - [2025-01-28T06:30:24.928+0000] {dagbag.py:588} INFO - Filling up the DagBag from /home/ubuntu/.local/lib/python3.12/site-packages/airflow/example_dags/tutorial.py
[2025-01-28T06:30:24.937+0000] {processor.py:925} INFO - DAG(s) 'tutorial' retrieved from /home/ubuntu/.local/lib/python3.12/site-packages/airflow/example_dags/tutorial.py
[2025-01-28T06:30:24.953+0000] {logging_mixin.py:190} INFO - [2025-01-28T06:30:24.952+0000] {dag.py:3239} INFO - Sync 1 DAGs
[2025-01-28T06:30:24.969+0000] {logging_mixin.py:190} INFO - [2025-01-28T06:30:24.969+0000] {dag.py:4180} INFO - Setting next_dagrun for tutorial to 2025-01-27 00:00:00+00:00, run_after=2025-01-28 00:00:00+00:00
[2025-01-28T06:30:24.990+0000] {processor.py:208} INFO - Processing /home/ubuntu/.local/lib/python3.12/site-packages/airflow/example_dags/tutorial.py took 0.071 seconds
[2025-01-28T06:31:43.967+0000] {processor.py:186} INFO - Started process (PID=5763) to work on /home/ubuntu/.local/lib/python3.12/site-packages/airflow/example_dags/tutorial.py
[2025-01-28T06:31:43.969+0000] {processor.py:914} INFO - Processing file /home/ubuntu/.local/lib/python3.12/site-packages/airflow/example_dags/tutorial.py for tasks to queue
[2025-01-28T06:31:43.972+0000] {logging_mixin.py:190} INFO - [2025-01-28T06:31:43.972+0000] {dagbag.py:588} INFO - Filling up the DagBag from /home/ubuntu/.local/lib/python3.12/site-packages/airflow/example_dags/tutorial.py
[2025-01-28T06:31:43.980+0000] {processor.py:925} INFO - DAG(s) 'tutorial' retrieved from /home/ubuntu/.local/lib/python3.12/site-packages/airflow/example_dags/tutorial.py
[2025-01-28T06:31:43.995+0000] {logging_mixin.py:190} INFO - [2025-01-28T06:31:43.995+0000] {dag.py:3239} INFO - Sync 1 DAGs
[2025-01-28T06:31:44.012+0000] {logging_mixin.py:190} INFO - [2025-01-28T06:31:44.012+0000] {dag.py:4180} INFO - Setting next_dagrun for tutorial to 2025-01-27 00:00:00+00:00, run_after=2025-01-28 00:00:00+00:00
[2025-01-28T06:31:44.036+0000] {processor.py:208} INFO - Processing /home/ubuntu/.local/lib/python3.12/site-packages/airflow/example_dags/tutorial.py took 0.074 seconds
[2025-01-28T06:32:41.603+0000] {processor.py:186} INFO - Started process (PID=5823) to work on /home/ubuntu/.local/lib/python3.12/site-packages/airflow/example_dags/tutorial.py
[2025-01-28T06:32:41.605+0000] {processor.py:914} INFO - Processing file /home/ubuntu/.local/lib/python3.12/site-packages/airflow/example_dags/tutorial.py for tasks to queue
[2025-01-28T06:32:41.608+0000] {logging_mixin.py:190} INFO - [2025-01-28T06:32:41.607+0000] {dagbag.py:588} INFO - Filling up the DagBag from /home/ubuntu/.local/lib/python3.12/site-packages/airflow/example_dags/tutorial.py
[2025-01-28T06:32:41.616+0000] {processor.py:925} INFO - DAG(s) 'tutorial' retrieved from /home/ubuntu/.local/lib/python3.12/site-packages/airflow/example_dags/tutorial.py
[2025-01-28T06:32:41.630+0000] {logging_mixin.py:190} INFO - [2025-01-28T06:32:41.630+0000] {dag.py:3239} INFO - Sync 1 DAGs
[2025-01-28T06:32:41.647+0000] {logging_mixin.py:190} INFO - [2025-01-28T06:32:41.647+0000] {dag.py:4180} INFO - Setting next_dagrun for tutorial to 2025-01-27 00:00:00+00:00, run_after=2025-01-28 00:00:00+00:00
[2025-01-28T06:32:41.670+0000] {processor.py:208} INFO - Processing /home/ubuntu/.local/lib/python3.12/site-packages/airflow/example_dags/tutorial.py took 0.072 seconds
[2025-01-28T06:33:42.203+0000] {processor.py:186} INFO - Started process (PID=5888) to work on /home/ubuntu/.local/lib/python3.12/site-packages/airflow/example_dags/tutorial.py
[2025-01-28T06:33:42.205+0000] {processor.py:914} INFO - Processing file /home/ubuntu/.local/lib/python3.12/site-packages/airflow/example_dags/tutorial.py for tasks to queue
[2025-01-28T06:33:42.207+0000] {logging_mixin.py:190} INFO - [2025-01-28T06:33:42.207+0000] {dagbag.py:588} INFO - Filling up the DagBag from /home/ubuntu/.local/lib/python3.12/site-packages/airflow/example_dags/tutorial.py
[2025-01-28T06:33:42.215+0000] {processor.py:925} INFO - DAG(s) 'tutorial' retrieved from /home/ubuntu/.local/lib/python3.12/site-packages/airflow/example_dags/tutorial.py
[2025-01-28T06:33:42.232+0000] {logging_mixin.py:190} INFO - [2025-01-28T06:33:42.232+0000] {dag.py:3239} INFO - Sync 1 DAGs
[2025-01-28T06:33:42.249+0000] {logging_mixin.py:190} INFO - [2025-01-28T06:33:42.249+0000] {dag.py:4180} INFO - Setting next_dagrun for tutorial to 2025-01-27 00:00:00+00:00, run_after=2025-01-28 00:00:00+00:00
[2025-01-28T06:33:42.270+0000] {processor.py:208} INFO - Processing /home/ubuntu/.local/lib/python3.12/site-packages/airflow/example_dags/tutorial.py took 0.071 seconds
[2025-01-28T06:34:39.514+0000] {processor.py:186} INFO - Started process (PID=5946) to work on /home/ubuntu/.local/lib/python3.12/site-packages/airflow/example_dags/tutorial.py
[2025-01-28T06:34:39.516+0000] {processor.py:914} INFO - Processing file /home/ubuntu/.local/lib/python3.12/site-packages/airflow/example_dags/tutorial.py for tasks to queue
[2025-01-28T06:34:39.518+0000] {logging_mixin.py:190} INFO - [2025-01-28T06:34:39.517+0000] {dagbag.py:588} INFO - Filling up the DagBag from /home/ubuntu/.local/lib/python3.12/site-packages/airflow/example_dags/tutorial.py
[2025-01-28T06:34:39.526+0000] {processor.py:925} INFO - DAG(s) 'tutorial' retrieved from /home/ubuntu/.local/lib/python3.12/site-packages/airflow/example_dags/tutorial.py
[2025-01-28T06:34:39.542+0000] {logging_mixin.py:190} INFO - [2025-01-28T06:34:39.542+0000] {dag.py:3239} INFO - Sync 1 DAGs
[2025-01-28T06:34:39.560+0000] {logging_mixin.py:190} INFO - [2025-01-28T06:34:39.560+0000] {dag.py:4180} INFO - Setting next_dagrun for tutorial to 2025-01-27 00:00:00+00:00, run_after=2025-01-28 00:00:00+00:00
[2025-01-28T06:34:39.582+0000] {processor.py:208} INFO - Processing /home/ubuntu/.local/lib/python3.12/site-packages/airflow/example_dags/tutorial.py took 0.073 seconds
[2025-01-28T06:35:35.045+0000] {processor.py:186} INFO - Started process (PID=6007) to work on /home/ubuntu/.local/lib/python3.12/site-packages/airflow/example_dags/tutorial.py
[2025-01-28T06:35:35.046+0000] {processor.py:914} INFO - Processing file /home/ubuntu/.local/lib/python3.12/site-packages/airflow/example_dags/tutorial.py for tasks to queue
[2025-01-28T06:35:35.048+0000] {logging_mixin.py:190} INFO - [2025-01-28T06:35:35.048+0000] {dagbag.py:588} INFO - Filling up the DagBag from /home/ubuntu/.local/lib/python3.12/site-packages/airflow/example_dags/tutorial.py
[2025-01-28T06:35:35.056+0000] {processor.py:925} INFO - DAG(s) 'tutorial' retrieved from /home/ubuntu/.local/lib/python3.12/site-packages/airflow/example_dags/tutorial.py
[2025-01-28T06:35:35.071+0000] {logging_mixin.py:190} INFO - [2025-01-28T06:35:35.071+0000] {dag.py:3239} INFO - Sync 1 DAGs
[2025-01-28T06:35:35.089+0000] {logging_mixin.py:190} INFO - [2025-01-28T06:35:35.089+0000] {dag.py:4180} INFO - Setting next_dagrun for tutorial to 2025-01-27 00:00:00+00:00, run_after=2025-01-28 00:00:00+00:00
[2025-01-28T06:35:35.110+0000] {processor.py:208} INFO - Processing /home/ubuntu/.local/lib/python3.12/site-packages/airflow/example_dags/tutorial.py took 0.070 seconds
[2025-01-28T06:36:26.406+0000] {processor.py:186} INFO - Started process (PID=6060) to work on /home/ubuntu/.local/lib/python3.12/site-packages/airflow/example_dags/tutorial.py
[2025-01-28T06:36:26.407+0000] {processor.py:914} INFO - Processing file /home/ubuntu/.local/lib/python3.12/site-packages/airflow/example_dags/tutorial.py for tasks to queue
[2025-01-28T06:36:26.410+0000] {logging_mixin.py:190} INFO - [2025-01-28T06:36:26.409+0000] {dagbag.py:588} INFO - Filling up the DagBag from /home/ubuntu/.local/lib/python3.12/site-packages/airflow/example_dags/tutorial.py
[2025-01-28T06:36:26.417+0000] {processor.py:925} INFO - DAG(s) 'tutorial' retrieved from /home/ubuntu/.local/lib/python3.12/site-packages/airflow/example_dags/tutorial.py
[2025-01-28T06:36:26.432+0000] {logging_mixin.py:190} INFO - [2025-01-28T06:36:26.432+0000] {dag.py:3239} INFO - Sync 1 DAGs
[2025-01-28T06:36:26.449+0000] {logging_mixin.py:190} INFO - [2025-01-28T06:36:26.449+0000] {dag.py:4180} INFO - Setting next_dagrun for tutorial to 2025-01-27 00:00:00+00:00, run_after=2025-01-28 00:00:00+00:00
[2025-01-28T06:36:26.471+0000] {processor.py:208} INFO - Processing /home/ubuntu/.local/lib/python3.12/site-packages/airflow/example_dags/tutorial.py took 0.070 seconds
[2025-01-28T06:37:18.868+0000] {processor.py:186} INFO - Started process (PID=6114) to work on /home/ubuntu/.local/lib/python3.12/site-packages/airflow/example_dags/tutorial.py
[2025-01-28T06:37:18.870+0000] {processor.py:914} INFO - Processing file /home/ubuntu/.local/lib/python3.12/site-packages/airflow/example_dags/tutorial.py for tasks to queue
[2025-01-28T06:37:18.871+0000] {logging_mixin.py:190} INFO - [2025-01-28T06:37:18.871+0000] {dagbag.py:588} INFO - Filling up the DagBag from /home/ubuntu/.local/lib/python3.12/site-packages/airflow/example_dags/tutorial.py
[2025-01-28T06:37:18.880+0000] {processor.py:925} INFO - DAG(s) 'tutorial' retrieved from /home/ubuntu/.local/lib/python3.12/site-packages/airflow/example_dags/tutorial.py
[2025-01-28T06:37:18.894+0000] {logging_mixin.py:190} INFO - [2025-01-28T06:37:18.894+0000] {dag.py:3239} INFO - Sync 1 DAGs
[2025-01-28T06:37:18.912+0000] {logging_mixin.py:190} INFO - [2025-01-28T06:37:18.911+0000] {dag.py:4180} INFO - Setting next_dagrun for tutorial to 2025-01-27 00:00:00+00:00, run_after=2025-01-28 00:00:00+00:00
[2025-01-28T06:37:18.932+0000] {processor.py:208} INFO - Processing /home/ubuntu/.local/lib/python3.12/site-packages/airflow/example_dags/tutorial.py took 0.070 seconds
[2025-01-28T06:38:11.649+0000] {processor.py:186} INFO - Started process (PID=6170) to work on /home/ubuntu/.local/lib/python3.12/site-packages/airflow/example_dags/tutorial.py
[2025-01-28T06:38:11.651+0000] {processor.py:914} INFO - Processing file /home/ubuntu/.local/lib/python3.12/site-packages/airflow/example_dags/tutorial.py for tasks to queue
[2025-01-28T06:38:11.653+0000] {logging_mixin.py:190} INFO - [2025-01-28T06:38:11.653+0000] {dagbag.py:588} INFO - Filling up the DagBag from /home/ubuntu/.local/lib/python3.12/site-packages/airflow/example_dags/tutorial.py
[2025-01-28T06:38:11.661+0000] {processor.py:925} INFO - DAG(s) 'tutorial' retrieved from /home/ubuntu/.local/lib/python3.12/site-packages/airflow/example_dags/tutorial.py
[2025-01-28T06:38:11.676+0000] {logging_mixin.py:190} INFO - [2025-01-28T06:38:11.676+0000] {dag.py:3239} INFO - Sync 1 DAGs
[2025-01-28T06:38:11.693+0000] {logging_mixin.py:190} INFO - [2025-01-28T06:38:11.692+0000] {dag.py:4180} INFO - Setting next_dagrun for tutorial to 2025-01-27 00:00:00+00:00, run_after=2025-01-28 00:00:00+00:00
[2025-01-28T06:38:11.718+0000] {processor.py:208} INFO - Processing /home/ubuntu/.local/lib/python3.12/site-packages/airflow/example_dags/tutorial.py took 0.074 seconds
[2025-01-28T06:39:06.882+0000] {processor.py:186} INFO - Started process (PID=6227) to work on /home/ubuntu/.local/lib/python3.12/site-packages/airflow/example_dags/tutorial.py
[2025-01-28T06:39:06.883+0000] {processor.py:914} INFO - Processing file /home/ubuntu/.local/lib/python3.12/site-packages/airflow/example_dags/tutorial.py for tasks to queue
[2025-01-28T06:39:06.885+0000] {logging_mixin.py:190} INFO - [2025-01-28T06:39:06.885+0000] {dagbag.py:588} INFO - Filling up the DagBag from /home/ubuntu/.local/lib/python3.12/site-packages/airflow/example_dags/tutorial.py
[2025-01-28T06:39:06.893+0000] {processor.py:925} INFO - DAG(s) 'tutorial' retrieved from /home/ubuntu/.local/lib/python3.12/site-packages/airflow/example_dags/tutorial.py
[2025-01-28T06:39:06.909+0000] {logging_mixin.py:190} INFO - [2025-01-28T06:39:06.908+0000] {dag.py:3239} INFO - Sync 1 DAGs
[2025-01-28T06:39:06.926+0000] {logging_mixin.py:190} INFO - [2025-01-28T06:39:06.926+0000] {dag.py:4180} INFO - Setting next_dagrun for tutorial to 2025-01-27 00:00:00+00:00, run_after=2025-01-28 00:00:00+00:00
[2025-01-28T06:39:06.948+0000] {processor.py:208} INFO - Processing /home/ubuntu/.local/lib/python3.12/site-packages/airflow/example_dags/tutorial.py took 0.072 seconds
[2025-01-28T06:40:05.670+0000] {processor.py:186} INFO - Started process (PID=6286) to work on /home/ubuntu/.local/lib/python3.12/site-packages/airflow/example_dags/tutorial.py
[2025-01-28T06:40:05.672+0000] {processor.py:914} INFO - Processing file /home/ubuntu/.local/lib/python3.12/site-packages/airflow/example_dags/tutorial.py for tasks to queue
[2025-01-28T06:40:05.673+0000] {logging_mixin.py:190} INFO - [2025-01-28T06:40:05.673+0000] {dagbag.py:588} INFO - Filling up the DagBag from /home/ubuntu/.local/lib/python3.12/site-packages/airflow/example_dags/tutorial.py
[2025-01-28T06:40:05.681+0000] {processor.py:925} INFO - DAG(s) 'tutorial' retrieved from /home/ubuntu/.local/lib/python3.12/site-packages/airflow/example_dags/tutorial.py
[2025-01-28T06:40:05.697+0000] {logging_mixin.py:190} INFO - [2025-01-28T06:40:05.696+0000] {dag.py:3239} INFO - Sync 1 DAGs
[2025-01-28T06:40:05.714+0000] {logging_mixin.py:190} INFO - [2025-01-28T06:40:05.714+0000] {dag.py:4180} INFO - Setting next_dagrun for tutorial to 2025-01-27 00:00:00+00:00, run_after=2025-01-28 00:00:00+00:00
[2025-01-28T06:40:05.737+0000] {processor.py:208} INFO - Processing /home/ubuntu/.local/lib/python3.12/site-packages/airflow/example_dags/tutorial.py took 0.072 seconds
[2025-01-28T06:40:58.806+0000] {processor.py:186} INFO - Started process (PID=6345) to work on /home/ubuntu/.local/lib/python3.12/site-packages/airflow/example_dags/tutorial.py
[2025-01-28T06:40:58.808+0000] {processor.py:914} INFO - Processing file /home/ubuntu/.local/lib/python3.12/site-packages/airflow/example_dags/tutorial.py for tasks to queue
[2025-01-28T06:40:58.810+0000] {logging_mixin.py:190} INFO - [2025-01-28T06:40:58.810+0000] {dagbag.py:588} INFO - Filling up the DagBag from /home/ubuntu/.local/lib/python3.12/site-packages/airflow/example_dags/tutorial.py
[2025-01-28T06:40:58.818+0000] {processor.py:925} INFO - DAG(s) 'tutorial' retrieved from /home/ubuntu/.local/lib/python3.12/site-packages/airflow/example_dags/tutorial.py
[2025-01-28T06:40:58.833+0000] {logging_mixin.py:190} INFO - [2025-01-28T06:40:58.833+0000] {dag.py:3239} INFO - Sync 1 DAGs
[2025-01-28T06:40:58.981+0000] {logging_mixin.py:190} INFO - [2025-01-28T06:40:58.981+0000] {dag.py:4180} INFO - Setting next_dagrun for tutorial to 2025-01-27 00:00:00+00:00, run_after=2025-01-28 00:00:00+00:00
[2025-01-28T06:40:59.003+0000] {processor.py:208} INFO - Processing /home/ubuntu/.local/lib/python3.12/site-packages/airflow/example_dags/tutorial.py took 0.203 seconds
[2025-01-28T06:42:05.731+0000] {processor.py:186} INFO - Started process (PID=6542) to work on /home/ubuntu/.local/lib/python3.12/site-packages/airflow/example_dags/tutorial.py
[2025-01-28T06:42:05.732+0000] {processor.py:914} INFO - Processing file /home/ubuntu/.local/lib/python3.12/site-packages/airflow/example_dags/tutorial.py for tasks to queue
[2025-01-28T06:42:05.734+0000] {logging_mixin.py:190} INFO - [2025-01-28T06:42:05.734+0000] {dagbag.py:588} INFO - Filling up the DagBag from /home/ubuntu/.local/lib/python3.12/site-packages/airflow/example_dags/tutorial.py
[2025-01-28T06:42:05.743+0000] {processor.py:925} INFO - DAG(s) 'tutorial' retrieved from /home/ubuntu/.local/lib/python3.12/site-packages/airflow/example_dags/tutorial.py
[2025-01-28T06:42:05.758+0000] {logging_mixin.py:190} INFO - [2025-01-28T06:42:05.758+0000] {dag.py:3239} INFO - Sync 1 DAGs
[2025-01-28T06:42:05.775+0000] {logging_mixin.py:190} INFO - [2025-01-28T06:42:05.775+0000] {dag.py:4180} INFO - Setting next_dagrun for tutorial to 2025-01-27 00:00:00+00:00, run_after=2025-01-28 00:00:00+00:00
[2025-01-28T06:42:05.925+0000] {processor.py:208} INFO - Processing /home/ubuntu/.local/lib/python3.12/site-packages/airflow/example_dags/tutorial.py took 0.200 seconds
[2025-01-28T06:43:02.894+0000] {processor.py:186} INFO - Started process (PID=6600) to work on /home/ubuntu/.local/lib/python3.12/site-packages/airflow/example_dags/tutorial.py
[2025-01-28T06:43:02.895+0000] {processor.py:914} INFO - Processing file /home/ubuntu/.local/lib/python3.12/site-packages/airflow/example_dags/tutorial.py for tasks to queue
[2025-01-28T06:43:02.897+0000] {logging_mixin.py:190} INFO - [2025-01-28T06:43:02.897+0000] {dagbag.py:588} INFO - Filling up the DagBag from /home/ubuntu/.local/lib/python3.12/site-packages/airflow/example_dags/tutorial.py
[2025-01-28T06:43:02.905+0000] {processor.py:925} INFO - DAG(s) 'tutorial' retrieved from /home/ubuntu/.local/lib/python3.12/site-packages/airflow/example_dags/tutorial.py
[2025-01-28T06:43:02.920+0000] {logging_mixin.py:190} INFO - [2025-01-28T06:43:02.920+0000] {dag.py:3239} INFO - Sync 1 DAGs
[2025-01-28T06:43:02.938+0000] {logging_mixin.py:190} INFO - [2025-01-28T06:43:02.938+0000] {dag.py:4180} INFO - Setting next_dagrun for tutorial to 2025-01-27 00:00:00+00:00, run_after=2025-01-28 00:00:00+00:00
[2025-01-28T06:43:02.964+0000] {processor.py:208} INFO - Processing /home/ubuntu/.local/lib/python3.12/site-packages/airflow/example_dags/tutorial.py took 0.076 seconds
[2025-01-28T06:44:08.019+0000] {processor.py:186} INFO - Started process (PID=6662) to work on /home/ubuntu/.local/lib/python3.12/site-packages/airflow/example_dags/tutorial.py
[2025-01-28T06:44:08.021+0000] {processor.py:914} INFO - Processing file /home/ubuntu/.local/lib/python3.12/site-packages/airflow/example_dags/tutorial.py for tasks to queue
[2025-01-28T06:44:08.023+0000] {logging_mixin.py:190} INFO - [2025-01-28T06:44:08.023+0000] {dagbag.py:588} INFO - Filling up the DagBag from /home/ubuntu/.local/lib/python3.12/site-packages/airflow/example_dags/tutorial.py
[2025-01-28T06:44:08.031+0000] {processor.py:925} INFO - DAG(s) 'tutorial' retrieved from /home/ubuntu/.local/lib/python3.12/site-packages/airflow/example_dags/tutorial.py
[2025-01-28T06:44:08.046+0000] {logging_mixin.py:190} INFO - [2025-01-28T06:44:08.046+0000] {dag.py:3239} INFO - Sync 1 DAGs
[2025-01-28T06:44:08.065+0000] {logging_mixin.py:190} INFO - [2025-01-28T06:44:08.065+0000] {dag.py:4180} INFO - Setting next_dagrun for tutorial to 2025-01-27 00:00:00+00:00, run_after=2025-01-28 00:00:00+00:00
[2025-01-28T06:44:08.087+0000] {processor.py:208} INFO - Processing /home/ubuntu/.local/lib/python3.12/site-packages/airflow/example_dags/tutorial.py took 0.073 seconds
[2025-01-28T06:45:14.652+0000] {processor.py:186} INFO - Started process (PID=6727) to work on /home/ubuntu/.local/lib/python3.12/site-packages/airflow/example_dags/tutorial.py
[2025-01-28T06:45:14.654+0000] {processor.py:914} INFO - Processing file /home/ubuntu/.local/lib/python3.12/site-packages/airflow/example_dags/tutorial.py for tasks to queue
[2025-01-28T06:45:14.657+0000] {logging_mixin.py:190} INFO - [2025-01-28T06:45:14.656+0000] {dagbag.py:588} INFO - Filling up the DagBag from /home/ubuntu/.local/lib/python3.12/site-packages/airflow/example_dags/tutorial.py
[2025-01-28T06:45:14.664+0000] {processor.py:925} INFO - DAG(s) 'tutorial' retrieved from /home/ubuntu/.local/lib/python3.12/site-packages/airflow/example_dags/tutorial.py
[2025-01-28T06:45:14.679+0000] {logging_mixin.py:190} INFO - [2025-01-28T06:45:14.679+0000] {dag.py:3239} INFO - Sync 1 DAGs
[2025-01-28T06:45:14.697+0000] {logging_mixin.py:190} INFO - [2025-01-28T06:45:14.696+0000] {dag.py:4180} INFO - Setting next_dagrun for tutorial to 2025-01-27 00:00:00+00:00, run_after=2025-01-28 00:00:00+00:00
[2025-01-28T06:45:14.720+0000] {processor.py:208} INFO - Processing /home/ubuntu/.local/lib/python3.12/site-packages/airflow/example_dags/tutorial.py took 0.073 seconds
[2025-01-28T06:46:10.327+0000] {processor.py:186} INFO - Started process (PID=6949) to work on /home/ubuntu/.local/lib/python3.12/site-packages/airflow/example_dags/tutorial.py
[2025-01-28T06:46:10.328+0000] {processor.py:914} INFO - Processing file /home/ubuntu/.local/lib/python3.12/site-packages/airflow/example_dags/tutorial.py for tasks to queue
[2025-01-28T06:46:10.330+0000] {logging_mixin.py:190} INFO - [2025-01-28T06:46:10.330+0000] {dagbag.py:588} INFO - Filling up the DagBag from /home/ubuntu/.local/lib/python3.12/site-packages/airflow/example_dags/tutorial.py
[2025-01-28T06:46:10.338+0000] {processor.py:925} INFO - DAG(s) 'tutorial' retrieved from /home/ubuntu/.local/lib/python3.12/site-packages/airflow/example_dags/tutorial.py
[2025-01-28T06:46:10.354+0000] {logging_mixin.py:190} INFO - [2025-01-28T06:46:10.354+0000] {dag.py:3239} INFO - Sync 1 DAGs
[2025-01-28T06:46:10.371+0000] {logging_mixin.py:190} INFO - [2025-01-28T06:46:10.371+0000] {dag.py:4180} INFO - Setting next_dagrun for tutorial to 2025-01-27 00:00:00+00:00, run_after=2025-01-28 00:00:00+00:00
[2025-01-28T06:46:10.394+0000] {processor.py:208} INFO - Processing /home/ubuntu/.local/lib/python3.12/site-packages/airflow/example_dags/tutorial.py took 0.072 seconds
