[2025-01-28T03:39:33.168+0000] {processor.py:186} INFO - Started process (PID=9633) to work on /home/ubuntu/airflow-venv/lib/python3.12/site-packages/airflow/example_dags/tutorial_dag.py
[2025-01-28T03:39:33.169+0000] {processor.py:914} INFO - Processing file /home/ubuntu/airflow-venv/lib/python3.12/site-packages/airflow/example_dags/tutorial_dag.py for tasks to queue
[2025-01-28T03:39:33.172+0000] {logging_mixin.py:190} INFO - [2025-01-28T03:39:33.171+0000] {dagbag.py:588} INFO - Filling up the DagBag from /home/ubuntu/airflow-venv/lib/python3.12/site-packages/airflow/example_dags/tutorial_dag.py
[2025-01-28T03:39:33.178+0000] {processor.py:925} INFO - DAG(s) 'tutorial_dag' retrieved from /home/ubuntu/airflow-venv/lib/python3.12/site-packages/airflow/example_dags/tutorial_dag.py
[2025-01-28T03:39:33.285+0000] {logging_mixin.py:190} INFO - [2025-01-28T03:39:33.284+0000] {override.py:1912} INFO - Created Permission View: can read on DAG:tutorial_dag
[2025-01-28T03:39:33.301+0000] {logging_mixin.py:190} INFO - [2025-01-28T03:39:33.301+0000] {override.py:1912} INFO - Created Permission View: can delete on DAG:tutorial_dag
[2025-01-28T03:39:33.311+0000] {logging_mixin.py:190} INFO - [2025-01-28T03:39:33.311+0000] {override.py:1912} INFO - Created Permission View: can edit on DAG:tutorial_dag
[2025-01-28T03:39:33.331+0000] {logging_mixin.py:190} INFO - [2025-01-28T03:39:33.331+0000] {override.py:1912} INFO - Created Permission View: menu access on DAG Run:tutorial_dag
[2025-01-28T03:39:33.341+0000] {logging_mixin.py:190} INFO - [2025-01-28T03:39:33.341+0000] {override.py:1912} INFO - Created Permission View: can read on DAG Run:tutorial_dag
[2025-01-28T03:39:33.352+0000] {logging_mixin.py:190} INFO - [2025-01-28T03:39:33.351+0000] {override.py:1912} INFO - Created Permission View: can delete on DAG Run:tutorial_dag
[2025-01-28T03:39:33.361+0000] {logging_mixin.py:190} INFO - [2025-01-28T03:39:33.361+0000] {override.py:1912} INFO - Created Permission View: can create on DAG Run:tutorial_dag
[2025-01-28T03:39:33.362+0000] {logging_mixin.py:190} INFO - [2025-01-28T03:39:33.361+0000] {dag.py:3239} INFO - Sync 1 DAGs
[2025-01-28T03:39:33.371+0000] {logging_mixin.py:190} INFO - [2025-01-28T03:39:33.371+0000] {dag.py:3262} INFO - Creating ORM DAG for tutorial_dag
[2025-01-28T03:39:33.371+0000] {logging_mixin.py:190} INFO - [2025-01-28T03:39:33.371+0000] {dag.py:4180} INFO - Setting next_dagrun for tutorial_dag to None, run_after=None
[2025-01-28T03:39:33.395+0000] {processor.py:208} INFO - Processing /home/ubuntu/airflow-venv/lib/python3.12/site-packages/airflow/example_dags/tutorial_dag.py took 0.231 seconds
[2025-01-28T03:40:39.089+0000] {processor.py:186} INFO - Started process (PID=9694) to work on /home/ubuntu/airflow-venv/lib/python3.12/site-packages/airflow/example_dags/tutorial_dag.py
[2025-01-28T03:40:39.134+0000] {processor.py:914} INFO - Processing file /home/ubuntu/airflow-venv/lib/python3.12/site-packages/airflow/example_dags/tutorial_dag.py for tasks to queue
[2025-01-28T03:40:39.136+0000] {logging_mixin.py:190} INFO - [2025-01-28T03:40:39.135+0000] {dagbag.py:588} INFO - Filling up the DagBag from /home/ubuntu/airflow-venv/lib/python3.12/site-packages/airflow/example_dags/tutorial_dag.py
[2025-01-28T03:40:39.143+0000] {processor.py:925} INFO - DAG(s) 'tutorial_dag' retrieved from /home/ubuntu/airflow-venv/lib/python3.12/site-packages/airflow/example_dags/tutorial_dag.py
[2025-01-28T03:40:39.158+0000] {logging_mixin.py:190} INFO - [2025-01-28T03:40:39.157+0000] {dag.py:3239} INFO - Sync 1 DAGs
[2025-01-28T03:40:39.169+0000] {logging_mixin.py:190} INFO - [2025-01-28T03:40:39.168+0000] {dag.py:4180} INFO - Setting next_dagrun for tutorial_dag to None, run_after=None
[2025-01-28T03:40:39.191+0000] {processor.py:208} INFO - Processing /home/ubuntu/airflow-venv/lib/python3.12/site-packages/airflow/example_dags/tutorial_dag.py took 0.107 seconds
[2025-01-28T03:43:18.230+0000] {processor.py:186} INFO - Started process (PID=9795) to work on /home/ubuntu/airflow-venv/lib/python3.12/site-packages/airflow/example_dags/tutorial_dag.py
[2025-01-28T03:43:18.232+0000] {processor.py:914} INFO - Processing file /home/ubuntu/airflow-venv/lib/python3.12/site-packages/airflow/example_dags/tutorial_dag.py for tasks to queue
[2025-01-28T03:43:18.236+0000] {logging_mixin.py:190} INFO - [2025-01-28T03:43:18.235+0000] {dagbag.py:588} INFO - Filling up the DagBag from /home/ubuntu/airflow-venv/lib/python3.12/site-packages/airflow/example_dags/tutorial_dag.py
[2025-01-28T03:43:18.243+0000] {processor.py:925} INFO - DAG(s) 'tutorial_dag' retrieved from /home/ubuntu/airflow-venv/lib/python3.12/site-packages/airflow/example_dags/tutorial_dag.py
[2025-01-28T03:43:18.259+0000] {logging_mixin.py:190} INFO - [2025-01-28T03:43:18.259+0000] {dag.py:3239} INFO - Sync 1 DAGs
[2025-01-28T03:43:18.270+0000] {logging_mixin.py:190} INFO - [2025-01-28T03:43:18.269+0000] {dag.py:4180} INFO - Setting next_dagrun for tutorial_dag to None, run_after=None
[2025-01-28T03:43:18.293+0000] {processor.py:208} INFO - Processing /home/ubuntu/airflow-venv/lib/python3.12/site-packages/airflow/example_dags/tutorial_dag.py took 0.068 seconds
[2025-01-28T03:44:13.742+0000] {processor.py:186} INFO - Started process (PID=9853) to work on /home/ubuntu/airflow-venv/lib/python3.12/site-packages/airflow/example_dags/tutorial_dag.py
[2025-01-28T03:44:13.743+0000] {processor.py:914} INFO - Processing file /home/ubuntu/airflow-venv/lib/python3.12/site-packages/airflow/example_dags/tutorial_dag.py for tasks to queue
[2025-01-28T03:44:13.746+0000] {logging_mixin.py:190} INFO - [2025-01-28T03:44:13.745+0000] {dagbag.py:588} INFO - Filling up the DagBag from /home/ubuntu/airflow-venv/lib/python3.12/site-packages/airflow/example_dags/tutorial_dag.py
[2025-01-28T03:44:13.755+0000] {processor.py:925} INFO - DAG(s) 'tutorial_dag' retrieved from /home/ubuntu/airflow-venv/lib/python3.12/site-packages/airflow/example_dags/tutorial_dag.py
[2025-01-28T03:44:13.773+0000] {logging_mixin.py:190} INFO - [2025-01-28T03:44:13.773+0000] {dag.py:3239} INFO - Sync 1 DAGs
[2025-01-28T03:44:13.785+0000] {logging_mixin.py:190} INFO - [2025-01-28T03:44:13.785+0000] {dag.py:4180} INFO - Setting next_dagrun for tutorial_dag to None, run_after=None
[2025-01-28T03:44:13.807+0000] {processor.py:208} INFO - Processing /home/ubuntu/airflow-venv/lib/python3.12/site-packages/airflow/example_dags/tutorial_dag.py took 0.071 seconds
[2025-01-28T03:45:04.979+0000] {processor.py:186} INFO - Started process (PID=9911) to work on /home/ubuntu/airflow-venv/lib/python3.12/site-packages/airflow/example_dags/tutorial_dag.py
[2025-01-28T03:45:04.981+0000] {processor.py:914} INFO - Processing file /home/ubuntu/airflow-venv/lib/python3.12/site-packages/airflow/example_dags/tutorial_dag.py for tasks to queue
[2025-01-28T03:45:04.983+0000] {logging_mixin.py:190} INFO - [2025-01-28T03:45:04.982+0000] {dagbag.py:588} INFO - Filling up the DagBag from /home/ubuntu/airflow-venv/lib/python3.12/site-packages/airflow/example_dags/tutorial_dag.py
[2025-01-28T03:45:04.990+0000] {processor.py:925} INFO - DAG(s) 'tutorial_dag' retrieved from /home/ubuntu/airflow-venv/lib/python3.12/site-packages/airflow/example_dags/tutorial_dag.py
[2025-01-28T03:45:05.005+0000] {logging_mixin.py:190} INFO - [2025-01-28T03:45:05.005+0000] {dag.py:3239} INFO - Sync 1 DAGs
[2025-01-28T03:45:05.017+0000] {logging_mixin.py:190} INFO - [2025-01-28T03:45:05.017+0000] {dag.py:4180} INFO - Setting next_dagrun for tutorial_dag to None, run_after=None
[2025-01-28T03:45:05.041+0000] {processor.py:208} INFO - Processing /home/ubuntu/airflow-venv/lib/python3.12/site-packages/airflow/example_dags/tutorial_dag.py took 0.068 seconds
[2025-01-28T03:45:56.756+0000] {processor.py:186} INFO - Started process (PID=9964) to work on /home/ubuntu/airflow-venv/lib/python3.12/site-packages/airflow/example_dags/tutorial_dag.py
[2025-01-28T03:45:56.757+0000] {processor.py:914} INFO - Processing file /home/ubuntu/airflow-venv/lib/python3.12/site-packages/airflow/example_dags/tutorial_dag.py for tasks to queue
[2025-01-28T03:45:56.760+0000] {logging_mixin.py:190} INFO - [2025-01-28T03:45:56.758+0000] {dagbag.py:588} INFO - Filling up the DagBag from /home/ubuntu/airflow-venv/lib/python3.12/site-packages/airflow/example_dags/tutorial_dag.py
[2025-01-28T03:45:56.767+0000] {processor.py:925} INFO - DAG(s) 'tutorial_dag' retrieved from /home/ubuntu/airflow-venv/lib/python3.12/site-packages/airflow/example_dags/tutorial_dag.py
[2025-01-28T03:45:56.781+0000] {logging_mixin.py:190} INFO - [2025-01-28T03:45:56.781+0000] {dag.py:3239} INFO - Sync 1 DAGs
[2025-01-28T03:45:56.793+0000] {logging_mixin.py:190} INFO - [2025-01-28T03:45:56.792+0000] {dag.py:4180} INFO - Setting next_dagrun for tutorial_dag to None, run_after=None
[2025-01-28T03:45:56.814+0000] {processor.py:208} INFO - Processing /home/ubuntu/airflow-venv/lib/python3.12/site-packages/airflow/example_dags/tutorial_dag.py took 0.064 seconds
[2025-01-28T03:46:50.194+0000] {processor.py:186} INFO - Started process (PID=10018) to work on /home/ubuntu/airflow-venv/lib/python3.12/site-packages/airflow/example_dags/tutorial_dag.py
[2025-01-28T03:46:50.195+0000] {processor.py:914} INFO - Processing file /home/ubuntu/airflow-venv/lib/python3.12/site-packages/airflow/example_dags/tutorial_dag.py for tasks to queue
[2025-01-28T03:46:50.197+0000] {logging_mixin.py:190} INFO - [2025-01-28T03:46:50.196+0000] {dagbag.py:588} INFO - Filling up the DagBag from /home/ubuntu/airflow-venv/lib/python3.12/site-packages/airflow/example_dags/tutorial_dag.py
[2025-01-28T03:46:50.204+0000] {processor.py:925} INFO - DAG(s) 'tutorial_dag' retrieved from /home/ubuntu/airflow-venv/lib/python3.12/site-packages/airflow/example_dags/tutorial_dag.py
[2025-01-28T03:46:50.218+0000] {logging_mixin.py:190} INFO - [2025-01-28T03:46:50.218+0000] {dag.py:3239} INFO - Sync 1 DAGs
[2025-01-28T03:46:50.230+0000] {logging_mixin.py:190} INFO - [2025-01-28T03:46:50.230+0000] {dag.py:4180} INFO - Setting next_dagrun for tutorial_dag to None, run_after=None
[2025-01-28T03:46:50.252+0000] {processor.py:208} INFO - Processing /home/ubuntu/airflow-venv/lib/python3.12/site-packages/airflow/example_dags/tutorial_dag.py took 0.063 seconds
[2025-01-28T03:47:44.078+0000] {processor.py:186} INFO - Started process (PID=10073) to work on /home/ubuntu/airflow-venv/lib/python3.12/site-packages/airflow/example_dags/tutorial_dag.py
[2025-01-28T03:47:44.079+0000] {processor.py:914} INFO - Processing file /home/ubuntu/airflow-venv/lib/python3.12/site-packages/airflow/example_dags/tutorial_dag.py for tasks to queue
[2025-01-28T03:47:44.081+0000] {logging_mixin.py:190} INFO - [2025-01-28T03:47:44.081+0000] {dagbag.py:588} INFO - Filling up the DagBag from /home/ubuntu/airflow-venv/lib/python3.12/site-packages/airflow/example_dags/tutorial_dag.py
[2025-01-28T03:47:44.089+0000] {processor.py:925} INFO - DAG(s) 'tutorial_dag' retrieved from /home/ubuntu/airflow-venv/lib/python3.12/site-packages/airflow/example_dags/tutorial_dag.py
[2025-01-28T03:47:44.102+0000] {logging_mixin.py:190} INFO - [2025-01-28T03:47:44.102+0000] {dag.py:3239} INFO - Sync 1 DAGs
[2025-01-28T03:47:44.115+0000] {logging_mixin.py:190} INFO - [2025-01-28T03:47:44.115+0000] {dag.py:4180} INFO - Setting next_dagrun for tutorial_dag to None, run_after=None
[2025-01-28T03:47:44.136+0000] {processor.py:208} INFO - Processing /home/ubuntu/airflow-venv/lib/python3.12/site-packages/airflow/example_dags/tutorial_dag.py took 0.064 seconds
[2025-01-28T03:48:32.466+0000] {processor.py:186} INFO - Started process (PID=10125) to work on /home/ubuntu/airflow-venv/lib/python3.12/site-packages/airflow/example_dags/tutorial_dag.py
[2025-01-28T03:48:32.467+0000] {processor.py:914} INFO - Processing file /home/ubuntu/airflow-venv/lib/python3.12/site-packages/airflow/example_dags/tutorial_dag.py for tasks to queue
[2025-01-28T03:48:32.469+0000] {logging_mixin.py:190} INFO - [2025-01-28T03:48:32.469+0000] {dagbag.py:588} INFO - Filling up the DagBag from /home/ubuntu/airflow-venv/lib/python3.12/site-packages/airflow/example_dags/tutorial_dag.py
[2025-01-28T03:48:32.477+0000] {processor.py:925} INFO - DAG(s) 'tutorial_dag' retrieved from /home/ubuntu/airflow-venv/lib/python3.12/site-packages/airflow/example_dags/tutorial_dag.py
[2025-01-28T03:48:32.491+0000] {logging_mixin.py:190} INFO - [2025-01-28T03:48:32.491+0000] {dag.py:3239} INFO - Sync 1 DAGs
[2025-01-28T03:48:32.502+0000] {logging_mixin.py:190} INFO - [2025-01-28T03:48:32.502+0000] {dag.py:4180} INFO - Setting next_dagrun for tutorial_dag to None, run_after=None
[2025-01-28T03:48:32.523+0000] {processor.py:208} INFO - Processing /home/ubuntu/airflow-venv/lib/python3.12/site-packages/airflow/example_dags/tutorial_dag.py took 0.063 seconds
[2025-01-28T03:49:20.338+0000] {processor.py:186} INFO - Started process (PID=10176) to work on /home/ubuntu/airflow-venv/lib/python3.12/site-packages/airflow/example_dags/tutorial_dag.py
[2025-01-28T03:49:20.400+0000] {processor.py:914} INFO - Processing file /home/ubuntu/airflow-venv/lib/python3.12/site-packages/airflow/example_dags/tutorial_dag.py for tasks to queue
[2025-01-28T03:49:20.402+0000] {logging_mixin.py:190} INFO - [2025-01-28T03:49:20.402+0000] {dagbag.py:588} INFO - Filling up the DagBag from /home/ubuntu/airflow-venv/lib/python3.12/site-packages/airflow/example_dags/tutorial_dag.py
[2025-01-28T03:49:20.410+0000] {processor.py:925} INFO - DAG(s) 'tutorial_dag' retrieved from /home/ubuntu/airflow-venv/lib/python3.12/site-packages/airflow/example_dags/tutorial_dag.py
[2025-01-28T03:49:20.424+0000] {logging_mixin.py:190} INFO - [2025-01-28T03:49:20.424+0000] {dag.py:3239} INFO - Sync 1 DAGs
[2025-01-28T03:49:20.435+0000] {logging_mixin.py:190} INFO - [2025-01-28T03:49:20.435+0000] {dag.py:4180} INFO - Setting next_dagrun for tutorial_dag to None, run_after=None
[2025-01-28T03:49:20.457+0000] {processor.py:208} INFO - Processing /home/ubuntu/airflow-venv/lib/python3.12/site-packages/airflow/example_dags/tutorial_dag.py took 0.125 seconds
[2025-01-28T05:55:15.901+0000] {processor.py:186} INFO - Started process (PID=1907) to work on /home/ubuntu/.local/lib/python3.12/site-packages/airflow/example_dags/tutorial_dag.py
[2025-01-28T05:55:15.902+0000] {processor.py:914} INFO - Processing file /home/ubuntu/.local/lib/python3.12/site-packages/airflow/example_dags/tutorial_dag.py for tasks to queue
[2025-01-28T05:55:15.904+0000] {logging_mixin.py:190} INFO - [2025-01-28T05:55:15.904+0000] {dagbag.py:588} INFO - Filling up the DagBag from /home/ubuntu/.local/lib/python3.12/site-packages/airflow/example_dags/tutorial_dag.py
[2025-01-28T05:55:15.911+0000] {processor.py:925} INFO - DAG(s) 'tutorial_dag' retrieved from /home/ubuntu/.local/lib/python3.12/site-packages/airflow/example_dags/tutorial_dag.py
[2025-01-28T05:55:16.011+0000] {logging_mixin.py:190} INFO - [2025-01-28T05:55:16.011+0000] {dag.py:3239} INFO - Sync 1 DAGs
[2025-01-28T05:55:16.020+0000] {logging_mixin.py:190} INFO - [2025-01-28T05:55:16.020+0000] {dag.py:4180} INFO - Setting next_dagrun for tutorial_dag to None, run_after=None
[2025-01-28T05:55:16.047+0000] {processor.py:208} INFO - Processing /home/ubuntu/.local/lib/python3.12/site-packages/airflow/example_dags/tutorial_dag.py took 0.151 seconds
[2025-01-28T05:56:14.340+0000] {processor.py:186} INFO - Started process (PID=1966) to work on /home/ubuntu/.local/lib/python3.12/site-packages/airflow/example_dags/tutorial_dag.py
[2025-01-28T05:56:14.342+0000] {processor.py:914} INFO - Processing file /home/ubuntu/.local/lib/python3.12/site-packages/airflow/example_dags/tutorial_dag.py for tasks to queue
[2025-01-28T05:56:14.344+0000] {logging_mixin.py:190} INFO - [2025-01-28T05:56:14.344+0000] {dagbag.py:588} INFO - Filling up the DagBag from /home/ubuntu/.local/lib/python3.12/site-packages/airflow/example_dags/tutorial_dag.py
[2025-01-28T05:56:14.352+0000] {processor.py:925} INFO - DAG(s) 'tutorial_dag' retrieved from /home/ubuntu/.local/lib/python3.12/site-packages/airflow/example_dags/tutorial_dag.py
[2025-01-28T05:56:14.367+0000] {logging_mixin.py:190} INFO - [2025-01-28T05:56:14.367+0000] {dag.py:3239} INFO - Sync 1 DAGs
[2025-01-28T05:56:14.381+0000] {logging_mixin.py:190} INFO - [2025-01-28T05:56:14.381+0000] {dag.py:4180} INFO - Setting next_dagrun for tutorial_dag to None, run_after=None
[2025-01-28T05:56:14.407+0000] {processor.py:208} INFO - Processing /home/ubuntu/.local/lib/python3.12/site-packages/airflow/example_dags/tutorial_dag.py took 0.072 seconds
[2025-01-28T05:57:10.985+0000] {processor.py:186} INFO - Started process (PID=2042) to work on /home/ubuntu/.local/lib/python3.12/site-packages/airflow/example_dags/tutorial_dag.py
[2025-01-28T05:57:10.986+0000] {processor.py:914} INFO - Processing file /home/ubuntu/.local/lib/python3.12/site-packages/airflow/example_dags/tutorial_dag.py for tasks to queue
[2025-01-28T05:57:10.989+0000] {logging_mixin.py:190} INFO - [2025-01-28T05:57:10.988+0000] {dagbag.py:588} INFO - Filling up the DagBag from /home/ubuntu/.local/lib/python3.12/site-packages/airflow/example_dags/tutorial_dag.py
[2025-01-28T05:57:10.996+0000] {processor.py:925} INFO - DAG(s) 'tutorial_dag' retrieved from /home/ubuntu/.local/lib/python3.12/site-packages/airflow/example_dags/tutorial_dag.py
[2025-01-28T05:57:11.011+0000] {logging_mixin.py:190} INFO - [2025-01-28T05:57:11.011+0000] {dag.py:3239} INFO - Sync 1 DAGs
[2025-01-28T05:57:11.023+0000] {logging_mixin.py:190} INFO - [2025-01-28T05:57:11.023+0000] {dag.py:4180} INFO - Setting next_dagrun for tutorial_dag to None, run_after=None
[2025-01-28T05:57:11.044+0000] {processor.py:208} INFO - Processing /home/ubuntu/.local/lib/python3.12/site-packages/airflow/example_dags/tutorial_dag.py took 0.065 seconds
[2025-01-28T05:58:05.929+0000] {processor.py:186} INFO - Started process (PID=2113) to work on /home/ubuntu/.local/lib/python3.12/site-packages/airflow/example_dags/tutorial_dag.py
[2025-01-28T05:58:05.931+0000] {processor.py:914} INFO - Processing file /home/ubuntu/.local/lib/python3.12/site-packages/airflow/example_dags/tutorial_dag.py for tasks to queue
[2025-01-28T05:58:05.933+0000] {logging_mixin.py:190} INFO - [2025-01-28T05:58:05.933+0000] {dagbag.py:588} INFO - Filling up the DagBag from /home/ubuntu/.local/lib/python3.12/site-packages/airflow/example_dags/tutorial_dag.py
[2025-01-28T05:58:05.941+0000] {processor.py:925} INFO - DAG(s) 'tutorial_dag' retrieved from /home/ubuntu/.local/lib/python3.12/site-packages/airflow/example_dags/tutorial_dag.py
[2025-01-28T05:58:05.956+0000] {logging_mixin.py:190} INFO - [2025-01-28T05:58:05.956+0000] {dag.py:3239} INFO - Sync 1 DAGs
[2025-01-28T05:58:05.967+0000] {logging_mixin.py:190} INFO - [2025-01-28T05:58:05.967+0000] {dag.py:4180} INFO - Setting next_dagrun for tutorial_dag to None, run_after=None
[2025-01-28T05:58:05.989+0000] {processor.py:208} INFO - Processing /home/ubuntu/.local/lib/python3.12/site-packages/airflow/example_dags/tutorial_dag.py took 0.064 seconds
[2025-01-28T05:59:01.340+0000] {processor.py:186} INFO - Started process (PID=2170) to work on /home/ubuntu/.local/lib/python3.12/site-packages/airflow/example_dags/tutorial_dag.py
[2025-01-28T05:59:01.342+0000] {processor.py:914} INFO - Processing file /home/ubuntu/.local/lib/python3.12/site-packages/airflow/example_dags/tutorial_dag.py for tasks to queue
[2025-01-28T05:59:01.344+0000] {logging_mixin.py:190} INFO - [2025-01-28T05:59:01.344+0000] {dagbag.py:588} INFO - Filling up the DagBag from /home/ubuntu/.local/lib/python3.12/site-packages/airflow/example_dags/tutorial_dag.py
[2025-01-28T05:59:01.352+0000] {processor.py:925} INFO - DAG(s) 'tutorial_dag' retrieved from /home/ubuntu/.local/lib/python3.12/site-packages/airflow/example_dags/tutorial_dag.py
[2025-01-28T05:59:01.366+0000] {logging_mixin.py:190} INFO - [2025-01-28T05:59:01.366+0000] {dag.py:3239} INFO - Sync 1 DAGs
[2025-01-28T05:59:01.377+0000] {logging_mixin.py:190} INFO - [2025-01-28T05:59:01.377+0000] {dag.py:4180} INFO - Setting next_dagrun for tutorial_dag to None, run_after=None
[2025-01-28T05:59:01.400+0000] {processor.py:208} INFO - Processing /home/ubuntu/.local/lib/python3.12/site-packages/airflow/example_dags/tutorial_dag.py took 0.065 seconds
[2025-01-28T05:59:57.194+0000] {processor.py:186} INFO - Started process (PID=2227) to work on /home/ubuntu/.local/lib/python3.12/site-packages/airflow/example_dags/tutorial_dag.py
[2025-01-28T05:59:57.196+0000] {processor.py:914} INFO - Processing file /home/ubuntu/.local/lib/python3.12/site-packages/airflow/example_dags/tutorial_dag.py for tasks to queue
[2025-01-28T05:59:57.198+0000] {logging_mixin.py:190} INFO - [2025-01-28T05:59:57.198+0000] {dagbag.py:588} INFO - Filling up the DagBag from /home/ubuntu/.local/lib/python3.12/site-packages/airflow/example_dags/tutorial_dag.py
[2025-01-28T05:59:57.206+0000] {processor.py:925} INFO - DAG(s) 'tutorial_dag' retrieved from /home/ubuntu/.local/lib/python3.12/site-packages/airflow/example_dags/tutorial_dag.py
[2025-01-28T05:59:57.222+0000] {logging_mixin.py:190} INFO - [2025-01-28T05:59:57.221+0000] {dag.py:3239} INFO - Sync 1 DAGs
[2025-01-28T05:59:57.232+0000] {logging_mixin.py:190} INFO - [2025-01-28T05:59:57.232+0000] {dag.py:4180} INFO - Setting next_dagrun for tutorial_dag to None, run_after=None
[2025-01-28T05:59:57.254+0000] {processor.py:208} INFO - Processing /home/ubuntu/.local/lib/python3.12/site-packages/airflow/example_dags/tutorial_dag.py took 0.064 seconds
[2025-01-28T06:00:50.642+0000] {processor.py:186} INFO - Started process (PID=2284) to work on /home/ubuntu/.local/lib/python3.12/site-packages/airflow/example_dags/tutorial_dag.py
[2025-01-28T06:00:50.643+0000] {processor.py:914} INFO - Processing file /home/ubuntu/.local/lib/python3.12/site-packages/airflow/example_dags/tutorial_dag.py for tasks to queue
[2025-01-28T06:00:50.645+0000] {logging_mixin.py:190} INFO - [2025-01-28T06:00:50.645+0000] {dagbag.py:588} INFO - Filling up the DagBag from /home/ubuntu/.local/lib/python3.12/site-packages/airflow/example_dags/tutorial_dag.py
[2025-01-28T06:00:50.653+0000] {processor.py:925} INFO - DAG(s) 'tutorial_dag' retrieved from /home/ubuntu/.local/lib/python3.12/site-packages/airflow/example_dags/tutorial_dag.py
[2025-01-28T06:00:50.668+0000] {logging_mixin.py:190} INFO - [2025-01-28T06:00:50.668+0000] {dag.py:3239} INFO - Sync 1 DAGs
[2025-01-28T06:00:50.679+0000] {logging_mixin.py:190} INFO - [2025-01-28T06:00:50.679+0000] {dag.py:4180} INFO - Setting next_dagrun for tutorial_dag to None, run_after=None
[2025-01-28T06:00:50.702+0000] {processor.py:208} INFO - Processing /home/ubuntu/.local/lib/python3.12/site-packages/airflow/example_dags/tutorial_dag.py took 0.065 seconds
[2025-01-28T06:01:43.953+0000] {processor.py:186} INFO - Started process (PID=2343) to work on /home/ubuntu/.local/lib/python3.12/site-packages/airflow/example_dags/tutorial_dag.py
[2025-01-28T06:01:43.955+0000] {processor.py:914} INFO - Processing file /home/ubuntu/.local/lib/python3.12/site-packages/airflow/example_dags/tutorial_dag.py for tasks to queue
[2025-01-28T06:01:43.957+0000] {logging_mixin.py:190} INFO - [2025-01-28T06:01:43.957+0000] {dagbag.py:588} INFO - Filling up the DagBag from /home/ubuntu/.local/lib/python3.12/site-packages/airflow/example_dags/tutorial_dag.py
[2025-01-28T06:01:43.965+0000] {processor.py:925} INFO - DAG(s) 'tutorial_dag' retrieved from /home/ubuntu/.local/lib/python3.12/site-packages/airflow/example_dags/tutorial_dag.py
[2025-01-28T06:01:43.980+0000] {logging_mixin.py:190} INFO - [2025-01-28T06:01:43.979+0000] {dag.py:3239} INFO - Sync 1 DAGs
[2025-01-28T06:01:43.992+0000] {logging_mixin.py:190} INFO - [2025-01-28T06:01:43.992+0000] {dag.py:4180} INFO - Setting next_dagrun for tutorial_dag to None, run_after=None
[2025-01-28T06:01:44.015+0000] {processor.py:208} INFO - Processing /home/ubuntu/.local/lib/python3.12/site-packages/airflow/example_dags/tutorial_dag.py took 0.067 seconds
[2025-01-28T06:02:34.300+0000] {processor.py:186} INFO - Started process (PID=2411) to work on /home/ubuntu/.local/lib/python3.12/site-packages/airflow/example_dags/tutorial_dag.py
[2025-01-28T06:02:34.302+0000] {processor.py:914} INFO - Processing file /home/ubuntu/.local/lib/python3.12/site-packages/airflow/example_dags/tutorial_dag.py for tasks to queue
[2025-01-28T06:02:34.304+0000] {logging_mixin.py:190} INFO - [2025-01-28T06:02:34.304+0000] {dagbag.py:588} INFO - Filling up the DagBag from /home/ubuntu/.local/lib/python3.12/site-packages/airflow/example_dags/tutorial_dag.py
[2025-01-28T06:02:34.312+0000] {processor.py:925} INFO - DAG(s) 'tutorial_dag' retrieved from /home/ubuntu/.local/lib/python3.12/site-packages/airflow/example_dags/tutorial_dag.py
[2025-01-28T06:02:34.327+0000] {logging_mixin.py:190} INFO - [2025-01-28T06:02:34.327+0000] {dag.py:3239} INFO - Sync 1 DAGs
[2025-01-28T06:02:34.339+0000] {logging_mixin.py:190} INFO - [2025-01-28T06:02:34.339+0000] {dag.py:4180} INFO - Setting next_dagrun for tutorial_dag to None, run_after=None
[2025-01-28T06:02:34.361+0000] {processor.py:208} INFO - Processing /home/ubuntu/.local/lib/python3.12/site-packages/airflow/example_dags/tutorial_dag.py took 0.066 seconds
[2025-01-28T06:03:27.821+0000] {processor.py:186} INFO - Started process (PID=2467) to work on /home/ubuntu/.local/lib/python3.12/site-packages/airflow/example_dags/tutorial_dag.py
[2025-01-28T06:03:27.824+0000] {processor.py:914} INFO - Processing file /home/ubuntu/.local/lib/python3.12/site-packages/airflow/example_dags/tutorial_dag.py for tasks to queue
[2025-01-28T06:03:27.826+0000] {logging_mixin.py:190} INFO - [2025-01-28T06:03:27.826+0000] {dagbag.py:588} INFO - Filling up the DagBag from /home/ubuntu/.local/lib/python3.12/site-packages/airflow/example_dags/tutorial_dag.py
[2025-01-28T06:03:27.833+0000] {processor.py:925} INFO - DAG(s) 'tutorial_dag' retrieved from /home/ubuntu/.local/lib/python3.12/site-packages/airflow/example_dags/tutorial_dag.py
[2025-01-28T06:03:27.848+0000] {logging_mixin.py:190} INFO - [2025-01-28T06:03:27.848+0000] {dag.py:3239} INFO - Sync 1 DAGs
[2025-01-28T06:03:27.859+0000] {logging_mixin.py:190} INFO - [2025-01-28T06:03:27.859+0000] {dag.py:4180} INFO - Setting next_dagrun for tutorial_dag to None, run_after=None
[2025-01-28T06:03:27.882+0000] {processor.py:208} INFO - Processing /home/ubuntu/.local/lib/python3.12/site-packages/airflow/example_dags/tutorial_dag.py took 0.066 seconds
[2025-01-28T06:04:34.373+0000] {processor.py:186} INFO - Started process (PID=2538) to work on /home/ubuntu/.local/lib/python3.12/site-packages/airflow/example_dags/tutorial_dag.py
[2025-01-28T06:04:34.376+0000] {processor.py:914} INFO - Processing file /home/ubuntu/.local/lib/python3.12/site-packages/airflow/example_dags/tutorial_dag.py for tasks to queue
[2025-01-28T06:04:34.378+0000] {logging_mixin.py:190} INFO - [2025-01-28T06:04:34.378+0000] {dagbag.py:588} INFO - Filling up the DagBag from /home/ubuntu/.local/lib/python3.12/site-packages/airflow/example_dags/tutorial_dag.py
[2025-01-28T06:04:34.392+0000] {processor.py:925} INFO - DAG(s) 'tutorial_dag' retrieved from /home/ubuntu/.local/lib/python3.12/site-packages/airflow/example_dags/tutorial_dag.py
[2025-01-28T06:04:34.409+0000] {logging_mixin.py:190} INFO - [2025-01-28T06:04:34.409+0000] {dag.py:3239} INFO - Sync 1 DAGs
[2025-01-28T06:04:34.420+0000] {logging_mixin.py:190} INFO - [2025-01-28T06:04:34.420+0000] {dag.py:4180} INFO - Setting next_dagrun for tutorial_dag to None, run_after=None
[2025-01-28T06:04:34.445+0000] {processor.py:208} INFO - Processing /home/ubuntu/.local/lib/python3.12/site-packages/airflow/example_dags/tutorial_dag.py took 0.077 seconds
[2025-01-28T06:05:30.965+0000] {processor.py:186} INFO - Started process (PID=2600) to work on /home/ubuntu/.local/lib/python3.12/site-packages/airflow/example_dags/tutorial_dag.py
[2025-01-28T06:05:30.967+0000] {processor.py:914} INFO - Processing file /home/ubuntu/.local/lib/python3.12/site-packages/airflow/example_dags/tutorial_dag.py for tasks to queue
[2025-01-28T06:05:30.969+0000] {logging_mixin.py:190} INFO - [2025-01-28T06:05:30.969+0000] {dagbag.py:588} INFO - Filling up the DagBag from /home/ubuntu/.local/lib/python3.12/site-packages/airflow/example_dags/tutorial_dag.py
[2025-01-28T06:05:30.977+0000] {processor.py:925} INFO - DAG(s) 'tutorial_dag' retrieved from /home/ubuntu/.local/lib/python3.12/site-packages/airflow/example_dags/tutorial_dag.py
[2025-01-28T06:05:30.991+0000] {logging_mixin.py:190} INFO - [2025-01-28T06:05:30.991+0000] {dag.py:3239} INFO - Sync 1 DAGs
[2025-01-28T06:05:31.002+0000] {logging_mixin.py:190} INFO - [2025-01-28T06:05:31.002+0000] {dag.py:4180} INFO - Setting next_dagrun for tutorial_dag to None, run_after=None
[2025-01-28T06:05:31.025+0000] {processor.py:208} INFO - Processing /home/ubuntu/.local/lib/python3.12/site-packages/airflow/example_dags/tutorial_dag.py took 0.065 seconds
[2025-01-28T06:06:45.024+0000] {processor.py:186} INFO - Started process (PID=2687) to work on /home/ubuntu/.local/lib/python3.12/site-packages/airflow/example_dags/tutorial_dag.py
[2025-01-28T06:06:45.025+0000] {processor.py:914} INFO - Processing file /home/ubuntu/.local/lib/python3.12/site-packages/airflow/example_dags/tutorial_dag.py for tasks to queue
[2025-01-28T06:06:45.027+0000] {logging_mixin.py:190} INFO - [2025-01-28T06:06:45.027+0000] {dagbag.py:588} INFO - Filling up the DagBag from /home/ubuntu/.local/lib/python3.12/site-packages/airflow/example_dags/tutorial_dag.py
[2025-01-28T06:06:45.034+0000] {processor.py:925} INFO - DAG(s) 'tutorial_dag' retrieved from /home/ubuntu/.local/lib/python3.12/site-packages/airflow/example_dags/tutorial_dag.py
[2025-01-28T06:06:45.050+0000] {logging_mixin.py:190} INFO - [2025-01-28T06:06:45.050+0000] {dag.py:3239} INFO - Sync 1 DAGs
[2025-01-28T06:06:45.061+0000] {logging_mixin.py:190} INFO - [2025-01-28T06:06:45.061+0000] {dag.py:4180} INFO - Setting next_dagrun for tutorial_dag to None, run_after=None
[2025-01-28T06:06:45.082+0000] {processor.py:208} INFO - Processing /home/ubuntu/.local/lib/python3.12/site-packages/airflow/example_dags/tutorial_dag.py took 0.064 seconds
[2025-01-28T06:07:43.575+0000] {processor.py:186} INFO - Started process (PID=2751) to work on /home/ubuntu/.local/lib/python3.12/site-packages/airflow/example_dags/tutorial_dag.py
[2025-01-28T06:07:43.577+0000] {processor.py:914} INFO - Processing file /home/ubuntu/.local/lib/python3.12/site-packages/airflow/example_dags/tutorial_dag.py for tasks to queue
[2025-01-28T06:07:43.579+0000] {logging_mixin.py:190} INFO - [2025-01-28T06:07:43.578+0000] {dagbag.py:588} INFO - Filling up the DagBag from /home/ubuntu/.local/lib/python3.12/site-packages/airflow/example_dags/tutorial_dag.py
[2025-01-28T06:07:43.587+0000] {processor.py:925} INFO - DAG(s) 'tutorial_dag' retrieved from /home/ubuntu/.local/lib/python3.12/site-packages/airflow/example_dags/tutorial_dag.py
[2025-01-28T06:07:43.601+0000] {logging_mixin.py:190} INFO - [2025-01-28T06:07:43.601+0000] {dag.py:3239} INFO - Sync 1 DAGs
[2025-01-28T06:07:43.612+0000] {logging_mixin.py:190} INFO - [2025-01-28T06:07:43.612+0000] {dag.py:4180} INFO - Setting next_dagrun for tutorial_dag to None, run_after=None
[2025-01-28T06:07:43.636+0000] {processor.py:208} INFO - Processing /home/ubuntu/.local/lib/python3.12/site-packages/airflow/example_dags/tutorial_dag.py took 0.066 seconds
[2025-01-28T06:08:41.132+0000] {processor.py:186} INFO - Started process (PID=2809) to work on /home/ubuntu/.local/lib/python3.12/site-packages/airflow/example_dags/tutorial_dag.py
[2025-01-28T06:08:41.134+0000] {processor.py:914} INFO - Processing file /home/ubuntu/.local/lib/python3.12/site-packages/airflow/example_dags/tutorial_dag.py for tasks to queue
[2025-01-28T06:08:41.136+0000] {logging_mixin.py:190} INFO - [2025-01-28T06:08:41.135+0000] {dagbag.py:588} INFO - Filling up the DagBag from /home/ubuntu/.local/lib/python3.12/site-packages/airflow/example_dags/tutorial_dag.py
[2025-01-28T06:08:41.144+0000] {processor.py:925} INFO - DAG(s) 'tutorial_dag' retrieved from /home/ubuntu/.local/lib/python3.12/site-packages/airflow/example_dags/tutorial_dag.py
[2025-01-28T06:08:41.158+0000] {logging_mixin.py:190} INFO - [2025-01-28T06:08:41.158+0000] {dag.py:3239} INFO - Sync 1 DAGs
[2025-01-28T06:08:41.169+0000] {logging_mixin.py:190} INFO - [2025-01-28T06:08:41.169+0000] {dag.py:4180} INFO - Setting next_dagrun for tutorial_dag to None, run_after=None
[2025-01-28T06:08:41.192+0000] {processor.py:208} INFO - Processing /home/ubuntu/.local/lib/python3.12/site-packages/airflow/example_dags/tutorial_dag.py took 0.065 seconds
[2025-01-28T06:09:35.573+0000] {processor.py:186} INFO - Started process (PID=2880) to work on /home/ubuntu/.local/lib/python3.12/site-packages/airflow/example_dags/tutorial_dag.py
[2025-01-28T06:09:35.575+0000] {processor.py:914} INFO - Processing file /home/ubuntu/.local/lib/python3.12/site-packages/airflow/example_dags/tutorial_dag.py for tasks to queue
[2025-01-28T06:09:35.577+0000] {logging_mixin.py:190} INFO - [2025-01-28T06:09:35.577+0000] {dagbag.py:588} INFO - Filling up the DagBag from /home/ubuntu/.local/lib/python3.12/site-packages/airflow/example_dags/tutorial_dag.py
[2025-01-28T06:09:35.585+0000] {processor.py:925} INFO - DAG(s) 'tutorial_dag' retrieved from /home/ubuntu/.local/lib/python3.12/site-packages/airflow/example_dags/tutorial_dag.py
[2025-01-28T06:09:35.600+0000] {logging_mixin.py:190} INFO - [2025-01-28T06:09:35.600+0000] {dag.py:3239} INFO - Sync 1 DAGs
[2025-01-28T06:09:35.611+0000] {logging_mixin.py:190} INFO - [2025-01-28T06:09:35.610+0000] {dag.py:4180} INFO - Setting next_dagrun for tutorial_dag to None, run_after=None
[2025-01-28T06:09:35.633+0000] {processor.py:208} INFO - Processing /home/ubuntu/.local/lib/python3.12/site-packages/airflow/example_dags/tutorial_dag.py took 0.065 seconds
[2025-01-28T06:10:28.215+0000] {processor.py:186} INFO - Started process (PID=2937) to work on /home/ubuntu/.local/lib/python3.12/site-packages/airflow/example_dags/tutorial_dag.py
[2025-01-28T06:10:28.217+0000] {processor.py:914} INFO - Processing file /home/ubuntu/.local/lib/python3.12/site-packages/airflow/example_dags/tutorial_dag.py for tasks to queue
[2025-01-28T06:10:28.220+0000] {logging_mixin.py:190} INFO - [2025-01-28T06:10:28.219+0000] {dagbag.py:588} INFO - Filling up the DagBag from /home/ubuntu/.local/lib/python3.12/site-packages/airflow/example_dags/tutorial_dag.py
[2025-01-28T06:10:28.227+0000] {processor.py:925} INFO - DAG(s) 'tutorial_dag' retrieved from /home/ubuntu/.local/lib/python3.12/site-packages/airflow/example_dags/tutorial_dag.py
[2025-01-28T06:10:28.241+0000] {logging_mixin.py:190} INFO - [2025-01-28T06:10:28.241+0000] {dag.py:3239} INFO - Sync 1 DAGs
[2025-01-28T06:10:28.253+0000] {logging_mixin.py:190} INFO - [2025-01-28T06:10:28.253+0000] {dag.py:4180} INFO - Setting next_dagrun for tutorial_dag to None, run_after=None
[2025-01-28T06:10:28.277+0000] {processor.py:208} INFO - Processing /home/ubuntu/.local/lib/python3.12/site-packages/airflow/example_dags/tutorial_dag.py took 0.067 seconds
[2025-01-28T06:11:22.803+0000] {processor.py:186} INFO - Started process (PID=3001) to work on /home/ubuntu/.local/lib/python3.12/site-packages/airflow/example_dags/tutorial_dag.py
[2025-01-28T06:11:22.805+0000] {processor.py:914} INFO - Processing file /home/ubuntu/.local/lib/python3.12/site-packages/airflow/example_dags/tutorial_dag.py for tasks to queue
[2025-01-28T06:11:22.808+0000] {logging_mixin.py:190} INFO - [2025-01-28T06:11:22.808+0000] {dagbag.py:588} INFO - Filling up the DagBag from /home/ubuntu/.local/lib/python3.12/site-packages/airflow/example_dags/tutorial_dag.py
[2025-01-28T06:11:22.815+0000] {processor.py:925} INFO - DAG(s) 'tutorial_dag' retrieved from /home/ubuntu/.local/lib/python3.12/site-packages/airflow/example_dags/tutorial_dag.py
[2025-01-28T06:11:22.830+0000] {logging_mixin.py:190} INFO - [2025-01-28T06:11:22.830+0000] {dag.py:3239} INFO - Sync 1 DAGs
[2025-01-28T06:11:22.841+0000] {logging_mixin.py:190} INFO - [2025-01-28T06:11:22.841+0000] {dag.py:4180} INFO - Setting next_dagrun for tutorial_dag to None, run_after=None
[2025-01-28T06:11:22.865+0000] {processor.py:208} INFO - Processing /home/ubuntu/.local/lib/python3.12/site-packages/airflow/example_dags/tutorial_dag.py took 0.067 seconds
[2025-01-28T06:12:15.041+0000] {processor.py:186} INFO - Started process (PID=3056) to work on /home/ubuntu/.local/lib/python3.12/site-packages/airflow/example_dags/tutorial_dag.py
[2025-01-28T06:12:15.043+0000] {processor.py:914} INFO - Processing file /home/ubuntu/.local/lib/python3.12/site-packages/airflow/example_dags/tutorial_dag.py for tasks to queue
[2025-01-28T06:12:15.046+0000] {logging_mixin.py:190} INFO - [2025-01-28T06:12:15.046+0000] {dagbag.py:588} INFO - Filling up the DagBag from /home/ubuntu/.local/lib/python3.12/site-packages/airflow/example_dags/tutorial_dag.py
[2025-01-28T06:12:15.053+0000] {processor.py:925} INFO - DAG(s) 'tutorial_dag' retrieved from /home/ubuntu/.local/lib/python3.12/site-packages/airflow/example_dags/tutorial_dag.py
[2025-01-28T06:12:15.069+0000] {logging_mixin.py:190} INFO - [2025-01-28T06:12:15.069+0000] {dag.py:3239} INFO - Sync 1 DAGs
[2025-01-28T06:12:15.080+0000] {logging_mixin.py:190} INFO - [2025-01-28T06:12:15.079+0000] {dag.py:4180} INFO - Setting next_dagrun for tutorial_dag to None, run_after=None
[2025-01-28T06:12:15.104+0000] {processor.py:208} INFO - Processing /home/ubuntu/.local/lib/python3.12/site-packages/airflow/example_dags/tutorial_dag.py took 0.067 seconds
[2025-01-28T06:13:11.003+0000] {processor.py:186} INFO - Started process (PID=3112) to work on /home/ubuntu/.local/lib/python3.12/site-packages/airflow/example_dags/tutorial_dag.py
[2025-01-28T06:13:11.006+0000] {processor.py:914} INFO - Processing file /home/ubuntu/.local/lib/python3.12/site-packages/airflow/example_dags/tutorial_dag.py for tasks to queue
[2025-01-28T06:13:11.008+0000] {logging_mixin.py:190} INFO - [2025-01-28T06:13:11.007+0000] {dagbag.py:588} INFO - Filling up the DagBag from /home/ubuntu/.local/lib/python3.12/site-packages/airflow/example_dags/tutorial_dag.py
[2025-01-28T06:13:11.015+0000] {processor.py:925} INFO - DAG(s) 'tutorial_dag' retrieved from /home/ubuntu/.local/lib/python3.12/site-packages/airflow/example_dags/tutorial_dag.py
[2025-01-28T06:13:11.030+0000] {logging_mixin.py:190} INFO - [2025-01-28T06:13:11.030+0000] {dag.py:3239} INFO - Sync 1 DAGs
[2025-01-28T06:13:11.043+0000] {logging_mixin.py:190} INFO - [2025-01-28T06:13:11.042+0000] {dag.py:4180} INFO - Setting next_dagrun for tutorial_dag to None, run_after=None
[2025-01-28T06:13:11.064+0000] {processor.py:208} INFO - Processing /home/ubuntu/.local/lib/python3.12/site-packages/airflow/example_dags/tutorial_dag.py took 0.066 seconds
[2025-01-28T06:14:03.229+0000] {processor.py:186} INFO - Started process (PID=3167) to work on /home/ubuntu/.local/lib/python3.12/site-packages/airflow/example_dags/tutorial_dag.py
[2025-01-28T06:14:03.232+0000] {processor.py:914} INFO - Processing file /home/ubuntu/.local/lib/python3.12/site-packages/airflow/example_dags/tutorial_dag.py for tasks to queue
[2025-01-28T06:14:03.234+0000] {logging_mixin.py:190} INFO - [2025-01-28T06:14:03.233+0000] {dagbag.py:588} INFO - Filling up the DagBag from /home/ubuntu/.local/lib/python3.12/site-packages/airflow/example_dags/tutorial_dag.py
[2025-01-28T06:14:03.242+0000] {processor.py:925} INFO - DAG(s) 'tutorial_dag' retrieved from /home/ubuntu/.local/lib/python3.12/site-packages/airflow/example_dags/tutorial_dag.py
[2025-01-28T06:14:03.256+0000] {logging_mixin.py:190} INFO - [2025-01-28T06:14:03.256+0000] {dag.py:3239} INFO - Sync 1 DAGs
[2025-01-28T06:14:03.268+0000] {logging_mixin.py:190} INFO - [2025-01-28T06:14:03.268+0000] {dag.py:4180} INFO - Setting next_dagrun for tutorial_dag to None, run_after=None
[2025-01-28T06:14:03.290+0000] {processor.py:208} INFO - Processing /home/ubuntu/.local/lib/python3.12/site-packages/airflow/example_dags/tutorial_dag.py took 0.069 seconds
[2025-01-28T06:14:55.792+0000] {processor.py:186} INFO - Started process (PID=3222) to work on /home/ubuntu/.local/lib/python3.12/site-packages/airflow/example_dags/tutorial_dag.py
[2025-01-28T06:14:55.793+0000] {processor.py:914} INFO - Processing file /home/ubuntu/.local/lib/python3.12/site-packages/airflow/example_dags/tutorial_dag.py for tasks to queue
[2025-01-28T06:14:55.796+0000] {logging_mixin.py:190} INFO - [2025-01-28T06:14:55.795+0000] {dagbag.py:588} INFO - Filling up the DagBag from /home/ubuntu/.local/lib/python3.12/site-packages/airflow/example_dags/tutorial_dag.py
[2025-01-28T06:14:55.803+0000] {processor.py:925} INFO - DAG(s) 'tutorial_dag' retrieved from /home/ubuntu/.local/lib/python3.12/site-packages/airflow/example_dags/tutorial_dag.py
[2025-01-28T06:14:55.818+0000] {logging_mixin.py:190} INFO - [2025-01-28T06:14:55.817+0000] {dag.py:3239} INFO - Sync 1 DAGs
[2025-01-28T06:14:55.829+0000] {logging_mixin.py:190} INFO - [2025-01-28T06:14:55.829+0000] {dag.py:4180} INFO - Setting next_dagrun for tutorial_dag to None, run_after=None
[2025-01-28T06:14:55.853+0000] {processor.py:208} INFO - Processing /home/ubuntu/.local/lib/python3.12/site-packages/airflow/example_dags/tutorial_dag.py took 0.066 seconds
[2025-01-28T06:15:49.603+0000] {processor.py:186} INFO - Started process (PID=3281) to work on /home/ubuntu/.local/lib/python3.12/site-packages/airflow/example_dags/tutorial_dag.py
[2025-01-28T06:15:49.605+0000] {processor.py:914} INFO - Processing file /home/ubuntu/.local/lib/python3.12/site-packages/airflow/example_dags/tutorial_dag.py for tasks to queue
[2025-01-28T06:15:49.608+0000] {logging_mixin.py:190} INFO - [2025-01-28T06:15:49.608+0000] {dagbag.py:588} INFO - Filling up the DagBag from /home/ubuntu/.local/lib/python3.12/site-packages/airflow/example_dags/tutorial_dag.py
[2025-01-28T06:15:49.616+0000] {processor.py:925} INFO - DAG(s) 'tutorial_dag' retrieved from /home/ubuntu/.local/lib/python3.12/site-packages/airflow/example_dags/tutorial_dag.py
[2025-01-28T06:15:49.630+0000] {logging_mixin.py:190} INFO - [2025-01-28T06:15:49.630+0000] {dag.py:3239} INFO - Sync 1 DAGs
[2025-01-28T06:15:49.641+0000] {logging_mixin.py:190} INFO - [2025-01-28T06:15:49.641+0000] {dag.py:4180} INFO - Setting next_dagrun for tutorial_dag to None, run_after=None
[2025-01-28T06:15:49.665+0000] {processor.py:208} INFO - Processing /home/ubuntu/.local/lib/python3.12/site-packages/airflow/example_dags/tutorial_dag.py took 0.068 seconds
[2025-01-28T06:16:41.645+0000] {processor.py:186} INFO - Started process (PID=3335) to work on /home/ubuntu/.local/lib/python3.12/site-packages/airflow/example_dags/tutorial_dag.py
[2025-01-28T06:16:41.647+0000] {processor.py:914} INFO - Processing file /home/ubuntu/.local/lib/python3.12/site-packages/airflow/example_dags/tutorial_dag.py for tasks to queue
[2025-01-28T06:16:41.650+0000] {logging_mixin.py:190} INFO - [2025-01-28T06:16:41.650+0000] {dagbag.py:588} INFO - Filling up the DagBag from /home/ubuntu/.local/lib/python3.12/site-packages/airflow/example_dags/tutorial_dag.py
[2025-01-28T06:16:41.657+0000] {processor.py:925} INFO - DAG(s) 'tutorial_dag' retrieved from /home/ubuntu/.local/lib/python3.12/site-packages/airflow/example_dags/tutorial_dag.py
[2025-01-28T06:16:41.672+0000] {logging_mixin.py:190} INFO - [2025-01-28T06:16:41.671+0000] {dag.py:3239} INFO - Sync 1 DAGs
[2025-01-28T06:16:41.685+0000] {logging_mixin.py:190} INFO - [2025-01-28T06:16:41.684+0000] {dag.py:4180} INFO - Setting next_dagrun for tutorial_dag to None, run_after=None
[2025-01-28T06:16:41.708+0000] {processor.py:208} INFO - Processing /home/ubuntu/.local/lib/python3.12/site-packages/airflow/example_dags/tutorial_dag.py took 0.068 seconds
[2025-01-28T06:17:35.432+0000] {processor.py:186} INFO - Started process (PID=3395) to work on /home/ubuntu/.local/lib/python3.12/site-packages/airflow/example_dags/tutorial_dag.py
[2025-01-28T06:17:35.434+0000] {processor.py:914} INFO - Processing file /home/ubuntu/.local/lib/python3.12/site-packages/airflow/example_dags/tutorial_dag.py for tasks to queue
[2025-01-28T06:17:35.437+0000] {logging_mixin.py:190} INFO - [2025-01-28T06:17:35.437+0000] {dagbag.py:588} INFO - Filling up the DagBag from /home/ubuntu/.local/lib/python3.12/site-packages/airflow/example_dags/tutorial_dag.py
[2025-01-28T06:17:35.452+0000] {processor.py:925} INFO - DAG(s) 'tutorial_dag' retrieved from /home/ubuntu/.local/lib/python3.12/site-packages/airflow/example_dags/tutorial_dag.py
[2025-01-28T06:17:35.470+0000] {logging_mixin.py:190} INFO - [2025-01-28T06:17:35.470+0000] {dag.py:3239} INFO - Sync 1 DAGs
[2025-01-28T06:17:35.482+0000] {logging_mixin.py:190} INFO - [2025-01-28T06:17:35.481+0000] {dag.py:4180} INFO - Setting next_dagrun for tutorial_dag to None, run_after=None
[2025-01-28T06:17:35.503+0000] {processor.py:208} INFO - Processing /home/ubuntu/.local/lib/python3.12/site-packages/airflow/example_dags/tutorial_dag.py took 0.080 seconds
[2025-01-28T06:18:42.322+0000] {processor.py:186} INFO - Started process (PID=3505) to work on /home/ubuntu/.local/lib/python3.12/site-packages/airflow/example_dags/tutorial_dag.py
[2025-01-28T06:18:42.323+0000] {processor.py:914} INFO - Processing file /home/ubuntu/.local/lib/python3.12/site-packages/airflow/example_dags/tutorial_dag.py for tasks to queue
[2025-01-28T06:18:42.325+0000] {logging_mixin.py:190} INFO - [2025-01-28T06:18:42.325+0000] {dagbag.py:588} INFO - Filling up the DagBag from /home/ubuntu/.local/lib/python3.12/site-packages/airflow/example_dags/tutorial_dag.py
[2025-01-28T06:18:42.333+0000] {processor.py:925} INFO - DAG(s) 'tutorial_dag' retrieved from /home/ubuntu/.local/lib/python3.12/site-packages/airflow/example_dags/tutorial_dag.py
[2025-01-28T06:18:42.348+0000] {logging_mixin.py:190} INFO - [2025-01-28T06:18:42.348+0000] {dag.py:3239} INFO - Sync 1 DAGs
[2025-01-28T06:18:42.359+0000] {logging_mixin.py:190} INFO - [2025-01-28T06:18:42.359+0000] {dag.py:4180} INFO - Setting next_dagrun for tutorial_dag to None, run_after=None
[2025-01-28T06:18:42.394+0000] {processor.py:208} INFO - Processing /home/ubuntu/.local/lib/python3.12/site-packages/airflow/example_dags/tutorial_dag.py took 0.078 seconds
[2025-01-28T06:19:32.137+0000] {processor.py:186} INFO - Started process (PID=3557) to work on /home/ubuntu/.local/lib/python3.12/site-packages/airflow/example_dags/tutorial_dag.py
[2025-01-28T06:19:32.139+0000] {processor.py:914} INFO - Processing file /home/ubuntu/.local/lib/python3.12/site-packages/airflow/example_dags/tutorial_dag.py for tasks to queue
[2025-01-28T06:19:32.140+0000] {logging_mixin.py:190} INFO - [2025-01-28T06:19:32.140+0000] {dagbag.py:588} INFO - Filling up the DagBag from /home/ubuntu/.local/lib/python3.12/site-packages/airflow/example_dags/tutorial_dag.py
[2025-01-28T06:19:32.149+0000] {processor.py:925} INFO - DAG(s) 'tutorial_dag' retrieved from /home/ubuntu/.local/lib/python3.12/site-packages/airflow/example_dags/tutorial_dag.py
[2025-01-28T06:19:32.170+0000] {logging_mixin.py:190} INFO - [2025-01-28T06:19:32.169+0000] {dag.py:3239} INFO - Sync 1 DAGs
[2025-01-28T06:19:32.181+0000] {logging_mixin.py:190} INFO - [2025-01-28T06:19:32.180+0000] {dag.py:4180} INFO - Setting next_dagrun for tutorial_dag to None, run_after=None
[2025-01-28T06:19:32.203+0000] {processor.py:208} INFO - Processing /home/ubuntu/.local/lib/python3.12/site-packages/airflow/example_dags/tutorial_dag.py took 0.071 seconds
[2025-01-28T06:20:27.888+0000] {processor.py:186} INFO - Started process (PID=3621) to work on /home/ubuntu/.local/lib/python3.12/site-packages/airflow/example_dags/tutorial_dag.py
[2025-01-28T06:20:27.890+0000] {processor.py:914} INFO - Processing file /home/ubuntu/.local/lib/python3.12/site-packages/airflow/example_dags/tutorial_dag.py for tasks to queue
[2025-01-28T06:20:27.892+0000] {logging_mixin.py:190} INFO - [2025-01-28T06:20:27.892+0000] {dagbag.py:588} INFO - Filling up the DagBag from /home/ubuntu/.local/lib/python3.12/site-packages/airflow/example_dags/tutorial_dag.py
[2025-01-28T06:20:27.900+0000] {processor.py:925} INFO - DAG(s) 'tutorial_dag' retrieved from /home/ubuntu/.local/lib/python3.12/site-packages/airflow/example_dags/tutorial_dag.py
[2025-01-28T06:20:27.917+0000] {logging_mixin.py:190} INFO - [2025-01-28T06:20:27.917+0000] {dag.py:3239} INFO - Sync 1 DAGs
[2025-01-28T06:20:27.928+0000] {logging_mixin.py:190} INFO - [2025-01-28T06:20:27.928+0000] {dag.py:4180} INFO - Setting next_dagrun for tutorial_dag to None, run_after=None
[2025-01-28T06:20:27.950+0000] {processor.py:208} INFO - Processing /home/ubuntu/.local/lib/python3.12/site-packages/airflow/example_dags/tutorial_dag.py took 0.067 seconds
[2025-01-28T06:21:23.477+0000] {processor.py:186} INFO - Started process (PID=3802) to work on /home/ubuntu/.local/lib/python3.12/site-packages/airflow/example_dags/tutorial_dag.py
[2025-01-28T06:21:23.479+0000] {processor.py:914} INFO - Processing file /home/ubuntu/.local/lib/python3.12/site-packages/airflow/example_dags/tutorial_dag.py for tasks to queue
[2025-01-28T06:21:23.481+0000] {logging_mixin.py:190} INFO - [2025-01-28T06:21:23.481+0000] {dagbag.py:588} INFO - Filling up the DagBag from /home/ubuntu/.local/lib/python3.12/site-packages/airflow/example_dags/tutorial_dag.py
[2025-01-28T06:21:23.488+0000] {processor.py:925} INFO - DAG(s) 'tutorial_dag' retrieved from /home/ubuntu/.local/lib/python3.12/site-packages/airflow/example_dags/tutorial_dag.py
[2025-01-28T06:21:23.503+0000] {logging_mixin.py:190} INFO - [2025-01-28T06:21:23.502+0000] {dag.py:3239} INFO - Sync 1 DAGs
[2025-01-28T06:21:23.514+0000] {logging_mixin.py:190} INFO - [2025-01-28T06:21:23.514+0000] {dag.py:4180} INFO - Setting next_dagrun for tutorial_dag to None, run_after=None
[2025-01-28T06:21:23.541+0000] {processor.py:208} INFO - Processing /home/ubuntu/.local/lib/python3.12/site-packages/airflow/example_dags/tutorial_dag.py took 0.069 seconds
[2025-01-28T06:22:18.963+0000] {processor.py:186} INFO - Started process (PID=3877) to work on /home/ubuntu/.local/lib/python3.12/site-packages/airflow/example_dags/tutorial_dag.py
[2025-01-28T06:22:18.965+0000] {processor.py:914} INFO - Processing file /home/ubuntu/.local/lib/python3.12/site-packages/airflow/example_dags/tutorial_dag.py for tasks to queue
[2025-01-28T06:22:18.967+0000] {logging_mixin.py:190} INFO - [2025-01-28T06:22:18.967+0000] {dagbag.py:588} INFO - Filling up the DagBag from /home/ubuntu/.local/lib/python3.12/site-packages/airflow/example_dags/tutorial_dag.py
[2025-01-28T06:22:18.976+0000] {processor.py:925} INFO - DAG(s) 'tutorial_dag' retrieved from /home/ubuntu/.local/lib/python3.12/site-packages/airflow/example_dags/tutorial_dag.py
[2025-01-28T06:22:18.991+0000] {logging_mixin.py:190} INFO - [2025-01-28T06:22:18.991+0000] {dag.py:3239} INFO - Sync 1 DAGs
[2025-01-28T06:22:19.003+0000] {logging_mixin.py:190} INFO - [2025-01-28T06:22:19.003+0000] {dag.py:4180} INFO - Setting next_dagrun for tutorial_dag to None, run_after=None
[2025-01-28T06:22:19.027+0000] {processor.py:208} INFO - Processing /home/ubuntu/.local/lib/python3.12/site-packages/airflow/example_dags/tutorial_dag.py took 0.070 seconds
[2025-01-28T06:23:13.327+0000] {processor.py:186} INFO - Started process (PID=4287) to work on /home/ubuntu/.local/lib/python3.12/site-packages/airflow/example_dags/tutorial_dag.py
[2025-01-28T06:23:13.330+0000] {processor.py:914} INFO - Processing file /home/ubuntu/.local/lib/python3.12/site-packages/airflow/example_dags/tutorial_dag.py for tasks to queue
[2025-01-28T06:23:13.332+0000] {logging_mixin.py:190} INFO - [2025-01-28T06:23:13.332+0000] {dagbag.py:588} INFO - Filling up the DagBag from /home/ubuntu/.local/lib/python3.12/site-packages/airflow/example_dags/tutorial_dag.py
[2025-01-28T06:23:13.341+0000] {processor.py:925} INFO - DAG(s) 'tutorial_dag' retrieved from /home/ubuntu/.local/lib/python3.12/site-packages/airflow/example_dags/tutorial_dag.py
[2025-01-28T06:23:13.357+0000] {logging_mixin.py:190} INFO - [2025-01-28T06:23:13.357+0000] {dag.py:3239} INFO - Sync 1 DAGs
[2025-01-28T06:23:13.368+0000] {logging_mixin.py:190} INFO - [2025-01-28T06:23:13.368+0000] {dag.py:4180} INFO - Setting next_dagrun for tutorial_dag to None, run_after=None
[2025-01-28T06:23:13.389+0000] {processor.py:208} INFO - Processing /home/ubuntu/.local/lib/python3.12/site-packages/airflow/example_dags/tutorial_dag.py took 0.067 seconds
[2025-01-28T06:24:07.113+0000] {processor.py:186} INFO - Started process (PID=4504) to work on /home/ubuntu/.local/lib/python3.12/site-packages/airflow/example_dags/tutorial_dag.py
[2025-01-28T06:24:07.115+0000] {processor.py:914} INFO - Processing file /home/ubuntu/.local/lib/python3.12/site-packages/airflow/example_dags/tutorial_dag.py for tasks to queue
[2025-01-28T06:24:07.117+0000] {logging_mixin.py:190} INFO - [2025-01-28T06:24:07.117+0000] {dagbag.py:588} INFO - Filling up the DagBag from /home/ubuntu/.local/lib/python3.12/site-packages/airflow/example_dags/tutorial_dag.py
[2025-01-28T06:24:07.125+0000] {processor.py:925} INFO - DAG(s) 'tutorial_dag' retrieved from /home/ubuntu/.local/lib/python3.12/site-packages/airflow/example_dags/tutorial_dag.py
[2025-01-28T06:24:07.140+0000] {logging_mixin.py:190} INFO - [2025-01-28T06:24:07.140+0000] {dag.py:3239} INFO - Sync 1 DAGs
[2025-01-28T06:24:07.151+0000] {logging_mixin.py:190} INFO - [2025-01-28T06:24:07.151+0000] {dag.py:4180} INFO - Setting next_dagrun for tutorial_dag to None, run_after=None
[2025-01-28T06:24:07.170+0000] {processor.py:208} INFO - Processing /home/ubuntu/.local/lib/python3.12/site-packages/airflow/example_dags/tutorial_dag.py took 0.063 seconds
[2025-01-28T06:25:03.203+0000] {processor.py:186} INFO - Started process (PID=4932) to work on /home/ubuntu/.local/lib/python3.12/site-packages/airflow/example_dags/tutorial_dag.py
[2025-01-28T06:25:03.205+0000] {processor.py:914} INFO - Processing file /home/ubuntu/.local/lib/python3.12/site-packages/airflow/example_dags/tutorial_dag.py for tasks to queue
[2025-01-28T06:25:03.207+0000] {logging_mixin.py:190} INFO - [2025-01-28T06:25:03.207+0000] {dagbag.py:588} INFO - Filling up the DagBag from /home/ubuntu/.local/lib/python3.12/site-packages/airflow/example_dags/tutorial_dag.py
[2025-01-28T06:25:03.217+0000] {processor.py:925} INFO - DAG(s) 'tutorial_dag' retrieved from /home/ubuntu/.local/lib/python3.12/site-packages/airflow/example_dags/tutorial_dag.py
[2025-01-28T06:25:03.232+0000] {logging_mixin.py:190} INFO - [2025-01-28T06:25:03.232+0000] {dag.py:3239} INFO - Sync 1 DAGs
[2025-01-28T06:25:03.244+0000] {logging_mixin.py:190} INFO - [2025-01-28T06:25:03.244+0000] {dag.py:4180} INFO - Setting next_dagrun for tutorial_dag to None, run_after=None
[2025-01-28T06:25:03.266+0000] {processor.py:208} INFO - Processing /home/ubuntu/.local/lib/python3.12/site-packages/airflow/example_dags/tutorial_dag.py took 0.068 seconds
[2025-01-28T06:25:56.026+0000] {processor.py:186} INFO - Started process (PID=5091) to work on /home/ubuntu/.local/lib/python3.12/site-packages/airflow/example_dags/tutorial_dag.py
[2025-01-28T06:25:56.028+0000] {processor.py:914} INFO - Processing file /home/ubuntu/.local/lib/python3.12/site-packages/airflow/example_dags/tutorial_dag.py for tasks to queue
[2025-01-28T06:25:56.029+0000] {logging_mixin.py:190} INFO - [2025-01-28T06:25:56.029+0000] {dagbag.py:588} INFO - Filling up the DagBag from /home/ubuntu/.local/lib/python3.12/site-packages/airflow/example_dags/tutorial_dag.py
[2025-01-28T06:25:56.037+0000] {processor.py:925} INFO - DAG(s) 'tutorial_dag' retrieved from /home/ubuntu/.local/lib/python3.12/site-packages/airflow/example_dags/tutorial_dag.py
[2025-01-28T06:25:56.052+0000] {logging_mixin.py:190} INFO - [2025-01-28T06:25:56.052+0000] {dag.py:3239} INFO - Sync 1 DAGs
[2025-01-28T06:25:56.073+0000] {logging_mixin.py:190} INFO - [2025-01-28T06:25:56.073+0000] {dag.py:4180} INFO - Setting next_dagrun for tutorial_dag to None, run_after=None
[2025-01-28T06:25:56.096+0000] {processor.py:208} INFO - Processing /home/ubuntu/.local/lib/python3.12/site-packages/airflow/example_dags/tutorial_dag.py took 0.075 seconds
[2025-01-28T06:26:51.717+0000] {processor.py:186} INFO - Started process (PID=5189) to work on /home/ubuntu/.local/lib/python3.12/site-packages/airflow/example_dags/tutorial_dag.py
[2025-01-28T06:26:51.720+0000] {processor.py:914} INFO - Processing file /home/ubuntu/.local/lib/python3.12/site-packages/airflow/example_dags/tutorial_dag.py for tasks to queue
[2025-01-28T06:26:51.723+0000] {logging_mixin.py:190} INFO - [2025-01-28T06:26:51.723+0000] {dagbag.py:588} INFO - Filling up the DagBag from /home/ubuntu/.local/lib/python3.12/site-packages/airflow/example_dags/tutorial_dag.py
[2025-01-28T06:26:51.733+0000] {processor.py:925} INFO - DAG(s) 'tutorial_dag' retrieved from /home/ubuntu/.local/lib/python3.12/site-packages/airflow/example_dags/tutorial_dag.py
[2025-01-28T06:26:51.748+0000] {logging_mixin.py:190} INFO - [2025-01-28T06:26:51.748+0000] {dag.py:3239} INFO - Sync 1 DAGs
[2025-01-28T06:26:51.759+0000] {logging_mixin.py:190} INFO - [2025-01-28T06:26:51.759+0000] {dag.py:4180} INFO - Setting next_dagrun for tutorial_dag to None, run_after=None
[2025-01-28T06:26:51.780+0000] {processor.py:208} INFO - Processing /home/ubuntu/.local/lib/python3.12/site-packages/airflow/example_dags/tutorial_dag.py took 0.074 seconds
[2025-01-28T06:27:42.638+0000] {processor.py:186} INFO - Started process (PID=5244) to work on /home/ubuntu/.local/lib/python3.12/site-packages/airflow/example_dags/tutorial_dag.py
[2025-01-28T06:27:42.641+0000] {processor.py:914} INFO - Processing file /home/ubuntu/.local/lib/python3.12/site-packages/airflow/example_dags/tutorial_dag.py for tasks to queue
[2025-01-28T06:27:42.643+0000] {logging_mixin.py:190} INFO - [2025-01-28T06:27:42.642+0000] {dagbag.py:588} INFO - Filling up the DagBag from /home/ubuntu/.local/lib/python3.12/site-packages/airflow/example_dags/tutorial_dag.py
[2025-01-28T06:27:42.651+0000] {processor.py:925} INFO - DAG(s) 'tutorial_dag' retrieved from /home/ubuntu/.local/lib/python3.12/site-packages/airflow/example_dags/tutorial_dag.py
[2025-01-28T06:27:42.666+0000] {logging_mixin.py:190} INFO - [2025-01-28T06:27:42.665+0000] {dag.py:3239} INFO - Sync 1 DAGs
[2025-01-28T06:27:42.677+0000] {logging_mixin.py:190} INFO - [2025-01-28T06:27:42.676+0000] {dag.py:4180} INFO - Setting next_dagrun for tutorial_dag to None, run_after=None
[2025-01-28T06:27:42.697+0000] {processor.py:208} INFO - Processing /home/ubuntu/.local/lib/python3.12/site-packages/airflow/example_dags/tutorial_dag.py took 0.063 seconds
[2025-01-28T06:28:36.720+0000] {processor.py:186} INFO - Started process (PID=5442) to work on /home/ubuntu/.local/lib/python3.12/site-packages/airflow/example_dags/tutorial_dag.py
[2025-01-28T06:28:36.722+0000] {processor.py:914} INFO - Processing file /home/ubuntu/.local/lib/python3.12/site-packages/airflow/example_dags/tutorial_dag.py for tasks to queue
[2025-01-28T06:28:36.724+0000] {logging_mixin.py:190} INFO - [2025-01-28T06:28:36.724+0000] {dagbag.py:588} INFO - Filling up the DagBag from /home/ubuntu/.local/lib/python3.12/site-packages/airflow/example_dags/tutorial_dag.py
[2025-01-28T06:28:36.736+0000] {processor.py:925} INFO - DAG(s) 'tutorial_dag' retrieved from /home/ubuntu/.local/lib/python3.12/site-packages/airflow/example_dags/tutorial_dag.py
[2025-01-28T06:28:36.766+0000] {logging_mixin.py:190} INFO - [2025-01-28T06:28:36.766+0000] {dag.py:3239} INFO - Sync 1 DAGs
[2025-01-28T06:28:36.780+0000] {logging_mixin.py:190} INFO - [2025-01-28T06:28:36.780+0000] {dag.py:4180} INFO - Setting next_dagrun for tutorial_dag to None, run_after=None
[2025-01-28T06:28:36.803+0000] {processor.py:208} INFO - Processing /home/ubuntu/.local/lib/python3.12/site-packages/airflow/example_dags/tutorial_dag.py took 0.088 seconds
[2025-01-28T06:29:30.961+0000] {processor.py:186} INFO - Started process (PID=5573) to work on /home/ubuntu/.local/lib/python3.12/site-packages/airflow/example_dags/tutorial_dag.py
[2025-01-28T06:29:30.963+0000] {processor.py:914} INFO - Processing file /home/ubuntu/.local/lib/python3.12/site-packages/airflow/example_dags/tutorial_dag.py for tasks to queue
[2025-01-28T06:29:30.966+0000] {logging_mixin.py:190} INFO - [2025-01-28T06:29:30.965+0000] {dagbag.py:588} INFO - Filling up the DagBag from /home/ubuntu/.local/lib/python3.12/site-packages/airflow/example_dags/tutorial_dag.py
[2025-01-28T06:29:30.974+0000] {processor.py:925} INFO - DAG(s) 'tutorial_dag' retrieved from /home/ubuntu/.local/lib/python3.12/site-packages/airflow/example_dags/tutorial_dag.py
[2025-01-28T06:29:30.988+0000] {logging_mixin.py:190} INFO - [2025-01-28T06:29:30.988+0000] {dag.py:3239} INFO - Sync 1 DAGs
[2025-01-28T06:29:30.999+0000] {logging_mixin.py:190} INFO - [2025-01-28T06:29:30.999+0000] {dag.py:4180} INFO - Setting next_dagrun for tutorial_dag to None, run_after=None
[2025-01-28T06:29:31.023+0000] {processor.py:208} INFO - Processing /home/ubuntu/.local/lib/python3.12/site-packages/airflow/example_dags/tutorial_dag.py took 0.067 seconds
[2025-01-28T06:30:26.326+0000] {processor.py:186} INFO - Started process (PID=5635) to work on /home/ubuntu/.local/lib/python3.12/site-packages/airflow/example_dags/tutorial_dag.py
[2025-01-28T06:30:26.328+0000] {processor.py:914} INFO - Processing file /home/ubuntu/.local/lib/python3.12/site-packages/airflow/example_dags/tutorial_dag.py for tasks to queue
[2025-01-28T06:30:26.331+0000] {logging_mixin.py:190} INFO - [2025-01-28T06:30:26.330+0000] {dagbag.py:588} INFO - Filling up the DagBag from /home/ubuntu/.local/lib/python3.12/site-packages/airflow/example_dags/tutorial_dag.py
[2025-01-28T06:30:26.339+0000] {processor.py:925} INFO - DAG(s) 'tutorial_dag' retrieved from /home/ubuntu/.local/lib/python3.12/site-packages/airflow/example_dags/tutorial_dag.py
[2025-01-28T06:30:26.353+0000] {logging_mixin.py:190} INFO - [2025-01-28T06:30:26.352+0000] {dag.py:3239} INFO - Sync 1 DAGs
[2025-01-28T06:30:26.364+0000] {logging_mixin.py:190} INFO - [2025-01-28T06:30:26.364+0000] {dag.py:4180} INFO - Setting next_dagrun for tutorial_dag to None, run_after=None
[2025-01-28T06:30:26.387+0000] {processor.py:208} INFO - Processing /home/ubuntu/.local/lib/python3.12/site-packages/airflow/example_dags/tutorial_dag.py took 0.065 seconds
[2025-01-28T06:31:46.266+0000] {processor.py:186} INFO - Started process (PID=5766) to work on /home/ubuntu/.local/lib/python3.12/site-packages/airflow/example_dags/tutorial_dag.py
[2025-01-28T06:31:46.268+0000] {processor.py:914} INFO - Processing file /home/ubuntu/.local/lib/python3.12/site-packages/airflow/example_dags/tutorial_dag.py for tasks to queue
[2025-01-28T06:31:46.270+0000] {logging_mixin.py:190} INFO - [2025-01-28T06:31:46.270+0000] {dagbag.py:588} INFO - Filling up the DagBag from /home/ubuntu/.local/lib/python3.12/site-packages/airflow/example_dags/tutorial_dag.py
[2025-01-28T06:31:46.278+0000] {processor.py:925} INFO - DAG(s) 'tutorial_dag' retrieved from /home/ubuntu/.local/lib/python3.12/site-packages/airflow/example_dags/tutorial_dag.py
[2025-01-28T06:31:46.294+0000] {logging_mixin.py:190} INFO - [2025-01-28T06:31:46.293+0000] {dag.py:3239} INFO - Sync 1 DAGs
[2025-01-28T06:31:46.305+0000] {logging_mixin.py:190} INFO - [2025-01-28T06:31:46.305+0000] {dag.py:4180} INFO - Setting next_dagrun for tutorial_dag to None, run_after=None
[2025-01-28T06:31:46.328+0000] {processor.py:208} INFO - Processing /home/ubuntu/.local/lib/python3.12/site-packages/airflow/example_dags/tutorial_dag.py took 0.067 seconds
[2025-01-28T06:32:43.905+0000] {processor.py:186} INFO - Started process (PID=5825) to work on /home/ubuntu/.local/lib/python3.12/site-packages/airflow/example_dags/tutorial_dag.py
[2025-01-28T06:32:43.907+0000] {processor.py:914} INFO - Processing file /home/ubuntu/.local/lib/python3.12/site-packages/airflow/example_dags/tutorial_dag.py for tasks to queue
[2025-01-28T06:32:43.909+0000] {logging_mixin.py:190} INFO - [2025-01-28T06:32:43.908+0000] {dagbag.py:588} INFO - Filling up the DagBag from /home/ubuntu/.local/lib/python3.12/site-packages/airflow/example_dags/tutorial_dag.py
[2025-01-28T06:32:43.917+0000] {processor.py:925} INFO - DAG(s) 'tutorial_dag' retrieved from /home/ubuntu/.local/lib/python3.12/site-packages/airflow/example_dags/tutorial_dag.py
[2025-01-28T06:32:43.932+0000] {logging_mixin.py:190} INFO - [2025-01-28T06:32:43.932+0000] {dag.py:3239} INFO - Sync 1 DAGs
[2025-01-28T06:32:43.943+0000] {logging_mixin.py:190} INFO - [2025-01-28T06:32:43.943+0000] {dag.py:4180} INFO - Setting next_dagrun for tutorial_dag to None, run_after=None
[2025-01-28T06:32:43.965+0000] {processor.py:208} INFO - Processing /home/ubuntu/.local/lib/python3.12/site-packages/airflow/example_dags/tutorial_dag.py took 0.066 seconds
[2025-01-28T06:33:44.479+0000] {processor.py:186} INFO - Started process (PID=5890) to work on /home/ubuntu/.local/lib/python3.12/site-packages/airflow/example_dags/tutorial_dag.py
[2025-01-28T06:33:44.482+0000] {processor.py:914} INFO - Processing file /home/ubuntu/.local/lib/python3.12/site-packages/airflow/example_dags/tutorial_dag.py for tasks to queue
[2025-01-28T06:33:44.483+0000] {logging_mixin.py:190} INFO - [2025-01-28T06:33:44.483+0000] {dagbag.py:588} INFO - Filling up the DagBag from /home/ubuntu/.local/lib/python3.12/site-packages/airflow/example_dags/tutorial_dag.py
[2025-01-28T06:33:44.491+0000] {processor.py:925} INFO - DAG(s) 'tutorial_dag' retrieved from /home/ubuntu/.local/lib/python3.12/site-packages/airflow/example_dags/tutorial_dag.py
[2025-01-28T06:33:44.508+0000] {logging_mixin.py:190} INFO - [2025-01-28T06:33:44.508+0000] {dag.py:3239} INFO - Sync 1 DAGs
[2025-01-28T06:33:44.519+0000] {logging_mixin.py:190} INFO - [2025-01-28T06:33:44.519+0000] {dag.py:4180} INFO - Setting next_dagrun for tutorial_dag to None, run_after=None
[2025-01-28T06:33:44.543+0000] {processor.py:208} INFO - Processing /home/ubuntu/.local/lib/python3.12/site-packages/airflow/example_dags/tutorial_dag.py took 0.069 seconds
[2025-01-28T06:34:41.118+0000] {processor.py:186} INFO - Started process (PID=5948) to work on /home/ubuntu/.local/lib/python3.12/site-packages/airflow/example_dags/tutorial_dag.py
[2025-01-28T06:34:41.120+0000] {processor.py:914} INFO - Processing file /home/ubuntu/.local/lib/python3.12/site-packages/airflow/example_dags/tutorial_dag.py for tasks to queue
[2025-01-28T06:34:41.123+0000] {logging_mixin.py:190} INFO - [2025-01-28T06:34:41.122+0000] {dagbag.py:588} INFO - Filling up the DagBag from /home/ubuntu/.local/lib/python3.12/site-packages/airflow/example_dags/tutorial_dag.py
[2025-01-28T06:34:41.131+0000] {processor.py:925} INFO - DAG(s) 'tutorial_dag' retrieved from /home/ubuntu/.local/lib/python3.12/site-packages/airflow/example_dags/tutorial_dag.py
[2025-01-28T06:34:41.145+0000] {logging_mixin.py:190} INFO - [2025-01-28T06:34:41.144+0000] {dag.py:3239} INFO - Sync 1 DAGs
[2025-01-28T06:34:41.159+0000] {logging_mixin.py:190} INFO - [2025-01-28T06:34:41.159+0000] {dag.py:4180} INFO - Setting next_dagrun for tutorial_dag to None, run_after=None
[2025-01-28T06:34:41.184+0000] {processor.py:208} INFO - Processing /home/ubuntu/.local/lib/python3.12/site-packages/airflow/example_dags/tutorial_dag.py took 0.072 seconds
[2025-01-28T06:35:37.318+0000] {processor.py:186} INFO - Started process (PID=6009) to work on /home/ubuntu/.local/lib/python3.12/site-packages/airflow/example_dags/tutorial_dag.py
[2025-01-28T06:35:37.319+0000] {processor.py:914} INFO - Processing file /home/ubuntu/.local/lib/python3.12/site-packages/airflow/example_dags/tutorial_dag.py for tasks to queue
[2025-01-28T06:35:37.322+0000] {logging_mixin.py:190} INFO - [2025-01-28T06:35:37.322+0000] {dagbag.py:588} INFO - Filling up the DagBag from /home/ubuntu/.local/lib/python3.12/site-packages/airflow/example_dags/tutorial_dag.py
[2025-01-28T06:35:37.330+0000] {processor.py:925} INFO - DAG(s) 'tutorial_dag' retrieved from /home/ubuntu/.local/lib/python3.12/site-packages/airflow/example_dags/tutorial_dag.py
[2025-01-28T06:35:37.345+0000] {logging_mixin.py:190} INFO - [2025-01-28T06:35:37.345+0000] {dag.py:3239} INFO - Sync 1 DAGs
[2025-01-28T06:35:37.356+0000] {logging_mixin.py:190} INFO - [2025-01-28T06:35:37.356+0000] {dag.py:4180} INFO - Setting next_dagrun for tutorial_dag to None, run_after=None
[2025-01-28T06:35:37.381+0000] {processor.py:208} INFO - Processing /home/ubuntu/.local/lib/python3.12/site-packages/airflow/example_dags/tutorial_dag.py took 0.068 seconds
[2025-01-28T06:36:28.680+0000] {processor.py:186} INFO - Started process (PID=6062) to work on /home/ubuntu/.local/lib/python3.12/site-packages/airflow/example_dags/tutorial_dag.py
[2025-01-28T06:36:28.681+0000] {processor.py:914} INFO - Processing file /home/ubuntu/.local/lib/python3.12/site-packages/airflow/example_dags/tutorial_dag.py for tasks to queue
[2025-01-28T06:36:28.683+0000] {logging_mixin.py:190} INFO - [2025-01-28T06:36:28.683+0000] {dagbag.py:588} INFO - Filling up the DagBag from /home/ubuntu/.local/lib/python3.12/site-packages/airflow/example_dags/tutorial_dag.py
[2025-01-28T06:36:28.691+0000] {processor.py:925} INFO - DAG(s) 'tutorial_dag' retrieved from /home/ubuntu/.local/lib/python3.12/site-packages/airflow/example_dags/tutorial_dag.py
[2025-01-28T06:36:28.706+0000] {logging_mixin.py:190} INFO - [2025-01-28T06:36:28.706+0000] {dag.py:3239} INFO - Sync 1 DAGs
[2025-01-28T06:36:28.717+0000] {logging_mixin.py:190} INFO - [2025-01-28T06:36:28.717+0000] {dag.py:4180} INFO - Setting next_dagrun for tutorial_dag to None, run_after=None
[2025-01-28T06:36:28.739+0000] {processor.py:208} INFO - Processing /home/ubuntu/.local/lib/python3.12/site-packages/airflow/example_dags/tutorial_dag.py took 0.065 seconds
[2025-01-28T06:37:21.141+0000] {processor.py:186} INFO - Started process (PID=6116) to work on /home/ubuntu/.local/lib/python3.12/site-packages/airflow/example_dags/tutorial_dag.py
[2025-01-28T06:37:21.143+0000] {processor.py:914} INFO - Processing file /home/ubuntu/.local/lib/python3.12/site-packages/airflow/example_dags/tutorial_dag.py for tasks to queue
[2025-01-28T06:37:21.145+0000] {logging_mixin.py:190} INFO - [2025-01-28T06:37:21.145+0000] {dagbag.py:588} INFO - Filling up the DagBag from /home/ubuntu/.local/lib/python3.12/site-packages/airflow/example_dags/tutorial_dag.py
[2025-01-28T06:37:21.153+0000] {processor.py:925} INFO - DAG(s) 'tutorial_dag' retrieved from /home/ubuntu/.local/lib/python3.12/site-packages/airflow/example_dags/tutorial_dag.py
[2025-01-28T06:37:21.170+0000] {logging_mixin.py:190} INFO - [2025-01-28T06:37:21.169+0000] {dag.py:3239} INFO - Sync 1 DAGs
[2025-01-28T06:37:21.185+0000] {logging_mixin.py:190} INFO - [2025-01-28T06:37:21.185+0000] {dag.py:4180} INFO - Setting next_dagrun for tutorial_dag to None, run_after=None
[2025-01-28T06:37:21.207+0000] {processor.py:208} INFO - Processing /home/ubuntu/.local/lib/python3.12/site-packages/airflow/example_dags/tutorial_dag.py took 0.071 seconds
[2025-01-28T06:38:12.966+0000] {processor.py:186} INFO - Started process (PID=6172) to work on /home/ubuntu/.local/lib/python3.12/site-packages/airflow/example_dags/tutorial_dag.py
[2025-01-28T06:38:12.967+0000] {processor.py:914} INFO - Processing file /home/ubuntu/.local/lib/python3.12/site-packages/airflow/example_dags/tutorial_dag.py for tasks to queue
[2025-01-28T06:38:12.970+0000] {logging_mixin.py:190} INFO - [2025-01-28T06:38:12.969+0000] {dagbag.py:588} INFO - Filling up the DagBag from /home/ubuntu/.local/lib/python3.12/site-packages/airflow/example_dags/tutorial_dag.py
[2025-01-28T06:38:12.978+0000] {processor.py:925} INFO - DAG(s) 'tutorial_dag' retrieved from /home/ubuntu/.local/lib/python3.12/site-packages/airflow/example_dags/tutorial_dag.py
[2025-01-28T06:38:12.993+0000] {logging_mixin.py:190} INFO - [2025-01-28T06:38:12.993+0000] {dag.py:3239} INFO - Sync 1 DAGs
[2025-01-28T06:38:13.004+0000] {logging_mixin.py:190} INFO - [2025-01-28T06:38:13.003+0000] {dag.py:4180} INFO - Setting next_dagrun for tutorial_dag to None, run_after=None
[2025-01-28T06:38:13.028+0000] {processor.py:208} INFO - Processing /home/ubuntu/.local/lib/python3.12/site-packages/airflow/example_dags/tutorial_dag.py took 0.067 seconds
[2025-01-28T06:39:09.155+0000] {processor.py:186} INFO - Started process (PID=6229) to work on /home/ubuntu/.local/lib/python3.12/site-packages/airflow/example_dags/tutorial_dag.py
[2025-01-28T06:39:09.157+0000] {processor.py:914} INFO - Processing file /home/ubuntu/.local/lib/python3.12/site-packages/airflow/example_dags/tutorial_dag.py for tasks to queue
[2025-01-28T06:39:09.159+0000] {logging_mixin.py:190} INFO - [2025-01-28T06:39:09.159+0000] {dagbag.py:588} INFO - Filling up the DagBag from /home/ubuntu/.local/lib/python3.12/site-packages/airflow/example_dags/tutorial_dag.py
[2025-01-28T06:39:09.168+0000] {processor.py:925} INFO - DAG(s) 'tutorial_dag' retrieved from /home/ubuntu/.local/lib/python3.12/site-packages/airflow/example_dags/tutorial_dag.py
[2025-01-28T06:39:09.183+0000] {logging_mixin.py:190} INFO - [2025-01-28T06:39:09.183+0000] {dag.py:3239} INFO - Sync 1 DAGs
[2025-01-28T06:39:09.194+0000] {logging_mixin.py:190} INFO - [2025-01-28T06:39:09.194+0000] {dag.py:4180} INFO - Setting next_dagrun for tutorial_dag to None, run_after=None
[2025-01-28T06:39:09.217+0000] {processor.py:208} INFO - Processing /home/ubuntu/.local/lib/python3.12/site-packages/airflow/example_dags/tutorial_dag.py took 0.067 seconds
[2025-01-28T06:40:07.752+0000] {processor.py:186} INFO - Started process (PID=6288) to work on /home/ubuntu/.local/lib/python3.12/site-packages/airflow/example_dags/tutorial_dag.py
[2025-01-28T06:40:07.754+0000] {processor.py:914} INFO - Processing file /home/ubuntu/.local/lib/python3.12/site-packages/airflow/example_dags/tutorial_dag.py for tasks to queue
[2025-01-28T06:40:07.756+0000] {logging_mixin.py:190} INFO - [2025-01-28T06:40:07.755+0000] {dagbag.py:588} INFO - Filling up the DagBag from /home/ubuntu/.local/lib/python3.12/site-packages/airflow/example_dags/tutorial_dag.py
[2025-01-28T06:40:07.763+0000] {processor.py:925} INFO - DAG(s) 'tutorial_dag' retrieved from /home/ubuntu/.local/lib/python3.12/site-packages/airflow/example_dags/tutorial_dag.py
[2025-01-28T06:40:07.778+0000] {logging_mixin.py:190} INFO - [2025-01-28T06:40:07.778+0000] {dag.py:3239} INFO - Sync 1 DAGs
[2025-01-28T06:40:07.790+0000] {logging_mixin.py:190} INFO - [2025-01-28T06:40:07.789+0000] {dag.py:4180} INFO - Setting next_dagrun for tutorial_dag to None, run_after=None
[2025-01-28T06:40:07.820+0000] {processor.py:208} INFO - Processing /home/ubuntu/.local/lib/python3.12/site-packages/airflow/example_dags/tutorial_dag.py took 0.073 seconds
[2025-01-28T06:41:01.399+0000] {processor.py:186} INFO - Started process (PID=6347) to work on /home/ubuntu/.local/lib/python3.12/site-packages/airflow/example_dags/tutorial_dag.py
[2025-01-28T06:41:01.401+0000] {processor.py:914} INFO - Processing file /home/ubuntu/.local/lib/python3.12/site-packages/airflow/example_dags/tutorial_dag.py for tasks to queue
[2025-01-28T06:41:01.403+0000] {logging_mixin.py:190} INFO - [2025-01-28T06:41:01.403+0000] {dagbag.py:588} INFO - Filling up the DagBag from /home/ubuntu/.local/lib/python3.12/site-packages/airflow/example_dags/tutorial_dag.py
[2025-01-28T06:41:01.411+0000] {processor.py:925} INFO - DAG(s) 'tutorial_dag' retrieved from /home/ubuntu/.local/lib/python3.12/site-packages/airflow/example_dags/tutorial_dag.py
[2025-01-28T06:41:01.427+0000] {logging_mixin.py:190} INFO - [2025-01-28T06:41:01.426+0000] {dag.py:3239} INFO - Sync 1 DAGs
[2025-01-28T06:41:01.438+0000] {logging_mixin.py:190} INFO - [2025-01-28T06:41:01.438+0000] {dag.py:4180} INFO - Setting next_dagrun for tutorial_dag to None, run_after=None
[2025-01-28T06:41:01.615+0000] {processor.py:208} INFO - Processing /home/ubuntu/.local/lib/python3.12/site-packages/airflow/example_dags/tutorial_dag.py took 0.222 seconds
[2025-01-28T06:42:06.495+0000] {processor.py:186} INFO - Started process (PID=6544) to work on /home/ubuntu/.local/lib/python3.12/site-packages/airflow/example_dags/tutorial_dag.py
[2025-01-28T06:42:06.496+0000] {processor.py:914} INFO - Processing file /home/ubuntu/.local/lib/python3.12/site-packages/airflow/example_dags/tutorial_dag.py for tasks to queue
[2025-01-28T06:42:06.499+0000] {logging_mixin.py:190} INFO - [2025-01-28T06:42:06.498+0000] {dagbag.py:588} INFO - Filling up the DagBag from /home/ubuntu/.local/lib/python3.12/site-packages/airflow/example_dags/tutorial_dag.py
[2025-01-28T06:42:06.507+0000] {processor.py:925} INFO - DAG(s) 'tutorial_dag' retrieved from /home/ubuntu/.local/lib/python3.12/site-packages/airflow/example_dags/tutorial_dag.py
[2025-01-28T06:42:06.521+0000] {logging_mixin.py:190} INFO - [2025-01-28T06:42:06.521+0000] {dag.py:3239} INFO - Sync 1 DAGs
[2025-01-28T06:42:06.532+0000] {logging_mixin.py:190} INFO - [2025-01-28T06:42:06.532+0000] {dag.py:4180} INFO - Setting next_dagrun for tutorial_dag to None, run_after=None
[2025-01-28T06:42:06.554+0000] {processor.py:208} INFO - Processing /home/ubuntu/.local/lib/python3.12/site-packages/airflow/example_dags/tutorial_dag.py took 0.064 seconds
[2025-01-28T06:43:04.356+0000] {processor.py:186} INFO - Started process (PID=6602) to work on /home/ubuntu/.local/lib/python3.12/site-packages/airflow/example_dags/tutorial_dag.py
[2025-01-28T06:43:04.357+0000] {processor.py:914} INFO - Processing file /home/ubuntu/.local/lib/python3.12/site-packages/airflow/example_dags/tutorial_dag.py for tasks to queue
[2025-01-28T06:43:04.360+0000] {logging_mixin.py:190} INFO - [2025-01-28T06:43:04.360+0000] {dagbag.py:588} INFO - Filling up the DagBag from /home/ubuntu/.local/lib/python3.12/site-packages/airflow/example_dags/tutorial_dag.py
[2025-01-28T06:43:04.368+0000] {processor.py:925} INFO - DAG(s) 'tutorial_dag' retrieved from /home/ubuntu/.local/lib/python3.12/site-packages/airflow/example_dags/tutorial_dag.py
[2025-01-28T06:43:04.383+0000] {logging_mixin.py:190} INFO - [2025-01-28T06:43:04.383+0000] {dag.py:3239} INFO - Sync 1 DAGs
[2025-01-28T06:43:04.394+0000] {logging_mixin.py:190} INFO - [2025-01-28T06:43:04.394+0000] {dag.py:4180} INFO - Setting next_dagrun for tutorial_dag to None, run_after=None
[2025-01-28T06:43:04.417+0000] {processor.py:208} INFO - Processing /home/ubuntu/.local/lib/python3.12/site-packages/airflow/example_dags/tutorial_dag.py took 0.066 seconds
[2025-01-28T06:44:09.628+0000] {processor.py:186} INFO - Started process (PID=6664) to work on /home/ubuntu/.local/lib/python3.12/site-packages/airflow/example_dags/tutorial_dag.py
[2025-01-28T06:44:09.629+0000] {processor.py:914} INFO - Processing file /home/ubuntu/.local/lib/python3.12/site-packages/airflow/example_dags/tutorial_dag.py for tasks to queue
[2025-01-28T06:44:09.633+0000] {logging_mixin.py:190} INFO - [2025-01-28T06:44:09.632+0000] {dagbag.py:588} INFO - Filling up the DagBag from /home/ubuntu/.local/lib/python3.12/site-packages/airflow/example_dags/tutorial_dag.py
[2025-01-28T06:44:09.640+0000] {processor.py:925} INFO - DAG(s) 'tutorial_dag' retrieved from /home/ubuntu/.local/lib/python3.12/site-packages/airflow/example_dags/tutorial_dag.py
[2025-01-28T06:44:09.654+0000] {logging_mixin.py:190} INFO - [2025-01-28T06:44:09.654+0000] {dag.py:3239} INFO - Sync 1 DAGs
[2025-01-28T06:44:09.665+0000] {logging_mixin.py:190} INFO - [2025-01-28T06:44:09.665+0000] {dag.py:4180} INFO - Setting next_dagrun for tutorial_dag to None, run_after=None
[2025-01-28T06:44:09.688+0000] {processor.py:208} INFO - Processing /home/ubuntu/.local/lib/python3.12/site-packages/airflow/example_dags/tutorial_dag.py took 0.065 seconds
[2025-01-28T06:45:16.929+0000] {processor.py:186} INFO - Started process (PID=6729) to work on /home/ubuntu/.local/lib/python3.12/site-packages/airflow/example_dags/tutorial_dag.py
[2025-01-28T06:45:16.932+0000] {processor.py:914} INFO - Processing file /home/ubuntu/.local/lib/python3.12/site-packages/airflow/example_dags/tutorial_dag.py for tasks to queue
[2025-01-28T06:45:16.934+0000] {logging_mixin.py:190} INFO - [2025-01-28T06:45:16.933+0000] {dagbag.py:588} INFO - Filling up the DagBag from /home/ubuntu/.local/lib/python3.12/site-packages/airflow/example_dags/tutorial_dag.py
[2025-01-28T06:45:16.942+0000] {processor.py:925} INFO - DAG(s) 'tutorial_dag' retrieved from /home/ubuntu/.local/lib/python3.12/site-packages/airflow/example_dags/tutorial_dag.py
[2025-01-28T06:45:16.957+0000] {logging_mixin.py:190} INFO - [2025-01-28T06:45:16.957+0000] {dag.py:3239} INFO - Sync 1 DAGs
[2025-01-28T06:45:16.969+0000] {logging_mixin.py:190} INFO - [2025-01-28T06:45:16.968+0000] {dag.py:4180} INFO - Setting next_dagrun for tutorial_dag to None, run_after=None
[2025-01-28T06:45:16.992+0000] {processor.py:208} INFO - Processing /home/ubuntu/.local/lib/python3.12/site-packages/airflow/example_dags/tutorial_dag.py took 0.069 seconds
[2025-01-28T06:46:12.120+0000] {processor.py:186} INFO - Started process (PID=6951) to work on /home/ubuntu/.local/lib/python3.12/site-packages/airflow/example_dags/tutorial_dag.py
[2025-01-28T06:46:12.123+0000] {processor.py:914} INFO - Processing file /home/ubuntu/.local/lib/python3.12/site-packages/airflow/example_dags/tutorial_dag.py for tasks to queue
[2025-01-28T06:46:12.126+0000] {logging_mixin.py:190} INFO - [2025-01-28T06:46:12.125+0000] {dagbag.py:588} INFO - Filling up the DagBag from /home/ubuntu/.local/lib/python3.12/site-packages/airflow/example_dags/tutorial_dag.py
[2025-01-28T06:46:12.133+0000] {processor.py:925} INFO - DAG(s) 'tutorial_dag' retrieved from /home/ubuntu/.local/lib/python3.12/site-packages/airflow/example_dags/tutorial_dag.py
[2025-01-28T06:46:12.150+0000] {logging_mixin.py:190} INFO - [2025-01-28T06:46:12.150+0000] {dag.py:3239} INFO - Sync 1 DAGs
[2025-01-28T06:46:12.161+0000] {logging_mixin.py:190} INFO - [2025-01-28T06:46:12.161+0000] {dag.py:4180} INFO - Setting next_dagrun for tutorial_dag to None, run_after=None
[2025-01-28T06:46:12.186+0000] {processor.py:208} INFO - Processing /home/ubuntu/.local/lib/python3.12/site-packages/airflow/example_dags/tutorial_dag.py took 0.071 seconds
