[2025-01-28T03:39:18.957+0000] {processor.py:186} INFO - Started process (PID=9617) to work on /home/ubuntu/airflow-venv/lib/python3.12/site-packages/airflow/example_dags/tutorial_objectstorage.py
[2025-01-28T03:39:18.957+0000] {processor.py:914} INFO - Processing file /home/ubuntu/airflow-venv/lib/python3.12/site-packages/airflow/example_dags/tutorial_objectstorage.py for tasks to queue
[2025-01-28T03:39:18.960+0000] {logging_mixin.py:190} INFO - [2025-01-28T03:39:18.959+0000] {dagbag.py:588} INFO - Filling up the DagBag from /home/ubuntu/airflow-venv/lib/python3.12/site-packages/airflow/example_dags/tutorial_objectstorage.py
[2025-01-28T03:39:18.971+0000] {processor.py:925} INFO - DAG(s) 'tutorial_objectstorage' retrieved from /home/ubuntu/airflow-venv/lib/python3.12/site-packages/airflow/example_dags/tutorial_objectstorage.py
[2025-01-28T03:39:19.094+0000] {logging_mixin.py:190} INFO - [2025-01-28T03:39:19.093+0000] {override.py:1912} INFO - Created Permission View: can read on DAG:tutorial_objectstorage
[2025-01-28T03:39:19.107+0000] {logging_mixin.py:190} INFO - [2025-01-28T03:39:19.107+0000] {override.py:1912} INFO - Created Permission View: can delete on DAG:tutorial_objectstorage
[2025-01-28T03:39:19.119+0000] {logging_mixin.py:190} INFO - [2025-01-28T03:39:19.116+0000] {override.py:1912} INFO - Created Permission View: can edit on DAG:tutorial_objectstorage
[2025-01-28T03:39:19.137+0000] {logging_mixin.py:190} INFO - [2025-01-28T03:39:19.137+0000] {override.py:1912} INFO - Created Permission View: menu access on DAG Run:tutorial_objectstorage
[2025-01-28T03:39:19.153+0000] {logging_mixin.py:190} INFO - [2025-01-28T03:39:19.153+0000] {override.py:1912} INFO - Created Permission View: can read on DAG Run:tutorial_objectstorage
[2025-01-28T03:39:19.169+0000] {logging_mixin.py:190} INFO - [2025-01-28T03:39:19.169+0000] {override.py:1912} INFO - Created Permission View: can delete on DAG Run:tutorial_objectstorage
[2025-01-28T03:39:19.183+0000] {logging_mixin.py:190} INFO - [2025-01-28T03:39:19.183+0000] {override.py:1912} INFO - Created Permission View: can create on DAG Run:tutorial_objectstorage
[2025-01-28T03:39:19.183+0000] {logging_mixin.py:190} INFO - [2025-01-28T03:39:19.183+0000] {dag.py:3239} INFO - Sync 1 DAGs
[2025-01-28T03:39:19.203+0000] {logging_mixin.py:190} INFO - [2025-01-28T03:39:19.203+0000] {dag.py:3262} INFO - Creating ORM DAG for tutorial_objectstorage
[2025-01-28T03:39:19.203+0000] {logging_mixin.py:190} INFO - [2025-01-28T03:39:19.203+0000] {dag.py:4180} INFO - Setting next_dagrun for tutorial_objectstorage to None, run_after=None
[2025-01-28T03:39:19.227+0000] {processor.py:208} INFO - Processing /home/ubuntu/airflow-venv/lib/python3.12/site-packages/airflow/example_dags/tutorial_objectstorage.py took 0.274 seconds
[2025-01-28T03:40:27.813+0000] {processor.py:186} INFO - Started process (PID=9682) to work on /home/ubuntu/airflow-venv/lib/python3.12/site-packages/airflow/example_dags/tutorial_objectstorage.py
[2025-01-28T03:40:27.815+0000] {processor.py:914} INFO - Processing file /home/ubuntu/airflow-venv/lib/python3.12/site-packages/airflow/example_dags/tutorial_objectstorage.py for tasks to queue
[2025-01-28T03:40:27.816+0000] {logging_mixin.py:190} INFO - [2025-01-28T03:40:27.816+0000] {dagbag.py:588} INFO - Filling up the DagBag from /home/ubuntu/airflow-venv/lib/python3.12/site-packages/airflow/example_dags/tutorial_objectstorage.py
[2025-01-28T03:40:27.825+0000] {processor.py:925} INFO - DAG(s) 'tutorial_objectstorage' retrieved from /home/ubuntu/airflow-venv/lib/python3.12/site-packages/airflow/example_dags/tutorial_objectstorage.py
[2025-01-28T03:40:27.840+0000] {logging_mixin.py:190} INFO - [2025-01-28T03:40:27.840+0000] {dag.py:3239} INFO - Sync 1 DAGs
[2025-01-28T03:40:27.851+0000] {logging_mixin.py:190} INFO - [2025-01-28T03:40:27.851+0000] {dag.py:4180} INFO - Setting next_dagrun for tutorial_objectstorage to None, run_after=None
[2025-01-28T03:40:27.871+0000] {processor.py:208} INFO - Processing /home/ubuntu/airflow-venv/lib/python3.12/site-packages/airflow/example_dags/tutorial_objectstorage.py took 0.064 seconds
[2025-01-28T03:41:23.538+0000] {processor.py:186} INFO - Started process (PID=9739) to work on /home/ubuntu/airflow-venv/lib/python3.12/site-packages/airflow/example_dags/tutorial_objectstorage.py
[2025-01-28T03:41:23.540+0000] {processor.py:914} INFO - Processing file /home/ubuntu/airflow-venv/lib/python3.12/site-packages/airflow/example_dags/tutorial_objectstorage.py for tasks to queue
[2025-01-28T03:41:23.542+0000] {logging_mixin.py:190} INFO - [2025-01-28T03:41:23.541+0000] {dagbag.py:588} INFO - Filling up the DagBag from /home/ubuntu/airflow-venv/lib/python3.12/site-packages/airflow/example_dags/tutorial_objectstorage.py
[2025-01-28T03:41:23.551+0000] {processor.py:925} INFO - DAG(s) 'tutorial_objectstorage' retrieved from /home/ubuntu/airflow-venv/lib/python3.12/site-packages/airflow/example_dags/tutorial_objectstorage.py
[2025-01-28T03:41:23.565+0000] {logging_mixin.py:190} INFO - [2025-01-28T03:41:23.565+0000] {dag.py:3239} INFO - Sync 1 DAGs
[2025-01-28T03:41:23.577+0000] {logging_mixin.py:190} INFO - [2025-01-28T03:41:23.577+0000] {dag.py:4180} INFO - Setting next_dagrun for tutorial_objectstorage to None, run_after=None
[2025-01-28T03:41:23.599+0000] {processor.py:208} INFO - Processing /home/ubuntu/airflow-venv/lib/python3.12/site-packages/airflow/example_dags/tutorial_objectstorage.py took 0.066 seconds
[2025-01-28T03:43:06.911+0000] {processor.py:186} INFO - Started process (PID=9783) to work on /home/ubuntu/airflow-venv/lib/python3.12/site-packages/airflow/example_dags/tutorial_objectstorage.py
[2025-01-28T03:43:06.912+0000] {processor.py:914} INFO - Processing file /home/ubuntu/airflow-venv/lib/python3.12/site-packages/airflow/example_dags/tutorial_objectstorage.py for tasks to queue
[2025-01-28T03:43:06.914+0000] {logging_mixin.py:190} INFO - [2025-01-28T03:43:06.913+0000] {dagbag.py:588} INFO - Filling up the DagBag from /home/ubuntu/airflow-venv/lib/python3.12/site-packages/airflow/example_dags/tutorial_objectstorage.py
[2025-01-28T03:43:06.924+0000] {processor.py:925} INFO - DAG(s) 'tutorial_objectstorage' retrieved from /home/ubuntu/airflow-venv/lib/python3.12/site-packages/airflow/example_dags/tutorial_objectstorage.py
[2025-01-28T03:43:06.945+0000] {logging_mixin.py:190} INFO - [2025-01-28T03:43:06.945+0000] {dag.py:3239} INFO - Sync 1 DAGs
[2025-01-28T03:43:06.957+0000] {logging_mixin.py:190} INFO - [2025-01-28T03:43:06.956+0000] {dag.py:4180} INFO - Setting next_dagrun for tutorial_objectstorage to None, run_after=None
[2025-01-28T03:43:06.979+0000] {processor.py:208} INFO - Processing /home/ubuntu/airflow-venv/lib/python3.12/site-packages/airflow/example_dags/tutorial_objectstorage.py took 0.073 seconds
[2025-01-28T03:44:02.203+0000] {processor.py:186} INFO - Started process (PID=9841) to work on /home/ubuntu/airflow-venv/lib/python3.12/site-packages/airflow/example_dags/tutorial_objectstorage.py
[2025-01-28T03:44:02.205+0000] {processor.py:914} INFO - Processing file /home/ubuntu/airflow-venv/lib/python3.12/site-packages/airflow/example_dags/tutorial_objectstorage.py for tasks to queue
[2025-01-28T03:44:02.207+0000] {logging_mixin.py:190} INFO - [2025-01-28T03:44:02.207+0000] {dagbag.py:588} INFO - Filling up the DagBag from /home/ubuntu/airflow-venv/lib/python3.12/site-packages/airflow/example_dags/tutorial_objectstorage.py
[2025-01-28T03:44:02.217+0000] {processor.py:925} INFO - DAG(s) 'tutorial_objectstorage' retrieved from /home/ubuntu/airflow-venv/lib/python3.12/site-packages/airflow/example_dags/tutorial_objectstorage.py
[2025-01-28T03:44:02.232+0000] {logging_mixin.py:190} INFO - [2025-01-28T03:44:02.232+0000] {dag.py:3239} INFO - Sync 1 DAGs
[2025-01-28T03:44:02.244+0000] {logging_mixin.py:190} INFO - [2025-01-28T03:44:02.243+0000] {dag.py:4180} INFO - Setting next_dagrun for tutorial_objectstorage to None, run_after=None
[2025-01-28T03:44:02.267+0000] {processor.py:208} INFO - Processing /home/ubuntu/airflow-venv/lib/python3.12/site-packages/airflow/example_dags/tutorial_objectstorage.py took 0.069 seconds
[2025-01-28T03:44:53.965+0000] {processor.py:186} INFO - Started process (PID=9895) to work on /home/ubuntu/airflow-venv/lib/python3.12/site-packages/airflow/example_dags/tutorial_objectstorage.py
[2025-01-28T03:44:53.966+0000] {processor.py:914} INFO - Processing file /home/ubuntu/airflow-venv/lib/python3.12/site-packages/airflow/example_dags/tutorial_objectstorage.py for tasks to queue
[2025-01-28T03:44:53.968+0000] {logging_mixin.py:190} INFO - [2025-01-28T03:44:53.968+0000] {dagbag.py:588} INFO - Filling up the DagBag from /home/ubuntu/airflow-venv/lib/python3.12/site-packages/airflow/example_dags/tutorial_objectstorage.py
[2025-01-28T03:44:53.977+0000] {processor.py:925} INFO - DAG(s) 'tutorial_objectstorage' retrieved from /home/ubuntu/airflow-venv/lib/python3.12/site-packages/airflow/example_dags/tutorial_objectstorage.py
[2025-01-28T03:44:53.993+0000] {logging_mixin.py:190} INFO - [2025-01-28T03:44:53.993+0000] {dag.py:3239} INFO - Sync 1 DAGs
[2025-01-28T03:44:54.010+0000] {logging_mixin.py:190} INFO - [2025-01-28T03:44:54.009+0000] {dag.py:4180} INFO - Setting next_dagrun for tutorial_objectstorage to None, run_after=None
[2025-01-28T03:44:54.033+0000] {processor.py:208} INFO - Processing /home/ubuntu/airflow-venv/lib/python3.12/site-packages/airflow/example_dags/tutorial_objectstorage.py took 0.073 seconds
[2025-01-28T03:45:45.476+0000] {processor.py:186} INFO - Started process (PID=9952) to work on /home/ubuntu/airflow-venv/lib/python3.12/site-packages/airflow/example_dags/tutorial_objectstorage.py
[2025-01-28T03:45:45.477+0000] {processor.py:914} INFO - Processing file /home/ubuntu/airflow-venv/lib/python3.12/site-packages/airflow/example_dags/tutorial_objectstorage.py for tasks to queue
[2025-01-28T03:45:45.479+0000] {logging_mixin.py:190} INFO - [2025-01-28T03:45:45.479+0000] {dagbag.py:588} INFO - Filling up the DagBag from /home/ubuntu/airflow-venv/lib/python3.12/site-packages/airflow/example_dags/tutorial_objectstorage.py
[2025-01-28T03:45:45.489+0000] {processor.py:925} INFO - DAG(s) 'tutorial_objectstorage' retrieved from /home/ubuntu/airflow-venv/lib/python3.12/site-packages/airflow/example_dags/tutorial_objectstorage.py
[2025-01-28T03:45:45.503+0000] {logging_mixin.py:190} INFO - [2025-01-28T03:45:45.503+0000] {dag.py:3239} INFO - Sync 1 DAGs
[2025-01-28T03:45:45.515+0000] {logging_mixin.py:190} INFO - [2025-01-28T03:45:45.514+0000] {dag.py:4180} INFO - Setting next_dagrun for tutorial_objectstorage to None, run_after=None
[2025-01-28T03:45:45.537+0000] {processor.py:208} INFO - Processing /home/ubuntu/airflow-venv/lib/python3.12/site-packages/airflow/example_dags/tutorial_objectstorage.py took 0.066 seconds
[2025-01-28T03:46:38.471+0000] {processor.py:186} INFO - Started process (PID=10006) to work on /home/ubuntu/airflow-venv/lib/python3.12/site-packages/airflow/example_dags/tutorial_objectstorage.py
[2025-01-28T03:46:38.474+0000] {processor.py:914} INFO - Processing file /home/ubuntu/airflow-venv/lib/python3.12/site-packages/airflow/example_dags/tutorial_objectstorage.py for tasks to queue
[2025-01-28T03:46:38.475+0000] {logging_mixin.py:190} INFO - [2025-01-28T03:46:38.475+0000] {dagbag.py:588} INFO - Filling up the DagBag from /home/ubuntu/airflow-venv/lib/python3.12/site-packages/airflow/example_dags/tutorial_objectstorage.py
[2025-01-28T03:46:38.485+0000] {processor.py:925} INFO - DAG(s) 'tutorial_objectstorage' retrieved from /home/ubuntu/airflow-venv/lib/python3.12/site-packages/airflow/example_dags/tutorial_objectstorage.py
[2025-01-28T03:46:38.500+0000] {logging_mixin.py:190} INFO - [2025-01-28T03:46:38.499+0000] {dag.py:3239} INFO - Sync 1 DAGs
[2025-01-28T03:46:38.511+0000] {logging_mixin.py:190} INFO - [2025-01-28T03:46:38.511+0000] {dag.py:4180} INFO - Setting next_dagrun for tutorial_objectstorage to None, run_after=None
[2025-01-28T03:46:38.532+0000] {processor.py:208} INFO - Processing /home/ubuntu/airflow-venv/lib/python3.12/site-packages/airflow/example_dags/tutorial_objectstorage.py took 0.066 seconds
[2025-01-28T03:47:31.393+0000] {processor.py:186} INFO - Started process (PID=10061) to work on /home/ubuntu/airflow-venv/lib/python3.12/site-packages/airflow/example_dags/tutorial_objectstorage.py
[2025-01-28T03:47:31.395+0000] {processor.py:914} INFO - Processing file /home/ubuntu/airflow-venv/lib/python3.12/site-packages/airflow/example_dags/tutorial_objectstorage.py for tasks to queue
[2025-01-28T03:47:31.396+0000] {logging_mixin.py:190} INFO - [2025-01-28T03:47:31.396+0000] {dagbag.py:588} INFO - Filling up the DagBag from /home/ubuntu/airflow-venv/lib/python3.12/site-packages/airflow/example_dags/tutorial_objectstorage.py
[2025-01-28T03:47:31.405+0000] {processor.py:925} INFO - DAG(s) 'tutorial_objectstorage' retrieved from /home/ubuntu/airflow-venv/lib/python3.12/site-packages/airflow/example_dags/tutorial_objectstorage.py
[2025-01-28T03:47:31.419+0000] {logging_mixin.py:190} INFO - [2025-01-28T03:47:31.419+0000] {dag.py:3239} INFO - Sync 1 DAGs
[2025-01-28T03:47:31.431+0000] {logging_mixin.py:190} INFO - [2025-01-28T03:47:31.431+0000] {dag.py:4180} INFO - Setting next_dagrun for tutorial_objectstorage to None, run_after=None
[2025-01-28T03:47:31.452+0000] {processor.py:208} INFO - Processing /home/ubuntu/airflow-venv/lib/python3.12/site-packages/airflow/example_dags/tutorial_objectstorage.py took 0.063 seconds
[2025-01-28T03:48:20.931+0000] {processor.py:186} INFO - Started process (PID=10113) to work on /home/ubuntu/airflow-venv/lib/python3.12/site-packages/airflow/example_dags/tutorial_objectstorage.py
[2025-01-28T03:48:20.933+0000] {processor.py:914} INFO - Processing file /home/ubuntu/airflow-venv/lib/python3.12/site-packages/airflow/example_dags/tutorial_objectstorage.py for tasks to queue
[2025-01-28T03:48:20.935+0000] {logging_mixin.py:190} INFO - [2025-01-28T03:48:20.935+0000] {dagbag.py:588} INFO - Filling up the DagBag from /home/ubuntu/airflow-venv/lib/python3.12/site-packages/airflow/example_dags/tutorial_objectstorage.py
[2025-01-28T03:48:20.946+0000] {processor.py:925} INFO - DAG(s) 'tutorial_objectstorage' retrieved from /home/ubuntu/airflow-venv/lib/python3.12/site-packages/airflow/example_dags/tutorial_objectstorage.py
[2025-01-28T03:48:20.969+0000] {logging_mixin.py:190} INFO - [2025-01-28T03:48:20.969+0000] {dag.py:3239} INFO - Sync 1 DAGs
[2025-01-28T03:48:20.981+0000] {logging_mixin.py:190} INFO - [2025-01-28T03:48:20.981+0000] {dag.py:4180} INFO - Setting next_dagrun for tutorial_objectstorage to None, run_after=None
[2025-01-28T03:48:21.004+0000] {processor.py:208} INFO - Processing /home/ubuntu/airflow-venv/lib/python3.12/site-packages/airflow/example_dags/tutorial_objectstorage.py took 0.078 seconds
[2025-01-28T03:49:08.097+0000] {processor.py:186} INFO - Started process (PID=10164) to work on /home/ubuntu/airflow-venv/lib/python3.12/site-packages/airflow/example_dags/tutorial_objectstorage.py
[2025-01-28T03:49:08.099+0000] {processor.py:914} INFO - Processing file /home/ubuntu/airflow-venv/lib/python3.12/site-packages/airflow/example_dags/tutorial_objectstorage.py for tasks to queue
[2025-01-28T03:49:08.101+0000] {logging_mixin.py:190} INFO - [2025-01-28T03:49:08.100+0000] {dagbag.py:588} INFO - Filling up the DagBag from /home/ubuntu/airflow-venv/lib/python3.12/site-packages/airflow/example_dags/tutorial_objectstorage.py
[2025-01-28T03:49:08.110+0000] {processor.py:925} INFO - DAG(s) 'tutorial_objectstorage' retrieved from /home/ubuntu/airflow-venv/lib/python3.12/site-packages/airflow/example_dags/tutorial_objectstorage.py
[2025-01-28T03:49:08.124+0000] {logging_mixin.py:190} INFO - [2025-01-28T03:49:08.124+0000] {dag.py:3239} INFO - Sync 1 DAGs
[2025-01-28T03:49:08.135+0000] {logging_mixin.py:190} INFO - [2025-01-28T03:49:08.135+0000] {dag.py:4180} INFO - Setting next_dagrun for tutorial_objectstorage to None, run_after=None
[2025-01-28T03:49:08.158+0000] {processor.py:208} INFO - Processing /home/ubuntu/airflow-venv/lib/python3.12/site-packages/airflow/example_dags/tutorial_objectstorage.py took 0.066 seconds
[2025-01-28T05:55:07.070+0000] {processor.py:186} INFO - Started process (PID=1900) to work on /home/ubuntu/.local/lib/python3.12/site-packages/airflow/example_dags/tutorial_objectstorage.py
[2025-01-28T05:55:07.072+0000] {processor.py:914} INFO - Processing file /home/ubuntu/.local/lib/python3.12/site-packages/airflow/example_dags/tutorial_objectstorage.py for tasks to queue
[2025-01-28T05:55:07.078+0000] {logging_mixin.py:190} INFO - [2025-01-28T05:55:07.077+0000] {dagbag.py:588} INFO - Filling up the DagBag from /home/ubuntu/.local/lib/python3.12/site-packages/airflow/example_dags/tutorial_objectstorage.py
[2025-01-28T05:55:07.086+0000] {processor.py:925} INFO - DAG(s) 'tutorial_objectstorage' retrieved from /home/ubuntu/.local/lib/python3.12/site-packages/airflow/example_dags/tutorial_objectstorage.py
[2025-01-28T05:55:07.178+0000] {logging_mixin.py:190} INFO - [2025-01-28T05:55:07.178+0000] {dag.py:3239} INFO - Sync 1 DAGs
[2025-01-28T05:55:07.188+0000] {logging_mixin.py:190} INFO - [2025-01-28T05:55:07.188+0000] {dag.py:4180} INFO - Setting next_dagrun for tutorial_objectstorage to None, run_after=None
[2025-01-28T05:55:07.211+0000] {processor.py:208} INFO - Processing /home/ubuntu/.local/lib/python3.12/site-packages/airflow/example_dags/tutorial_objectstorage.py took 0.146 seconds
[2025-01-28T05:56:07.549+0000] {processor.py:186} INFO - Started process (PID=1959) to work on /home/ubuntu/.local/lib/python3.12/site-packages/airflow/example_dags/tutorial_objectstorage.py
[2025-01-28T05:56:07.551+0000] {processor.py:914} INFO - Processing file /home/ubuntu/.local/lib/python3.12/site-packages/airflow/example_dags/tutorial_objectstorage.py for tasks to queue
[2025-01-28T05:56:07.553+0000] {logging_mixin.py:190} INFO - [2025-01-28T05:56:07.552+0000] {dagbag.py:588} INFO - Filling up the DagBag from /home/ubuntu/.local/lib/python3.12/site-packages/airflow/example_dags/tutorial_objectstorage.py
[2025-01-28T05:56:07.561+0000] {processor.py:925} INFO - DAG(s) 'tutorial_objectstorage' retrieved from /home/ubuntu/.local/lib/python3.12/site-packages/airflow/example_dags/tutorial_objectstorage.py
[2025-01-28T05:56:07.576+0000] {logging_mixin.py:190} INFO - [2025-01-28T05:56:07.576+0000] {dag.py:3239} INFO - Sync 1 DAGs
[2025-01-28T05:56:07.588+0000] {logging_mixin.py:190} INFO - [2025-01-28T05:56:07.587+0000] {dag.py:4180} INFO - Setting next_dagrun for tutorial_objectstorage to None, run_after=None
[2025-01-28T05:56:07.608+0000] {processor.py:208} INFO - Processing /home/ubuntu/.local/lib/python3.12/site-packages/airflow/example_dags/tutorial_objectstorage.py took 0.065 seconds
[2025-01-28T05:57:03.999+0000] {processor.py:186} INFO - Started process (PID=2035) to work on /home/ubuntu/.local/lib/python3.12/site-packages/airflow/example_dags/tutorial_objectstorage.py
[2025-01-28T05:57:04.000+0000] {processor.py:914} INFO - Processing file /home/ubuntu/.local/lib/python3.12/site-packages/airflow/example_dags/tutorial_objectstorage.py for tasks to queue
[2025-01-28T05:57:04.003+0000] {logging_mixin.py:190} INFO - [2025-01-28T05:57:04.002+0000] {dagbag.py:588} INFO - Filling up the DagBag from /home/ubuntu/.local/lib/python3.12/site-packages/airflow/example_dags/tutorial_objectstorage.py
[2025-01-28T05:57:04.012+0000] {processor.py:925} INFO - DAG(s) 'tutorial_objectstorage' retrieved from /home/ubuntu/.local/lib/python3.12/site-packages/airflow/example_dags/tutorial_objectstorage.py
[2025-01-28T05:57:04.027+0000] {logging_mixin.py:190} INFO - [2025-01-28T05:57:04.027+0000] {dag.py:3239} INFO - Sync 1 DAGs
[2025-01-28T05:57:04.038+0000] {logging_mixin.py:190} INFO - [2025-01-28T05:57:04.038+0000] {dag.py:4180} INFO - Setting next_dagrun for tutorial_objectstorage to None, run_after=None
[2025-01-28T05:57:04.061+0000] {processor.py:208} INFO - Processing /home/ubuntu/.local/lib/python3.12/site-packages/airflow/example_dags/tutorial_objectstorage.py took 0.068 seconds
[2025-01-28T05:57:58.407+0000] {processor.py:186} INFO - Started process (PID=2106) to work on /home/ubuntu/.local/lib/python3.12/site-packages/airflow/example_dags/tutorial_objectstorage.py
[2025-01-28T05:57:58.409+0000] {processor.py:914} INFO - Processing file /home/ubuntu/.local/lib/python3.12/site-packages/airflow/example_dags/tutorial_objectstorage.py for tasks to queue
[2025-01-28T05:57:58.412+0000] {logging_mixin.py:190} INFO - [2025-01-28T05:57:58.411+0000] {dagbag.py:588} INFO - Filling up the DagBag from /home/ubuntu/.local/lib/python3.12/site-packages/airflow/example_dags/tutorial_objectstorage.py
[2025-01-28T05:57:58.424+0000] {processor.py:925} INFO - DAG(s) 'tutorial_objectstorage' retrieved from /home/ubuntu/.local/lib/python3.12/site-packages/airflow/example_dags/tutorial_objectstorage.py
[2025-01-28T05:57:58.438+0000] {logging_mixin.py:190} INFO - [2025-01-28T05:57:58.438+0000] {dag.py:3239} INFO - Sync 1 DAGs
[2025-01-28T05:57:58.450+0000] {logging_mixin.py:190} INFO - [2025-01-28T05:57:58.449+0000] {dag.py:4180} INFO - Setting next_dagrun for tutorial_objectstorage to None, run_after=None
[2025-01-28T05:57:58.471+0000] {processor.py:208} INFO - Processing /home/ubuntu/.local/lib/python3.12/site-packages/airflow/example_dags/tutorial_objectstorage.py took 0.073 seconds
[2025-01-28T05:58:54.212+0000] {processor.py:186} INFO - Started process (PID=2163) to work on /home/ubuntu/.local/lib/python3.12/site-packages/airflow/example_dags/tutorial_objectstorage.py
[2025-01-28T05:58:54.213+0000] {processor.py:914} INFO - Processing file /home/ubuntu/.local/lib/python3.12/site-packages/airflow/example_dags/tutorial_objectstorage.py for tasks to queue
[2025-01-28T05:58:54.215+0000] {logging_mixin.py:190} INFO - [2025-01-28T05:58:54.215+0000] {dagbag.py:588} INFO - Filling up the DagBag from /home/ubuntu/.local/lib/python3.12/site-packages/airflow/example_dags/tutorial_objectstorage.py
[2025-01-28T05:58:54.224+0000] {processor.py:925} INFO - DAG(s) 'tutorial_objectstorage' retrieved from /home/ubuntu/.local/lib/python3.12/site-packages/airflow/example_dags/tutorial_objectstorage.py
[2025-01-28T05:58:54.238+0000] {logging_mixin.py:190} INFO - [2025-01-28T05:58:54.237+0000] {dag.py:3239} INFO - Sync 1 DAGs
[2025-01-28T05:58:54.249+0000] {logging_mixin.py:190} INFO - [2025-01-28T05:58:54.249+0000] {dag.py:4180} INFO - Setting next_dagrun for tutorial_objectstorage to None, run_after=None
[2025-01-28T05:58:54.272+0000] {processor.py:208} INFO - Processing /home/ubuntu/.local/lib/python3.12/site-packages/airflow/example_dags/tutorial_objectstorage.py took 0.066 seconds
[2025-01-28T05:59:50.479+0000] {processor.py:186} INFO - Started process (PID=2220) to work on /home/ubuntu/.local/lib/python3.12/site-packages/airflow/example_dags/tutorial_objectstorage.py
[2025-01-28T05:59:50.480+0000] {processor.py:914} INFO - Processing file /home/ubuntu/.local/lib/python3.12/site-packages/airflow/example_dags/tutorial_objectstorage.py for tasks to queue
[2025-01-28T05:59:50.482+0000] {logging_mixin.py:190} INFO - [2025-01-28T05:59:50.482+0000] {dagbag.py:588} INFO - Filling up the DagBag from /home/ubuntu/.local/lib/python3.12/site-packages/airflow/example_dags/tutorial_objectstorage.py
[2025-01-28T05:59:50.491+0000] {processor.py:925} INFO - DAG(s) 'tutorial_objectstorage' retrieved from /home/ubuntu/.local/lib/python3.12/site-packages/airflow/example_dags/tutorial_objectstorage.py
[2025-01-28T05:59:50.506+0000] {logging_mixin.py:190} INFO - [2025-01-28T05:59:50.506+0000] {dag.py:3239} INFO - Sync 1 DAGs
[2025-01-28T05:59:50.517+0000] {logging_mixin.py:190} INFO - [2025-01-28T05:59:50.517+0000] {dag.py:4180} INFO - Setting next_dagrun for tutorial_objectstorage to None, run_after=None
[2025-01-28T05:59:50.541+0000] {processor.py:208} INFO - Processing /home/ubuntu/.local/lib/python3.12/site-packages/airflow/example_dags/tutorial_objectstorage.py took 0.067 seconds
[2025-01-28T06:00:43.119+0000] {processor.py:186} INFO - Started process (PID=2277) to work on /home/ubuntu/.local/lib/python3.12/site-packages/airflow/example_dags/tutorial_objectstorage.py
[2025-01-28T06:00:43.122+0000] {processor.py:914} INFO - Processing file /home/ubuntu/.local/lib/python3.12/site-packages/airflow/example_dags/tutorial_objectstorage.py for tasks to queue
[2025-01-28T06:00:43.124+0000] {logging_mixin.py:190} INFO - [2025-01-28T06:00:43.124+0000] {dagbag.py:588} INFO - Filling up the DagBag from /home/ubuntu/.local/lib/python3.12/site-packages/airflow/example_dags/tutorial_objectstorage.py
[2025-01-28T06:00:43.133+0000] {processor.py:925} INFO - DAG(s) 'tutorial_objectstorage' retrieved from /home/ubuntu/.local/lib/python3.12/site-packages/airflow/example_dags/tutorial_objectstorage.py
[2025-01-28T06:00:43.147+0000] {logging_mixin.py:190} INFO - [2025-01-28T06:00:43.147+0000] {dag.py:3239} INFO - Sync 1 DAGs
[2025-01-28T06:00:43.159+0000] {logging_mixin.py:190} INFO - [2025-01-28T06:00:43.159+0000] {dag.py:4180} INFO - Setting next_dagrun for tutorial_objectstorage to None, run_after=None
[2025-01-28T06:00:43.182+0000] {processor.py:208} INFO - Processing /home/ubuntu/.local/lib/python3.12/site-packages/airflow/example_dags/tutorial_objectstorage.py took 0.068 seconds
[2025-01-28T06:01:31.917+0000] {processor.py:186} INFO - Started process (PID=2329) to work on /home/ubuntu/.local/lib/python3.12/site-packages/airflow/example_dags/tutorial_objectstorage.py
[2025-01-28T06:01:31.919+0000] {processor.py:914} INFO - Processing file /home/ubuntu/.local/lib/python3.12/site-packages/airflow/example_dags/tutorial_objectstorage.py for tasks to queue
[2025-01-28T06:01:31.922+0000] {logging_mixin.py:190} INFO - [2025-01-28T06:01:31.921+0000] {dagbag.py:588} INFO - Filling up the DagBag from /home/ubuntu/.local/lib/python3.12/site-packages/airflow/example_dags/tutorial_objectstorage.py
[2025-01-28T06:01:31.931+0000] {processor.py:925} INFO - DAG(s) 'tutorial_objectstorage' retrieved from /home/ubuntu/.local/lib/python3.12/site-packages/airflow/example_dags/tutorial_objectstorage.py
[2025-01-28T06:01:31.945+0000] {logging_mixin.py:190} INFO - [2025-01-28T06:01:31.945+0000] {dag.py:3239} INFO - Sync 1 DAGs
[2025-01-28T06:01:31.957+0000] {logging_mixin.py:190} INFO - [2025-01-28T06:01:31.957+0000] {dag.py:4180} INFO - Setting next_dagrun for tutorial_objectstorage to None, run_after=None
[2025-01-28T06:01:31.982+0000] {processor.py:208} INFO - Processing /home/ubuntu/.local/lib/python3.12/site-packages/airflow/example_dags/tutorial_objectstorage.py took 0.070 seconds
[2025-01-28T06:02:20.001+0000] {processor.py:186} INFO - Started process (PID=2385) to work on /home/ubuntu/.local/lib/python3.12/site-packages/airflow/example_dags/tutorial_objectstorage.py
[2025-01-28T06:02:20.004+0000] {processor.py:914} INFO - Processing file /home/ubuntu/.local/lib/python3.12/site-packages/airflow/example_dags/tutorial_objectstorage.py for tasks to queue
[2025-01-28T06:02:20.006+0000] {logging_mixin.py:190} INFO - [2025-01-28T06:02:20.006+0000] {dagbag.py:588} INFO - Filling up the DagBag from /home/ubuntu/.local/lib/python3.12/site-packages/airflow/example_dags/tutorial_objectstorage.py
[2025-01-28T06:02:20.016+0000] {processor.py:925} INFO - DAG(s) 'tutorial_objectstorage' retrieved from /home/ubuntu/.local/lib/python3.12/site-packages/airflow/example_dags/tutorial_objectstorage.py
[2025-01-28T06:02:20.031+0000] {logging_mixin.py:190} INFO - [2025-01-28T06:02:20.031+0000] {dag.py:3239} INFO - Sync 1 DAGs
[2025-01-28T06:02:20.043+0000] {logging_mixin.py:190} INFO - [2025-01-28T06:02:20.042+0000] {dag.py:4180} INFO - Setting next_dagrun for tutorial_objectstorage to None, run_after=None
[2025-01-28T06:02:20.064+0000] {processor.py:208} INFO - Processing /home/ubuntu/.local/lib/python3.12/site-packages/airflow/example_dags/tutorial_objectstorage.py took 0.067 seconds
[2025-01-28T06:03:11.555+0000] {processor.py:186} INFO - Started process (PID=2450) to work on /home/ubuntu/.local/lib/python3.12/site-packages/airflow/example_dags/tutorial_objectstorage.py
[2025-01-28T06:03:11.557+0000] {processor.py:914} INFO - Processing file /home/ubuntu/.local/lib/python3.12/site-packages/airflow/example_dags/tutorial_objectstorage.py for tasks to queue
[2025-01-28T06:03:11.559+0000] {logging_mixin.py:190} INFO - [2025-01-28T06:03:11.559+0000] {dagbag.py:588} INFO - Filling up the DagBag from /home/ubuntu/.local/lib/python3.12/site-packages/airflow/example_dags/tutorial_objectstorage.py
[2025-01-28T06:03:11.568+0000] {processor.py:925} INFO - DAG(s) 'tutorial_objectstorage' retrieved from /home/ubuntu/.local/lib/python3.12/site-packages/airflow/example_dags/tutorial_objectstorage.py
[2025-01-28T06:03:11.583+0000] {logging_mixin.py:190} INFO - [2025-01-28T06:03:11.583+0000] {dag.py:3239} INFO - Sync 1 DAGs
[2025-01-28T06:03:11.595+0000] {logging_mixin.py:190} INFO - [2025-01-28T06:03:11.594+0000] {dag.py:4180} INFO - Setting next_dagrun for tutorial_objectstorage to None, run_after=None
[2025-01-28T06:03:11.616+0000] {processor.py:208} INFO - Processing /home/ubuntu/.local/lib/python3.12/site-packages/airflow/example_dags/tutorial_objectstorage.py took 0.067 seconds
[2025-01-28T06:04:26.906+0000] {processor.py:186} INFO - Started process (PID=2531) to work on /home/ubuntu/.local/lib/python3.12/site-packages/airflow/example_dags/tutorial_objectstorage.py
[2025-01-28T06:04:26.908+0000] {processor.py:914} INFO - Processing file /home/ubuntu/.local/lib/python3.12/site-packages/airflow/example_dags/tutorial_objectstorage.py for tasks to queue
[2025-01-28T06:04:26.910+0000] {logging_mixin.py:190} INFO - [2025-01-28T06:04:26.910+0000] {dagbag.py:588} INFO - Filling up the DagBag from /home/ubuntu/.local/lib/python3.12/site-packages/airflow/example_dags/tutorial_objectstorage.py
[2025-01-28T06:04:26.919+0000] {processor.py:925} INFO - DAG(s) 'tutorial_objectstorage' retrieved from /home/ubuntu/.local/lib/python3.12/site-packages/airflow/example_dags/tutorial_objectstorage.py
[2025-01-28T06:04:26.934+0000] {logging_mixin.py:190} INFO - [2025-01-28T06:04:26.934+0000] {dag.py:3239} INFO - Sync 1 DAGs
[2025-01-28T06:04:26.946+0000] {logging_mixin.py:190} INFO - [2025-01-28T06:04:26.946+0000] {dag.py:4180} INFO - Setting next_dagrun for tutorial_objectstorage to None, run_after=None
[2025-01-28T06:04:26.970+0000] {processor.py:208} INFO - Processing /home/ubuntu/.local/lib/python3.12/site-packages/airflow/example_dags/tutorial_objectstorage.py took 0.069 seconds
[2025-01-28T06:05:23.694+0000] {processor.py:186} INFO - Started process (PID=2593) to work on /home/ubuntu/.local/lib/python3.12/site-packages/airflow/example_dags/tutorial_objectstorage.py
[2025-01-28T06:05:23.696+0000] {processor.py:914} INFO - Processing file /home/ubuntu/.local/lib/python3.12/site-packages/airflow/example_dags/tutorial_objectstorage.py for tasks to queue
[2025-01-28T06:05:23.698+0000] {logging_mixin.py:190} INFO - [2025-01-28T06:05:23.698+0000] {dagbag.py:588} INFO - Filling up the DagBag from /home/ubuntu/.local/lib/python3.12/site-packages/airflow/example_dags/tutorial_objectstorage.py
[2025-01-28T06:05:23.707+0000] {processor.py:925} INFO - DAG(s) 'tutorial_objectstorage' retrieved from /home/ubuntu/.local/lib/python3.12/site-packages/airflow/example_dags/tutorial_objectstorage.py
[2025-01-28T06:05:23.722+0000] {logging_mixin.py:190} INFO - [2025-01-28T06:05:23.721+0000] {dag.py:3239} INFO - Sync 1 DAGs
[2025-01-28T06:05:23.733+0000] {logging_mixin.py:190} INFO - [2025-01-28T06:05:23.733+0000] {dag.py:4180} INFO - Setting next_dagrun for tutorial_objectstorage to None, run_after=None
[2025-01-28T06:05:23.757+0000] {processor.py:208} INFO - Processing /home/ubuntu/.local/lib/python3.12/site-packages/airflow/example_dags/tutorial_objectstorage.py took 0.069 seconds
[2025-01-28T06:06:37.503+0000] {processor.py:186} INFO - Started process (PID=2680) to work on /home/ubuntu/.local/lib/python3.12/site-packages/airflow/example_dags/tutorial_objectstorage.py
[2025-01-28T06:06:37.505+0000] {processor.py:914} INFO - Processing file /home/ubuntu/.local/lib/python3.12/site-packages/airflow/example_dags/tutorial_objectstorage.py for tasks to queue
[2025-01-28T06:06:37.507+0000] {logging_mixin.py:190} INFO - [2025-01-28T06:06:37.507+0000] {dagbag.py:588} INFO - Filling up the DagBag from /home/ubuntu/.local/lib/python3.12/site-packages/airflow/example_dags/tutorial_objectstorage.py
[2025-01-28T06:06:37.517+0000] {processor.py:925} INFO - DAG(s) 'tutorial_objectstorage' retrieved from /home/ubuntu/.local/lib/python3.12/site-packages/airflow/example_dags/tutorial_objectstorage.py
[2025-01-28T06:06:37.532+0000] {logging_mixin.py:190} INFO - [2025-01-28T06:06:37.532+0000] {dag.py:3239} INFO - Sync 1 DAGs
[2025-01-28T06:06:37.544+0000] {logging_mixin.py:190} INFO - [2025-01-28T06:06:37.543+0000] {dag.py:4180} INFO - Setting next_dagrun for tutorial_objectstorage to None, run_after=None
[2025-01-28T06:06:37.566+0000] {processor.py:208} INFO - Processing /home/ubuntu/.local/lib/python3.12/site-packages/airflow/example_dags/tutorial_objectstorage.py took 0.068 seconds
[2025-01-28T06:07:36.697+0000] {processor.py:186} INFO - Started process (PID=2743) to work on /home/ubuntu/.local/lib/python3.12/site-packages/airflow/example_dags/tutorial_objectstorage.py
[2025-01-28T06:07:36.698+0000] {processor.py:914} INFO - Processing file /home/ubuntu/.local/lib/python3.12/site-packages/airflow/example_dags/tutorial_objectstorage.py for tasks to queue
[2025-01-28T06:07:36.701+0000] {logging_mixin.py:190} INFO - [2025-01-28T06:07:36.701+0000] {dagbag.py:588} INFO - Filling up the DagBag from /home/ubuntu/.local/lib/python3.12/site-packages/airflow/example_dags/tutorial_objectstorage.py
[2025-01-28T06:07:36.710+0000] {processor.py:925} INFO - DAG(s) 'tutorial_objectstorage' retrieved from /home/ubuntu/.local/lib/python3.12/site-packages/airflow/example_dags/tutorial_objectstorage.py
[2025-01-28T06:07:36.725+0000] {logging_mixin.py:190} INFO - [2025-01-28T06:07:36.724+0000] {dag.py:3239} INFO - Sync 1 DAGs
[2025-01-28T06:07:36.735+0000] {logging_mixin.py:190} INFO - [2025-01-28T06:07:36.735+0000] {dag.py:4180} INFO - Setting next_dagrun for tutorial_objectstorage to None, run_after=None
[2025-01-28T06:07:36.758+0000] {processor.py:208} INFO - Processing /home/ubuntu/.local/lib/python3.12/site-packages/airflow/example_dags/tutorial_objectstorage.py took 0.066 seconds
[2025-01-28T06:08:33.855+0000] {processor.py:186} INFO - Started process (PID=2802) to work on /home/ubuntu/.local/lib/python3.12/site-packages/airflow/example_dags/tutorial_objectstorage.py
[2025-01-28T06:08:33.857+0000] {processor.py:914} INFO - Processing file /home/ubuntu/.local/lib/python3.12/site-packages/airflow/example_dags/tutorial_objectstorage.py for tasks to queue
[2025-01-28T06:08:33.859+0000] {logging_mixin.py:190} INFO - [2025-01-28T06:08:33.859+0000] {dagbag.py:588} INFO - Filling up the DagBag from /home/ubuntu/.local/lib/python3.12/site-packages/airflow/example_dags/tutorial_objectstorage.py
[2025-01-28T06:08:33.869+0000] {processor.py:925} INFO - DAG(s) 'tutorial_objectstorage' retrieved from /home/ubuntu/.local/lib/python3.12/site-packages/airflow/example_dags/tutorial_objectstorage.py
[2025-01-28T06:08:33.883+0000] {logging_mixin.py:190} INFO - [2025-01-28T06:08:33.883+0000] {dag.py:3239} INFO - Sync 1 DAGs
[2025-01-28T06:08:33.895+0000] {logging_mixin.py:190} INFO - [2025-01-28T06:08:33.894+0000] {dag.py:4180} INFO - Setting next_dagrun for tutorial_objectstorage to None, run_after=None
[2025-01-28T06:08:33.917+0000] {processor.py:208} INFO - Processing /home/ubuntu/.local/lib/python3.12/site-packages/airflow/example_dags/tutorial_objectstorage.py took 0.067 seconds
[2025-01-28T06:09:29.835+0000] {processor.py:186} INFO - Started process (PID=2861) to work on /home/ubuntu/.local/lib/python3.12/site-packages/airflow/example_dags/tutorial_objectstorage.py
[2025-01-28T06:09:29.837+0000] {processor.py:914} INFO - Processing file /home/ubuntu/.local/lib/python3.12/site-packages/airflow/example_dags/tutorial_objectstorage.py for tasks to queue
[2025-01-28T06:09:29.840+0000] {logging_mixin.py:190} INFO - [2025-01-28T06:09:29.839+0000] {dagbag.py:588} INFO - Filling up the DagBag from /home/ubuntu/.local/lib/python3.12/site-packages/airflow/example_dags/tutorial_objectstorage.py
[2025-01-28T06:09:29.849+0000] {processor.py:925} INFO - DAG(s) 'tutorial_objectstorage' retrieved from /home/ubuntu/.local/lib/python3.12/site-packages/airflow/example_dags/tutorial_objectstorage.py
[2025-01-28T06:09:29.862+0000] {logging_mixin.py:190} INFO - [2025-01-28T06:09:29.862+0000] {dag.py:3239} INFO - Sync 1 DAGs
[2025-01-28T06:09:29.873+0000] {logging_mixin.py:190} INFO - [2025-01-28T06:09:29.873+0000] {dag.py:4180} INFO - Setting next_dagrun for tutorial_objectstorage to None, run_after=None
[2025-01-28T06:09:29.895+0000] {processor.py:208} INFO - Processing /home/ubuntu/.local/lib/python3.12/site-packages/airflow/example_dags/tutorial_objectstorage.py took 0.065 seconds
[2025-01-28T06:10:20.886+0000] {processor.py:186} INFO - Started process (PID=2930) to work on /home/ubuntu/.local/lib/python3.12/site-packages/airflow/example_dags/tutorial_objectstorage.py
[2025-01-28T06:10:20.887+0000] {processor.py:914} INFO - Processing file /home/ubuntu/.local/lib/python3.12/site-packages/airflow/example_dags/tutorial_objectstorage.py for tasks to queue
[2025-01-28T06:10:20.889+0000] {logging_mixin.py:190} INFO - [2025-01-28T06:10:20.889+0000] {dagbag.py:588} INFO - Filling up the DagBag from /home/ubuntu/.local/lib/python3.12/site-packages/airflow/example_dags/tutorial_objectstorage.py
[2025-01-28T06:10:20.905+0000] {processor.py:925} INFO - DAG(s) 'tutorial_objectstorage' retrieved from /home/ubuntu/.local/lib/python3.12/site-packages/airflow/example_dags/tutorial_objectstorage.py
[2025-01-28T06:10:20.944+0000] {logging_mixin.py:190} INFO - [2025-01-28T06:10:20.944+0000] {dag.py:3239} INFO - Sync 1 DAGs
[2025-01-28T06:10:20.956+0000] {logging_mixin.py:190} INFO - [2025-01-28T06:10:20.955+0000] {dag.py:4180} INFO - Setting next_dagrun for tutorial_objectstorage to None, run_after=None
[2025-01-28T06:10:20.978+0000] {processor.py:208} INFO - Processing /home/ubuntu/.local/lib/python3.12/site-packages/airflow/example_dags/tutorial_objectstorage.py took 0.097 seconds
[2025-01-28T06:11:15.684+0000] {processor.py:186} INFO - Started process (PID=2994) to work on /home/ubuntu/.local/lib/python3.12/site-packages/airflow/example_dags/tutorial_objectstorage.py
[2025-01-28T06:11:15.686+0000] {processor.py:914} INFO - Processing file /home/ubuntu/.local/lib/python3.12/site-packages/airflow/example_dags/tutorial_objectstorage.py for tasks to queue
[2025-01-28T06:11:15.689+0000] {logging_mixin.py:190} INFO - [2025-01-28T06:11:15.688+0000] {dagbag.py:588} INFO - Filling up the DagBag from /home/ubuntu/.local/lib/python3.12/site-packages/airflow/example_dags/tutorial_objectstorage.py
[2025-01-28T06:11:15.698+0000] {processor.py:925} INFO - DAG(s) 'tutorial_objectstorage' retrieved from /home/ubuntu/.local/lib/python3.12/site-packages/airflow/example_dags/tutorial_objectstorage.py
[2025-01-28T06:11:15.712+0000] {logging_mixin.py:190} INFO - [2025-01-28T06:11:15.711+0000] {dag.py:3239} INFO - Sync 1 DAGs
[2025-01-28T06:11:15.723+0000] {logging_mixin.py:190} INFO - [2025-01-28T06:11:15.722+0000] {dag.py:4180} INFO - Setting next_dagrun for tutorial_objectstorage to None, run_after=None
[2025-01-28T06:11:15.746+0000] {processor.py:208} INFO - Processing /home/ubuntu/.local/lib/python3.12/site-packages/airflow/example_dags/tutorial_objectstorage.py took 0.067 seconds
[2025-01-28T06:12:08.171+0000] {processor.py:186} INFO - Started process (PID=3049) to work on /home/ubuntu/.local/lib/python3.12/site-packages/airflow/example_dags/tutorial_objectstorage.py
[2025-01-28T06:12:08.173+0000] {processor.py:914} INFO - Processing file /home/ubuntu/.local/lib/python3.12/site-packages/airflow/example_dags/tutorial_objectstorage.py for tasks to queue
[2025-01-28T06:12:08.175+0000] {logging_mixin.py:190} INFO - [2025-01-28T06:12:08.175+0000] {dagbag.py:588} INFO - Filling up the DagBag from /home/ubuntu/.local/lib/python3.12/site-packages/airflow/example_dags/tutorial_objectstorage.py
[2025-01-28T06:12:08.185+0000] {processor.py:925} INFO - DAG(s) 'tutorial_objectstorage' retrieved from /home/ubuntu/.local/lib/python3.12/site-packages/airflow/example_dags/tutorial_objectstorage.py
[2025-01-28T06:12:08.200+0000] {logging_mixin.py:190} INFO - [2025-01-28T06:12:08.199+0000] {dag.py:3239} INFO - Sync 1 DAGs
[2025-01-28T06:12:08.211+0000] {logging_mixin.py:190} INFO - [2025-01-28T06:12:08.210+0000] {dag.py:4180} INFO - Setting next_dagrun for tutorial_objectstorage to None, run_after=None
[2025-01-28T06:12:08.232+0000] {processor.py:208} INFO - Processing /home/ubuntu/.local/lib/python3.12/site-packages/airflow/example_dags/tutorial_objectstorage.py took 0.065 seconds
[2025-01-28T06:13:04.747+0000] {processor.py:186} INFO - Started process (PID=3105) to work on /home/ubuntu/.local/lib/python3.12/site-packages/airflow/example_dags/tutorial_objectstorage.py
[2025-01-28T06:13:04.749+0000] {processor.py:914} INFO - Processing file /home/ubuntu/.local/lib/python3.12/site-packages/airflow/example_dags/tutorial_objectstorage.py for tasks to queue
[2025-01-28T06:13:04.750+0000] {logging_mixin.py:190} INFO - [2025-01-28T06:13:04.750+0000] {dagbag.py:588} INFO - Filling up the DagBag from /home/ubuntu/.local/lib/python3.12/site-packages/airflow/example_dags/tutorial_objectstorage.py
[2025-01-28T06:13:04.760+0000] {processor.py:925} INFO - DAG(s) 'tutorial_objectstorage' retrieved from /home/ubuntu/.local/lib/python3.12/site-packages/airflow/example_dags/tutorial_objectstorage.py
[2025-01-28T06:13:04.774+0000] {logging_mixin.py:190} INFO - [2025-01-28T06:13:04.774+0000] {dag.py:3239} INFO - Sync 1 DAGs
[2025-01-28T06:13:04.786+0000] {logging_mixin.py:190} INFO - [2025-01-28T06:13:04.786+0000] {dag.py:4180} INFO - Setting next_dagrun for tutorial_objectstorage to None, run_after=None
[2025-01-28T06:13:04.816+0000] {processor.py:208} INFO - Processing /home/ubuntu/.local/lib/python3.12/site-packages/airflow/example_dags/tutorial_objectstorage.py took 0.074 seconds
[2025-01-28T06:13:55.867+0000] {processor.py:186} INFO - Started process (PID=3160) to work on /home/ubuntu/.local/lib/python3.12/site-packages/airflow/example_dags/tutorial_objectstorage.py
[2025-01-28T06:13:55.869+0000] {processor.py:914} INFO - Processing file /home/ubuntu/.local/lib/python3.12/site-packages/airflow/example_dags/tutorial_objectstorage.py for tasks to queue
[2025-01-28T06:13:55.872+0000] {logging_mixin.py:190} INFO - [2025-01-28T06:13:55.871+0000] {dagbag.py:588} INFO - Filling up the DagBag from /home/ubuntu/.local/lib/python3.12/site-packages/airflow/example_dags/tutorial_objectstorage.py
[2025-01-28T06:13:55.881+0000] {processor.py:925} INFO - DAG(s) 'tutorial_objectstorage' retrieved from /home/ubuntu/.local/lib/python3.12/site-packages/airflow/example_dags/tutorial_objectstorage.py
[2025-01-28T06:13:55.894+0000] {logging_mixin.py:190} INFO - [2025-01-28T06:13:55.894+0000] {dag.py:3239} INFO - Sync 1 DAGs
[2025-01-28T06:13:55.906+0000] {logging_mixin.py:190} INFO - [2025-01-28T06:13:55.906+0000] {dag.py:4180} INFO - Setting next_dagrun for tutorial_objectstorage to None, run_after=None
[2025-01-28T06:13:55.928+0000] {processor.py:208} INFO - Processing /home/ubuntu/.local/lib/python3.12/site-packages/airflow/example_dags/tutorial_objectstorage.py took 0.066 seconds
[2025-01-28T06:14:49.571+0000] {processor.py:186} INFO - Started process (PID=3215) to work on /home/ubuntu/.local/lib/python3.12/site-packages/airflow/example_dags/tutorial_objectstorage.py
[2025-01-28T06:14:49.573+0000] {processor.py:914} INFO - Processing file /home/ubuntu/.local/lib/python3.12/site-packages/airflow/example_dags/tutorial_objectstorage.py for tasks to queue
[2025-01-28T06:14:49.575+0000] {logging_mixin.py:190} INFO - [2025-01-28T06:14:49.575+0000] {dagbag.py:588} INFO - Filling up the DagBag from /home/ubuntu/.local/lib/python3.12/site-packages/airflow/example_dags/tutorial_objectstorage.py
[2025-01-28T06:14:49.585+0000] {processor.py:925} INFO - DAG(s) 'tutorial_objectstorage' retrieved from /home/ubuntu/.local/lib/python3.12/site-packages/airflow/example_dags/tutorial_objectstorage.py
[2025-01-28T06:14:49.599+0000] {logging_mixin.py:190} INFO - [2025-01-28T06:14:49.599+0000] {dag.py:3239} INFO - Sync 1 DAGs
[2025-01-28T06:14:49.610+0000] {logging_mixin.py:190} INFO - [2025-01-28T06:14:49.610+0000] {dag.py:4180} INFO - Setting next_dagrun for tutorial_objectstorage to None, run_after=None
[2025-01-28T06:14:49.632+0000] {processor.py:208} INFO - Processing /home/ubuntu/.local/lib/python3.12/site-packages/airflow/example_dags/tutorial_objectstorage.py took 0.066 seconds
[2025-01-28T06:15:42.340+0000] {processor.py:186} INFO - Started process (PID=3274) to work on /home/ubuntu/.local/lib/python3.12/site-packages/airflow/example_dags/tutorial_objectstorage.py
[2025-01-28T06:15:42.342+0000] {processor.py:914} INFO - Processing file /home/ubuntu/.local/lib/python3.12/site-packages/airflow/example_dags/tutorial_objectstorage.py for tasks to queue
[2025-01-28T06:15:42.347+0000] {logging_mixin.py:190} INFO - [2025-01-28T06:15:42.346+0000] {dagbag.py:588} INFO - Filling up the DagBag from /home/ubuntu/.local/lib/python3.12/site-packages/airflow/example_dags/tutorial_objectstorage.py
[2025-01-28T06:15:42.360+0000] {processor.py:925} INFO - DAG(s) 'tutorial_objectstorage' retrieved from /home/ubuntu/.local/lib/python3.12/site-packages/airflow/example_dags/tutorial_objectstorage.py
[2025-01-28T06:15:42.374+0000] {logging_mixin.py:190} INFO - [2025-01-28T06:15:42.374+0000] {dag.py:3239} INFO - Sync 1 DAGs
[2025-01-28T06:15:42.386+0000] {logging_mixin.py:190} INFO - [2025-01-28T06:15:42.386+0000] {dag.py:4180} INFO - Setting next_dagrun for tutorial_objectstorage to None, run_after=None
[2025-01-28T06:15:42.409+0000] {processor.py:208} INFO - Processing /home/ubuntu/.local/lib/python3.12/site-packages/airflow/example_dags/tutorial_objectstorage.py took 0.073 seconds
[2025-01-28T06:16:34.923+0000] {processor.py:186} INFO - Started process (PID=3328) to work on /home/ubuntu/.local/lib/python3.12/site-packages/airflow/example_dags/tutorial_objectstorage.py
[2025-01-28T06:16:34.925+0000] {processor.py:914} INFO - Processing file /home/ubuntu/.local/lib/python3.12/site-packages/airflow/example_dags/tutorial_objectstorage.py for tasks to queue
[2025-01-28T06:16:34.927+0000] {logging_mixin.py:190} INFO - [2025-01-28T06:16:34.927+0000] {dagbag.py:588} INFO - Filling up the DagBag from /home/ubuntu/.local/lib/python3.12/site-packages/airflow/example_dags/tutorial_objectstorage.py
[2025-01-28T06:16:34.937+0000] {processor.py:925} INFO - DAG(s) 'tutorial_objectstorage' retrieved from /home/ubuntu/.local/lib/python3.12/site-packages/airflow/example_dags/tutorial_objectstorage.py
[2025-01-28T06:16:34.952+0000] {logging_mixin.py:190} INFO - [2025-01-28T06:16:34.952+0000] {dag.py:3239} INFO - Sync 1 DAGs
[2025-01-28T06:16:34.962+0000] {logging_mixin.py:190} INFO - [2025-01-28T06:16:34.962+0000] {dag.py:4180} INFO - Setting next_dagrun for tutorial_objectstorage to None, run_after=None
[2025-01-28T06:16:34.985+0000] {processor.py:208} INFO - Processing /home/ubuntu/.local/lib/python3.12/site-packages/airflow/example_dags/tutorial_objectstorage.py took 0.067 seconds
[2025-01-28T06:17:28.821+0000] {processor.py:186} INFO - Started process (PID=3388) to work on /home/ubuntu/.local/lib/python3.12/site-packages/airflow/example_dags/tutorial_objectstorage.py
[2025-01-28T06:17:28.823+0000] {processor.py:914} INFO - Processing file /home/ubuntu/.local/lib/python3.12/site-packages/airflow/example_dags/tutorial_objectstorage.py for tasks to queue
[2025-01-28T06:17:28.826+0000] {logging_mixin.py:190} INFO - [2025-01-28T06:17:28.825+0000] {dagbag.py:588} INFO - Filling up the DagBag from /home/ubuntu/.local/lib/python3.12/site-packages/airflow/example_dags/tutorial_objectstorage.py
[2025-01-28T06:17:28.834+0000] {processor.py:925} INFO - DAG(s) 'tutorial_objectstorage' retrieved from /home/ubuntu/.local/lib/python3.12/site-packages/airflow/example_dags/tutorial_objectstorage.py
[2025-01-28T06:17:28.849+0000] {logging_mixin.py:190} INFO - [2025-01-28T06:17:28.849+0000] {dag.py:3239} INFO - Sync 1 DAGs
[2025-01-28T06:17:28.860+0000] {logging_mixin.py:190} INFO - [2025-01-28T06:17:28.860+0000] {dag.py:4180} INFO - Setting next_dagrun for tutorial_objectstorage to None, run_after=None
[2025-01-28T06:17:28.883+0000] {processor.py:208} INFO - Processing /home/ubuntu/.local/lib/python3.12/site-packages/airflow/example_dags/tutorial_objectstorage.py took 0.068 seconds
[2025-01-28T06:18:14.651+0000] {processor.py:186} INFO - Started process (PID=3473) to work on /home/ubuntu/.local/lib/python3.12/site-packages/airflow/example_dags/tutorial_objectstorage.py
[2025-01-28T06:18:14.653+0000] {processor.py:914} INFO - Processing file /home/ubuntu/.local/lib/python3.12/site-packages/airflow/example_dags/tutorial_objectstorage.py for tasks to queue
[2025-01-28T06:18:14.656+0000] {logging_mixin.py:190} INFO - [2025-01-28T06:18:14.655+0000] {dagbag.py:588} INFO - Filling up the DagBag from /home/ubuntu/.local/lib/python3.12/site-packages/airflow/example_dags/tutorial_objectstorage.py
[2025-01-28T06:18:14.669+0000] {processor.py:925} INFO - DAG(s) 'tutorial_objectstorage' retrieved from /home/ubuntu/.local/lib/python3.12/site-packages/airflow/example_dags/tutorial_objectstorage.py
[2025-01-28T06:18:14.684+0000] {logging_mixin.py:190} INFO - [2025-01-28T06:18:14.683+0000] {dag.py:3239} INFO - Sync 1 DAGs
[2025-01-28T06:18:14.695+0000] {logging_mixin.py:190} INFO - [2025-01-28T06:18:14.694+0000] {dag.py:4180} INFO - Setting next_dagrun for tutorial_objectstorage to None, run_after=None
[2025-01-28T06:18:14.723+0000] {processor.py:208} INFO - Processing /home/ubuntu/.local/lib/python3.12/site-packages/airflow/example_dags/tutorial_objectstorage.py took 0.077 seconds
[2025-01-28T06:19:09.228+0000] {processor.py:186} INFO - Started process (PID=3534) to work on /home/ubuntu/.local/lib/python3.12/site-packages/airflow/example_dags/tutorial_objectstorage.py
[2025-01-28T06:19:09.230+0000] {processor.py:914} INFO - Processing file /home/ubuntu/.local/lib/python3.12/site-packages/airflow/example_dags/tutorial_objectstorage.py for tasks to queue
[2025-01-28T06:19:09.232+0000] {logging_mixin.py:190} INFO - [2025-01-28T06:19:09.232+0000] {dagbag.py:588} INFO - Filling up the DagBag from /home/ubuntu/.local/lib/python3.12/site-packages/airflow/example_dags/tutorial_objectstorage.py
[2025-01-28T06:19:09.241+0000] {processor.py:925} INFO - DAG(s) 'tutorial_objectstorage' retrieved from /home/ubuntu/.local/lib/python3.12/site-packages/airflow/example_dags/tutorial_objectstorage.py
[2025-01-28T06:19:09.255+0000] {logging_mixin.py:190} INFO - [2025-01-28T06:19:09.255+0000] {dag.py:3239} INFO - Sync 1 DAGs
[2025-01-28T06:19:09.267+0000] {logging_mixin.py:190} INFO - [2025-01-28T06:19:09.267+0000] {dag.py:4180} INFO - Setting next_dagrun for tutorial_objectstorage to None, run_after=None
[2025-01-28T06:19:09.289+0000] {processor.py:208} INFO - Processing /home/ubuntu/.local/lib/python3.12/site-packages/airflow/example_dags/tutorial_objectstorage.py took 0.067 seconds
[2025-01-28T06:20:02.060+0000] {processor.py:186} INFO - Started process (PID=3591) to work on /home/ubuntu/.local/lib/python3.12/site-packages/airflow/example_dags/tutorial_objectstorage.py
[2025-01-28T06:20:02.063+0000] {processor.py:914} INFO - Processing file /home/ubuntu/.local/lib/python3.12/site-packages/airflow/example_dags/tutorial_objectstorage.py for tasks to queue
[2025-01-28T06:20:02.065+0000] {logging_mixin.py:190} INFO - [2025-01-28T06:20:02.064+0000] {dagbag.py:588} INFO - Filling up the DagBag from /home/ubuntu/.local/lib/python3.12/site-packages/airflow/example_dags/tutorial_objectstorage.py
[2025-01-28T06:20:02.074+0000] {processor.py:925} INFO - DAG(s) 'tutorial_objectstorage' retrieved from /home/ubuntu/.local/lib/python3.12/site-packages/airflow/example_dags/tutorial_objectstorage.py
[2025-01-28T06:20:02.089+0000] {logging_mixin.py:190} INFO - [2025-01-28T06:20:02.089+0000] {dag.py:3239} INFO - Sync 1 DAGs
[2025-01-28T06:20:02.101+0000] {logging_mixin.py:190} INFO - [2025-01-28T06:20:02.100+0000] {dag.py:4180} INFO - Setting next_dagrun for tutorial_objectstorage to None, run_after=None
[2025-01-28T06:20:02.124+0000] {processor.py:208} INFO - Processing /home/ubuntu/.local/lib/python3.12/site-packages/airflow/example_dags/tutorial_objectstorage.py took 0.070 seconds
[2025-01-28T06:20:59.252+0000] {processor.py:186} INFO - Started process (PID=3721) to work on /home/ubuntu/.local/lib/python3.12/site-packages/airflow/example_dags/tutorial_objectstorage.py
[2025-01-28T06:20:59.254+0000] {processor.py:914} INFO - Processing file /home/ubuntu/.local/lib/python3.12/site-packages/airflow/example_dags/tutorial_objectstorage.py for tasks to queue
[2025-01-28T06:20:59.257+0000] {logging_mixin.py:190} INFO - [2025-01-28T06:20:59.255+0000] {dagbag.py:588} INFO - Filling up the DagBag from /home/ubuntu/.local/lib/python3.12/site-packages/airflow/example_dags/tutorial_objectstorage.py
[2025-01-28T06:20:59.268+0000] {processor.py:925} INFO - DAG(s) 'tutorial_objectstorage' retrieved from /home/ubuntu/.local/lib/python3.12/site-packages/airflow/example_dags/tutorial_objectstorage.py
[2025-01-28T06:20:59.282+0000] {logging_mixin.py:190} INFO - [2025-01-28T06:20:59.282+0000] {dag.py:3239} INFO - Sync 1 DAGs
[2025-01-28T06:20:59.294+0000] {logging_mixin.py:190} INFO - [2025-01-28T06:20:59.294+0000] {dag.py:4180} INFO - Setting next_dagrun for tutorial_objectstorage to None, run_after=None
[2025-01-28T06:20:59.318+0000] {processor.py:208} INFO - Processing /home/ubuntu/.local/lib/python3.12/site-packages/airflow/example_dags/tutorial_objectstorage.py took 0.072 seconds
[2025-01-28T06:21:50.995+0000] {processor.py:186} INFO - Started process (PID=3848) to work on /home/ubuntu/.local/lib/python3.12/site-packages/airflow/example_dags/tutorial_objectstorage.py
[2025-01-28T06:21:50.998+0000] {processor.py:914} INFO - Processing file /home/ubuntu/.local/lib/python3.12/site-packages/airflow/example_dags/tutorial_objectstorage.py for tasks to queue
[2025-01-28T06:21:51.000+0000] {logging_mixin.py:190} INFO - [2025-01-28T06:21:50.999+0000] {dagbag.py:588} INFO - Filling up the DagBag from /home/ubuntu/.local/lib/python3.12/site-packages/airflow/example_dags/tutorial_objectstorage.py
[2025-01-28T06:21:51.011+0000] {processor.py:925} INFO - DAG(s) 'tutorial_objectstorage' retrieved from /home/ubuntu/.local/lib/python3.12/site-packages/airflow/example_dags/tutorial_objectstorage.py
[2025-01-28T06:21:51.026+0000] {logging_mixin.py:190} INFO - [2025-01-28T06:21:51.026+0000] {dag.py:3239} INFO - Sync 1 DAGs
[2025-01-28T06:21:51.039+0000] {logging_mixin.py:190} INFO - [2025-01-28T06:21:51.039+0000] {dag.py:4180} INFO - Setting next_dagrun for tutorial_objectstorage to None, run_after=None
[2025-01-28T06:21:51.063+0000] {processor.py:208} INFO - Processing /home/ubuntu/.local/lib/python3.12/site-packages/airflow/example_dags/tutorial_objectstorage.py took 0.072 seconds
[2025-01-28T06:22:51.585+0000] {processor.py:186} INFO - Started process (PID=3914) to work on /home/ubuntu/.local/lib/python3.12/site-packages/airflow/example_dags/tutorial_objectstorage.py
[2025-01-28T06:22:51.588+0000] {processor.py:914} INFO - Processing file /home/ubuntu/.local/lib/python3.12/site-packages/airflow/example_dags/tutorial_objectstorage.py for tasks to queue
[2025-01-28T06:22:51.590+0000] {logging_mixin.py:190} INFO - [2025-01-28T06:22:51.590+0000] {dagbag.py:588} INFO - Filling up the DagBag from /home/ubuntu/.local/lib/python3.12/site-packages/airflow/example_dags/tutorial_objectstorage.py
[2025-01-28T06:22:51.599+0000] {processor.py:925} INFO - DAG(s) 'tutorial_objectstorage' retrieved from /home/ubuntu/.local/lib/python3.12/site-packages/airflow/example_dags/tutorial_objectstorage.py
[2025-01-28T06:22:51.613+0000] {logging_mixin.py:190} INFO - [2025-01-28T06:22:51.613+0000] {dag.py:3239} INFO - Sync 1 DAGs
[2025-01-28T06:22:51.624+0000] {logging_mixin.py:190} INFO - [2025-01-28T06:22:51.624+0000] {dag.py:4180} INFO - Setting next_dagrun for tutorial_objectstorage to None, run_after=None
[2025-01-28T06:22:51.648+0000] {processor.py:208} INFO - Processing /home/ubuntu/.local/lib/python3.12/site-packages/airflow/example_dags/tutorial_objectstorage.py took 0.069 seconds
[2025-01-28T06:23:45.697+0000] {processor.py:186} INFO - Started process (PID=4437) to work on /home/ubuntu/.local/lib/python3.12/site-packages/airflow/example_dags/tutorial_objectstorage.py
[2025-01-28T06:23:45.699+0000] {processor.py:914} INFO - Processing file /home/ubuntu/.local/lib/python3.12/site-packages/airflow/example_dags/tutorial_objectstorage.py for tasks to queue
[2025-01-28T06:23:45.701+0000] {logging_mixin.py:190} INFO - [2025-01-28T06:23:45.701+0000] {dagbag.py:588} INFO - Filling up the DagBag from /home/ubuntu/.local/lib/python3.12/site-packages/airflow/example_dags/tutorial_objectstorage.py
[2025-01-28T06:23:45.712+0000] {processor.py:925} INFO - DAG(s) 'tutorial_objectstorage' retrieved from /home/ubuntu/.local/lib/python3.12/site-packages/airflow/example_dags/tutorial_objectstorage.py
[2025-01-28T06:23:45.727+0000] {logging_mixin.py:190} INFO - [2025-01-28T06:23:45.727+0000] {dag.py:3239} INFO - Sync 1 DAGs
[2025-01-28T06:23:45.737+0000] {logging_mixin.py:190} INFO - [2025-01-28T06:23:45.737+0000] {dag.py:4180} INFO - Setting next_dagrun for tutorial_objectstorage to None, run_after=None
[2025-01-28T06:23:45.758+0000] {processor.py:208} INFO - Processing /home/ubuntu/.local/lib/python3.12/site-packages/airflow/example_dags/tutorial_objectstorage.py took 0.066 seconds
[2025-01-28T06:24:40.063+0000] {processor.py:186} INFO - Started process (PID=4537) to work on /home/ubuntu/.local/lib/python3.12/site-packages/airflow/example_dags/tutorial_objectstorage.py
[2025-01-28T06:24:40.065+0000] {processor.py:914} INFO - Processing file /home/ubuntu/.local/lib/python3.12/site-packages/airflow/example_dags/tutorial_objectstorage.py for tasks to queue
[2025-01-28T06:24:40.067+0000] {logging_mixin.py:190} INFO - [2025-01-28T06:24:40.067+0000] {dagbag.py:588} INFO - Filling up the DagBag from /home/ubuntu/.local/lib/python3.12/site-packages/airflow/example_dags/tutorial_objectstorage.py
[2025-01-28T06:24:40.076+0000] {processor.py:925} INFO - DAG(s) 'tutorial_objectstorage' retrieved from /home/ubuntu/.local/lib/python3.12/site-packages/airflow/example_dags/tutorial_objectstorage.py
[2025-01-28T06:24:40.091+0000] {logging_mixin.py:190} INFO - [2025-01-28T06:24:40.090+0000] {dag.py:3239} INFO - Sync 1 DAGs
[2025-01-28T06:24:40.102+0000] {logging_mixin.py:190} INFO - [2025-01-28T06:24:40.102+0000] {dag.py:4180} INFO - Setting next_dagrun for tutorial_objectstorage to None, run_after=None
[2025-01-28T06:24:40.127+0000] {processor.py:208} INFO - Processing /home/ubuntu/.local/lib/python3.12/site-packages/airflow/example_dags/tutorial_objectstorage.py took 0.068 seconds
[2025-01-28T06:25:35.180+0000] {processor.py:186} INFO - Started process (PID=5003) to work on /home/ubuntu/.local/lib/python3.12/site-packages/airflow/example_dags/tutorial_objectstorage.py
[2025-01-28T06:25:35.182+0000] {processor.py:914} INFO - Processing file /home/ubuntu/.local/lib/python3.12/site-packages/airflow/example_dags/tutorial_objectstorage.py for tasks to queue
[2025-01-28T06:25:35.184+0000] {logging_mixin.py:190} INFO - [2025-01-28T06:25:35.184+0000] {dagbag.py:588} INFO - Filling up the DagBag from /home/ubuntu/.local/lib/python3.12/site-packages/airflow/example_dags/tutorial_objectstorage.py
[2025-01-28T06:25:35.193+0000] {processor.py:925} INFO - DAG(s) 'tutorial_objectstorage' retrieved from /home/ubuntu/.local/lib/python3.12/site-packages/airflow/example_dags/tutorial_objectstorage.py
[2025-01-28T06:25:35.207+0000] {logging_mixin.py:190} INFO - [2025-01-28T06:25:35.207+0000] {dag.py:3239} INFO - Sync 1 DAGs
[2025-01-28T06:25:35.218+0000] {logging_mixin.py:190} INFO - [2025-01-28T06:25:35.218+0000] {dag.py:4180} INFO - Setting next_dagrun for tutorial_objectstorage to None, run_after=None
[2025-01-28T06:25:35.240+0000] {processor.py:208} INFO - Processing /home/ubuntu/.local/lib/python3.12/site-packages/airflow/example_dags/tutorial_objectstorage.py took 0.066 seconds
[2025-01-28T06:26:28.463+0000] {processor.py:186} INFO - Started process (PID=5166) to work on /home/ubuntu/.local/lib/python3.12/site-packages/airflow/example_dags/tutorial_objectstorage.py
[2025-01-28T06:26:28.465+0000] {processor.py:914} INFO - Processing file /home/ubuntu/.local/lib/python3.12/site-packages/airflow/example_dags/tutorial_objectstorage.py for tasks to queue
[2025-01-28T06:26:28.467+0000] {logging_mixin.py:190} INFO - [2025-01-28T06:26:28.466+0000] {dagbag.py:588} INFO - Filling up the DagBag from /home/ubuntu/.local/lib/python3.12/site-packages/airflow/example_dags/tutorial_objectstorage.py
[2025-01-28T06:26:28.477+0000] {processor.py:925} INFO - DAG(s) 'tutorial_objectstorage' retrieved from /home/ubuntu/.local/lib/python3.12/site-packages/airflow/example_dags/tutorial_objectstorage.py
[2025-01-28T06:26:28.490+0000] {logging_mixin.py:190} INFO - [2025-01-28T06:26:28.490+0000] {dag.py:3239} INFO - Sync 1 DAGs
[2025-01-28T06:26:28.501+0000] {logging_mixin.py:190} INFO - [2025-01-28T06:26:28.501+0000] {dag.py:4180} INFO - Setting next_dagrun for tutorial_objectstorage to None, run_after=None
[2025-01-28T06:26:28.523+0000] {processor.py:208} INFO - Processing /home/ubuntu/.local/lib/python3.12/site-packages/airflow/example_dags/tutorial_objectstorage.py took 0.065 seconds
[2025-01-28T06:27:23.189+0000] {processor.py:186} INFO - Started process (PID=5222) to work on /home/ubuntu/.local/lib/python3.12/site-packages/airflow/example_dags/tutorial_objectstorage.py
[2025-01-28T06:27:23.191+0000] {processor.py:914} INFO - Processing file /home/ubuntu/.local/lib/python3.12/site-packages/airflow/example_dags/tutorial_objectstorage.py for tasks to queue
[2025-01-28T06:27:23.193+0000] {logging_mixin.py:190} INFO - [2025-01-28T06:27:23.193+0000] {dagbag.py:588} INFO - Filling up the DagBag from /home/ubuntu/.local/lib/python3.12/site-packages/airflow/example_dags/tutorial_objectstorage.py
[2025-01-28T06:27:23.202+0000] {processor.py:925} INFO - DAG(s) 'tutorial_objectstorage' retrieved from /home/ubuntu/.local/lib/python3.12/site-packages/airflow/example_dags/tutorial_objectstorage.py
[2025-01-28T06:27:23.216+0000] {logging_mixin.py:190} INFO - [2025-01-28T06:27:23.216+0000] {dag.py:3239} INFO - Sync 1 DAGs
[2025-01-28T06:27:23.228+0000] {logging_mixin.py:190} INFO - [2025-01-28T06:27:23.227+0000] {dag.py:4180} INFO - Setting next_dagrun for tutorial_objectstorage to None, run_after=None
[2025-01-28T06:27:23.249+0000] {processor.py:208} INFO - Processing /home/ubuntu/.local/lib/python3.12/site-packages/airflow/example_dags/tutorial_objectstorage.py took 0.065 seconds
[2025-01-28T06:28:13.519+0000] {processor.py:186} INFO - Started process (PID=5278) to work on /home/ubuntu/.local/lib/python3.12/site-packages/airflow/example_dags/tutorial_objectstorage.py
[2025-01-28T06:28:13.521+0000] {processor.py:914} INFO - Processing file /home/ubuntu/.local/lib/python3.12/site-packages/airflow/example_dags/tutorial_objectstorage.py for tasks to queue
[2025-01-28T06:28:13.522+0000] {logging_mixin.py:190} INFO - [2025-01-28T06:28:13.522+0000] {dagbag.py:588} INFO - Filling up the DagBag from /home/ubuntu/.local/lib/python3.12/site-packages/airflow/example_dags/tutorial_objectstorage.py
[2025-01-28T06:28:13.533+0000] {processor.py:925} INFO - DAG(s) 'tutorial_objectstorage' retrieved from /home/ubuntu/.local/lib/python3.12/site-packages/airflow/example_dags/tutorial_objectstorage.py
[2025-01-28T06:28:13.546+0000] {logging_mixin.py:190} INFO - [2025-01-28T06:28:13.546+0000] {dag.py:3239} INFO - Sync 1 DAGs
[2025-01-28T06:28:13.559+0000] {logging_mixin.py:190} INFO - [2025-01-28T06:28:13.558+0000] {dag.py:4180} INFO - Setting next_dagrun for tutorial_objectstorage to None, run_after=None
[2025-01-28T06:28:13.583+0000] {processor.py:208} INFO - Processing /home/ubuntu/.local/lib/python3.12/site-packages/airflow/example_dags/tutorial_objectstorage.py took 0.069 seconds
[2025-01-28T06:29:08.075+0000] {processor.py:186} INFO - Started process (PID=5551) to work on /home/ubuntu/.local/lib/python3.12/site-packages/airflow/example_dags/tutorial_objectstorage.py
[2025-01-28T06:29:08.078+0000] {processor.py:914} INFO - Processing file /home/ubuntu/.local/lib/python3.12/site-packages/airflow/example_dags/tutorial_objectstorage.py for tasks to queue
[2025-01-28T06:29:08.080+0000] {logging_mixin.py:190} INFO - [2025-01-28T06:29:08.080+0000] {dagbag.py:588} INFO - Filling up the DagBag from /home/ubuntu/.local/lib/python3.12/site-packages/airflow/example_dags/tutorial_objectstorage.py
[2025-01-28T06:29:08.089+0000] {processor.py:925} INFO - DAG(s) 'tutorial_objectstorage' retrieved from /home/ubuntu/.local/lib/python3.12/site-packages/airflow/example_dags/tutorial_objectstorage.py
[2025-01-28T06:29:08.104+0000] {logging_mixin.py:190} INFO - [2025-01-28T06:29:08.104+0000] {dag.py:3239} INFO - Sync 1 DAGs
[2025-01-28T06:29:08.115+0000] {logging_mixin.py:190} INFO - [2025-01-28T06:29:08.115+0000] {dag.py:4180} INFO - Setting next_dagrun for tutorial_objectstorage to None, run_after=None
[2025-01-28T06:29:08.138+0000] {processor.py:208} INFO - Processing /home/ubuntu/.local/lib/python3.12/site-packages/airflow/example_dags/tutorial_objectstorage.py took 0.068 seconds
[2025-01-28T06:30:04.260+0000] {processor.py:186} INFO - Started process (PID=5609) to work on /home/ubuntu/.local/lib/python3.12/site-packages/airflow/example_dags/tutorial_objectstorage.py
[2025-01-28T06:30:04.262+0000] {processor.py:914} INFO - Processing file /home/ubuntu/.local/lib/python3.12/site-packages/airflow/example_dags/tutorial_objectstorage.py for tasks to queue
[2025-01-28T06:30:04.265+0000] {logging_mixin.py:190} INFO - [2025-01-28T06:30:04.264+0000] {dagbag.py:588} INFO - Filling up the DagBag from /home/ubuntu/.local/lib/python3.12/site-packages/airflow/example_dags/tutorial_objectstorage.py
[2025-01-28T06:30:04.274+0000] {processor.py:925} INFO - DAG(s) 'tutorial_objectstorage' retrieved from /home/ubuntu/.local/lib/python3.12/site-packages/airflow/example_dags/tutorial_objectstorage.py
[2025-01-28T06:30:04.289+0000] {logging_mixin.py:190} INFO - [2025-01-28T06:30:04.289+0000] {dag.py:3239} INFO - Sync 1 DAGs
[2025-01-28T06:30:04.301+0000] {logging_mixin.py:190} INFO - [2025-01-28T06:30:04.301+0000] {dag.py:4180} INFO - Setting next_dagrun for tutorial_objectstorage to None, run_after=None
[2025-01-28T06:30:04.325+0000] {processor.py:208} INFO - Processing /home/ubuntu/.local/lib/python3.12/site-packages/airflow/example_dags/tutorial_objectstorage.py took 0.069 seconds
[2025-01-28T06:30:57.224+0000] {processor.py:186} INFO - Started process (PID=5717) to work on /home/ubuntu/.local/lib/python3.12/site-packages/airflow/example_dags/tutorial_objectstorage.py
[2025-01-28T06:30:57.225+0000] {processor.py:914} INFO - Processing file /home/ubuntu/.local/lib/python3.12/site-packages/airflow/example_dags/tutorial_objectstorage.py for tasks to queue
[2025-01-28T06:30:57.228+0000] {logging_mixin.py:190} INFO - [2025-01-28T06:30:57.227+0000] {dagbag.py:588} INFO - Filling up the DagBag from /home/ubuntu/.local/lib/python3.12/site-packages/airflow/example_dags/tutorial_objectstorage.py
[2025-01-28T06:30:57.237+0000] {processor.py:925} INFO - DAG(s) 'tutorial_objectstorage' retrieved from /home/ubuntu/.local/lib/python3.12/site-packages/airflow/example_dags/tutorial_objectstorage.py
[2025-01-28T06:30:57.251+0000] {logging_mixin.py:190} INFO - [2025-01-28T06:30:57.251+0000] {dag.py:3239} INFO - Sync 1 DAGs
[2025-01-28T06:30:57.264+0000] {logging_mixin.py:190} INFO - [2025-01-28T06:30:57.263+0000] {dag.py:4180} INFO - Setting next_dagrun for tutorial_objectstorage to None, run_after=None
[2025-01-28T06:30:57.288+0000] {processor.py:208} INFO - Processing /home/ubuntu/.local/lib/python3.12/site-packages/airflow/example_dags/tutorial_objectstorage.py took 0.070 seconds
[2025-01-28T06:32:20.137+0000] {processor.py:186} INFO - Started process (PID=5801) to work on /home/ubuntu/.local/lib/python3.12/site-packages/airflow/example_dags/tutorial_objectstorage.py
[2025-01-28T06:32:20.140+0000] {processor.py:914} INFO - Processing file /home/ubuntu/.local/lib/python3.12/site-packages/airflow/example_dags/tutorial_objectstorage.py for tasks to queue
[2025-01-28T06:32:20.142+0000] {logging_mixin.py:190} INFO - [2025-01-28T06:32:20.142+0000] {dagbag.py:588} INFO - Filling up the DagBag from /home/ubuntu/.local/lib/python3.12/site-packages/airflow/example_dags/tutorial_objectstorage.py
[2025-01-28T06:32:20.151+0000] {processor.py:925} INFO - DAG(s) 'tutorial_objectstorage' retrieved from /home/ubuntu/.local/lib/python3.12/site-packages/airflow/example_dags/tutorial_objectstorage.py
[2025-01-28T06:32:20.166+0000] {logging_mixin.py:190} INFO - [2025-01-28T06:32:20.165+0000] {dag.py:3239} INFO - Sync 1 DAGs
[2025-01-28T06:32:20.178+0000] {logging_mixin.py:190} INFO - [2025-01-28T06:32:20.178+0000] {dag.py:4180} INFO - Setting next_dagrun for tutorial_objectstorage to None, run_after=None
[2025-01-28T06:32:20.202+0000] {processor.py:208} INFO - Processing /home/ubuntu/.local/lib/python3.12/site-packages/airflow/example_dags/tutorial_objectstorage.py took 0.070 seconds
[2025-01-28T06:33:15.361+0000] {processor.py:186} INFO - Started process (PID=5858) to work on /home/ubuntu/.local/lib/python3.12/site-packages/airflow/example_dags/tutorial_objectstorage.py
[2025-01-28T06:33:15.363+0000] {processor.py:914} INFO - Processing file /home/ubuntu/.local/lib/python3.12/site-packages/airflow/example_dags/tutorial_objectstorage.py for tasks to queue
[2025-01-28T06:33:15.365+0000] {logging_mixin.py:190} INFO - [2025-01-28T06:33:15.365+0000] {dagbag.py:588} INFO - Filling up the DagBag from /home/ubuntu/.local/lib/python3.12/site-packages/airflow/example_dags/tutorial_objectstorage.py
[2025-01-28T06:33:15.374+0000] {processor.py:925} INFO - DAG(s) 'tutorial_objectstorage' retrieved from /home/ubuntu/.local/lib/python3.12/site-packages/airflow/example_dags/tutorial_objectstorage.py
[2025-01-28T06:33:15.388+0000] {logging_mixin.py:190} INFO - [2025-01-28T06:33:15.388+0000] {dag.py:3239} INFO - Sync 1 DAGs
[2025-01-28T06:33:15.400+0000] {logging_mixin.py:190} INFO - [2025-01-28T06:33:15.400+0000] {dag.py:4180} INFO - Setting next_dagrun for tutorial_objectstorage to None, run_after=None
[2025-01-28T06:33:15.423+0000] {processor.py:208} INFO - Processing /home/ubuntu/.local/lib/python3.12/site-packages/airflow/example_dags/tutorial_objectstorage.py took 0.067 seconds
[2025-01-28T06:34:15.908+0000] {processor.py:186} INFO - Started process (PID=5923) to work on /home/ubuntu/.local/lib/python3.12/site-packages/airflow/example_dags/tutorial_objectstorage.py
[2025-01-28T06:34:15.909+0000] {processor.py:914} INFO - Processing file /home/ubuntu/.local/lib/python3.12/site-packages/airflow/example_dags/tutorial_objectstorage.py for tasks to queue
[2025-01-28T06:34:15.911+0000] {logging_mixin.py:190} INFO - [2025-01-28T06:34:15.911+0000] {dagbag.py:588} INFO - Filling up the DagBag from /home/ubuntu/.local/lib/python3.12/site-packages/airflow/example_dags/tutorial_objectstorage.py
[2025-01-28T06:34:15.921+0000] {processor.py:925} INFO - DAG(s) 'tutorial_objectstorage' retrieved from /home/ubuntu/.local/lib/python3.12/site-packages/airflow/example_dags/tutorial_objectstorage.py
[2025-01-28T06:34:15.935+0000] {logging_mixin.py:190} INFO - [2025-01-28T06:34:15.935+0000] {dag.py:3239} INFO - Sync 1 DAGs
[2025-01-28T06:34:15.946+0000] {logging_mixin.py:190} INFO - [2025-01-28T06:34:15.945+0000] {dag.py:4180} INFO - Setting next_dagrun for tutorial_objectstorage to None, run_after=None
[2025-01-28T06:34:15.970+0000] {processor.py:208} INFO - Processing /home/ubuntu/.local/lib/python3.12/site-packages/airflow/example_dags/tutorial_objectstorage.py took 0.068 seconds
[2025-01-28T06:35:12.432+0000] {processor.py:186} INFO - Started process (PID=5983) to work on /home/ubuntu/.local/lib/python3.12/site-packages/airflow/example_dags/tutorial_objectstorage.py
[2025-01-28T06:35:12.433+0000] {processor.py:914} INFO - Processing file /home/ubuntu/.local/lib/python3.12/site-packages/airflow/example_dags/tutorial_objectstorage.py for tasks to queue
[2025-01-28T06:35:12.435+0000] {logging_mixin.py:190} INFO - [2025-01-28T06:35:12.434+0000] {dagbag.py:588} INFO - Filling up the DagBag from /home/ubuntu/.local/lib/python3.12/site-packages/airflow/example_dags/tutorial_objectstorage.py
[2025-01-28T06:35:12.445+0000] {processor.py:925} INFO - DAG(s) 'tutorial_objectstorage' retrieved from /home/ubuntu/.local/lib/python3.12/site-packages/airflow/example_dags/tutorial_objectstorage.py
[2025-01-28T06:35:12.459+0000] {logging_mixin.py:190} INFO - [2025-01-28T06:35:12.459+0000] {dag.py:3239} INFO - Sync 1 DAGs
[2025-01-28T06:35:12.470+0000] {logging_mixin.py:190} INFO - [2025-01-28T06:35:12.469+0000] {dag.py:4180} INFO - Setting next_dagrun for tutorial_objectstorage to None, run_after=None
[2025-01-28T06:35:12.493+0000] {processor.py:208} INFO - Processing /home/ubuntu/.local/lib/python3.12/site-packages/airflow/example_dags/tutorial_objectstorage.py took 0.066 seconds
[2025-01-28T06:36:04.797+0000] {processor.py:186} INFO - Started process (PID=6039) to work on /home/ubuntu/.local/lib/python3.12/site-packages/airflow/example_dags/tutorial_objectstorage.py
[2025-01-28T06:36:04.799+0000] {processor.py:914} INFO - Processing file /home/ubuntu/.local/lib/python3.12/site-packages/airflow/example_dags/tutorial_objectstorage.py for tasks to queue
[2025-01-28T06:36:04.803+0000] {logging_mixin.py:190} INFO - [2025-01-28T06:36:04.803+0000] {dagbag.py:588} INFO - Filling up the DagBag from /home/ubuntu/.local/lib/python3.12/site-packages/airflow/example_dags/tutorial_objectstorage.py
[2025-01-28T06:36:04.819+0000] {processor.py:925} INFO - DAG(s) 'tutorial_objectstorage' retrieved from /home/ubuntu/.local/lib/python3.12/site-packages/airflow/example_dags/tutorial_objectstorage.py
[2025-01-28T06:36:04.834+0000] {logging_mixin.py:190} INFO - [2025-01-28T06:36:04.834+0000] {dag.py:3239} INFO - Sync 1 DAGs
[2025-01-28T06:36:04.845+0000] {logging_mixin.py:190} INFO - [2025-01-28T06:36:04.845+0000] {dag.py:4180} INFO - Setting next_dagrun for tutorial_objectstorage to None, run_after=None
[2025-01-28T06:36:04.869+0000] {processor.py:208} INFO - Processing /home/ubuntu/.local/lib/python3.12/site-packages/airflow/example_dags/tutorial_objectstorage.py took 0.077 seconds
[2025-01-28T06:36:56.161+0000] {processor.py:186} INFO - Started process (PID=6092) to work on /home/ubuntu/.local/lib/python3.12/site-packages/airflow/example_dags/tutorial_objectstorage.py
[2025-01-28T06:36:56.163+0000] {processor.py:914} INFO - Processing file /home/ubuntu/.local/lib/python3.12/site-packages/airflow/example_dags/tutorial_objectstorage.py for tasks to queue
[2025-01-28T06:36:56.165+0000] {logging_mixin.py:190} INFO - [2025-01-28T06:36:56.165+0000] {dagbag.py:588} INFO - Filling up the DagBag from /home/ubuntu/.local/lib/python3.12/site-packages/airflow/example_dags/tutorial_objectstorage.py
[2025-01-28T06:36:56.174+0000] {processor.py:925} INFO - DAG(s) 'tutorial_objectstorage' retrieved from /home/ubuntu/.local/lib/python3.12/site-packages/airflow/example_dags/tutorial_objectstorage.py
[2025-01-28T06:36:56.188+0000] {logging_mixin.py:190} INFO - [2025-01-28T06:36:56.188+0000] {dag.py:3239} INFO - Sync 1 DAGs
[2025-01-28T06:36:56.200+0000] {logging_mixin.py:190} INFO - [2025-01-28T06:36:56.199+0000] {dag.py:4180} INFO - Setting next_dagrun for tutorial_objectstorage to None, run_after=None
[2025-01-28T06:36:56.221+0000] {processor.py:208} INFO - Processing /home/ubuntu/.local/lib/python3.12/site-packages/airflow/example_dags/tutorial_objectstorage.py took 0.066 seconds
[2025-01-28T06:37:49.646+0000] {processor.py:186} INFO - Started process (PID=6147) to work on /home/ubuntu/.local/lib/python3.12/site-packages/airflow/example_dags/tutorial_objectstorage.py
[2025-01-28T06:37:49.648+0000] {processor.py:914} INFO - Processing file /home/ubuntu/.local/lib/python3.12/site-packages/airflow/example_dags/tutorial_objectstorage.py for tasks to queue
[2025-01-28T06:37:49.650+0000] {logging_mixin.py:190} INFO - [2025-01-28T06:37:49.650+0000] {dagbag.py:588} INFO - Filling up the DagBag from /home/ubuntu/.local/lib/python3.12/site-packages/airflow/example_dags/tutorial_objectstorage.py
[2025-01-28T06:37:49.659+0000] {processor.py:925} INFO - DAG(s) 'tutorial_objectstorage' retrieved from /home/ubuntu/.local/lib/python3.12/site-packages/airflow/example_dags/tutorial_objectstorage.py
[2025-01-28T06:37:49.673+0000] {logging_mixin.py:190} INFO - [2025-01-28T06:37:49.673+0000] {dag.py:3239} INFO - Sync 1 DAGs
[2025-01-28T06:37:49.685+0000] {logging_mixin.py:190} INFO - [2025-01-28T06:37:49.685+0000] {dag.py:4180} INFO - Setting next_dagrun for tutorial_objectstorage to None, run_after=None
[2025-01-28T06:37:49.707+0000] {processor.py:208} INFO - Processing /home/ubuntu/.local/lib/python3.12/site-packages/airflow/example_dags/tutorial_objectstorage.py took 0.066 seconds
[2025-01-28T06:38:43.860+0000] {processor.py:186} INFO - Started process (PID=6204) to work on /home/ubuntu/.local/lib/python3.12/site-packages/airflow/example_dags/tutorial_objectstorage.py
[2025-01-28T06:38:43.862+0000] {processor.py:914} INFO - Processing file /home/ubuntu/.local/lib/python3.12/site-packages/airflow/example_dags/tutorial_objectstorage.py for tasks to queue
[2025-01-28T06:38:43.864+0000] {logging_mixin.py:190} INFO - [2025-01-28T06:38:43.864+0000] {dagbag.py:588} INFO - Filling up the DagBag from /home/ubuntu/.local/lib/python3.12/site-packages/airflow/example_dags/tutorial_objectstorage.py
[2025-01-28T06:38:43.874+0000] {processor.py:925} INFO - DAG(s) 'tutorial_objectstorage' retrieved from /home/ubuntu/.local/lib/python3.12/site-packages/airflow/example_dags/tutorial_objectstorage.py
[2025-01-28T06:38:43.888+0000] {logging_mixin.py:190} INFO - [2025-01-28T06:38:43.887+0000] {dag.py:3239} INFO - Sync 1 DAGs
[2025-01-28T06:38:43.899+0000] {logging_mixin.py:190} INFO - [2025-01-28T06:38:43.899+0000] {dag.py:4180} INFO - Setting next_dagrun for tutorial_objectstorage to None, run_after=None
[2025-01-28T06:38:43.921+0000] {processor.py:208} INFO - Processing /home/ubuntu/.local/lib/python3.12/site-packages/airflow/example_dags/tutorial_objectstorage.py took 0.067 seconds
[2025-01-28T06:39:40.127+0000] {processor.py:186} INFO - Started process (PID=6260) to work on /home/ubuntu/.local/lib/python3.12/site-packages/airflow/example_dags/tutorial_objectstorage.py
[2025-01-28T06:39:40.129+0000] {processor.py:914} INFO - Processing file /home/ubuntu/.local/lib/python3.12/site-packages/airflow/example_dags/tutorial_objectstorage.py for tasks to queue
[2025-01-28T06:39:40.131+0000] {logging_mixin.py:190} INFO - [2025-01-28T06:39:40.131+0000] {dagbag.py:588} INFO - Filling up the DagBag from /home/ubuntu/.local/lib/python3.12/site-packages/airflow/example_dags/tutorial_objectstorage.py
[2025-01-28T06:39:40.140+0000] {processor.py:925} INFO - DAG(s) 'tutorial_objectstorage' retrieved from /home/ubuntu/.local/lib/python3.12/site-packages/airflow/example_dags/tutorial_objectstorage.py
[2025-01-28T06:39:40.155+0000] {logging_mixin.py:190} INFO - [2025-01-28T06:39:40.154+0000] {dag.py:3239} INFO - Sync 1 DAGs
[2025-01-28T06:39:40.166+0000] {logging_mixin.py:190} INFO - [2025-01-28T06:39:40.165+0000] {dag.py:4180} INFO - Setting next_dagrun for tutorial_objectstorage to None, run_after=None
[2025-01-28T06:39:40.189+0000] {processor.py:208} INFO - Processing /home/ubuntu/.local/lib/python3.12/site-packages/airflow/example_dags/tutorial_objectstorage.py took 0.067 seconds
[2025-01-28T06:40:36.081+0000] {processor.py:186} INFO - Started process (PID=6322) to work on /home/ubuntu/.local/lib/python3.12/site-packages/airflow/example_dags/tutorial_objectstorage.py
[2025-01-28T06:40:36.082+0000] {processor.py:914} INFO - Processing file /home/ubuntu/.local/lib/python3.12/site-packages/airflow/example_dags/tutorial_objectstorage.py for tasks to queue
[2025-01-28T06:40:36.084+0000] {logging_mixin.py:190} INFO - [2025-01-28T06:40:36.083+0000] {dagbag.py:588} INFO - Filling up the DagBag from /home/ubuntu/.local/lib/python3.12/site-packages/airflow/example_dags/tutorial_objectstorage.py
[2025-01-28T06:40:36.094+0000] {processor.py:925} INFO - DAG(s) 'tutorial_objectstorage' retrieved from /home/ubuntu/.local/lib/python3.12/site-packages/airflow/example_dags/tutorial_objectstorage.py
[2025-01-28T06:40:36.108+0000] {logging_mixin.py:190} INFO - [2025-01-28T06:40:36.107+0000] {dag.py:3239} INFO - Sync 1 DAGs
[2025-01-28T06:40:36.119+0000] {logging_mixin.py:190} INFO - [2025-01-28T06:40:36.119+0000] {dag.py:4180} INFO - Setting next_dagrun for tutorial_objectstorage to None, run_after=None
[2025-01-28T06:40:36.142+0000] {processor.py:208} INFO - Processing /home/ubuntu/.local/lib/python3.12/site-packages/airflow/example_dags/tutorial_objectstorage.py took 0.067 seconds
[2025-01-28T06:41:38.358+0000] {processor.py:186} INFO - Started process (PID=6500) to work on /home/ubuntu/.local/lib/python3.12/site-packages/airflow/example_dags/tutorial_objectstorage.py
[2025-01-28T06:41:38.359+0000] {processor.py:914} INFO - Processing file /home/ubuntu/.local/lib/python3.12/site-packages/airflow/example_dags/tutorial_objectstorage.py for tasks to queue
[2025-01-28T06:41:38.362+0000] {logging_mixin.py:190} INFO - [2025-01-28T06:41:38.362+0000] {dagbag.py:588} INFO - Filling up the DagBag from /home/ubuntu/.local/lib/python3.12/site-packages/airflow/example_dags/tutorial_objectstorage.py
[2025-01-28T06:41:38.371+0000] {processor.py:925} INFO - DAG(s) 'tutorial_objectstorage' retrieved from /home/ubuntu/.local/lib/python3.12/site-packages/airflow/example_dags/tutorial_objectstorage.py
[2025-01-28T06:41:38.385+0000] {logging_mixin.py:190} INFO - [2025-01-28T06:41:38.385+0000] {dag.py:3239} INFO - Sync 1 DAGs
[2025-01-28T06:41:38.397+0000] {logging_mixin.py:190} INFO - [2025-01-28T06:41:38.397+0000] {dag.py:4180} INFO - Setting next_dagrun for tutorial_objectstorage to None, run_after=None
[2025-01-28T06:41:38.421+0000] {processor.py:208} INFO - Processing /home/ubuntu/.local/lib/python3.12/site-packages/airflow/example_dags/tutorial_objectstorage.py took 0.068 seconds
[2025-01-28T06:42:36.995+0000] {processor.py:186} INFO - Started process (PID=6574) to work on /home/ubuntu/.local/lib/python3.12/site-packages/airflow/example_dags/tutorial_objectstorage.py
[2025-01-28T06:42:36.996+0000] {processor.py:914} INFO - Processing file /home/ubuntu/.local/lib/python3.12/site-packages/airflow/example_dags/tutorial_objectstorage.py for tasks to queue
[2025-01-28T06:42:36.998+0000] {logging_mixin.py:190} INFO - [2025-01-28T06:42:36.998+0000] {dagbag.py:588} INFO - Filling up the DagBag from /home/ubuntu/.local/lib/python3.12/site-packages/airflow/example_dags/tutorial_objectstorage.py
[2025-01-28T06:42:37.008+0000] {processor.py:925} INFO - DAG(s) 'tutorial_objectstorage' retrieved from /home/ubuntu/.local/lib/python3.12/site-packages/airflow/example_dags/tutorial_objectstorage.py
[2025-01-28T06:42:37.023+0000] {logging_mixin.py:190} INFO - [2025-01-28T06:42:37.022+0000] {dag.py:3239} INFO - Sync 1 DAGs
[2025-01-28T06:42:37.034+0000] {logging_mixin.py:190} INFO - [2025-01-28T06:42:37.034+0000] {dag.py:4180} INFO - Setting next_dagrun for tutorial_objectstorage to None, run_after=None
[2025-01-28T06:42:37.056+0000] {processor.py:208} INFO - Processing /home/ubuntu/.local/lib/python3.12/site-packages/airflow/example_dags/tutorial_objectstorage.py took 0.066 seconds
[2025-01-28T06:43:35.666+0000] {processor.py:186} INFO - Started process (PID=6630) to work on /home/ubuntu/.local/lib/python3.12/site-packages/airflow/example_dags/tutorial_objectstorage.py
[2025-01-28T06:43:35.667+0000] {processor.py:914} INFO - Processing file /home/ubuntu/.local/lib/python3.12/site-packages/airflow/example_dags/tutorial_objectstorage.py for tasks to queue
[2025-01-28T06:43:35.669+0000] {logging_mixin.py:190} INFO - [2025-01-28T06:43:35.669+0000] {dagbag.py:588} INFO - Filling up the DagBag from /home/ubuntu/.local/lib/python3.12/site-packages/airflow/example_dags/tutorial_objectstorage.py
[2025-01-28T06:43:35.679+0000] {processor.py:925} INFO - DAG(s) 'tutorial_objectstorage' retrieved from /home/ubuntu/.local/lib/python3.12/site-packages/airflow/example_dags/tutorial_objectstorage.py
[2025-01-28T06:43:35.692+0000] {logging_mixin.py:190} INFO - [2025-01-28T06:43:35.692+0000] {dag.py:3239} INFO - Sync 1 DAGs
[2025-01-28T06:43:35.833+0000] {logging_mixin.py:190} INFO - [2025-01-28T06:43:35.833+0000] {dag.py:4180} INFO - Setting next_dagrun for tutorial_objectstorage to None, run_after=None
[2025-01-28T06:43:35.855+0000] {processor.py:208} INFO - Processing /home/ubuntu/.local/lib/python3.12/site-packages/airflow/example_dags/tutorial_objectstorage.py took 0.194 seconds
[2025-01-28T06:44:43.381+0000] {processor.py:186} INFO - Started process (PID=6695) to work on /home/ubuntu/.local/lib/python3.12/site-packages/airflow/example_dags/tutorial_objectstorage.py
[2025-01-28T06:44:43.383+0000] {processor.py:914} INFO - Processing file /home/ubuntu/.local/lib/python3.12/site-packages/airflow/example_dags/tutorial_objectstorage.py for tasks to queue
[2025-01-28T06:44:43.385+0000] {logging_mixin.py:190} INFO - [2025-01-28T06:44:43.385+0000] {dagbag.py:588} INFO - Filling up the DagBag from /home/ubuntu/.local/lib/python3.12/site-packages/airflow/example_dags/tutorial_objectstorage.py
[2025-01-28T06:44:43.395+0000] {processor.py:925} INFO - DAG(s) 'tutorial_objectstorage' retrieved from /home/ubuntu/.local/lib/python3.12/site-packages/airflow/example_dags/tutorial_objectstorage.py
[2025-01-28T06:44:43.409+0000] {logging_mixin.py:190} INFO - [2025-01-28T06:44:43.409+0000] {dag.py:3239} INFO - Sync 1 DAGs
[2025-01-28T06:44:43.420+0000] {logging_mixin.py:190} INFO - [2025-01-28T06:44:43.420+0000] {dag.py:4180} INFO - Setting next_dagrun for tutorial_objectstorage to None, run_after=None
[2025-01-28T06:44:43.602+0000] {processor.py:208} INFO - Processing /home/ubuntu/.local/lib/python3.12/site-packages/airflow/example_dags/tutorial_objectstorage.py took 0.226 seconds
[2025-01-28T06:45:42.706+0000] {processor.py:186} INFO - Started process (PID=6795) to work on /home/ubuntu/.local/lib/python3.12/site-packages/airflow/example_dags/tutorial_objectstorage.py
[2025-01-28T06:45:42.708+0000] {processor.py:914} INFO - Processing file /home/ubuntu/.local/lib/python3.12/site-packages/airflow/example_dags/tutorial_objectstorage.py for tasks to queue
[2025-01-28T06:45:42.710+0000] {logging_mixin.py:190} INFO - [2025-01-28T06:45:42.710+0000] {dagbag.py:588} INFO - Filling up the DagBag from /home/ubuntu/.local/lib/python3.12/site-packages/airflow/example_dags/tutorial_objectstorage.py
[2025-01-28T06:45:42.720+0000] {processor.py:925} INFO - DAG(s) 'tutorial_objectstorage' retrieved from /home/ubuntu/.local/lib/python3.12/site-packages/airflow/example_dags/tutorial_objectstorage.py
[2025-01-28T06:45:42.734+0000] {logging_mixin.py:190} INFO - [2025-01-28T06:45:42.734+0000] {dag.py:3239} INFO - Sync 1 DAGs
[2025-01-28T06:45:42.745+0000] {logging_mixin.py:190} INFO - [2025-01-28T06:45:42.745+0000] {dag.py:4180} INFO - Setting next_dagrun for tutorial_objectstorage to None, run_after=None
[2025-01-28T06:45:42.767+0000] {processor.py:208} INFO - Processing /home/ubuntu/.local/lib/python3.12/site-packages/airflow/example_dags/tutorial_objectstorage.py took 0.066 seconds
[2025-01-28T06:46:34.676+0000] {processor.py:186} INFO - Started process (PID=6975) to work on /home/ubuntu/.local/lib/python3.12/site-packages/airflow/example_dags/tutorial_objectstorage.py
[2025-01-28T06:46:34.678+0000] {processor.py:914} INFO - Processing file /home/ubuntu/.local/lib/python3.12/site-packages/airflow/example_dags/tutorial_objectstorage.py for tasks to queue
[2025-01-28T06:46:34.681+0000] {logging_mixin.py:190} INFO - [2025-01-28T06:46:34.679+0000] {dagbag.py:588} INFO - Filling up the DagBag from /home/ubuntu/.local/lib/python3.12/site-packages/airflow/example_dags/tutorial_objectstorage.py
[2025-01-28T06:46:34.689+0000] {processor.py:925} INFO - DAG(s) 'tutorial_objectstorage' retrieved from /home/ubuntu/.local/lib/python3.12/site-packages/airflow/example_dags/tutorial_objectstorage.py
[2025-01-28T06:46:34.710+0000] {logging_mixin.py:190} INFO - [2025-01-28T06:46:34.710+0000] {dag.py:3239} INFO - Sync 1 DAGs
[2025-01-28T06:46:34.722+0000] {logging_mixin.py:190} INFO - [2025-01-28T06:46:34.722+0000] {dag.py:4180} INFO - Setting next_dagrun for tutorial_objectstorage to None, run_after=None
[2025-01-28T06:46:34.746+0000] {processor.py:208} INFO - Processing /home/ubuntu/.local/lib/python3.12/site-packages/airflow/example_dags/tutorial_objectstorage.py took 0.075 seconds
