[2025-01-28T05:45:40.539+0000] {processor.py:186} INFO - Started process (PID=13257) to work on /home/ubuntu/airflow/dags/weather_dag.py
[2025-01-28T05:45:40.539+0000] {processor.py:914} INFO - Processing file /home/ubuntu/airflow/dags/weather_dag.py for tasks to queue
[2025-01-28T05:45:40.541+0000] {logging_mixin.py:190} INFO - [2025-01-28T05:45:40.541+0000] {dagbag.py:588} INFO - Filling up the DagBag from /home/ubuntu/airflow/dags/weather_dag.py
[2025-01-28T05:45:40.569+0000] {processor.py:925} INFO - DAG(s) 'weather_dag' retrieved from /home/ubuntu/airflow/dags/weather_dag.py
[2025-01-28T05:45:40.939+0000] {logging_mixin.py:190} INFO - [2025-01-28T05:45:40.933+0000] {override.py:1912} INFO - Created Permission View: can delete on DAG:weather_dag
[2025-01-28T05:45:40.956+0000] {logging_mixin.py:190} INFO - [2025-01-28T05:45:40.955+0000] {override.py:1912} INFO - Created Permission View: can edit on DAG:weather_dag
[2025-01-28T05:45:40.968+0000] {logging_mixin.py:190} INFO - [2025-01-28T05:45:40.968+0000] {override.py:1912} INFO - Created Permission View: can read on DAG:weather_dag
[2025-01-28T05:45:40.986+0000] {logging_mixin.py:190} INFO - [2025-01-28T05:45:40.986+0000] {override.py:1912} INFO - Created Permission View: menu access on DAG Run:weather_dag
[2025-01-28T05:45:40.996+0000] {logging_mixin.py:190} INFO - [2025-01-28T05:45:40.995+0000] {override.py:1912} INFO - Created Permission View: can create on DAG Run:weather_dag
[2025-01-28T05:45:41.006+0000] {logging_mixin.py:190} INFO - [2025-01-28T05:45:41.005+0000] {override.py:1912} INFO - Created Permission View: can delete on DAG Run:weather_dag
[2025-01-28T05:45:41.017+0000] {logging_mixin.py:190} INFO - [2025-01-28T05:45:41.016+0000] {override.py:1912} INFO - Created Permission View: can read on DAG Run:weather_dag
[2025-01-28T05:45:41.017+0000] {logging_mixin.py:190} INFO - [2025-01-28T05:45:41.017+0000] {dag.py:3239} INFO - Sync 1 DAGs
[2025-01-28T05:45:41.031+0000] {logging_mixin.py:190} INFO - [2025-01-28T05:45:41.030+0000] {dag.py:3262} INFO - Creating ORM DAG for weather_dag
[2025-01-28T05:45:41.053+0000] {logging_mixin.py:190} INFO - [2025-01-28T05:45:41.050+0000] {dag.py:4180} INFO - Setting next_dagrun for weather_dag to 2025-01-27 00:00:00+00:00, run_after=2025-01-28 00:00:00+00:00
[2025-01-28T05:45:41.108+0000] {processor.py:208} INFO - Processing /home/ubuntu/airflow/dags/weather_dag.py took 0.577 seconds
[2025-01-28T05:54:50.882+0000] {processor.py:186} INFO - Started process (PID=1875) to work on /home/ubuntu/airflow/dags/weather_dag.py
[2025-01-28T05:54:50.884+0000] {processor.py:914} INFO - Processing file /home/ubuntu/airflow/dags/weather_dag.py for tasks to queue
[2025-01-28T05:54:50.888+0000] {logging_mixin.py:190} INFO - [2025-01-28T05:54:50.887+0000] {dagbag.py:588} INFO - Filling up the DagBag from /home/ubuntu/airflow/dags/weather_dag.py
[2025-01-28T05:54:50.908+0000] {processor.py:925} INFO - DAG(s) 'weather_dag' retrieved from /home/ubuntu/airflow/dags/weather_dag.py
[2025-01-28T05:54:50.954+0000] {logging_mixin.py:190} INFO - [2025-01-28T05:54:50.954+0000] {dag.py:3239} INFO - Sync 1 DAGs
[2025-01-28T05:54:50.995+0000] {logging_mixin.py:190} INFO - [2025-01-28T05:54:50.995+0000] {dag.py:4180} INFO - Setting next_dagrun for weather_dag to 2025-01-27 00:00:00+00:00, run_after=2025-01-28 00:00:00+00:00
[2025-01-28T05:54:51.051+0000] {processor.py:208} INFO - Processing /home/ubuntu/airflow/dags/weather_dag.py took 0.180 seconds
[2025-01-28T05:55:51.772+0000] {processor.py:186} INFO - Started process (PID=1944) to work on /home/ubuntu/airflow/dags/weather_dag.py
[2025-01-28T05:55:51.774+0000] {processor.py:914} INFO - Processing file /home/ubuntu/airflow/dags/weather_dag.py for tasks to queue
[2025-01-28T05:55:51.776+0000] {logging_mixin.py:190} INFO - [2025-01-28T05:55:51.776+0000] {dagbag.py:588} INFO - Filling up the DagBag from /home/ubuntu/airflow/dags/weather_dag.py
[2025-01-28T05:55:51.786+0000] {processor.py:925} INFO - DAG(s) 'weather_dag' retrieved from /home/ubuntu/airflow/dags/weather_dag.py
[2025-01-28T05:55:51.802+0000] {logging_mixin.py:190} INFO - [2025-01-28T05:55:51.801+0000] {dag.py:3239} INFO - Sync 1 DAGs
[2025-01-28T05:55:51.821+0000] {logging_mixin.py:190} INFO - [2025-01-28T05:55:51.820+0000] {dag.py:4180} INFO - Setting next_dagrun for weather_dag to 2025-01-27 00:00:00+00:00, run_after=2025-01-28 00:00:00+00:00
[2025-01-28T05:55:51.842+0000] {processor.py:208} INFO - Processing /home/ubuntu/airflow/dags/weather_dag.py took 0.075 seconds
[2025-01-28T05:56:50.390+0000] {processor.py:186} INFO - Started process (PID=2020) to work on /home/ubuntu/airflow/dags/weather_dag.py
[2025-01-28T05:56:50.392+0000] {processor.py:914} INFO - Processing file /home/ubuntu/airflow/dags/weather_dag.py for tasks to queue
[2025-01-28T05:56:50.393+0000] {logging_mixin.py:190} INFO - [2025-01-28T05:56:50.393+0000] {dagbag.py:588} INFO - Filling up the DagBag from /home/ubuntu/airflow/dags/weather_dag.py
[2025-01-28T05:56:50.402+0000] {processor.py:925} INFO - DAG(s) 'weather_dag' retrieved from /home/ubuntu/airflow/dags/weather_dag.py
[2025-01-28T05:56:50.417+0000] {logging_mixin.py:190} INFO - [2025-01-28T05:56:50.417+0000] {dag.py:3239} INFO - Sync 1 DAGs
[2025-01-28T05:56:50.436+0000] {logging_mixin.py:190} INFO - [2025-01-28T05:56:50.435+0000] {dag.py:4180} INFO - Setting next_dagrun for weather_dag to 2025-01-27 00:00:00+00:00, run_after=2025-01-28 00:00:00+00:00
[2025-01-28T05:56:50.458+0000] {processor.py:208} INFO - Processing /home/ubuntu/airflow/dags/weather_dag.py took 0.073 seconds
[2025-01-28T05:57:44.556+0000] {processor.py:186} INFO - Started process (PID=2091) to work on /home/ubuntu/airflow/dags/weather_dag.py
[2025-01-28T05:57:44.558+0000] {processor.py:914} INFO - Processing file /home/ubuntu/airflow/dags/weather_dag.py for tasks to queue
[2025-01-28T05:57:44.560+0000] {logging_mixin.py:190} INFO - [2025-01-28T05:57:44.559+0000] {dagbag.py:588} INFO - Filling up the DagBag from /home/ubuntu/airflow/dags/weather_dag.py
[2025-01-28T05:57:44.568+0000] {processor.py:925} INFO - DAG(s) 'weather_dag' retrieved from /home/ubuntu/airflow/dags/weather_dag.py
[2025-01-28T05:57:44.584+0000] {logging_mixin.py:190} INFO - [2025-01-28T05:57:44.584+0000] {dag.py:3239} INFO - Sync 1 DAGs
[2025-01-28T05:57:44.602+0000] {logging_mixin.py:190} INFO - [2025-01-28T05:57:44.602+0000] {dag.py:4180} INFO - Setting next_dagrun for weather_dag to 2025-01-27 00:00:00+00:00, run_after=2025-01-28 00:00:00+00:00
[2025-01-28T05:57:44.625+0000] {processor.py:208} INFO - Processing /home/ubuntu/airflow/dags/weather_dag.py took 0.074 seconds
[2025-01-28T05:58:40.197+0000] {processor.py:186} INFO - Started process (PID=2147) to work on /home/ubuntu/airflow/dags/weather_dag.py
[2025-01-28T05:58:40.199+0000] {processor.py:914} INFO - Processing file /home/ubuntu/airflow/dags/weather_dag.py for tasks to queue
[2025-01-28T05:58:40.202+0000] {logging_mixin.py:190} INFO - [2025-01-28T05:58:40.201+0000] {dagbag.py:588} INFO - Filling up the DagBag from /home/ubuntu/airflow/dags/weather_dag.py
[2025-01-28T05:58:40.211+0000] {processor.py:925} INFO - DAG(s) 'weather_dag' retrieved from /home/ubuntu/airflow/dags/weather_dag.py
[2025-01-28T05:58:40.227+0000] {logging_mixin.py:190} INFO - [2025-01-28T05:58:40.226+0000] {dag.py:3239} INFO - Sync 1 DAGs
[2025-01-28T05:58:40.245+0000] {logging_mixin.py:190} INFO - [2025-01-28T05:58:40.245+0000] {dag.py:4180} INFO - Setting next_dagrun for weather_dag to 2025-01-27 00:00:00+00:00, run_after=2025-01-28 00:00:00+00:00
[2025-01-28T05:58:40.268+0000] {processor.py:208} INFO - Processing /home/ubuntu/airflow/dags/weather_dag.py took 0.075 seconds
[2025-01-28T05:59:35.782+0000] {processor.py:186} INFO - Started process (PID=2205) to work on /home/ubuntu/airflow/dags/weather_dag.py
[2025-01-28T05:59:35.784+0000] {processor.py:914} INFO - Processing file /home/ubuntu/airflow/dags/weather_dag.py for tasks to queue
[2025-01-28T05:59:35.786+0000] {logging_mixin.py:190} INFO - [2025-01-28T05:59:35.786+0000] {dagbag.py:588} INFO - Filling up the DagBag from /home/ubuntu/airflow/dags/weather_dag.py
[2025-01-28T05:59:35.795+0000] {processor.py:925} INFO - DAG(s) 'weather_dag' retrieved from /home/ubuntu/airflow/dags/weather_dag.py
[2025-01-28T05:59:35.810+0000] {logging_mixin.py:190} INFO - [2025-01-28T05:59:35.810+0000] {dag.py:3239} INFO - Sync 1 DAGs
[2025-01-28T05:59:35.829+0000] {logging_mixin.py:190} INFO - [2025-01-28T05:59:35.829+0000] {dag.py:4180} INFO - Setting next_dagrun for weather_dag to 2025-01-27 00:00:00+00:00, run_after=2025-01-28 00:00:00+00:00
[2025-01-28T05:59:35.851+0000] {processor.py:208} INFO - Processing /home/ubuntu/airflow/dags/weather_dag.py took 0.075 seconds
[2025-01-28T06:00:28.803+0000] {processor.py:186} INFO - Started process (PID=2262) to work on /home/ubuntu/airflow/dags/weather_dag.py
[2025-01-28T06:00:28.805+0000] {processor.py:914} INFO - Processing file /home/ubuntu/airflow/dags/weather_dag.py for tasks to queue
[2025-01-28T06:00:28.807+0000] {logging_mixin.py:190} INFO - [2025-01-28T06:00:28.806+0000] {dagbag.py:588} INFO - Filling up the DagBag from /home/ubuntu/airflow/dags/weather_dag.py
[2025-01-28T06:00:28.815+0000] {processor.py:925} INFO - DAG(s) 'weather_dag' retrieved from /home/ubuntu/airflow/dags/weather_dag.py
[2025-01-28T06:00:28.831+0000] {logging_mixin.py:190} INFO - [2025-01-28T06:00:28.831+0000] {dag.py:3239} INFO - Sync 1 DAGs
[2025-01-28T06:00:28.849+0000] {logging_mixin.py:190} INFO - [2025-01-28T06:00:28.849+0000] {dag.py:4180} INFO - Setting next_dagrun for weather_dag to 2025-01-27 00:00:00+00:00, run_after=2025-01-28 00:00:00+00:00
[2025-01-28T06:00:28.871+0000] {processor.py:208} INFO - Processing /home/ubuntu/airflow/dags/weather_dag.py took 0.073 seconds
[2025-01-28T06:01:17.051+0000] {processor.py:186} INFO - Started process (PID=2314) to work on /home/ubuntu/airflow/dags/weather_dag.py
[2025-01-28T06:01:17.053+0000] {processor.py:914} INFO - Processing file /home/ubuntu/airflow/dags/weather_dag.py for tasks to queue
[2025-01-28T06:01:17.055+0000] {logging_mixin.py:190} INFO - [2025-01-28T06:01:17.055+0000] {dagbag.py:588} INFO - Filling up the DagBag from /home/ubuntu/airflow/dags/weather_dag.py
[2025-01-28T06:01:17.065+0000] {processor.py:925} INFO - DAG(s) 'weather_dag' retrieved from /home/ubuntu/airflow/dags/weather_dag.py
[2025-01-28T06:01:17.079+0000] {logging_mixin.py:190} INFO - [2025-01-28T06:01:17.079+0000] {dag.py:3239} INFO - Sync 1 DAGs
[2025-01-28T06:01:17.098+0000] {logging_mixin.py:190} INFO - [2025-01-28T06:01:17.098+0000] {dag.py:4180} INFO - Setting next_dagrun for weather_dag to 2025-01-27 00:00:00+00:00, run_after=2025-01-28 00:00:00+00:00
[2025-01-28T06:01:17.120+0000] {processor.py:208} INFO - Processing /home/ubuntu/airflow/dags/weather_dag.py took 0.074 seconds
[2025-01-28T06:02:05.694+0000] {processor.py:186} INFO - Started process (PID=2370) to work on /home/ubuntu/airflow/dags/weather_dag.py
[2025-01-28T06:02:05.696+0000] {processor.py:914} INFO - Processing file /home/ubuntu/airflow/dags/weather_dag.py for tasks to queue
[2025-01-28T06:02:05.698+0000] {logging_mixin.py:190} INFO - [2025-01-28T06:02:05.698+0000] {dagbag.py:588} INFO - Filling up the DagBag from /home/ubuntu/airflow/dags/weather_dag.py
[2025-01-28T06:02:05.707+0000] {processor.py:925} INFO - DAG(s) 'weather_dag' retrieved from /home/ubuntu/airflow/dags/weather_dag.py
[2025-01-28T06:02:05.723+0000] {logging_mixin.py:190} INFO - [2025-01-28T06:02:05.722+0000] {dag.py:3239} INFO - Sync 1 DAGs
[2025-01-28T06:02:05.741+0000] {logging_mixin.py:190} INFO - [2025-01-28T06:02:05.740+0000] {dag.py:4180} INFO - Setting next_dagrun for weather_dag to 2025-01-27 00:00:00+00:00, run_after=2025-01-28 00:00:00+00:00
[2025-01-28T06:02:05.763+0000] {processor.py:208} INFO - Processing /home/ubuntu/airflow/dags/weather_dag.py took 0.074 seconds
[2025-01-28T06:02:30.301+0000] {processor.py:186} INFO - Started process (PID=2407) to work on /home/ubuntu/airflow/dags/weather_dag.py
[2025-01-28T06:02:30.302+0000] {processor.py:914} INFO - Processing file /home/ubuntu/airflow/dags/weather_dag.py for tasks to queue
[2025-01-28T06:02:30.304+0000] {logging_mixin.py:190} INFO - [2025-01-28T06:02:30.304+0000] {dagbag.py:588} INFO - Filling up the DagBag from /home/ubuntu/airflow/dags/weather_dag.py
[2025-01-28T06:02:30.316+0000] {processor.py:925} INFO - DAG(s) 'weather_dag' retrieved from /home/ubuntu/airflow/dags/weather_dag.py
[2025-01-28T06:02:30.405+0000] {logging_mixin.py:190} INFO - [2025-01-28T06:02:30.405+0000] {dag.py:3239} INFO - Sync 1 DAGs
[2025-01-28T06:02:30.422+0000] {logging_mixin.py:190} INFO - [2025-01-28T06:02:30.422+0000] {dag.py:4180} INFO - Setting next_dagrun for weather_dag to 2025-01-27 00:00:00+00:00, run_after=2025-01-28 00:00:00+00:00
[2025-01-28T06:02:30.453+0000] {processor.py:208} INFO - Processing /home/ubuntu/airflow/dags/weather_dag.py took 0.156 seconds
[2025-01-28T06:03:25.390+0000] {processor.py:186} INFO - Started process (PID=2463) to work on /home/ubuntu/airflow/dags/weather_dag.py
[2025-01-28T06:03:25.392+0000] {processor.py:914} INFO - Processing file /home/ubuntu/airflow/dags/weather_dag.py for tasks to queue
[2025-01-28T06:03:25.394+0000] {logging_mixin.py:190} INFO - [2025-01-28T06:03:25.393+0000] {dagbag.py:588} INFO - Filling up the DagBag from /home/ubuntu/airflow/dags/weather_dag.py
[2025-01-28T06:03:25.404+0000] {processor.py:925} INFO - DAG(s) 'weather_dag' retrieved from /home/ubuntu/airflow/dags/weather_dag.py
[2025-01-28T06:03:25.419+0000] {logging_mixin.py:190} INFO - [2025-01-28T06:03:25.419+0000] {dag.py:3239} INFO - Sync 1 DAGs
[2025-01-28T06:03:25.438+0000] {logging_mixin.py:190} INFO - [2025-01-28T06:03:25.438+0000] {dag.py:4180} INFO - Setting next_dagrun for weather_dag to 2025-01-27 00:00:00+00:00, run_after=2025-01-28 00:00:00+00:00
[2025-01-28T06:03:25.459+0000] {processor.py:208} INFO - Processing /home/ubuntu/airflow/dags/weather_dag.py took 0.074 seconds
[2025-01-28T06:04:12.451+0000] {processor.py:186} INFO - Started process (PID=2516) to work on /home/ubuntu/airflow/dags/weather_dag.py
[2025-01-28T06:04:12.452+0000] {processor.py:914} INFO - Processing file /home/ubuntu/airflow/dags/weather_dag.py for tasks to queue
[2025-01-28T06:04:12.454+0000] {logging_mixin.py:190} INFO - [2025-01-28T06:04:12.454+0000] {dagbag.py:588} INFO - Filling up the DagBag from /home/ubuntu/airflow/dags/weather_dag.py
[2025-01-28T06:04:12.468+0000] {processor.py:925} INFO - DAG(s) 'weather_dag' retrieved from /home/ubuntu/airflow/dags/weather_dag.py
[2025-01-28T06:04:12.485+0000] {logging_mixin.py:190} INFO - [2025-01-28T06:04:12.485+0000] {dag.py:3239} INFO - Sync 1 DAGs
[2025-01-28T06:04:12.503+0000] {logging_mixin.py:190} INFO - [2025-01-28T06:04:12.503+0000] {dag.py:4180} INFO - Setting next_dagrun for weather_dag to 2025-01-28 00:00:00+00:00, run_after=2025-01-29 00:00:00+00:00
[2025-01-28T06:04:12.525+0000] {processor.py:208} INFO - Processing /home/ubuntu/airflow/dags/weather_dag.py took 0.079 seconds
[2025-01-28T06:04:53.901+0000] {processor.py:186} INFO - Started process (PID=2559) to work on /home/ubuntu/airflow/dags/weather_dag.py
[2025-01-28T06:04:53.902+0000] {processor.py:914} INFO - Processing file /home/ubuntu/airflow/dags/weather_dag.py for tasks to queue
[2025-01-28T06:04:53.904+0000] {logging_mixin.py:190} INFO - [2025-01-28T06:04:53.903+0000] {dagbag.py:588} INFO - Filling up the DagBag from /home/ubuntu/airflow/dags/weather_dag.py
[2025-01-28T06:04:53.915+0000] {processor.py:925} INFO - DAG(s) 'weather_dag' retrieved from /home/ubuntu/airflow/dags/weather_dag.py
[2025-01-28T06:04:53.930+0000] {logging_mixin.py:190} INFO - [2025-01-28T06:04:53.930+0000] {dag.py:3239} INFO - Sync 1 DAGs
[2025-01-28T06:04:53.949+0000] {logging_mixin.py:190} INFO - [2025-01-28T06:04:53.949+0000] {dag.py:4180} INFO - Setting next_dagrun for weather_dag to 2025-01-28 00:00:00+00:00, run_after=2025-01-29 00:00:00+00:00
[2025-01-28T06:04:53.971+0000] {processor.py:208} INFO - Processing /home/ubuntu/airflow/dags/weather_dag.py took 0.075 seconds
[2025-01-28T06:05:48.366+0000] {processor.py:186} INFO - Started process (PID=2617) to work on /home/ubuntu/airflow/dags/weather_dag.py
[2025-01-28T06:05:48.368+0000] {processor.py:914} INFO - Processing file /home/ubuntu/airflow/dags/weather_dag.py for tasks to queue
[2025-01-28T06:05:48.370+0000] {logging_mixin.py:190} INFO - [2025-01-28T06:05:48.370+0000] {dagbag.py:588} INFO - Filling up the DagBag from /home/ubuntu/airflow/dags/weather_dag.py
[2025-01-28T06:05:48.384+0000] {processor.py:925} INFO - DAG(s) 'weather_dag' retrieved from /home/ubuntu/airflow/dags/weather_dag.py
[2025-01-28T06:05:48.406+0000] {logging_mixin.py:190} INFO - [2025-01-28T06:05:48.406+0000] {dag.py:3239} INFO - Sync 1 DAGs
[2025-01-28T06:05:48.425+0000] {logging_mixin.py:190} INFO - [2025-01-28T06:05:48.425+0000] {dag.py:4180} INFO - Setting next_dagrun for weather_dag to 2025-01-28 00:00:00+00:00, run_after=2025-01-29 00:00:00+00:00
[2025-01-28T06:05:48.447+0000] {processor.py:208} INFO - Processing /home/ubuntu/airflow/dags/weather_dag.py took 0.086 seconds
[2025-01-28T06:06:28.339+0000] {processor.py:186} INFO - Started process (PID=2669) to work on /home/ubuntu/airflow/dags/weather_dag.py
[2025-01-28T06:06:28.341+0000] {processor.py:914} INFO - Processing file /home/ubuntu/airflow/dags/weather_dag.py for tasks to queue
[2025-01-28T06:06:28.343+0000] {logging_mixin.py:190} INFO - [2025-01-28T06:06:28.343+0000] {dagbag.py:588} INFO - Filling up the DagBag from /home/ubuntu/airflow/dags/weather_dag.py
[2025-01-28T06:06:28.354+0000] {processor.py:925} INFO - DAG(s) 'weather_dag' retrieved from /home/ubuntu/airflow/dags/weather_dag.py
[2025-01-28T06:06:28.375+0000] {logging_mixin.py:190} INFO - [2025-01-28T06:06:28.375+0000] {dag.py:3239} INFO - Sync 1 DAGs
[2025-01-28T06:06:28.395+0000] {logging_mixin.py:190} INFO - [2025-01-28T06:06:28.394+0000] {dag.py:4180} INFO - Setting next_dagrun for weather_dag to 2025-01-28 00:00:00+00:00, run_after=2025-01-29 00:00:00+00:00
[2025-01-28T06:06:28.417+0000] {processor.py:208} INFO - Processing /home/ubuntu/airflow/dags/weather_dag.py took 0.083 seconds
[2025-01-28T06:07:04.140+0000] {processor.py:186} INFO - Started process (PID=2710) to work on /home/ubuntu/airflow/dags/weather_dag.py
[2025-01-28T06:07:04.142+0000] {processor.py:914} INFO - Processing file /home/ubuntu/airflow/dags/weather_dag.py for tasks to queue
[2025-01-28T06:07:04.143+0000] {logging_mixin.py:190} INFO - [2025-01-28T06:07:04.143+0000] {dagbag.py:588} INFO - Filling up the DagBag from /home/ubuntu/airflow/dags/weather_dag.py
[2025-01-28T06:07:04.153+0000] {processor.py:925} INFO - DAG(s) 'weather_dag' retrieved from /home/ubuntu/airflow/dags/weather_dag.py
[2025-01-28T06:07:04.169+0000] {logging_mixin.py:190} INFO - [2025-01-28T06:07:04.169+0000] {dag.py:3239} INFO - Sync 1 DAGs
[2025-01-28T06:07:04.187+0000] {logging_mixin.py:190} INFO - [2025-01-28T06:07:04.187+0000] {dag.py:4180} INFO - Setting next_dagrun for weather_dag to 2025-01-28 00:00:00+00:00, run_after=2025-01-29 00:00:00+00:00
[2025-01-28T06:07:04.208+0000] {processor.py:208} INFO - Processing /home/ubuntu/airflow/dags/weather_dag.py took 0.073 seconds
[2025-01-28T06:08:01.973+0000] {processor.py:186} INFO - Started process (PID=2769) to work on /home/ubuntu/airflow/dags/weather_dag.py
[2025-01-28T06:08:01.974+0000] {processor.py:914} INFO - Processing file /home/ubuntu/airflow/dags/weather_dag.py for tasks to queue
[2025-01-28T06:08:01.977+0000] {logging_mixin.py:190} INFO - [2025-01-28T06:08:01.977+0000] {dagbag.py:588} INFO - Filling up the DagBag from /home/ubuntu/airflow/dags/weather_dag.py
[2025-01-28T06:08:01.988+0000] {processor.py:925} INFO - DAG(s) 'weather_dag' retrieved from /home/ubuntu/airflow/dags/weather_dag.py
[2025-01-28T06:08:02.004+0000] {logging_mixin.py:190} INFO - [2025-01-28T06:08:02.004+0000] {dag.py:3239} INFO - Sync 1 DAGs
[2025-01-28T06:08:02.023+0000] {logging_mixin.py:190} INFO - [2025-01-28T06:08:02.023+0000] {dag.py:4180} INFO - Setting next_dagrun for weather_dag to 2025-01-28 00:00:00+00:00, run_after=2025-01-29 00:00:00+00:00
[2025-01-28T06:08:02.045+0000] {processor.py:208} INFO - Processing /home/ubuntu/airflow/dags/weather_dag.py took 0.077 seconds
[2025-01-28T06:08:59.252+0000] {processor.py:186} INFO - Started process (PID=2828) to work on /home/ubuntu/airflow/dags/weather_dag.py
[2025-01-28T06:08:59.254+0000] {processor.py:914} INFO - Processing file /home/ubuntu/airflow/dags/weather_dag.py for tasks to queue
[2025-01-28T06:08:59.256+0000] {logging_mixin.py:190} INFO - [2025-01-28T06:08:59.256+0000] {dagbag.py:588} INFO - Filling up the DagBag from /home/ubuntu/airflow/dags/weather_dag.py
[2025-01-28T06:08:59.267+0000] {processor.py:925} INFO - DAG(s) 'weather_dag' retrieved from /home/ubuntu/airflow/dags/weather_dag.py
[2025-01-28T06:08:59.282+0000] {logging_mixin.py:190} INFO - [2025-01-28T06:08:59.281+0000] {dag.py:3239} INFO - Sync 1 DAGs
[2025-01-28T06:08:59.300+0000] {logging_mixin.py:190} INFO - [2025-01-28T06:08:59.300+0000] {dag.py:4180} INFO - Setting next_dagrun for weather_dag to 2025-01-28 00:00:00+00:00, run_after=2025-01-29 00:00:00+00:00
[2025-01-28T06:08:59.325+0000] {processor.py:208} INFO - Processing /home/ubuntu/airflow/dags/weather_dag.py took 0.078 seconds
[2025-01-28T06:09:51.021+0000] {processor.py:186} INFO - Started process (PID=2897) to work on /home/ubuntu/airflow/dags/weather_dag.py
[2025-01-28T06:09:51.022+0000] {processor.py:914} INFO - Processing file /home/ubuntu/airflow/dags/weather_dag.py for tasks to queue
[2025-01-28T06:09:51.024+0000] {logging_mixin.py:190} INFO - [2025-01-28T06:09:51.024+0000] {dagbag.py:588} INFO - Filling up the DagBag from /home/ubuntu/airflow/dags/weather_dag.py
[2025-01-28T06:09:51.036+0000] {processor.py:925} INFO - DAG(s) 'weather_dag' retrieved from /home/ubuntu/airflow/dags/weather_dag.py
[2025-01-28T06:09:51.052+0000] {logging_mixin.py:190} INFO - [2025-01-28T06:09:51.052+0000] {dag.py:3239} INFO - Sync 1 DAGs
[2025-01-28T06:09:51.070+0000] {logging_mixin.py:190} INFO - [2025-01-28T06:09:51.070+0000] {dag.py:4180} INFO - Setting next_dagrun for weather_dag to 2025-01-28 00:00:00+00:00, run_after=2025-01-29 00:00:00+00:00
[2025-01-28T06:09:51.092+0000] {processor.py:208} INFO - Processing /home/ubuntu/airflow/dags/weather_dag.py took 0.076 seconds
[2025-01-28T06:10:46.400+0000] {processor.py:186} INFO - Started process (PID=2962) to work on /home/ubuntu/airflow/dags/weather_dag.py
[2025-01-28T06:10:46.402+0000] {processor.py:914} INFO - Processing file /home/ubuntu/airflow/dags/weather_dag.py for tasks to queue
[2025-01-28T06:10:46.403+0000] {logging_mixin.py:190} INFO - [2025-01-28T06:10:46.403+0000] {dagbag.py:588} INFO - Filling up the DagBag from /home/ubuntu/airflow/dags/weather_dag.py
[2025-01-28T06:10:46.414+0000] {processor.py:925} INFO - DAG(s) 'weather_dag' retrieved from /home/ubuntu/airflow/dags/weather_dag.py
[2025-01-28T06:10:46.429+0000] {logging_mixin.py:190} INFO - [2025-01-28T06:10:46.429+0000] {dag.py:3239} INFO - Sync 1 DAGs
[2025-01-28T06:10:46.448+0000] {logging_mixin.py:190} INFO - [2025-01-28T06:10:46.448+0000] {dag.py:4180} INFO - Setting next_dagrun for weather_dag to 2025-01-28 00:00:00+00:00, run_after=2025-01-29 00:00:00+00:00
[2025-01-28T06:10:46.470+0000] {processor.py:208} INFO - Processing /home/ubuntu/airflow/dags/weather_dag.py took 0.075 seconds
[2025-01-28T06:11:38.996+0000] {processor.py:186} INFO - Started process (PID=3018) to work on /home/ubuntu/airflow/dags/weather_dag.py
[2025-01-28T06:11:38.998+0000] {processor.py:914} INFO - Processing file /home/ubuntu/airflow/dags/weather_dag.py for tasks to queue
[2025-01-28T06:11:39.000+0000] {logging_mixin.py:190} INFO - [2025-01-28T06:11:39.000+0000] {dagbag.py:588} INFO - Filling up the DagBag from /home/ubuntu/airflow/dags/weather_dag.py
[2025-01-28T06:11:39.010+0000] {processor.py:925} INFO - DAG(s) 'weather_dag' retrieved from /home/ubuntu/airflow/dags/weather_dag.py
[2025-01-28T06:11:39.026+0000] {logging_mixin.py:190} INFO - [2025-01-28T06:11:39.026+0000] {dag.py:3239} INFO - Sync 1 DAGs
[2025-01-28T06:11:39.045+0000] {logging_mixin.py:190} INFO - [2025-01-28T06:11:39.045+0000] {dag.py:4180} INFO - Setting next_dagrun for weather_dag to 2025-01-28 00:00:00+00:00, run_after=2025-01-29 00:00:00+00:00
[2025-01-28T06:11:39.065+0000] {processor.py:208} INFO - Processing /home/ubuntu/airflow/dags/weather_dag.py took 0.075 seconds
[2025-01-28T06:12:32.782+0000] {processor.py:186} INFO - Started process (PID=3073) to work on /home/ubuntu/airflow/dags/weather_dag.py
[2025-01-28T06:12:32.784+0000] {processor.py:914} INFO - Processing file /home/ubuntu/airflow/dags/weather_dag.py for tasks to queue
[2025-01-28T06:12:32.785+0000] {logging_mixin.py:190} INFO - [2025-01-28T06:12:32.785+0000] {dagbag.py:588} INFO - Filling up the DagBag from /home/ubuntu/airflow/dags/weather_dag.py
[2025-01-28T06:12:32.796+0000] {processor.py:925} INFO - DAG(s) 'weather_dag' retrieved from /home/ubuntu/airflow/dags/weather_dag.py
[2025-01-28T06:12:32.811+0000] {logging_mixin.py:190} INFO - [2025-01-28T06:12:32.811+0000] {dag.py:3239} INFO - Sync 1 DAGs
[2025-01-28T06:12:32.830+0000] {logging_mixin.py:190} INFO - [2025-01-28T06:12:32.830+0000] {dag.py:4180} INFO - Setting next_dagrun for weather_dag to 2025-01-28 00:00:00+00:00, run_after=2025-01-29 00:00:00+00:00
[2025-01-28T06:12:32.851+0000] {processor.py:208} INFO - Processing /home/ubuntu/airflow/dags/weather_dag.py took 0.075 seconds
[2025-01-28T06:13:27.167+0000] {processor.py:186} INFO - Started process (PID=3130) to work on /home/ubuntu/airflow/dags/weather_dag.py
[2025-01-28T06:13:27.169+0000] {processor.py:914} INFO - Processing file /home/ubuntu/airflow/dags/weather_dag.py for tasks to queue
[2025-01-28T06:13:27.171+0000] {logging_mixin.py:190} INFO - [2025-01-28T06:13:27.171+0000] {dagbag.py:588} INFO - Filling up the DagBag from /home/ubuntu/airflow/dags/weather_dag.py
[2025-01-28T06:13:27.181+0000] {processor.py:925} INFO - DAG(s) 'weather_dag' retrieved from /home/ubuntu/airflow/dags/weather_dag.py
[2025-01-28T06:13:27.197+0000] {logging_mixin.py:190} INFO - [2025-01-28T06:13:27.196+0000] {dag.py:3239} INFO - Sync 1 DAGs
[2025-01-28T06:13:27.215+0000] {logging_mixin.py:190} INFO - [2025-01-28T06:13:27.215+0000] {dag.py:4180} INFO - Setting next_dagrun for weather_dag to 2025-01-28 00:00:00+00:00, run_after=2025-01-29 00:00:00+00:00
[2025-01-28T06:13:27.238+0000] {processor.py:208} INFO - Processing /home/ubuntu/airflow/dags/weather_dag.py took 0.076 seconds
[2025-01-28T06:14:19.818+0000] {processor.py:186} INFO - Started process (PID=3185) to work on /home/ubuntu/airflow/dags/weather_dag.py
[2025-01-28T06:14:19.820+0000] {processor.py:914} INFO - Processing file /home/ubuntu/airflow/dags/weather_dag.py for tasks to queue
[2025-01-28T06:14:19.822+0000] {logging_mixin.py:190} INFO - [2025-01-28T06:14:19.821+0000] {dagbag.py:588} INFO - Filling up the DagBag from /home/ubuntu/airflow/dags/weather_dag.py
[2025-01-28T06:14:19.832+0000] {processor.py:925} INFO - DAG(s) 'weather_dag' retrieved from /home/ubuntu/airflow/dags/weather_dag.py
[2025-01-28T06:14:19.848+0000] {logging_mixin.py:190} INFO - [2025-01-28T06:14:19.847+0000] {dag.py:3239} INFO - Sync 1 DAGs
[2025-01-28T06:14:19.866+0000] {logging_mixin.py:190} INFO - [2025-01-28T06:14:19.866+0000] {dag.py:4180} INFO - Setting next_dagrun for weather_dag to 2025-01-28 00:00:00+00:00, run_after=2025-01-29 00:00:00+00:00
[2025-01-28T06:14:19.889+0000] {processor.py:208} INFO - Processing /home/ubuntu/airflow/dags/weather_dag.py took 0.076 seconds
[2025-01-28T06:15:13.717+0000] {processor.py:186} INFO - Started process (PID=3243) to work on /home/ubuntu/airflow/dags/weather_dag.py
[2025-01-28T06:15:13.718+0000] {processor.py:914} INFO - Processing file /home/ubuntu/airflow/dags/weather_dag.py for tasks to queue
[2025-01-28T06:15:13.722+0000] {logging_mixin.py:190} INFO - [2025-01-28T06:15:13.721+0000] {dagbag.py:588} INFO - Filling up the DagBag from /home/ubuntu/airflow/dags/weather_dag.py
[2025-01-28T06:15:13.734+0000] {processor.py:925} INFO - DAG(s) 'weather_dag' retrieved from /home/ubuntu/airflow/dags/weather_dag.py
[2025-01-28T06:15:13.750+0000] {logging_mixin.py:190} INFO - [2025-01-28T06:15:13.750+0000] {dag.py:3239} INFO - Sync 1 DAGs
[2025-01-28T06:15:13.770+0000] {logging_mixin.py:190} INFO - [2025-01-28T06:15:13.770+0000] {dag.py:4180} INFO - Setting next_dagrun for weather_dag to 2025-01-28 00:00:00+00:00, run_after=2025-01-29 00:00:00+00:00
[2025-01-28T06:15:13.791+0000] {processor.py:208} INFO - Processing /home/ubuntu/airflow/dags/weather_dag.py took 0.080 seconds
[2025-01-28T06:16:05.217+0000] {processor.py:186} INFO - Started process (PID=3298) to work on /home/ubuntu/airflow/dags/weather_dag.py
[2025-01-28T06:16:05.219+0000] {processor.py:914} INFO - Processing file /home/ubuntu/airflow/dags/weather_dag.py for tasks to queue
[2025-01-28T06:16:05.221+0000] {logging_mixin.py:190} INFO - [2025-01-28T06:16:05.221+0000] {dagbag.py:588} INFO - Filling up the DagBag from /home/ubuntu/airflow/dags/weather_dag.py
[2025-01-28T06:16:05.231+0000] {processor.py:925} INFO - DAG(s) 'weather_dag' retrieved from /home/ubuntu/airflow/dags/weather_dag.py
[2025-01-28T06:16:05.247+0000] {logging_mixin.py:190} INFO - [2025-01-28T06:16:05.246+0000] {dag.py:3239} INFO - Sync 1 DAGs
[2025-01-28T06:16:05.265+0000] {logging_mixin.py:190} INFO - [2025-01-28T06:16:05.265+0000] {dag.py:4180} INFO - Setting next_dagrun for weather_dag to 2025-01-28 00:00:00+00:00, run_after=2025-01-29 00:00:00+00:00
[2025-01-28T06:16:05.320+0000] {processor.py:208} INFO - Processing /home/ubuntu/airflow/dags/weather_dag.py took 0.109 seconds
[2025-01-28T06:16:58.383+0000] {processor.py:186} INFO - Started process (PID=3354) to work on /home/ubuntu/airflow/dags/weather_dag.py
[2025-01-28T06:16:58.385+0000] {processor.py:914} INFO - Processing file /home/ubuntu/airflow/dags/weather_dag.py for tasks to queue
[2025-01-28T06:16:58.387+0000] {logging_mixin.py:190} INFO - [2025-01-28T06:16:58.386+0000] {dagbag.py:588} INFO - Filling up the DagBag from /home/ubuntu/airflow/dags/weather_dag.py
[2025-01-28T06:16:58.397+0000] {processor.py:925} INFO - DAG(s) 'weather_dag' retrieved from /home/ubuntu/airflow/dags/weather_dag.py
[2025-01-28T06:16:58.413+0000] {logging_mixin.py:190} INFO - [2025-01-28T06:16:58.412+0000] {dag.py:3239} INFO - Sync 1 DAGs
[2025-01-28T06:16:58.431+0000] {logging_mixin.py:190} INFO - [2025-01-28T06:16:58.431+0000] {dag.py:4180} INFO - Setting next_dagrun for weather_dag to 2025-01-28 00:00:00+00:00, run_after=2025-01-29 00:00:00+00:00
[2025-01-28T06:16:58.452+0000] {processor.py:208} INFO - Processing /home/ubuntu/airflow/dags/weather_dag.py took 0.074 seconds
[2025-01-28T06:18:00.512+0000] {processor.py:186} INFO - Started process (PID=3425) to work on /home/ubuntu/airflow/dags/weather_dag.py
[2025-01-28T06:18:00.514+0000] {processor.py:914} INFO - Processing file /home/ubuntu/airflow/dags/weather_dag.py for tasks to queue
[2025-01-28T06:18:00.516+0000] {logging_mixin.py:190} INFO - [2025-01-28T06:18:00.516+0000] {dagbag.py:588} INFO - Filling up the DagBag from /home/ubuntu/airflow/dags/weather_dag.py
[2025-01-28T06:18:00.527+0000] {processor.py:925} INFO - DAG(s) 'weather_dag' retrieved from /home/ubuntu/airflow/dags/weather_dag.py
[2025-01-28T06:18:00.541+0000] {logging_mixin.py:190} INFO - [2025-01-28T06:18:00.541+0000] {dag.py:3239} INFO - Sync 1 DAGs
[2025-01-28T06:18:00.561+0000] {logging_mixin.py:190} INFO - [2025-01-28T06:18:00.561+0000] {dag.py:4180} INFO - Setting next_dagrun for weather_dag to 2025-01-28 00:00:00+00:00, run_after=2025-01-29 00:00:00+00:00
[2025-01-28T06:18:00.584+0000] {processor.py:208} INFO - Processing /home/ubuntu/airflow/dags/weather_dag.py took 0.077 seconds
[2025-01-28T06:18:34.159+0000] {processor.py:186} INFO - Started process (PID=3497) to work on /home/ubuntu/airflow/dags/weather_dag.py
[2025-01-28T06:18:34.161+0000] {processor.py:914} INFO - Processing file /home/ubuntu/airflow/dags/weather_dag.py for tasks to queue
[2025-01-28T06:18:34.162+0000] {logging_mixin.py:190} INFO - [2025-01-28T06:18:34.162+0000] {dagbag.py:588} INFO - Filling up the DagBag from /home/ubuntu/airflow/dags/weather_dag.py
[2025-01-28T06:18:34.173+0000] {processor.py:925} INFO - DAG(s) 'weather_dag' retrieved from /home/ubuntu/airflow/dags/weather_dag.py
[2025-01-28T06:18:34.188+0000] {logging_mixin.py:190} INFO - [2025-01-28T06:18:34.187+0000] {dag.py:3239} INFO - Sync 1 DAGs
[2025-01-28T06:18:34.206+0000] {logging_mixin.py:190} INFO - [2025-01-28T06:18:34.206+0000] {dag.py:4180} INFO - Setting next_dagrun for weather_dag to 2025-01-28 00:00:00+00:00, run_after=2025-01-29 00:00:00+00:00
[2025-01-28T06:18:34.227+0000] {processor.py:208} INFO - Processing /home/ubuntu/airflow/dags/weather_dag.py took 0.073 seconds
[2025-01-28T06:19:23.514+0000] {processor.py:186} INFO - Started process (PID=3549) to work on /home/ubuntu/airflow/dags/weather_dag.py
[2025-01-28T06:19:23.515+0000] {processor.py:914} INFO - Processing file /home/ubuntu/airflow/dags/weather_dag.py for tasks to queue
[2025-01-28T06:19:23.518+0000] {logging_mixin.py:190} INFO - [2025-01-28T06:19:23.517+0000] {dagbag.py:588} INFO - Filling up the DagBag from /home/ubuntu/airflow/dags/weather_dag.py
[2025-01-28T06:19:23.527+0000] {processor.py:925} INFO - DAG(s) 'weather_dag' retrieved from /home/ubuntu/airflow/dags/weather_dag.py
[2025-01-28T06:19:23.543+0000] {logging_mixin.py:190} INFO - [2025-01-28T06:19:23.543+0000] {dag.py:3239} INFO - Sync 1 DAGs
[2025-01-28T06:19:23.562+0000] {logging_mixin.py:190} INFO - [2025-01-28T06:19:23.561+0000] {dag.py:4180} INFO - Setting next_dagrun for weather_dag to 2025-01-28 00:00:00+00:00, run_after=2025-01-29 00:00:00+00:00
[2025-01-28T06:19:23.586+0000] {processor.py:208} INFO - Processing /home/ubuntu/airflow/dags/weather_dag.py took 0.078 seconds
[2025-01-28T06:20:19.953+0000] {processor.py:186} INFO - Started process (PID=3612) to work on /home/ubuntu/airflow/dags/weather_dag.py
[2025-01-28T06:20:19.955+0000] {processor.py:914} INFO - Processing file /home/ubuntu/airflow/dags/weather_dag.py for tasks to queue
[2025-01-28T06:20:19.957+0000] {logging_mixin.py:190} INFO - [2025-01-28T06:20:19.957+0000] {dagbag.py:588} INFO - Filling up the DagBag from /home/ubuntu/airflow/dags/weather_dag.py
[2025-01-28T06:20:19.967+0000] {processor.py:925} INFO - DAG(s) 'weather_dag' retrieved from /home/ubuntu/airflow/dags/weather_dag.py
[2025-01-28T06:20:19.984+0000] {logging_mixin.py:190} INFO - [2025-01-28T06:20:19.984+0000] {dag.py:3239} INFO - Sync 1 DAGs
[2025-01-28T06:20:20.002+0000] {logging_mixin.py:190} INFO - [2025-01-28T06:20:20.002+0000] {dag.py:4180} INFO - Setting next_dagrun for weather_dag to 2025-01-28 00:00:00+00:00, run_after=2025-01-29 00:00:00+00:00
[2025-01-28T06:20:20.026+0000] {processor.py:208} INFO - Processing /home/ubuntu/airflow/dags/weather_dag.py took 0.078 seconds
[2025-01-28T06:21:15.191+0000] {processor.py:186} INFO - Started process (PID=3770) to work on /home/ubuntu/airflow/dags/weather_dag.py
[2025-01-28T06:21:15.193+0000] {processor.py:914} INFO - Processing file /home/ubuntu/airflow/dags/weather_dag.py for tasks to queue
[2025-01-28T06:21:15.195+0000] {logging_mixin.py:190} INFO - [2025-01-28T06:21:15.195+0000] {dagbag.py:588} INFO - Filling up the DagBag from /home/ubuntu/airflow/dags/weather_dag.py
[2025-01-28T06:21:15.205+0000] {processor.py:925} INFO - DAG(s) 'weather_dag' retrieved from /home/ubuntu/airflow/dags/weather_dag.py
[2025-01-28T06:21:15.220+0000] {logging_mixin.py:190} INFO - [2025-01-28T06:21:15.220+0000] {dag.py:3239} INFO - Sync 1 DAGs
[2025-01-28T06:21:15.239+0000] {logging_mixin.py:190} INFO - [2025-01-28T06:21:15.239+0000] {dag.py:4180} INFO - Setting next_dagrun for weather_dag to 2025-01-28 00:00:00+00:00, run_after=2025-01-29 00:00:00+00:00
[2025-01-28T06:21:15.261+0000] {processor.py:208} INFO - Processing /home/ubuntu/airflow/dags/weather_dag.py took 0.075 seconds
[2025-01-28T06:22:10.533+0000] {processor.py:186} INFO - Started process (PID=3869) to work on /home/ubuntu/airflow/dags/weather_dag.py
[2025-01-28T06:22:10.536+0000] {processor.py:914} INFO - Processing file /home/ubuntu/airflow/dags/weather_dag.py for tasks to queue
[2025-01-28T06:22:10.538+0000] {logging_mixin.py:190} INFO - [2025-01-28T06:22:10.538+0000] {dagbag.py:588} INFO - Filling up the DagBag from /home/ubuntu/airflow/dags/weather_dag.py
[2025-01-28T06:22:10.549+0000] {processor.py:925} INFO - DAG(s) 'weather_dag' retrieved from /home/ubuntu/airflow/dags/weather_dag.py
[2025-01-28T06:22:10.564+0000] {logging_mixin.py:190} INFO - [2025-01-28T06:22:10.564+0000] {dag.py:3239} INFO - Sync 1 DAGs
[2025-01-28T06:22:10.583+0000] {logging_mixin.py:190} INFO - [2025-01-28T06:22:10.583+0000] {dag.py:4180} INFO - Setting next_dagrun for weather_dag to 2025-01-28 00:00:00+00:00, run_after=2025-01-29 00:00:00+00:00
[2025-01-28T06:22:10.605+0000] {processor.py:208} INFO - Processing /home/ubuntu/airflow/dags/weather_dag.py took 0.077 seconds
[2025-01-28T06:22:40.714+0000] {processor.py:186} INFO - Started process (PID=3901) to work on /home/ubuntu/airflow/dags/weather_dag.py
[2025-01-28T06:22:40.714+0000] {processor.py:914} INFO - Processing file /home/ubuntu/airflow/dags/weather_dag.py for tasks to queue
[2025-01-28T06:22:40.716+0000] {logging_mixin.py:190} INFO - [2025-01-28T06:22:40.716+0000] {dagbag.py:588} INFO - Filling up the DagBag from /home/ubuntu/airflow/dags/weather_dag.py
[2025-01-28T06:22:40.727+0000] {processor.py:925} INFO - DAG(s) 'weather_dag' retrieved from /home/ubuntu/airflow/dags/weather_dag.py
[2025-01-28T06:22:40.742+0000] {logging_mixin.py:190} INFO - [2025-01-28T06:22:40.742+0000] {dag.py:3239} INFO - Sync 1 DAGs
[2025-01-28T06:22:40.760+0000] {logging_mixin.py:190} INFO - [2025-01-28T06:22:40.760+0000] {dag.py:4180} INFO - Setting next_dagrun for weather_dag to 2025-01-28 00:00:00+00:00, run_after=2025-01-29 00:00:00+00:00
[2025-01-28T06:22:40.783+0000] {processor.py:208} INFO - Processing /home/ubuntu/airflow/dags/weather_dag.py took 0.075 seconds
[2025-01-28T06:23:34.122+0000] {processor.py:186} INFO - Started process (PID=4386) to work on /home/ubuntu/airflow/dags/weather_dag.py
[2025-01-28T06:23:34.126+0000] {processor.py:914} INFO - Processing file /home/ubuntu/airflow/dags/weather_dag.py for tasks to queue
[2025-01-28T06:23:34.128+0000] {logging_mixin.py:190} INFO - [2025-01-28T06:23:34.128+0000] {dagbag.py:588} INFO - Filling up the DagBag from /home/ubuntu/airflow/dags/weather_dag.py
[2025-01-28T06:23:34.140+0000] {processor.py:925} INFO - DAG(s) 'weather_dag' retrieved from /home/ubuntu/airflow/dags/weather_dag.py
[2025-01-28T06:23:34.156+0000] {logging_mixin.py:190} INFO - [2025-01-28T06:23:34.156+0000] {dag.py:3239} INFO - Sync 1 DAGs
[2025-01-28T06:23:34.180+0000] {logging_mixin.py:190} INFO - [2025-01-28T06:23:34.179+0000] {dag.py:4180} INFO - Setting next_dagrun for weather_dag to 2025-01-28 00:00:00+00:00, run_after=2025-01-29 00:00:00+00:00
[2025-01-28T06:23:34.202+0000] {processor.py:208} INFO - Processing /home/ubuntu/airflow/dags/weather_dag.py took 0.087 seconds
[2025-01-28T06:24:28.634+0000] {processor.py:186} INFO - Started process (PID=4525) to work on /home/ubuntu/airflow/dags/weather_dag.py
[2025-01-28T06:24:28.636+0000] {processor.py:914} INFO - Processing file /home/ubuntu/airflow/dags/weather_dag.py for tasks to queue
[2025-01-28T06:24:28.638+0000] {logging_mixin.py:190} INFO - [2025-01-28T06:24:28.638+0000] {dagbag.py:588} INFO - Filling up the DagBag from /home/ubuntu/airflow/dags/weather_dag.py
[2025-01-28T06:24:28.648+0000] {processor.py:925} INFO - DAG(s) 'weather_dag' retrieved from /home/ubuntu/airflow/dags/weather_dag.py
[2025-01-28T06:24:28.664+0000] {logging_mixin.py:190} INFO - [2025-01-28T06:24:28.663+0000] {dag.py:3239} INFO - Sync 1 DAGs
[2025-01-28T06:24:28.682+0000] {logging_mixin.py:190} INFO - [2025-01-28T06:24:28.682+0000] {dag.py:4180} INFO - Setting next_dagrun for weather_dag to 2025-01-28 00:00:00+00:00, run_after=2025-01-29 00:00:00+00:00
[2025-01-28T06:24:28.700+0000] {processor.py:208} INFO - Processing /home/ubuntu/airflow/dags/weather_dag.py took 0.071 seconds
[2025-01-28T06:25:22.332+0000] {processor.py:186} INFO - Started process (PID=4952) to work on /home/ubuntu/airflow/dags/weather_dag.py
[2025-01-28T06:25:22.334+0000] {processor.py:914} INFO - Processing file /home/ubuntu/airflow/dags/weather_dag.py for tasks to queue
[2025-01-28T06:25:22.335+0000] {logging_mixin.py:190} INFO - [2025-01-28T06:25:22.335+0000] {dagbag.py:588} INFO - Filling up the DagBag from /home/ubuntu/airflow/dags/weather_dag.py
[2025-01-28T06:25:22.346+0000] {processor.py:925} INFO - DAG(s) 'weather_dag' retrieved from /home/ubuntu/airflow/dags/weather_dag.py
[2025-01-28T06:25:22.362+0000] {logging_mixin.py:190} INFO - [2025-01-28T06:25:22.361+0000] {dag.py:3239} INFO - Sync 1 DAGs
[2025-01-28T06:25:22.384+0000] {logging_mixin.py:190} INFO - [2025-01-28T06:25:22.384+0000] {dag.py:4180} INFO - Setting next_dagrun for weather_dag to 2025-01-28 00:00:00+00:00, run_after=2025-01-29 00:00:00+00:00
[2025-01-28T06:25:22.404+0000] {processor.py:208} INFO - Processing /home/ubuntu/airflow/dags/weather_dag.py took 0.077 seconds
[2025-01-28T06:26:17.662+0000] {processor.py:186} INFO - Started process (PID=5151) to work on /home/ubuntu/airflow/dags/weather_dag.py
[2025-01-28T06:26:17.663+0000] {processor.py:914} INFO - Processing file /home/ubuntu/airflow/dags/weather_dag.py for tasks to queue
[2025-01-28T06:26:17.666+0000] {logging_mixin.py:190} INFO - [2025-01-28T06:26:17.666+0000] {dagbag.py:588} INFO - Filling up the DagBag from /home/ubuntu/airflow/dags/weather_dag.py
[2025-01-28T06:26:17.676+0000] {processor.py:925} INFO - DAG(s) 'weather_dag' retrieved from /home/ubuntu/airflow/dags/weather_dag.py
[2025-01-28T06:26:17.691+0000] {logging_mixin.py:190} INFO - [2025-01-28T06:26:17.691+0000] {dag.py:3239} INFO - Sync 1 DAGs
[2025-01-28T06:26:17.710+0000] {logging_mixin.py:190} INFO - [2025-01-28T06:26:17.710+0000] {dag.py:4180} INFO - Setting next_dagrun for weather_dag to 2025-01-28 00:00:00+00:00, run_after=2025-01-29 00:00:00+00:00
[2025-01-28T06:26:17.730+0000] {processor.py:208} INFO - Processing /home/ubuntu/airflow/dags/weather_dag.py took 0.073 seconds
[2025-01-28T06:27:10.854+0000] {processor.py:186} INFO - Started process (PID=5210) to work on /home/ubuntu/airflow/dags/weather_dag.py
[2025-01-28T06:27:10.855+0000] {processor.py:914} INFO - Processing file /home/ubuntu/airflow/dags/weather_dag.py for tasks to queue
[2025-01-28T06:27:10.857+0000] {logging_mixin.py:190} INFO - [2025-01-28T06:27:10.856+0000] {dagbag.py:588} INFO - Filling up the DagBag from /home/ubuntu/airflow/dags/weather_dag.py
[2025-01-28T06:27:10.868+0000] {processor.py:925} INFO - DAG(s) 'weather_dag' retrieved from /home/ubuntu/airflow/dags/weather_dag.py
[2025-01-28T06:27:10.882+0000] {logging_mixin.py:190} INFO - [2025-01-28T06:27:10.882+0000] {dag.py:3239} INFO - Sync 1 DAGs
[2025-01-28T06:27:10.902+0000] {logging_mixin.py:190} INFO - [2025-01-28T06:27:10.902+0000] {dag.py:4180} INFO - Setting next_dagrun for weather_dag to 2025-01-28 00:00:00+00:00, run_after=2025-01-29 00:00:00+00:00
[2025-01-28T06:27:10.921+0000] {processor.py:208} INFO - Processing /home/ubuntu/airflow/dags/weather_dag.py took 0.073 seconds
[2025-01-28T06:28:03.225+0000] {processor.py:186} INFO - Started process (PID=5266) to work on /home/ubuntu/airflow/dags/weather_dag.py
[2025-01-28T06:28:03.227+0000] {processor.py:914} INFO - Processing file /home/ubuntu/airflow/dags/weather_dag.py for tasks to queue
[2025-01-28T06:28:03.229+0000] {logging_mixin.py:190} INFO - [2025-01-28T06:28:03.229+0000] {dagbag.py:588} INFO - Filling up the DagBag from /home/ubuntu/airflow/dags/weather_dag.py
[2025-01-28T06:28:03.239+0000] {processor.py:925} INFO - DAG(s) 'weather_dag' retrieved from /home/ubuntu/airflow/dags/weather_dag.py
[2025-01-28T06:28:03.255+0000] {logging_mixin.py:190} INFO - [2025-01-28T06:28:03.255+0000] {dag.py:3239} INFO - Sync 1 DAGs
[2025-01-28T06:28:03.275+0000] {logging_mixin.py:190} INFO - [2025-01-28T06:28:03.275+0000] {dag.py:4180} INFO - Setting next_dagrun for weather_dag to 2025-01-28 00:00:00+00:00, run_after=2025-01-29 00:00:00+00:00
[2025-01-28T06:28:03.295+0000] {processor.py:208} INFO - Processing /home/ubuntu/airflow/dags/weather_dag.py took 0.075 seconds
[2025-01-28T06:28:56.404+0000] {processor.py:186} INFO - Started process (PID=5539) to work on /home/ubuntu/airflow/dags/weather_dag.py
[2025-01-28T06:28:56.405+0000] {processor.py:914} INFO - Processing file /home/ubuntu/airflow/dags/weather_dag.py for tasks to queue
[2025-01-28T06:28:56.407+0000] {logging_mixin.py:190} INFO - [2025-01-28T06:28:56.406+0000] {dagbag.py:588} INFO - Filling up the DagBag from /home/ubuntu/airflow/dags/weather_dag.py
[2025-01-28T06:28:56.417+0000] {processor.py:925} INFO - DAG(s) 'weather_dag' retrieved from /home/ubuntu/airflow/dags/weather_dag.py
[2025-01-28T06:28:56.431+0000] {logging_mixin.py:190} INFO - [2025-01-28T06:28:56.431+0000] {dag.py:3239} INFO - Sync 1 DAGs
[2025-01-28T06:28:56.451+0000] {logging_mixin.py:190} INFO - [2025-01-28T06:28:56.450+0000] {dag.py:4180} INFO - Setting next_dagrun for weather_dag to 2025-01-28 00:00:00+00:00, run_after=2025-01-29 00:00:00+00:00
[2025-01-28T06:28:56.473+0000] {processor.py:208} INFO - Processing /home/ubuntu/airflow/dags/weather_dag.py took 0.074 seconds
[2025-01-28T06:29:52.985+0000] {processor.py:186} INFO - Started process (PID=5597) to work on /home/ubuntu/airflow/dags/weather_dag.py
[2025-01-28T06:29:52.987+0000] {processor.py:914} INFO - Processing file /home/ubuntu/airflow/dags/weather_dag.py for tasks to queue
[2025-01-28T06:29:52.989+0000] {logging_mixin.py:190} INFO - [2025-01-28T06:29:52.988+0000] {dagbag.py:588} INFO - Filling up the DagBag from /home/ubuntu/airflow/dags/weather_dag.py
[2025-01-28T06:29:52.999+0000] {processor.py:925} INFO - DAG(s) 'weather_dag' retrieved from /home/ubuntu/airflow/dags/weather_dag.py
[2025-01-28T06:29:53.016+0000] {logging_mixin.py:190} INFO - [2025-01-28T06:29:53.016+0000] {dag.py:3239} INFO - Sync 1 DAGs
[2025-01-28T06:29:53.036+0000] {logging_mixin.py:190} INFO - [2025-01-28T06:29:53.035+0000] {dag.py:4180} INFO - Setting next_dagrun for weather_dag to 2025-01-28 00:00:00+00:00, run_after=2025-01-29 00:00:00+00:00
[2025-01-28T06:29:53.069+0000] {processor.py:208} INFO - Processing /home/ubuntu/airflow/dags/weather_dag.py took 0.089 seconds
[2025-01-28T06:30:45.775+0000] {processor.py:186} INFO - Started process (PID=5705) to work on /home/ubuntu/airflow/dags/weather_dag.py
[2025-01-28T06:30:45.777+0000] {processor.py:914} INFO - Processing file /home/ubuntu/airflow/dags/weather_dag.py for tasks to queue
[2025-01-28T06:30:45.780+0000] {logging_mixin.py:190} INFO - [2025-01-28T06:30:45.780+0000] {dagbag.py:588} INFO - Filling up the DagBag from /home/ubuntu/airflow/dags/weather_dag.py
[2025-01-28T06:30:45.800+0000] {processor.py:925} INFO - DAG(s) 'weather_dag' retrieved from /home/ubuntu/airflow/dags/weather_dag.py
[2025-01-28T06:30:45.816+0000] {logging_mixin.py:190} INFO - [2025-01-28T06:30:45.815+0000] {dag.py:3239} INFO - Sync 1 DAGs
[2025-01-28T06:30:45.835+0000] {logging_mixin.py:190} INFO - [2025-01-28T06:30:45.835+0000] {dag.py:4180} INFO - Setting next_dagrun for weather_dag to 2025-01-28 00:00:00+00:00, run_after=2025-01-29 00:00:00+00:00
[2025-01-28T06:30:45.858+0000] {processor.py:208} INFO - Processing /home/ubuntu/airflow/dags/weather_dag.py took 0.088 seconds
[2025-01-28T06:31:27.110+0000] {processor.py:186} INFO - Started process (PID=5745) to work on /home/ubuntu/airflow/dags/weather_dag.py
[2025-01-28T06:31:27.113+0000] {processor.py:914} INFO - Processing file /home/ubuntu/airflow/dags/weather_dag.py for tasks to queue
[2025-01-28T06:31:27.115+0000] {logging_mixin.py:190} INFO - [2025-01-28T06:31:27.115+0000] {dagbag.py:588} INFO - Filling up the DagBag from /home/ubuntu/airflow/dags/weather_dag.py
[2025-01-28T06:31:27.126+0000] {processor.py:925} INFO - DAG(s) 'weather_dag' retrieved from /home/ubuntu/airflow/dags/weather_dag.py
[2025-01-28T06:31:27.142+0000] {logging_mixin.py:190} INFO - [2025-01-28T06:31:27.142+0000] {dag.py:3239} INFO - Sync 1 DAGs
[2025-01-28T06:31:27.161+0000] {logging_mixin.py:190} INFO - [2025-01-28T06:31:27.161+0000] {dag.py:4180} INFO - Setting next_dagrun for weather_dag to 2025-01-28 00:00:00+00:00, run_after=2025-01-29 00:00:00+00:00
[2025-01-28T06:31:27.186+0000] {processor.py:208} INFO - Processing /home/ubuntu/airflow/dags/weather_dag.py took 0.080 seconds
[2025-01-28T06:32:08.770+0000] {processor.py:186} INFO - Started process (PID=5789) to work on /home/ubuntu/airflow/dags/weather_dag.py
[2025-01-28T06:32:08.772+0000] {processor.py:914} INFO - Processing file /home/ubuntu/airflow/dags/weather_dag.py for tasks to queue
[2025-01-28T06:32:08.774+0000] {logging_mixin.py:190} INFO - [2025-01-28T06:32:08.774+0000] {dagbag.py:588} INFO - Filling up the DagBag from /home/ubuntu/airflow/dags/weather_dag.py
[2025-01-28T06:32:08.784+0000] {processor.py:925} INFO - DAG(s) 'weather_dag' retrieved from /home/ubuntu/airflow/dags/weather_dag.py
[2025-01-28T06:32:08.800+0000] {logging_mixin.py:190} INFO - [2025-01-28T06:32:08.800+0000] {dag.py:3239} INFO - Sync 1 DAGs
[2025-01-28T06:32:08.821+0000] {logging_mixin.py:190} INFO - [2025-01-28T06:32:08.820+0000] {dag.py:4180} INFO - Setting next_dagrun for weather_dag to 2025-01-28 00:00:00+00:00, run_after=2025-01-29 00:00:00+00:00
[2025-01-28T06:32:08.844+0000] {processor.py:208} INFO - Processing /home/ubuntu/airflow/dags/weather_dag.py took 0.079 seconds
[2025-01-28T06:32:36.705+0000] {processor.py:186} INFO - Started process (PID=5817) to work on /home/ubuntu/airflow/dags/weather_dag.py
[2025-01-28T06:32:36.706+0000] {processor.py:914} INFO - Processing file /home/ubuntu/airflow/dags/weather_dag.py for tasks to queue
[2025-01-28T06:32:36.708+0000] {logging_mixin.py:190} INFO - [2025-01-28T06:32:36.708+0000] {dagbag.py:588} INFO - Filling up the DagBag from /home/ubuntu/airflow/dags/weather_dag.py
[2025-01-28T06:32:36.720+0000] {processor.py:925} INFO - DAG(s) 'weather_dag' retrieved from /home/ubuntu/airflow/dags/weather_dag.py
[2025-01-28T06:32:36.736+0000] {logging_mixin.py:190} INFO - [2025-01-28T06:32:36.736+0000] {dag.py:3239} INFO - Sync 1 DAGs
[2025-01-28T06:32:36.754+0000] {logging_mixin.py:190} INFO - [2025-01-28T06:32:36.754+0000] {dag.py:4180} INFO - Setting next_dagrun for weather_dag to 2025-01-28 00:00:00+00:00, run_after=2025-01-29 00:00:00+00:00
[2025-01-28T06:32:36.778+0000] {processor.py:208} INFO - Processing /home/ubuntu/airflow/dags/weather_dag.py took 0.079 seconds
[2025-01-28T06:33:35.347+0000] {processor.py:186} INFO - Started process (PID=5881) to work on /home/ubuntu/airflow/dags/weather_dag.py
[2025-01-28T06:33:35.348+0000] {processor.py:914} INFO - Processing file /home/ubuntu/airflow/dags/weather_dag.py for tasks to queue
[2025-01-28T06:33:35.350+0000] {logging_mixin.py:190} INFO - [2025-01-28T06:33:35.350+0000] {dagbag.py:588} INFO - Filling up the DagBag from /home/ubuntu/airflow/dags/weather_dag.py
[2025-01-28T06:33:35.361+0000] {processor.py:925} INFO - DAG(s) 'weather_dag' retrieved from /home/ubuntu/airflow/dags/weather_dag.py
[2025-01-28T06:33:35.376+0000] {logging_mixin.py:190} INFO - [2025-01-28T06:33:35.376+0000] {dag.py:3239} INFO - Sync 1 DAGs
[2025-01-28T06:33:35.395+0000] {logging_mixin.py:190} INFO - [2025-01-28T06:33:35.395+0000] {dag.py:4180} INFO - Setting next_dagrun for weather_dag to 2025-01-28 00:00:00+00:00, run_after=2025-01-29 00:00:00+00:00
[2025-01-28T06:33:35.417+0000] {processor.py:208} INFO - Processing /home/ubuntu/airflow/dags/weather_dag.py took 0.076 seconds
[2025-01-28T06:34:05.650+0000] {processor.py:186} INFO - Started process (PID=5912) to work on /home/ubuntu/airflow/dags/weather_dag.py
[2025-01-28T06:34:05.651+0000] {processor.py:914} INFO - Processing file /home/ubuntu/airflow/dags/weather_dag.py for tasks to queue
[2025-01-28T06:34:05.654+0000] {logging_mixin.py:190} INFO - [2025-01-28T06:34:05.653+0000] {dagbag.py:588} INFO - Filling up the DagBag from /home/ubuntu/airflow/dags/weather_dag.py
[2025-01-28T06:34:05.664+0000] {processor.py:925} INFO - DAG(s) 'weather_dag' retrieved from /home/ubuntu/airflow/dags/weather_dag.py
[2025-01-28T06:34:05.678+0000] {logging_mixin.py:190} INFO - [2025-01-28T06:34:05.678+0000] {dag.py:3239} INFO - Sync 1 DAGs
[2025-01-28T06:34:05.697+0000] {logging_mixin.py:190} INFO - [2025-01-28T06:34:05.697+0000] {dag.py:4180} INFO - Setting next_dagrun for weather_dag to 2025-01-28 00:00:00+00:00, run_after=2025-01-29 00:00:00+00:00
[2025-01-28T06:34:05.718+0000] {processor.py:208} INFO - Processing /home/ubuntu/airflow/dags/weather_dag.py took 0.073 seconds
[2025-01-28T06:35:01.403+0000] {processor.py:186} INFO - Started process (PID=5972) to work on /home/ubuntu/airflow/dags/weather_dag.py
[2025-01-28T06:35:01.405+0000] {processor.py:914} INFO - Processing file /home/ubuntu/airflow/dags/weather_dag.py for tasks to queue
[2025-01-28T06:35:01.407+0000] {logging_mixin.py:190} INFO - [2025-01-28T06:35:01.407+0000] {dagbag.py:588} INFO - Filling up the DagBag from /home/ubuntu/airflow/dags/weather_dag.py
[2025-01-28T06:35:01.417+0000] {processor.py:925} INFO - DAG(s) 'weather_dag' retrieved from /home/ubuntu/airflow/dags/weather_dag.py
[2025-01-28T06:35:01.433+0000] {logging_mixin.py:190} INFO - [2025-01-28T06:35:01.433+0000] {dag.py:3239} INFO - Sync 1 DAGs
[2025-01-28T06:35:01.451+0000] {logging_mixin.py:190} INFO - [2025-01-28T06:35:01.451+0000] {dag.py:4180} INFO - Setting next_dagrun for weather_dag to 2025-01-28 00:00:00+00:00, run_after=2025-01-29 00:00:00+00:00
[2025-01-28T06:35:01.473+0000] {processor.py:208} INFO - Processing /home/ubuntu/airflow/dags/weather_dag.py took 0.075 seconds
[2025-01-28T06:35:54.491+0000] {processor.py:186} INFO - Started process (PID=6028) to work on /home/ubuntu/airflow/dags/weather_dag.py
[2025-01-28T06:35:54.494+0000] {processor.py:914} INFO - Processing file /home/ubuntu/airflow/dags/weather_dag.py for tasks to queue
[2025-01-28T06:35:54.496+0000] {logging_mixin.py:190} INFO - [2025-01-28T06:35:54.496+0000] {dagbag.py:588} INFO - Filling up the DagBag from /home/ubuntu/airflow/dags/weather_dag.py
[2025-01-28T06:35:54.507+0000] {processor.py:925} INFO - DAG(s) 'weather_dag' retrieved from /home/ubuntu/airflow/dags/weather_dag.py
[2025-01-28T06:35:54.523+0000] {logging_mixin.py:190} INFO - [2025-01-28T06:35:54.523+0000] {dag.py:3239} INFO - Sync 1 DAGs
[2025-01-28T06:35:54.543+0000] {logging_mixin.py:190} INFO - [2025-01-28T06:35:54.542+0000] {dag.py:4180} INFO - Setting next_dagrun for weather_dag to 2025-01-28 00:00:00+00:00, run_after=2025-01-29 00:00:00+00:00
[2025-01-28T06:35:54.563+0000] {processor.py:208} INFO - Processing /home/ubuntu/airflow/dags/weather_dag.py took 0.077 seconds
[2025-01-28T06:36:45.854+0000] {processor.py:186} INFO - Started process (PID=6081) to work on /home/ubuntu/airflow/dags/weather_dag.py
[2025-01-28T06:36:45.855+0000] {processor.py:914} INFO - Processing file /home/ubuntu/airflow/dags/weather_dag.py for tasks to queue
[2025-01-28T06:36:45.857+0000] {logging_mixin.py:190} INFO - [2025-01-28T06:36:45.857+0000] {dagbag.py:588} INFO - Filling up the DagBag from /home/ubuntu/airflow/dags/weather_dag.py
[2025-01-28T06:36:45.868+0000] {processor.py:925} INFO - DAG(s) 'weather_dag' retrieved from /home/ubuntu/airflow/dags/weather_dag.py
[2025-01-28T06:36:45.883+0000] {logging_mixin.py:190} INFO - [2025-01-28T06:36:45.882+0000] {dag.py:3239} INFO - Sync 1 DAGs
[2025-01-28T06:36:45.901+0000] {logging_mixin.py:190} INFO - [2025-01-28T06:36:45.901+0000] {dag.py:4180} INFO - Setting next_dagrun for weather_dag to 2025-01-28 00:00:00+00:00, run_after=2025-01-29 00:00:00+00:00
[2025-01-28T06:36:45.923+0000] {processor.py:208} INFO - Processing /home/ubuntu/airflow/dags/weather_dag.py took 0.075 seconds
[2025-01-28T06:37:39.352+0000] {processor.py:186} INFO - Started process (PID=6135) to work on /home/ubuntu/airflow/dags/weather_dag.py
[2025-01-28T06:37:39.353+0000] {processor.py:914} INFO - Processing file /home/ubuntu/airflow/dags/weather_dag.py for tasks to queue
[2025-01-28T06:37:39.355+0000] {logging_mixin.py:190} INFO - [2025-01-28T06:37:39.355+0000] {dagbag.py:588} INFO - Filling up the DagBag from /home/ubuntu/airflow/dags/weather_dag.py
[2025-01-28T06:37:39.366+0000] {processor.py:925} INFO - DAG(s) 'weather_dag' retrieved from /home/ubuntu/airflow/dags/weather_dag.py
[2025-01-28T06:37:39.382+0000] {logging_mixin.py:190} INFO - [2025-01-28T06:37:39.382+0000] {dag.py:3239} INFO - Sync 1 DAGs
[2025-01-28T06:37:39.400+0000] {logging_mixin.py:190} INFO - [2025-01-28T06:37:39.400+0000] {dag.py:4180} INFO - Setting next_dagrun for weather_dag to 2025-01-28 00:00:00+00:00, run_after=2025-01-29 00:00:00+00:00
[2025-01-28T06:37:39.423+0000] {processor.py:208} INFO - Processing /home/ubuntu/airflow/dags/weather_dag.py took 0.076 seconds
[2025-01-28T06:38:32.823+0000] {processor.py:186} INFO - Started process (PID=6192) to work on /home/ubuntu/airflow/dags/weather_dag.py
[2025-01-28T06:38:32.825+0000] {processor.py:914} INFO - Processing file /home/ubuntu/airflow/dags/weather_dag.py for tasks to queue
[2025-01-28T06:38:32.827+0000] {logging_mixin.py:190} INFO - [2025-01-28T06:38:32.826+0000] {dagbag.py:588} INFO - Filling up the DagBag from /home/ubuntu/airflow/dags/weather_dag.py
[2025-01-28T06:38:32.838+0000] {processor.py:925} INFO - DAG(s) 'weather_dag' retrieved from /home/ubuntu/airflow/dags/weather_dag.py
[2025-01-28T06:38:32.853+0000] {logging_mixin.py:190} INFO - [2025-01-28T06:38:32.853+0000] {dag.py:3239} INFO - Sync 1 DAGs
[2025-01-28T06:38:32.872+0000] {logging_mixin.py:190} INFO - [2025-01-28T06:38:32.872+0000] {dag.py:4180} INFO - Setting next_dagrun for weather_dag to 2025-01-28 00:00:00+00:00, run_after=2025-01-29 00:00:00+00:00
[2025-01-28T06:38:32.895+0000] {processor.py:208} INFO - Processing /home/ubuntu/airflow/dags/weather_dag.py took 0.077 seconds
[2025-01-28T06:39:29.828+0000] {processor.py:186} INFO - Started process (PID=6249) to work on /home/ubuntu/airflow/dags/weather_dag.py
[2025-01-28T06:39:29.830+0000] {processor.py:914} INFO - Processing file /home/ubuntu/airflow/dags/weather_dag.py for tasks to queue
[2025-01-28T06:39:29.832+0000] {logging_mixin.py:190} INFO - [2025-01-28T06:39:29.832+0000] {dagbag.py:588} INFO - Filling up the DagBag from /home/ubuntu/airflow/dags/weather_dag.py
[2025-01-28T06:39:29.843+0000] {processor.py:925} INFO - DAG(s) 'weather_dag' retrieved from /home/ubuntu/airflow/dags/weather_dag.py
[2025-01-28T06:39:29.857+0000] {logging_mixin.py:190} INFO - [2025-01-28T06:39:29.857+0000] {dag.py:3239} INFO - Sync 1 DAGs
[2025-01-28T06:39:29.875+0000] {logging_mixin.py:190} INFO - [2025-01-28T06:39:29.875+0000] {dag.py:4180} INFO - Setting next_dagrun for weather_dag to 2025-01-28 00:00:00+00:00, run_after=2025-01-29 00:00:00+00:00
[2025-01-28T06:39:29.898+0000] {processor.py:208} INFO - Processing /home/ubuntu/airflow/dags/weather_dag.py took 0.075 seconds
[2025-01-28T06:40:25.948+0000] {processor.py:186} INFO - Started process (PID=6311) to work on /home/ubuntu/airflow/dags/weather_dag.py
[2025-01-28T06:40:25.950+0000] {processor.py:914} INFO - Processing file /home/ubuntu/airflow/dags/weather_dag.py for tasks to queue
[2025-01-28T06:40:25.952+0000] {logging_mixin.py:190} INFO - [2025-01-28T06:40:25.952+0000] {dagbag.py:588} INFO - Filling up the DagBag from /home/ubuntu/airflow/dags/weather_dag.py
[2025-01-28T06:40:25.962+0000] {processor.py:925} INFO - DAG(s) 'weather_dag' retrieved from /home/ubuntu/airflow/dags/weather_dag.py
[2025-01-28T06:40:25.978+0000] {logging_mixin.py:190} INFO - [2025-01-28T06:40:25.978+0000] {dag.py:3239} INFO - Sync 1 DAGs
[2025-01-28T06:40:25.997+0000] {logging_mixin.py:190} INFO - [2025-01-28T06:40:25.997+0000] {dag.py:4180} INFO - Setting next_dagrun for weather_dag to 2025-01-28 00:00:00+00:00, run_after=2025-01-29 00:00:00+00:00
[2025-01-28T06:40:26.020+0000] {processor.py:208} INFO - Processing /home/ubuntu/airflow/dags/weather_dag.py took 0.077 seconds
[2025-01-28T06:41:24.915+0000] {processor.py:186} INFO - Started process (PID=6487) to work on /home/ubuntu/airflow/dags/weather_dag.py
[2025-01-28T06:41:24.916+0000] {processor.py:914} INFO - Processing file /home/ubuntu/airflow/dags/weather_dag.py for tasks to queue
[2025-01-28T06:41:24.919+0000] {logging_mixin.py:190} INFO - [2025-01-28T06:41:24.919+0000] {dagbag.py:588} INFO - Filling up the DagBag from /home/ubuntu/airflow/dags/weather_dag.py
[2025-01-28T06:41:24.929+0000] {processor.py:925} INFO - DAG(s) 'weather_dag' retrieved from /home/ubuntu/airflow/dags/weather_dag.py
[2025-01-28T06:41:24.944+0000] {logging_mixin.py:190} INFO - [2025-01-28T06:41:24.944+0000] {dag.py:3239} INFO - Sync 1 DAGs
[2025-01-28T06:41:24.963+0000] {logging_mixin.py:190} INFO - [2025-01-28T06:41:24.963+0000] {dag.py:4180} INFO - Setting next_dagrun for weather_dag to 2025-01-28 00:00:00+00:00, run_after=2025-01-29 00:00:00+00:00
[2025-01-28T06:41:24.985+0000] {processor.py:208} INFO - Processing /home/ubuntu/airflow/dags/weather_dag.py took 0.076 seconds
[2025-01-28T06:41:57.497+0000] {processor.py:186} INFO - Started process (PID=6535) to work on /home/ubuntu/airflow/dags/weather_dag.py
[2025-01-28T06:41:57.499+0000] {processor.py:914} INFO - Processing file /home/ubuntu/airflow/dags/weather_dag.py for tasks to queue
[2025-01-28T06:41:57.501+0000] {logging_mixin.py:190} INFO - [2025-01-28T06:41:57.501+0000] {dagbag.py:588} INFO - Filling up the DagBag from /home/ubuntu/airflow/dags/weather_dag.py
[2025-01-28T06:41:57.511+0000] {processor.py:925} INFO - DAG(s) 'weather_dag' retrieved from /home/ubuntu/airflow/dags/weather_dag.py
[2025-01-28T06:41:57.527+0000] {logging_mixin.py:190} INFO - [2025-01-28T06:41:57.527+0000] {dag.py:3239} INFO - Sync 1 DAGs
[2025-01-28T06:41:57.546+0000] {logging_mixin.py:190} INFO - [2025-01-28T06:41:57.546+0000] {dag.py:4180} INFO - Setting next_dagrun for weather_dag to 2025-01-28 00:00:00+00:00, run_after=2025-01-29 00:00:00+00:00
[2025-01-28T06:41:57.700+0000] {processor.py:208} INFO - Processing /home/ubuntu/airflow/dags/weather_dag.py took 0.209 seconds
[2025-01-28T06:42:56.085+0000] {processor.py:186} INFO - Started process (PID=6593) to work on /home/ubuntu/airflow/dags/weather_dag.py
[2025-01-28T06:42:56.087+0000] {processor.py:914} INFO - Processing file /home/ubuntu/airflow/dags/weather_dag.py for tasks to queue
[2025-01-28T06:42:56.089+0000] {logging_mixin.py:190} INFO - [2025-01-28T06:42:56.089+0000] {dagbag.py:588} INFO - Filling up the DagBag from /home/ubuntu/airflow/dags/weather_dag.py
[2025-01-28T06:42:56.100+0000] {processor.py:925} INFO - DAG(s) 'weather_dag' retrieved from /home/ubuntu/airflow/dags/weather_dag.py
[2025-01-28T06:42:56.114+0000] {logging_mixin.py:190} INFO - [2025-01-28T06:42:56.114+0000] {dag.py:3239} INFO - Sync 1 DAGs
[2025-01-28T06:42:56.133+0000] {logging_mixin.py:190} INFO - [2025-01-28T06:42:56.133+0000] {dag.py:4180} INFO - Setting next_dagrun for weather_dag to 2025-01-28 00:00:00+00:00, run_after=2025-01-29 00:00:00+00:00
[2025-01-28T06:42:56.157+0000] {processor.py:208} INFO - Processing /home/ubuntu/airflow/dags/weather_dag.py took 0.077 seconds
[2025-01-28T06:43:56.664+0000] {processor.py:186} INFO - Started process (PID=6650) to work on /home/ubuntu/airflow/dags/weather_dag.py
[2025-01-28T06:43:56.666+0000] {processor.py:914} INFO - Processing file /home/ubuntu/airflow/dags/weather_dag.py for tasks to queue
[2025-01-28T06:43:56.668+0000] {logging_mixin.py:190} INFO - [2025-01-28T06:43:56.668+0000] {dagbag.py:588} INFO - Filling up the DagBag from /home/ubuntu/airflow/dags/weather_dag.py
[2025-01-28T06:43:56.679+0000] {processor.py:925} INFO - DAG(s) 'weather_dag' retrieved from /home/ubuntu/airflow/dags/weather_dag.py
[2025-01-28T06:43:56.694+0000] {logging_mixin.py:190} INFO - [2025-01-28T06:43:56.694+0000] {dag.py:3239} INFO - Sync 1 DAGs
[2025-01-28T06:43:56.713+0000] {logging_mixin.py:190} INFO - [2025-01-28T06:43:56.713+0000] {dag.py:4180} INFO - Setting next_dagrun for weather_dag to 2025-01-28 00:00:00+00:00, run_after=2025-01-29 00:00:00+00:00
[2025-01-28T06:43:56.734+0000] {processor.py:208} INFO - Processing /home/ubuntu/airflow/dags/weather_dag.py took 0.075 seconds
[2025-01-28T06:44:31.329+0000] {processor.py:186} INFO - Started process (PID=6684) to work on /home/ubuntu/airflow/dags/weather_dag.py
[2025-01-28T06:44:31.331+0000] {processor.py:914} INFO - Processing file /home/ubuntu/airflow/dags/weather_dag.py for tasks to queue
[2025-01-28T06:44:31.333+0000] {logging_mixin.py:190} INFO - [2025-01-28T06:44:31.333+0000] {dagbag.py:588} INFO - Filling up the DagBag from /home/ubuntu/airflow/dags/weather_dag.py
[2025-01-28T06:44:31.344+0000] {processor.py:925} INFO - DAG(s) 'weather_dag' retrieved from /home/ubuntu/airflow/dags/weather_dag.py
[2025-01-28T06:44:31.359+0000] {logging_mixin.py:190} INFO - [2025-01-28T06:44:31.359+0000] {dag.py:3239} INFO - Sync 1 DAGs
[2025-01-28T06:44:31.377+0000] {logging_mixin.py:190} INFO - [2025-01-28T06:44:31.377+0000] {dag.py:4180} INFO - Setting next_dagrun for weather_dag to 2025-01-28 00:00:00+00:00, run_after=2025-01-29 00:00:00+00:00
[2025-01-28T06:44:31.537+0000] {processor.py:208} INFO - Processing /home/ubuntu/airflow/dags/weather_dag.py took 0.213 seconds
[2025-01-28T06:45:05.139+0000] {processor.py:186} INFO - Started process (PID=6717) to work on /home/ubuntu/airflow/dags/weather_dag.py
[2025-01-28T06:45:05.140+0000] {processor.py:914} INFO - Processing file /home/ubuntu/airflow/dags/weather_dag.py for tasks to queue
[2025-01-28T06:45:05.142+0000] {logging_mixin.py:190} INFO - [2025-01-28T06:45:05.142+0000] {dagbag.py:588} INFO - Filling up the DagBag from /home/ubuntu/airflow/dags/weather_dag.py
[2025-01-28T06:45:05.304+0000] {processor.py:925} INFO - DAG(s) 'weather_dag' retrieved from /home/ubuntu/airflow/dags/weather_dag.py
[2025-01-28T06:45:05.319+0000] {logging_mixin.py:190} INFO - [2025-01-28T06:45:05.318+0000] {dag.py:3239} INFO - Sync 1 DAGs
[2025-01-28T06:45:05.336+0000] {logging_mixin.py:190} INFO - [2025-01-28T06:45:05.335+0000] {dag.py:4180} INFO - Setting next_dagrun for weather_dag to 2025-01-28 00:00:00+00:00, run_after=2025-01-29 00:00:00+00:00
[2025-01-28T06:45:05.356+0000] {processor.py:208} INFO - Processing /home/ubuntu/airflow/dags/weather_dag.py took 0.223 seconds
[2025-01-28T06:46:00.727+0000] {processor.py:186} INFO - Started process (PID=6897) to work on /home/ubuntu/airflow/dags/weather_dag.py
[2025-01-28T06:46:00.729+0000] {processor.py:914} INFO - Processing file /home/ubuntu/airflow/dags/weather_dag.py for tasks to queue
[2025-01-28T06:46:00.733+0000] {logging_mixin.py:190} INFO - [2025-01-28T06:46:00.732+0000] {dagbag.py:588} INFO - Filling up the DagBag from /home/ubuntu/airflow/dags/weather_dag.py
[2025-01-28T06:46:00.756+0000] {processor.py:925} INFO - DAG(s) 'weather_dag' retrieved from /home/ubuntu/airflow/dags/weather_dag.py
[2025-01-28T06:46:00.789+0000] {logging_mixin.py:190} INFO - [2025-01-28T06:46:00.788+0000] {dag.py:3239} INFO - Sync 1 DAGs
[2025-01-28T06:46:00.840+0000] {logging_mixin.py:190} INFO - [2025-01-28T06:46:00.839+0000] {dag.py:4180} INFO - Setting next_dagrun for weather_dag to 2025-01-28 00:00:00+00:00, run_after=2025-01-29 00:00:00+00:00
[2025-01-28T06:46:00.884+0000] {processor.py:208} INFO - Processing /home/ubuntu/airflow/dags/weather_dag.py took 0.167 seconds
[2025-01-28T06:46:52.977+0000] {processor.py:186} INFO - Started process (PID=7048) to work on /home/ubuntu/airflow/dags/weather_dag.py
[2025-01-28T06:46:52.979+0000] {processor.py:914} INFO - Processing file /home/ubuntu/airflow/dags/weather_dag.py for tasks to queue
[2025-01-28T06:46:52.981+0000] {logging_mixin.py:190} INFO - [2025-01-28T06:46:52.981+0000] {dagbag.py:588} INFO - Filling up the DagBag from /home/ubuntu/airflow/dags/weather_dag.py
[2025-01-28T06:46:52.991+0000] {processor.py:925} INFO - DAG(s) 'weather_dag' retrieved from /home/ubuntu/airflow/dags/weather_dag.py
[2025-01-28T06:46:53.007+0000] {logging_mixin.py:190} INFO - [2025-01-28T06:46:53.007+0000] {dag.py:3239} INFO - Sync 1 DAGs
[2025-01-28T06:46:53.028+0000] {logging_mixin.py:190} INFO - [2025-01-28T06:46:53.028+0000] {dag.py:4180} INFO - Setting next_dagrun for weather_dag to 2025-01-28 00:00:00+00:00, run_after=2025-01-29 00:00:00+00:00
[2025-01-28T06:46:53.052+0000] {processor.py:208} INFO - Processing /home/ubuntu/airflow/dags/weather_dag.py took 0.081 seconds
