[2025-01-28T03:39:15.088+0000] {processor.py:186} INFO - Started process (PID=9612) to work on /home/ubuntu/airflow-venv/lib/python3.12/site-packages/airflow/example_dags/plugins/workday.py
[2025-01-28T03:39:15.090+0000] {processor.py:914} INFO - Processing file /home/ubuntu/airflow-venv/lib/python3.12/site-packages/airflow/example_dags/plugins/workday.py for tasks to queue
[2025-01-28T03:39:15.094+0000] {logging_mixin.py:190} INFO - [2025-01-28T03:39:15.092+0000] {dagbag.py:588} INFO - Filling up the DagBag from /home/ubuntu/airflow-venv/lib/python3.12/site-packages/airflow/example_dags/plugins/workday.py
[2025-01-28T03:39:15.104+0000] {processor.py:927} WARNING - No viable dags retrieved from /home/ubuntu/airflow-venv/lib/python3.12/site-packages/airflow/example_dags/plugins/workday.py
[2025-01-28T03:39:15.124+0000] {processor.py:208} INFO - Processing /home/ubuntu/airflow-venv/lib/python3.12/site-packages/airflow/example_dags/plugins/workday.py took 0.045 seconds
[2025-01-28T03:40:24.542+0000] {processor.py:186} INFO - Started process (PID=9679) to work on /home/ubuntu/airflow-venv/lib/python3.12/site-packages/airflow/example_dags/plugins/workday.py
[2025-01-28T03:40:24.615+0000] {processor.py:914} INFO - Processing file /home/ubuntu/airflow-venv/lib/python3.12/site-packages/airflow/example_dags/plugins/workday.py for tasks to queue
[2025-01-28T03:40:24.617+0000] {logging_mixin.py:190} INFO - [2025-01-28T03:40:24.617+0000] {dagbag.py:588} INFO - Filling up the DagBag from /home/ubuntu/airflow-venv/lib/python3.12/site-packages/airflow/example_dags/plugins/workday.py
[2025-01-28T03:40:24.620+0000] {processor.py:927} WARNING - No viable dags retrieved from /home/ubuntu/airflow-venv/lib/python3.12/site-packages/airflow/example_dags/plugins/workday.py
[2025-01-28T03:40:24.630+0000] {processor.py:208} INFO - Processing /home/ubuntu/airflow-venv/lib/python3.12/site-packages/airflow/example_dags/plugins/workday.py took 0.093 seconds
[2025-01-28T03:40:56.596+0000] {processor.py:186} INFO - Started process (PID=9711) to work on /home/ubuntu/airflow-venv/lib/python3.12/site-packages/airflow/example_dags/plugins/workday.py
[2025-01-28T03:40:56.597+0000] {processor.py:914} INFO - Processing file /home/ubuntu/airflow-venv/lib/python3.12/site-packages/airflow/example_dags/plugins/workday.py for tasks to queue
[2025-01-28T03:40:56.599+0000] {logging_mixin.py:190} INFO - [2025-01-28T03:40:56.598+0000] {dagbag.py:588} INFO - Filling up the DagBag from /home/ubuntu/airflow-venv/lib/python3.12/site-packages/airflow/example_dags/plugins/workday.py
[2025-01-28T03:40:56.601+0000] {processor.py:927} WARNING - No viable dags retrieved from /home/ubuntu/airflow-venv/lib/python3.12/site-packages/airflow/example_dags/plugins/workday.py
[2025-01-28T03:40:56.611+0000] {processor.py:208} INFO - Processing /home/ubuntu/airflow-venv/lib/python3.12/site-packages/airflow/example_dags/plugins/workday.py took 0.020 seconds
[2025-01-28T03:43:03.351+0000] {processor.py:186} INFO - Started process (PID=9774) to work on /home/ubuntu/airflow-venv/lib/python3.12/site-packages/airflow/example_dags/plugins/workday.py
[2025-01-28T03:43:03.353+0000] {processor.py:914} INFO - Processing file /home/ubuntu/airflow-venv/lib/python3.12/site-packages/airflow/example_dags/plugins/workday.py for tasks to queue
[2025-01-28T03:43:03.357+0000] {logging_mixin.py:190} INFO - [2025-01-28T03:43:03.355+0000] {dagbag.py:588} INFO - Filling up the DagBag from /home/ubuntu/airflow-venv/lib/python3.12/site-packages/airflow/example_dags/plugins/workday.py
[2025-01-28T03:43:03.363+0000] {processor.py:927} WARNING - No viable dags retrieved from /home/ubuntu/airflow-venv/lib/python3.12/site-packages/airflow/example_dags/plugins/workday.py
[2025-01-28T03:43:03.385+0000] {processor.py:208} INFO - Processing /home/ubuntu/airflow-venv/lib/python3.12/site-packages/airflow/example_dags/plugins/workday.py took 0.043 seconds
[2025-01-28T03:43:59.368+0000] {processor.py:186} INFO - Started process (PID=9838) to work on /home/ubuntu/airflow-venv/lib/python3.12/site-packages/airflow/example_dags/plugins/workday.py
[2025-01-28T03:43:59.370+0000] {processor.py:914} INFO - Processing file /home/ubuntu/airflow-venv/lib/python3.12/site-packages/airflow/example_dags/plugins/workday.py for tasks to queue
[2025-01-28T03:43:59.372+0000] {logging_mixin.py:190} INFO - [2025-01-28T03:43:59.371+0000] {dagbag.py:588} INFO - Filling up the DagBag from /home/ubuntu/airflow-venv/lib/python3.12/site-packages/airflow/example_dags/plugins/workday.py
[2025-01-28T03:43:59.374+0000] {processor.py:927} WARNING - No viable dags retrieved from /home/ubuntu/airflow-venv/lib/python3.12/site-packages/airflow/example_dags/plugins/workday.py
[2025-01-28T03:43:59.385+0000] {processor.py:208} INFO - Processing /home/ubuntu/airflow-venv/lib/python3.12/site-packages/airflow/example_dags/plugins/workday.py took 0.022 seconds
[2025-01-28T03:44:51.335+0000] {processor.py:186} INFO - Started process (PID=9892) to work on /home/ubuntu/airflow-venv/lib/python3.12/site-packages/airflow/example_dags/plugins/workday.py
[2025-01-28T03:44:51.389+0000] {processor.py:914} INFO - Processing file /home/ubuntu/airflow-venv/lib/python3.12/site-packages/airflow/example_dags/plugins/workday.py for tasks to queue
[2025-01-28T03:44:51.392+0000] {logging_mixin.py:190} INFO - [2025-01-28T03:44:51.391+0000] {dagbag.py:588} INFO - Filling up the DagBag from /home/ubuntu/airflow-venv/lib/python3.12/site-packages/airflow/example_dags/plugins/workday.py
[2025-01-28T03:44:51.394+0000] {processor.py:927} WARNING - No viable dags retrieved from /home/ubuntu/airflow-venv/lib/python3.12/site-packages/airflow/example_dags/plugins/workday.py
[2025-01-28T03:44:51.404+0000] {processor.py:208} INFO - Processing /home/ubuntu/airflow-venv/lib/python3.12/site-packages/airflow/example_dags/plugins/workday.py took 0.075 seconds
[2025-01-28T03:45:42.707+0000] {processor.py:186} INFO - Started process (PID=9949) to work on /home/ubuntu/airflow-venv/lib/python3.12/site-packages/airflow/example_dags/plugins/workday.py
[2025-01-28T03:45:42.709+0000] {processor.py:914} INFO - Processing file /home/ubuntu/airflow-venv/lib/python3.12/site-packages/airflow/example_dags/plugins/workday.py for tasks to queue
[2025-01-28T03:45:42.711+0000] {logging_mixin.py:190} INFO - [2025-01-28T03:45:42.711+0000] {dagbag.py:588} INFO - Filling up the DagBag from /home/ubuntu/airflow-venv/lib/python3.12/site-packages/airflow/example_dags/plugins/workday.py
[2025-01-28T03:45:42.713+0000] {processor.py:927} WARNING - No viable dags retrieved from /home/ubuntu/airflow-venv/lib/python3.12/site-packages/airflow/example_dags/plugins/workday.py
[2025-01-28T03:45:42.724+0000] {processor.py:208} INFO - Processing /home/ubuntu/airflow-venv/lib/python3.12/site-packages/airflow/example_dags/plugins/workday.py took 0.022 seconds
[2025-01-28T03:46:35.054+0000] {processor.py:186} INFO - Started process (PID=10003) to work on /home/ubuntu/airflow-venv/lib/python3.12/site-packages/airflow/example_dags/plugins/workday.py
[2025-01-28T03:46:35.055+0000] {processor.py:914} INFO - Processing file /home/ubuntu/airflow-venv/lib/python3.12/site-packages/airflow/example_dags/plugins/workday.py for tasks to queue
[2025-01-28T03:46:35.058+0000] {logging_mixin.py:190} INFO - [2025-01-28T03:46:35.058+0000] {dagbag.py:588} INFO - Filling up the DagBag from /home/ubuntu/airflow-venv/lib/python3.12/site-packages/airflow/example_dags/plugins/workday.py
[2025-01-28T03:46:35.061+0000] {processor.py:927} WARNING - No viable dags retrieved from /home/ubuntu/airflow-venv/lib/python3.12/site-packages/airflow/example_dags/plugins/workday.py
[2025-01-28T03:46:35.070+0000] {processor.py:208} INFO - Processing /home/ubuntu/airflow-venv/lib/python3.12/site-packages/airflow/example_dags/plugins/workday.py took 0.022 seconds
[2025-01-28T03:47:28.055+0000] {processor.py:186} INFO - Started process (PID=10058) to work on /home/ubuntu/airflow-venv/lib/python3.12/site-packages/airflow/example_dags/plugins/workday.py
[2025-01-28T03:47:28.056+0000] {processor.py:914} INFO - Processing file /home/ubuntu/airflow-venv/lib/python3.12/site-packages/airflow/example_dags/plugins/workday.py for tasks to queue
[2025-01-28T03:47:28.058+0000] {logging_mixin.py:190} INFO - [2025-01-28T03:47:28.058+0000] {dagbag.py:588} INFO - Filling up the DagBag from /home/ubuntu/airflow-venv/lib/python3.12/site-packages/airflow/example_dags/plugins/workday.py
[2025-01-28T03:47:28.061+0000] {processor.py:927} WARNING - No viable dags retrieved from /home/ubuntu/airflow-venv/lib/python3.12/site-packages/airflow/example_dags/plugins/workday.py
[2025-01-28T03:47:28.071+0000] {processor.py:208} INFO - Processing /home/ubuntu/airflow-venv/lib/python3.12/site-packages/airflow/example_dags/plugins/workday.py took 0.022 seconds
[2025-01-28T03:48:17.505+0000] {processor.py:186} INFO - Started process (PID=10110) to work on /home/ubuntu/airflow-venv/lib/python3.12/site-packages/airflow/example_dags/plugins/workday.py
[2025-01-28T03:48:17.507+0000] {processor.py:914} INFO - Processing file /home/ubuntu/airflow-venv/lib/python3.12/site-packages/airflow/example_dags/plugins/workday.py for tasks to queue
[2025-01-28T03:48:17.508+0000] {logging_mixin.py:190} INFO - [2025-01-28T03:48:17.508+0000] {dagbag.py:588} INFO - Filling up the DagBag from /home/ubuntu/airflow-venv/lib/python3.12/site-packages/airflow/example_dags/plugins/workday.py
[2025-01-28T03:48:17.511+0000] {processor.py:927} WARNING - No viable dags retrieved from /home/ubuntu/airflow-venv/lib/python3.12/site-packages/airflow/example_dags/plugins/workday.py
[2025-01-28T03:48:17.520+0000] {processor.py:208} INFO - Processing /home/ubuntu/airflow-venv/lib/python3.12/site-packages/airflow/example_dags/plugins/workday.py took 0.021 seconds
[2025-01-28T03:49:06.212+0000] {processor.py:186} INFO - Started process (PID=10161) to work on /home/ubuntu/airflow-venv/lib/python3.12/site-packages/airflow/example_dags/plugins/workday.py
[2025-01-28T03:49:06.213+0000] {processor.py:914} INFO - Processing file /home/ubuntu/airflow-venv/lib/python3.12/site-packages/airflow/example_dags/plugins/workday.py for tasks to queue
[2025-01-28T03:49:06.216+0000] {logging_mixin.py:190} INFO - [2025-01-28T03:49:06.215+0000] {dagbag.py:588} INFO - Filling up the DagBag from /home/ubuntu/airflow-venv/lib/python3.12/site-packages/airflow/example_dags/plugins/workday.py
[2025-01-28T03:49:06.218+0000] {processor.py:927} WARNING - No viable dags retrieved from /home/ubuntu/airflow-venv/lib/python3.12/site-packages/airflow/example_dags/plugins/workday.py
[2025-01-28T03:49:06.228+0000] {processor.py:208} INFO - Processing /home/ubuntu/airflow-venv/lib/python3.12/site-packages/airflow/example_dags/plugins/workday.py took 0.021 seconds
[2025-01-28T05:45:43.528+0000] {processor.py:186} INFO - Started process (PID=13261) to work on /home/ubuntu/.local/lib/python3.12/site-packages/airflow/example_dags/plugins/workday.py
[2025-01-28T05:45:43.537+0000] {processor.py:914} INFO - Processing file /home/ubuntu/.local/lib/python3.12/site-packages/airflow/example_dags/plugins/workday.py for tasks to queue
[2025-01-28T05:45:43.538+0000] {logging_mixin.py:190} INFO - [2025-01-28T05:45:43.538+0000] {dagbag.py:588} INFO - Filling up the DagBag from /home/ubuntu/.local/lib/python3.12/site-packages/airflow/example_dags/plugins/workday.py
[2025-01-28T05:45:43.546+0000] {processor.py:927} WARNING - No viable dags retrieved from /home/ubuntu/.local/lib/python3.12/site-packages/airflow/example_dags/plugins/workday.py
[2025-01-28T05:45:43.576+0000] {processor.py:208} INFO - Processing /home/ubuntu/.local/lib/python3.12/site-packages/airflow/example_dags/plugins/workday.py took 0.063 seconds
[2025-01-28T05:54:53.383+0000] {processor.py:186} INFO - Started process (PID=1879) to work on /home/ubuntu/.local/lib/python3.12/site-packages/airflow/example_dags/plugins/workday.py
[2025-01-28T05:54:53.388+0000] {processor.py:914} INFO - Processing file /home/ubuntu/.local/lib/python3.12/site-packages/airflow/example_dags/plugins/workday.py for tasks to queue
[2025-01-28T05:54:53.392+0000] {logging_mixin.py:190} INFO - [2025-01-28T05:54:53.392+0000] {dagbag.py:588} INFO - Filling up the DagBag from /home/ubuntu/.local/lib/python3.12/site-packages/airflow/example_dags/plugins/workday.py
[2025-01-28T05:54:53.397+0000] {processor.py:927} WARNING - No viable dags retrieved from /home/ubuntu/.local/lib/python3.12/site-packages/airflow/example_dags/plugins/workday.py
[2025-01-28T05:54:53.418+0000] {processor.py:208} INFO - Processing /home/ubuntu/.local/lib/python3.12/site-packages/airflow/example_dags/plugins/workday.py took 0.042 seconds
[2025-01-28T05:55:53.834+0000] {processor.py:186} INFO - Started process (PID=1946) to work on /home/ubuntu/.local/lib/python3.12/site-packages/airflow/example_dags/plugins/workday.py
[2025-01-28T05:55:53.836+0000] {processor.py:914} INFO - Processing file /home/ubuntu/.local/lib/python3.12/site-packages/airflow/example_dags/plugins/workday.py for tasks to queue
[2025-01-28T05:55:53.838+0000] {logging_mixin.py:190} INFO - [2025-01-28T05:55:53.837+0000] {dagbag.py:588} INFO - Filling up the DagBag from /home/ubuntu/.local/lib/python3.12/site-packages/airflow/example_dags/plugins/workday.py
[2025-01-28T05:55:53.841+0000] {processor.py:927} WARNING - No viable dags retrieved from /home/ubuntu/.local/lib/python3.12/site-packages/airflow/example_dags/plugins/workday.py
[2025-01-28T05:55:53.851+0000] {processor.py:208} INFO - Processing /home/ubuntu/.local/lib/python3.12/site-packages/airflow/example_dags/plugins/workday.py took 0.023 seconds
[2025-01-28T05:56:50.827+0000] {processor.py:186} INFO - Started process (PID=2022) to work on /home/ubuntu/.local/lib/python3.12/site-packages/airflow/example_dags/plugins/workday.py
[2025-01-28T05:56:50.828+0000] {processor.py:914} INFO - Processing file /home/ubuntu/.local/lib/python3.12/site-packages/airflow/example_dags/plugins/workday.py for tasks to queue
[2025-01-28T05:56:50.831+0000] {logging_mixin.py:190} INFO - [2025-01-28T05:56:50.829+0000] {dagbag.py:588} INFO - Filling up the DagBag from /home/ubuntu/.local/lib/python3.12/site-packages/airflow/example_dags/plugins/workday.py
[2025-01-28T05:56:50.833+0000] {processor.py:927} WARNING - No viable dags retrieved from /home/ubuntu/.local/lib/python3.12/site-packages/airflow/example_dags/plugins/workday.py
[2025-01-28T05:56:50.843+0000] {processor.py:208} INFO - Processing /home/ubuntu/.local/lib/python3.12/site-packages/airflow/example_dags/plugins/workday.py took 0.021 seconds
[2025-01-28T05:57:45.854+0000] {processor.py:186} INFO - Started process (PID=2093) to work on /home/ubuntu/.local/lib/python3.12/site-packages/airflow/example_dags/plugins/workday.py
[2025-01-28T05:57:45.855+0000] {processor.py:914} INFO - Processing file /home/ubuntu/.local/lib/python3.12/site-packages/airflow/example_dags/plugins/workday.py for tasks to queue
[2025-01-28T05:57:45.857+0000] {logging_mixin.py:190} INFO - [2025-01-28T05:57:45.857+0000] {dagbag.py:588} INFO - Filling up the DagBag from /home/ubuntu/.local/lib/python3.12/site-packages/airflow/example_dags/plugins/workday.py
[2025-01-28T05:57:45.860+0000] {processor.py:927} WARNING - No viable dags retrieved from /home/ubuntu/.local/lib/python3.12/site-packages/airflow/example_dags/plugins/workday.py
[2025-01-28T05:57:45.871+0000] {processor.py:208} INFO - Processing /home/ubuntu/.local/lib/python3.12/site-packages/airflow/example_dags/plugins/workday.py took 0.022 seconds
[2025-01-28T05:58:42.476+0000] {processor.py:186} INFO - Started process (PID=2150) to work on /home/ubuntu/.local/lib/python3.12/site-packages/airflow/example_dags/plugins/workday.py
[2025-01-28T05:58:42.478+0000] {processor.py:914} INFO - Processing file /home/ubuntu/.local/lib/python3.12/site-packages/airflow/example_dags/plugins/workday.py for tasks to queue
[2025-01-28T05:58:42.480+0000] {logging_mixin.py:190} INFO - [2025-01-28T05:58:42.479+0000] {dagbag.py:588} INFO - Filling up the DagBag from /home/ubuntu/.local/lib/python3.12/site-packages/airflow/example_dags/plugins/workday.py
[2025-01-28T05:58:42.483+0000] {processor.py:927} WARNING - No viable dags retrieved from /home/ubuntu/.local/lib/python3.12/site-packages/airflow/example_dags/plugins/workday.py
[2025-01-28T05:58:42.492+0000] {processor.py:208} INFO - Processing /home/ubuntu/.local/lib/python3.12/site-packages/airflow/example_dags/plugins/workday.py took 0.021 seconds
[2025-01-28T05:59:38.055+0000] {processor.py:186} INFO - Started process (PID=2207) to work on /home/ubuntu/.local/lib/python3.12/site-packages/airflow/example_dags/plugins/workday.py
[2025-01-28T05:59:38.057+0000] {processor.py:914} INFO - Processing file /home/ubuntu/.local/lib/python3.12/site-packages/airflow/example_dags/plugins/workday.py for tasks to queue
[2025-01-28T05:59:38.059+0000] {logging_mixin.py:190} INFO - [2025-01-28T05:59:38.059+0000] {dagbag.py:588} INFO - Filling up the DagBag from /home/ubuntu/.local/lib/python3.12/site-packages/airflow/example_dags/plugins/workday.py
[2025-01-28T05:59:38.062+0000] {processor.py:927} WARNING - No viable dags retrieved from /home/ubuntu/.local/lib/python3.12/site-packages/airflow/example_dags/plugins/workday.py
[2025-01-28T05:59:38.073+0000] {processor.py:208} INFO - Processing /home/ubuntu/.local/lib/python3.12/site-packages/airflow/example_dags/plugins/workday.py took 0.023 seconds
[2025-01-28T06:00:30.528+0000] {processor.py:186} INFO - Started process (PID=2264) to work on /home/ubuntu/.local/lib/python3.12/site-packages/airflow/example_dags/plugins/workday.py
[2025-01-28T06:00:30.530+0000] {processor.py:914} INFO - Processing file /home/ubuntu/.local/lib/python3.12/site-packages/airflow/example_dags/plugins/workday.py for tasks to queue
[2025-01-28T06:00:30.532+0000] {logging_mixin.py:190} INFO - [2025-01-28T06:00:30.532+0000] {dagbag.py:588} INFO - Filling up the DagBag from /home/ubuntu/.local/lib/python3.12/site-packages/airflow/example_dags/plugins/workday.py
[2025-01-28T06:00:30.535+0000] {processor.py:927} WARNING - No viable dags retrieved from /home/ubuntu/.local/lib/python3.12/site-packages/airflow/example_dags/plugins/workday.py
[2025-01-28T06:00:30.545+0000] {processor.py:208} INFO - Processing /home/ubuntu/.local/lib/python3.12/site-packages/airflow/example_dags/plugins/workday.py took 0.022 seconds
[2025-01-28T06:01:19.340+0000] {processor.py:186} INFO - Started process (PID=2316) to work on /home/ubuntu/.local/lib/python3.12/site-packages/airflow/example_dags/plugins/workday.py
[2025-01-28T06:01:19.341+0000] {processor.py:914} INFO - Processing file /home/ubuntu/.local/lib/python3.12/site-packages/airflow/example_dags/plugins/workday.py for tasks to queue
[2025-01-28T06:01:19.343+0000] {logging_mixin.py:190} INFO - [2025-01-28T06:01:19.343+0000] {dagbag.py:588} INFO - Filling up the DagBag from /home/ubuntu/.local/lib/python3.12/site-packages/airflow/example_dags/plugins/workday.py
[2025-01-28T06:01:19.346+0000] {processor.py:927} WARNING - No viable dags retrieved from /home/ubuntu/.local/lib/python3.12/site-packages/airflow/example_dags/plugins/workday.py
[2025-01-28T06:01:19.357+0000] {processor.py:208} INFO - Processing /home/ubuntu/.local/lib/python3.12/site-packages/airflow/example_dags/plugins/workday.py took 0.023 seconds
[2025-01-28T06:02:07.852+0000] {processor.py:186} INFO - Started process (PID=2372) to work on /home/ubuntu/.local/lib/python3.12/site-packages/airflow/example_dags/plugins/workday.py
[2025-01-28T06:02:07.854+0000] {processor.py:914} INFO - Processing file /home/ubuntu/.local/lib/python3.12/site-packages/airflow/example_dags/plugins/workday.py for tasks to queue
[2025-01-28T06:02:07.856+0000] {logging_mixin.py:190} INFO - [2025-01-28T06:02:07.856+0000] {dagbag.py:588} INFO - Filling up the DagBag from /home/ubuntu/.local/lib/python3.12/site-packages/airflow/example_dags/plugins/workday.py
[2025-01-28T06:02:07.858+0000] {processor.py:927} WARNING - No viable dags retrieved from /home/ubuntu/.local/lib/python3.12/site-packages/airflow/example_dags/plugins/workday.py
[2025-01-28T06:02:07.869+0000] {processor.py:208} INFO - Processing /home/ubuntu/.local/lib/python3.12/site-packages/airflow/example_dags/plugins/workday.py took 0.022 seconds
[2025-01-28T06:02:58.549+0000] {processor.py:186} INFO - Started process (PID=2437) to work on /home/ubuntu/.local/lib/python3.12/site-packages/airflow/example_dags/plugins/workday.py
[2025-01-28T06:02:58.551+0000] {processor.py:914} INFO - Processing file /home/ubuntu/.local/lib/python3.12/site-packages/airflow/example_dags/plugins/workday.py for tasks to queue
[2025-01-28T06:02:58.554+0000] {logging_mixin.py:190} INFO - [2025-01-28T06:02:58.553+0000] {dagbag.py:588} INFO - Filling up the DagBag from /home/ubuntu/.local/lib/python3.12/site-packages/airflow/example_dags/plugins/workday.py
[2025-01-28T06:02:58.556+0000] {processor.py:927} WARNING - No viable dags retrieved from /home/ubuntu/.local/lib/python3.12/site-packages/airflow/example_dags/plugins/workday.py
[2025-01-28T06:02:58.566+0000] {processor.py:208} INFO - Processing /home/ubuntu/.local/lib/python3.12/site-packages/airflow/example_dags/plugins/workday.py took 0.022 seconds
[2025-01-28T06:04:13.913+0000] {processor.py:186} INFO - Started process (PID=2518) to work on /home/ubuntu/.local/lib/python3.12/site-packages/airflow/example_dags/plugins/workday.py
[2025-01-28T06:04:13.915+0000] {processor.py:914} INFO - Processing file /home/ubuntu/.local/lib/python3.12/site-packages/airflow/example_dags/plugins/workday.py for tasks to queue
[2025-01-28T06:04:13.917+0000] {logging_mixin.py:190} INFO - [2025-01-28T06:04:13.917+0000] {dagbag.py:588} INFO - Filling up the DagBag from /home/ubuntu/.local/lib/python3.12/site-packages/airflow/example_dags/plugins/workday.py
[2025-01-28T06:04:13.919+0000] {processor.py:927} WARNING - No viable dags retrieved from /home/ubuntu/.local/lib/python3.12/site-packages/airflow/example_dags/plugins/workday.py
[2025-01-28T06:04:13.929+0000] {processor.py:208} INFO - Processing /home/ubuntu/.local/lib/python3.12/site-packages/airflow/example_dags/plugins/workday.py took 0.022 seconds
[2025-01-28T06:04:55.425+0000] {processor.py:186} INFO - Started process (PID=2561) to work on /home/ubuntu/.local/lib/python3.12/site-packages/airflow/example_dags/plugins/workday.py
[2025-01-28T06:04:55.427+0000] {processor.py:914} INFO - Processing file /home/ubuntu/.local/lib/python3.12/site-packages/airflow/example_dags/plugins/workday.py for tasks to queue
[2025-01-28T06:04:55.429+0000] {logging_mixin.py:190} INFO - [2025-01-28T06:04:55.429+0000] {dagbag.py:588} INFO - Filling up the DagBag from /home/ubuntu/.local/lib/python3.12/site-packages/airflow/example_dags/plugins/workday.py
[2025-01-28T06:04:55.432+0000] {processor.py:927} WARNING - No viable dags retrieved from /home/ubuntu/.local/lib/python3.12/site-packages/airflow/example_dags/plugins/workday.py
[2025-01-28T06:04:55.442+0000] {processor.py:208} INFO - Processing /home/ubuntu/.local/lib/python3.12/site-packages/airflow/example_dags/plugins/workday.py took 0.022 seconds
[2025-01-28T06:05:50.686+0000] {processor.py:186} INFO - Started process (PID=2619) to work on /home/ubuntu/.local/lib/python3.12/site-packages/airflow/example_dags/plugins/workday.py
[2025-01-28T06:05:50.688+0000] {processor.py:914} INFO - Processing file /home/ubuntu/.local/lib/python3.12/site-packages/airflow/example_dags/plugins/workday.py for tasks to queue
[2025-01-28T06:05:50.690+0000] {logging_mixin.py:190} INFO - [2025-01-28T06:05:50.690+0000] {dagbag.py:588} INFO - Filling up the DagBag from /home/ubuntu/.local/lib/python3.12/site-packages/airflow/example_dags/plugins/workday.py
[2025-01-28T06:05:50.692+0000] {processor.py:927} WARNING - No viable dags retrieved from /home/ubuntu/.local/lib/python3.12/site-packages/airflow/example_dags/plugins/workday.py
[2025-01-28T06:05:50.702+0000] {processor.py:208} INFO - Processing /home/ubuntu/.local/lib/python3.12/site-packages/airflow/example_dags/plugins/workday.py took 0.021 seconds
[2025-01-28T06:06:29.746+0000] {processor.py:186} INFO - Started process (PID=2671) to work on /home/ubuntu/.local/lib/python3.12/site-packages/airflow/example_dags/plugins/workday.py
[2025-01-28T06:06:29.748+0000] {processor.py:914} INFO - Processing file /home/ubuntu/.local/lib/python3.12/site-packages/airflow/example_dags/plugins/workday.py for tasks to queue
[2025-01-28T06:06:29.750+0000] {logging_mixin.py:190} INFO - [2025-01-28T06:06:29.750+0000] {dagbag.py:588} INFO - Filling up the DagBag from /home/ubuntu/.local/lib/python3.12/site-packages/airflow/example_dags/plugins/workday.py
[2025-01-28T06:06:29.753+0000] {processor.py:927} WARNING - No viable dags retrieved from /home/ubuntu/.local/lib/python3.12/site-packages/airflow/example_dags/plugins/workday.py
[2025-01-28T06:06:29.763+0000] {processor.py:208} INFO - Processing /home/ubuntu/.local/lib/python3.12/site-packages/airflow/example_dags/plugins/workday.py took 0.021 seconds
[2025-01-28T06:07:06.205+0000] {processor.py:186} INFO - Started process (PID=2712) to work on /home/ubuntu/.local/lib/python3.12/site-packages/airflow/example_dags/plugins/workday.py
[2025-01-28T06:07:06.206+0000] {processor.py:914} INFO - Processing file /home/ubuntu/.local/lib/python3.12/site-packages/airflow/example_dags/plugins/workday.py for tasks to queue
[2025-01-28T06:07:06.209+0000] {logging_mixin.py:190} INFO - [2025-01-28T06:07:06.208+0000] {dagbag.py:588} INFO - Filling up the DagBag from /home/ubuntu/.local/lib/python3.12/site-packages/airflow/example_dags/plugins/workday.py
[2025-01-28T06:07:06.211+0000] {processor.py:927} WARNING - No viable dags retrieved from /home/ubuntu/.local/lib/python3.12/site-packages/airflow/example_dags/plugins/workday.py
[2025-01-28T06:07:06.222+0000] {processor.py:208} INFO - Processing /home/ubuntu/.local/lib/python3.12/site-packages/airflow/example_dags/plugins/workday.py took 0.022 seconds
[2025-01-28T06:08:04.262+0000] {processor.py:186} INFO - Started process (PID=2771) to work on /home/ubuntu/.local/lib/python3.12/site-packages/airflow/example_dags/plugins/workday.py
[2025-01-28T06:08:04.264+0000] {processor.py:914} INFO - Processing file /home/ubuntu/.local/lib/python3.12/site-packages/airflow/example_dags/plugins/workday.py for tasks to queue
[2025-01-28T06:08:04.265+0000] {logging_mixin.py:190} INFO - [2025-01-28T06:08:04.265+0000] {dagbag.py:588} INFO - Filling up the DagBag from /home/ubuntu/.local/lib/python3.12/site-packages/airflow/example_dags/plugins/workday.py
[2025-01-28T06:08:04.268+0000] {processor.py:927} WARNING - No viable dags retrieved from /home/ubuntu/.local/lib/python3.12/site-packages/airflow/example_dags/plugins/workday.py
[2025-01-28T06:08:04.280+0000] {processor.py:208} INFO - Processing /home/ubuntu/.local/lib/python3.12/site-packages/airflow/example_dags/plugins/workday.py took 0.024 seconds
[2025-01-28T06:09:00.753+0000] {processor.py:186} INFO - Started process (PID=2830) to work on /home/ubuntu/.local/lib/python3.12/site-packages/airflow/example_dags/plugins/workday.py
[2025-01-28T06:09:00.755+0000] {processor.py:914} INFO - Processing file /home/ubuntu/.local/lib/python3.12/site-packages/airflow/example_dags/plugins/workday.py for tasks to queue
[2025-01-28T06:09:00.757+0000] {logging_mixin.py:190} INFO - [2025-01-28T06:09:00.757+0000] {dagbag.py:588} INFO - Filling up the DagBag from /home/ubuntu/.local/lib/python3.12/site-packages/airflow/example_dags/plugins/workday.py
[2025-01-28T06:09:00.760+0000] {processor.py:927} WARNING - No viable dags retrieved from /home/ubuntu/.local/lib/python3.12/site-packages/airflow/example_dags/plugins/workday.py
[2025-01-28T06:09:00.770+0000] {processor.py:208} INFO - Processing /home/ubuntu/.local/lib/python3.12/site-packages/airflow/example_dags/plugins/workday.py took 0.022 seconds
[2025-01-28T06:09:53.332+0000] {processor.py:186} INFO - Started process (PID=2899) to work on /home/ubuntu/.local/lib/python3.12/site-packages/airflow/example_dags/plugins/workday.py
[2025-01-28T06:09:53.334+0000] {processor.py:914} INFO - Processing file /home/ubuntu/.local/lib/python3.12/site-packages/airflow/example_dags/plugins/workday.py for tasks to queue
[2025-01-28T06:09:53.336+0000] {logging_mixin.py:190} INFO - [2025-01-28T06:09:53.336+0000] {dagbag.py:588} INFO - Filling up the DagBag from /home/ubuntu/.local/lib/python3.12/site-packages/airflow/example_dags/plugins/workday.py
[2025-01-28T06:09:53.338+0000] {processor.py:927} WARNING - No viable dags retrieved from /home/ubuntu/.local/lib/python3.12/site-packages/airflow/example_dags/plugins/workday.py
[2025-01-28T06:09:53.351+0000] {processor.py:208} INFO - Processing /home/ubuntu/.local/lib/python3.12/site-packages/airflow/example_dags/plugins/workday.py took 0.025 seconds
[2025-01-28T06:10:48.686+0000] {processor.py:186} INFO - Started process (PID=2964) to work on /home/ubuntu/.local/lib/python3.12/site-packages/airflow/example_dags/plugins/workday.py
[2025-01-28T06:10:48.688+0000] {processor.py:914} INFO - Processing file /home/ubuntu/.local/lib/python3.12/site-packages/airflow/example_dags/plugins/workday.py for tasks to queue
[2025-01-28T06:10:48.690+0000] {logging_mixin.py:190} INFO - [2025-01-28T06:10:48.690+0000] {dagbag.py:588} INFO - Filling up the DagBag from /home/ubuntu/.local/lib/python3.12/site-packages/airflow/example_dags/plugins/workday.py
[2025-01-28T06:10:48.692+0000] {processor.py:927} WARNING - No viable dags retrieved from /home/ubuntu/.local/lib/python3.12/site-packages/airflow/example_dags/plugins/workday.py
[2025-01-28T06:10:48.703+0000] {processor.py:208} INFO - Processing /home/ubuntu/.local/lib/python3.12/site-packages/airflow/example_dags/plugins/workday.py took 0.022 seconds
[2025-01-28T06:11:41.283+0000] {processor.py:186} INFO - Started process (PID=3020) to work on /home/ubuntu/.local/lib/python3.12/site-packages/airflow/example_dags/plugins/workday.py
[2025-01-28T06:11:41.285+0000] {processor.py:914} INFO - Processing file /home/ubuntu/.local/lib/python3.12/site-packages/airflow/example_dags/plugins/workday.py for tasks to queue
[2025-01-28T06:11:41.287+0000] {logging_mixin.py:190} INFO - [2025-01-28T06:11:41.286+0000] {dagbag.py:588} INFO - Filling up the DagBag from /home/ubuntu/.local/lib/python3.12/site-packages/airflow/example_dags/plugins/workday.py
[2025-01-28T06:11:41.291+0000] {processor.py:927} WARNING - No viable dags retrieved from /home/ubuntu/.local/lib/python3.12/site-packages/airflow/example_dags/plugins/workday.py
[2025-01-28T06:11:41.307+0000] {processor.py:208} INFO - Processing /home/ubuntu/.local/lib/python3.12/site-packages/airflow/example_dags/plugins/workday.py took 0.029 seconds
[2025-01-28T06:12:34.653+0000] {processor.py:186} INFO - Started process (PID=3075) to work on /home/ubuntu/.local/lib/python3.12/site-packages/airflow/example_dags/plugins/workday.py
[2025-01-28T06:12:34.655+0000] {processor.py:914} INFO - Processing file /home/ubuntu/.local/lib/python3.12/site-packages/airflow/example_dags/plugins/workday.py for tasks to queue
[2025-01-28T06:12:34.659+0000] {logging_mixin.py:190} INFO - [2025-01-28T06:12:34.658+0000] {dagbag.py:588} INFO - Filling up the DagBag from /home/ubuntu/.local/lib/python3.12/site-packages/airflow/example_dags/plugins/workday.py
[2025-01-28T06:12:34.661+0000] {processor.py:927} WARNING - No viable dags retrieved from /home/ubuntu/.local/lib/python3.12/site-packages/airflow/example_dags/plugins/workday.py
[2025-01-28T06:12:34.672+0000] {processor.py:208} INFO - Processing /home/ubuntu/.local/lib/python3.12/site-packages/airflow/example_dags/plugins/workday.py took 0.030 seconds
[2025-01-28T06:13:29.466+0000] {processor.py:186} INFO - Started process (PID=3132) to work on /home/ubuntu/.local/lib/python3.12/site-packages/airflow/example_dags/plugins/workday.py
[2025-01-28T06:13:29.467+0000] {processor.py:914} INFO - Processing file /home/ubuntu/.local/lib/python3.12/site-packages/airflow/example_dags/plugins/workday.py for tasks to queue
[2025-01-28T06:13:29.470+0000] {logging_mixin.py:190} INFO - [2025-01-28T06:13:29.469+0000] {dagbag.py:588} INFO - Filling up the DagBag from /home/ubuntu/.local/lib/python3.12/site-packages/airflow/example_dags/plugins/workday.py
[2025-01-28T06:13:29.472+0000] {processor.py:927} WARNING - No viable dags retrieved from /home/ubuntu/.local/lib/python3.12/site-packages/airflow/example_dags/plugins/workday.py
[2025-01-28T06:13:29.482+0000] {processor.py:208} INFO - Processing /home/ubuntu/.local/lib/python3.12/site-packages/airflow/example_dags/plugins/workday.py took 0.021 seconds
[2025-01-28T06:14:22.095+0000] {processor.py:186} INFO - Started process (PID=3187) to work on /home/ubuntu/.local/lib/python3.12/site-packages/airflow/example_dags/plugins/workday.py
[2025-01-28T06:14:22.097+0000] {processor.py:914} INFO - Processing file /home/ubuntu/.local/lib/python3.12/site-packages/airflow/example_dags/plugins/workday.py for tasks to queue
[2025-01-28T06:14:22.099+0000] {logging_mixin.py:190} INFO - [2025-01-28T06:14:22.099+0000] {dagbag.py:588} INFO - Filling up the DagBag from /home/ubuntu/.local/lib/python3.12/site-packages/airflow/example_dags/plugins/workday.py
[2025-01-28T06:14:22.102+0000] {processor.py:927} WARNING - No viable dags retrieved from /home/ubuntu/.local/lib/python3.12/site-packages/airflow/example_dags/plugins/workday.py
[2025-01-28T06:14:22.112+0000] {processor.py:208} INFO - Processing /home/ubuntu/.local/lib/python3.12/site-packages/airflow/example_dags/plugins/workday.py took 0.022 seconds
[2025-01-28T06:15:15.441+0000] {processor.py:186} INFO - Started process (PID=3245) to work on /home/ubuntu/.local/lib/python3.12/site-packages/airflow/example_dags/plugins/workday.py
[2025-01-28T06:15:15.442+0000] {processor.py:914} INFO - Processing file /home/ubuntu/.local/lib/python3.12/site-packages/airflow/example_dags/plugins/workday.py for tasks to queue
[2025-01-28T06:15:15.445+0000] {logging_mixin.py:190} INFO - [2025-01-28T06:15:15.445+0000] {dagbag.py:588} INFO - Filling up the DagBag from /home/ubuntu/.local/lib/python3.12/site-packages/airflow/example_dags/plugins/workday.py
[2025-01-28T06:15:15.447+0000] {processor.py:927} WARNING - No viable dags retrieved from /home/ubuntu/.local/lib/python3.12/site-packages/airflow/example_dags/plugins/workday.py
[2025-01-28T06:15:15.457+0000] {processor.py:208} INFO - Processing /home/ubuntu/.local/lib/python3.12/site-packages/airflow/example_dags/plugins/workday.py took 0.022 seconds
[2025-01-28T06:16:06.942+0000] {processor.py:186} INFO - Started process (PID=3300) to work on /home/ubuntu/.local/lib/python3.12/site-packages/airflow/example_dags/plugins/workday.py
[2025-01-28T06:16:06.943+0000] {processor.py:914} INFO - Processing file /home/ubuntu/.local/lib/python3.12/site-packages/airflow/example_dags/plugins/workday.py for tasks to queue
[2025-01-28T06:16:06.946+0000] {logging_mixin.py:190} INFO - [2025-01-28T06:16:06.946+0000] {dagbag.py:588} INFO - Filling up the DagBag from /home/ubuntu/.local/lib/python3.12/site-packages/airflow/example_dags/plugins/workday.py
[2025-01-28T06:16:06.948+0000] {processor.py:927} WARNING - No viable dags retrieved from /home/ubuntu/.local/lib/python3.12/site-packages/airflow/example_dags/plugins/workday.py
[2025-01-28T06:16:06.958+0000] {processor.py:208} INFO - Processing /home/ubuntu/.local/lib/python3.12/site-packages/airflow/example_dags/plugins/workday.py took 0.022 seconds
[2025-01-28T06:17:00.362+0000] {processor.py:186} INFO - Started process (PID=3356) to work on /home/ubuntu/.local/lib/python3.12/site-packages/airflow/example_dags/plugins/workday.py
[2025-01-28T06:17:00.365+0000] {processor.py:914} INFO - Processing file /home/ubuntu/.local/lib/python3.12/site-packages/airflow/example_dags/plugins/workday.py for tasks to queue
[2025-01-28T06:17:00.367+0000] {logging_mixin.py:190} INFO - [2025-01-28T06:17:00.367+0000] {dagbag.py:588} INFO - Filling up the DagBag from /home/ubuntu/.local/lib/python3.12/site-packages/airflow/example_dags/plugins/workday.py
[2025-01-28T06:17:00.369+0000] {processor.py:927} WARNING - No viable dags retrieved from /home/ubuntu/.local/lib/python3.12/site-packages/airflow/example_dags/plugins/workday.py
[2025-01-28T06:17:00.380+0000] {processor.py:208} INFO - Processing /home/ubuntu/.local/lib/python3.12/site-packages/airflow/example_dags/plugins/workday.py took 0.023 seconds
[2025-01-28T06:18:02.017+0000] {processor.py:186} INFO - Started process (PID=3427) to work on /home/ubuntu/.local/lib/python3.12/site-packages/airflow/example_dags/plugins/workday.py
[2025-01-28T06:18:02.020+0000] {processor.py:914} INFO - Processing file /home/ubuntu/.local/lib/python3.12/site-packages/airflow/example_dags/plugins/workday.py for tasks to queue
[2025-01-28T06:18:02.021+0000] {logging_mixin.py:190} INFO - [2025-01-28T06:18:02.021+0000] {dagbag.py:588} INFO - Filling up the DagBag from /home/ubuntu/.local/lib/python3.12/site-packages/airflow/example_dags/plugins/workday.py
[2025-01-28T06:18:02.024+0000] {processor.py:927} WARNING - No viable dags retrieved from /home/ubuntu/.local/lib/python3.12/site-packages/airflow/example_dags/plugins/workday.py
[2025-01-28T06:18:02.035+0000] {processor.py:208} INFO - Processing /home/ubuntu/.local/lib/python3.12/site-packages/airflow/example_dags/plugins/workday.py took 0.023 seconds
[2025-01-28T06:18:36.464+0000] {processor.py:186} INFO - Started process (PID=3499) to work on /home/ubuntu/.local/lib/python3.12/site-packages/airflow/example_dags/plugins/workday.py
[2025-01-28T06:18:36.466+0000] {processor.py:914} INFO - Processing file /home/ubuntu/.local/lib/python3.12/site-packages/airflow/example_dags/plugins/workday.py for tasks to queue
[2025-01-28T06:18:36.468+0000] {logging_mixin.py:190} INFO - [2025-01-28T06:18:36.467+0000] {dagbag.py:588} INFO - Filling up the DagBag from /home/ubuntu/.local/lib/python3.12/site-packages/airflow/example_dags/plugins/workday.py
[2025-01-28T06:18:36.470+0000] {processor.py:927} WARNING - No viable dags retrieved from /home/ubuntu/.local/lib/python3.12/site-packages/airflow/example_dags/plugins/workday.py
[2025-01-28T06:18:36.480+0000] {processor.py:208} INFO - Processing /home/ubuntu/.local/lib/python3.12/site-packages/airflow/example_dags/plugins/workday.py took 0.021 seconds
[2025-01-28T06:19:25.826+0000] {processor.py:186} INFO - Started process (PID=3551) to work on /home/ubuntu/.local/lib/python3.12/site-packages/airflow/example_dags/plugins/workday.py
[2025-01-28T06:19:25.827+0000] {processor.py:914} INFO - Processing file /home/ubuntu/.local/lib/python3.12/site-packages/airflow/example_dags/plugins/workday.py for tasks to queue
[2025-01-28T06:19:25.830+0000] {logging_mixin.py:190} INFO - [2025-01-28T06:19:25.830+0000] {dagbag.py:588} INFO - Filling up the DagBag from /home/ubuntu/.local/lib/python3.12/site-packages/airflow/example_dags/plugins/workday.py
[2025-01-28T06:19:25.832+0000] {processor.py:927} WARNING - No viable dags retrieved from /home/ubuntu/.local/lib/python3.12/site-packages/airflow/example_dags/plugins/workday.py
[2025-01-28T06:19:25.843+0000] {processor.py:208} INFO - Processing /home/ubuntu/.local/lib/python3.12/site-packages/airflow/example_dags/plugins/workday.py took 0.021 seconds
[2025-01-28T06:20:21.654+0000] {processor.py:186} INFO - Started process (PID=3614) to work on /home/ubuntu/.local/lib/python3.12/site-packages/airflow/example_dags/plugins/workday.py
[2025-01-28T06:20:21.655+0000] {processor.py:914} INFO - Processing file /home/ubuntu/.local/lib/python3.12/site-packages/airflow/example_dags/plugins/workday.py for tasks to queue
[2025-01-28T06:20:21.658+0000] {logging_mixin.py:190} INFO - [2025-01-28T06:20:21.657+0000] {dagbag.py:588} INFO - Filling up the DagBag from /home/ubuntu/.local/lib/python3.12/site-packages/airflow/example_dags/plugins/workday.py
[2025-01-28T06:20:21.660+0000] {processor.py:927} WARNING - No viable dags retrieved from /home/ubuntu/.local/lib/python3.12/site-packages/airflow/example_dags/plugins/workday.py
[2025-01-28T06:20:21.680+0000] {processor.py:208} INFO - Processing /home/ubuntu/.local/lib/python3.12/site-packages/airflow/example_dags/plugins/workday.py took 0.031 seconds
[2025-01-28T06:21:16.636+0000] {processor.py:186} INFO - Started process (PID=3772) to work on /home/ubuntu/.local/lib/python3.12/site-packages/airflow/example_dags/plugins/workday.py
[2025-01-28T06:21:16.637+0000] {processor.py:914} INFO - Processing file /home/ubuntu/.local/lib/python3.12/site-packages/airflow/example_dags/plugins/workday.py for tasks to queue
[2025-01-28T06:21:16.640+0000] {logging_mixin.py:190} INFO - [2025-01-28T06:21:16.639+0000] {dagbag.py:588} INFO - Filling up the DagBag from /home/ubuntu/.local/lib/python3.12/site-packages/airflow/example_dags/plugins/workday.py
[2025-01-28T06:21:16.643+0000] {processor.py:927} WARNING - No viable dags retrieved from /home/ubuntu/.local/lib/python3.12/site-packages/airflow/example_dags/plugins/workday.py
[2025-01-28T06:21:16.653+0000] {processor.py:208} INFO - Processing /home/ubuntu/.local/lib/python3.12/site-packages/airflow/example_dags/plugins/workday.py took 0.022 seconds
[2025-01-28T06:22:12.820+0000] {processor.py:186} INFO - Started process (PID=3871) to work on /home/ubuntu/.local/lib/python3.12/site-packages/airflow/example_dags/plugins/workday.py
[2025-01-28T06:22:12.823+0000] {processor.py:914} INFO - Processing file /home/ubuntu/.local/lib/python3.12/site-packages/airflow/example_dags/plugins/workday.py for tasks to queue
[2025-01-28T06:22:12.825+0000] {logging_mixin.py:190} INFO - [2025-01-28T06:22:12.824+0000] {dagbag.py:588} INFO - Filling up the DagBag from /home/ubuntu/.local/lib/python3.12/site-packages/airflow/example_dags/plugins/workday.py
[2025-01-28T06:22:12.827+0000] {processor.py:927} WARNING - No viable dags retrieved from /home/ubuntu/.local/lib/python3.12/site-packages/airflow/example_dags/plugins/workday.py
[2025-01-28T06:22:12.838+0000] {processor.py:208} INFO - Processing /home/ubuntu/.local/lib/python3.12/site-packages/airflow/example_dags/plugins/workday.py took 0.022 seconds
[2025-01-28T06:23:07.028+0000] {processor.py:186} INFO - Started process (PID=4262) to work on /home/ubuntu/.local/lib/python3.12/site-packages/airflow/example_dags/plugins/workday.py
[2025-01-28T06:23:07.030+0000] {processor.py:914} INFO - Processing file /home/ubuntu/.local/lib/python3.12/site-packages/airflow/example_dags/plugins/workday.py for tasks to queue
[2025-01-28T06:23:07.033+0000] {logging_mixin.py:190} INFO - [2025-01-28T06:23:07.033+0000] {dagbag.py:588} INFO - Filling up the DagBag from /home/ubuntu/.local/lib/python3.12/site-packages/airflow/example_dags/plugins/workday.py
[2025-01-28T06:23:07.036+0000] {processor.py:927} WARNING - No viable dags retrieved from /home/ubuntu/.local/lib/python3.12/site-packages/airflow/example_dags/plugins/workday.py
[2025-01-28T06:23:07.046+0000] {processor.py:208} INFO - Processing /home/ubuntu/.local/lib/python3.12/site-packages/airflow/example_dags/plugins/workday.py took 0.023 seconds
[2025-01-28T06:24:02.274+0000] {processor.py:186} INFO - Started process (PID=4498) to work on /home/ubuntu/.local/lib/python3.12/site-packages/airflow/example_dags/plugins/workday.py
[2025-01-28T06:24:02.276+0000] {processor.py:914} INFO - Processing file /home/ubuntu/.local/lib/python3.12/site-packages/airflow/example_dags/plugins/workday.py for tasks to queue
[2025-01-28T06:24:02.278+0000] {logging_mixin.py:190} INFO - [2025-01-28T06:24:02.277+0000] {dagbag.py:588} INFO - Filling up the DagBag from /home/ubuntu/.local/lib/python3.12/site-packages/airflow/example_dags/plugins/workday.py
[2025-01-28T06:24:02.280+0000] {processor.py:927} WARNING - No viable dags retrieved from /home/ubuntu/.local/lib/python3.12/site-packages/airflow/example_dags/plugins/workday.py
[2025-01-28T06:24:02.291+0000] {processor.py:208} INFO - Processing /home/ubuntu/.local/lib/python3.12/site-packages/airflow/example_dags/plugins/workday.py took 0.022 seconds
[2025-01-28T06:24:56.916+0000] {processor.py:186} INFO - Started process (PID=4888) to work on /home/ubuntu/.local/lib/python3.12/site-packages/airflow/example_dags/plugins/workday.py
[2025-01-28T06:24:56.917+0000] {processor.py:914} INFO - Processing file /home/ubuntu/.local/lib/python3.12/site-packages/airflow/example_dags/plugins/workday.py for tasks to queue
[2025-01-28T06:24:56.919+0000] {logging_mixin.py:190} INFO - [2025-01-28T06:24:56.918+0000] {dagbag.py:588} INFO - Filling up the DagBag from /home/ubuntu/.local/lib/python3.12/site-packages/airflow/example_dags/plugins/workday.py
[2025-01-28T06:24:56.922+0000] {processor.py:927} WARNING - No viable dags retrieved from /home/ubuntu/.local/lib/python3.12/site-packages/airflow/example_dags/plugins/workday.py
[2025-01-28T06:24:56.932+0000] {processor.py:208} INFO - Processing /home/ubuntu/.local/lib/python3.12/site-packages/airflow/example_dags/plugins/workday.py took 0.022 seconds
[2025-01-28T06:25:50.907+0000] {processor.py:186} INFO - Started process (PID=5044) to work on /home/ubuntu/.local/lib/python3.12/site-packages/airflow/example_dags/plugins/workday.py
[2025-01-28T06:25:50.909+0000] {processor.py:914} INFO - Processing file /home/ubuntu/.local/lib/python3.12/site-packages/airflow/example_dags/plugins/workday.py for tasks to queue
[2025-01-28T06:25:50.911+0000] {logging_mixin.py:190} INFO - [2025-01-28T06:25:50.910+0000] {dagbag.py:588} INFO - Filling up the DagBag from /home/ubuntu/.local/lib/python3.12/site-packages/airflow/example_dags/plugins/workday.py
[2025-01-28T06:25:50.913+0000] {processor.py:927} WARNING - No viable dags retrieved from /home/ubuntu/.local/lib/python3.12/site-packages/airflow/example_dags/plugins/workday.py
[2025-01-28T06:25:50.923+0000] {processor.py:208} INFO - Processing /home/ubuntu/.local/lib/python3.12/site-packages/airflow/example_dags/plugins/workday.py took 0.022 seconds
[2025-01-28T06:26:46.140+0000] {processor.py:186} INFO - Started process (PID=5183) to work on /home/ubuntu/.local/lib/python3.12/site-packages/airflow/example_dags/plugins/workday.py
[2025-01-28T06:26:46.141+0000] {processor.py:914} INFO - Processing file /home/ubuntu/.local/lib/python3.12/site-packages/airflow/example_dags/plugins/workday.py for tasks to queue
[2025-01-28T06:26:46.144+0000] {logging_mixin.py:190} INFO - [2025-01-28T06:26:46.144+0000] {dagbag.py:588} INFO - Filling up the DagBag from /home/ubuntu/.local/lib/python3.12/site-packages/airflow/example_dags/plugins/workday.py
[2025-01-28T06:26:46.147+0000] {processor.py:927} WARNING - No viable dags retrieved from /home/ubuntu/.local/lib/python3.12/site-packages/airflow/example_dags/plugins/workday.py
[2025-01-28T06:26:46.157+0000] {processor.py:208} INFO - Processing /home/ubuntu/.local/lib/python3.12/site-packages/airflow/example_dags/plugins/workday.py took 0.023 seconds
[2025-01-28T06:27:37.494+0000] {processor.py:186} INFO - Started process (PID=5238) to work on /home/ubuntu/.local/lib/python3.12/site-packages/airflow/example_dags/plugins/workday.py
[2025-01-28T06:27:37.495+0000] {processor.py:914} INFO - Processing file /home/ubuntu/.local/lib/python3.12/site-packages/airflow/example_dags/plugins/workday.py for tasks to queue
[2025-01-28T06:27:37.498+0000] {logging_mixin.py:190} INFO - [2025-01-28T06:27:37.497+0000] {dagbag.py:588} INFO - Filling up the DagBag from /home/ubuntu/.local/lib/python3.12/site-packages/airflow/example_dags/plugins/workday.py
[2025-01-28T06:27:37.501+0000] {processor.py:927} WARNING - No viable dags retrieved from /home/ubuntu/.local/lib/python3.12/site-packages/airflow/example_dags/plugins/workday.py
[2025-01-28T06:27:37.511+0000] {processor.py:208} INFO - Processing /home/ubuntu/.local/lib/python3.12/site-packages/airflow/example_dags/plugins/workday.py took 0.022 seconds
[2025-01-28T06:28:30.624+0000] {processor.py:186} INFO - Started process (PID=5397) to work on /home/ubuntu/.local/lib/python3.12/site-packages/airflow/example_dags/plugins/workday.py
[2025-01-28T06:28:30.626+0000] {processor.py:914} INFO - Processing file /home/ubuntu/.local/lib/python3.12/site-packages/airflow/example_dags/plugins/workday.py for tasks to queue
[2025-01-28T06:28:30.628+0000] {logging_mixin.py:190} INFO - [2025-01-28T06:28:30.627+0000] {dagbag.py:588} INFO - Filling up the DagBag from /home/ubuntu/.local/lib/python3.12/site-packages/airflow/example_dags/plugins/workday.py
[2025-01-28T06:28:30.631+0000] {processor.py:927} WARNING - No viable dags retrieved from /home/ubuntu/.local/lib/python3.12/site-packages/airflow/example_dags/plugins/workday.py
[2025-01-28T06:28:30.642+0000] {processor.py:208} INFO - Processing /home/ubuntu/.local/lib/python3.12/site-packages/airflow/example_dags/plugins/workday.py took 0.023 seconds
[2025-01-28T06:29:24.366+0000] {processor.py:186} INFO - Started process (PID=5567) to work on /home/ubuntu/.local/lib/python3.12/site-packages/airflow/example_dags/plugins/workday.py
[2025-01-28T06:29:24.367+0000] {processor.py:914} INFO - Processing file /home/ubuntu/.local/lib/python3.12/site-packages/airflow/example_dags/plugins/workday.py for tasks to queue
[2025-01-28T06:29:24.369+0000] {logging_mixin.py:190} INFO - [2025-01-28T06:29:24.369+0000] {dagbag.py:588} INFO - Filling up the DagBag from /home/ubuntu/.local/lib/python3.12/site-packages/airflow/example_dags/plugins/workday.py
[2025-01-28T06:29:24.372+0000] {processor.py:927} WARNING - No viable dags retrieved from /home/ubuntu/.local/lib/python3.12/site-packages/airflow/example_dags/plugins/workday.py
[2025-01-28T06:29:24.383+0000] {processor.py:208} INFO - Processing /home/ubuntu/.local/lib/python3.12/site-packages/airflow/example_dags/plugins/workday.py took 0.022 seconds
[2025-01-28T06:30:21.180+0000] {processor.py:186} INFO - Started process (PID=5629) to work on /home/ubuntu/.local/lib/python3.12/site-packages/airflow/example_dags/plugins/workday.py
[2025-01-28T06:30:21.182+0000] {processor.py:914} INFO - Processing file /home/ubuntu/.local/lib/python3.12/site-packages/airflow/example_dags/plugins/workday.py for tasks to queue
[2025-01-28T06:30:21.184+0000] {logging_mixin.py:190} INFO - [2025-01-28T06:30:21.184+0000] {dagbag.py:588} INFO - Filling up the DagBag from /home/ubuntu/.local/lib/python3.12/site-packages/airflow/example_dags/plugins/workday.py
[2025-01-28T06:30:21.187+0000] {processor.py:927} WARNING - No viable dags retrieved from /home/ubuntu/.local/lib/python3.12/site-packages/airflow/example_dags/plugins/workday.py
[2025-01-28T06:30:21.198+0000] {processor.py:208} INFO - Processing /home/ubuntu/.local/lib/python3.12/site-packages/airflow/example_dags/plugins/workday.py took 0.023 seconds
[2025-01-28T06:31:28.473+0000] {processor.py:186} INFO - Started process (PID=5747) to work on /home/ubuntu/.local/lib/python3.12/site-packages/airflow/example_dags/plugins/workday.py
[2025-01-28T06:31:28.476+0000] {processor.py:914} INFO - Processing file /home/ubuntu/.local/lib/python3.12/site-packages/airflow/example_dags/plugins/workday.py for tasks to queue
[2025-01-28T06:31:28.478+0000] {logging_mixin.py:190} INFO - [2025-01-28T06:31:28.478+0000] {dagbag.py:588} INFO - Filling up the DagBag from /home/ubuntu/.local/lib/python3.12/site-packages/airflow/example_dags/plugins/workday.py
[2025-01-28T06:31:28.481+0000] {processor.py:927} WARNING - No viable dags retrieved from /home/ubuntu/.local/lib/python3.12/site-packages/airflow/example_dags/plugins/workday.py
[2025-01-28T06:31:28.491+0000] {processor.py:208} INFO - Processing /home/ubuntu/.local/lib/python3.12/site-packages/airflow/example_dags/plugins/workday.py took 0.023 seconds
[2025-01-28T06:32:10.838+0000] {processor.py:186} INFO - Started process (PID=5791) to work on /home/ubuntu/.local/lib/python3.12/site-packages/airflow/example_dags/plugins/workday.py
[2025-01-28T06:32:10.839+0000] {processor.py:914} INFO - Processing file /home/ubuntu/.local/lib/python3.12/site-packages/airflow/example_dags/plugins/workday.py for tasks to queue
[2025-01-28T06:32:10.842+0000] {logging_mixin.py:190} INFO - [2025-01-28T06:32:10.842+0000] {dagbag.py:588} INFO - Filling up the DagBag from /home/ubuntu/.local/lib/python3.12/site-packages/airflow/example_dags/plugins/workday.py
[2025-01-28T06:32:10.844+0000] {processor.py:927} WARNING - No viable dags retrieved from /home/ubuntu/.local/lib/python3.12/site-packages/airflow/example_dags/plugins/workday.py
[2025-01-28T06:32:10.854+0000] {processor.py:208} INFO - Processing /home/ubuntu/.local/lib/python3.12/site-packages/airflow/example_dags/plugins/workday.py took 0.022 seconds
[2025-01-28T06:33:05.463+0000] {processor.py:186} INFO - Started process (PID=5847) to work on /home/ubuntu/.local/lib/python3.12/site-packages/airflow/example_dags/plugins/workday.py
[2025-01-28T06:33:05.465+0000] {processor.py:914} INFO - Processing file /home/ubuntu/.local/lib/python3.12/site-packages/airflow/example_dags/plugins/workday.py for tasks to queue
[2025-01-28T06:33:05.467+0000] {logging_mixin.py:190} INFO - [2025-01-28T06:33:05.466+0000] {dagbag.py:588} INFO - Filling up the DagBag from /home/ubuntu/.local/lib/python3.12/site-packages/airflow/example_dags/plugins/workday.py
[2025-01-28T06:33:05.470+0000] {processor.py:927} WARNING - No viable dags retrieved from /home/ubuntu/.local/lib/python3.12/site-packages/airflow/example_dags/plugins/workday.py
[2025-01-28T06:33:05.480+0000] {processor.py:208} INFO - Processing /home/ubuntu/.local/lib/python3.12/site-packages/airflow/example_dags/plugins/workday.py took 0.023 seconds
[2025-01-28T06:34:06.227+0000] {processor.py:186} INFO - Started process (PID=5913) to work on /home/ubuntu/.local/lib/python3.12/site-packages/airflow/example_dags/plugins/workday.py
[2025-01-28T06:34:06.229+0000] {processor.py:914} INFO - Processing file /home/ubuntu/.local/lib/python3.12/site-packages/airflow/example_dags/plugins/workday.py for tasks to queue
[2025-01-28T06:34:06.231+0000] {logging_mixin.py:190} INFO - [2025-01-28T06:34:06.231+0000] {dagbag.py:588} INFO - Filling up the DagBag from /home/ubuntu/.local/lib/python3.12/site-packages/airflow/example_dags/plugins/workday.py
[2025-01-28T06:34:06.233+0000] {processor.py:927} WARNING - No viable dags retrieved from /home/ubuntu/.local/lib/python3.12/site-packages/airflow/example_dags/plugins/workday.py
[2025-01-28T06:34:06.244+0000] {processor.py:208} INFO - Processing /home/ubuntu/.local/lib/python3.12/site-packages/airflow/example_dags/plugins/workday.py took 0.022 seconds
[2025-01-28T06:35:02.542+0000] {processor.py:186} INFO - Started process (PID=5973) to work on /home/ubuntu/.local/lib/python3.12/site-packages/airflow/example_dags/plugins/workday.py
[2025-01-28T06:35:02.544+0000] {processor.py:914} INFO - Processing file /home/ubuntu/.local/lib/python3.12/site-packages/airflow/example_dags/plugins/workday.py for tasks to queue
[2025-01-28T06:35:02.546+0000] {logging_mixin.py:190} INFO - [2025-01-28T06:35:02.546+0000] {dagbag.py:588} INFO - Filling up the DagBag from /home/ubuntu/.local/lib/python3.12/site-packages/airflow/example_dags/plugins/workday.py
[2025-01-28T06:35:02.549+0000] {processor.py:927} WARNING - No viable dags retrieved from /home/ubuntu/.local/lib/python3.12/site-packages/airflow/example_dags/plugins/workday.py
[2025-01-28T06:35:02.560+0000] {processor.py:208} INFO - Processing /home/ubuntu/.local/lib/python3.12/site-packages/airflow/example_dags/plugins/workday.py took 0.023 seconds
[2025-01-28T06:35:55.639+0000] {processor.py:186} INFO - Started process (PID=6029) to work on /home/ubuntu/.local/lib/python3.12/site-packages/airflow/example_dags/plugins/workday.py
[2025-01-28T06:35:55.641+0000] {processor.py:914} INFO - Processing file /home/ubuntu/.local/lib/python3.12/site-packages/airflow/example_dags/plugins/workday.py for tasks to queue
[2025-01-28T06:35:55.643+0000] {logging_mixin.py:190} INFO - [2025-01-28T06:35:55.642+0000] {dagbag.py:588} INFO - Filling up the DagBag from /home/ubuntu/.local/lib/python3.12/site-packages/airflow/example_dags/plugins/workday.py
[2025-01-28T06:35:55.646+0000] {processor.py:927} WARNING - No viable dags retrieved from /home/ubuntu/.local/lib/python3.12/site-packages/airflow/example_dags/plugins/workday.py
[2025-01-28T06:35:55.662+0000] {processor.py:208} INFO - Processing /home/ubuntu/.local/lib/python3.12/site-packages/airflow/example_dags/plugins/workday.py took 0.029 seconds
[2025-01-28T06:36:47.006+0000] {processor.py:186} INFO - Started process (PID=6082) to work on /home/ubuntu/.local/lib/python3.12/site-packages/airflow/example_dags/plugins/workday.py
[2025-01-28T06:36:47.008+0000] {processor.py:914} INFO - Processing file /home/ubuntu/.local/lib/python3.12/site-packages/airflow/example_dags/plugins/workday.py for tasks to queue
[2025-01-28T06:36:47.010+0000] {logging_mixin.py:190} INFO - [2025-01-28T06:36:47.009+0000] {dagbag.py:588} INFO - Filling up the DagBag from /home/ubuntu/.local/lib/python3.12/site-packages/airflow/example_dags/plugins/workday.py
[2025-01-28T06:36:47.013+0000] {processor.py:927} WARNING - No viable dags retrieved from /home/ubuntu/.local/lib/python3.12/site-packages/airflow/example_dags/plugins/workday.py
[2025-01-28T06:36:47.024+0000] {processor.py:208} INFO - Processing /home/ubuntu/.local/lib/python3.12/site-packages/airflow/example_dags/plugins/workday.py took 0.023 seconds
[2025-01-28T06:37:40.488+0000] {processor.py:186} INFO - Started process (PID=6136) to work on /home/ubuntu/.local/lib/python3.12/site-packages/airflow/example_dags/plugins/workday.py
[2025-01-28T06:37:40.489+0000] {processor.py:914} INFO - Processing file /home/ubuntu/.local/lib/python3.12/site-packages/airflow/example_dags/plugins/workday.py for tasks to queue
[2025-01-28T06:37:40.492+0000] {logging_mixin.py:190} INFO - [2025-01-28T06:37:40.491+0000] {dagbag.py:588} INFO - Filling up the DagBag from /home/ubuntu/.local/lib/python3.12/site-packages/airflow/example_dags/plugins/workday.py
[2025-01-28T06:37:40.494+0000] {processor.py:927} WARNING - No viable dags retrieved from /home/ubuntu/.local/lib/python3.12/site-packages/airflow/example_dags/plugins/workday.py
[2025-01-28T06:37:40.504+0000] {processor.py:208} INFO - Processing /home/ubuntu/.local/lib/python3.12/site-packages/airflow/example_dags/plugins/workday.py took 0.022 seconds
[2025-01-28T06:38:33.564+0000] {processor.py:186} INFO - Started process (PID=6193) to work on /home/ubuntu/.local/lib/python3.12/site-packages/airflow/example_dags/plugins/workday.py
[2025-01-28T06:38:33.566+0000] {processor.py:914} INFO - Processing file /home/ubuntu/.local/lib/python3.12/site-packages/airflow/example_dags/plugins/workday.py for tasks to queue
[2025-01-28T06:38:33.568+0000] {logging_mixin.py:190} INFO - [2025-01-28T06:38:33.568+0000] {dagbag.py:588} INFO - Filling up the DagBag from /home/ubuntu/.local/lib/python3.12/site-packages/airflow/example_dags/plugins/workday.py
[2025-01-28T06:38:33.570+0000] {processor.py:927} WARNING - No viable dags retrieved from /home/ubuntu/.local/lib/python3.12/site-packages/airflow/example_dags/plugins/workday.py
[2025-01-28T06:38:33.580+0000] {processor.py:208} INFO - Processing /home/ubuntu/.local/lib/python3.12/site-packages/airflow/example_dags/plugins/workday.py took 0.022 seconds
[2025-01-28T06:39:30.418+0000] {processor.py:186} INFO - Started process (PID=6250) to work on /home/ubuntu/.local/lib/python3.12/site-packages/airflow/example_dags/plugins/workday.py
[2025-01-28T06:39:30.420+0000] {processor.py:914} INFO - Processing file /home/ubuntu/.local/lib/python3.12/site-packages/airflow/example_dags/plugins/workday.py for tasks to queue
[2025-01-28T06:39:30.421+0000] {logging_mixin.py:190} INFO - [2025-01-28T06:39:30.421+0000] {dagbag.py:588} INFO - Filling up the DagBag from /home/ubuntu/.local/lib/python3.12/site-packages/airflow/example_dags/plugins/workday.py
[2025-01-28T06:39:30.425+0000] {processor.py:927} WARNING - No viable dags retrieved from /home/ubuntu/.local/lib/python3.12/site-packages/airflow/example_dags/plugins/workday.py
[2025-01-28T06:39:30.435+0000] {processor.py:208} INFO - Processing /home/ubuntu/.local/lib/python3.12/site-packages/airflow/example_dags/plugins/workday.py took 0.022 seconds
[2025-01-28T06:40:27.098+0000] {processor.py:186} INFO - Started process (PID=6312) to work on /home/ubuntu/.local/lib/python3.12/site-packages/airflow/example_dags/plugins/workday.py
[2025-01-28T06:40:27.100+0000] {processor.py:914} INFO - Processing file /home/ubuntu/.local/lib/python3.12/site-packages/airflow/example_dags/plugins/workday.py for tasks to queue
[2025-01-28T06:40:27.102+0000] {logging_mixin.py:190} INFO - [2025-01-28T06:40:27.101+0000] {dagbag.py:588} INFO - Filling up the DagBag from /home/ubuntu/.local/lib/python3.12/site-packages/airflow/example_dags/plugins/workday.py
[2025-01-28T06:40:27.105+0000] {processor.py:927} WARNING - No viable dags retrieved from /home/ubuntu/.local/lib/python3.12/site-packages/airflow/example_dags/plugins/workday.py
[2025-01-28T06:40:27.115+0000] {processor.py:208} INFO - Processing /home/ubuntu/.local/lib/python3.12/site-packages/airflow/example_dags/plugins/workday.py took 0.023 seconds
[2025-01-28T06:41:27.081+0000] {processor.py:186} INFO - Started process (PID=6489) to work on /home/ubuntu/.local/lib/python3.12/site-packages/airflow/example_dags/plugins/workday.py
[2025-01-28T06:41:27.082+0000] {processor.py:914} INFO - Processing file /home/ubuntu/.local/lib/python3.12/site-packages/airflow/example_dags/plugins/workday.py for tasks to queue
[2025-01-28T06:41:27.085+0000] {logging_mixin.py:190} INFO - [2025-01-28T06:41:27.084+0000] {dagbag.py:588} INFO - Filling up the DagBag from /home/ubuntu/.local/lib/python3.12/site-packages/airflow/example_dags/plugins/workday.py
[2025-01-28T06:41:27.087+0000] {processor.py:927} WARNING - No viable dags retrieved from /home/ubuntu/.local/lib/python3.12/site-packages/airflow/example_dags/plugins/workday.py
[2025-01-28T06:41:27.097+0000] {processor.py:208} INFO - Processing /home/ubuntu/.local/lib/python3.12/site-packages/airflow/example_dags/plugins/workday.py took 0.020 seconds
[2025-01-28T06:41:59.972+0000] {processor.py:186} INFO - Started process (PID=6537) to work on /home/ubuntu/.local/lib/python3.12/site-packages/airflow/example_dags/plugins/workday.py
[2025-01-28T06:41:59.973+0000] {processor.py:914} INFO - Processing file /home/ubuntu/.local/lib/python3.12/site-packages/airflow/example_dags/plugins/workday.py for tasks to queue
[2025-01-28T06:41:59.976+0000] {logging_mixin.py:190} INFO - [2025-01-28T06:41:59.975+0000] {dagbag.py:588} INFO - Filling up the DagBag from /home/ubuntu/.local/lib/python3.12/site-packages/airflow/example_dags/plugins/workday.py
[2025-01-28T06:41:59.978+0000] {processor.py:927} WARNING - No viable dags retrieved from /home/ubuntu/.local/lib/python3.12/site-packages/airflow/example_dags/plugins/workday.py
[2025-01-28T06:41:59.988+0000] {processor.py:208} INFO - Processing /home/ubuntu/.local/lib/python3.12/site-packages/airflow/example_dags/plugins/workday.py took 0.021 seconds
[2025-01-28T06:42:58.053+0000] {processor.py:186} INFO - Started process (PID=6595) to work on /home/ubuntu/.local/lib/python3.12/site-packages/airflow/example_dags/plugins/workday.py
[2025-01-28T06:42:58.054+0000] {processor.py:914} INFO - Processing file /home/ubuntu/.local/lib/python3.12/site-packages/airflow/example_dags/plugins/workday.py for tasks to queue
[2025-01-28T06:42:58.057+0000] {logging_mixin.py:190} INFO - [2025-01-28T06:42:58.056+0000] {dagbag.py:588} INFO - Filling up the DagBag from /home/ubuntu/.local/lib/python3.12/site-packages/airflow/example_dags/plugins/workday.py
[2025-01-28T06:42:58.060+0000] {processor.py:927} WARNING - No viable dags retrieved from /home/ubuntu/.local/lib/python3.12/site-packages/airflow/example_dags/plugins/workday.py
[2025-01-28T06:42:58.070+0000] {processor.py:208} INFO - Processing /home/ubuntu/.local/lib/python3.12/site-packages/airflow/example_dags/plugins/workday.py took 0.024 seconds
[2025-01-28T06:43:58.349+0000] {processor.py:186} INFO - Started process (PID=6652) to work on /home/ubuntu/.local/lib/python3.12/site-packages/airflow/example_dags/plugins/workday.py
[2025-01-28T06:43:58.350+0000] {processor.py:914} INFO - Processing file /home/ubuntu/.local/lib/python3.12/site-packages/airflow/example_dags/plugins/workday.py for tasks to queue
[2025-01-28T06:43:58.353+0000] {logging_mixin.py:190} INFO - [2025-01-28T06:43:58.352+0000] {dagbag.py:588} INFO - Filling up the DagBag from /home/ubuntu/.local/lib/python3.12/site-packages/airflow/example_dags/plugins/workday.py
[2025-01-28T06:43:58.355+0000] {processor.py:927} WARNING - No viable dags retrieved from /home/ubuntu/.local/lib/python3.12/site-packages/airflow/example_dags/plugins/workday.py
[2025-01-28T06:43:58.365+0000] {processor.py:208} INFO - Processing /home/ubuntu/.local/lib/python3.12/site-packages/airflow/example_dags/plugins/workday.py took 0.022 seconds
[2025-01-28T06:44:33.634+0000] {processor.py:186} INFO - Started process (PID=6686) to work on /home/ubuntu/.local/lib/python3.12/site-packages/airflow/example_dags/plugins/workday.py
[2025-01-28T06:44:33.636+0000] {processor.py:914} INFO - Processing file /home/ubuntu/.local/lib/python3.12/site-packages/airflow/example_dags/plugins/workday.py for tasks to queue
[2025-01-28T06:44:33.638+0000] {logging_mixin.py:190} INFO - [2025-01-28T06:44:33.637+0000] {dagbag.py:588} INFO - Filling up the DagBag from /home/ubuntu/.local/lib/python3.12/site-packages/airflow/example_dags/plugins/workday.py
[2025-01-28T06:44:33.640+0000] {processor.py:927} WARNING - No viable dags retrieved from /home/ubuntu/.local/lib/python3.12/site-packages/airflow/example_dags/plugins/workday.py
[2025-01-28T06:44:33.650+0000] {processor.py:208} INFO - Processing /home/ubuntu/.local/lib/python3.12/site-packages/airflow/example_dags/plugins/workday.py took 0.021 seconds
[2025-01-28T06:45:07.760+0000] {processor.py:186} INFO - Started process (PID=6719) to work on /home/ubuntu/.local/lib/python3.12/site-packages/airflow/example_dags/plugins/workday.py
[2025-01-28T06:45:07.762+0000] {processor.py:914} INFO - Processing file /home/ubuntu/.local/lib/python3.12/site-packages/airflow/example_dags/plugins/workday.py for tasks to queue
[2025-01-28T06:45:07.765+0000] {logging_mixin.py:190} INFO - [2025-01-28T06:45:07.764+0000] {dagbag.py:588} INFO - Filling up the DagBag from /home/ubuntu/.local/lib/python3.12/site-packages/airflow/example_dags/plugins/workday.py
[2025-01-28T06:45:07.768+0000] {processor.py:927} WARNING - No viable dags retrieved from /home/ubuntu/.local/lib/python3.12/site-packages/airflow/example_dags/plugins/workday.py
[2025-01-28T06:45:07.778+0000] {processor.py:208} INFO - Processing /home/ubuntu/.local/lib/python3.12/site-packages/airflow/example_dags/plugins/workday.py took 0.024 seconds
[2025-01-28T06:46:03.122+0000] {processor.py:186} INFO - Started process (PID=6909) to work on /home/ubuntu/.local/lib/python3.12/site-packages/airflow/example_dags/plugins/workday.py
[2025-01-28T06:46:03.124+0000] {processor.py:914} INFO - Processing file /home/ubuntu/.local/lib/python3.12/site-packages/airflow/example_dags/plugins/workday.py for tasks to queue
[2025-01-28T06:46:03.126+0000] {logging_mixin.py:190} INFO - [2025-01-28T06:46:03.126+0000] {dagbag.py:588} INFO - Filling up the DagBag from /home/ubuntu/.local/lib/python3.12/site-packages/airflow/example_dags/plugins/workday.py
[2025-01-28T06:46:03.129+0000] {processor.py:927} WARNING - No viable dags retrieved from /home/ubuntu/.local/lib/python3.12/site-packages/airflow/example_dags/plugins/workday.py
[2025-01-28T06:46:03.140+0000] {processor.py:208} INFO - Processing /home/ubuntu/.local/lib/python3.12/site-packages/airflow/example_dags/plugins/workday.py took 0.023 seconds
[2025-01-28T06:46:55.256+0000] {processor.py:186} INFO - Started process (PID=7054) to work on /home/ubuntu/.local/lib/python3.12/site-packages/airflow/example_dags/plugins/workday.py
[2025-01-28T06:46:55.257+0000] {processor.py:914} INFO - Processing file /home/ubuntu/.local/lib/python3.12/site-packages/airflow/example_dags/plugins/workday.py for tasks to queue
[2025-01-28T06:46:55.260+0000] {logging_mixin.py:190} INFO - [2025-01-28T06:46:55.259+0000] {dagbag.py:588} INFO - Filling up the DagBag from /home/ubuntu/.local/lib/python3.12/site-packages/airflow/example_dags/plugins/workday.py
[2025-01-28T06:46:55.263+0000] {processor.py:927} WARNING - No viable dags retrieved from /home/ubuntu/.local/lib/python3.12/site-packages/airflow/example_dags/plugins/workday.py
[2025-01-28T06:46:55.272+0000] {processor.py:208} INFO - Processing /home/ubuntu/.local/lib/python3.12/site-packages/airflow/example_dags/plugins/workday.py took 0.022 seconds
