[2025-01-28T06:03:48.044+0000] {local_task_job_runner.py:123} INFO - ::group::Pre task execution logs
[2025-01-28T06:03:48.056+0000] {taskinstance.py:2613} INFO - Dependencies all met for dep_context=non-requeueable deps ti=<TaskInstance: weather_dag.extract_weather_data scheduled__2025-01-27T00:00:00+00:00 [queued]>
[2025-01-28T06:03:48.063+0000] {taskinstance.py:2613} INFO - Dependencies all met for dep_context=requeueable deps ti=<TaskInstance: weather_dag.extract_weather_data scheduled__2025-01-27T00:00:00+00:00 [queued]>
[2025-01-28T06:03:48.063+0000] {taskinstance.py:2866} INFO - Starting attempt 1 of 3
[2025-01-28T06:03:48.080+0000] {taskinstance.py:2889} INFO - Executing <Task(HttpOperator): extract_weather_data> on 2025-01-27 00:00:00+00:00
[2025-01-28T06:03:48.083+0000] {standard_task_runner.py:72} INFO - Started process 2486 to run task
[2025-01-28T06:03:48.090+0000] {standard_task_runner.py:104} INFO - Running: ['airflow', 'tasks', 'run', 'weather_dag', 'extract_weather_data', 'scheduled__2025-01-27T00:00:00+00:00', '--job-id', '11', '--raw', '--subdir', '/home/ubuntu/airflow/dags/weather_dag.py', '--cfg-path', '/tmp/tmpnq9n54cx']
[2025-01-28T06:03:48.091+0000] {standard_task_runner.py:105} INFO - Job 11: Subtask extract_weather_data
[2025-01-28T06:03:48.129+0000] {task_command.py:467} INFO - Running <TaskInstance: weather_dag.extract_weather_data scheduled__2025-01-27T00:00:00+00:00 [running]> on host ip-172-31-38-205.ap-southeast-2.compute.internal
[2025-01-28T06:03:48.316+0000] {taskinstance.py:3132} INFO - Exporting env vars: AIRFLOW_CTX_DAG_EMAIL='trinhminhquan2810@gmail.com' AIRFLOW_CTX_DAG_OWNER='airflow' AIRFLOW_CTX_DAG_ID='weather_dag' AIRFLOW_CTX_TASK_ID='extract_weather_data' AIRFLOW_CTX_EXECUTION_DATE='2025-01-27T00:00:00+00:00' AIRFLOW_CTX_TRY_NUMBER='1' AIRFLOW_CTX_DAG_RUN_ID='scheduled__2025-01-27T00:00:00+00:00'
[2025-01-28T06:03:48.317+0000] {logging_mixin.py:190} INFO - Task instance is in running state
[2025-01-28T06:03:48.317+0000] {logging_mixin.py:190} INFO -  Previous state of the Task instance: queued
[2025-01-28T06:03:48.317+0000] {logging_mixin.py:190} INFO - Current task name:extract_weather_data state:running start_date:2025-01-28 06:03:48.056751+00:00
[2025-01-28T06:03:48.318+0000] {logging_mixin.py:190} INFO - Dag name:weather_dag and current dag run status:running
[2025-01-28T06:03:48.318+0000] {taskinstance.py:731} INFO - ::endgroup::
[2025-01-28T06:03:48.319+0000] {http.py:175} INFO - Calling HTTP method
[2025-01-28T06:03:48.322+0000] {base.py:84} INFO - Retrieving connection 'weathermap_api'
[2025-01-28T06:03:48.325+0000] {base.py:84} INFO - Retrieving connection 'weathermap_api'
[2025-01-28T06:03:48.514+0000] {http.py:236} INFO - {"coord":{"lon":115.8333,"lat":-31.9333},"weather":[{"id":800,"main":"Clear","description":"clear sky","icon":"01d"}],"base":"stations","main":{"temp":308.96,"feels_like":307.42,"temp_min":307.59,"temp_max":310.38,"pressure":1015,"humidity":22,"sea_level":1015,"grnd_level":1012},"visibility":10000,"wind":{"speed":5.14,"deg":120},"clouds":{"all":0},"dt":1738044007,"sys":{"type":2,"id":63154,"country":"AU","sunrise":1738013871,"sunset":1738063264},"timezone":28800,"id":2063523,"name":"Perth","cod":200}
[2025-01-28T06:03:48.531+0000] {taskinstance.py:340} INFO - ::group::Post task execution logs
[2025-01-28T06:03:48.531+0000] {taskinstance.py:352} INFO - Marking task as SUCCESS. dag_id=weather_dag, task_id=extract_weather_data, run_id=scheduled__2025-01-27T00:00:00+00:00, execution_date=20250127T000000, start_date=20250128T060348, end_date=20250128T060348
[2025-01-28T06:03:48.543+0000] {logging_mixin.py:190} INFO - Task instance in success state
[2025-01-28T06:03:48.543+0000] {logging_mixin.py:190} INFO -  Previous state of the Task instance: running
[2025-01-28T06:03:48.544+0000] {logging_mixin.py:190} INFO - Dag name:weather_dag queued_at:2025-01-28 06:03:35.904746+00:00
[2025-01-28T06:03:48.544+0000] {logging_mixin.py:190} INFO - Task hostname:ip-172-31-38-205.ap-southeast-2.compute.internal operator:HttpOperator
[2025-01-28T06:03:48.585+0000] {local_task_job_runner.py:266} INFO - Task exited with return code 0
[2025-01-28T06:03:48.599+0000] {taskinstance.py:3895} INFO - 1 downstream tasks scheduled from follow-on schedule check
[2025-01-28T06:03:48.607+0000] {local_task_job_runner.py:245} INFO - ::endgroup::
